[2023-12-01T22:13:43.165+0000] {processor.py:157} INFO - Started process (PID=77) to work on /home/airflow/.local/lib/python3.8/site-packages/airflow/example_dags/example_branch_day_of_week_operator.py
[2023-12-01T22:13:43.166+0000] {processor.py:829} INFO - Processing file /home/airflow/.local/lib/python3.8/site-packages/airflow/example_dags/example_branch_day_of_week_operator.py for tasks to queue
[2023-12-01T22:13:43.167+0000] {logging_mixin.py:154} INFO - [2023-12-01T22:13:43.167+0000] {dagbag.py:536} INFO - Filling up the DagBag from /home/airflow/.local/lib/python3.8/site-packages/airflow/example_dags/example_branch_day_of_week_operator.py
[2023-12-01T22:13:43.175+0000] {processor.py:839} INFO - DAG(s) dict_keys(['example_weekday_branch_operator']) retrieved from /home/airflow/.local/lib/python3.8/site-packages/airflow/example_dags/example_branch_day_of_week_operator.py
[2023-12-01T22:13:43.200+0000] {logging_mixin.py:154} INFO - [2023-12-01T22:13:43.200+0000] {dag.py:2941} INFO - Sync 1 DAGs
[2023-12-01T22:13:43.221+0000] {logging_mixin.py:154} INFO - [2023-12-01T22:13:43.221+0000] {dag.py:3722} INFO - Setting next_dagrun for example_weekday_branch_operator to 2023-11-30T00:00:00+00:00, run_after=2023-12-01T00:00:00+00:00
[2023-12-01T22:13:43.236+0000] {processor.py:179} INFO - Processing /home/airflow/.local/lib/python3.8/site-packages/airflow/example_dags/example_branch_day_of_week_operator.py took 0.074 seconds
[2023-12-01T22:19:42.299+0000] {processor.py:157} INFO - Started process (PID=75) to work on /home/airflow/.local/lib/python3.8/site-packages/airflow/example_dags/example_branch_day_of_week_operator.py
[2023-12-01T22:19:42.300+0000] {processor.py:829} INFO - Processing file /home/airflow/.local/lib/python3.8/site-packages/airflow/example_dags/example_branch_day_of_week_operator.py for tasks to queue
[2023-12-01T22:19:42.303+0000] {logging_mixin.py:154} INFO - [2023-12-01T22:19:42.302+0000] {dagbag.py:536} INFO - Filling up the DagBag from /home/airflow/.local/lib/python3.8/site-packages/airflow/example_dags/example_branch_day_of_week_operator.py
[2023-12-01T22:19:42.315+0000] {processor.py:839} INFO - DAG(s) dict_keys(['example_weekday_branch_operator']) retrieved from /home/airflow/.local/lib/python3.8/site-packages/airflow/example_dags/example_branch_day_of_week_operator.py
[2023-12-01T22:19:42.342+0000] {logging_mixin.py:154} INFO - [2023-12-01T22:19:42.341+0000] {dag.py:2941} INFO - Sync 1 DAGs
[2023-12-01T22:19:42.375+0000] {logging_mixin.py:154} INFO - [2023-12-01T22:19:42.375+0000] {dag.py:3722} INFO - Setting next_dagrun for example_weekday_branch_operator to 2023-11-30T00:00:00+00:00, run_after=2023-12-01T00:00:00+00:00
[2023-12-01T22:19:42.394+0000] {processor.py:179} INFO - Processing /home/airflow/.local/lib/python3.8/site-packages/airflow/example_dags/example_branch_day_of_week_operator.py took 0.098 seconds
[2023-12-01T22:21:23.303+0000] {processor.py:157} INFO - Started process (PID=76) to work on /home/airflow/.local/lib/python3.8/site-packages/airflow/example_dags/example_branch_day_of_week_operator.py
[2023-12-01T22:21:23.304+0000] {processor.py:829} INFO - Processing file /home/airflow/.local/lib/python3.8/site-packages/airflow/example_dags/example_branch_day_of_week_operator.py for tasks to queue
[2023-12-01T22:21:23.305+0000] {logging_mixin.py:154} INFO - [2023-12-01T22:21:23.305+0000] {dagbag.py:536} INFO - Filling up the DagBag from /home/airflow/.local/lib/python3.8/site-packages/airflow/example_dags/example_branch_day_of_week_operator.py
[2023-12-01T22:21:23.313+0000] {processor.py:839} INFO - DAG(s) dict_keys(['example_weekday_branch_operator']) retrieved from /home/airflow/.local/lib/python3.8/site-packages/airflow/example_dags/example_branch_day_of_week_operator.py
[2023-12-01T22:21:23.324+0000] {logging_mixin.py:154} INFO - [2023-12-01T22:21:23.324+0000] {dag.py:2941} INFO - Sync 1 DAGs
[2023-12-01T22:21:23.351+0000] {logging_mixin.py:154} INFO - [2023-12-01T22:21:23.351+0000] {dag.py:3722} INFO - Setting next_dagrun for example_weekday_branch_operator to 2023-11-30T00:00:00+00:00, run_after=2023-12-01T00:00:00+00:00
[2023-12-01T22:21:23.368+0000] {processor.py:179} INFO - Processing /home/airflow/.local/lib/python3.8/site-packages/airflow/example_dags/example_branch_day_of_week_operator.py took 0.067 seconds
[2023-12-01T22:21:53.847+0000] {processor.py:157} INFO - Started process (PID=131) to work on /home/airflow/.local/lib/python3.8/site-packages/airflow/example_dags/example_branch_day_of_week_operator.py
[2023-12-01T22:21:53.847+0000] {processor.py:829} INFO - Processing file /home/airflow/.local/lib/python3.8/site-packages/airflow/example_dags/example_branch_day_of_week_operator.py for tasks to queue
[2023-12-01T22:21:53.849+0000] {logging_mixin.py:154} INFO - [2023-12-01T22:21:53.849+0000] {dagbag.py:536} INFO - Filling up the DagBag from /home/airflow/.local/lib/python3.8/site-packages/airflow/example_dags/example_branch_day_of_week_operator.py
[2023-12-01T22:21:53.855+0000] {processor.py:839} INFO - DAG(s) dict_keys(['example_weekday_branch_operator']) retrieved from /home/airflow/.local/lib/python3.8/site-packages/airflow/example_dags/example_branch_day_of_week_operator.py
[2023-12-01T22:21:53.871+0000] {logging_mixin.py:154} INFO - [2023-12-01T22:21:53.871+0000] {dag.py:2941} INFO - Sync 1 DAGs
[2023-12-01T22:21:53.892+0000] {logging_mixin.py:154} INFO - [2023-12-01T22:21:53.892+0000] {dag.py:3722} INFO - Setting next_dagrun for example_weekday_branch_operator to 2023-11-30T00:00:00+00:00, run_after=2023-12-01T00:00:00+00:00
[2023-12-01T22:21:53.907+0000] {processor.py:179} INFO - Processing /home/airflow/.local/lib/python3.8/site-packages/airflow/example_dags/example_branch_day_of_week_operator.py took 0.062 seconds
[2023-12-01T22:22:23.953+0000] {processor.py:157} INFO - Started process (PID=185) to work on /home/airflow/.local/lib/python3.8/site-packages/airflow/example_dags/example_branch_day_of_week_operator.py
[2023-12-01T22:22:23.954+0000] {processor.py:829} INFO - Processing file /home/airflow/.local/lib/python3.8/site-packages/airflow/example_dags/example_branch_day_of_week_operator.py for tasks to queue
[2023-12-01T22:22:23.956+0000] {logging_mixin.py:154} INFO - [2023-12-01T22:22:23.956+0000] {dagbag.py:536} INFO - Filling up the DagBag from /home/airflow/.local/lib/python3.8/site-packages/airflow/example_dags/example_branch_day_of_week_operator.py
[2023-12-01T22:22:23.961+0000] {processor.py:839} INFO - DAG(s) dict_keys(['example_weekday_branch_operator']) retrieved from /home/airflow/.local/lib/python3.8/site-packages/airflow/example_dags/example_branch_day_of_week_operator.py
[2023-12-01T22:22:23.981+0000] {logging_mixin.py:154} INFO - [2023-12-01T22:22:23.981+0000] {dag.py:2941} INFO - Sync 1 DAGs
[2023-12-01T22:22:24.002+0000] {logging_mixin.py:154} INFO - [2023-12-01T22:22:24.002+0000] {dag.py:3722} INFO - Setting next_dagrun for example_weekday_branch_operator to 2023-11-30T00:00:00+00:00, run_after=2023-12-01T00:00:00+00:00
[2023-12-01T22:22:24.019+0000] {processor.py:179} INFO - Processing /home/airflow/.local/lib/python3.8/site-packages/airflow/example_dags/example_branch_day_of_week_operator.py took 0.068 seconds
[2023-12-01T22:22:54.095+0000] {processor.py:157} INFO - Started process (PID=239) to work on /home/airflow/.local/lib/python3.8/site-packages/airflow/example_dags/example_branch_day_of_week_operator.py
[2023-12-01T22:22:54.096+0000] {processor.py:829} INFO - Processing file /home/airflow/.local/lib/python3.8/site-packages/airflow/example_dags/example_branch_day_of_week_operator.py for tasks to queue
[2023-12-01T22:22:54.098+0000] {logging_mixin.py:154} INFO - [2023-12-01T22:22:54.097+0000] {dagbag.py:536} INFO - Filling up the DagBag from /home/airflow/.local/lib/python3.8/site-packages/airflow/example_dags/example_branch_day_of_week_operator.py
[2023-12-01T22:22:54.103+0000] {processor.py:839} INFO - DAG(s) dict_keys(['example_weekday_branch_operator']) retrieved from /home/airflow/.local/lib/python3.8/site-packages/airflow/example_dags/example_branch_day_of_week_operator.py
[2023-12-01T22:22:54.119+0000] {logging_mixin.py:154} INFO - [2023-12-01T22:22:54.118+0000] {dag.py:2941} INFO - Sync 1 DAGs
[2023-12-01T22:22:54.137+0000] {logging_mixin.py:154} INFO - [2023-12-01T22:22:54.137+0000] {dag.py:3722} INFO - Setting next_dagrun for example_weekday_branch_operator to 2023-11-30T00:00:00+00:00, run_after=2023-12-01T00:00:00+00:00
[2023-12-01T22:22:54.150+0000] {processor.py:179} INFO - Processing /home/airflow/.local/lib/python3.8/site-packages/airflow/example_dags/example_branch_day_of_week_operator.py took 0.057 seconds
[2023-12-01T22:23:24.293+0000] {processor.py:157} INFO - Started process (PID=293) to work on /home/airflow/.local/lib/python3.8/site-packages/airflow/example_dags/example_branch_day_of_week_operator.py
[2023-12-01T22:23:24.294+0000] {processor.py:829} INFO - Processing file /home/airflow/.local/lib/python3.8/site-packages/airflow/example_dags/example_branch_day_of_week_operator.py for tasks to queue
[2023-12-01T22:23:24.295+0000] {logging_mixin.py:154} INFO - [2023-12-01T22:23:24.295+0000] {dagbag.py:536} INFO - Filling up the DagBag from /home/airflow/.local/lib/python3.8/site-packages/airflow/example_dags/example_branch_day_of_week_operator.py
[2023-12-01T22:23:24.301+0000] {processor.py:839} INFO - DAG(s) dict_keys(['example_weekday_branch_operator']) retrieved from /home/airflow/.local/lib/python3.8/site-packages/airflow/example_dags/example_branch_day_of_week_operator.py
[2023-12-01T22:23:24.315+0000] {logging_mixin.py:154} INFO - [2023-12-01T22:23:24.315+0000] {dag.py:2941} INFO - Sync 1 DAGs
[2023-12-01T22:23:24.332+0000] {logging_mixin.py:154} INFO - [2023-12-01T22:23:24.332+0000] {dag.py:3722} INFO - Setting next_dagrun for example_weekday_branch_operator to 2023-11-30T00:00:00+00:00, run_after=2023-12-01T00:00:00+00:00
[2023-12-01T22:23:24.346+0000] {processor.py:179} INFO - Processing /home/airflow/.local/lib/python3.8/site-packages/airflow/example_dags/example_branch_day_of_week_operator.py took 0.055 seconds
[2023-12-01T22:23:54.439+0000] {processor.py:157} INFO - Started process (PID=347) to work on /home/airflow/.local/lib/python3.8/site-packages/airflow/example_dags/example_branch_day_of_week_operator.py
[2023-12-01T22:23:54.439+0000] {processor.py:829} INFO - Processing file /home/airflow/.local/lib/python3.8/site-packages/airflow/example_dags/example_branch_day_of_week_operator.py for tasks to queue
[2023-12-01T22:23:54.441+0000] {logging_mixin.py:154} INFO - [2023-12-01T22:23:54.441+0000] {dagbag.py:536} INFO - Filling up the DagBag from /home/airflow/.local/lib/python3.8/site-packages/airflow/example_dags/example_branch_day_of_week_operator.py
[2023-12-01T22:23:54.447+0000] {processor.py:839} INFO - DAG(s) dict_keys(['example_weekday_branch_operator']) retrieved from /home/airflow/.local/lib/python3.8/site-packages/airflow/example_dags/example_branch_day_of_week_operator.py
[2023-12-01T22:23:54.463+0000] {logging_mixin.py:154} INFO - [2023-12-01T22:23:54.463+0000] {dag.py:2941} INFO - Sync 1 DAGs
[2023-12-01T22:23:54.480+0000] {logging_mixin.py:154} INFO - [2023-12-01T22:23:54.479+0000] {dag.py:3722} INFO - Setting next_dagrun for example_weekday_branch_operator to 2023-11-30T00:00:00+00:00, run_after=2023-12-01T00:00:00+00:00
[2023-12-01T22:23:54.492+0000] {processor.py:179} INFO - Processing /home/airflow/.local/lib/python3.8/site-packages/airflow/example_dags/example_branch_day_of_week_operator.py took 0.055 seconds
[2023-12-01T22:24:24.750+0000] {processor.py:157} INFO - Started process (PID=401) to work on /home/airflow/.local/lib/python3.8/site-packages/airflow/example_dags/example_branch_day_of_week_operator.py
[2023-12-01T22:24:24.751+0000] {processor.py:829} INFO - Processing file /home/airflow/.local/lib/python3.8/site-packages/airflow/example_dags/example_branch_day_of_week_operator.py for tasks to queue
[2023-12-01T22:24:24.753+0000] {logging_mixin.py:154} INFO - [2023-12-01T22:24:24.752+0000] {dagbag.py:536} INFO - Filling up the DagBag from /home/airflow/.local/lib/python3.8/site-packages/airflow/example_dags/example_branch_day_of_week_operator.py
[2023-12-01T22:24:24.758+0000] {processor.py:839} INFO - DAG(s) dict_keys(['example_weekday_branch_operator']) retrieved from /home/airflow/.local/lib/python3.8/site-packages/airflow/example_dags/example_branch_day_of_week_operator.py
[2023-12-01T22:24:24.772+0000] {logging_mixin.py:154} INFO - [2023-12-01T22:24:24.772+0000] {dag.py:2941} INFO - Sync 1 DAGs
[2023-12-01T22:24:24.790+0000] {logging_mixin.py:154} INFO - [2023-12-01T22:24:24.790+0000] {dag.py:3722} INFO - Setting next_dagrun for example_weekday_branch_operator to 2023-11-30T00:00:00+00:00, run_after=2023-12-01T00:00:00+00:00
[2023-12-01T22:24:24.804+0000] {processor.py:179} INFO - Processing /home/airflow/.local/lib/python3.8/site-packages/airflow/example_dags/example_branch_day_of_week_operator.py took 0.056 seconds
[2023-12-01T22:24:55.840+0000] {processor.py:157} INFO - Started process (PID=455) to work on /home/airflow/.local/lib/python3.8/site-packages/airflow/example_dags/example_branch_day_of_week_operator.py
[2023-12-01T22:24:55.841+0000] {processor.py:829} INFO - Processing file /home/airflow/.local/lib/python3.8/site-packages/airflow/example_dags/example_branch_day_of_week_operator.py for tasks to queue
[2023-12-01T22:24:55.842+0000] {logging_mixin.py:154} INFO - [2023-12-01T22:24:55.842+0000] {dagbag.py:536} INFO - Filling up the DagBag from /home/airflow/.local/lib/python3.8/site-packages/airflow/example_dags/example_branch_day_of_week_operator.py
[2023-12-01T22:24:55.847+0000] {processor.py:839} INFO - DAG(s) dict_keys(['example_weekday_branch_operator']) retrieved from /home/airflow/.local/lib/python3.8/site-packages/airflow/example_dags/example_branch_day_of_week_operator.py
[2023-12-01T22:24:55.863+0000] {logging_mixin.py:154} INFO - [2023-12-01T22:24:55.863+0000] {dag.py:2941} INFO - Sync 1 DAGs
[2023-12-01T22:24:55.883+0000] {logging_mixin.py:154} INFO - [2023-12-01T22:24:55.883+0000] {dag.py:3722} INFO - Setting next_dagrun for example_weekday_branch_operator to 2023-11-30T00:00:00+00:00, run_after=2023-12-01T00:00:00+00:00
[2023-12-01T22:24:55.897+0000] {processor.py:179} INFO - Processing /home/airflow/.local/lib/python3.8/site-packages/airflow/example_dags/example_branch_day_of_week_operator.py took 0.059 seconds
[2023-12-01T22:25:26.003+0000] {processor.py:157} INFO - Started process (PID=509) to work on /home/airflow/.local/lib/python3.8/site-packages/airflow/example_dags/example_branch_day_of_week_operator.py
[2023-12-01T22:25:26.004+0000] {processor.py:829} INFO - Processing file /home/airflow/.local/lib/python3.8/site-packages/airflow/example_dags/example_branch_day_of_week_operator.py for tasks to queue
[2023-12-01T22:25:26.005+0000] {logging_mixin.py:154} INFO - [2023-12-01T22:25:26.005+0000] {dagbag.py:536} INFO - Filling up the DagBag from /home/airflow/.local/lib/python3.8/site-packages/airflow/example_dags/example_branch_day_of_week_operator.py
[2023-12-01T22:25:26.011+0000] {processor.py:839} INFO - DAG(s) dict_keys(['example_weekday_branch_operator']) retrieved from /home/airflow/.local/lib/python3.8/site-packages/airflow/example_dags/example_branch_day_of_week_operator.py
[2023-12-01T22:25:26.026+0000] {logging_mixin.py:154} INFO - [2023-12-01T22:25:26.026+0000] {dag.py:2941} INFO - Sync 1 DAGs
[2023-12-01T22:25:26.043+0000] {logging_mixin.py:154} INFO - [2023-12-01T22:25:26.043+0000] {dag.py:3722} INFO - Setting next_dagrun for example_weekday_branch_operator to 2023-11-30T00:00:00+00:00, run_after=2023-12-01T00:00:00+00:00
[2023-12-01T22:25:26.057+0000] {processor.py:179} INFO - Processing /home/airflow/.local/lib/python3.8/site-packages/airflow/example_dags/example_branch_day_of_week_operator.py took 0.056 seconds
[2023-12-01T22:25:56.895+0000] {processor.py:157} INFO - Started process (PID=563) to work on /home/airflow/.local/lib/python3.8/site-packages/airflow/example_dags/example_branch_day_of_week_operator.py
[2023-12-01T22:25:56.896+0000] {processor.py:829} INFO - Processing file /home/airflow/.local/lib/python3.8/site-packages/airflow/example_dags/example_branch_day_of_week_operator.py for tasks to queue
[2023-12-01T22:25:56.898+0000] {logging_mixin.py:154} INFO - [2023-12-01T22:25:56.897+0000] {dagbag.py:536} INFO - Filling up the DagBag from /home/airflow/.local/lib/python3.8/site-packages/airflow/example_dags/example_branch_day_of_week_operator.py
[2023-12-01T22:25:56.904+0000] {processor.py:839} INFO - DAG(s) dict_keys(['example_weekday_branch_operator']) retrieved from /home/airflow/.local/lib/python3.8/site-packages/airflow/example_dags/example_branch_day_of_week_operator.py
[2023-12-01T22:25:56.919+0000] {logging_mixin.py:154} INFO - [2023-12-01T22:25:56.919+0000] {dag.py:2941} INFO - Sync 1 DAGs
[2023-12-01T22:25:56.940+0000] {logging_mixin.py:154} INFO - [2023-12-01T22:25:56.939+0000] {dag.py:3722} INFO - Setting next_dagrun for example_weekday_branch_operator to 2023-11-30T00:00:00+00:00, run_after=2023-12-01T00:00:00+00:00
[2023-12-01T22:25:56.954+0000] {processor.py:179} INFO - Processing /home/airflow/.local/lib/python3.8/site-packages/airflow/example_dags/example_branch_day_of_week_operator.py took 0.061 seconds
[2023-12-01T22:26:27.036+0000] {processor.py:157} INFO - Started process (PID=617) to work on /home/airflow/.local/lib/python3.8/site-packages/airflow/example_dags/example_branch_day_of_week_operator.py
[2023-12-01T22:26:27.037+0000] {processor.py:829} INFO - Processing file /home/airflow/.local/lib/python3.8/site-packages/airflow/example_dags/example_branch_day_of_week_operator.py for tasks to queue
[2023-12-01T22:26:27.038+0000] {logging_mixin.py:154} INFO - [2023-12-01T22:26:27.038+0000] {dagbag.py:536} INFO - Filling up the DagBag from /home/airflow/.local/lib/python3.8/site-packages/airflow/example_dags/example_branch_day_of_week_operator.py
[2023-12-01T22:26:27.045+0000] {processor.py:839} INFO - DAG(s) dict_keys(['example_weekday_branch_operator']) retrieved from /home/airflow/.local/lib/python3.8/site-packages/airflow/example_dags/example_branch_day_of_week_operator.py
[2023-12-01T22:26:27.060+0000] {logging_mixin.py:154} INFO - [2023-12-01T22:26:27.059+0000] {dag.py:2941} INFO - Sync 1 DAGs
[2023-12-01T22:26:27.075+0000] {logging_mixin.py:154} INFO - [2023-12-01T22:26:27.075+0000] {dag.py:3722} INFO - Setting next_dagrun for example_weekday_branch_operator to 2023-11-30T00:00:00+00:00, run_after=2023-12-01T00:00:00+00:00
[2023-12-01T22:26:27.089+0000] {processor.py:179} INFO - Processing /home/airflow/.local/lib/python3.8/site-packages/airflow/example_dags/example_branch_day_of_week_operator.py took 0.056 seconds
[2023-12-01T22:26:57.144+0000] {processor.py:157} INFO - Started process (PID=671) to work on /home/airflow/.local/lib/python3.8/site-packages/airflow/example_dags/example_branch_day_of_week_operator.py
[2023-12-01T22:26:57.145+0000] {processor.py:829} INFO - Processing file /home/airflow/.local/lib/python3.8/site-packages/airflow/example_dags/example_branch_day_of_week_operator.py for tasks to queue
[2023-12-01T22:26:57.146+0000] {logging_mixin.py:154} INFO - [2023-12-01T22:26:57.146+0000] {dagbag.py:536} INFO - Filling up the DagBag from /home/airflow/.local/lib/python3.8/site-packages/airflow/example_dags/example_branch_day_of_week_operator.py
[2023-12-01T22:26:57.151+0000] {processor.py:839} INFO - DAG(s) dict_keys(['example_weekday_branch_operator']) retrieved from /home/airflow/.local/lib/python3.8/site-packages/airflow/example_dags/example_branch_day_of_week_operator.py
[2023-12-01T22:26:57.165+0000] {logging_mixin.py:154} INFO - [2023-12-01T22:26:57.165+0000] {dag.py:2941} INFO - Sync 1 DAGs
[2023-12-01T22:26:57.183+0000] {logging_mixin.py:154} INFO - [2023-12-01T22:26:57.183+0000] {dag.py:3722} INFO - Setting next_dagrun for example_weekday_branch_operator to 2023-11-30T00:00:00+00:00, run_after=2023-12-01T00:00:00+00:00
[2023-12-01T22:26:57.195+0000] {processor.py:179} INFO - Processing /home/airflow/.local/lib/python3.8/site-packages/airflow/example_dags/example_branch_day_of_week_operator.py took 0.053 seconds
[2023-12-01T22:27:27.288+0000] {processor.py:157} INFO - Started process (PID=725) to work on /home/airflow/.local/lib/python3.8/site-packages/airflow/example_dags/example_branch_day_of_week_operator.py
[2023-12-01T22:27:27.289+0000] {processor.py:829} INFO - Processing file /home/airflow/.local/lib/python3.8/site-packages/airflow/example_dags/example_branch_day_of_week_operator.py for tasks to queue
[2023-12-01T22:27:27.290+0000] {logging_mixin.py:154} INFO - [2023-12-01T22:27:27.290+0000] {dagbag.py:536} INFO - Filling up the DagBag from /home/airflow/.local/lib/python3.8/site-packages/airflow/example_dags/example_branch_day_of_week_operator.py
[2023-12-01T22:27:27.296+0000] {processor.py:839} INFO - DAG(s) dict_keys(['example_weekday_branch_operator']) retrieved from /home/airflow/.local/lib/python3.8/site-packages/airflow/example_dags/example_branch_day_of_week_operator.py
[2023-12-01T22:27:27.311+0000] {logging_mixin.py:154} INFO - [2023-12-01T22:27:27.311+0000] {dag.py:2941} INFO - Sync 1 DAGs
[2023-12-01T22:27:27.328+0000] {logging_mixin.py:154} INFO - [2023-12-01T22:27:27.327+0000] {dag.py:3722} INFO - Setting next_dagrun for example_weekday_branch_operator to 2023-11-30T00:00:00+00:00, run_after=2023-12-01T00:00:00+00:00
[2023-12-01T22:27:27.340+0000] {processor.py:179} INFO - Processing /home/airflow/.local/lib/python3.8/site-packages/airflow/example_dags/example_branch_day_of_week_operator.py took 0.054 seconds
[2023-12-01T22:27:58.182+0000] {processor.py:157} INFO - Started process (PID=779) to work on /home/airflow/.local/lib/python3.8/site-packages/airflow/example_dags/example_branch_day_of_week_operator.py
[2023-12-01T22:27:58.182+0000] {processor.py:829} INFO - Processing file /home/airflow/.local/lib/python3.8/site-packages/airflow/example_dags/example_branch_day_of_week_operator.py for tasks to queue
[2023-12-01T22:27:58.184+0000] {logging_mixin.py:154} INFO - [2023-12-01T22:27:58.184+0000] {dagbag.py:536} INFO - Filling up the DagBag from /home/airflow/.local/lib/python3.8/site-packages/airflow/example_dags/example_branch_day_of_week_operator.py
[2023-12-01T22:27:58.189+0000] {processor.py:839} INFO - DAG(s) dict_keys(['example_weekday_branch_operator']) retrieved from /home/airflow/.local/lib/python3.8/site-packages/airflow/example_dags/example_branch_day_of_week_operator.py
[2023-12-01T22:27:58.203+0000] {logging_mixin.py:154} INFO - [2023-12-01T22:27:58.203+0000] {dag.py:2941} INFO - Sync 1 DAGs
[2023-12-01T22:27:58.219+0000] {logging_mixin.py:154} INFO - [2023-12-01T22:27:58.219+0000] {dag.py:3722} INFO - Setting next_dagrun for example_weekday_branch_operator to 2023-11-30T00:00:00+00:00, run_after=2023-12-01T00:00:00+00:00
[2023-12-01T22:27:58.232+0000] {processor.py:179} INFO - Processing /home/airflow/.local/lib/python3.8/site-packages/airflow/example_dags/example_branch_day_of_week_operator.py took 0.053 seconds
[2023-12-01T22:28:28.469+0000] {processor.py:157} INFO - Started process (PID=833) to work on /home/airflow/.local/lib/python3.8/site-packages/airflow/example_dags/example_branch_day_of_week_operator.py
[2023-12-01T22:28:28.469+0000] {processor.py:829} INFO - Processing file /home/airflow/.local/lib/python3.8/site-packages/airflow/example_dags/example_branch_day_of_week_operator.py for tasks to queue
[2023-12-01T22:28:28.471+0000] {logging_mixin.py:154} INFO - [2023-12-01T22:28:28.471+0000] {dagbag.py:536} INFO - Filling up the DagBag from /home/airflow/.local/lib/python3.8/site-packages/airflow/example_dags/example_branch_day_of_week_operator.py
[2023-12-01T22:28:28.477+0000] {processor.py:839} INFO - DAG(s) dict_keys(['example_weekday_branch_operator']) retrieved from /home/airflow/.local/lib/python3.8/site-packages/airflow/example_dags/example_branch_day_of_week_operator.py
[2023-12-01T22:28:28.492+0000] {logging_mixin.py:154} INFO - [2023-12-01T22:28:28.492+0000] {dag.py:2941} INFO - Sync 1 DAGs
[2023-12-01T22:28:28.508+0000] {logging_mixin.py:154} INFO - [2023-12-01T22:28:28.508+0000] {dag.py:3722} INFO - Setting next_dagrun for example_weekday_branch_operator to 2023-11-30T00:00:00+00:00, run_after=2023-12-01T00:00:00+00:00
[2023-12-01T22:28:28.521+0000] {processor.py:179} INFO - Processing /home/airflow/.local/lib/python3.8/site-packages/airflow/example_dags/example_branch_day_of_week_operator.py took 0.055 seconds
[2023-12-01T22:28:58.611+0000] {processor.py:157} INFO - Started process (PID=887) to work on /home/airflow/.local/lib/python3.8/site-packages/airflow/example_dags/example_branch_day_of_week_operator.py
[2023-12-01T22:28:58.612+0000] {processor.py:829} INFO - Processing file /home/airflow/.local/lib/python3.8/site-packages/airflow/example_dags/example_branch_day_of_week_operator.py for tasks to queue
[2023-12-01T22:28:58.614+0000] {logging_mixin.py:154} INFO - [2023-12-01T22:28:58.613+0000] {dagbag.py:536} INFO - Filling up the DagBag from /home/airflow/.local/lib/python3.8/site-packages/airflow/example_dags/example_branch_day_of_week_operator.py
[2023-12-01T22:28:58.619+0000] {processor.py:839} INFO - DAG(s) dict_keys(['example_weekday_branch_operator']) retrieved from /home/airflow/.local/lib/python3.8/site-packages/airflow/example_dags/example_branch_day_of_week_operator.py
[2023-12-01T22:28:58.634+0000] {logging_mixin.py:154} INFO - [2023-12-01T22:28:58.634+0000] {dag.py:2941} INFO - Sync 1 DAGs
[2023-12-01T22:28:58.652+0000] {logging_mixin.py:154} INFO - [2023-12-01T22:28:58.652+0000] {dag.py:3722} INFO - Setting next_dagrun for example_weekday_branch_operator to 2023-11-30T00:00:00+00:00, run_after=2023-12-01T00:00:00+00:00
[2023-12-01T22:28:58.667+0000] {processor.py:179} INFO - Processing /home/airflow/.local/lib/python3.8/site-packages/airflow/example_dags/example_branch_day_of_week_operator.py took 0.058 seconds
[2023-12-01T22:29:28.837+0000] {processor.py:157} INFO - Started process (PID=941) to work on /home/airflow/.local/lib/python3.8/site-packages/airflow/example_dags/example_branch_day_of_week_operator.py
[2023-12-01T22:29:28.837+0000] {processor.py:829} INFO - Processing file /home/airflow/.local/lib/python3.8/site-packages/airflow/example_dags/example_branch_day_of_week_operator.py for tasks to queue
[2023-12-01T22:29:28.839+0000] {logging_mixin.py:154} INFO - [2023-12-01T22:29:28.839+0000] {dagbag.py:536} INFO - Filling up the DagBag from /home/airflow/.local/lib/python3.8/site-packages/airflow/example_dags/example_branch_day_of_week_operator.py
[2023-12-01T22:29:28.844+0000] {processor.py:839} INFO - DAG(s) dict_keys(['example_weekday_branch_operator']) retrieved from /home/airflow/.local/lib/python3.8/site-packages/airflow/example_dags/example_branch_day_of_week_operator.py
[2023-12-01T22:29:28.858+0000] {logging_mixin.py:154} INFO - [2023-12-01T22:29:28.858+0000] {dag.py:2941} INFO - Sync 1 DAGs
[2023-12-01T22:29:28.875+0000] {logging_mixin.py:154} INFO - [2023-12-01T22:29:28.875+0000] {dag.py:3722} INFO - Setting next_dagrun for example_weekday_branch_operator to 2023-11-30T00:00:00+00:00, run_after=2023-12-01T00:00:00+00:00
[2023-12-01T22:29:28.890+0000] {processor.py:179} INFO - Processing /home/airflow/.local/lib/python3.8/site-packages/airflow/example_dags/example_branch_day_of_week_operator.py took 0.055 seconds
[2023-12-01T22:29:58.925+0000] {processor.py:157} INFO - Started process (PID=995) to work on /home/airflow/.local/lib/python3.8/site-packages/airflow/example_dags/example_branch_day_of_week_operator.py
[2023-12-01T22:29:58.926+0000] {processor.py:829} INFO - Processing file /home/airflow/.local/lib/python3.8/site-packages/airflow/example_dags/example_branch_day_of_week_operator.py for tasks to queue
[2023-12-01T22:29:58.927+0000] {logging_mixin.py:154} INFO - [2023-12-01T22:29:58.927+0000] {dagbag.py:536} INFO - Filling up the DagBag from /home/airflow/.local/lib/python3.8/site-packages/airflow/example_dags/example_branch_day_of_week_operator.py
[2023-12-01T22:29:58.932+0000] {processor.py:839} INFO - DAG(s) dict_keys(['example_weekday_branch_operator']) retrieved from /home/airflow/.local/lib/python3.8/site-packages/airflow/example_dags/example_branch_day_of_week_operator.py
[2023-12-01T22:29:58.946+0000] {logging_mixin.py:154} INFO - [2023-12-01T22:29:58.946+0000] {dag.py:2941} INFO - Sync 1 DAGs
[2023-12-01T22:29:58.963+0000] {logging_mixin.py:154} INFO - [2023-12-01T22:29:58.963+0000] {dag.py:3722} INFO - Setting next_dagrun for example_weekday_branch_operator to 2023-11-30T00:00:00+00:00, run_after=2023-12-01T00:00:00+00:00
[2023-12-01T22:29:58.978+0000] {processor.py:179} INFO - Processing /home/airflow/.local/lib/python3.8/site-packages/airflow/example_dags/example_branch_day_of_week_operator.py took 0.055 seconds
[2023-12-01T22:30:29.093+0000] {processor.py:157} INFO - Started process (PID=1049) to work on /home/airflow/.local/lib/python3.8/site-packages/airflow/example_dags/example_branch_day_of_week_operator.py
[2023-12-01T22:30:29.094+0000] {processor.py:829} INFO - Processing file /home/airflow/.local/lib/python3.8/site-packages/airflow/example_dags/example_branch_day_of_week_operator.py for tasks to queue
[2023-12-01T22:30:29.095+0000] {logging_mixin.py:154} INFO - [2023-12-01T22:30:29.095+0000] {dagbag.py:536} INFO - Filling up the DagBag from /home/airflow/.local/lib/python3.8/site-packages/airflow/example_dags/example_branch_day_of_week_operator.py
[2023-12-01T22:30:29.101+0000] {processor.py:839} INFO - DAG(s) dict_keys(['example_weekday_branch_operator']) retrieved from /home/airflow/.local/lib/python3.8/site-packages/airflow/example_dags/example_branch_day_of_week_operator.py
[2023-12-01T22:30:29.115+0000] {logging_mixin.py:154} INFO - [2023-12-01T22:30:29.115+0000] {dag.py:2941} INFO - Sync 1 DAGs
[2023-12-01T22:30:29.132+0000] {logging_mixin.py:154} INFO - [2023-12-01T22:30:29.132+0000] {dag.py:3722} INFO - Setting next_dagrun for example_weekday_branch_operator to 2023-11-30T00:00:00+00:00, run_after=2023-12-01T00:00:00+00:00
[2023-12-01T22:30:29.146+0000] {processor.py:179} INFO - Processing /home/airflow/.local/lib/python3.8/site-packages/airflow/example_dags/example_branch_day_of_week_operator.py took 0.055 seconds
[2023-12-01T22:30:59.213+0000] {processor.py:157} INFO - Started process (PID=1103) to work on /home/airflow/.local/lib/python3.8/site-packages/airflow/example_dags/example_branch_day_of_week_operator.py
[2023-12-01T22:30:59.214+0000] {processor.py:829} INFO - Processing file /home/airflow/.local/lib/python3.8/site-packages/airflow/example_dags/example_branch_day_of_week_operator.py for tasks to queue
[2023-12-01T22:30:59.215+0000] {logging_mixin.py:154} INFO - [2023-12-01T22:30:59.215+0000] {dagbag.py:536} INFO - Filling up the DagBag from /home/airflow/.local/lib/python3.8/site-packages/airflow/example_dags/example_branch_day_of_week_operator.py
[2023-12-01T22:30:59.220+0000] {processor.py:839} INFO - DAG(s) dict_keys(['example_weekday_branch_operator']) retrieved from /home/airflow/.local/lib/python3.8/site-packages/airflow/example_dags/example_branch_day_of_week_operator.py
[2023-12-01T22:30:59.234+0000] {logging_mixin.py:154} INFO - [2023-12-01T22:30:59.233+0000] {dag.py:2941} INFO - Sync 1 DAGs
[2023-12-01T22:30:59.250+0000] {logging_mixin.py:154} INFO - [2023-12-01T22:30:59.250+0000] {dag.py:3722} INFO - Setting next_dagrun for example_weekday_branch_operator to 2023-11-30T00:00:00+00:00, run_after=2023-12-01T00:00:00+00:00
[2023-12-01T22:30:59.263+0000] {processor.py:179} INFO - Processing /home/airflow/.local/lib/python3.8/site-packages/airflow/example_dags/example_branch_day_of_week_operator.py took 0.052 seconds
[2023-12-01T22:31:29.328+0000] {processor.py:157} INFO - Started process (PID=1157) to work on /home/airflow/.local/lib/python3.8/site-packages/airflow/example_dags/example_branch_day_of_week_operator.py
[2023-12-01T22:31:29.329+0000] {processor.py:829} INFO - Processing file /home/airflow/.local/lib/python3.8/site-packages/airflow/example_dags/example_branch_day_of_week_operator.py for tasks to queue
[2023-12-01T22:31:29.331+0000] {logging_mixin.py:154} INFO - [2023-12-01T22:31:29.331+0000] {dagbag.py:536} INFO - Filling up the DagBag from /home/airflow/.local/lib/python3.8/site-packages/airflow/example_dags/example_branch_day_of_week_operator.py
[2023-12-01T22:31:29.336+0000] {processor.py:839} INFO - DAG(s) dict_keys(['example_weekday_branch_operator']) retrieved from /home/airflow/.local/lib/python3.8/site-packages/airflow/example_dags/example_branch_day_of_week_operator.py
[2023-12-01T22:31:29.352+0000] {logging_mixin.py:154} INFO - [2023-12-01T22:31:29.352+0000] {dag.py:2941} INFO - Sync 1 DAGs
[2023-12-01T22:31:29.369+0000] {logging_mixin.py:154} INFO - [2023-12-01T22:31:29.369+0000] {dag.py:3722} INFO - Setting next_dagrun for example_weekday_branch_operator to 2023-11-30T00:00:00+00:00, run_after=2023-12-01T00:00:00+00:00
[2023-12-01T22:31:29.381+0000] {processor.py:179} INFO - Processing /home/airflow/.local/lib/python3.8/site-packages/airflow/example_dags/example_branch_day_of_week_operator.py took 0.055 seconds
[2023-12-01T22:31:59.470+0000] {processor.py:157} INFO - Started process (PID=1211) to work on /home/airflow/.local/lib/python3.8/site-packages/airflow/example_dags/example_branch_day_of_week_operator.py
[2023-12-01T22:31:59.470+0000] {processor.py:829} INFO - Processing file /home/airflow/.local/lib/python3.8/site-packages/airflow/example_dags/example_branch_day_of_week_operator.py for tasks to queue
[2023-12-01T22:31:59.472+0000] {logging_mixin.py:154} INFO - [2023-12-01T22:31:59.472+0000] {dagbag.py:536} INFO - Filling up the DagBag from /home/airflow/.local/lib/python3.8/site-packages/airflow/example_dags/example_branch_day_of_week_operator.py
[2023-12-01T22:31:59.479+0000] {processor.py:839} INFO - DAG(s) dict_keys(['example_weekday_branch_operator']) retrieved from /home/airflow/.local/lib/python3.8/site-packages/airflow/example_dags/example_branch_day_of_week_operator.py
[2023-12-01T22:31:59.493+0000] {logging_mixin.py:154} INFO - [2023-12-01T22:31:59.493+0000] {dag.py:2941} INFO - Sync 1 DAGs
[2023-12-01T22:31:59.510+0000] {logging_mixin.py:154} INFO - [2023-12-01T22:31:59.510+0000] {dag.py:3722} INFO - Setting next_dagrun for example_weekday_branch_operator to 2023-11-30T00:00:00+00:00, run_after=2023-12-01T00:00:00+00:00
[2023-12-01T22:31:59.522+0000] {processor.py:179} INFO - Processing /home/airflow/.local/lib/python3.8/site-packages/airflow/example_dags/example_branch_day_of_week_operator.py took 0.055 seconds
[2023-12-01T22:32:29.619+0000] {processor.py:157} INFO - Started process (PID=1265) to work on /home/airflow/.local/lib/python3.8/site-packages/airflow/example_dags/example_branch_day_of_week_operator.py
[2023-12-01T22:32:29.620+0000] {processor.py:829} INFO - Processing file /home/airflow/.local/lib/python3.8/site-packages/airflow/example_dags/example_branch_day_of_week_operator.py for tasks to queue
[2023-12-01T22:32:29.621+0000] {logging_mixin.py:154} INFO - [2023-12-01T22:32:29.621+0000] {dagbag.py:536} INFO - Filling up the DagBag from /home/airflow/.local/lib/python3.8/site-packages/airflow/example_dags/example_branch_day_of_week_operator.py
[2023-12-01T22:32:29.628+0000] {processor.py:839} INFO - DAG(s) dict_keys(['example_weekday_branch_operator']) retrieved from /home/airflow/.local/lib/python3.8/site-packages/airflow/example_dags/example_branch_day_of_week_operator.py
[2023-12-01T22:32:29.642+0000] {logging_mixin.py:154} INFO - [2023-12-01T22:32:29.642+0000] {dag.py:2941} INFO - Sync 1 DAGs
[2023-12-01T22:32:29.660+0000] {logging_mixin.py:154} INFO - [2023-12-01T22:32:29.660+0000] {dag.py:3722} INFO - Setting next_dagrun for example_weekday_branch_operator to 2023-11-30T00:00:00+00:00, run_after=2023-12-01T00:00:00+00:00
[2023-12-01T22:32:29.674+0000] {processor.py:179} INFO - Processing /home/airflow/.local/lib/python3.8/site-packages/airflow/example_dags/example_branch_day_of_week_operator.py took 0.057 seconds
[2023-12-01T22:33:00.136+0000] {processor.py:157} INFO - Started process (PID=1319) to work on /home/airflow/.local/lib/python3.8/site-packages/airflow/example_dags/example_branch_day_of_week_operator.py
[2023-12-01T22:33:00.137+0000] {processor.py:829} INFO - Processing file /home/airflow/.local/lib/python3.8/site-packages/airflow/example_dags/example_branch_day_of_week_operator.py for tasks to queue
[2023-12-01T22:33:00.139+0000] {logging_mixin.py:154} INFO - [2023-12-01T22:33:00.139+0000] {dagbag.py:536} INFO - Filling up the DagBag from /home/airflow/.local/lib/python3.8/site-packages/airflow/example_dags/example_branch_day_of_week_operator.py
[2023-12-01T22:33:00.144+0000] {processor.py:839} INFO - DAG(s) dict_keys(['example_weekday_branch_operator']) retrieved from /home/airflow/.local/lib/python3.8/site-packages/airflow/example_dags/example_branch_day_of_week_operator.py
[2023-12-01T22:33:00.160+0000] {logging_mixin.py:154} INFO - [2023-12-01T22:33:00.159+0000] {dag.py:2941} INFO - Sync 1 DAGs
[2023-12-01T22:33:00.177+0000] {logging_mixin.py:154} INFO - [2023-12-01T22:33:00.177+0000] {dag.py:3722} INFO - Setting next_dagrun for example_weekday_branch_operator to 2023-11-30T00:00:00+00:00, run_after=2023-12-01T00:00:00+00:00
[2023-12-01T22:33:00.192+0000] {processor.py:179} INFO - Processing /home/airflow/.local/lib/python3.8/site-packages/airflow/example_dags/example_branch_day_of_week_operator.py took 0.058 seconds
[2023-12-01T22:33:30.569+0000] {processor.py:157} INFO - Started process (PID=1374) to work on /home/airflow/.local/lib/python3.8/site-packages/airflow/example_dags/example_branch_day_of_week_operator.py
[2023-12-01T22:33:30.570+0000] {processor.py:829} INFO - Processing file /home/airflow/.local/lib/python3.8/site-packages/airflow/example_dags/example_branch_day_of_week_operator.py for tasks to queue
[2023-12-01T22:33:30.571+0000] {logging_mixin.py:154} INFO - [2023-12-01T22:33:30.571+0000] {dagbag.py:536} INFO - Filling up the DagBag from /home/airflow/.local/lib/python3.8/site-packages/airflow/example_dags/example_branch_day_of_week_operator.py
[2023-12-01T22:33:30.577+0000] {processor.py:839} INFO - DAG(s) dict_keys(['example_weekday_branch_operator']) retrieved from /home/airflow/.local/lib/python3.8/site-packages/airflow/example_dags/example_branch_day_of_week_operator.py
[2023-12-01T22:33:30.592+0000] {logging_mixin.py:154} INFO - [2023-12-01T22:33:30.591+0000] {dag.py:2941} INFO - Sync 1 DAGs
[2023-12-01T22:33:30.609+0000] {logging_mixin.py:154} INFO - [2023-12-01T22:33:30.609+0000] {dag.py:3722} INFO - Setting next_dagrun for example_weekday_branch_operator to 2023-11-30T00:00:00+00:00, run_after=2023-12-01T00:00:00+00:00
[2023-12-01T22:33:30.624+0000] {processor.py:179} INFO - Processing /home/airflow/.local/lib/python3.8/site-packages/airflow/example_dags/example_branch_day_of_week_operator.py took 0.057 seconds
[2023-12-01T22:34:00.785+0000] {processor.py:157} INFO - Started process (PID=1428) to work on /home/airflow/.local/lib/python3.8/site-packages/airflow/example_dags/example_branch_day_of_week_operator.py
[2023-12-01T22:34:00.786+0000] {processor.py:829} INFO - Processing file /home/airflow/.local/lib/python3.8/site-packages/airflow/example_dags/example_branch_day_of_week_operator.py for tasks to queue
[2023-12-01T22:34:00.788+0000] {logging_mixin.py:154} INFO - [2023-12-01T22:34:00.787+0000] {dagbag.py:536} INFO - Filling up the DagBag from /home/airflow/.local/lib/python3.8/site-packages/airflow/example_dags/example_branch_day_of_week_operator.py
[2023-12-01T22:34:00.795+0000] {processor.py:839} INFO - DAG(s) dict_keys(['example_weekday_branch_operator']) retrieved from /home/airflow/.local/lib/python3.8/site-packages/airflow/example_dags/example_branch_day_of_week_operator.py
[2023-12-01T22:34:00.812+0000] {logging_mixin.py:154} INFO - [2023-12-01T22:34:00.812+0000] {dag.py:2941} INFO - Sync 1 DAGs
[2023-12-01T22:34:00.835+0000] {logging_mixin.py:154} INFO - [2023-12-01T22:34:00.834+0000] {dag.py:3722} INFO - Setting next_dagrun for example_weekday_branch_operator to 2023-11-30T00:00:00+00:00, run_after=2023-12-01T00:00:00+00:00
[2023-12-01T22:34:00.857+0000] {processor.py:179} INFO - Processing /home/airflow/.local/lib/python3.8/site-packages/airflow/example_dags/example_branch_day_of_week_operator.py took 0.074 seconds
[2023-12-01T22:34:31.583+0000] {processor.py:157} INFO - Started process (PID=1482) to work on /home/airflow/.local/lib/python3.8/site-packages/airflow/example_dags/example_branch_day_of_week_operator.py
[2023-12-01T22:34:31.584+0000] {processor.py:829} INFO - Processing file /home/airflow/.local/lib/python3.8/site-packages/airflow/example_dags/example_branch_day_of_week_operator.py for tasks to queue
[2023-12-01T22:34:31.586+0000] {logging_mixin.py:154} INFO - [2023-12-01T22:34:31.586+0000] {dagbag.py:536} INFO - Filling up the DagBag from /home/airflow/.local/lib/python3.8/site-packages/airflow/example_dags/example_branch_day_of_week_operator.py
[2023-12-01T22:34:31.592+0000] {processor.py:839} INFO - DAG(s) dict_keys(['example_weekday_branch_operator']) retrieved from /home/airflow/.local/lib/python3.8/site-packages/airflow/example_dags/example_branch_day_of_week_operator.py
[2023-12-01T22:34:31.610+0000] {logging_mixin.py:154} INFO - [2023-12-01T22:34:31.610+0000] {dag.py:2941} INFO - Sync 1 DAGs
[2023-12-01T22:34:31.629+0000] {logging_mixin.py:154} INFO - [2023-12-01T22:34:31.628+0000] {dag.py:3722} INFO - Setting next_dagrun for example_weekday_branch_operator to 2023-11-30T00:00:00+00:00, run_after=2023-12-01T00:00:00+00:00
[2023-12-01T22:34:31.644+0000] {processor.py:179} INFO - Processing /home/airflow/.local/lib/python3.8/site-packages/airflow/example_dags/example_branch_day_of_week_operator.py took 0.063 seconds
[2023-12-01T22:35:01.927+0000] {processor.py:157} INFO - Started process (PID=1536) to work on /home/airflow/.local/lib/python3.8/site-packages/airflow/example_dags/example_branch_day_of_week_operator.py
[2023-12-01T22:35:01.928+0000] {processor.py:829} INFO - Processing file /home/airflow/.local/lib/python3.8/site-packages/airflow/example_dags/example_branch_day_of_week_operator.py for tasks to queue
[2023-12-01T22:35:01.930+0000] {logging_mixin.py:154} INFO - [2023-12-01T22:35:01.930+0000] {dagbag.py:536} INFO - Filling up the DagBag from /home/airflow/.local/lib/python3.8/site-packages/airflow/example_dags/example_branch_day_of_week_operator.py
[2023-12-01T22:35:01.940+0000] {processor.py:839} INFO - DAG(s) dict_keys(['example_weekday_branch_operator']) retrieved from /home/airflow/.local/lib/python3.8/site-packages/airflow/example_dags/example_branch_day_of_week_operator.py
[2023-12-01T22:35:01.960+0000] {logging_mixin.py:154} INFO - [2023-12-01T22:35:01.959+0000] {dag.py:2941} INFO - Sync 1 DAGs
[2023-12-01T22:35:01.985+0000] {logging_mixin.py:154} INFO - [2023-12-01T22:35:01.984+0000] {dag.py:3722} INFO - Setting next_dagrun for example_weekday_branch_operator to 2023-11-30T00:00:00+00:00, run_after=2023-12-01T00:00:00+00:00
[2023-12-01T22:35:02.003+0000] {processor.py:179} INFO - Processing /home/airflow/.local/lib/python3.8/site-packages/airflow/example_dags/example_branch_day_of_week_operator.py took 0.079 seconds
[2023-12-01T22:35:32.251+0000] {processor.py:157} INFO - Started process (PID=1590) to work on /home/airflow/.local/lib/python3.8/site-packages/airflow/example_dags/example_branch_day_of_week_operator.py
[2023-12-01T22:35:32.252+0000] {processor.py:829} INFO - Processing file /home/airflow/.local/lib/python3.8/site-packages/airflow/example_dags/example_branch_day_of_week_operator.py for tasks to queue
[2023-12-01T22:35:32.254+0000] {logging_mixin.py:154} INFO - [2023-12-01T22:35:32.254+0000] {dagbag.py:536} INFO - Filling up the DagBag from /home/airflow/.local/lib/python3.8/site-packages/airflow/example_dags/example_branch_day_of_week_operator.py
[2023-12-01T22:35:32.263+0000] {processor.py:839} INFO - DAG(s) dict_keys(['example_weekday_branch_operator']) retrieved from /home/airflow/.local/lib/python3.8/site-packages/airflow/example_dags/example_branch_day_of_week_operator.py
[2023-12-01T22:35:32.280+0000] {logging_mixin.py:154} INFO - [2023-12-01T22:35:32.279+0000] {dag.py:2941} INFO - Sync 1 DAGs
[2023-12-01T22:35:32.298+0000] {logging_mixin.py:154} INFO - [2023-12-01T22:35:32.298+0000] {dag.py:3722} INFO - Setting next_dagrun for example_weekday_branch_operator to 2023-11-30T00:00:00+00:00, run_after=2023-12-01T00:00:00+00:00
[2023-12-01T22:35:32.312+0000] {processor.py:179} INFO - Processing /home/airflow/.local/lib/python3.8/site-packages/airflow/example_dags/example_branch_day_of_week_operator.py took 0.063 seconds
[2023-12-01T22:38:30.666+0000] {processor.py:157} INFO - Started process (PID=76) to work on /home/airflow/.local/lib/python3.8/site-packages/airflow/example_dags/example_branch_day_of_week_operator.py
[2023-12-01T22:38:30.667+0000] {processor.py:829} INFO - Processing file /home/airflow/.local/lib/python3.8/site-packages/airflow/example_dags/example_branch_day_of_week_operator.py for tasks to queue
[2023-12-01T22:38:30.669+0000] {logging_mixin.py:154} INFO - [2023-12-01T22:38:30.668+0000] {dagbag.py:536} INFO - Filling up the DagBag from /home/airflow/.local/lib/python3.8/site-packages/airflow/example_dags/example_branch_day_of_week_operator.py
[2023-12-01T22:38:30.679+0000] {processor.py:839} INFO - DAG(s) dict_keys(['example_weekday_branch_operator']) retrieved from /home/airflow/.local/lib/python3.8/site-packages/airflow/example_dags/example_branch_day_of_week_operator.py
[2023-12-01T22:38:30.691+0000] {logging_mixin.py:154} INFO - [2023-12-01T22:38:30.691+0000] {dag.py:2941} INFO - Sync 1 DAGs
[2023-12-01T22:38:30.718+0000] {logging_mixin.py:154} INFO - [2023-12-01T22:38:30.717+0000] {dag.py:3722} INFO - Setting next_dagrun for example_weekday_branch_operator to 2023-11-30T00:00:00+00:00, run_after=2023-12-01T00:00:00+00:00
[2023-12-01T22:38:30.735+0000] {processor.py:179} INFO - Processing /home/airflow/.local/lib/python3.8/site-packages/airflow/example_dags/example_branch_day_of_week_operator.py took 0.072 seconds
[2023-12-01T22:39:01.215+0000] {processor.py:157} INFO - Started process (PID=130) to work on /home/airflow/.local/lib/python3.8/site-packages/airflow/example_dags/example_branch_day_of_week_operator.py
[2023-12-01T22:39:01.216+0000] {processor.py:829} INFO - Processing file /home/airflow/.local/lib/python3.8/site-packages/airflow/example_dags/example_branch_day_of_week_operator.py for tasks to queue
[2023-12-01T22:39:01.218+0000] {logging_mixin.py:154} INFO - [2023-12-01T22:39:01.218+0000] {dagbag.py:536} INFO - Filling up the DagBag from /home/airflow/.local/lib/python3.8/site-packages/airflow/example_dags/example_branch_day_of_week_operator.py
[2023-12-01T22:39:01.225+0000] {processor.py:839} INFO - DAG(s) dict_keys(['example_weekday_branch_operator']) retrieved from /home/airflow/.local/lib/python3.8/site-packages/airflow/example_dags/example_branch_day_of_week_operator.py
[2023-12-01T22:39:01.243+0000] {logging_mixin.py:154} INFO - [2023-12-01T22:39:01.242+0000] {dag.py:2941} INFO - Sync 1 DAGs
[2023-12-01T22:39:01.271+0000] {logging_mixin.py:154} INFO - [2023-12-01T22:39:01.271+0000] {dag.py:3722} INFO - Setting next_dagrun for example_weekday_branch_operator to 2023-11-30T00:00:00+00:00, run_after=2023-12-01T00:00:00+00:00
[2023-12-01T22:39:01.289+0000] {processor.py:179} INFO - Processing /home/airflow/.local/lib/python3.8/site-packages/airflow/example_dags/example_branch_day_of_week_operator.py took 0.076 seconds
[2023-12-01T22:39:31.749+0000] {processor.py:157} INFO - Started process (PID=184) to work on /home/airflow/.local/lib/python3.8/site-packages/airflow/example_dags/example_branch_day_of_week_operator.py
[2023-12-01T22:39:31.750+0000] {processor.py:829} INFO - Processing file /home/airflow/.local/lib/python3.8/site-packages/airflow/example_dags/example_branch_day_of_week_operator.py for tasks to queue
[2023-12-01T22:39:31.752+0000] {logging_mixin.py:154} INFO - [2023-12-01T22:39:31.751+0000] {dagbag.py:536} INFO - Filling up the DagBag from /home/airflow/.local/lib/python3.8/site-packages/airflow/example_dags/example_branch_day_of_week_operator.py
[2023-12-01T22:39:31.758+0000] {processor.py:839} INFO - DAG(s) dict_keys(['example_weekday_branch_operator']) retrieved from /home/airflow/.local/lib/python3.8/site-packages/airflow/example_dags/example_branch_day_of_week_operator.py
[2023-12-01T22:39:31.779+0000] {logging_mixin.py:154} INFO - [2023-12-01T22:39:31.779+0000] {dag.py:2941} INFO - Sync 1 DAGs
[2023-12-01T22:39:31.802+0000] {logging_mixin.py:154} INFO - [2023-12-01T22:39:31.802+0000] {dag.py:3722} INFO - Setting next_dagrun for example_weekday_branch_operator to 2023-11-30T00:00:00+00:00, run_after=2023-12-01T00:00:00+00:00
[2023-12-01T22:39:31.817+0000] {processor.py:179} INFO - Processing /home/airflow/.local/lib/python3.8/site-packages/airflow/example_dags/example_branch_day_of_week_operator.py took 0.070 seconds
[2023-12-01T22:40:02.168+0000] {processor.py:157} INFO - Started process (PID=238) to work on /home/airflow/.local/lib/python3.8/site-packages/airflow/example_dags/example_branch_day_of_week_operator.py
[2023-12-01T22:40:02.168+0000] {processor.py:829} INFO - Processing file /home/airflow/.local/lib/python3.8/site-packages/airflow/example_dags/example_branch_day_of_week_operator.py for tasks to queue
[2023-12-01T22:40:02.170+0000] {logging_mixin.py:154} INFO - [2023-12-01T22:40:02.170+0000] {dagbag.py:536} INFO - Filling up the DagBag from /home/airflow/.local/lib/python3.8/site-packages/airflow/example_dags/example_branch_day_of_week_operator.py
[2023-12-01T22:40:02.176+0000] {processor.py:839} INFO - DAG(s) dict_keys(['example_weekday_branch_operator']) retrieved from /home/airflow/.local/lib/python3.8/site-packages/airflow/example_dags/example_branch_day_of_week_operator.py
[2023-12-01T22:40:02.192+0000] {logging_mixin.py:154} INFO - [2023-12-01T22:40:02.192+0000] {dag.py:2941} INFO - Sync 1 DAGs
[2023-12-01T22:40:02.209+0000] {logging_mixin.py:154} INFO - [2023-12-01T22:40:02.209+0000] {dag.py:3722} INFO - Setting next_dagrun for example_weekday_branch_operator to 2023-11-30T00:00:00+00:00, run_after=2023-12-01T00:00:00+00:00
[2023-12-01T22:40:02.223+0000] {processor.py:179} INFO - Processing /home/airflow/.local/lib/python3.8/site-packages/airflow/example_dags/example_branch_day_of_week_operator.py took 0.058 seconds
[2023-12-01T22:40:32.712+0000] {processor.py:157} INFO - Started process (PID=292) to work on /home/airflow/.local/lib/python3.8/site-packages/airflow/example_dags/example_branch_day_of_week_operator.py
[2023-12-01T22:40:32.713+0000] {processor.py:829} INFO - Processing file /home/airflow/.local/lib/python3.8/site-packages/airflow/example_dags/example_branch_day_of_week_operator.py for tasks to queue
[2023-12-01T22:40:32.715+0000] {logging_mixin.py:154} INFO - [2023-12-01T22:40:32.715+0000] {dagbag.py:536} INFO - Filling up the DagBag from /home/airflow/.local/lib/python3.8/site-packages/airflow/example_dags/example_branch_day_of_week_operator.py
[2023-12-01T22:40:32.723+0000] {processor.py:839} INFO - DAG(s) dict_keys(['example_weekday_branch_operator']) retrieved from /home/airflow/.local/lib/python3.8/site-packages/airflow/example_dags/example_branch_day_of_week_operator.py
[2023-12-01T22:40:32.747+0000] {logging_mixin.py:154} INFO - [2023-12-01T22:40:32.747+0000] {dag.py:2941} INFO - Sync 1 DAGs
[2023-12-01T22:40:32.771+0000] {logging_mixin.py:154} INFO - [2023-12-01T22:40:32.770+0000] {dag.py:3722} INFO - Setting next_dagrun for example_weekday_branch_operator to 2023-11-30T00:00:00+00:00, run_after=2023-12-01T00:00:00+00:00
[2023-12-01T22:40:32.788+0000] {processor.py:179} INFO - Processing /home/airflow/.local/lib/python3.8/site-packages/airflow/example_dags/example_branch_day_of_week_operator.py took 0.078 seconds
[2023-12-01T22:41:03.188+0000] {processor.py:157} INFO - Started process (PID=346) to work on /home/airflow/.local/lib/python3.8/site-packages/airflow/example_dags/example_branch_day_of_week_operator.py
[2023-12-01T22:41:03.189+0000] {processor.py:829} INFO - Processing file /home/airflow/.local/lib/python3.8/site-packages/airflow/example_dags/example_branch_day_of_week_operator.py for tasks to queue
[2023-12-01T22:41:03.191+0000] {logging_mixin.py:154} INFO - [2023-12-01T22:41:03.190+0000] {dagbag.py:536} INFO - Filling up the DagBag from /home/airflow/.local/lib/python3.8/site-packages/airflow/example_dags/example_branch_day_of_week_operator.py
[2023-12-01T22:41:03.197+0000] {processor.py:839} INFO - DAG(s) dict_keys(['example_weekday_branch_operator']) retrieved from /home/airflow/.local/lib/python3.8/site-packages/airflow/example_dags/example_branch_day_of_week_operator.py
[2023-12-01T22:41:03.214+0000] {logging_mixin.py:154} INFO - [2023-12-01T22:41:03.214+0000] {dag.py:2941} INFO - Sync 1 DAGs
[2023-12-01T22:41:03.232+0000] {logging_mixin.py:154} INFO - [2023-12-01T22:41:03.232+0000] {dag.py:3722} INFO - Setting next_dagrun for example_weekday_branch_operator to 2023-11-30T00:00:00+00:00, run_after=2023-12-01T00:00:00+00:00
[2023-12-01T22:41:03.246+0000] {processor.py:179} INFO - Processing /home/airflow/.local/lib/python3.8/site-packages/airflow/example_dags/example_branch_day_of_week_operator.py took 0.061 seconds
