[2023-12-01T22:13:42.798+0000] {processor.py:157} INFO - Started process (PID=71) to work on /home/airflow/.local/lib/python3.8/site-packages/airflow/example_dags/example_branch_operator.py
[2023-12-01T22:13:42.799+0000] {processor.py:829} INFO - Processing file /home/airflow/.local/lib/python3.8/site-packages/airflow/example_dags/example_branch_operator.py for tasks to queue
[2023-12-01T22:13:42.802+0000] {logging_mixin.py:154} INFO - [2023-12-01T22:13:42.801+0000] {dagbag.py:536} INFO - Filling up the DagBag from /home/airflow/.local/lib/python3.8/site-packages/airflow/example_dags/example_branch_operator.py
[2023-12-01T22:13:42.818+0000] {processor.py:839} INFO - DAG(s) dict_keys(['example_branch_operator']) retrieved from /home/airflow/.local/lib/python3.8/site-packages/airflow/example_dags/example_branch_operator.py
[2023-12-01T22:13:42.842+0000] {logging_mixin.py:154} INFO - [2023-12-01T22:13:42.841+0000] {dag.py:2941} INFO - Sync 1 DAGs
[2023-12-01T22:13:42.864+0000] {logging_mixin.py:154} INFO - [2023-12-01T22:13:42.864+0000] {dag.py:3722} INFO - Setting next_dagrun for example_branch_operator to 2023-11-30T00:00:00+00:00, run_after=2023-12-01T00:00:00+00:00
[2023-12-01T22:13:42.884+0000] {processor.py:179} INFO - Processing /home/airflow/.local/lib/python3.8/site-packages/airflow/example_dags/example_branch_operator.py took 0.088 seconds
[2023-12-01T22:19:41.988+0000] {processor.py:157} INFO - Started process (PID=69) to work on /home/airflow/.local/lib/python3.8/site-packages/airflow/example_dags/example_branch_operator.py
[2023-12-01T22:19:41.989+0000] {processor.py:829} INFO - Processing file /home/airflow/.local/lib/python3.8/site-packages/airflow/example_dags/example_branch_operator.py for tasks to queue
[2023-12-01T22:19:41.991+0000] {logging_mixin.py:154} INFO - [2023-12-01T22:19:41.991+0000] {dagbag.py:536} INFO - Filling up the DagBag from /home/airflow/.local/lib/python3.8/site-packages/airflow/example_dags/example_branch_operator.py
[2023-12-01T22:19:41.999+0000] {processor.py:839} INFO - DAG(s) dict_keys(['example_branch_operator']) retrieved from /home/airflow/.local/lib/python3.8/site-packages/airflow/example_dags/example_branch_operator.py
[2023-12-01T22:19:42.016+0000] {logging_mixin.py:154} INFO - [2023-12-01T22:19:42.016+0000] {dag.py:2941} INFO - Sync 1 DAGs
[2023-12-01T22:19:42.037+0000] {logging_mixin.py:154} INFO - [2023-12-01T22:19:42.037+0000] {dag.py:3722} INFO - Setting next_dagrun for example_branch_operator to 2023-11-30T00:00:00+00:00, run_after=2023-12-01T00:00:00+00:00
[2023-12-01T22:19:42.059+0000] {processor.py:179} INFO - Processing /home/airflow/.local/lib/python3.8/site-packages/airflow/example_dags/example_branch_operator.py took 0.073 seconds
[2023-12-01T22:21:23.026+0000] {processor.py:157} INFO - Started process (PID=70) to work on /home/airflow/.local/lib/python3.8/site-packages/airflow/example_dags/example_branch_operator.py
[2023-12-01T22:21:23.028+0000] {processor.py:829} INFO - Processing file /home/airflow/.local/lib/python3.8/site-packages/airflow/example_dags/example_branch_operator.py for tasks to queue
[2023-12-01T22:21:23.031+0000] {logging_mixin.py:154} INFO - [2023-12-01T22:21:23.030+0000] {dagbag.py:536} INFO - Filling up the DagBag from /home/airflow/.local/lib/python3.8/site-packages/airflow/example_dags/example_branch_operator.py
[2023-12-01T22:21:23.043+0000] {processor.py:839} INFO - DAG(s) dict_keys(['example_branch_operator']) retrieved from /home/airflow/.local/lib/python3.8/site-packages/airflow/example_dags/example_branch_operator.py
[2023-12-01T22:21:23.054+0000] {logging_mixin.py:154} INFO - [2023-12-01T22:21:23.054+0000] {dag.py:2941} INFO - Sync 1 DAGs
[2023-12-01T22:21:23.078+0000] {logging_mixin.py:154} INFO - [2023-12-01T22:21:23.078+0000] {dag.py:3722} INFO - Setting next_dagrun for example_branch_operator to 2023-11-30T00:00:00+00:00, run_after=2023-12-01T00:00:00+00:00
[2023-12-01T22:21:23.100+0000] {processor.py:179} INFO - Processing /home/airflow/.local/lib/python3.8/site-packages/airflow/example_dags/example_branch_operator.py took 0.076 seconds
[2023-12-01T22:21:53.547+0000] {processor.py:157} INFO - Started process (PID=125) to work on /home/airflow/.local/lib/python3.8/site-packages/airflow/example_dags/example_branch_operator.py
[2023-12-01T22:21:53.547+0000] {processor.py:829} INFO - Processing file /home/airflow/.local/lib/python3.8/site-packages/airflow/example_dags/example_branch_operator.py for tasks to queue
[2023-12-01T22:21:53.549+0000] {logging_mixin.py:154} INFO - [2023-12-01T22:21:53.549+0000] {dagbag.py:536} INFO - Filling up the DagBag from /home/airflow/.local/lib/python3.8/site-packages/airflow/example_dags/example_branch_operator.py
[2023-12-01T22:21:53.556+0000] {processor.py:839} INFO - DAG(s) dict_keys(['example_branch_operator']) retrieved from /home/airflow/.local/lib/python3.8/site-packages/airflow/example_dags/example_branch_operator.py
[2023-12-01T22:21:53.573+0000] {logging_mixin.py:154} INFO - [2023-12-01T22:21:53.573+0000] {dag.py:2941} INFO - Sync 1 DAGs
[2023-12-01T22:21:53.591+0000] {logging_mixin.py:154} INFO - [2023-12-01T22:21:53.591+0000] {dag.py:3722} INFO - Setting next_dagrun for example_branch_operator to 2023-11-30T00:00:00+00:00, run_after=2023-12-01T00:00:00+00:00
[2023-12-01T22:21:53.605+0000] {processor.py:179} INFO - Processing /home/airflow/.local/lib/python3.8/site-packages/airflow/example_dags/example_branch_operator.py took 0.061 seconds
[2023-12-01T22:22:23.702+0000] {processor.py:157} INFO - Started process (PID=179) to work on /home/airflow/.local/lib/python3.8/site-packages/airflow/example_dags/example_branch_operator.py
[2023-12-01T22:22:23.703+0000] {processor.py:829} INFO - Processing file /home/airflow/.local/lib/python3.8/site-packages/airflow/example_dags/example_branch_operator.py for tasks to queue
[2023-12-01T22:22:23.705+0000] {logging_mixin.py:154} INFO - [2023-12-01T22:22:23.705+0000] {dagbag.py:536} INFO - Filling up the DagBag from /home/airflow/.local/lib/python3.8/site-packages/airflow/example_dags/example_branch_operator.py
[2023-12-01T22:22:23.711+0000] {processor.py:839} INFO - DAG(s) dict_keys(['example_branch_operator']) retrieved from /home/airflow/.local/lib/python3.8/site-packages/airflow/example_dags/example_branch_operator.py
[2023-12-01T22:22:23.728+0000] {logging_mixin.py:154} INFO - [2023-12-01T22:22:23.728+0000] {dag.py:2941} INFO - Sync 1 DAGs
[2023-12-01T22:22:23.746+0000] {logging_mixin.py:154} INFO - [2023-12-01T22:22:23.746+0000] {dag.py:3722} INFO - Setting next_dagrun for example_branch_operator to 2023-11-30T00:00:00+00:00, run_after=2023-12-01T00:00:00+00:00
[2023-12-01T22:22:23.759+0000] {processor.py:179} INFO - Processing /home/airflow/.local/lib/python3.8/site-packages/airflow/example_dags/example_branch_operator.py took 0.059 seconds
[2023-12-01T22:22:53.842+0000] {processor.py:157} INFO - Started process (PID=233) to work on /home/airflow/.local/lib/python3.8/site-packages/airflow/example_dags/example_branch_operator.py
[2023-12-01T22:22:53.843+0000] {processor.py:829} INFO - Processing file /home/airflow/.local/lib/python3.8/site-packages/airflow/example_dags/example_branch_operator.py for tasks to queue
[2023-12-01T22:22:53.845+0000] {logging_mixin.py:154} INFO - [2023-12-01T22:22:53.844+0000] {dagbag.py:536} INFO - Filling up the DagBag from /home/airflow/.local/lib/python3.8/site-packages/airflow/example_dags/example_branch_operator.py
[2023-12-01T22:22:53.851+0000] {processor.py:839} INFO - DAG(s) dict_keys(['example_branch_operator']) retrieved from /home/airflow/.local/lib/python3.8/site-packages/airflow/example_dags/example_branch_operator.py
[2023-12-01T22:22:53.870+0000] {logging_mixin.py:154} INFO - [2023-12-01T22:22:53.870+0000] {dag.py:2941} INFO - Sync 1 DAGs
[2023-12-01T22:22:53.888+0000] {logging_mixin.py:154} INFO - [2023-12-01T22:22:53.888+0000] {dag.py:3722} INFO - Setting next_dagrun for example_branch_operator to 2023-11-30T00:00:00+00:00, run_after=2023-12-01T00:00:00+00:00
[2023-12-01T22:22:53.902+0000] {processor.py:179} INFO - Processing /home/airflow/.local/lib/python3.8/site-packages/airflow/example_dags/example_branch_operator.py took 0.062 seconds
[2023-12-01T22:23:24.039+0000] {processor.py:157} INFO - Started process (PID=287) to work on /home/airflow/.local/lib/python3.8/site-packages/airflow/example_dags/example_branch_operator.py
[2023-12-01T22:23:24.040+0000] {processor.py:829} INFO - Processing file /home/airflow/.local/lib/python3.8/site-packages/airflow/example_dags/example_branch_operator.py for tasks to queue
[2023-12-01T22:23:24.043+0000] {logging_mixin.py:154} INFO - [2023-12-01T22:23:24.042+0000] {dagbag.py:536} INFO - Filling up the DagBag from /home/airflow/.local/lib/python3.8/site-packages/airflow/example_dags/example_branch_operator.py
[2023-12-01T22:23:24.051+0000] {processor.py:839} INFO - DAG(s) dict_keys(['example_branch_operator']) retrieved from /home/airflow/.local/lib/python3.8/site-packages/airflow/example_dags/example_branch_operator.py
[2023-12-01T22:23:24.069+0000] {logging_mixin.py:154} INFO - [2023-12-01T22:23:24.068+0000] {dag.py:2941} INFO - Sync 1 DAGs
[2023-12-01T22:23:24.090+0000] {logging_mixin.py:154} INFO - [2023-12-01T22:23:24.090+0000] {dag.py:3722} INFO - Setting next_dagrun for example_branch_operator to 2023-11-30T00:00:00+00:00, run_after=2023-12-01T00:00:00+00:00
[2023-12-01T22:23:24.109+0000] {processor.py:179} INFO - Processing /home/airflow/.local/lib/python3.8/site-packages/airflow/example_dags/example_branch_operator.py took 0.072 seconds
[2023-12-01T22:23:54.214+0000] {processor.py:157} INFO - Started process (PID=341) to work on /home/airflow/.local/lib/python3.8/site-packages/airflow/example_dags/example_branch_operator.py
[2023-12-01T22:23:54.215+0000] {processor.py:829} INFO - Processing file /home/airflow/.local/lib/python3.8/site-packages/airflow/example_dags/example_branch_operator.py for tasks to queue
[2023-12-01T22:23:54.216+0000] {logging_mixin.py:154} INFO - [2023-12-01T22:23:54.216+0000] {dagbag.py:536} INFO - Filling up the DagBag from /home/airflow/.local/lib/python3.8/site-packages/airflow/example_dags/example_branch_operator.py
[2023-12-01T22:23:54.223+0000] {processor.py:839} INFO - DAG(s) dict_keys(['example_branch_operator']) retrieved from /home/airflow/.local/lib/python3.8/site-packages/airflow/example_dags/example_branch_operator.py
[2023-12-01T22:23:54.238+0000] {logging_mixin.py:154} INFO - [2023-12-01T22:23:54.238+0000] {dag.py:2941} INFO - Sync 1 DAGs
[2023-12-01T22:23:54.256+0000] {logging_mixin.py:154} INFO - [2023-12-01T22:23:54.256+0000] {dag.py:3722} INFO - Setting next_dagrun for example_branch_operator to 2023-11-30T00:00:00+00:00, run_after=2023-12-01T00:00:00+00:00
[2023-12-01T22:23:54.269+0000] {processor.py:179} INFO - Processing /home/airflow/.local/lib/python3.8/site-packages/airflow/example_dags/example_branch_operator.py took 0.057 seconds
[2023-12-01T22:24:24.501+0000] {processor.py:157} INFO - Started process (PID=395) to work on /home/airflow/.local/lib/python3.8/site-packages/airflow/example_dags/example_branch_operator.py
[2023-12-01T22:24:24.502+0000] {processor.py:829} INFO - Processing file /home/airflow/.local/lib/python3.8/site-packages/airflow/example_dags/example_branch_operator.py for tasks to queue
[2023-12-01T22:24:24.504+0000] {logging_mixin.py:154} INFO - [2023-12-01T22:24:24.504+0000] {dagbag.py:536} INFO - Filling up the DagBag from /home/airflow/.local/lib/python3.8/site-packages/airflow/example_dags/example_branch_operator.py
[2023-12-01T22:24:24.511+0000] {processor.py:839} INFO - DAG(s) dict_keys(['example_branch_operator']) retrieved from /home/airflow/.local/lib/python3.8/site-packages/airflow/example_dags/example_branch_operator.py
[2023-12-01T22:24:24.528+0000] {logging_mixin.py:154} INFO - [2023-12-01T22:24:24.528+0000] {dag.py:2941} INFO - Sync 1 DAGs
[2023-12-01T22:24:24.545+0000] {logging_mixin.py:154} INFO - [2023-12-01T22:24:24.545+0000] {dag.py:3722} INFO - Setting next_dagrun for example_branch_operator to 2023-11-30T00:00:00+00:00, run_after=2023-12-01T00:00:00+00:00
[2023-12-01T22:24:24.558+0000] {processor.py:179} INFO - Processing /home/airflow/.local/lib/python3.8/site-packages/airflow/example_dags/example_branch_operator.py took 0.058 seconds
[2023-12-01T22:24:55.607+0000] {processor.py:157} INFO - Started process (PID=449) to work on /home/airflow/.local/lib/python3.8/site-packages/airflow/example_dags/example_branch_operator.py
[2023-12-01T22:24:55.608+0000] {processor.py:829} INFO - Processing file /home/airflow/.local/lib/python3.8/site-packages/airflow/example_dags/example_branch_operator.py for tasks to queue
[2023-12-01T22:24:55.609+0000] {logging_mixin.py:154} INFO - [2023-12-01T22:24:55.609+0000] {dagbag.py:536} INFO - Filling up the DagBag from /home/airflow/.local/lib/python3.8/site-packages/airflow/example_dags/example_branch_operator.py
[2023-12-01T22:24:55.615+0000] {processor.py:839} INFO - DAG(s) dict_keys(['example_branch_operator']) retrieved from /home/airflow/.local/lib/python3.8/site-packages/airflow/example_dags/example_branch_operator.py
[2023-12-01T22:24:55.631+0000] {logging_mixin.py:154} INFO - [2023-12-01T22:24:55.631+0000] {dag.py:2941} INFO - Sync 1 DAGs
[2023-12-01T22:24:55.648+0000] {logging_mixin.py:154} INFO - [2023-12-01T22:24:55.648+0000] {dag.py:3722} INFO - Setting next_dagrun for example_branch_operator to 2023-11-30T00:00:00+00:00, run_after=2023-12-01T00:00:00+00:00
[2023-12-01T22:24:55.664+0000] {processor.py:179} INFO - Processing /home/airflow/.local/lib/python3.8/site-packages/airflow/example_dags/example_branch_operator.py took 0.058 seconds
[2023-12-01T22:25:25.770+0000] {processor.py:157} INFO - Started process (PID=503) to work on /home/airflow/.local/lib/python3.8/site-packages/airflow/example_dags/example_branch_operator.py
[2023-12-01T22:25:25.771+0000] {processor.py:829} INFO - Processing file /home/airflow/.local/lib/python3.8/site-packages/airflow/example_dags/example_branch_operator.py for tasks to queue
[2023-12-01T22:25:25.772+0000] {logging_mixin.py:154} INFO - [2023-12-01T22:25:25.772+0000] {dagbag.py:536} INFO - Filling up the DagBag from /home/airflow/.local/lib/python3.8/site-packages/airflow/example_dags/example_branch_operator.py
[2023-12-01T22:25:25.779+0000] {processor.py:839} INFO - DAG(s) dict_keys(['example_branch_operator']) retrieved from /home/airflow/.local/lib/python3.8/site-packages/airflow/example_dags/example_branch_operator.py
[2023-12-01T22:25:25.794+0000] {logging_mixin.py:154} INFO - [2023-12-01T22:25:25.794+0000] {dag.py:2941} INFO - Sync 1 DAGs
[2023-12-01T22:25:25.814+0000] {logging_mixin.py:154} INFO - [2023-12-01T22:25:25.813+0000] {dag.py:3722} INFO - Setting next_dagrun for example_branch_operator to 2023-11-30T00:00:00+00:00, run_after=2023-12-01T00:00:00+00:00
[2023-12-01T22:25:25.827+0000] {processor.py:179} INFO - Processing /home/airflow/.local/lib/python3.8/site-packages/airflow/example_dags/example_branch_operator.py took 0.059 seconds
[2023-12-01T22:25:56.671+0000] {processor.py:157} INFO - Started process (PID=557) to work on /home/airflow/.local/lib/python3.8/site-packages/airflow/example_dags/example_branch_operator.py
[2023-12-01T22:25:56.672+0000] {processor.py:829} INFO - Processing file /home/airflow/.local/lib/python3.8/site-packages/airflow/example_dags/example_branch_operator.py for tasks to queue
[2023-12-01T22:25:56.674+0000] {logging_mixin.py:154} INFO - [2023-12-01T22:25:56.673+0000] {dagbag.py:536} INFO - Filling up the DagBag from /home/airflow/.local/lib/python3.8/site-packages/airflow/example_dags/example_branch_operator.py
[2023-12-01T22:25:56.680+0000] {processor.py:839} INFO - DAG(s) dict_keys(['example_branch_operator']) retrieved from /home/airflow/.local/lib/python3.8/site-packages/airflow/example_dags/example_branch_operator.py
[2023-12-01T22:25:56.695+0000] {logging_mixin.py:154} INFO - [2023-12-01T22:25:56.695+0000] {dag.py:2941} INFO - Sync 1 DAGs
[2023-12-01T22:25:56.712+0000] {logging_mixin.py:154} INFO - [2023-12-01T22:25:56.712+0000] {dag.py:3722} INFO - Setting next_dagrun for example_branch_operator to 2023-11-30T00:00:00+00:00, run_after=2023-12-01T00:00:00+00:00
[2023-12-01T22:25:56.726+0000] {processor.py:179} INFO - Processing /home/airflow/.local/lib/python3.8/site-packages/airflow/example_dags/example_branch_operator.py took 0.056 seconds
[2023-12-01T22:26:26.795+0000] {processor.py:157} INFO - Started process (PID=611) to work on /home/airflow/.local/lib/python3.8/site-packages/airflow/example_dags/example_branch_operator.py
[2023-12-01T22:26:26.796+0000] {processor.py:829} INFO - Processing file /home/airflow/.local/lib/python3.8/site-packages/airflow/example_dags/example_branch_operator.py for tasks to queue
[2023-12-01T22:26:26.797+0000] {logging_mixin.py:154} INFO - [2023-12-01T22:26:26.797+0000] {dagbag.py:536} INFO - Filling up the DagBag from /home/airflow/.local/lib/python3.8/site-packages/airflow/example_dags/example_branch_operator.py
[2023-12-01T22:26:26.803+0000] {processor.py:839} INFO - DAG(s) dict_keys(['example_branch_operator']) retrieved from /home/airflow/.local/lib/python3.8/site-packages/airflow/example_dags/example_branch_operator.py
[2023-12-01T22:26:26.819+0000] {logging_mixin.py:154} INFO - [2023-12-01T22:26:26.819+0000] {dag.py:2941} INFO - Sync 1 DAGs
[2023-12-01T22:26:26.837+0000] {logging_mixin.py:154} INFO - [2023-12-01T22:26:26.837+0000] {dag.py:3722} INFO - Setting next_dagrun for example_branch_operator to 2023-11-30T00:00:00+00:00, run_after=2023-12-01T00:00:00+00:00
[2023-12-01T22:26:26.850+0000] {processor.py:179} INFO - Processing /home/airflow/.local/lib/python3.8/site-packages/airflow/example_dags/example_branch_operator.py took 0.057 seconds
[2023-12-01T22:26:56.919+0000] {processor.py:157} INFO - Started process (PID=665) to work on /home/airflow/.local/lib/python3.8/site-packages/airflow/example_dags/example_branch_operator.py
[2023-12-01T22:26:56.920+0000] {processor.py:829} INFO - Processing file /home/airflow/.local/lib/python3.8/site-packages/airflow/example_dags/example_branch_operator.py for tasks to queue
[2023-12-01T22:26:56.922+0000] {logging_mixin.py:154} INFO - [2023-12-01T22:26:56.921+0000] {dagbag.py:536} INFO - Filling up the DagBag from /home/airflow/.local/lib/python3.8/site-packages/airflow/example_dags/example_branch_operator.py
[2023-12-01T22:26:56.928+0000] {processor.py:839} INFO - DAG(s) dict_keys(['example_branch_operator']) retrieved from /home/airflow/.local/lib/python3.8/site-packages/airflow/example_dags/example_branch_operator.py
[2023-12-01T22:26:56.943+0000] {logging_mixin.py:154} INFO - [2023-12-01T22:26:56.943+0000] {dag.py:2941} INFO - Sync 1 DAGs
[2023-12-01T22:26:56.962+0000] {logging_mixin.py:154} INFO - [2023-12-01T22:26:56.962+0000] {dag.py:3722} INFO - Setting next_dagrun for example_branch_operator to 2023-11-30T00:00:00+00:00, run_after=2023-12-01T00:00:00+00:00
[2023-12-01T22:26:56.975+0000] {processor.py:179} INFO - Processing /home/airflow/.local/lib/python3.8/site-packages/airflow/example_dags/example_branch_operator.py took 0.057 seconds
[2023-12-01T22:27:27.062+0000] {processor.py:157} INFO - Started process (PID=719) to work on /home/airflow/.local/lib/python3.8/site-packages/airflow/example_dags/example_branch_operator.py
[2023-12-01T22:27:27.063+0000] {processor.py:829} INFO - Processing file /home/airflow/.local/lib/python3.8/site-packages/airflow/example_dags/example_branch_operator.py for tasks to queue
[2023-12-01T22:27:27.064+0000] {logging_mixin.py:154} INFO - [2023-12-01T22:27:27.064+0000] {dagbag.py:536} INFO - Filling up the DagBag from /home/airflow/.local/lib/python3.8/site-packages/airflow/example_dags/example_branch_operator.py
[2023-12-01T22:27:27.071+0000] {processor.py:839} INFO - DAG(s) dict_keys(['example_branch_operator']) retrieved from /home/airflow/.local/lib/python3.8/site-packages/airflow/example_dags/example_branch_operator.py
[2023-12-01T22:27:27.086+0000] {logging_mixin.py:154} INFO - [2023-12-01T22:27:27.086+0000] {dag.py:2941} INFO - Sync 1 DAGs
[2023-12-01T22:27:27.102+0000] {logging_mixin.py:154} INFO - [2023-12-01T22:27:27.102+0000] {dag.py:3722} INFO - Setting next_dagrun for example_branch_operator to 2023-11-30T00:00:00+00:00, run_after=2023-12-01T00:00:00+00:00
[2023-12-01T22:27:27.117+0000] {processor.py:179} INFO - Processing /home/airflow/.local/lib/python3.8/site-packages/airflow/example_dags/example_branch_operator.py took 0.056 seconds
[2023-12-01T22:27:57.958+0000] {processor.py:157} INFO - Started process (PID=773) to work on /home/airflow/.local/lib/python3.8/site-packages/airflow/example_dags/example_branch_operator.py
[2023-12-01T22:27:57.959+0000] {processor.py:829} INFO - Processing file /home/airflow/.local/lib/python3.8/site-packages/airflow/example_dags/example_branch_operator.py for tasks to queue
[2023-12-01T22:27:57.961+0000] {logging_mixin.py:154} INFO - [2023-12-01T22:27:57.960+0000] {dagbag.py:536} INFO - Filling up the DagBag from /home/airflow/.local/lib/python3.8/site-packages/airflow/example_dags/example_branch_operator.py
[2023-12-01T22:27:57.967+0000] {processor.py:839} INFO - DAG(s) dict_keys(['example_branch_operator']) retrieved from /home/airflow/.local/lib/python3.8/site-packages/airflow/example_dags/example_branch_operator.py
[2023-12-01T22:27:57.983+0000] {logging_mixin.py:154} INFO - [2023-12-01T22:27:57.982+0000] {dag.py:2941} INFO - Sync 1 DAGs
[2023-12-01T22:27:58.001+0000] {logging_mixin.py:154} INFO - [2023-12-01T22:27:58.001+0000] {dag.py:3722} INFO - Setting next_dagrun for example_branch_operator to 2023-11-30T00:00:00+00:00, run_after=2023-12-01T00:00:00+00:00
[2023-12-01T22:27:58.014+0000] {processor.py:179} INFO - Processing /home/airflow/.local/lib/python3.8/site-packages/airflow/example_dags/example_branch_operator.py took 0.058 seconds
[2023-12-01T22:28:28.239+0000] {processor.py:157} INFO - Started process (PID=827) to work on /home/airflow/.local/lib/python3.8/site-packages/airflow/example_dags/example_branch_operator.py
[2023-12-01T22:28:28.240+0000] {processor.py:829} INFO - Processing file /home/airflow/.local/lib/python3.8/site-packages/airflow/example_dags/example_branch_operator.py for tasks to queue
[2023-12-01T22:28:28.241+0000] {logging_mixin.py:154} INFO - [2023-12-01T22:28:28.241+0000] {dagbag.py:536} INFO - Filling up the DagBag from /home/airflow/.local/lib/python3.8/site-packages/airflow/example_dags/example_branch_operator.py
[2023-12-01T22:28:28.247+0000] {processor.py:839} INFO - DAG(s) dict_keys(['example_branch_operator']) retrieved from /home/airflow/.local/lib/python3.8/site-packages/airflow/example_dags/example_branch_operator.py
[2023-12-01T22:28:28.262+0000] {logging_mixin.py:154} INFO - [2023-12-01T22:28:28.262+0000] {dag.py:2941} INFO - Sync 1 DAGs
[2023-12-01T22:28:28.280+0000] {logging_mixin.py:154} INFO - [2023-12-01T22:28:28.280+0000] {dag.py:3722} INFO - Setting next_dagrun for example_branch_operator to 2023-11-30T00:00:00+00:00, run_after=2023-12-01T00:00:00+00:00
[2023-12-01T22:28:28.295+0000] {processor.py:179} INFO - Processing /home/airflow/.local/lib/python3.8/site-packages/airflow/example_dags/example_branch_operator.py took 0.058 seconds
[2023-12-01T22:28:58.385+0000] {processor.py:157} INFO - Started process (PID=881) to work on /home/airflow/.local/lib/python3.8/site-packages/airflow/example_dags/example_branch_operator.py
[2023-12-01T22:28:58.386+0000] {processor.py:829} INFO - Processing file /home/airflow/.local/lib/python3.8/site-packages/airflow/example_dags/example_branch_operator.py for tasks to queue
[2023-12-01T22:28:58.388+0000] {logging_mixin.py:154} INFO - [2023-12-01T22:28:58.387+0000] {dagbag.py:536} INFO - Filling up the DagBag from /home/airflow/.local/lib/python3.8/site-packages/airflow/example_dags/example_branch_operator.py
[2023-12-01T22:28:58.394+0000] {processor.py:839} INFO - DAG(s) dict_keys(['example_branch_operator']) retrieved from /home/airflow/.local/lib/python3.8/site-packages/airflow/example_dags/example_branch_operator.py
[2023-12-01T22:28:58.409+0000] {logging_mixin.py:154} INFO - [2023-12-01T22:28:58.408+0000] {dag.py:2941} INFO - Sync 1 DAGs
[2023-12-01T22:28:58.427+0000] {logging_mixin.py:154} INFO - [2023-12-01T22:28:58.427+0000] {dag.py:3722} INFO - Setting next_dagrun for example_branch_operator to 2023-11-30T00:00:00+00:00, run_after=2023-12-01T00:00:00+00:00
[2023-12-01T22:28:58.440+0000] {processor.py:179} INFO - Processing /home/airflow/.local/lib/python3.8/site-packages/airflow/example_dags/example_branch_operator.py took 0.057 seconds
[2023-12-01T22:29:28.601+0000] {processor.py:157} INFO - Started process (PID=935) to work on /home/airflow/.local/lib/python3.8/site-packages/airflow/example_dags/example_branch_operator.py
[2023-12-01T22:29:28.602+0000] {processor.py:829} INFO - Processing file /home/airflow/.local/lib/python3.8/site-packages/airflow/example_dags/example_branch_operator.py for tasks to queue
[2023-12-01T22:29:28.604+0000] {logging_mixin.py:154} INFO - [2023-12-01T22:29:28.603+0000] {dagbag.py:536} INFO - Filling up the DagBag from /home/airflow/.local/lib/python3.8/site-packages/airflow/example_dags/example_branch_operator.py
[2023-12-01T22:29:28.610+0000] {processor.py:839} INFO - DAG(s) dict_keys(['example_branch_operator']) retrieved from /home/airflow/.local/lib/python3.8/site-packages/airflow/example_dags/example_branch_operator.py
[2023-12-01T22:29:28.625+0000] {logging_mixin.py:154} INFO - [2023-12-01T22:29:28.625+0000] {dag.py:2941} INFO - Sync 1 DAGs
[2023-12-01T22:29:28.641+0000] {logging_mixin.py:154} INFO - [2023-12-01T22:29:28.641+0000] {dag.py:3722} INFO - Setting next_dagrun for example_branch_operator to 2023-11-30T00:00:00+00:00, run_after=2023-12-01T00:00:00+00:00
[2023-12-01T22:29:28.654+0000] {processor.py:179} INFO - Processing /home/airflow/.local/lib/python3.8/site-packages/airflow/example_dags/example_branch_operator.py took 0.055 seconds
[2023-12-01T22:29:58.700+0000] {processor.py:157} INFO - Started process (PID=989) to work on /home/airflow/.local/lib/python3.8/site-packages/airflow/example_dags/example_branch_operator.py
[2023-12-01T22:29:58.701+0000] {processor.py:829} INFO - Processing file /home/airflow/.local/lib/python3.8/site-packages/airflow/example_dags/example_branch_operator.py for tasks to queue
[2023-12-01T22:29:58.703+0000] {logging_mixin.py:154} INFO - [2023-12-01T22:29:58.703+0000] {dagbag.py:536} INFO - Filling up the DagBag from /home/airflow/.local/lib/python3.8/site-packages/airflow/example_dags/example_branch_operator.py
[2023-12-01T22:29:58.709+0000] {processor.py:839} INFO - DAG(s) dict_keys(['example_branch_operator']) retrieved from /home/airflow/.local/lib/python3.8/site-packages/airflow/example_dags/example_branch_operator.py
[2023-12-01T22:29:58.723+0000] {logging_mixin.py:154} INFO - [2023-12-01T22:29:58.723+0000] {dag.py:2941} INFO - Sync 1 DAGs
[2023-12-01T22:29:58.740+0000] {logging_mixin.py:154} INFO - [2023-12-01T22:29:58.740+0000] {dag.py:3722} INFO - Setting next_dagrun for example_branch_operator to 2023-11-30T00:00:00+00:00, run_after=2023-12-01T00:00:00+00:00
[2023-12-01T22:29:58.753+0000] {processor.py:179} INFO - Processing /home/airflow/.local/lib/python3.8/site-packages/airflow/example_dags/example_branch_operator.py took 0.055 seconds
[2023-12-01T22:30:28.783+0000] {processor.py:157} INFO - Started process (PID=1043) to work on /home/airflow/.local/lib/python3.8/site-packages/airflow/example_dags/example_branch_operator.py
[2023-12-01T22:30:28.784+0000] {processor.py:829} INFO - Processing file /home/airflow/.local/lib/python3.8/site-packages/airflow/example_dags/example_branch_operator.py for tasks to queue
[2023-12-01T22:30:28.785+0000] {logging_mixin.py:154} INFO - [2023-12-01T22:30:28.785+0000] {dagbag.py:536} INFO - Filling up the DagBag from /home/airflow/.local/lib/python3.8/site-packages/airflow/example_dags/example_branch_operator.py
[2023-12-01T22:30:28.792+0000] {processor.py:839} INFO - DAG(s) dict_keys(['example_branch_operator']) retrieved from /home/airflow/.local/lib/python3.8/site-packages/airflow/example_dags/example_branch_operator.py
[2023-12-01T22:30:28.809+0000] {logging_mixin.py:154} INFO - [2023-12-01T22:30:28.808+0000] {dag.py:2941} INFO - Sync 1 DAGs
[2023-12-01T22:30:28.825+0000] {logging_mixin.py:154} INFO - [2023-12-01T22:30:28.825+0000] {dag.py:3722} INFO - Setting next_dagrun for example_branch_operator to 2023-11-30T00:00:00+00:00, run_after=2023-12-01T00:00:00+00:00
[2023-12-01T22:30:28.838+0000] {processor.py:179} INFO - Processing /home/airflow/.local/lib/python3.8/site-packages/airflow/example_dags/example_branch_operator.py took 0.057 seconds
[2023-12-01T22:30:58.925+0000] {processor.py:157} INFO - Started process (PID=1097) to work on /home/airflow/.local/lib/python3.8/site-packages/airflow/example_dags/example_branch_operator.py
[2023-12-01T22:30:58.926+0000] {processor.py:829} INFO - Processing file /home/airflow/.local/lib/python3.8/site-packages/airflow/example_dags/example_branch_operator.py for tasks to queue
[2023-12-01T22:30:58.927+0000] {logging_mixin.py:154} INFO - [2023-12-01T22:30:58.927+0000] {dagbag.py:536} INFO - Filling up the DagBag from /home/airflow/.local/lib/python3.8/site-packages/airflow/example_dags/example_branch_operator.py
[2023-12-01T22:30:58.934+0000] {processor.py:839} INFO - DAG(s) dict_keys(['example_branch_operator']) retrieved from /home/airflow/.local/lib/python3.8/site-packages/airflow/example_dags/example_branch_operator.py
[2023-12-01T22:30:58.949+0000] {logging_mixin.py:154} INFO - [2023-12-01T22:30:58.949+0000] {dag.py:2941} INFO - Sync 1 DAGs
[2023-12-01T22:30:58.966+0000] {logging_mixin.py:154} INFO - [2023-12-01T22:30:58.966+0000] {dag.py:3722} INFO - Setting next_dagrun for example_branch_operator to 2023-11-30T00:00:00+00:00, run_after=2023-12-01T00:00:00+00:00
[2023-12-01T22:30:58.982+0000] {processor.py:179} INFO - Processing /home/airflow/.local/lib/python3.8/site-packages/airflow/example_dags/example_branch_operator.py took 0.059 seconds
[2023-12-01T22:31:29.111+0000] {processor.py:157} INFO - Started process (PID=1151) to work on /home/airflow/.local/lib/python3.8/site-packages/airflow/example_dags/example_branch_operator.py
[2023-12-01T22:31:29.111+0000] {processor.py:829} INFO - Processing file /home/airflow/.local/lib/python3.8/site-packages/airflow/example_dags/example_branch_operator.py for tasks to queue
[2023-12-01T22:31:29.113+0000] {logging_mixin.py:154} INFO - [2023-12-01T22:31:29.113+0000] {dagbag.py:536} INFO - Filling up the DagBag from /home/airflow/.local/lib/python3.8/site-packages/airflow/example_dags/example_branch_operator.py
[2023-12-01T22:31:29.119+0000] {processor.py:839} INFO - DAG(s) dict_keys(['example_branch_operator']) retrieved from /home/airflow/.local/lib/python3.8/site-packages/airflow/example_dags/example_branch_operator.py
[2023-12-01T22:31:29.134+0000] {logging_mixin.py:154} INFO - [2023-12-01T22:31:29.134+0000] {dag.py:2941} INFO - Sync 1 DAGs
[2023-12-01T22:31:29.152+0000] {logging_mixin.py:154} INFO - [2023-12-01T22:31:29.152+0000] {dag.py:3722} INFO - Setting next_dagrun for example_branch_operator to 2023-11-30T00:00:00+00:00, run_after=2023-12-01T00:00:00+00:00
[2023-12-01T22:31:29.164+0000] {processor.py:179} INFO - Processing /home/airflow/.local/lib/python3.8/site-packages/airflow/example_dags/example_branch_operator.py took 0.056 seconds
[2023-12-01T22:31:59.239+0000] {processor.py:157} INFO - Started process (PID=1205) to work on /home/airflow/.local/lib/python3.8/site-packages/airflow/example_dags/example_branch_operator.py
[2023-12-01T22:31:59.239+0000] {processor.py:829} INFO - Processing file /home/airflow/.local/lib/python3.8/site-packages/airflow/example_dags/example_branch_operator.py for tasks to queue
[2023-12-01T22:31:59.241+0000] {logging_mixin.py:154} INFO - [2023-12-01T22:31:59.241+0000] {dagbag.py:536} INFO - Filling up the DagBag from /home/airflow/.local/lib/python3.8/site-packages/airflow/example_dags/example_branch_operator.py
[2023-12-01T22:31:59.247+0000] {processor.py:839} INFO - DAG(s) dict_keys(['example_branch_operator']) retrieved from /home/airflow/.local/lib/python3.8/site-packages/airflow/example_dags/example_branch_operator.py
[2023-12-01T22:31:59.262+0000] {logging_mixin.py:154} INFO - [2023-12-01T22:31:59.262+0000] {dag.py:2941} INFO - Sync 1 DAGs
[2023-12-01T22:31:59.282+0000] {logging_mixin.py:154} INFO - [2023-12-01T22:31:59.281+0000] {dag.py:3722} INFO - Setting next_dagrun for example_branch_operator to 2023-11-30T00:00:00+00:00, run_after=2023-12-01T00:00:00+00:00
[2023-12-01T22:31:59.295+0000] {processor.py:179} INFO - Processing /home/airflow/.local/lib/python3.8/site-packages/airflow/example_dags/example_branch_operator.py took 0.058 seconds
[2023-12-01T22:32:29.389+0000] {processor.py:157} INFO - Started process (PID=1259) to work on /home/airflow/.local/lib/python3.8/site-packages/airflow/example_dags/example_branch_operator.py
[2023-12-01T22:32:29.390+0000] {processor.py:829} INFO - Processing file /home/airflow/.local/lib/python3.8/site-packages/airflow/example_dags/example_branch_operator.py for tasks to queue
[2023-12-01T22:32:29.391+0000] {logging_mixin.py:154} INFO - [2023-12-01T22:32:29.391+0000] {dagbag.py:536} INFO - Filling up the DagBag from /home/airflow/.local/lib/python3.8/site-packages/airflow/example_dags/example_branch_operator.py
[2023-12-01T22:32:29.397+0000] {processor.py:839} INFO - DAG(s) dict_keys(['example_branch_operator']) retrieved from /home/airflow/.local/lib/python3.8/site-packages/airflow/example_dags/example_branch_operator.py
[2023-12-01T22:32:29.412+0000] {logging_mixin.py:154} INFO - [2023-12-01T22:32:29.412+0000] {dag.py:2941} INFO - Sync 1 DAGs
[2023-12-01T22:32:29.430+0000] {logging_mixin.py:154} INFO - [2023-12-01T22:32:29.430+0000] {dag.py:3722} INFO - Setting next_dagrun for example_branch_operator to 2023-11-30T00:00:00+00:00, run_after=2023-12-01T00:00:00+00:00
[2023-12-01T22:32:29.444+0000] {processor.py:179} INFO - Processing /home/airflow/.local/lib/python3.8/site-packages/airflow/example_dags/example_branch_operator.py took 0.057 seconds
[2023-12-01T22:32:59.865+0000] {processor.py:157} INFO - Started process (PID=1313) to work on /home/airflow/.local/lib/python3.8/site-packages/airflow/example_dags/example_branch_operator.py
[2023-12-01T22:32:59.867+0000] {processor.py:829} INFO - Processing file /home/airflow/.local/lib/python3.8/site-packages/airflow/example_dags/example_branch_operator.py for tasks to queue
[2023-12-01T22:32:59.869+0000] {logging_mixin.py:154} INFO - [2023-12-01T22:32:59.869+0000] {dagbag.py:536} INFO - Filling up the DagBag from /home/airflow/.local/lib/python3.8/site-packages/airflow/example_dags/example_branch_operator.py
[2023-12-01T22:32:59.875+0000] {processor.py:839} INFO - DAG(s) dict_keys(['example_branch_operator']) retrieved from /home/airflow/.local/lib/python3.8/site-packages/airflow/example_dags/example_branch_operator.py
[2023-12-01T22:32:59.892+0000] {logging_mixin.py:154} INFO - [2023-12-01T22:32:59.891+0000] {dag.py:2941} INFO - Sync 1 DAGs
[2023-12-01T22:32:59.912+0000] {logging_mixin.py:154} INFO - [2023-12-01T22:32:59.912+0000] {dag.py:3722} INFO - Setting next_dagrun for example_branch_operator to 2023-11-30T00:00:00+00:00, run_after=2023-12-01T00:00:00+00:00
[2023-12-01T22:32:59.927+0000] {processor.py:179} INFO - Processing /home/airflow/.local/lib/python3.8/site-packages/airflow/example_dags/example_branch_operator.py took 0.064 seconds
[2023-12-01T22:33:30.157+0000] {processor.py:157} INFO - Started process (PID=1368) to work on /home/airflow/.local/lib/python3.8/site-packages/airflow/example_dags/example_branch_operator.py
[2023-12-01T22:33:30.157+0000] {processor.py:829} INFO - Processing file /home/airflow/.local/lib/python3.8/site-packages/airflow/example_dags/example_branch_operator.py for tasks to queue
[2023-12-01T22:33:30.159+0000] {logging_mixin.py:154} INFO - [2023-12-01T22:33:30.159+0000] {dagbag.py:536} INFO - Filling up the DagBag from /home/airflow/.local/lib/python3.8/site-packages/airflow/example_dags/example_branch_operator.py
[2023-12-01T22:33:30.165+0000] {processor.py:839} INFO - DAG(s) dict_keys(['example_branch_operator']) retrieved from /home/airflow/.local/lib/python3.8/site-packages/airflow/example_dags/example_branch_operator.py
[2023-12-01T22:33:30.181+0000] {logging_mixin.py:154} INFO - [2023-12-01T22:33:30.181+0000] {dag.py:2941} INFO - Sync 1 DAGs
[2023-12-01T22:33:30.200+0000] {logging_mixin.py:154} INFO - [2023-12-01T22:33:30.200+0000] {dag.py:3722} INFO - Setting next_dagrun for example_branch_operator to 2023-11-30T00:00:00+00:00, run_after=2023-12-01T00:00:00+00:00
[2023-12-01T22:33:30.216+0000] {processor.py:179} INFO - Processing /home/airflow/.local/lib/python3.8/site-packages/airflow/example_dags/example_branch_operator.py took 0.062 seconds
[2023-12-01T22:34:00.439+0000] {processor.py:157} INFO - Started process (PID=1422) to work on /home/airflow/.local/lib/python3.8/site-packages/airflow/example_dags/example_branch_operator.py
[2023-12-01T22:34:00.440+0000] {processor.py:829} INFO - Processing file /home/airflow/.local/lib/python3.8/site-packages/airflow/example_dags/example_branch_operator.py for tasks to queue
[2023-12-01T22:34:00.442+0000] {logging_mixin.py:154} INFO - [2023-12-01T22:34:00.442+0000] {dagbag.py:536} INFO - Filling up the DagBag from /home/airflow/.local/lib/python3.8/site-packages/airflow/example_dags/example_branch_operator.py
[2023-12-01T22:34:00.448+0000] {processor.py:839} INFO - DAG(s) dict_keys(['example_branch_operator']) retrieved from /home/airflow/.local/lib/python3.8/site-packages/airflow/example_dags/example_branch_operator.py
[2023-12-01T22:34:00.465+0000] {logging_mixin.py:154} INFO - [2023-12-01T22:34:00.465+0000] {dag.py:2941} INFO - Sync 1 DAGs
[2023-12-01T22:34:00.484+0000] {logging_mixin.py:154} INFO - [2023-12-01T22:34:00.483+0000] {dag.py:3722} INFO - Setting next_dagrun for example_branch_operator to 2023-11-30T00:00:00+00:00, run_after=2023-12-01T00:00:00+00:00
[2023-12-01T22:34:00.498+0000] {processor.py:179} INFO - Processing /home/airflow/.local/lib/python3.8/site-packages/airflow/example_dags/example_branch_operator.py took 0.061 seconds
[2023-12-01T22:34:31.228+0000] {processor.py:157} INFO - Started process (PID=1476) to work on /home/airflow/.local/lib/python3.8/site-packages/airflow/example_dags/example_branch_operator.py
[2023-12-01T22:34:31.229+0000] {processor.py:829} INFO - Processing file /home/airflow/.local/lib/python3.8/site-packages/airflow/example_dags/example_branch_operator.py for tasks to queue
[2023-12-01T22:34:31.230+0000] {logging_mixin.py:154} INFO - [2023-12-01T22:34:31.230+0000] {dagbag.py:536} INFO - Filling up the DagBag from /home/airflow/.local/lib/python3.8/site-packages/airflow/example_dags/example_branch_operator.py
[2023-12-01T22:34:31.239+0000] {processor.py:839} INFO - DAG(s) dict_keys(['example_branch_operator']) retrieved from /home/airflow/.local/lib/python3.8/site-packages/airflow/example_dags/example_branch_operator.py
[2023-12-01T22:34:31.257+0000] {logging_mixin.py:154} INFO - [2023-12-01T22:34:31.257+0000] {dag.py:2941} INFO - Sync 1 DAGs
[2023-12-01T22:34:31.277+0000] {logging_mixin.py:154} INFO - [2023-12-01T22:34:31.277+0000] {dag.py:3722} INFO - Setting next_dagrun for example_branch_operator to 2023-11-30T00:00:00+00:00, run_after=2023-12-01T00:00:00+00:00
[2023-12-01T22:34:31.294+0000] {processor.py:179} INFO - Processing /home/airflow/.local/lib/python3.8/site-packages/airflow/example_dags/example_branch_operator.py took 0.068 seconds
[2023-12-01T22:35:01.618+0000] {processor.py:157} INFO - Started process (PID=1530) to work on /home/airflow/.local/lib/python3.8/site-packages/airflow/example_dags/example_branch_operator.py
[2023-12-01T22:35:01.619+0000] {processor.py:829} INFO - Processing file /home/airflow/.local/lib/python3.8/site-packages/airflow/example_dags/example_branch_operator.py for tasks to queue
[2023-12-01T22:35:01.621+0000] {logging_mixin.py:154} INFO - [2023-12-01T22:35:01.621+0000] {dagbag.py:536} INFO - Filling up the DagBag from /home/airflow/.local/lib/python3.8/site-packages/airflow/example_dags/example_branch_operator.py
[2023-12-01T22:35:01.631+0000] {processor.py:839} INFO - DAG(s) dict_keys(['example_branch_operator']) retrieved from /home/airflow/.local/lib/python3.8/site-packages/airflow/example_dags/example_branch_operator.py
[2023-12-01T22:35:01.653+0000] {logging_mixin.py:154} INFO - [2023-12-01T22:35:01.653+0000] {dag.py:2941} INFO - Sync 1 DAGs
[2023-12-01T22:35:01.677+0000] {logging_mixin.py:154} INFO - [2023-12-01T22:35:01.677+0000] {dag.py:3722} INFO - Setting next_dagrun for example_branch_operator to 2023-11-30T00:00:00+00:00, run_after=2023-12-01T00:00:00+00:00
[2023-12-01T22:35:01.694+0000] {processor.py:179} INFO - Processing /home/airflow/.local/lib/python3.8/site-packages/airflow/example_dags/example_branch_operator.py took 0.082 seconds
[2023-12-01T22:35:31.934+0000] {processor.py:157} INFO - Started process (PID=1584) to work on /home/airflow/.local/lib/python3.8/site-packages/airflow/example_dags/example_branch_operator.py
[2023-12-01T22:35:31.935+0000] {processor.py:829} INFO - Processing file /home/airflow/.local/lib/python3.8/site-packages/airflow/example_dags/example_branch_operator.py for tasks to queue
[2023-12-01T22:35:31.937+0000] {logging_mixin.py:154} INFO - [2023-12-01T22:35:31.937+0000] {dagbag.py:536} INFO - Filling up the DagBag from /home/airflow/.local/lib/python3.8/site-packages/airflow/example_dags/example_branch_operator.py
[2023-12-01T22:35:31.946+0000] {processor.py:839} INFO - DAG(s) dict_keys(['example_branch_operator']) retrieved from /home/airflow/.local/lib/python3.8/site-packages/airflow/example_dags/example_branch_operator.py
[2023-12-01T22:35:31.966+0000] {logging_mixin.py:154} INFO - [2023-12-01T22:35:31.966+0000] {dag.py:2941} INFO - Sync 1 DAGs
[2023-12-01T22:35:31.995+0000] {logging_mixin.py:154} INFO - [2023-12-01T22:35:31.995+0000] {dag.py:3722} INFO - Setting next_dagrun for example_branch_operator to 2023-11-30T00:00:00+00:00, run_after=2023-12-01T00:00:00+00:00
[2023-12-01T22:35:32.015+0000] {processor.py:179} INFO - Processing /home/airflow/.local/lib/python3.8/site-packages/airflow/example_dags/example_branch_operator.py took 0.084 seconds
[2023-12-01T22:38:30.299+0000] {processor.py:157} INFO - Started process (PID=70) to work on /home/airflow/.local/lib/python3.8/site-packages/airflow/example_dags/example_branch_operator.py
[2023-12-01T22:38:30.300+0000] {processor.py:829} INFO - Processing file /home/airflow/.local/lib/python3.8/site-packages/airflow/example_dags/example_branch_operator.py for tasks to queue
[2023-12-01T22:38:30.303+0000] {logging_mixin.py:154} INFO - [2023-12-01T22:38:30.302+0000] {dagbag.py:536} INFO - Filling up the DagBag from /home/airflow/.local/lib/python3.8/site-packages/airflow/example_dags/example_branch_operator.py
[2023-12-01T22:38:30.313+0000] {processor.py:839} INFO - DAG(s) dict_keys(['example_branch_operator']) retrieved from /home/airflow/.local/lib/python3.8/site-packages/airflow/example_dags/example_branch_operator.py
[2023-12-01T22:38:30.328+0000] {logging_mixin.py:154} INFO - [2023-12-01T22:38:30.328+0000] {dag.py:2941} INFO - Sync 1 DAGs
[2023-12-01T22:38:30.355+0000] {logging_mixin.py:154} INFO - [2023-12-01T22:38:30.355+0000] {dag.py:3722} INFO - Setting next_dagrun for example_branch_operator to 2023-11-30T00:00:00+00:00, run_after=2023-12-01T00:00:00+00:00
[2023-12-01T22:38:30.374+0000] {processor.py:179} INFO - Processing /home/airflow/.local/lib/python3.8/site-packages/airflow/example_dags/example_branch_operator.py took 0.078 seconds
[2023-12-01T22:39:00.923+0000] {processor.py:157} INFO - Started process (PID=124) to work on /home/airflow/.local/lib/python3.8/site-packages/airflow/example_dags/example_branch_operator.py
[2023-12-01T22:39:00.924+0000] {processor.py:829} INFO - Processing file /home/airflow/.local/lib/python3.8/site-packages/airflow/example_dags/example_branch_operator.py for tasks to queue
[2023-12-01T22:39:00.926+0000] {logging_mixin.py:154} INFO - [2023-12-01T22:39:00.926+0000] {dagbag.py:536} INFO - Filling up the DagBag from /home/airflow/.local/lib/python3.8/site-packages/airflow/example_dags/example_branch_operator.py
[2023-12-01T22:39:00.936+0000] {processor.py:839} INFO - DAG(s) dict_keys(['example_branch_operator']) retrieved from /home/airflow/.local/lib/python3.8/site-packages/airflow/example_dags/example_branch_operator.py
[2023-12-01T22:39:00.958+0000] {logging_mixin.py:154} INFO - [2023-12-01T22:39:00.958+0000] {dag.py:2941} INFO - Sync 1 DAGs
[2023-12-01T22:39:00.983+0000] {logging_mixin.py:154} INFO - [2023-12-01T22:39:00.983+0000] {dag.py:3722} INFO - Setting next_dagrun for example_branch_operator to 2023-11-30T00:00:00+00:00, run_after=2023-12-01T00:00:00+00:00
[2023-12-01T22:39:01.003+0000] {processor.py:179} INFO - Processing /home/airflow/.local/lib/python3.8/site-packages/airflow/example_dags/example_branch_operator.py took 0.083 seconds
[2023-12-01T22:39:31.438+0000] {processor.py:157} INFO - Started process (PID=178) to work on /home/airflow/.local/lib/python3.8/site-packages/airflow/example_dags/example_branch_operator.py
[2023-12-01T22:39:31.439+0000] {processor.py:829} INFO - Processing file /home/airflow/.local/lib/python3.8/site-packages/airflow/example_dags/example_branch_operator.py for tasks to queue
[2023-12-01T22:39:31.441+0000] {logging_mixin.py:154} INFO - [2023-12-01T22:39:31.441+0000] {dagbag.py:536} INFO - Filling up the DagBag from /home/airflow/.local/lib/python3.8/site-packages/airflow/example_dags/example_branch_operator.py
[2023-12-01T22:39:31.448+0000] {processor.py:839} INFO - DAG(s) dict_keys(['example_branch_operator']) retrieved from /home/airflow/.local/lib/python3.8/site-packages/airflow/example_dags/example_branch_operator.py
[2023-12-01T22:39:31.475+0000] {logging_mixin.py:154} INFO - [2023-12-01T22:39:31.475+0000] {dag.py:2941} INFO - Sync 1 DAGs
[2023-12-01T22:39:31.500+0000] {logging_mixin.py:154} INFO - [2023-12-01T22:39:31.499+0000] {dag.py:3722} INFO - Setting next_dagrun for example_branch_operator to 2023-11-30T00:00:00+00:00, run_after=2023-12-01T00:00:00+00:00
[2023-12-01T22:39:31.516+0000] {processor.py:179} INFO - Processing /home/airflow/.local/lib/python3.8/site-packages/airflow/example_dags/example_branch_operator.py took 0.080 seconds
[2023-12-01T22:40:01.874+0000] {processor.py:157} INFO - Started process (PID=232) to work on /home/airflow/.local/lib/python3.8/site-packages/airflow/example_dags/example_branch_operator.py
[2023-12-01T22:40:01.875+0000] {processor.py:829} INFO - Processing file /home/airflow/.local/lib/python3.8/site-packages/airflow/example_dags/example_branch_operator.py for tasks to queue
[2023-12-01T22:40:01.877+0000] {logging_mixin.py:154} INFO - [2023-12-01T22:40:01.877+0000] {dagbag.py:536} INFO - Filling up the DagBag from /home/airflow/.local/lib/python3.8/site-packages/airflow/example_dags/example_branch_operator.py
[2023-12-01T22:40:01.884+0000] {processor.py:839} INFO - DAG(s) dict_keys(['example_branch_operator']) retrieved from /home/airflow/.local/lib/python3.8/site-packages/airflow/example_dags/example_branch_operator.py
[2023-12-01T22:40:01.901+0000] {logging_mixin.py:154} INFO - [2023-12-01T22:40:01.901+0000] {dag.py:2941} INFO - Sync 1 DAGs
[2023-12-01T22:40:01.922+0000] {logging_mixin.py:154} INFO - [2023-12-01T22:40:01.922+0000] {dag.py:3722} INFO - Setting next_dagrun for example_branch_operator to 2023-11-30T00:00:00+00:00, run_after=2023-12-01T00:00:00+00:00
[2023-12-01T22:40:01.938+0000] {processor.py:179} INFO - Processing /home/airflow/.local/lib/python3.8/site-packages/airflow/example_dags/example_branch_operator.py took 0.066 seconds
[2023-12-01T22:40:32.423+0000] {processor.py:157} INFO - Started process (PID=286) to work on /home/airflow/.local/lib/python3.8/site-packages/airflow/example_dags/example_branch_operator.py
[2023-12-01T22:40:32.424+0000] {processor.py:829} INFO - Processing file /home/airflow/.local/lib/python3.8/site-packages/airflow/example_dags/example_branch_operator.py for tasks to queue
[2023-12-01T22:40:32.427+0000] {logging_mixin.py:154} INFO - [2023-12-01T22:40:32.427+0000] {dagbag.py:536} INFO - Filling up the DagBag from /home/airflow/.local/lib/python3.8/site-packages/airflow/example_dags/example_branch_operator.py
[2023-12-01T22:40:32.434+0000] {processor.py:839} INFO - DAG(s) dict_keys(['example_branch_operator']) retrieved from /home/airflow/.local/lib/python3.8/site-packages/airflow/example_dags/example_branch_operator.py
[2023-12-01T22:40:32.454+0000] {logging_mixin.py:154} INFO - [2023-12-01T22:40:32.453+0000] {dag.py:2941} INFO - Sync 1 DAGs
[2023-12-01T22:40:32.473+0000] {logging_mixin.py:154} INFO - [2023-12-01T22:40:32.473+0000] {dag.py:3722} INFO - Setting next_dagrun for example_branch_operator to 2023-11-30T00:00:00+00:00, run_after=2023-12-01T00:00:00+00:00
[2023-12-01T22:40:32.491+0000] {processor.py:179} INFO - Processing /home/airflow/.local/lib/python3.8/site-packages/airflow/example_dags/example_branch_operator.py took 0.071 seconds
[2023-12-01T22:41:02.892+0000] {processor.py:157} INFO - Started process (PID=340) to work on /home/airflow/.local/lib/python3.8/site-packages/airflow/example_dags/example_branch_operator.py
[2023-12-01T22:41:02.893+0000] {processor.py:829} INFO - Processing file /home/airflow/.local/lib/python3.8/site-packages/airflow/example_dags/example_branch_operator.py for tasks to queue
[2023-12-01T22:41:02.895+0000] {logging_mixin.py:154} INFO - [2023-12-01T22:41:02.895+0000] {dagbag.py:536} INFO - Filling up the DagBag from /home/airflow/.local/lib/python3.8/site-packages/airflow/example_dags/example_branch_operator.py
[2023-12-01T22:41:02.904+0000] {processor.py:839} INFO - DAG(s) dict_keys(['example_branch_operator']) retrieved from /home/airflow/.local/lib/python3.8/site-packages/airflow/example_dags/example_branch_operator.py
[2023-12-01T22:41:02.922+0000] {logging_mixin.py:154} INFO - [2023-12-01T22:41:02.922+0000] {dag.py:2941} INFO - Sync 1 DAGs
[2023-12-01T22:41:02.942+0000] {logging_mixin.py:154} INFO - [2023-12-01T22:41:02.942+0000] {dag.py:3722} INFO - Setting next_dagrun for example_branch_operator to 2023-11-30T00:00:00+00:00, run_after=2023-12-01T00:00:00+00:00
[2023-12-01T22:41:02.958+0000] {processor.py:179} INFO - Processing /home/airflow/.local/lib/python3.8/site-packages/airflow/example_dags/example_branch_operator.py took 0.069 seconds
