[2023-12-01T22:13:41.924+0000] {processor.py:157} INFO - Started process (PID=57) to work on /home/airflow/.local/lib/python3.8/site-packages/airflow/example_dags/example_task_group_decorator.py
[2023-12-01T22:13:41.925+0000] {processor.py:829} INFO - Processing file /home/airflow/.local/lib/python3.8/site-packages/airflow/example_dags/example_task_group_decorator.py for tasks to queue
[2023-12-01T22:13:41.927+0000] {logging_mixin.py:154} INFO - [2023-12-01T22:13:41.927+0000] {dagbag.py:536} INFO - Filling up the DagBag from /home/airflow/.local/lib/python3.8/site-packages/airflow/example_dags/example_task_group_decorator.py
[2023-12-01T22:13:41.942+0000] {processor.py:839} INFO - DAG(s) dict_keys(['example_task_group_decorator']) retrieved from /home/airflow/.local/lib/python3.8/site-packages/airflow/example_dags/example_task_group_decorator.py
[2023-12-01T22:13:41.966+0000] {logging_mixin.py:154} INFO - [2023-12-01T22:13:41.966+0000] {dag.py:2941} INFO - Sync 1 DAGs
[2023-12-01T22:13:41.990+0000] {logging_mixin.py:154} INFO - [2023-12-01T22:13:41.990+0000] {dag.py:3722} INFO - Setting next_dagrun for example_task_group_decorator to 2023-11-30T22:13:41.990551+00:00, run_after=2023-12-01T22:13:41.990551+00:00
[2023-12-01T22:13:42.012+0000] {processor.py:179} INFO - Processing /home/airflow/.local/lib/python3.8/site-packages/airflow/example_dags/example_task_group_decorator.py took 0.091 seconds
[2023-12-01T22:19:41.255+0000] {processor.py:157} INFO - Started process (PID=55) to work on /home/airflow/.local/lib/python3.8/site-packages/airflow/example_dags/example_task_group_decorator.py
[2023-12-01T22:19:41.256+0000] {processor.py:829} INFO - Processing file /home/airflow/.local/lib/python3.8/site-packages/airflow/example_dags/example_task_group_decorator.py for tasks to queue
[2023-12-01T22:19:41.258+0000] {logging_mixin.py:154} INFO - [2023-12-01T22:19:41.258+0000] {dagbag.py:536} INFO - Filling up the DagBag from /home/airflow/.local/lib/python3.8/site-packages/airflow/example_dags/example_task_group_decorator.py
[2023-12-01T22:19:41.278+0000] {processor.py:839} INFO - DAG(s) dict_keys(['example_task_group_decorator']) retrieved from /home/airflow/.local/lib/python3.8/site-packages/airflow/example_dags/example_task_group_decorator.py
[2023-12-01T22:19:41.299+0000] {logging_mixin.py:154} INFO - [2023-12-01T22:19:41.299+0000] {dag.py:2941} INFO - Sync 1 DAGs
[2023-12-01T22:19:41.316+0000] {logging_mixin.py:154} INFO - [2023-12-01T22:19:41.316+0000] {dag.py:3722} INFO - Setting next_dagrun for example_task_group_decorator to 2023-11-30T22:19:41.316311+00:00, run_after=2023-12-01T22:19:41.316311+00:00
[2023-12-01T22:19:41.332+0000] {processor.py:179} INFO - Processing /home/airflow/.local/lib/python3.8/site-packages/airflow/example_dags/example_task_group_decorator.py took 0.080 seconds
[2023-12-01T22:21:22.419+0000] {processor.py:157} INFO - Started process (PID=56) to work on /home/airflow/.local/lib/python3.8/site-packages/airflow/example_dags/example_task_group_decorator.py
[2023-12-01T22:21:22.420+0000] {processor.py:829} INFO - Processing file /home/airflow/.local/lib/python3.8/site-packages/airflow/example_dags/example_task_group_decorator.py for tasks to queue
[2023-12-01T22:21:22.423+0000] {logging_mixin.py:154} INFO - [2023-12-01T22:21:22.423+0000] {dagbag.py:536} INFO - Filling up the DagBag from /home/airflow/.local/lib/python3.8/site-packages/airflow/example_dags/example_task_group_decorator.py
[2023-12-01T22:21:22.438+0000] {processor.py:839} INFO - DAG(s) dict_keys(['example_task_group_decorator']) retrieved from /home/airflow/.local/lib/python3.8/site-packages/airflow/example_dags/example_task_group_decorator.py
[2023-12-01T22:21:22.448+0000] {logging_mixin.py:154} INFO - [2023-12-01T22:21:22.448+0000] {dag.py:2941} INFO - Sync 1 DAGs
[2023-12-01T22:21:22.475+0000] {logging_mixin.py:154} INFO - [2023-12-01T22:21:22.475+0000] {dag.py:3722} INFO - Setting next_dagrun for example_task_group_decorator to 2023-11-30T22:21:22.474840+00:00, run_after=2023-12-01T22:21:22.474840+00:00
[2023-12-01T22:21:22.499+0000] {processor.py:179} INFO - Processing /home/airflow/.local/lib/python3.8/site-packages/airflow/example_dags/example_task_group_decorator.py took 0.082 seconds
[2023-12-01T22:21:52.598+0000] {processor.py:157} INFO - Started process (PID=111) to work on /home/airflow/.local/lib/python3.8/site-packages/airflow/example_dags/example_task_group_decorator.py
[2023-12-01T22:21:52.599+0000] {processor.py:829} INFO - Processing file /home/airflow/.local/lib/python3.8/site-packages/airflow/example_dags/example_task_group_decorator.py for tasks to queue
[2023-12-01T22:21:52.601+0000] {logging_mixin.py:154} INFO - [2023-12-01T22:21:52.601+0000] {dagbag.py:536} INFO - Filling up the DagBag from /home/airflow/.local/lib/python3.8/site-packages/airflow/example_dags/example_task_group_decorator.py
[2023-12-01T22:21:52.620+0000] {processor.py:839} INFO - DAG(s) dict_keys(['example_task_group_decorator']) retrieved from /home/airflow/.local/lib/python3.8/site-packages/airflow/example_dags/example_task_group_decorator.py
[2023-12-01T22:21:52.644+0000] {logging_mixin.py:154} INFO - [2023-12-01T22:21:52.643+0000] {dag.py:2941} INFO - Sync 1 DAGs
[2023-12-01T22:21:52.667+0000] {logging_mixin.py:154} INFO - [2023-12-01T22:21:52.667+0000] {dag.py:3722} INFO - Setting next_dagrun for example_task_group_decorator to 2023-11-30T22:21:52.667257+00:00, run_after=2023-12-01T22:21:52.667257+00:00
[2023-12-01T22:21:52.693+0000] {processor.py:179} INFO - Processing /home/airflow/.local/lib/python3.8/site-packages/airflow/example_dags/example_task_group_decorator.py took 0.097 seconds
[2023-12-01T22:22:23.012+0000] {processor.py:157} INFO - Started process (PID=165) to work on /home/airflow/.local/lib/python3.8/site-packages/airflow/example_dags/example_task_group_decorator.py
[2023-12-01T22:22:23.012+0000] {processor.py:829} INFO - Processing file /home/airflow/.local/lib/python3.8/site-packages/airflow/example_dags/example_task_group_decorator.py for tasks to queue
[2023-12-01T22:22:23.014+0000] {logging_mixin.py:154} INFO - [2023-12-01T22:22:23.014+0000] {dagbag.py:536} INFO - Filling up the DagBag from /home/airflow/.local/lib/python3.8/site-packages/airflow/example_dags/example_task_group_decorator.py
[2023-12-01T22:22:23.026+0000] {processor.py:839} INFO - DAG(s) dict_keys(['example_task_group_decorator']) retrieved from /home/airflow/.local/lib/python3.8/site-packages/airflow/example_dags/example_task_group_decorator.py
[2023-12-01T22:22:23.046+0000] {logging_mixin.py:154} INFO - [2023-12-01T22:22:23.046+0000] {dag.py:2941} INFO - Sync 1 DAGs
[2023-12-01T22:22:23.065+0000] {logging_mixin.py:154} INFO - [2023-12-01T22:22:23.065+0000] {dag.py:3722} INFO - Setting next_dagrun for example_task_group_decorator to 2023-11-30T22:22:23.065179+00:00, run_after=2023-12-01T22:22:23.065179+00:00
[2023-12-01T22:22:23.081+0000] {processor.py:179} INFO - Processing /home/airflow/.local/lib/python3.8/site-packages/airflow/example_dags/example_task_group_decorator.py took 0.072 seconds
[2023-12-01T22:22:53.256+0000] {processor.py:157} INFO - Started process (PID=219) to work on /home/airflow/.local/lib/python3.8/site-packages/airflow/example_dags/example_task_group_decorator.py
[2023-12-01T22:22:53.257+0000] {processor.py:829} INFO - Processing file /home/airflow/.local/lib/python3.8/site-packages/airflow/example_dags/example_task_group_decorator.py for tasks to queue
[2023-12-01T22:22:53.259+0000] {logging_mixin.py:154} INFO - [2023-12-01T22:22:53.259+0000] {dagbag.py:536} INFO - Filling up the DagBag from /home/airflow/.local/lib/python3.8/site-packages/airflow/example_dags/example_task_group_decorator.py
[2023-12-01T22:22:53.271+0000] {processor.py:839} INFO - DAG(s) dict_keys(['example_task_group_decorator']) retrieved from /home/airflow/.local/lib/python3.8/site-packages/airflow/example_dags/example_task_group_decorator.py
[2023-12-01T22:22:53.289+0000] {logging_mixin.py:154} INFO - [2023-12-01T22:22:53.289+0000] {dag.py:2941} INFO - Sync 1 DAGs
[2023-12-01T22:22:53.305+0000] {logging_mixin.py:154} INFO - [2023-12-01T22:22:53.305+0000] {dag.py:3722} INFO - Setting next_dagrun for example_task_group_decorator to 2023-11-30T22:22:53.305328+00:00, run_after=2023-12-01T22:22:53.305328+00:00
[2023-12-01T22:22:53.321+0000] {processor.py:179} INFO - Processing /home/airflow/.local/lib/python3.8/site-packages/airflow/example_dags/example_task_group_decorator.py took 0.067 seconds
[2023-12-01T22:23:23.467+0000] {processor.py:157} INFO - Started process (PID=273) to work on /home/airflow/.local/lib/python3.8/site-packages/airflow/example_dags/example_task_group_decorator.py
[2023-12-01T22:23:23.467+0000] {processor.py:829} INFO - Processing file /home/airflow/.local/lib/python3.8/site-packages/airflow/example_dags/example_task_group_decorator.py for tasks to queue
[2023-12-01T22:23:23.469+0000] {logging_mixin.py:154} INFO - [2023-12-01T22:23:23.469+0000] {dagbag.py:536} INFO - Filling up the DagBag from /home/airflow/.local/lib/python3.8/site-packages/airflow/example_dags/example_task_group_decorator.py
[2023-12-01T22:23:23.479+0000] {processor.py:839} INFO - DAG(s) dict_keys(['example_task_group_decorator']) retrieved from /home/airflow/.local/lib/python3.8/site-packages/airflow/example_dags/example_task_group_decorator.py
[2023-12-01T22:23:23.496+0000] {logging_mixin.py:154} INFO - [2023-12-01T22:23:23.496+0000] {dag.py:2941} INFO - Sync 1 DAGs
[2023-12-01T22:23:23.511+0000] {logging_mixin.py:154} INFO - [2023-12-01T22:23:23.511+0000] {dag.py:3722} INFO - Setting next_dagrun for example_task_group_decorator to 2023-11-30T22:23:23.511287+00:00, run_after=2023-12-01T22:23:23.511287+00:00
[2023-12-01T22:23:23.525+0000] {processor.py:179} INFO - Processing /home/airflow/.local/lib/python3.8/site-packages/airflow/example_dags/example_task_group_decorator.py took 0.060 seconds
[2023-12-01T22:23:53.669+0000] {processor.py:157} INFO - Started process (PID=327) to work on /home/airflow/.local/lib/python3.8/site-packages/airflow/example_dags/example_task_group_decorator.py
[2023-12-01T22:23:53.670+0000] {processor.py:829} INFO - Processing file /home/airflow/.local/lib/python3.8/site-packages/airflow/example_dags/example_task_group_decorator.py for tasks to queue
[2023-12-01T22:23:53.671+0000] {logging_mixin.py:154} INFO - [2023-12-01T22:23:53.671+0000] {dagbag.py:536} INFO - Filling up the DagBag from /home/airflow/.local/lib/python3.8/site-packages/airflow/example_dags/example_task_group_decorator.py
[2023-12-01T22:23:53.681+0000] {processor.py:839} INFO - DAG(s) dict_keys(['example_task_group_decorator']) retrieved from /home/airflow/.local/lib/python3.8/site-packages/airflow/example_dags/example_task_group_decorator.py
[2023-12-01T22:23:53.698+0000] {logging_mixin.py:154} INFO - [2023-12-01T22:23:53.698+0000] {dag.py:2941} INFO - Sync 1 DAGs
[2023-12-01T22:23:53.715+0000] {logging_mixin.py:154} INFO - [2023-12-01T22:23:53.715+0000] {dag.py:3722} INFO - Setting next_dagrun for example_task_group_decorator to 2023-11-30T22:23:53.714943+00:00, run_after=2023-12-01T22:23:53.714943+00:00
[2023-12-01T22:23:53.728+0000] {processor.py:179} INFO - Processing /home/airflow/.local/lib/python3.8/site-packages/airflow/example_dags/example_task_group_decorator.py took 0.061 seconds
[2023-12-01T22:24:23.918+0000] {processor.py:157} INFO - Started process (PID=381) to work on /home/airflow/.local/lib/python3.8/site-packages/airflow/example_dags/example_task_group_decorator.py
[2023-12-01T22:24:23.919+0000] {processor.py:829} INFO - Processing file /home/airflow/.local/lib/python3.8/site-packages/airflow/example_dags/example_task_group_decorator.py for tasks to queue
[2023-12-01T22:24:23.920+0000] {logging_mixin.py:154} INFO - [2023-12-01T22:24:23.920+0000] {dagbag.py:536} INFO - Filling up the DagBag from /home/airflow/.local/lib/python3.8/site-packages/airflow/example_dags/example_task_group_decorator.py
[2023-12-01T22:24:23.930+0000] {processor.py:839} INFO - DAG(s) dict_keys(['example_task_group_decorator']) retrieved from /home/airflow/.local/lib/python3.8/site-packages/airflow/example_dags/example_task_group_decorator.py
[2023-12-01T22:24:23.947+0000] {logging_mixin.py:154} INFO - [2023-12-01T22:24:23.947+0000] {dag.py:2941} INFO - Sync 1 DAGs
[2023-12-01T22:24:23.964+0000] {logging_mixin.py:154} INFO - [2023-12-01T22:24:23.964+0000] {dag.py:3722} INFO - Setting next_dagrun for example_task_group_decorator to 2023-11-30T22:24:23.964509+00:00, run_after=2023-12-01T22:24:23.964509+00:00
[2023-12-01T22:24:23.978+0000] {processor.py:179} INFO - Processing /home/airflow/.local/lib/python3.8/site-packages/airflow/example_dags/example_task_group_decorator.py took 0.062 seconds
[2023-12-01T22:24:54.988+0000] {processor.py:157} INFO - Started process (PID=435) to work on /home/airflow/.local/lib/python3.8/site-packages/airflow/example_dags/example_task_group_decorator.py
[2023-12-01T22:24:54.989+0000] {processor.py:829} INFO - Processing file /home/airflow/.local/lib/python3.8/site-packages/airflow/example_dags/example_task_group_decorator.py for tasks to queue
[2023-12-01T22:24:54.990+0000] {logging_mixin.py:154} INFO - [2023-12-01T22:24:54.990+0000] {dagbag.py:536} INFO - Filling up the DagBag from /home/airflow/.local/lib/python3.8/site-packages/airflow/example_dags/example_task_group_decorator.py
[2023-12-01T22:24:55.000+0000] {processor.py:839} INFO - DAG(s) dict_keys(['example_task_group_decorator']) retrieved from /home/airflow/.local/lib/python3.8/site-packages/airflow/example_dags/example_task_group_decorator.py
[2023-12-01T22:24:55.016+0000] {logging_mixin.py:154} INFO - [2023-12-01T22:24:55.016+0000] {dag.py:2941} INFO - Sync 1 DAGs
[2023-12-01T22:24:55.037+0000] {logging_mixin.py:154} INFO - [2023-12-01T22:24:55.036+0000] {dag.py:3722} INFO - Setting next_dagrun for example_task_group_decorator to 2023-11-30T22:24:55.036698+00:00, run_after=2023-12-01T22:24:55.036698+00:00
[2023-12-01T22:24:55.053+0000] {processor.py:179} INFO - Processing /home/airflow/.local/lib/python3.8/site-packages/airflow/example_dags/example_task_group_decorator.py took 0.066 seconds
[2023-12-01T22:25:25.087+0000] {processor.py:157} INFO - Started process (PID=489) to work on /home/airflow/.local/lib/python3.8/site-packages/airflow/example_dags/example_task_group_decorator.py
[2023-12-01T22:25:25.088+0000] {processor.py:829} INFO - Processing file /home/airflow/.local/lib/python3.8/site-packages/airflow/example_dags/example_task_group_decorator.py for tasks to queue
[2023-12-01T22:25:25.090+0000] {logging_mixin.py:154} INFO - [2023-12-01T22:25:25.090+0000] {dagbag.py:536} INFO - Filling up the DagBag from /home/airflow/.local/lib/python3.8/site-packages/airflow/example_dags/example_task_group_decorator.py
[2023-12-01T22:25:25.100+0000] {processor.py:839} INFO - DAG(s) dict_keys(['example_task_group_decorator']) retrieved from /home/airflow/.local/lib/python3.8/site-packages/airflow/example_dags/example_task_group_decorator.py
[2023-12-01T22:25:25.116+0000] {logging_mixin.py:154} INFO - [2023-12-01T22:25:25.116+0000] {dag.py:2941} INFO - Sync 1 DAGs
[2023-12-01T22:25:25.131+0000] {logging_mixin.py:154} INFO - [2023-12-01T22:25:25.131+0000] {dag.py:3722} INFO - Setting next_dagrun for example_task_group_decorator to 2023-11-30T22:25:25.130847+00:00, run_after=2023-12-01T22:25:25.130847+00:00
[2023-12-01T22:25:25.145+0000] {processor.py:179} INFO - Processing /home/airflow/.local/lib/python3.8/site-packages/airflow/example_dags/example_task_group_decorator.py took 0.059 seconds
[2023-12-01T22:25:56.096+0000] {processor.py:157} INFO - Started process (PID=543) to work on /home/airflow/.local/lib/python3.8/site-packages/airflow/example_dags/example_task_group_decorator.py
[2023-12-01T22:25:56.097+0000] {processor.py:829} INFO - Processing file /home/airflow/.local/lib/python3.8/site-packages/airflow/example_dags/example_task_group_decorator.py for tasks to queue
[2023-12-01T22:25:56.099+0000] {logging_mixin.py:154} INFO - [2023-12-01T22:25:56.099+0000] {dagbag.py:536} INFO - Filling up the DagBag from /home/airflow/.local/lib/python3.8/site-packages/airflow/example_dags/example_task_group_decorator.py
[2023-12-01T22:25:56.108+0000] {processor.py:839} INFO - DAG(s) dict_keys(['example_task_group_decorator']) retrieved from /home/airflow/.local/lib/python3.8/site-packages/airflow/example_dags/example_task_group_decorator.py
[2023-12-01T22:25:56.125+0000] {logging_mixin.py:154} INFO - [2023-12-01T22:25:56.125+0000] {dag.py:2941} INFO - Sync 1 DAGs
[2023-12-01T22:25:56.140+0000] {logging_mixin.py:154} INFO - [2023-12-01T22:25:56.139+0000] {dag.py:3722} INFO - Setting next_dagrun for example_task_group_decorator to 2023-11-30T22:25:56.139690+00:00, run_after=2023-12-01T22:25:56.139690+00:00
[2023-12-01T22:25:56.153+0000] {processor.py:179} INFO - Processing /home/airflow/.local/lib/python3.8/site-packages/airflow/example_dags/example_task_group_decorator.py took 0.059 seconds
[2023-12-01T22:26:26.187+0000] {processor.py:157} INFO - Started process (PID=597) to work on /home/airflow/.local/lib/python3.8/site-packages/airflow/example_dags/example_task_group_decorator.py
[2023-12-01T22:26:26.187+0000] {processor.py:829} INFO - Processing file /home/airflow/.local/lib/python3.8/site-packages/airflow/example_dags/example_task_group_decorator.py for tasks to queue
[2023-12-01T22:26:26.189+0000] {logging_mixin.py:154} INFO - [2023-12-01T22:26:26.189+0000] {dagbag.py:536} INFO - Filling up the DagBag from /home/airflow/.local/lib/python3.8/site-packages/airflow/example_dags/example_task_group_decorator.py
[2023-12-01T22:26:26.198+0000] {processor.py:839} INFO - DAG(s) dict_keys(['example_task_group_decorator']) retrieved from /home/airflow/.local/lib/python3.8/site-packages/airflow/example_dags/example_task_group_decorator.py
[2023-12-01T22:26:26.214+0000] {logging_mixin.py:154} INFO - [2023-12-01T22:26:26.214+0000] {dag.py:2941} INFO - Sync 1 DAGs
[2023-12-01T22:26:26.228+0000] {logging_mixin.py:154} INFO - [2023-12-01T22:26:26.228+0000] {dag.py:3722} INFO - Setting next_dagrun for example_task_group_decorator to 2023-11-30T22:26:26.228477+00:00, run_after=2023-12-01T22:26:26.228477+00:00
[2023-12-01T22:26:26.242+0000] {processor.py:179} INFO - Processing /home/airflow/.local/lib/python3.8/site-packages/airflow/example_dags/example_task_group_decorator.py took 0.058 seconds
[2023-12-01T22:26:56.313+0000] {processor.py:157} INFO - Started process (PID=651) to work on /home/airflow/.local/lib/python3.8/site-packages/airflow/example_dags/example_task_group_decorator.py
[2023-12-01T22:26:56.314+0000] {processor.py:829} INFO - Processing file /home/airflow/.local/lib/python3.8/site-packages/airflow/example_dags/example_task_group_decorator.py for tasks to queue
[2023-12-01T22:26:56.316+0000] {logging_mixin.py:154} INFO - [2023-12-01T22:26:56.315+0000] {dagbag.py:536} INFO - Filling up the DagBag from /home/airflow/.local/lib/python3.8/site-packages/airflow/example_dags/example_task_group_decorator.py
[2023-12-01T22:26:56.325+0000] {processor.py:839} INFO - DAG(s) dict_keys(['example_task_group_decorator']) retrieved from /home/airflow/.local/lib/python3.8/site-packages/airflow/example_dags/example_task_group_decorator.py
[2023-12-01T22:26:56.342+0000] {logging_mixin.py:154} INFO - [2023-12-01T22:26:56.342+0000] {dag.py:2941} INFO - Sync 1 DAGs
[2023-12-01T22:26:56.356+0000] {logging_mixin.py:154} INFO - [2023-12-01T22:26:56.356+0000] {dag.py:3722} INFO - Setting next_dagrun for example_task_group_decorator to 2023-11-30T22:26:56.356415+00:00, run_after=2023-12-01T22:26:56.356415+00:00
[2023-12-01T22:26:56.370+0000] {processor.py:179} INFO - Processing /home/airflow/.local/lib/python3.8/site-packages/airflow/example_dags/example_task_group_decorator.py took 0.059 seconds
[2023-12-01T22:27:26.531+0000] {processor.py:157} INFO - Started process (PID=705) to work on /home/airflow/.local/lib/python3.8/site-packages/airflow/example_dags/example_task_group_decorator.py
[2023-12-01T22:27:26.532+0000] {processor.py:829} INFO - Processing file /home/airflow/.local/lib/python3.8/site-packages/airflow/example_dags/example_task_group_decorator.py for tasks to queue
[2023-12-01T22:27:26.533+0000] {logging_mixin.py:154} INFO - [2023-12-01T22:27:26.533+0000] {dagbag.py:536} INFO - Filling up the DagBag from /home/airflow/.local/lib/python3.8/site-packages/airflow/example_dags/example_task_group_decorator.py
[2023-12-01T22:27:26.543+0000] {processor.py:839} INFO - DAG(s) dict_keys(['example_task_group_decorator']) retrieved from /home/airflow/.local/lib/python3.8/site-packages/airflow/example_dags/example_task_group_decorator.py
[2023-12-01T22:27:26.559+0000] {logging_mixin.py:154} INFO - [2023-12-01T22:27:26.559+0000] {dag.py:2941} INFO - Sync 1 DAGs
[2023-12-01T22:27:26.574+0000] {logging_mixin.py:154} INFO - [2023-12-01T22:27:26.574+0000] {dag.py:3722} INFO - Setting next_dagrun for example_task_group_decorator to 2023-11-30T22:27:26.574501+00:00, run_after=2023-12-01T22:27:26.574501+00:00
[2023-12-01T22:27:26.588+0000] {processor.py:179} INFO - Processing /home/airflow/.local/lib/python3.8/site-packages/airflow/example_dags/example_task_group_decorator.py took 0.059 seconds
[2023-12-01T22:27:57.377+0000] {processor.py:157} INFO - Started process (PID=759) to work on /home/airflow/.local/lib/python3.8/site-packages/airflow/example_dags/example_task_group_decorator.py
[2023-12-01T22:27:57.378+0000] {processor.py:829} INFO - Processing file /home/airflow/.local/lib/python3.8/site-packages/airflow/example_dags/example_task_group_decorator.py for tasks to queue
[2023-12-01T22:27:57.380+0000] {logging_mixin.py:154} INFO - [2023-12-01T22:27:57.379+0000] {dagbag.py:536} INFO - Filling up the DagBag from /home/airflow/.local/lib/python3.8/site-packages/airflow/example_dags/example_task_group_decorator.py
[2023-12-01T22:27:57.390+0000] {processor.py:839} INFO - DAG(s) dict_keys(['example_task_group_decorator']) retrieved from /home/airflow/.local/lib/python3.8/site-packages/airflow/example_dags/example_task_group_decorator.py
[2023-12-01T22:27:57.407+0000] {logging_mixin.py:154} INFO - [2023-12-01T22:27:57.407+0000] {dag.py:2941} INFO - Sync 1 DAGs
[2023-12-01T22:27:57.422+0000] {logging_mixin.py:154} INFO - [2023-12-01T22:27:57.422+0000] {dag.py:3722} INFO - Setting next_dagrun for example_task_group_decorator to 2023-11-30T22:27:57.422653+00:00, run_after=2023-12-01T22:27:57.422653+00:00
[2023-12-01T22:27:57.438+0000] {processor.py:179} INFO - Processing /home/airflow/.local/lib/python3.8/site-packages/airflow/example_dags/example_task_group_decorator.py took 0.062 seconds
[2023-12-01T22:28:27.665+0000] {processor.py:157} INFO - Started process (PID=813) to work on /home/airflow/.local/lib/python3.8/site-packages/airflow/example_dags/example_task_group_decorator.py
[2023-12-01T22:28:27.665+0000] {processor.py:829} INFO - Processing file /home/airflow/.local/lib/python3.8/site-packages/airflow/example_dags/example_task_group_decorator.py for tasks to queue
[2023-12-01T22:28:27.667+0000] {logging_mixin.py:154} INFO - [2023-12-01T22:28:27.667+0000] {dagbag.py:536} INFO - Filling up the DagBag from /home/airflow/.local/lib/python3.8/site-packages/airflow/example_dags/example_task_group_decorator.py
[2023-12-01T22:28:27.677+0000] {processor.py:839} INFO - DAG(s) dict_keys(['example_task_group_decorator']) retrieved from /home/airflow/.local/lib/python3.8/site-packages/airflow/example_dags/example_task_group_decorator.py
[2023-12-01T22:28:27.693+0000] {logging_mixin.py:154} INFO - [2023-12-01T22:28:27.693+0000] {dag.py:2941} INFO - Sync 1 DAGs
[2023-12-01T22:28:27.708+0000] {logging_mixin.py:154} INFO - [2023-12-01T22:28:27.708+0000] {dag.py:3722} INFO - Setting next_dagrun for example_task_group_decorator to 2023-11-30T22:28:27.708430+00:00, run_after=2023-12-01T22:28:27.708430+00:00
[2023-12-01T22:28:27.722+0000] {processor.py:179} INFO - Processing /home/airflow/.local/lib/python3.8/site-packages/airflow/example_dags/example_task_group_decorator.py took 0.059 seconds
[2023-12-01T22:28:57.781+0000] {processor.py:157} INFO - Started process (PID=867) to work on /home/airflow/.local/lib/python3.8/site-packages/airflow/example_dags/example_task_group_decorator.py
[2023-12-01T22:28:57.781+0000] {processor.py:829} INFO - Processing file /home/airflow/.local/lib/python3.8/site-packages/airflow/example_dags/example_task_group_decorator.py for tasks to queue
[2023-12-01T22:28:57.783+0000] {logging_mixin.py:154} INFO - [2023-12-01T22:28:57.783+0000] {dagbag.py:536} INFO - Filling up the DagBag from /home/airflow/.local/lib/python3.8/site-packages/airflow/example_dags/example_task_group_decorator.py
[2023-12-01T22:28:57.792+0000] {processor.py:839} INFO - DAG(s) dict_keys(['example_task_group_decorator']) retrieved from /home/airflow/.local/lib/python3.8/site-packages/airflow/example_dags/example_task_group_decorator.py
[2023-12-01T22:28:57.808+0000] {logging_mixin.py:154} INFO - [2023-12-01T22:28:57.808+0000] {dag.py:2941} INFO - Sync 1 DAGs
[2023-12-01T22:28:57.823+0000] {logging_mixin.py:154} INFO - [2023-12-01T22:28:57.823+0000] {dag.py:3722} INFO - Setting next_dagrun for example_task_group_decorator to 2023-11-30T22:28:57.823298+00:00, run_after=2023-12-01T22:28:57.823298+00:00
[2023-12-01T22:28:57.836+0000] {processor.py:179} INFO - Processing /home/airflow/.local/lib/python3.8/site-packages/airflow/example_dags/example_task_group_decorator.py took 0.058 seconds
[2023-12-01T22:29:27.864+0000] {processor.py:157} INFO - Started process (PID=921) to work on /home/airflow/.local/lib/python3.8/site-packages/airflow/example_dags/example_task_group_decorator.py
[2023-12-01T22:29:27.864+0000] {processor.py:829} INFO - Processing file /home/airflow/.local/lib/python3.8/site-packages/airflow/example_dags/example_task_group_decorator.py for tasks to queue
[2023-12-01T22:29:27.866+0000] {logging_mixin.py:154} INFO - [2023-12-01T22:29:27.866+0000] {dagbag.py:536} INFO - Filling up the DagBag from /home/airflow/.local/lib/python3.8/site-packages/airflow/example_dags/example_task_group_decorator.py
[2023-12-01T22:29:27.875+0000] {processor.py:839} INFO - DAG(s) dict_keys(['example_task_group_decorator']) retrieved from /home/airflow/.local/lib/python3.8/site-packages/airflow/example_dags/example_task_group_decorator.py
[2023-12-01T22:29:27.891+0000] {logging_mixin.py:154} INFO - [2023-12-01T22:29:27.891+0000] {dag.py:2941} INFO - Sync 1 DAGs
[2023-12-01T22:29:27.906+0000] {logging_mixin.py:154} INFO - [2023-12-01T22:29:27.906+0000] {dag.py:3722} INFO - Setting next_dagrun for example_task_group_decorator to 2023-11-30T22:29:27.906186+00:00, run_after=2023-12-01T22:29:27.906186+00:00
[2023-12-01T22:29:27.920+0000] {processor.py:179} INFO - Processing /home/airflow/.local/lib/python3.8/site-packages/airflow/example_dags/example_task_group_decorator.py took 0.058 seconds
[2023-12-01T22:29:58.025+0000] {processor.py:157} INFO - Started process (PID=975) to work on /home/airflow/.local/lib/python3.8/site-packages/airflow/example_dags/example_task_group_decorator.py
[2023-12-01T22:29:58.025+0000] {processor.py:829} INFO - Processing file /home/airflow/.local/lib/python3.8/site-packages/airflow/example_dags/example_task_group_decorator.py for tasks to queue
[2023-12-01T22:29:58.027+0000] {logging_mixin.py:154} INFO - [2023-12-01T22:29:58.027+0000] {dagbag.py:536} INFO - Filling up the DagBag from /home/airflow/.local/lib/python3.8/site-packages/airflow/example_dags/example_task_group_decorator.py
[2023-12-01T22:29:58.037+0000] {processor.py:839} INFO - DAG(s) dict_keys(['example_task_group_decorator']) retrieved from /home/airflow/.local/lib/python3.8/site-packages/airflow/example_dags/example_task_group_decorator.py
[2023-12-01T22:29:58.053+0000] {logging_mixin.py:154} INFO - [2023-12-01T22:29:58.053+0000] {dag.py:2941} INFO - Sync 1 DAGs
[2023-12-01T22:29:58.068+0000] {logging_mixin.py:154} INFO - [2023-12-01T22:29:58.068+0000] {dag.py:3722} INFO - Setting next_dagrun for example_task_group_decorator to 2023-11-30T22:29:58.068184+00:00, run_after=2023-12-01T22:29:58.068184+00:00
[2023-12-01T22:29:58.083+0000] {processor.py:179} INFO - Processing /home/airflow/.local/lib/python3.8/site-packages/airflow/example_dags/example_task_group_decorator.py took 0.061 seconds
[2023-12-01T22:30:28.152+0000] {processor.py:157} INFO - Started process (PID=1029) to work on /home/airflow/.local/lib/python3.8/site-packages/airflow/example_dags/example_task_group_decorator.py
[2023-12-01T22:30:28.153+0000] {processor.py:829} INFO - Processing file /home/airflow/.local/lib/python3.8/site-packages/airflow/example_dags/example_task_group_decorator.py for tasks to queue
[2023-12-01T22:30:28.154+0000] {logging_mixin.py:154} INFO - [2023-12-01T22:30:28.154+0000] {dagbag.py:536} INFO - Filling up the DagBag from /home/airflow/.local/lib/python3.8/site-packages/airflow/example_dags/example_task_group_decorator.py
[2023-12-01T22:30:28.164+0000] {processor.py:839} INFO - DAG(s) dict_keys(['example_task_group_decorator']) retrieved from /home/airflow/.local/lib/python3.8/site-packages/airflow/example_dags/example_task_group_decorator.py
[2023-12-01T22:30:28.181+0000] {logging_mixin.py:154} INFO - [2023-12-01T22:30:28.181+0000] {dag.py:2941} INFO - Sync 1 DAGs
[2023-12-01T22:30:28.197+0000] {logging_mixin.py:154} INFO - [2023-12-01T22:30:28.196+0000] {dag.py:3722} INFO - Setting next_dagrun for example_task_group_decorator to 2023-11-30T22:30:28.196662+00:00, run_after=2023-12-01T22:30:28.196662+00:00
[2023-12-01T22:30:28.211+0000] {processor.py:179} INFO - Processing /home/airflow/.local/lib/python3.8/site-packages/airflow/example_dags/example_task_group_decorator.py took 0.061 seconds
[2023-12-01T22:30:58.352+0000] {processor.py:157} INFO - Started process (PID=1083) to work on /home/airflow/.local/lib/python3.8/site-packages/airflow/example_dags/example_task_group_decorator.py
[2023-12-01T22:30:58.353+0000] {processor.py:829} INFO - Processing file /home/airflow/.local/lib/python3.8/site-packages/airflow/example_dags/example_task_group_decorator.py for tasks to queue
[2023-12-01T22:30:58.354+0000] {logging_mixin.py:154} INFO - [2023-12-01T22:30:58.354+0000] {dagbag.py:536} INFO - Filling up the DagBag from /home/airflow/.local/lib/python3.8/site-packages/airflow/example_dags/example_task_group_decorator.py
[2023-12-01T22:30:58.364+0000] {processor.py:839} INFO - DAG(s) dict_keys(['example_task_group_decorator']) retrieved from /home/airflow/.local/lib/python3.8/site-packages/airflow/example_dags/example_task_group_decorator.py
[2023-12-01T22:30:58.380+0000] {logging_mixin.py:154} INFO - [2023-12-01T22:30:58.380+0000] {dag.py:2941} INFO - Sync 1 DAGs
[2023-12-01T22:30:58.394+0000] {logging_mixin.py:154} INFO - [2023-12-01T22:30:58.394+0000] {dag.py:3722} INFO - Setting next_dagrun for example_task_group_decorator to 2023-11-30T22:30:58.394527+00:00, run_after=2023-12-01T22:30:58.394527+00:00
[2023-12-01T22:30:58.408+0000] {processor.py:179} INFO - Processing /home/airflow/.local/lib/python3.8/site-packages/airflow/example_dags/example_task_group_decorator.py took 0.058 seconds
[2023-12-01T22:31:28.533+0000] {processor.py:157} INFO - Started process (PID=1137) to work on /home/airflow/.local/lib/python3.8/site-packages/airflow/example_dags/example_task_group_decorator.py
[2023-12-01T22:31:28.534+0000] {processor.py:829} INFO - Processing file /home/airflow/.local/lib/python3.8/site-packages/airflow/example_dags/example_task_group_decorator.py for tasks to queue
[2023-12-01T22:31:28.535+0000] {logging_mixin.py:154} INFO - [2023-12-01T22:31:28.535+0000] {dagbag.py:536} INFO - Filling up the DagBag from /home/airflow/.local/lib/python3.8/site-packages/airflow/example_dags/example_task_group_decorator.py
[2023-12-01T22:31:28.545+0000] {processor.py:839} INFO - DAG(s) dict_keys(['example_task_group_decorator']) retrieved from /home/airflow/.local/lib/python3.8/site-packages/airflow/example_dags/example_task_group_decorator.py
[2023-12-01T22:31:28.561+0000] {logging_mixin.py:154} INFO - [2023-12-01T22:31:28.561+0000] {dag.py:2941} INFO - Sync 1 DAGs
[2023-12-01T22:31:28.576+0000] {logging_mixin.py:154} INFO - [2023-12-01T22:31:28.575+0000] {dag.py:3722} INFO - Setting next_dagrun for example_task_group_decorator to 2023-11-30T22:31:28.575851+00:00, run_after=2023-12-01T22:31:28.575851+00:00
[2023-12-01T22:31:28.590+0000] {processor.py:179} INFO - Processing /home/airflow/.local/lib/python3.8/site-packages/airflow/example_dags/example_task_group_decorator.py took 0.059 seconds
[2023-12-01T22:31:58.664+0000] {processor.py:157} INFO - Started process (PID=1191) to work on /home/airflow/.local/lib/python3.8/site-packages/airflow/example_dags/example_task_group_decorator.py
[2023-12-01T22:31:58.665+0000] {processor.py:829} INFO - Processing file /home/airflow/.local/lib/python3.8/site-packages/airflow/example_dags/example_task_group_decorator.py for tasks to queue
[2023-12-01T22:31:58.667+0000] {logging_mixin.py:154} INFO - [2023-12-01T22:31:58.666+0000] {dagbag.py:536} INFO - Filling up the DagBag from /home/airflow/.local/lib/python3.8/site-packages/airflow/example_dags/example_task_group_decorator.py
[2023-12-01T22:31:58.677+0000] {processor.py:839} INFO - DAG(s) dict_keys(['example_task_group_decorator']) retrieved from /home/airflow/.local/lib/python3.8/site-packages/airflow/example_dags/example_task_group_decorator.py
[2023-12-01T22:31:58.693+0000] {logging_mixin.py:154} INFO - [2023-12-01T22:31:58.692+0000] {dag.py:2941} INFO - Sync 1 DAGs
[2023-12-01T22:31:58.707+0000] {logging_mixin.py:154} INFO - [2023-12-01T22:31:58.707+0000] {dag.py:3722} INFO - Setting next_dagrun for example_task_group_decorator to 2023-11-30T22:31:58.707186+00:00, run_after=2023-12-01T22:31:58.707186+00:00
[2023-12-01T22:31:58.721+0000] {processor.py:179} INFO - Processing /home/airflow/.local/lib/python3.8/site-packages/airflow/example_dags/example_task_group_decorator.py took 0.059 seconds
[2023-12-01T22:32:28.793+0000] {processor.py:157} INFO - Started process (PID=1245) to work on /home/airflow/.local/lib/python3.8/site-packages/airflow/example_dags/example_task_group_decorator.py
[2023-12-01T22:32:28.794+0000] {processor.py:829} INFO - Processing file /home/airflow/.local/lib/python3.8/site-packages/airflow/example_dags/example_task_group_decorator.py for tasks to queue
[2023-12-01T22:32:28.796+0000] {logging_mixin.py:154} INFO - [2023-12-01T22:32:28.796+0000] {dagbag.py:536} INFO - Filling up the DagBag from /home/airflow/.local/lib/python3.8/site-packages/airflow/example_dags/example_task_group_decorator.py
[2023-12-01T22:32:28.805+0000] {processor.py:839} INFO - DAG(s) dict_keys(['example_task_group_decorator']) retrieved from /home/airflow/.local/lib/python3.8/site-packages/airflow/example_dags/example_task_group_decorator.py
[2023-12-01T22:32:28.821+0000] {logging_mixin.py:154} INFO - [2023-12-01T22:32:28.821+0000] {dag.py:2941} INFO - Sync 1 DAGs
[2023-12-01T22:32:28.836+0000] {logging_mixin.py:154} INFO - [2023-12-01T22:32:28.836+0000] {dag.py:3722} INFO - Setting next_dagrun for example_task_group_decorator to 2023-11-30T22:32:28.836235+00:00, run_after=2023-12-01T22:32:28.836235+00:00
[2023-12-01T22:32:28.850+0000] {processor.py:179} INFO - Processing /home/airflow/.local/lib/python3.8/site-packages/airflow/example_dags/example_task_group_decorator.py took 0.059 seconds
[2023-12-01T22:32:59.169+0000] {processor.py:157} INFO - Started process (PID=1299) to work on /home/airflow/.local/lib/python3.8/site-packages/airflow/example_dags/example_task_group_decorator.py
[2023-12-01T22:32:59.170+0000] {processor.py:829} INFO - Processing file /home/airflow/.local/lib/python3.8/site-packages/airflow/example_dags/example_task_group_decorator.py for tasks to queue
[2023-12-01T22:32:59.172+0000] {logging_mixin.py:154} INFO - [2023-12-01T22:32:59.171+0000] {dagbag.py:536} INFO - Filling up the DagBag from /home/airflow/.local/lib/python3.8/site-packages/airflow/example_dags/example_task_group_decorator.py
[2023-12-01T22:32:59.186+0000] {processor.py:839} INFO - DAG(s) dict_keys(['example_task_group_decorator']) retrieved from /home/airflow/.local/lib/python3.8/site-packages/airflow/example_dags/example_task_group_decorator.py
[2023-12-01T22:32:59.211+0000] {logging_mixin.py:154} INFO - [2023-12-01T22:32:59.211+0000] {dag.py:2941} INFO - Sync 1 DAGs
[2023-12-01T22:32:59.230+0000] {logging_mixin.py:154} INFO - [2023-12-01T22:32:59.230+0000] {dag.py:3722} INFO - Setting next_dagrun for example_task_group_decorator to 2023-11-30T22:32:59.229963+00:00, run_after=2023-12-01T22:32:59.229963+00:00
[2023-12-01T22:32:59.245+0000] {processor.py:179} INFO - Processing /home/airflow/.local/lib/python3.8/site-packages/airflow/example_dags/example_task_group_decorator.py took 0.078 seconds
[2023-12-01T22:33:29.434+0000] {processor.py:157} INFO - Started process (PID=1354) to work on /home/airflow/.local/lib/python3.8/site-packages/airflow/example_dags/example_task_group_decorator.py
[2023-12-01T22:33:29.436+0000] {processor.py:829} INFO - Processing file /home/airflow/.local/lib/python3.8/site-packages/airflow/example_dags/example_task_group_decorator.py for tasks to queue
[2023-12-01T22:33:29.437+0000] {logging_mixin.py:154} INFO - [2023-12-01T22:33:29.437+0000] {dagbag.py:536} INFO - Filling up the DagBag from /home/airflow/.local/lib/python3.8/site-packages/airflow/example_dags/example_task_group_decorator.py
[2023-12-01T22:33:29.447+0000] {processor.py:839} INFO - DAG(s) dict_keys(['example_task_group_decorator']) retrieved from /home/airflow/.local/lib/python3.8/site-packages/airflow/example_dags/example_task_group_decorator.py
[2023-12-01T22:33:29.467+0000] {logging_mixin.py:154} INFO - [2023-12-01T22:33:29.467+0000] {dag.py:2941} INFO - Sync 1 DAGs
[2023-12-01T22:33:29.486+0000] {logging_mixin.py:154} INFO - [2023-12-01T22:33:29.486+0000] {dag.py:3722} INFO - Setting next_dagrun for example_task_group_decorator to 2023-11-30T22:33:29.486621+00:00, run_after=2023-12-01T22:33:29.486621+00:00
[2023-12-01T22:33:29.503+0000] {processor.py:179} INFO - Processing /home/airflow/.local/lib/python3.8/site-packages/airflow/example_dags/example_task_group_decorator.py took 0.071 seconds
[2023-12-01T22:33:59.715+0000] {processor.py:157} INFO - Started process (PID=1408) to work on /home/airflow/.local/lib/python3.8/site-packages/airflow/example_dags/example_task_group_decorator.py
[2023-12-01T22:33:59.716+0000] {processor.py:829} INFO - Processing file /home/airflow/.local/lib/python3.8/site-packages/airflow/example_dags/example_task_group_decorator.py for tasks to queue
[2023-12-01T22:33:59.718+0000] {logging_mixin.py:154} INFO - [2023-12-01T22:33:59.718+0000] {dagbag.py:536} INFO - Filling up the DagBag from /home/airflow/.local/lib/python3.8/site-packages/airflow/example_dags/example_task_group_decorator.py
[2023-12-01T22:33:59.731+0000] {processor.py:839} INFO - DAG(s) dict_keys(['example_task_group_decorator']) retrieved from /home/airflow/.local/lib/python3.8/site-packages/airflow/example_dags/example_task_group_decorator.py
[2023-12-01T22:33:59.753+0000] {logging_mixin.py:154} INFO - [2023-12-01T22:33:59.753+0000] {dag.py:2941} INFO - Sync 1 DAGs
[2023-12-01T22:33:59.771+0000] {logging_mixin.py:154} INFO - [2023-12-01T22:33:59.771+0000] {dag.py:3722} INFO - Setting next_dagrun for example_task_group_decorator to 2023-11-30T22:33:59.771235+00:00, run_after=2023-12-01T22:33:59.771235+00:00
[2023-12-01T22:33:59.787+0000] {processor.py:179} INFO - Processing /home/airflow/.local/lib/python3.8/site-packages/airflow/example_dags/example_task_group_decorator.py took 0.074 seconds
[2023-12-01T22:34:30.275+0000] {processor.py:157} INFO - Started process (PID=1462) to work on /home/airflow/.local/lib/python3.8/site-packages/airflow/example_dags/example_task_group_decorator.py
[2023-12-01T22:34:30.275+0000] {processor.py:829} INFO - Processing file /home/airflow/.local/lib/python3.8/site-packages/airflow/example_dags/example_task_group_decorator.py for tasks to queue
[2023-12-01T22:34:30.277+0000] {logging_mixin.py:154} INFO - [2023-12-01T22:34:30.277+0000] {dagbag.py:536} INFO - Filling up the DagBag from /home/airflow/.local/lib/python3.8/site-packages/airflow/example_dags/example_task_group_decorator.py
[2023-12-01T22:34:30.287+0000] {processor.py:839} INFO - DAG(s) dict_keys(['example_task_group_decorator']) retrieved from /home/airflow/.local/lib/python3.8/site-packages/airflow/example_dags/example_task_group_decorator.py
[2023-12-01T22:34:30.310+0000] {logging_mixin.py:154} INFO - [2023-12-01T22:34:30.310+0000] {dag.py:2941} INFO - Sync 1 DAGs
[2023-12-01T22:34:30.330+0000] {logging_mixin.py:154} INFO - [2023-12-01T22:34:30.330+0000] {dag.py:3722} INFO - Setting next_dagrun for example_task_group_decorator to 2023-11-30T22:34:30.329812+00:00, run_after=2023-12-01T22:34:30.329812+00:00
[2023-12-01T22:34:30.358+0000] {processor.py:179} INFO - Processing /home/airflow/.local/lib/python3.8/site-packages/airflow/example_dags/example_task_group_decorator.py took 0.086 seconds
[2023-12-01T22:35:00.848+0000] {processor.py:157} INFO - Started process (PID=1516) to work on /home/airflow/.local/lib/python3.8/site-packages/airflow/example_dags/example_task_group_decorator.py
[2023-12-01T22:35:00.849+0000] {processor.py:829} INFO - Processing file /home/airflow/.local/lib/python3.8/site-packages/airflow/example_dags/example_task_group_decorator.py for tasks to queue
[2023-12-01T22:35:00.852+0000] {logging_mixin.py:154} INFO - [2023-12-01T22:35:00.851+0000] {dagbag.py:536} INFO - Filling up the DagBag from /home/airflow/.local/lib/python3.8/site-packages/airflow/example_dags/example_task_group_decorator.py
[2023-12-01T22:35:00.862+0000] {processor.py:839} INFO - DAG(s) dict_keys(['example_task_group_decorator']) retrieved from /home/airflow/.local/lib/python3.8/site-packages/airflow/example_dags/example_task_group_decorator.py
[2023-12-01T22:35:00.883+0000] {logging_mixin.py:154} INFO - [2023-12-01T22:35:00.883+0000] {dag.py:2941} INFO - Sync 1 DAGs
[2023-12-01T22:35:00.904+0000] {logging_mixin.py:154} INFO - [2023-12-01T22:35:00.904+0000] {dag.py:3722} INFO - Setting next_dagrun for example_task_group_decorator to 2023-11-30T22:35:00.904450+00:00, run_after=2023-12-01T22:35:00.904450+00:00
[2023-12-01T22:35:00.923+0000] {processor.py:179} INFO - Processing /home/airflow/.local/lib/python3.8/site-packages/airflow/example_dags/example_task_group_decorator.py took 0.077 seconds
[2023-12-01T22:35:31.243+0000] {processor.py:157} INFO - Started process (PID=1570) to work on /home/airflow/.local/lib/python3.8/site-packages/airflow/example_dags/example_task_group_decorator.py
[2023-12-01T22:35:31.243+0000] {processor.py:829} INFO - Processing file /home/airflow/.local/lib/python3.8/site-packages/airflow/example_dags/example_task_group_decorator.py for tasks to queue
[2023-12-01T22:35:31.245+0000] {logging_mixin.py:154} INFO - [2023-12-01T22:35:31.245+0000] {dagbag.py:536} INFO - Filling up the DagBag from /home/airflow/.local/lib/python3.8/site-packages/airflow/example_dags/example_task_group_decorator.py
[2023-12-01T22:35:31.255+0000] {processor.py:839} INFO - DAG(s) dict_keys(['example_task_group_decorator']) retrieved from /home/airflow/.local/lib/python3.8/site-packages/airflow/example_dags/example_task_group_decorator.py
[2023-12-01T22:35:31.272+0000] {logging_mixin.py:154} INFO - [2023-12-01T22:35:31.272+0000] {dag.py:2941} INFO - Sync 1 DAGs
[2023-12-01T22:35:31.291+0000] {logging_mixin.py:154} INFO - [2023-12-01T22:35:31.291+0000] {dag.py:3722} INFO - Setting next_dagrun for example_task_group_decorator to 2023-11-30T22:35:31.291362+00:00, run_after=2023-12-01T22:35:31.291362+00:00
[2023-12-01T22:35:31.314+0000] {processor.py:179} INFO - Processing /home/airflow/.local/lib/python3.8/site-packages/airflow/example_dags/example_task_group_decorator.py took 0.074 seconds
[2023-12-01T22:38:29.356+0000] {processor.py:157} INFO - Started process (PID=56) to work on /home/airflow/.local/lib/python3.8/site-packages/airflow/example_dags/example_task_group_decorator.py
[2023-12-01T22:38:29.357+0000] {processor.py:829} INFO - Processing file /home/airflow/.local/lib/python3.8/site-packages/airflow/example_dags/example_task_group_decorator.py for tasks to queue
[2023-12-01T22:38:29.359+0000] {logging_mixin.py:154} INFO - [2023-12-01T22:38:29.359+0000] {dagbag.py:536} INFO - Filling up the DagBag from /home/airflow/.local/lib/python3.8/site-packages/airflow/example_dags/example_task_group_decorator.py
[2023-12-01T22:38:29.388+0000] {processor.py:839} INFO - DAG(s) dict_keys(['example_task_group_decorator']) retrieved from /home/airflow/.local/lib/python3.8/site-packages/airflow/example_dags/example_task_group_decorator.py
[2023-12-01T22:38:29.406+0000] {logging_mixin.py:154} INFO - [2023-12-01T22:38:29.406+0000] {dag.py:2941} INFO - Sync 1 DAGs
[2023-12-01T22:38:29.441+0000] {logging_mixin.py:154} INFO - [2023-12-01T22:38:29.441+0000] {dag.py:3722} INFO - Setting next_dagrun for example_task_group_decorator to 2023-11-30T22:38:29.441197+00:00, run_after=2023-12-01T22:38:29.441197+00:00
[2023-12-01T22:38:29.471+0000] {processor.py:179} INFO - Processing /home/airflow/.local/lib/python3.8/site-packages/airflow/example_dags/example_task_group_decorator.py took 0.117 seconds
[2023-12-01T22:39:00.212+0000] {processor.py:157} INFO - Started process (PID=110) to work on /home/airflow/.local/lib/python3.8/site-packages/airflow/example_dags/example_task_group_decorator.py
[2023-12-01T22:39:00.213+0000] {processor.py:829} INFO - Processing file /home/airflow/.local/lib/python3.8/site-packages/airflow/example_dags/example_task_group_decorator.py for tasks to queue
[2023-12-01T22:39:00.214+0000] {logging_mixin.py:154} INFO - [2023-12-01T22:39:00.214+0000] {dagbag.py:536} INFO - Filling up the DagBag from /home/airflow/.local/lib/python3.8/site-packages/airflow/example_dags/example_task_group_decorator.py
[2023-12-01T22:39:00.225+0000] {processor.py:839} INFO - DAG(s) dict_keys(['example_task_group_decorator']) retrieved from /home/airflow/.local/lib/python3.8/site-packages/airflow/example_dags/example_task_group_decorator.py
[2023-12-01T22:39:00.244+0000] {logging_mixin.py:154} INFO - [2023-12-01T22:39:00.244+0000] {dag.py:2941} INFO - Sync 1 DAGs
[2023-12-01T22:39:00.264+0000] {logging_mixin.py:154} INFO - [2023-12-01T22:39:00.264+0000] {dag.py:3722} INFO - Setting next_dagrun for example_task_group_decorator to 2023-11-30T22:39:00.263768+00:00, run_after=2023-12-01T22:39:00.263768+00:00
[2023-12-01T22:39:00.283+0000] {processor.py:179} INFO - Processing /home/airflow/.local/lib/python3.8/site-packages/airflow/example_dags/example_task_group_decorator.py took 0.073 seconds
[2023-12-01T22:39:30.735+0000] {processor.py:157} INFO - Started process (PID=164) to work on /home/airflow/.local/lib/python3.8/site-packages/airflow/example_dags/example_task_group_decorator.py
[2023-12-01T22:39:30.736+0000] {processor.py:829} INFO - Processing file /home/airflow/.local/lib/python3.8/site-packages/airflow/example_dags/example_task_group_decorator.py for tasks to queue
[2023-12-01T22:39:30.738+0000] {logging_mixin.py:154} INFO - [2023-12-01T22:39:30.737+0000] {dagbag.py:536} INFO - Filling up the DagBag from /home/airflow/.local/lib/python3.8/site-packages/airflow/example_dags/example_task_group_decorator.py
[2023-12-01T22:39:30.748+0000] {processor.py:839} INFO - DAG(s) dict_keys(['example_task_group_decorator']) retrieved from /home/airflow/.local/lib/python3.8/site-packages/airflow/example_dags/example_task_group_decorator.py
[2023-12-01T22:39:30.768+0000] {logging_mixin.py:154} INFO - [2023-12-01T22:39:30.767+0000] {dag.py:2941} INFO - Sync 1 DAGs
[2023-12-01T22:39:30.786+0000] {logging_mixin.py:154} INFO - [2023-12-01T22:39:30.785+0000] {dag.py:3722} INFO - Setting next_dagrun for example_task_group_decorator to 2023-11-30T22:39:30.785781+00:00, run_after=2023-12-01T22:39:30.785781+00:00
[2023-12-01T22:39:30.806+0000] {processor.py:179} INFO - Processing /home/airflow/.local/lib/python3.8/site-packages/airflow/example_dags/example_task_group_decorator.py took 0.073 seconds
[2023-12-01T22:40:01.191+0000] {processor.py:157} INFO - Started process (PID=218) to work on /home/airflow/.local/lib/python3.8/site-packages/airflow/example_dags/example_task_group_decorator.py
[2023-12-01T22:40:01.192+0000] {processor.py:829} INFO - Processing file /home/airflow/.local/lib/python3.8/site-packages/airflow/example_dags/example_task_group_decorator.py for tasks to queue
[2023-12-01T22:40:01.193+0000] {logging_mixin.py:154} INFO - [2023-12-01T22:40:01.193+0000] {dagbag.py:536} INFO - Filling up the DagBag from /home/airflow/.local/lib/python3.8/site-packages/airflow/example_dags/example_task_group_decorator.py
[2023-12-01T22:40:01.212+0000] {processor.py:839} INFO - DAG(s) dict_keys(['example_task_group_decorator']) retrieved from /home/airflow/.local/lib/python3.8/site-packages/airflow/example_dags/example_task_group_decorator.py
[2023-12-01T22:40:01.234+0000] {logging_mixin.py:154} INFO - [2023-12-01T22:40:01.234+0000] {dag.py:2941} INFO - Sync 1 DAGs
[2023-12-01T22:40:01.252+0000] {logging_mixin.py:154} INFO - [2023-12-01T22:40:01.252+0000] {dag.py:3722} INFO - Setting next_dagrun for example_task_group_decorator to 2023-11-30T22:40:01.252362+00:00, run_after=2023-12-01T22:40:01.252362+00:00
[2023-12-01T22:40:01.271+0000] {processor.py:179} INFO - Processing /home/airflow/.local/lib/python3.8/site-packages/airflow/example_dags/example_task_group_decorator.py took 0.082 seconds
[2023-12-01T22:40:31.721+0000] {processor.py:157} INFO - Started process (PID=272) to work on /home/airflow/.local/lib/python3.8/site-packages/airflow/example_dags/example_task_group_decorator.py
[2023-12-01T22:40:31.722+0000] {processor.py:829} INFO - Processing file /home/airflow/.local/lib/python3.8/site-packages/airflow/example_dags/example_task_group_decorator.py for tasks to queue
[2023-12-01T22:40:31.724+0000] {logging_mixin.py:154} INFO - [2023-12-01T22:40:31.724+0000] {dagbag.py:536} INFO - Filling up the DagBag from /home/airflow/.local/lib/python3.8/site-packages/airflow/example_dags/example_task_group_decorator.py
[2023-12-01T22:40:31.735+0000] {processor.py:839} INFO - DAG(s) dict_keys(['example_task_group_decorator']) retrieved from /home/airflow/.local/lib/python3.8/site-packages/airflow/example_dags/example_task_group_decorator.py
[2023-12-01T22:40:31.758+0000] {logging_mixin.py:154} INFO - [2023-12-01T22:40:31.757+0000] {dag.py:2941} INFO - Sync 1 DAGs
[2023-12-01T22:40:31.776+0000] {logging_mixin.py:154} INFO - [2023-12-01T22:40:31.775+0000] {dag.py:3722} INFO - Setting next_dagrun for example_task_group_decorator to 2023-11-30T22:40:31.775664+00:00, run_after=2023-12-01T22:40:31.775664+00:00
[2023-12-01T22:40:31.791+0000] {processor.py:179} INFO - Processing /home/airflow/.local/lib/python3.8/site-packages/airflow/example_dags/example_task_group_decorator.py took 0.073 seconds
[2023-12-01T22:41:02.206+0000] {processor.py:157} INFO - Started process (PID=326) to work on /home/airflow/.local/lib/python3.8/site-packages/airflow/example_dags/example_task_group_decorator.py
[2023-12-01T22:41:02.207+0000] {processor.py:829} INFO - Processing file /home/airflow/.local/lib/python3.8/site-packages/airflow/example_dags/example_task_group_decorator.py for tasks to queue
[2023-12-01T22:41:02.209+0000] {logging_mixin.py:154} INFO - [2023-12-01T22:41:02.208+0000] {dagbag.py:536} INFO - Filling up the DagBag from /home/airflow/.local/lib/python3.8/site-packages/airflow/example_dags/example_task_group_decorator.py
[2023-12-01T22:41:02.219+0000] {processor.py:839} INFO - DAG(s) dict_keys(['example_task_group_decorator']) retrieved from /home/airflow/.local/lib/python3.8/site-packages/airflow/example_dags/example_task_group_decorator.py
[2023-12-01T22:41:02.237+0000] {logging_mixin.py:154} INFO - [2023-12-01T22:41:02.237+0000] {dag.py:2941} INFO - Sync 1 DAGs
[2023-12-01T22:41:02.257+0000] {logging_mixin.py:154} INFO - [2023-12-01T22:41:02.257+0000] {dag.py:3722} INFO - Setting next_dagrun for example_task_group_decorator to 2023-11-30T22:41:02.257361+00:00, run_after=2023-12-01T22:41:02.257361+00:00
[2023-12-01T22:41:02.272+0000] {processor.py:179} INFO - Processing /home/airflow/.local/lib/python3.8/site-packages/airflow/example_dags/example_task_group_decorator.py took 0.068 seconds
