[2023-12-01T22:13:43.126+0000] {processor.py:157} INFO - Started process (PID=76) to work on /home/airflow/.local/lib/python3.8/site-packages/airflow/example_dags/example_sensor_decorator.py
[2023-12-01T22:13:43.129+0000] {processor.py:829} INFO - Processing file /home/airflow/.local/lib/python3.8/site-packages/airflow/example_dags/example_sensor_decorator.py for tasks to queue
[2023-12-01T22:13:43.133+0000] {logging_mixin.py:154} INFO - [2023-12-01T22:13:43.132+0000] {dagbag.py:536} INFO - Filling up the DagBag from /home/airflow/.local/lib/python3.8/site-packages/airflow/example_dags/example_sensor_decorator.py
[2023-12-01T22:13:43.143+0000] {processor.py:839} INFO - DAG(s) dict_keys(['example_sensor_decorator']) retrieved from /home/airflow/.local/lib/python3.8/site-packages/airflow/example_dags/example_sensor_decorator.py
[2023-12-01T22:13:43.162+0000] {logging_mixin.py:154} INFO - [2023-12-01T22:13:43.162+0000] {dag.py:2941} INFO - Sync 1 DAGs
[2023-12-01T22:13:43.173+0000] {logging_mixin.py:154} INFO - [2023-12-01T22:13:43.173+0000] {dag.py:3722} INFO - Setting next_dagrun for example_sensor_decorator to None, run_after=None
[2023-12-01T22:13:43.196+0000] {processor.py:179} INFO - Processing /home/airflow/.local/lib/python3.8/site-packages/airflow/example_dags/example_sensor_decorator.py took 0.075 seconds
[2023-12-01T22:19:42.235+0000] {processor.py:157} INFO - Started process (PID=74) to work on /home/airflow/.local/lib/python3.8/site-packages/airflow/example_dags/example_sensor_decorator.py
[2023-12-01T22:19:42.236+0000] {processor.py:829} INFO - Processing file /home/airflow/.local/lib/python3.8/site-packages/airflow/example_dags/example_sensor_decorator.py for tasks to queue
[2023-12-01T22:19:42.238+0000] {logging_mixin.py:154} INFO - [2023-12-01T22:19:42.238+0000] {dagbag.py:536} INFO - Filling up the DagBag from /home/airflow/.local/lib/python3.8/site-packages/airflow/example_dags/example_sensor_decorator.py
[2023-12-01T22:19:42.245+0000] {processor.py:839} INFO - DAG(s) dict_keys(['example_sensor_decorator']) retrieved from /home/airflow/.local/lib/python3.8/site-packages/airflow/example_dags/example_sensor_decorator.py
[2023-12-01T22:19:42.263+0000] {logging_mixin.py:154} INFO - [2023-12-01T22:19:42.263+0000] {dag.py:2941} INFO - Sync 1 DAGs
[2023-12-01T22:19:42.276+0000] {logging_mixin.py:154} INFO - [2023-12-01T22:19:42.276+0000] {dag.py:3722} INFO - Setting next_dagrun for example_sensor_decorator to None, run_after=None
[2023-12-01T22:19:42.299+0000] {processor.py:179} INFO - Processing /home/airflow/.local/lib/python3.8/site-packages/airflow/example_dags/example_sensor_decorator.py took 0.067 seconds
[2023-12-01T22:21:23.268+0000] {processor.py:157} INFO - Started process (PID=75) to work on /home/airflow/.local/lib/python3.8/site-packages/airflow/example_dags/example_sensor_decorator.py
[2023-12-01T22:21:23.269+0000] {processor.py:829} INFO - Processing file /home/airflow/.local/lib/python3.8/site-packages/airflow/example_dags/example_sensor_decorator.py for tasks to queue
[2023-12-01T22:21:23.270+0000] {logging_mixin.py:154} INFO - [2023-12-01T22:21:23.270+0000] {dagbag.py:536} INFO - Filling up the DagBag from /home/airflow/.local/lib/python3.8/site-packages/airflow/example_dags/example_sensor_decorator.py
[2023-12-01T22:21:23.276+0000] {processor.py:839} INFO - DAG(s) dict_keys(['example_sensor_decorator']) retrieved from /home/airflow/.local/lib/python3.8/site-packages/airflow/example_dags/example_sensor_decorator.py
[2023-12-01T22:21:23.286+0000] {logging_mixin.py:154} INFO - [2023-12-01T22:21:23.286+0000] {dag.py:2941} INFO - Sync 1 DAGs
[2023-12-01T22:21:23.298+0000] {logging_mixin.py:154} INFO - [2023-12-01T22:21:23.298+0000] {dag.py:3722} INFO - Setting next_dagrun for example_sensor_decorator to None, run_after=None
[2023-12-01T22:21:23.313+0000] {processor.py:179} INFO - Processing /home/airflow/.local/lib/python3.8/site-packages/airflow/example_dags/example_sensor_decorator.py took 0.047 seconds
[2023-12-01T22:21:53.784+0000] {processor.py:157} INFO - Started process (PID=130) to work on /home/airflow/.local/lib/python3.8/site-packages/airflow/example_dags/example_sensor_decorator.py
[2023-12-01T22:21:53.785+0000] {processor.py:829} INFO - Processing file /home/airflow/.local/lib/python3.8/site-packages/airflow/example_dags/example_sensor_decorator.py for tasks to queue
[2023-12-01T22:21:53.786+0000] {logging_mixin.py:154} INFO - [2023-12-01T22:21:53.786+0000] {dagbag.py:536} INFO - Filling up the DagBag from /home/airflow/.local/lib/python3.8/site-packages/airflow/example_dags/example_sensor_decorator.py
[2023-12-01T22:21:53.791+0000] {processor.py:839} INFO - DAG(s) dict_keys(['example_sensor_decorator']) retrieved from /home/airflow/.local/lib/python3.8/site-packages/airflow/example_dags/example_sensor_decorator.py
[2023-12-01T22:21:53.805+0000] {logging_mixin.py:154} INFO - [2023-12-01T22:21:53.804+0000] {dag.py:2941} INFO - Sync 1 DAGs
[2023-12-01T22:21:53.814+0000] {logging_mixin.py:154} INFO - [2023-12-01T22:21:53.814+0000] {dag.py:3722} INFO - Setting next_dagrun for example_sensor_decorator to None, run_after=None
[2023-12-01T22:21:53.827+0000] {processor.py:179} INFO - Processing /home/airflow/.local/lib/python3.8/site-packages/airflow/example_dags/example_sensor_decorator.py took 0.045 seconds
[2023-12-01T22:22:23.880+0000] {processor.py:157} INFO - Started process (PID=184) to work on /home/airflow/.local/lib/python3.8/site-packages/airflow/example_dags/example_sensor_decorator.py
[2023-12-01T22:22:23.881+0000] {processor.py:829} INFO - Processing file /home/airflow/.local/lib/python3.8/site-packages/airflow/example_dags/example_sensor_decorator.py for tasks to queue
[2023-12-01T22:22:23.883+0000] {logging_mixin.py:154} INFO - [2023-12-01T22:22:23.883+0000] {dagbag.py:536} INFO - Filling up the DagBag from /home/airflow/.local/lib/python3.8/site-packages/airflow/example_dags/example_sensor_decorator.py
[2023-12-01T22:22:23.887+0000] {processor.py:839} INFO - DAG(s) dict_keys(['example_sensor_decorator']) retrieved from /home/airflow/.local/lib/python3.8/site-packages/airflow/example_dags/example_sensor_decorator.py
[2023-12-01T22:22:23.904+0000] {logging_mixin.py:154} INFO - [2023-12-01T22:22:23.904+0000] {dag.py:2941} INFO - Sync 1 DAGs
[2023-12-01T22:22:23.917+0000] {logging_mixin.py:154} INFO - [2023-12-01T22:22:23.917+0000] {dag.py:3722} INFO - Setting next_dagrun for example_sensor_decorator to None, run_after=None
[2023-12-01T22:22:23.934+0000] {processor.py:179} INFO - Processing /home/airflow/.local/lib/python3.8/site-packages/airflow/example_dags/example_sensor_decorator.py took 0.056 seconds
[2023-12-01T22:22:54.037+0000] {processor.py:157} INFO - Started process (PID=238) to work on /home/airflow/.local/lib/python3.8/site-packages/airflow/example_dags/example_sensor_decorator.py
[2023-12-01T22:22:54.038+0000] {processor.py:829} INFO - Processing file /home/airflow/.local/lib/python3.8/site-packages/airflow/example_dags/example_sensor_decorator.py for tasks to queue
[2023-12-01T22:22:54.040+0000] {logging_mixin.py:154} INFO - [2023-12-01T22:22:54.039+0000] {dagbag.py:536} INFO - Filling up the DagBag from /home/airflow/.local/lib/python3.8/site-packages/airflow/example_dags/example_sensor_decorator.py
[2023-12-01T22:22:54.044+0000] {processor.py:839} INFO - DAG(s) dict_keys(['example_sensor_decorator']) retrieved from /home/airflow/.local/lib/python3.8/site-packages/airflow/example_dags/example_sensor_decorator.py
[2023-12-01T22:22:54.060+0000] {logging_mixin.py:154} INFO - [2023-12-01T22:22:54.059+0000] {dag.py:2941} INFO - Sync 1 DAGs
[2023-12-01T22:22:54.069+0000] {logging_mixin.py:154} INFO - [2023-12-01T22:22:54.069+0000] {dag.py:3722} INFO - Setting next_dagrun for example_sensor_decorator to None, run_after=None
[2023-12-01T22:22:54.084+0000] {processor.py:179} INFO - Processing /home/airflow/.local/lib/python3.8/site-packages/airflow/example_dags/example_sensor_decorator.py took 0.050 seconds
[2023-12-01T22:23:24.233+0000] {processor.py:157} INFO - Started process (PID=292) to work on /home/airflow/.local/lib/python3.8/site-packages/airflow/example_dags/example_sensor_decorator.py
[2023-12-01T22:23:24.234+0000] {processor.py:829} INFO - Processing file /home/airflow/.local/lib/python3.8/site-packages/airflow/example_dags/example_sensor_decorator.py for tasks to queue
[2023-12-01T22:23:24.235+0000] {logging_mixin.py:154} INFO - [2023-12-01T22:23:24.235+0000] {dagbag.py:536} INFO - Filling up the DagBag from /home/airflow/.local/lib/python3.8/site-packages/airflow/example_dags/example_sensor_decorator.py
[2023-12-01T22:23:24.239+0000] {processor.py:839} INFO - DAG(s) dict_keys(['example_sensor_decorator']) retrieved from /home/airflow/.local/lib/python3.8/site-packages/airflow/example_dags/example_sensor_decorator.py
[2023-12-01T22:23:24.253+0000] {logging_mixin.py:154} INFO - [2023-12-01T22:23:24.252+0000] {dag.py:2941} INFO - Sync 1 DAGs
[2023-12-01T22:23:24.261+0000] {logging_mixin.py:154} INFO - [2023-12-01T22:23:24.261+0000] {dag.py:3722} INFO - Setting next_dagrun for example_sensor_decorator to None, run_after=None
[2023-12-01T22:23:24.274+0000] {processor.py:179} INFO - Processing /home/airflow/.local/lib/python3.8/site-packages/airflow/example_dags/example_sensor_decorator.py took 0.043 seconds
[2023-12-01T22:23:54.396+0000] {processor.py:157} INFO - Started process (PID=346) to work on /home/airflow/.local/lib/python3.8/site-packages/airflow/example_dags/example_sensor_decorator.py
[2023-12-01T22:23:54.396+0000] {processor.py:829} INFO - Processing file /home/airflow/.local/lib/python3.8/site-packages/airflow/example_dags/example_sensor_decorator.py for tasks to queue
[2023-12-01T22:23:54.398+0000] {logging_mixin.py:154} INFO - [2023-12-01T22:23:54.398+0000] {dagbag.py:536} INFO - Filling up the DagBag from /home/airflow/.local/lib/python3.8/site-packages/airflow/example_dags/example_sensor_decorator.py
[2023-12-01T22:23:54.402+0000] {processor.py:839} INFO - DAG(s) dict_keys(['example_sensor_decorator']) retrieved from /home/airflow/.local/lib/python3.8/site-packages/airflow/example_dags/example_sensor_decorator.py
[2023-12-01T22:23:54.415+0000] {logging_mixin.py:154} INFO - [2023-12-01T22:23:54.415+0000] {dag.py:2941} INFO - Sync 1 DAGs
[2023-12-01T22:23:54.424+0000] {logging_mixin.py:154} INFO - [2023-12-01T22:23:54.424+0000] {dag.py:3722} INFO - Setting next_dagrun for example_sensor_decorator to None, run_after=None
[2023-12-01T22:23:54.438+0000] {processor.py:179} INFO - Processing /home/airflow/.local/lib/python3.8/site-packages/airflow/example_dags/example_sensor_decorator.py took 0.045 seconds
[2023-12-01T22:24:24.748+0000] {processor.py:157} INFO - Started process (PID=400) to work on /home/airflow/.local/lib/python3.8/site-packages/airflow/example_dags/example_sensor_decorator.py
[2023-12-01T22:24:24.749+0000] {processor.py:829} INFO - Processing file /home/airflow/.local/lib/python3.8/site-packages/airflow/example_dags/example_sensor_decorator.py for tasks to queue
[2023-12-01T22:24:24.751+0000] {logging_mixin.py:154} INFO - [2023-12-01T22:24:24.751+0000] {dagbag.py:536} INFO - Filling up the DagBag from /home/airflow/.local/lib/python3.8/site-packages/airflow/example_dags/example_sensor_decorator.py
[2023-12-01T22:24:24.755+0000] {processor.py:839} INFO - DAG(s) dict_keys(['example_sensor_decorator']) retrieved from /home/airflow/.local/lib/python3.8/site-packages/airflow/example_dags/example_sensor_decorator.py
[2023-12-01T22:24:24.770+0000] {logging_mixin.py:154} INFO - [2023-12-01T22:24:24.769+0000] {dag.py:2941} INFO - Sync 1 DAGs
[2023-12-01T22:24:24.781+0000] {logging_mixin.py:154} INFO - [2023-12-01T22:24:24.780+0000] {dag.py:3722} INFO - Setting next_dagrun for example_sensor_decorator to None, run_after=None
[2023-12-01T22:24:24.794+0000] {processor.py:179} INFO - Processing /home/airflow/.local/lib/python3.8/site-packages/airflow/example_dags/example_sensor_decorator.py took 0.048 seconds
[2023-12-01T22:24:55.805+0000] {processor.py:157} INFO - Started process (PID=454) to work on /home/airflow/.local/lib/python3.8/site-packages/airflow/example_dags/example_sensor_decorator.py
[2023-12-01T22:24:55.806+0000] {processor.py:829} INFO - Processing file /home/airflow/.local/lib/python3.8/site-packages/airflow/example_dags/example_sensor_decorator.py for tasks to queue
[2023-12-01T22:24:55.808+0000] {logging_mixin.py:154} INFO - [2023-12-01T22:24:55.808+0000] {dagbag.py:536} INFO - Filling up the DagBag from /home/airflow/.local/lib/python3.8/site-packages/airflow/example_dags/example_sensor_decorator.py
[2023-12-01T22:24:55.812+0000] {processor.py:839} INFO - DAG(s) dict_keys(['example_sensor_decorator']) retrieved from /home/airflow/.local/lib/python3.8/site-packages/airflow/example_dags/example_sensor_decorator.py
[2023-12-01T22:24:55.826+0000] {logging_mixin.py:154} INFO - [2023-12-01T22:24:55.826+0000] {dag.py:2941} INFO - Sync 1 DAGs
[2023-12-01T22:24:55.836+0000] {logging_mixin.py:154} INFO - [2023-12-01T22:24:55.836+0000] {dag.py:3722} INFO - Setting next_dagrun for example_sensor_decorator to None, run_after=None
[2023-12-01T22:24:55.850+0000] {processor.py:179} INFO - Processing /home/airflow/.local/lib/python3.8/site-packages/airflow/example_dags/example_sensor_decorator.py took 0.046 seconds
[2023-12-01T22:25:25.956+0000] {processor.py:157} INFO - Started process (PID=508) to work on /home/airflow/.local/lib/python3.8/site-packages/airflow/example_dags/example_sensor_decorator.py
[2023-12-01T22:25:25.957+0000] {processor.py:829} INFO - Processing file /home/airflow/.local/lib/python3.8/site-packages/airflow/example_dags/example_sensor_decorator.py for tasks to queue
[2023-12-01T22:25:25.959+0000] {logging_mixin.py:154} INFO - [2023-12-01T22:25:25.958+0000] {dagbag.py:536} INFO - Filling up the DagBag from /home/airflow/.local/lib/python3.8/site-packages/airflow/example_dags/example_sensor_decorator.py
[2023-12-01T22:25:25.962+0000] {processor.py:839} INFO - DAG(s) dict_keys(['example_sensor_decorator']) retrieved from /home/airflow/.local/lib/python3.8/site-packages/airflow/example_dags/example_sensor_decorator.py
[2023-12-01T22:25:25.976+0000] {logging_mixin.py:154} INFO - [2023-12-01T22:25:25.975+0000] {dag.py:2941} INFO - Sync 1 DAGs
[2023-12-01T22:25:25.985+0000] {logging_mixin.py:154} INFO - [2023-12-01T22:25:25.985+0000] {dag.py:3722} INFO - Setting next_dagrun for example_sensor_decorator to None, run_after=None
[2023-12-01T22:25:26.000+0000] {processor.py:179} INFO - Processing /home/airflow/.local/lib/python3.8/site-packages/airflow/example_dags/example_sensor_decorator.py took 0.046 seconds
[2023-12-01T22:25:56.846+0000] {processor.py:157} INFO - Started process (PID=562) to work on /home/airflow/.local/lib/python3.8/site-packages/airflow/example_dags/example_sensor_decorator.py
[2023-12-01T22:25:56.847+0000] {processor.py:829} INFO - Processing file /home/airflow/.local/lib/python3.8/site-packages/airflow/example_dags/example_sensor_decorator.py for tasks to queue
[2023-12-01T22:25:56.848+0000] {logging_mixin.py:154} INFO - [2023-12-01T22:25:56.848+0000] {dagbag.py:536} INFO - Filling up the DagBag from /home/airflow/.local/lib/python3.8/site-packages/airflow/example_dags/example_sensor_decorator.py
[2023-12-01T22:25:56.852+0000] {processor.py:839} INFO - DAG(s) dict_keys(['example_sensor_decorator']) retrieved from /home/airflow/.local/lib/python3.8/site-packages/airflow/example_dags/example_sensor_decorator.py
[2023-12-01T22:25:56.866+0000] {logging_mixin.py:154} INFO - [2023-12-01T22:25:56.865+0000] {dag.py:2941} INFO - Sync 1 DAGs
[2023-12-01T22:25:56.874+0000] {logging_mixin.py:154} INFO - [2023-12-01T22:25:56.874+0000] {dag.py:3722} INFO - Setting next_dagrun for example_sensor_decorator to None, run_after=None
[2023-12-01T22:25:56.887+0000] {processor.py:179} INFO - Processing /home/airflow/.local/lib/python3.8/site-packages/airflow/example_dags/example_sensor_decorator.py took 0.044 seconds
[2023-12-01T22:26:26.968+0000] {processor.py:157} INFO - Started process (PID=616) to work on /home/airflow/.local/lib/python3.8/site-packages/airflow/example_dags/example_sensor_decorator.py
[2023-12-01T22:26:26.969+0000] {processor.py:829} INFO - Processing file /home/airflow/.local/lib/python3.8/site-packages/airflow/example_dags/example_sensor_decorator.py for tasks to queue
[2023-12-01T22:26:26.970+0000] {logging_mixin.py:154} INFO - [2023-12-01T22:26:26.970+0000] {dagbag.py:536} INFO - Filling up the DagBag from /home/airflow/.local/lib/python3.8/site-packages/airflow/example_dags/example_sensor_decorator.py
[2023-12-01T22:26:26.974+0000] {processor.py:839} INFO - DAG(s) dict_keys(['example_sensor_decorator']) retrieved from /home/airflow/.local/lib/python3.8/site-packages/airflow/example_dags/example_sensor_decorator.py
[2023-12-01T22:26:26.988+0000] {logging_mixin.py:154} INFO - [2023-12-01T22:26:26.988+0000] {dag.py:2941} INFO - Sync 1 DAGs
[2023-12-01T22:26:26.996+0000] {logging_mixin.py:154} INFO - [2023-12-01T22:26:26.996+0000] {dag.py:3722} INFO - Setting next_dagrun for example_sensor_decorator to None, run_after=None
[2023-12-01T22:26:27.008+0000] {processor.py:179} INFO - Processing /home/airflow/.local/lib/python3.8/site-packages/airflow/example_dags/example_sensor_decorator.py took 0.042 seconds
[2023-12-01T22:26:57.087+0000] {processor.py:157} INFO - Started process (PID=670) to work on /home/airflow/.local/lib/python3.8/site-packages/airflow/example_dags/example_sensor_decorator.py
[2023-12-01T22:26:57.088+0000] {processor.py:829} INFO - Processing file /home/airflow/.local/lib/python3.8/site-packages/airflow/example_dags/example_sensor_decorator.py for tasks to queue
[2023-12-01T22:26:57.089+0000] {logging_mixin.py:154} INFO - [2023-12-01T22:26:57.089+0000] {dagbag.py:536} INFO - Filling up the DagBag from /home/airflow/.local/lib/python3.8/site-packages/airflow/example_dags/example_sensor_decorator.py
[2023-12-01T22:26:57.093+0000] {processor.py:839} INFO - DAG(s) dict_keys(['example_sensor_decorator']) retrieved from /home/airflow/.local/lib/python3.8/site-packages/airflow/example_dags/example_sensor_decorator.py
[2023-12-01T22:26:57.106+0000] {logging_mixin.py:154} INFO - [2023-12-01T22:26:57.106+0000] {dag.py:2941} INFO - Sync 1 DAGs
[2023-12-01T22:26:57.115+0000] {logging_mixin.py:154} INFO - [2023-12-01T22:26:57.114+0000] {dag.py:3722} INFO - Setting next_dagrun for example_sensor_decorator to None, run_after=None
[2023-12-01T22:26:57.128+0000] {processor.py:179} INFO - Processing /home/airflow/.local/lib/python3.8/site-packages/airflow/example_dags/example_sensor_decorator.py took 0.043 seconds
[2023-12-01T22:27:27.252+0000] {processor.py:157} INFO - Started process (PID=724) to work on /home/airflow/.local/lib/python3.8/site-packages/airflow/example_dags/example_sensor_decorator.py
[2023-12-01T22:27:27.253+0000] {processor.py:829} INFO - Processing file /home/airflow/.local/lib/python3.8/site-packages/airflow/example_dags/example_sensor_decorator.py for tasks to queue
[2023-12-01T22:27:27.254+0000] {logging_mixin.py:154} INFO - [2023-12-01T22:27:27.254+0000] {dagbag.py:536} INFO - Filling up the DagBag from /home/airflow/.local/lib/python3.8/site-packages/airflow/example_dags/example_sensor_decorator.py
[2023-12-01T22:27:27.258+0000] {processor.py:839} INFO - DAG(s) dict_keys(['example_sensor_decorator']) retrieved from /home/airflow/.local/lib/python3.8/site-packages/airflow/example_dags/example_sensor_decorator.py
[2023-12-01T22:27:27.272+0000] {logging_mixin.py:154} INFO - [2023-12-01T22:27:27.272+0000] {dag.py:2941} INFO - Sync 1 DAGs
[2023-12-01T22:27:27.282+0000] {logging_mixin.py:154} INFO - [2023-12-01T22:27:27.281+0000] {dag.py:3722} INFO - Setting next_dagrun for example_sensor_decorator to None, run_after=None
[2023-12-01T22:27:27.297+0000] {processor.py:179} INFO - Processing /home/airflow/.local/lib/python3.8/site-packages/airflow/example_dags/example_sensor_decorator.py took 0.047 seconds
[2023-12-01T22:27:58.131+0000] {processor.py:157} INFO - Started process (PID=778) to work on /home/airflow/.local/lib/python3.8/site-packages/airflow/example_dags/example_sensor_decorator.py
[2023-12-01T22:27:58.132+0000] {processor.py:829} INFO - Processing file /home/airflow/.local/lib/python3.8/site-packages/airflow/example_dags/example_sensor_decorator.py for tasks to queue
[2023-12-01T22:27:58.134+0000] {logging_mixin.py:154} INFO - [2023-12-01T22:27:58.134+0000] {dagbag.py:536} INFO - Filling up the DagBag from /home/airflow/.local/lib/python3.8/site-packages/airflow/example_dags/example_sensor_decorator.py
[2023-12-01T22:27:58.138+0000] {processor.py:839} INFO - DAG(s) dict_keys(['example_sensor_decorator']) retrieved from /home/airflow/.local/lib/python3.8/site-packages/airflow/example_dags/example_sensor_decorator.py
[2023-12-01T22:27:58.151+0000] {logging_mixin.py:154} INFO - [2023-12-01T22:27:58.151+0000] {dag.py:2941} INFO - Sync 1 DAGs
[2023-12-01T22:27:58.160+0000] {logging_mixin.py:154} INFO - [2023-12-01T22:27:58.159+0000] {dag.py:3722} INFO - Setting next_dagrun for example_sensor_decorator to None, run_after=None
[2023-12-01T22:27:58.173+0000] {processor.py:179} INFO - Processing /home/airflow/.local/lib/python3.8/site-packages/airflow/example_dags/example_sensor_decorator.py took 0.044 seconds
[2023-12-01T22:28:28.421+0000] {processor.py:157} INFO - Started process (PID=832) to work on /home/airflow/.local/lib/python3.8/site-packages/airflow/example_dags/example_sensor_decorator.py
[2023-12-01T22:28:28.422+0000] {processor.py:829} INFO - Processing file /home/airflow/.local/lib/python3.8/site-packages/airflow/example_dags/example_sensor_decorator.py for tasks to queue
[2023-12-01T22:28:28.423+0000] {logging_mixin.py:154} INFO - [2023-12-01T22:28:28.423+0000] {dagbag.py:536} INFO - Filling up the DagBag from /home/airflow/.local/lib/python3.8/site-packages/airflow/example_dags/example_sensor_decorator.py
[2023-12-01T22:28:28.428+0000] {processor.py:839} INFO - DAG(s) dict_keys(['example_sensor_decorator']) retrieved from /home/airflow/.local/lib/python3.8/site-packages/airflow/example_dags/example_sensor_decorator.py
[2023-12-01T22:28:28.441+0000] {logging_mixin.py:154} INFO - [2023-12-01T22:28:28.441+0000] {dag.py:2941} INFO - Sync 1 DAGs
[2023-12-01T22:28:28.449+0000] {logging_mixin.py:154} INFO - [2023-12-01T22:28:28.449+0000] {dag.py:3722} INFO - Setting next_dagrun for example_sensor_decorator to None, run_after=None
[2023-12-01T22:28:28.464+0000] {processor.py:179} INFO - Processing /home/airflow/.local/lib/python3.8/site-packages/airflow/example_dags/example_sensor_decorator.py took 0.045 seconds
[2023-12-01T22:28:58.560+0000] {processor.py:157} INFO - Started process (PID=886) to work on /home/airflow/.local/lib/python3.8/site-packages/airflow/example_dags/example_sensor_decorator.py
[2023-12-01T22:28:58.560+0000] {processor.py:829} INFO - Processing file /home/airflow/.local/lib/python3.8/site-packages/airflow/example_dags/example_sensor_decorator.py for tasks to queue
[2023-12-01T22:28:58.562+0000] {logging_mixin.py:154} INFO - [2023-12-01T22:28:58.562+0000] {dagbag.py:536} INFO - Filling up the DagBag from /home/airflow/.local/lib/python3.8/site-packages/airflow/example_dags/example_sensor_decorator.py
[2023-12-01T22:28:58.566+0000] {processor.py:839} INFO - DAG(s) dict_keys(['example_sensor_decorator']) retrieved from /home/airflow/.local/lib/python3.8/site-packages/airflow/example_dags/example_sensor_decorator.py
[2023-12-01T22:28:58.580+0000] {logging_mixin.py:154} INFO - [2023-12-01T22:28:58.580+0000] {dag.py:2941} INFO - Sync 1 DAGs
[2023-12-01T22:28:58.589+0000] {logging_mixin.py:154} INFO - [2023-12-01T22:28:58.588+0000] {dag.py:3722} INFO - Setting next_dagrun for example_sensor_decorator to None, run_after=None
[2023-12-01T22:28:58.604+0000] {processor.py:179} INFO - Processing /home/airflow/.local/lib/python3.8/site-packages/airflow/example_dags/example_sensor_decorator.py took 0.046 seconds
[2023-12-01T22:29:28.825+0000] {processor.py:157} INFO - Started process (PID=940) to work on /home/airflow/.local/lib/python3.8/site-packages/airflow/example_dags/example_sensor_decorator.py
[2023-12-01T22:29:28.825+0000] {processor.py:829} INFO - Processing file /home/airflow/.local/lib/python3.8/site-packages/airflow/example_dags/example_sensor_decorator.py for tasks to queue
[2023-12-01T22:29:28.827+0000] {logging_mixin.py:154} INFO - [2023-12-01T22:29:28.827+0000] {dagbag.py:536} INFO - Filling up the DagBag from /home/airflow/.local/lib/python3.8/site-packages/airflow/example_dags/example_sensor_decorator.py
[2023-12-01T22:29:28.831+0000] {processor.py:839} INFO - DAG(s) dict_keys(['example_sensor_decorator']) retrieved from /home/airflow/.local/lib/python3.8/site-packages/airflow/example_dags/example_sensor_decorator.py
[2023-12-01T22:29:28.844+0000] {logging_mixin.py:154} INFO - [2023-12-01T22:29:28.844+0000] {dag.py:2941} INFO - Sync 1 DAGs
[2023-12-01T22:29:28.853+0000] {logging_mixin.py:154} INFO - [2023-12-01T22:29:28.853+0000] {dag.py:3722} INFO - Setting next_dagrun for example_sensor_decorator to None, run_after=None
[2023-12-01T22:29:28.866+0000] {processor.py:179} INFO - Processing /home/airflow/.local/lib/python3.8/site-packages/airflow/example_dags/example_sensor_decorator.py took 0.043 seconds
[2023-12-01T22:29:58.913+0000] {processor.py:157} INFO - Started process (PID=994) to work on /home/airflow/.local/lib/python3.8/site-packages/airflow/example_dags/example_sensor_decorator.py
[2023-12-01T22:29:58.914+0000] {processor.py:829} INFO - Processing file /home/airflow/.local/lib/python3.8/site-packages/airflow/example_dags/example_sensor_decorator.py for tasks to queue
[2023-12-01T22:29:58.915+0000] {logging_mixin.py:154} INFO - [2023-12-01T22:29:58.915+0000] {dagbag.py:536} INFO - Filling up the DagBag from /home/airflow/.local/lib/python3.8/site-packages/airflow/example_dags/example_sensor_decorator.py
[2023-12-01T22:29:58.919+0000] {processor.py:839} INFO - DAG(s) dict_keys(['example_sensor_decorator']) retrieved from /home/airflow/.local/lib/python3.8/site-packages/airflow/example_dags/example_sensor_decorator.py
[2023-12-01T22:29:58.933+0000] {logging_mixin.py:154} INFO - [2023-12-01T22:29:58.933+0000] {dag.py:2941} INFO - Sync 1 DAGs
[2023-12-01T22:29:58.942+0000] {logging_mixin.py:154} INFO - [2023-12-01T22:29:58.942+0000] {dag.py:3722} INFO - Setting next_dagrun for example_sensor_decorator to None, run_after=None
[2023-12-01T22:29:58.954+0000] {processor.py:179} INFO - Processing /home/airflow/.local/lib/python3.8/site-packages/airflow/example_dags/example_sensor_decorator.py took 0.042 seconds
[2023-12-01T22:30:29.093+0000] {processor.py:157} INFO - Started process (PID=1048) to work on /home/airflow/.local/lib/python3.8/site-packages/airflow/example_dags/example_sensor_decorator.py
[2023-12-01T22:30:29.094+0000] {processor.py:829} INFO - Processing file /home/airflow/.local/lib/python3.8/site-packages/airflow/example_dags/example_sensor_decorator.py for tasks to queue
[2023-12-01T22:30:29.095+0000] {logging_mixin.py:154} INFO - [2023-12-01T22:30:29.095+0000] {dagbag.py:536} INFO - Filling up the DagBag from /home/airflow/.local/lib/python3.8/site-packages/airflow/example_dags/example_sensor_decorator.py
[2023-12-01T22:30:29.099+0000] {processor.py:839} INFO - DAG(s) dict_keys(['example_sensor_decorator']) retrieved from /home/airflow/.local/lib/python3.8/site-packages/airflow/example_dags/example_sensor_decorator.py
[2023-12-01T22:30:29.114+0000] {logging_mixin.py:154} INFO - [2023-12-01T22:30:29.114+0000] {dag.py:2941} INFO - Sync 1 DAGs
[2023-12-01T22:30:29.123+0000] {logging_mixin.py:154} INFO - [2023-12-01T22:30:29.123+0000] {dag.py:3722} INFO - Setting next_dagrun for example_sensor_decorator to None, run_after=None
[2023-12-01T22:30:29.137+0000] {processor.py:179} INFO - Processing /home/airflow/.local/lib/python3.8/site-packages/airflow/example_dags/example_sensor_decorator.py took 0.046 seconds
[2023-12-01T22:30:59.213+0000] {processor.py:157} INFO - Started process (PID=1102) to work on /home/airflow/.local/lib/python3.8/site-packages/airflow/example_dags/example_sensor_decorator.py
[2023-12-01T22:30:59.213+0000] {processor.py:829} INFO - Processing file /home/airflow/.local/lib/python3.8/site-packages/airflow/example_dags/example_sensor_decorator.py for tasks to queue
[2023-12-01T22:30:59.215+0000] {logging_mixin.py:154} INFO - [2023-12-01T22:30:59.215+0000] {dagbag.py:536} INFO - Filling up the DagBag from /home/airflow/.local/lib/python3.8/site-packages/airflow/example_dags/example_sensor_decorator.py
[2023-12-01T22:30:59.219+0000] {processor.py:839} INFO - DAG(s) dict_keys(['example_sensor_decorator']) retrieved from /home/airflow/.local/lib/python3.8/site-packages/airflow/example_dags/example_sensor_decorator.py
[2023-12-01T22:30:59.233+0000] {logging_mixin.py:154} INFO - [2023-12-01T22:30:59.233+0000] {dag.py:2941} INFO - Sync 1 DAGs
[2023-12-01T22:30:59.242+0000] {logging_mixin.py:154} INFO - [2023-12-01T22:30:59.242+0000] {dag.py:3722} INFO - Setting next_dagrun for example_sensor_decorator to None, run_after=None
[2023-12-01T22:30:59.255+0000] {processor.py:179} INFO - Processing /home/airflow/.local/lib/python3.8/site-packages/airflow/example_dags/example_sensor_decorator.py took 0.045 seconds
[2023-12-01T22:31:29.285+0000] {processor.py:157} INFO - Started process (PID=1156) to work on /home/airflow/.local/lib/python3.8/site-packages/airflow/example_dags/example_sensor_decorator.py
[2023-12-01T22:31:29.286+0000] {processor.py:829} INFO - Processing file /home/airflow/.local/lib/python3.8/site-packages/airflow/example_dags/example_sensor_decorator.py for tasks to queue
[2023-12-01T22:31:29.288+0000] {logging_mixin.py:154} INFO - [2023-12-01T22:31:29.287+0000] {dagbag.py:536} INFO - Filling up the DagBag from /home/airflow/.local/lib/python3.8/site-packages/airflow/example_dags/example_sensor_decorator.py
[2023-12-01T22:31:29.292+0000] {processor.py:839} INFO - DAG(s) dict_keys(['example_sensor_decorator']) retrieved from /home/airflow/.local/lib/python3.8/site-packages/airflow/example_dags/example_sensor_decorator.py
[2023-12-01T22:31:29.305+0000] {logging_mixin.py:154} INFO - [2023-12-01T22:31:29.305+0000] {dag.py:2941} INFO - Sync 1 DAGs
[2023-12-01T22:31:29.314+0000] {logging_mixin.py:154} INFO - [2023-12-01T22:31:29.314+0000] {dag.py:3722} INFO - Setting next_dagrun for example_sensor_decorator to None, run_after=None
[2023-12-01T22:31:29.328+0000] {processor.py:179} INFO - Processing /home/airflow/.local/lib/python3.8/site-packages/airflow/example_dags/example_sensor_decorator.py took 0.044 seconds
[2023-12-01T22:31:59.417+0000] {processor.py:157} INFO - Started process (PID=1210) to work on /home/airflow/.local/lib/python3.8/site-packages/airflow/example_dags/example_sensor_decorator.py
[2023-12-01T22:31:59.418+0000] {processor.py:829} INFO - Processing file /home/airflow/.local/lib/python3.8/site-packages/airflow/example_dags/example_sensor_decorator.py for tasks to queue
[2023-12-01T22:31:59.420+0000] {logging_mixin.py:154} INFO - [2023-12-01T22:31:59.419+0000] {dagbag.py:536} INFO - Filling up the DagBag from /home/airflow/.local/lib/python3.8/site-packages/airflow/example_dags/example_sensor_decorator.py
[2023-12-01T22:31:59.424+0000] {processor.py:839} INFO - DAG(s) dict_keys(['example_sensor_decorator']) retrieved from /home/airflow/.local/lib/python3.8/site-packages/airflow/example_dags/example_sensor_decorator.py
[2023-12-01T22:31:59.437+0000] {logging_mixin.py:154} INFO - [2023-12-01T22:31:59.437+0000] {dag.py:2941} INFO - Sync 1 DAGs
[2023-12-01T22:31:59.446+0000] {logging_mixin.py:154} INFO - [2023-12-01T22:31:59.446+0000] {dag.py:3722} INFO - Setting next_dagrun for example_sensor_decorator to None, run_after=None
[2023-12-01T22:31:59.459+0000] {processor.py:179} INFO - Processing /home/airflow/.local/lib/python3.8/site-packages/airflow/example_dags/example_sensor_decorator.py took 0.044 seconds
[2023-12-01T22:32:29.568+0000] {processor.py:157} INFO - Started process (PID=1264) to work on /home/airflow/.local/lib/python3.8/site-packages/airflow/example_dags/example_sensor_decorator.py
[2023-12-01T22:32:29.569+0000] {processor.py:829} INFO - Processing file /home/airflow/.local/lib/python3.8/site-packages/airflow/example_dags/example_sensor_decorator.py for tasks to queue
[2023-12-01T22:32:29.571+0000] {logging_mixin.py:154} INFO - [2023-12-01T22:32:29.571+0000] {dagbag.py:536} INFO - Filling up the DagBag from /home/airflow/.local/lib/python3.8/site-packages/airflow/example_dags/example_sensor_decorator.py
[2023-12-01T22:32:29.575+0000] {processor.py:839} INFO - DAG(s) dict_keys(['example_sensor_decorator']) retrieved from /home/airflow/.local/lib/python3.8/site-packages/airflow/example_dags/example_sensor_decorator.py
[2023-12-01T22:32:29.588+0000] {logging_mixin.py:154} INFO - [2023-12-01T22:32:29.588+0000] {dag.py:2941} INFO - Sync 1 DAGs
[2023-12-01T22:32:29.596+0000] {logging_mixin.py:154} INFO - [2023-12-01T22:32:29.596+0000] {dag.py:3722} INFO - Setting next_dagrun for example_sensor_decorator to None, run_after=None
[2023-12-01T22:32:29.611+0000] {processor.py:179} INFO - Processing /home/airflow/.local/lib/python3.8/site-packages/airflow/example_dags/example_sensor_decorator.py took 0.045 seconds
[2023-12-01T22:33:00.065+0000] {processor.py:157} INFO - Started process (PID=1318) to work on /home/airflow/.local/lib/python3.8/site-packages/airflow/example_dags/example_sensor_decorator.py
[2023-12-01T22:33:00.066+0000] {processor.py:829} INFO - Processing file /home/airflow/.local/lib/python3.8/site-packages/airflow/example_dags/example_sensor_decorator.py for tasks to queue
[2023-12-01T22:33:00.068+0000] {logging_mixin.py:154} INFO - [2023-12-01T22:33:00.068+0000] {dagbag.py:536} INFO - Filling up the DagBag from /home/airflow/.local/lib/python3.8/site-packages/airflow/example_dags/example_sensor_decorator.py
[2023-12-01T22:33:00.072+0000] {processor.py:839} INFO - DAG(s) dict_keys(['example_sensor_decorator']) retrieved from /home/airflow/.local/lib/python3.8/site-packages/airflow/example_dags/example_sensor_decorator.py
[2023-12-01T22:33:00.087+0000] {logging_mixin.py:154} INFO - [2023-12-01T22:33:00.087+0000] {dag.py:2941} INFO - Sync 1 DAGs
[2023-12-01T22:33:00.097+0000] {logging_mixin.py:154} INFO - [2023-12-01T22:33:00.097+0000] {dag.py:3722} INFO - Setting next_dagrun for example_sensor_decorator to None, run_after=None
[2023-12-01T22:33:00.112+0000] {processor.py:179} INFO - Processing /home/airflow/.local/lib/python3.8/site-packages/airflow/example_dags/example_sensor_decorator.py took 0.049 seconds
[2023-12-01T22:33:30.496+0000] {processor.py:157} INFO - Started process (PID=1373) to work on /home/airflow/.local/lib/python3.8/site-packages/airflow/example_dags/example_sensor_decorator.py
[2023-12-01T22:33:30.497+0000] {processor.py:829} INFO - Processing file /home/airflow/.local/lib/python3.8/site-packages/airflow/example_dags/example_sensor_decorator.py for tasks to queue
[2023-12-01T22:33:30.498+0000] {logging_mixin.py:154} INFO - [2023-12-01T22:33:30.498+0000] {dagbag.py:536} INFO - Filling up the DagBag from /home/airflow/.local/lib/python3.8/site-packages/airflow/example_dags/example_sensor_decorator.py
[2023-12-01T22:33:30.503+0000] {processor.py:839} INFO - DAG(s) dict_keys(['example_sensor_decorator']) retrieved from /home/airflow/.local/lib/python3.8/site-packages/airflow/example_dags/example_sensor_decorator.py
[2023-12-01T22:33:30.517+0000] {logging_mixin.py:154} INFO - [2023-12-01T22:33:30.517+0000] {dag.py:2941} INFO - Sync 1 DAGs
[2023-12-01T22:33:30.528+0000] {logging_mixin.py:154} INFO - [2023-12-01T22:33:30.527+0000] {dag.py:3722} INFO - Setting next_dagrun for example_sensor_decorator to None, run_after=None
[2023-12-01T22:33:30.543+0000] {processor.py:179} INFO - Processing /home/airflow/.local/lib/python3.8/site-packages/airflow/example_dags/example_sensor_decorator.py took 0.049 seconds
[2023-12-01T22:34:00.785+0000] {processor.py:157} INFO - Started process (PID=1427) to work on /home/airflow/.local/lib/python3.8/site-packages/airflow/example_dags/example_sensor_decorator.py
[2023-12-01T22:34:00.785+0000] {processor.py:829} INFO - Processing file /home/airflow/.local/lib/python3.8/site-packages/airflow/example_dags/example_sensor_decorator.py for tasks to queue
[2023-12-01T22:34:00.787+0000] {logging_mixin.py:154} INFO - [2023-12-01T22:34:00.787+0000] {dagbag.py:536} INFO - Filling up the DagBag from /home/airflow/.local/lib/python3.8/site-packages/airflow/example_dags/example_sensor_decorator.py
[2023-12-01T22:34:00.793+0000] {processor.py:839} INFO - DAG(s) dict_keys(['example_sensor_decorator']) retrieved from /home/airflow/.local/lib/python3.8/site-packages/airflow/example_dags/example_sensor_decorator.py
[2023-12-01T22:34:00.809+0000] {logging_mixin.py:154} INFO - [2023-12-01T22:34:00.808+0000] {dag.py:2941} INFO - Sync 1 DAGs
[2023-12-01T22:34:00.820+0000] {logging_mixin.py:154} INFO - [2023-12-01T22:34:00.820+0000] {dag.py:3722} INFO - Setting next_dagrun for example_sensor_decorator to None, run_after=None
[2023-12-01T22:34:00.838+0000] {processor.py:179} INFO - Processing /home/airflow/.local/lib/python3.8/site-packages/airflow/example_dags/example_sensor_decorator.py took 0.056 seconds
[2023-12-01T22:34:31.504+0000] {processor.py:157} INFO - Started process (PID=1481) to work on /home/airflow/.local/lib/python3.8/site-packages/airflow/example_dags/example_sensor_decorator.py
[2023-12-01T22:34:31.505+0000] {processor.py:829} INFO - Processing file /home/airflow/.local/lib/python3.8/site-packages/airflow/example_dags/example_sensor_decorator.py for tasks to queue
[2023-12-01T22:34:31.507+0000] {logging_mixin.py:154} INFO - [2023-12-01T22:34:31.506+0000] {dagbag.py:536} INFO - Filling up the DagBag from /home/airflow/.local/lib/python3.8/site-packages/airflow/example_dags/example_sensor_decorator.py
[2023-12-01T22:34:31.511+0000] {processor.py:839} INFO - DAG(s) dict_keys(['example_sensor_decorator']) retrieved from /home/airflow/.local/lib/python3.8/site-packages/airflow/example_dags/example_sensor_decorator.py
[2023-12-01T22:34:31.526+0000] {logging_mixin.py:154} INFO - [2023-12-01T22:34:31.526+0000] {dag.py:2941} INFO - Sync 1 DAGs
[2023-12-01T22:34:31.538+0000] {logging_mixin.py:154} INFO - [2023-12-01T22:34:31.538+0000] {dag.py:3722} INFO - Setting next_dagrun for example_sensor_decorator to None, run_after=None
[2023-12-01T22:34:31.559+0000] {processor.py:179} INFO - Processing /home/airflow/.local/lib/python3.8/site-packages/airflow/example_dags/example_sensor_decorator.py took 0.057 seconds
[2023-12-01T22:35:01.843+0000] {processor.py:157} INFO - Started process (PID=1535) to work on /home/airflow/.local/lib/python3.8/site-packages/airflow/example_dags/example_sensor_decorator.py
[2023-12-01T22:35:01.844+0000] {processor.py:829} INFO - Processing file /home/airflow/.local/lib/python3.8/site-packages/airflow/example_dags/example_sensor_decorator.py for tasks to queue
[2023-12-01T22:35:01.845+0000] {logging_mixin.py:154} INFO - [2023-12-01T22:35:01.845+0000] {dagbag.py:536} INFO - Filling up the DagBag from /home/airflow/.local/lib/python3.8/site-packages/airflow/example_dags/example_sensor_decorator.py
[2023-12-01T22:35:01.850+0000] {processor.py:839} INFO - DAG(s) dict_keys(['example_sensor_decorator']) retrieved from /home/airflow/.local/lib/python3.8/site-packages/airflow/example_dags/example_sensor_decorator.py
[2023-12-01T22:35:01.868+0000] {logging_mixin.py:154} INFO - [2023-12-01T22:35:01.868+0000] {dag.py:2941} INFO - Sync 1 DAGs
[2023-12-01T22:35:01.881+0000] {logging_mixin.py:154} INFO - [2023-12-01T22:35:01.881+0000] {dag.py:3722} INFO - Setting next_dagrun for example_sensor_decorator to None, run_after=None
[2023-12-01T22:35:01.902+0000] {processor.py:179} INFO - Processing /home/airflow/.local/lib/python3.8/site-packages/airflow/example_dags/example_sensor_decorator.py took 0.062 seconds
[2023-12-01T22:35:32.171+0000] {processor.py:157} INFO - Started process (PID=1589) to work on /home/airflow/.local/lib/python3.8/site-packages/airflow/example_dags/example_sensor_decorator.py
[2023-12-01T22:35:32.172+0000] {processor.py:829} INFO - Processing file /home/airflow/.local/lib/python3.8/site-packages/airflow/example_dags/example_sensor_decorator.py for tasks to queue
[2023-12-01T22:35:32.173+0000] {logging_mixin.py:154} INFO - [2023-12-01T22:35:32.173+0000] {dagbag.py:536} INFO - Filling up the DagBag from /home/airflow/.local/lib/python3.8/site-packages/airflow/example_dags/example_sensor_decorator.py
[2023-12-01T22:35:32.178+0000] {processor.py:839} INFO - DAG(s) dict_keys(['example_sensor_decorator']) retrieved from /home/airflow/.local/lib/python3.8/site-packages/airflow/example_dags/example_sensor_decorator.py
[2023-12-01T22:35:32.195+0000] {logging_mixin.py:154} INFO - [2023-12-01T22:35:32.195+0000] {dag.py:2941} INFO - Sync 1 DAGs
[2023-12-01T22:35:32.204+0000] {logging_mixin.py:154} INFO - [2023-12-01T22:35:32.204+0000] {dag.py:3722} INFO - Setting next_dagrun for example_sensor_decorator to None, run_after=None
[2023-12-01T22:35:32.220+0000] {processor.py:179} INFO - Processing /home/airflow/.local/lib/python3.8/site-packages/airflow/example_dags/example_sensor_decorator.py took 0.052 seconds
[2023-12-01T22:38:30.625+0000] {processor.py:157} INFO - Started process (PID=75) to work on /home/airflow/.local/lib/python3.8/site-packages/airflow/example_dags/example_sensor_decorator.py
[2023-12-01T22:38:30.626+0000] {processor.py:829} INFO - Processing file /home/airflow/.local/lib/python3.8/site-packages/airflow/example_dags/example_sensor_decorator.py for tasks to queue
[2023-12-01T22:38:30.628+0000] {logging_mixin.py:154} INFO - [2023-12-01T22:38:30.627+0000] {dagbag.py:536} INFO - Filling up the DagBag from /home/airflow/.local/lib/python3.8/site-packages/airflow/example_dags/example_sensor_decorator.py
[2023-12-01T22:38:30.642+0000] {processor.py:839} INFO - DAG(s) dict_keys(['example_sensor_decorator']) retrieved from /home/airflow/.local/lib/python3.8/site-packages/airflow/example_dags/example_sensor_decorator.py
[2023-12-01T22:38:30.654+0000] {logging_mixin.py:154} INFO - [2023-12-01T22:38:30.653+0000] {dag.py:2941} INFO - Sync 1 DAGs
[2023-12-01T22:38:30.666+0000] {logging_mixin.py:154} INFO - [2023-12-01T22:38:30.666+0000] {dag.py:3722} INFO - Setting next_dagrun for example_sensor_decorator to None, run_after=None
[2023-12-01T22:38:30.687+0000] {processor.py:179} INFO - Processing /home/airflow/.local/lib/python3.8/site-packages/airflow/example_dags/example_sensor_decorator.py took 0.065 seconds
[2023-12-01T22:39:01.164+0000] {processor.py:157} INFO - Started process (PID=129) to work on /home/airflow/.local/lib/python3.8/site-packages/airflow/example_dags/example_sensor_decorator.py
[2023-12-01T22:39:01.164+0000] {processor.py:829} INFO - Processing file /home/airflow/.local/lib/python3.8/site-packages/airflow/example_dags/example_sensor_decorator.py for tasks to queue
[2023-12-01T22:39:01.166+0000] {logging_mixin.py:154} INFO - [2023-12-01T22:39:01.166+0000] {dagbag.py:536} INFO - Filling up the DagBag from /home/airflow/.local/lib/python3.8/site-packages/airflow/example_dags/example_sensor_decorator.py
[2023-12-01T22:39:01.170+0000] {processor.py:839} INFO - DAG(s) dict_keys(['example_sensor_decorator']) retrieved from /home/airflow/.local/lib/python3.8/site-packages/airflow/example_dags/example_sensor_decorator.py
[2023-12-01T22:39:01.187+0000] {logging_mixin.py:154} INFO - [2023-12-01T22:39:01.187+0000] {dag.py:2941} INFO - Sync 1 DAGs
[2023-12-01T22:39:01.197+0000] {logging_mixin.py:154} INFO - [2023-12-01T22:39:01.197+0000] {dag.py:3722} INFO - Setting next_dagrun for example_sensor_decorator to None, run_after=None
[2023-12-01T22:39:01.217+0000] {processor.py:179} INFO - Processing /home/airflow/.local/lib/python3.8/site-packages/airflow/example_dags/example_sensor_decorator.py took 0.056 seconds
[2023-12-01T22:39:31.687+0000] {processor.py:157} INFO - Started process (PID=183) to work on /home/airflow/.local/lib/python3.8/site-packages/airflow/example_dags/example_sensor_decorator.py
[2023-12-01T22:39:31.688+0000] {processor.py:829} INFO - Processing file /home/airflow/.local/lib/python3.8/site-packages/airflow/example_dags/example_sensor_decorator.py for tasks to queue
[2023-12-01T22:39:31.690+0000] {logging_mixin.py:154} INFO - [2023-12-01T22:39:31.690+0000] {dagbag.py:536} INFO - Filling up the DagBag from /home/airflow/.local/lib/python3.8/site-packages/airflow/example_dags/example_sensor_decorator.py
[2023-12-01T22:39:31.694+0000] {processor.py:839} INFO - DAG(s) dict_keys(['example_sensor_decorator']) retrieved from /home/airflow/.local/lib/python3.8/site-packages/airflow/example_dags/example_sensor_decorator.py
[2023-12-01T22:39:31.710+0000] {logging_mixin.py:154} INFO - [2023-12-01T22:39:31.709+0000] {dag.py:2941} INFO - Sync 1 DAGs
[2023-12-01T22:39:31.721+0000] {logging_mixin.py:154} INFO - [2023-12-01T22:39:31.721+0000] {dag.py:3722} INFO - Setting next_dagrun for example_sensor_decorator to None, run_after=None
[2023-12-01T22:39:31.738+0000] {processor.py:179} INFO - Processing /home/airflow/.local/lib/python3.8/site-packages/airflow/example_dags/example_sensor_decorator.py took 0.053 seconds
[2023-12-01T22:40:02.083+0000] {processor.py:157} INFO - Started process (PID=237) to work on /home/airflow/.local/lib/python3.8/site-packages/airflow/example_dags/example_sensor_decorator.py
[2023-12-01T22:40:02.084+0000] {processor.py:829} INFO - Processing file /home/airflow/.local/lib/python3.8/site-packages/airflow/example_dags/example_sensor_decorator.py for tasks to queue
[2023-12-01T22:40:02.086+0000] {logging_mixin.py:154} INFO - [2023-12-01T22:40:02.086+0000] {dagbag.py:536} INFO - Filling up the DagBag from /home/airflow/.local/lib/python3.8/site-packages/airflow/example_dags/example_sensor_decorator.py
[2023-12-01T22:40:02.092+0000] {processor.py:839} INFO - DAG(s) dict_keys(['example_sensor_decorator']) retrieved from /home/airflow/.local/lib/python3.8/site-packages/airflow/example_dags/example_sensor_decorator.py
[2023-12-01T22:40:02.111+0000] {logging_mixin.py:154} INFO - [2023-12-01T22:40:02.111+0000] {dag.py:2941} INFO - Sync 1 DAGs
[2023-12-01T22:40:02.122+0000] {logging_mixin.py:154} INFO - [2023-12-01T22:40:02.122+0000] {dag.py:3722} INFO - Setting next_dagrun for example_sensor_decorator to None, run_after=None
[2023-12-01T22:40:02.137+0000] {processor.py:179} INFO - Processing /home/airflow/.local/lib/python3.8/site-packages/airflow/example_dags/example_sensor_decorator.py took 0.057 seconds
[2023-12-01T22:40:32.670+0000] {processor.py:157} INFO - Started process (PID=291) to work on /home/airflow/.local/lib/python3.8/site-packages/airflow/example_dags/example_sensor_decorator.py
[2023-12-01T22:40:32.671+0000] {processor.py:829} INFO - Processing file /home/airflow/.local/lib/python3.8/site-packages/airflow/example_dags/example_sensor_decorator.py for tasks to queue
[2023-12-01T22:40:32.673+0000] {logging_mixin.py:154} INFO - [2023-12-01T22:40:32.673+0000] {dagbag.py:536} INFO - Filling up the DagBag from /home/airflow/.local/lib/python3.8/site-packages/airflow/example_dags/example_sensor_decorator.py
[2023-12-01T22:40:32.677+0000] {processor.py:839} INFO - DAG(s) dict_keys(['example_sensor_decorator']) retrieved from /home/airflow/.local/lib/python3.8/site-packages/airflow/example_dags/example_sensor_decorator.py
[2023-12-01T22:40:32.700+0000] {logging_mixin.py:154} INFO - [2023-12-01T22:40:32.700+0000] {dag.py:2941} INFO - Sync 1 DAGs
[2023-12-01T22:40:32.714+0000] {logging_mixin.py:154} INFO - [2023-12-01T22:40:32.714+0000] {dag.py:3722} INFO - Setting next_dagrun for example_sensor_decorator to None, run_after=None
[2023-12-01T22:40:32.731+0000] {processor.py:179} INFO - Processing /home/airflow/.local/lib/python3.8/site-packages/airflow/example_dags/example_sensor_decorator.py took 0.063 seconds
[2023-12-01T22:41:03.116+0000] {processor.py:157} INFO - Started process (PID=345) to work on /home/airflow/.local/lib/python3.8/site-packages/airflow/example_dags/example_sensor_decorator.py
[2023-12-01T22:41:03.117+0000] {processor.py:829} INFO - Processing file /home/airflow/.local/lib/python3.8/site-packages/airflow/example_dags/example_sensor_decorator.py for tasks to queue
[2023-12-01T22:41:03.118+0000] {logging_mixin.py:154} INFO - [2023-12-01T22:41:03.118+0000] {dagbag.py:536} INFO - Filling up the DagBag from /home/airflow/.local/lib/python3.8/site-packages/airflow/example_dags/example_sensor_decorator.py
[2023-12-01T22:41:03.123+0000] {processor.py:839} INFO - DAG(s) dict_keys(['example_sensor_decorator']) retrieved from /home/airflow/.local/lib/python3.8/site-packages/airflow/example_dags/example_sensor_decorator.py
[2023-12-01T22:41:03.143+0000] {logging_mixin.py:154} INFO - [2023-12-01T22:41:03.143+0000] {dag.py:2941} INFO - Sync 1 DAGs
[2023-12-01T22:41:03.159+0000] {logging_mixin.py:154} INFO - [2023-12-01T22:41:03.159+0000] {dag.py:3722} INFO - Setting next_dagrun for example_sensor_decorator to None, run_after=None
[2023-12-01T22:41:03.179+0000] {processor.py:179} INFO - Processing /home/airflow/.local/lib/python3.8/site-packages/airflow/example_dags/example_sensor_decorator.py took 0.067 seconds
