[2023-12-01T22:13:41.675+0000] {processor.py:157} INFO - Started process (PID=52) to work on /home/airflow/.local/lib/python3.8/site-packages/airflow/example_dags/example_external_task_marker_dag.py
[2023-12-01T22:13:41.676+0000] {processor.py:829} INFO - Processing file /home/airflow/.local/lib/python3.8/site-packages/airflow/example_dags/example_external_task_marker_dag.py for tasks to queue
[2023-12-01T22:13:41.678+0000] {logging_mixin.py:154} INFO - [2023-12-01T22:13:41.678+0000] {dagbag.py:536} INFO - Filling up the DagBag from /home/airflow/.local/lib/python3.8/site-packages/airflow/example_dags/example_external_task_marker_dag.py
[2023-12-01T22:13:41.686+0000] {processor.py:839} INFO - DAG(s) dict_keys(['example_external_task_marker_child', 'example_external_task_marker_parent']) retrieved from /home/airflow/.local/lib/python3.8/site-packages/airflow/example_dags/example_external_task_marker_dag.py
[2023-12-01T22:13:41.712+0000] {logging_mixin.py:154} INFO - [2023-12-01T22:13:41.712+0000] {dag.py:2941} INFO - Sync 2 DAGs
[2023-12-01T22:13:41.730+0000] {logging_mixin.py:154} INFO - [2023-12-01T22:13:41.730+0000] {dag.py:3722} INFO - Setting next_dagrun for example_external_task_marker_child to None, run_after=None
[2023-12-01T22:13:41.734+0000] {logging_mixin.py:154} INFO - [2023-12-01T22:13:41.734+0000] {dag.py:3722} INFO - Setting next_dagrun for example_external_task_marker_parent to None, run_after=None
[2023-12-01T22:13:41.751+0000] {processor.py:179} INFO - Processing /home/airflow/.local/lib/python3.8/site-packages/airflow/example_dags/example_external_task_marker_dag.py took 0.078 seconds
[2023-12-01T22:19:41.058+0000] {processor.py:157} INFO - Started process (PID=50) to work on /home/airflow/.local/lib/python3.8/site-packages/airflow/example_dags/example_external_task_marker_dag.py
[2023-12-01T22:19:41.059+0000] {processor.py:829} INFO - Processing file /home/airflow/.local/lib/python3.8/site-packages/airflow/example_dags/example_external_task_marker_dag.py for tasks to queue
[2023-12-01T22:19:41.061+0000] {logging_mixin.py:154} INFO - [2023-12-01T22:19:41.061+0000] {dagbag.py:536} INFO - Filling up the DagBag from /home/airflow/.local/lib/python3.8/site-packages/airflow/example_dags/example_external_task_marker_dag.py
[2023-12-01T22:19:41.072+0000] {processor.py:839} INFO - DAG(s) dict_keys(['example_external_task_marker_parent', 'example_external_task_marker_child']) retrieved from /home/airflow/.local/lib/python3.8/site-packages/airflow/example_dags/example_external_task_marker_dag.py
[2023-12-01T22:19:41.095+0000] {logging_mixin.py:154} INFO - [2023-12-01T22:19:41.094+0000] {dag.py:2941} INFO - Sync 2 DAGs
[2023-12-01T22:19:41.109+0000] {logging_mixin.py:154} INFO - [2023-12-01T22:19:41.109+0000] {dag.py:3722} INFO - Setting next_dagrun for example_external_task_marker_child to None, run_after=None
[2023-12-01T22:19:41.113+0000] {logging_mixin.py:154} INFO - [2023-12-01T22:19:41.112+0000] {dag.py:3722} INFO - Setting next_dagrun for example_external_task_marker_parent to None, run_after=None
[2023-12-01T22:19:41.127+0000] {processor.py:179} INFO - Processing /home/airflow/.local/lib/python3.8/site-packages/airflow/example_dags/example_external_task_marker_dag.py took 0.072 seconds
[2023-12-01T22:21:22.208+0000] {processor.py:157} INFO - Started process (PID=51) to work on /home/airflow/.local/lib/python3.8/site-packages/airflow/example_dags/example_external_task_marker_dag.py
[2023-12-01T22:21:22.209+0000] {processor.py:829} INFO - Processing file /home/airflow/.local/lib/python3.8/site-packages/airflow/example_dags/example_external_task_marker_dag.py for tasks to queue
[2023-12-01T22:21:22.212+0000] {logging_mixin.py:154} INFO - [2023-12-01T22:21:22.211+0000] {dagbag.py:536} INFO - Filling up the DagBag from /home/airflow/.local/lib/python3.8/site-packages/airflow/example_dags/example_external_task_marker_dag.py
[2023-12-01T22:21:22.221+0000] {processor.py:839} INFO - DAG(s) dict_keys(['example_external_task_marker_parent', 'example_external_task_marker_child']) retrieved from /home/airflow/.local/lib/python3.8/site-packages/airflow/example_dags/example_external_task_marker_dag.py
[2023-12-01T22:21:22.233+0000] {logging_mixin.py:154} INFO - [2023-12-01T22:21:22.233+0000] {dag.py:2941} INFO - Sync 2 DAGs
[2023-12-01T22:21:22.250+0000] {logging_mixin.py:154} INFO - [2023-12-01T22:21:22.250+0000] {dag.py:3722} INFO - Setting next_dagrun for example_external_task_marker_child to None, run_after=None
[2023-12-01T22:21:22.255+0000] {logging_mixin.py:154} INFO - [2023-12-01T22:21:22.255+0000] {dag.py:3722} INFO - Setting next_dagrun for example_external_task_marker_parent to None, run_after=None
[2023-12-01T22:21:22.274+0000] {processor.py:179} INFO - Processing /home/airflow/.local/lib/python3.8/site-packages/airflow/example_dags/example_external_task_marker_dag.py took 0.069 seconds
[2023-12-01T22:21:52.408+0000] {processor.py:157} INFO - Started process (PID=106) to work on /home/airflow/.local/lib/python3.8/site-packages/airflow/example_dags/example_external_task_marker_dag.py
[2023-12-01T22:21:52.409+0000] {processor.py:829} INFO - Processing file /home/airflow/.local/lib/python3.8/site-packages/airflow/example_dags/example_external_task_marker_dag.py for tasks to queue
[2023-12-01T22:21:52.411+0000] {logging_mixin.py:154} INFO - [2023-12-01T22:21:52.410+0000] {dagbag.py:536} INFO - Filling up the DagBag from /home/airflow/.local/lib/python3.8/site-packages/airflow/example_dags/example_external_task_marker_dag.py
[2023-12-01T22:21:52.416+0000] {processor.py:839} INFO - DAG(s) dict_keys(['example_external_task_marker_child', 'example_external_task_marker_parent']) retrieved from /home/airflow/.local/lib/python3.8/site-packages/airflow/example_dags/example_external_task_marker_dag.py
[2023-12-01T22:21:52.435+0000] {logging_mixin.py:154} INFO - [2023-12-01T22:21:52.435+0000] {dag.py:2941} INFO - Sync 2 DAGs
[2023-12-01T22:21:52.446+0000] {logging_mixin.py:154} INFO - [2023-12-01T22:21:52.446+0000] {dag.py:3722} INFO - Setting next_dagrun for example_external_task_marker_child to None, run_after=None
[2023-12-01T22:21:52.449+0000] {logging_mixin.py:154} INFO - [2023-12-01T22:21:52.449+0000] {dag.py:3722} INFO - Setting next_dagrun for example_external_task_marker_parent to None, run_after=None
[2023-12-01T22:21:52.461+0000] {processor.py:179} INFO - Processing /home/airflow/.local/lib/python3.8/site-packages/airflow/example_dags/example_external_task_marker_dag.py took 0.056 seconds
[2023-12-01T22:22:22.778+0000] {processor.py:157} INFO - Started process (PID=160) to work on /home/airflow/.local/lib/python3.8/site-packages/airflow/example_dags/example_external_task_marker_dag.py
[2023-12-01T22:22:22.779+0000] {processor.py:829} INFO - Processing file /home/airflow/.local/lib/python3.8/site-packages/airflow/example_dags/example_external_task_marker_dag.py for tasks to queue
[2023-12-01T22:22:22.780+0000] {logging_mixin.py:154} INFO - [2023-12-01T22:22:22.780+0000] {dagbag.py:536} INFO - Filling up the DagBag from /home/airflow/.local/lib/python3.8/site-packages/airflow/example_dags/example_external_task_marker_dag.py
[2023-12-01T22:22:22.784+0000] {processor.py:839} INFO - DAG(s) dict_keys(['example_external_task_marker_parent', 'example_external_task_marker_child']) retrieved from /home/airflow/.local/lib/python3.8/site-packages/airflow/example_dags/example_external_task_marker_dag.py
[2023-12-01T22:22:22.801+0000] {logging_mixin.py:154} INFO - [2023-12-01T22:22:22.801+0000] {dag.py:2941} INFO - Sync 2 DAGs
[2023-12-01T22:22:22.810+0000] {logging_mixin.py:154} INFO - [2023-12-01T22:22:22.810+0000] {dag.py:3722} INFO - Setting next_dagrun for example_external_task_marker_child to None, run_after=None
[2023-12-01T22:22:22.812+0000] {logging_mixin.py:154} INFO - [2023-12-01T22:22:22.812+0000] {dag.py:3722} INFO - Setting next_dagrun for example_external_task_marker_parent to None, run_after=None
[2023-12-01T22:22:22.824+0000] {processor.py:179} INFO - Processing /home/airflow/.local/lib/python3.8/site-packages/airflow/example_dags/example_external_task_marker_dag.py took 0.048 seconds
[2023-12-01T22:22:53.068+0000] {processor.py:157} INFO - Started process (PID=214) to work on /home/airflow/.local/lib/python3.8/site-packages/airflow/example_dags/example_external_task_marker_dag.py
[2023-12-01T22:22:53.069+0000] {processor.py:829} INFO - Processing file /home/airflow/.local/lib/python3.8/site-packages/airflow/example_dags/example_external_task_marker_dag.py for tasks to queue
[2023-12-01T22:22:53.070+0000] {logging_mixin.py:154} INFO - [2023-12-01T22:22:53.070+0000] {dagbag.py:536} INFO - Filling up the DagBag from /home/airflow/.local/lib/python3.8/site-packages/airflow/example_dags/example_external_task_marker_dag.py
[2023-12-01T22:22:53.074+0000] {processor.py:839} INFO - DAG(s) dict_keys(['example_external_task_marker_parent', 'example_external_task_marker_child']) retrieved from /home/airflow/.local/lib/python3.8/site-packages/airflow/example_dags/example_external_task_marker_dag.py
[2023-12-01T22:22:53.094+0000] {logging_mixin.py:154} INFO - [2023-12-01T22:22:53.094+0000] {dag.py:2941} INFO - Sync 2 DAGs
[2023-12-01T22:22:53.106+0000] {logging_mixin.py:154} INFO - [2023-12-01T22:22:53.106+0000] {dag.py:3722} INFO - Setting next_dagrun for example_external_task_marker_child to None, run_after=None
[2023-12-01T22:22:53.110+0000] {logging_mixin.py:154} INFO - [2023-12-01T22:22:53.110+0000] {dag.py:3722} INFO - Setting next_dagrun for example_external_task_marker_parent to None, run_after=None
[2023-12-01T22:22:53.122+0000] {processor.py:179} INFO - Processing /home/airflow/.local/lib/python3.8/site-packages/airflow/example_dags/example_external_task_marker_dag.py took 0.057 seconds
[2023-12-01T22:23:23.170+0000] {processor.py:157} INFO - Started process (PID=268) to work on /home/airflow/.local/lib/python3.8/site-packages/airflow/example_dags/example_external_task_marker_dag.py
[2023-12-01T22:23:23.171+0000] {processor.py:829} INFO - Processing file /home/airflow/.local/lib/python3.8/site-packages/airflow/example_dags/example_external_task_marker_dag.py for tasks to queue
[2023-12-01T22:23:23.172+0000] {logging_mixin.py:154} INFO - [2023-12-01T22:23:23.172+0000] {dagbag.py:536} INFO - Filling up the DagBag from /home/airflow/.local/lib/python3.8/site-packages/airflow/example_dags/example_external_task_marker_dag.py
[2023-12-01T22:23:23.176+0000] {processor.py:839} INFO - DAG(s) dict_keys(['example_external_task_marker_child', 'example_external_task_marker_parent']) retrieved from /home/airflow/.local/lib/python3.8/site-packages/airflow/example_dags/example_external_task_marker_dag.py
[2023-12-01T22:23:23.193+0000] {logging_mixin.py:154} INFO - [2023-12-01T22:23:23.192+0000] {dag.py:2941} INFO - Sync 2 DAGs
[2023-12-01T22:23:23.201+0000] {logging_mixin.py:154} INFO - [2023-12-01T22:23:23.201+0000] {dag.py:3722} INFO - Setting next_dagrun for example_external_task_marker_child to None, run_after=None
[2023-12-01T22:23:23.204+0000] {logging_mixin.py:154} INFO - [2023-12-01T22:23:23.204+0000] {dag.py:3722} INFO - Setting next_dagrun for example_external_task_marker_parent to None, run_after=None
[2023-12-01T22:23:23.215+0000] {processor.py:179} INFO - Processing /home/airflow/.local/lib/python3.8/site-packages/airflow/example_dags/example_external_task_marker_dag.py took 0.047 seconds
[2023-12-01T22:23:53.506+0000] {processor.py:157} INFO - Started process (PID=322) to work on /home/airflow/.local/lib/python3.8/site-packages/airflow/example_dags/example_external_task_marker_dag.py
[2023-12-01T22:23:53.507+0000] {processor.py:829} INFO - Processing file /home/airflow/.local/lib/python3.8/site-packages/airflow/example_dags/example_external_task_marker_dag.py for tasks to queue
[2023-12-01T22:23:53.508+0000] {logging_mixin.py:154} INFO - [2023-12-01T22:23:53.508+0000] {dagbag.py:536} INFO - Filling up the DagBag from /home/airflow/.local/lib/python3.8/site-packages/airflow/example_dags/example_external_task_marker_dag.py
[2023-12-01T22:23:53.512+0000] {processor.py:839} INFO - DAG(s) dict_keys(['example_external_task_marker_child', 'example_external_task_marker_parent']) retrieved from /home/airflow/.local/lib/python3.8/site-packages/airflow/example_dags/example_external_task_marker_dag.py
[2023-12-01T22:23:53.531+0000] {logging_mixin.py:154} INFO - [2023-12-01T22:23:53.531+0000] {dag.py:2941} INFO - Sync 2 DAGs
[2023-12-01T22:23:53.540+0000] {logging_mixin.py:154} INFO - [2023-12-01T22:23:53.540+0000] {dag.py:3722} INFO - Setting next_dagrun for example_external_task_marker_child to None, run_after=None
[2023-12-01T22:23:53.543+0000] {logging_mixin.py:154} INFO - [2023-12-01T22:23:53.543+0000] {dag.py:3722} INFO - Setting next_dagrun for example_external_task_marker_parent to None, run_after=None
[2023-12-01T22:23:53.554+0000] {processor.py:179} INFO - Processing /home/airflow/.local/lib/python3.8/site-packages/airflow/example_dags/example_external_task_marker_dag.py took 0.050 seconds
[2023-12-01T22:24:23.745+0000] {processor.py:157} INFO - Started process (PID=376) to work on /home/airflow/.local/lib/python3.8/site-packages/airflow/example_dags/example_external_task_marker_dag.py
[2023-12-01T22:24:23.746+0000] {processor.py:829} INFO - Processing file /home/airflow/.local/lib/python3.8/site-packages/airflow/example_dags/example_external_task_marker_dag.py for tasks to queue
[2023-12-01T22:24:23.748+0000] {logging_mixin.py:154} INFO - [2023-12-01T22:24:23.748+0000] {dagbag.py:536} INFO - Filling up the DagBag from /home/airflow/.local/lib/python3.8/site-packages/airflow/example_dags/example_external_task_marker_dag.py
[2023-12-01T22:24:23.752+0000] {processor.py:839} INFO - DAG(s) dict_keys(['example_external_task_marker_parent', 'example_external_task_marker_child']) retrieved from /home/airflow/.local/lib/python3.8/site-packages/airflow/example_dags/example_external_task_marker_dag.py
[2023-12-01T22:24:23.773+0000] {logging_mixin.py:154} INFO - [2023-12-01T22:24:23.773+0000] {dag.py:2941} INFO - Sync 2 DAGs
[2023-12-01T22:24:23.783+0000] {logging_mixin.py:154} INFO - [2023-12-01T22:24:23.783+0000] {dag.py:3722} INFO - Setting next_dagrun for example_external_task_marker_child to None, run_after=None
[2023-12-01T22:24:23.787+0000] {logging_mixin.py:154} INFO - [2023-12-01T22:24:23.786+0000] {dag.py:3722} INFO - Setting next_dagrun for example_external_task_marker_parent to None, run_after=None
[2023-12-01T22:24:23.799+0000] {processor.py:179} INFO - Processing /home/airflow/.local/lib/python3.8/site-packages/airflow/example_dags/example_external_task_marker_dag.py took 0.056 seconds
[2023-12-01T22:24:54.700+0000] {processor.py:157} INFO - Started process (PID=430) to work on /home/airflow/.local/lib/python3.8/site-packages/airflow/example_dags/example_external_task_marker_dag.py
[2023-12-01T22:24:54.701+0000] {processor.py:829} INFO - Processing file /home/airflow/.local/lib/python3.8/site-packages/airflow/example_dags/example_external_task_marker_dag.py for tasks to queue
[2023-12-01T22:24:54.702+0000] {logging_mixin.py:154} INFO - [2023-12-01T22:24:54.702+0000] {dagbag.py:536} INFO - Filling up the DagBag from /home/airflow/.local/lib/python3.8/site-packages/airflow/example_dags/example_external_task_marker_dag.py
[2023-12-01T22:24:54.706+0000] {processor.py:839} INFO - DAG(s) dict_keys(['example_external_task_marker_parent', 'example_external_task_marker_child']) retrieved from /home/airflow/.local/lib/python3.8/site-packages/airflow/example_dags/example_external_task_marker_dag.py
[2023-12-01T22:24:54.722+0000] {logging_mixin.py:154} INFO - [2023-12-01T22:24:54.722+0000] {dag.py:2941} INFO - Sync 2 DAGs
[2023-12-01T22:24:54.732+0000] {logging_mixin.py:154} INFO - [2023-12-01T22:24:54.732+0000] {dag.py:3722} INFO - Setting next_dagrun for example_external_task_marker_child to None, run_after=None
[2023-12-01T22:24:54.735+0000] {logging_mixin.py:154} INFO - [2023-12-01T22:24:54.735+0000] {dag.py:3722} INFO - Setting next_dagrun for example_external_task_marker_parent to None, run_after=None
[2023-12-01T22:24:54.747+0000] {processor.py:179} INFO - Processing /home/airflow/.local/lib/python3.8/site-packages/airflow/example_dags/example_external_task_marker_dag.py took 0.049 seconds
[2023-12-01T22:25:24.780+0000] {processor.py:157} INFO - Started process (PID=484) to work on /home/airflow/.local/lib/python3.8/site-packages/airflow/example_dags/example_external_task_marker_dag.py
[2023-12-01T22:25:24.780+0000] {processor.py:829} INFO - Processing file /home/airflow/.local/lib/python3.8/site-packages/airflow/example_dags/example_external_task_marker_dag.py for tasks to queue
[2023-12-01T22:25:24.782+0000] {logging_mixin.py:154} INFO - [2023-12-01T22:25:24.782+0000] {dagbag.py:536} INFO - Filling up the DagBag from /home/airflow/.local/lib/python3.8/site-packages/airflow/example_dags/example_external_task_marker_dag.py
[2023-12-01T22:25:24.787+0000] {processor.py:839} INFO - DAG(s) dict_keys(['example_external_task_marker_child', 'example_external_task_marker_parent']) retrieved from /home/airflow/.local/lib/python3.8/site-packages/airflow/example_dags/example_external_task_marker_dag.py
[2023-12-01T22:25:24.803+0000] {logging_mixin.py:154} INFO - [2023-12-01T22:25:24.802+0000] {dag.py:2941} INFO - Sync 2 DAGs
[2023-12-01T22:25:24.812+0000] {logging_mixin.py:154} INFO - [2023-12-01T22:25:24.811+0000] {dag.py:3722} INFO - Setting next_dagrun for example_external_task_marker_child to None, run_after=None
[2023-12-01T22:25:24.814+0000] {logging_mixin.py:154} INFO - [2023-12-01T22:25:24.814+0000] {dag.py:3722} INFO - Setting next_dagrun for example_external_task_marker_parent to None, run_after=None
[2023-12-01T22:25:24.825+0000] {processor.py:179} INFO - Processing /home/airflow/.local/lib/python3.8/site-packages/airflow/example_dags/example_external_task_marker_dag.py took 0.047 seconds
[2023-12-01T22:25:54.945+0000] {processor.py:157} INFO - Started process (PID=538) to work on /home/airflow/.local/lib/python3.8/site-packages/airflow/example_dags/example_external_task_marker_dag.py
[2023-12-01T22:25:54.946+0000] {processor.py:829} INFO - Processing file /home/airflow/.local/lib/python3.8/site-packages/airflow/example_dags/example_external_task_marker_dag.py for tasks to queue
[2023-12-01T22:25:54.947+0000] {logging_mixin.py:154} INFO - [2023-12-01T22:25:54.947+0000] {dagbag.py:536} INFO - Filling up the DagBag from /home/airflow/.local/lib/python3.8/site-packages/airflow/example_dags/example_external_task_marker_dag.py
[2023-12-01T22:25:54.952+0000] {processor.py:839} INFO - DAG(s) dict_keys(['example_external_task_marker_parent', 'example_external_task_marker_child']) retrieved from /home/airflow/.local/lib/python3.8/site-packages/airflow/example_dags/example_external_task_marker_dag.py
[2023-12-01T22:25:54.969+0000] {logging_mixin.py:154} INFO - [2023-12-01T22:25:54.969+0000] {dag.py:2941} INFO - Sync 2 DAGs
[2023-12-01T22:25:54.978+0000] {logging_mixin.py:154} INFO - [2023-12-01T22:25:54.978+0000] {dag.py:3722} INFO - Setting next_dagrun for example_external_task_marker_child to None, run_after=None
[2023-12-01T22:25:54.981+0000] {logging_mixin.py:154} INFO - [2023-12-01T22:25:54.981+0000] {dag.py:3722} INFO - Setting next_dagrun for example_external_task_marker_parent to None, run_after=None
[2023-12-01T22:25:54.992+0000] {processor.py:179} INFO - Processing /home/airflow/.local/lib/python3.8/site-packages/airflow/example_dags/example_external_task_marker_dag.py took 0.050 seconds
[2023-12-01T22:26:25.033+0000] {processor.py:157} INFO - Started process (PID=592) to work on /home/airflow/.local/lib/python3.8/site-packages/airflow/example_dags/example_external_task_marker_dag.py
[2023-12-01T22:26:25.034+0000] {processor.py:829} INFO - Processing file /home/airflow/.local/lib/python3.8/site-packages/airflow/example_dags/example_external_task_marker_dag.py for tasks to queue
[2023-12-01T22:26:25.035+0000] {logging_mixin.py:154} INFO - [2023-12-01T22:26:25.035+0000] {dagbag.py:536} INFO - Filling up the DagBag from /home/airflow/.local/lib/python3.8/site-packages/airflow/example_dags/example_external_task_marker_dag.py
[2023-12-01T22:26:25.040+0000] {processor.py:839} INFO - DAG(s) dict_keys(['example_external_task_marker_child', 'example_external_task_marker_parent']) retrieved from /home/airflow/.local/lib/python3.8/site-packages/airflow/example_dags/example_external_task_marker_dag.py
[2023-12-01T22:26:25.057+0000] {logging_mixin.py:154} INFO - [2023-12-01T22:26:25.057+0000] {dag.py:2941} INFO - Sync 2 DAGs
[2023-12-01T22:26:25.067+0000] {logging_mixin.py:154} INFO - [2023-12-01T22:26:25.067+0000] {dag.py:3722} INFO - Setting next_dagrun for example_external_task_marker_child to None, run_after=None
[2023-12-01T22:26:25.070+0000] {logging_mixin.py:154} INFO - [2023-12-01T22:26:25.070+0000] {dag.py:3722} INFO - Setting next_dagrun for example_external_task_marker_parent to None, run_after=None
[2023-12-01T22:26:25.081+0000] {processor.py:179} INFO - Processing /home/airflow/.local/lib/python3.8/site-packages/airflow/example_dags/example_external_task_marker_dag.py took 0.050 seconds
[2023-12-01T22:26:55.224+0000] {processor.py:157} INFO - Started process (PID=646) to work on /home/airflow/.local/lib/python3.8/site-packages/airflow/example_dags/example_external_task_marker_dag.py
[2023-12-01T22:26:55.225+0000] {processor.py:829} INFO - Processing file /home/airflow/.local/lib/python3.8/site-packages/airflow/example_dags/example_external_task_marker_dag.py for tasks to queue
[2023-12-01T22:26:55.227+0000] {logging_mixin.py:154} INFO - [2023-12-01T22:26:55.227+0000] {dagbag.py:536} INFO - Filling up the DagBag from /home/airflow/.local/lib/python3.8/site-packages/airflow/example_dags/example_external_task_marker_dag.py
[2023-12-01T22:26:55.231+0000] {processor.py:839} INFO - DAG(s) dict_keys(['example_external_task_marker_parent', 'example_external_task_marker_child']) retrieved from /home/airflow/.local/lib/python3.8/site-packages/airflow/example_dags/example_external_task_marker_dag.py
[2023-12-01T22:26:55.248+0000] {logging_mixin.py:154} INFO - [2023-12-01T22:26:55.247+0000] {dag.py:2941} INFO - Sync 2 DAGs
[2023-12-01T22:26:55.257+0000] {logging_mixin.py:154} INFO - [2023-12-01T22:26:55.257+0000] {dag.py:3722} INFO - Setting next_dagrun for example_external_task_marker_child to None, run_after=None
[2023-12-01T22:26:55.259+0000] {logging_mixin.py:154} INFO - [2023-12-01T22:26:55.259+0000] {dag.py:3722} INFO - Setting next_dagrun for example_external_task_marker_parent to None, run_after=None
[2023-12-01T22:26:55.270+0000] {processor.py:179} INFO - Processing /home/airflow/.local/lib/python3.8/site-packages/airflow/example_dags/example_external_task_marker_dag.py took 0.048 seconds
[2023-12-01T22:27:25.378+0000] {processor.py:157} INFO - Started process (PID=700) to work on /home/airflow/.local/lib/python3.8/site-packages/airflow/example_dags/example_external_task_marker_dag.py
[2023-12-01T22:27:25.379+0000] {processor.py:829} INFO - Processing file /home/airflow/.local/lib/python3.8/site-packages/airflow/example_dags/example_external_task_marker_dag.py for tasks to queue
[2023-12-01T22:27:25.381+0000] {logging_mixin.py:154} INFO - [2023-12-01T22:27:25.381+0000] {dagbag.py:536} INFO - Filling up the DagBag from /home/airflow/.local/lib/python3.8/site-packages/airflow/example_dags/example_external_task_marker_dag.py
[2023-12-01T22:27:25.385+0000] {processor.py:839} INFO - DAG(s) dict_keys(['example_external_task_marker_parent', 'example_external_task_marker_child']) retrieved from /home/airflow/.local/lib/python3.8/site-packages/airflow/example_dags/example_external_task_marker_dag.py
[2023-12-01T22:27:25.402+0000] {logging_mixin.py:154} INFO - [2023-12-01T22:27:25.402+0000] {dag.py:2941} INFO - Sync 2 DAGs
[2023-12-01T22:27:25.411+0000] {logging_mixin.py:154} INFO - [2023-12-01T22:27:25.411+0000] {dag.py:3722} INFO - Setting next_dagrun for example_external_task_marker_child to None, run_after=None
[2023-12-01T22:27:25.414+0000] {logging_mixin.py:154} INFO - [2023-12-01T22:27:25.414+0000] {dag.py:3722} INFO - Setting next_dagrun for example_external_task_marker_parent to None, run_after=None
[2023-12-01T22:27:25.426+0000] {processor.py:179} INFO - Processing /home/airflow/.local/lib/python3.8/site-packages/airflow/example_dags/example_external_task_marker_dag.py took 0.049 seconds
[2023-12-01T22:27:56.229+0000] {processor.py:157} INFO - Started process (PID=754) to work on /home/airflow/.local/lib/python3.8/site-packages/airflow/example_dags/example_external_task_marker_dag.py
[2023-12-01T22:27:56.230+0000] {processor.py:829} INFO - Processing file /home/airflow/.local/lib/python3.8/site-packages/airflow/example_dags/example_external_task_marker_dag.py for tasks to queue
[2023-12-01T22:27:56.231+0000] {logging_mixin.py:154} INFO - [2023-12-01T22:27:56.231+0000] {dagbag.py:536} INFO - Filling up the DagBag from /home/airflow/.local/lib/python3.8/site-packages/airflow/example_dags/example_external_task_marker_dag.py
[2023-12-01T22:27:56.235+0000] {processor.py:839} INFO - DAG(s) dict_keys(['example_external_task_marker_parent', 'example_external_task_marker_child']) retrieved from /home/airflow/.local/lib/python3.8/site-packages/airflow/example_dags/example_external_task_marker_dag.py
[2023-12-01T22:27:56.251+0000] {logging_mixin.py:154} INFO - [2023-12-01T22:27:56.251+0000] {dag.py:2941} INFO - Sync 2 DAGs
[2023-12-01T22:27:56.260+0000] {logging_mixin.py:154} INFO - [2023-12-01T22:27:56.260+0000] {dag.py:3722} INFO - Setting next_dagrun for example_external_task_marker_child to None, run_after=None
[2023-12-01T22:27:56.262+0000] {logging_mixin.py:154} INFO - [2023-12-01T22:27:56.262+0000] {dag.py:3722} INFO - Setting next_dagrun for example_external_task_marker_parent to None, run_after=None
[2023-12-01T22:27:56.273+0000] {processor.py:179} INFO - Processing /home/airflow/.local/lib/python3.8/site-packages/airflow/example_dags/example_external_task_marker_dag.py took 0.047 seconds
[2023-12-01T22:28:26.525+0000] {processor.py:157} INFO - Started process (PID=808) to work on /home/airflow/.local/lib/python3.8/site-packages/airflow/example_dags/example_external_task_marker_dag.py
[2023-12-01T22:28:26.525+0000] {processor.py:829} INFO - Processing file /home/airflow/.local/lib/python3.8/site-packages/airflow/example_dags/example_external_task_marker_dag.py for tasks to queue
[2023-12-01T22:28:26.527+0000] {logging_mixin.py:154} INFO - [2023-12-01T22:28:26.527+0000] {dagbag.py:536} INFO - Filling up the DagBag from /home/airflow/.local/lib/python3.8/site-packages/airflow/example_dags/example_external_task_marker_dag.py
[2023-12-01T22:28:26.531+0000] {processor.py:839} INFO - DAG(s) dict_keys(['example_external_task_marker_parent', 'example_external_task_marker_child']) retrieved from /home/airflow/.local/lib/python3.8/site-packages/airflow/example_dags/example_external_task_marker_dag.py
[2023-12-01T22:28:26.548+0000] {logging_mixin.py:154} INFO - [2023-12-01T22:28:26.548+0000] {dag.py:2941} INFO - Sync 2 DAGs
[2023-12-01T22:28:26.557+0000] {logging_mixin.py:154} INFO - [2023-12-01T22:28:26.557+0000] {dag.py:3722} INFO - Setting next_dagrun for example_external_task_marker_child to None, run_after=None
[2023-12-01T22:28:26.560+0000] {logging_mixin.py:154} INFO - [2023-12-01T22:28:26.560+0000] {dag.py:3722} INFO - Setting next_dagrun for example_external_task_marker_parent to None, run_after=None
[2023-12-01T22:28:26.571+0000] {processor.py:179} INFO - Processing /home/airflow/.local/lib/python3.8/site-packages/airflow/example_dags/example_external_task_marker_dag.py took 0.049 seconds
[2023-12-01T22:28:56.641+0000] {processor.py:157} INFO - Started process (PID=862) to work on /home/airflow/.local/lib/python3.8/site-packages/airflow/example_dags/example_external_task_marker_dag.py
[2023-12-01T22:28:56.642+0000] {processor.py:829} INFO - Processing file /home/airflow/.local/lib/python3.8/site-packages/airflow/example_dags/example_external_task_marker_dag.py for tasks to queue
[2023-12-01T22:28:56.643+0000] {logging_mixin.py:154} INFO - [2023-12-01T22:28:56.643+0000] {dagbag.py:536} INFO - Filling up the DagBag from /home/airflow/.local/lib/python3.8/site-packages/airflow/example_dags/example_external_task_marker_dag.py
[2023-12-01T22:28:56.647+0000] {processor.py:839} INFO - DAG(s) dict_keys(['example_external_task_marker_child', 'example_external_task_marker_parent']) retrieved from /home/airflow/.local/lib/python3.8/site-packages/airflow/example_dags/example_external_task_marker_dag.py
[2023-12-01T22:28:56.664+0000] {logging_mixin.py:154} INFO - [2023-12-01T22:28:56.664+0000] {dag.py:2941} INFO - Sync 2 DAGs
[2023-12-01T22:28:56.673+0000] {logging_mixin.py:154} INFO - [2023-12-01T22:28:56.673+0000] {dag.py:3722} INFO - Setting next_dagrun for example_external_task_marker_child to None, run_after=None
[2023-12-01T22:28:56.675+0000] {logging_mixin.py:154} INFO - [2023-12-01T22:28:56.675+0000] {dag.py:3722} INFO - Setting next_dagrun for example_external_task_marker_parent to None, run_after=None
[2023-12-01T22:28:56.687+0000] {processor.py:179} INFO - Processing /home/airflow/.local/lib/python3.8/site-packages/airflow/example_dags/example_external_task_marker_dag.py took 0.048 seconds
[2023-12-01T22:29:26.711+0000] {processor.py:157} INFO - Started process (PID=916) to work on /home/airflow/.local/lib/python3.8/site-packages/airflow/example_dags/example_external_task_marker_dag.py
[2023-12-01T22:29:26.712+0000] {processor.py:829} INFO - Processing file /home/airflow/.local/lib/python3.8/site-packages/airflow/example_dags/example_external_task_marker_dag.py for tasks to queue
[2023-12-01T22:29:26.713+0000] {logging_mixin.py:154} INFO - [2023-12-01T22:29:26.713+0000] {dagbag.py:536} INFO - Filling up the DagBag from /home/airflow/.local/lib/python3.8/site-packages/airflow/example_dags/example_external_task_marker_dag.py
[2023-12-01T22:29:26.717+0000] {processor.py:839} INFO - DAG(s) dict_keys(['example_external_task_marker_parent', 'example_external_task_marker_child']) retrieved from /home/airflow/.local/lib/python3.8/site-packages/airflow/example_dags/example_external_task_marker_dag.py
[2023-12-01T22:29:26.734+0000] {logging_mixin.py:154} INFO - [2023-12-01T22:29:26.734+0000] {dag.py:2941} INFO - Sync 2 DAGs
[2023-12-01T22:29:26.744+0000] {logging_mixin.py:154} INFO - [2023-12-01T22:29:26.743+0000] {dag.py:3722} INFO - Setting next_dagrun for example_external_task_marker_child to None, run_after=None
[2023-12-01T22:29:26.746+0000] {logging_mixin.py:154} INFO - [2023-12-01T22:29:26.746+0000] {dag.py:3722} INFO - Setting next_dagrun for example_external_task_marker_parent to None, run_after=None
[2023-12-01T22:29:26.758+0000] {processor.py:179} INFO - Processing /home/airflow/.local/lib/python3.8/site-packages/airflow/example_dags/example_external_task_marker_dag.py took 0.049 seconds
[2023-12-01T22:29:56.877+0000] {processor.py:157} INFO - Started process (PID=970) to work on /home/airflow/.local/lib/python3.8/site-packages/airflow/example_dags/example_external_task_marker_dag.py
[2023-12-01T22:29:56.878+0000] {processor.py:829} INFO - Processing file /home/airflow/.local/lib/python3.8/site-packages/airflow/example_dags/example_external_task_marker_dag.py for tasks to queue
[2023-12-01T22:29:56.879+0000] {logging_mixin.py:154} INFO - [2023-12-01T22:29:56.879+0000] {dagbag.py:536} INFO - Filling up the DagBag from /home/airflow/.local/lib/python3.8/site-packages/airflow/example_dags/example_external_task_marker_dag.py
[2023-12-01T22:29:56.883+0000] {processor.py:839} INFO - DAG(s) dict_keys(['example_external_task_marker_parent', 'example_external_task_marker_child']) retrieved from /home/airflow/.local/lib/python3.8/site-packages/airflow/example_dags/example_external_task_marker_dag.py
[2023-12-01T22:29:56.898+0000] {logging_mixin.py:154} INFO - [2023-12-01T22:29:56.898+0000] {dag.py:2941} INFO - Sync 2 DAGs
[2023-12-01T22:29:56.907+0000] {logging_mixin.py:154} INFO - [2023-12-01T22:29:56.907+0000] {dag.py:3722} INFO - Setting next_dagrun for example_external_task_marker_child to None, run_after=None
[2023-12-01T22:29:56.909+0000] {logging_mixin.py:154} INFO - [2023-12-01T22:29:56.909+0000] {dag.py:3722} INFO - Setting next_dagrun for example_external_task_marker_parent to None, run_after=None
[2023-12-01T22:29:56.920+0000] {processor.py:179} INFO - Processing /home/airflow/.local/lib/python3.8/site-packages/airflow/example_dags/example_external_task_marker_dag.py took 0.046 seconds
[2023-12-01T22:30:27.004+0000] {processor.py:157} INFO - Started process (PID=1024) to work on /home/airflow/.local/lib/python3.8/site-packages/airflow/example_dags/example_external_task_marker_dag.py
[2023-12-01T22:30:27.005+0000] {processor.py:829} INFO - Processing file /home/airflow/.local/lib/python3.8/site-packages/airflow/example_dags/example_external_task_marker_dag.py for tasks to queue
[2023-12-01T22:30:27.006+0000] {logging_mixin.py:154} INFO - [2023-12-01T22:30:27.006+0000] {dagbag.py:536} INFO - Filling up the DagBag from /home/airflow/.local/lib/python3.8/site-packages/airflow/example_dags/example_external_task_marker_dag.py
[2023-12-01T22:30:27.010+0000] {processor.py:839} INFO - DAG(s) dict_keys(['example_external_task_marker_parent', 'example_external_task_marker_child']) retrieved from /home/airflow/.local/lib/python3.8/site-packages/airflow/example_dags/example_external_task_marker_dag.py
[2023-12-01T22:30:27.026+0000] {logging_mixin.py:154} INFO - [2023-12-01T22:30:27.026+0000] {dag.py:2941} INFO - Sync 2 DAGs
[2023-12-01T22:30:27.035+0000] {logging_mixin.py:154} INFO - [2023-12-01T22:30:27.035+0000] {dag.py:3722} INFO - Setting next_dagrun for example_external_task_marker_child to None, run_after=None
[2023-12-01T22:30:27.038+0000] {logging_mixin.py:154} INFO - [2023-12-01T22:30:27.038+0000] {dag.py:3722} INFO - Setting next_dagrun for example_external_task_marker_parent to None, run_after=None
[2023-12-01T22:30:27.048+0000] {processor.py:179} INFO - Processing /home/airflow/.local/lib/python3.8/site-packages/airflow/example_dags/example_external_task_marker_dag.py took 0.047 seconds
[2023-12-01T22:30:57.204+0000] {processor.py:157} INFO - Started process (PID=1078) to work on /home/airflow/.local/lib/python3.8/site-packages/airflow/example_dags/example_external_task_marker_dag.py
[2023-12-01T22:30:57.205+0000] {processor.py:829} INFO - Processing file /home/airflow/.local/lib/python3.8/site-packages/airflow/example_dags/example_external_task_marker_dag.py for tasks to queue
[2023-12-01T22:30:57.206+0000] {logging_mixin.py:154} INFO - [2023-12-01T22:30:57.206+0000] {dagbag.py:536} INFO - Filling up the DagBag from /home/airflow/.local/lib/python3.8/site-packages/airflow/example_dags/example_external_task_marker_dag.py
[2023-12-01T22:30:57.210+0000] {processor.py:839} INFO - DAG(s) dict_keys(['example_external_task_marker_parent', 'example_external_task_marker_child']) retrieved from /home/airflow/.local/lib/python3.8/site-packages/airflow/example_dags/example_external_task_marker_dag.py
[2023-12-01T22:30:57.226+0000] {logging_mixin.py:154} INFO - [2023-12-01T22:30:57.226+0000] {dag.py:2941} INFO - Sync 2 DAGs
[2023-12-01T22:30:57.236+0000] {logging_mixin.py:154} INFO - [2023-12-01T22:30:57.235+0000] {dag.py:3722} INFO - Setting next_dagrun for example_external_task_marker_child to None, run_after=None
[2023-12-01T22:30:57.238+0000] {logging_mixin.py:154} INFO - [2023-12-01T22:30:57.238+0000] {dag.py:3722} INFO - Setting next_dagrun for example_external_task_marker_parent to None, run_after=None
[2023-12-01T22:30:57.249+0000] {processor.py:179} INFO - Processing /home/airflow/.local/lib/python3.8/site-packages/airflow/example_dags/example_external_task_marker_dag.py took 0.047 seconds
[2023-12-01T22:31:27.386+0000] {processor.py:157} INFO - Started process (PID=1132) to work on /home/airflow/.local/lib/python3.8/site-packages/airflow/example_dags/example_external_task_marker_dag.py
[2023-12-01T22:31:27.387+0000] {processor.py:829} INFO - Processing file /home/airflow/.local/lib/python3.8/site-packages/airflow/example_dags/example_external_task_marker_dag.py for tasks to queue
[2023-12-01T22:31:27.388+0000] {logging_mixin.py:154} INFO - [2023-12-01T22:31:27.388+0000] {dagbag.py:536} INFO - Filling up the DagBag from /home/airflow/.local/lib/python3.8/site-packages/airflow/example_dags/example_external_task_marker_dag.py
[2023-12-01T22:31:27.392+0000] {processor.py:839} INFO - DAG(s) dict_keys(['example_external_task_marker_child', 'example_external_task_marker_parent']) retrieved from /home/airflow/.local/lib/python3.8/site-packages/airflow/example_dags/example_external_task_marker_dag.py
[2023-12-01T22:31:27.411+0000] {logging_mixin.py:154} INFO - [2023-12-01T22:31:27.411+0000] {dag.py:2941} INFO - Sync 2 DAGs
[2023-12-01T22:31:27.421+0000] {logging_mixin.py:154} INFO - [2023-12-01T22:31:27.420+0000] {dag.py:3722} INFO - Setting next_dagrun for example_external_task_marker_child to None, run_after=None
[2023-12-01T22:31:27.423+0000] {logging_mixin.py:154} INFO - [2023-12-01T22:31:27.423+0000] {dag.py:3722} INFO - Setting next_dagrun for example_external_task_marker_parent to None, run_after=None
[2023-12-01T22:31:27.434+0000] {processor.py:179} INFO - Processing /home/airflow/.local/lib/python3.8/site-packages/airflow/example_dags/example_external_task_marker_dag.py took 0.050 seconds
[2023-12-01T22:31:57.482+0000] {processor.py:157} INFO - Started process (PID=1186) to work on /home/airflow/.local/lib/python3.8/site-packages/airflow/example_dags/example_external_task_marker_dag.py
[2023-12-01T22:31:57.483+0000] {processor.py:829} INFO - Processing file /home/airflow/.local/lib/python3.8/site-packages/airflow/example_dags/example_external_task_marker_dag.py for tasks to queue
[2023-12-01T22:31:57.485+0000] {logging_mixin.py:154} INFO - [2023-12-01T22:31:57.485+0000] {dagbag.py:536} INFO - Filling up the DagBag from /home/airflow/.local/lib/python3.8/site-packages/airflow/example_dags/example_external_task_marker_dag.py
[2023-12-01T22:31:57.489+0000] {processor.py:839} INFO - DAG(s) dict_keys(['example_external_task_marker_child', 'example_external_task_marker_parent']) retrieved from /home/airflow/.local/lib/python3.8/site-packages/airflow/example_dags/example_external_task_marker_dag.py
[2023-12-01T22:31:57.505+0000] {logging_mixin.py:154} INFO - [2023-12-01T22:31:57.505+0000] {dag.py:2941} INFO - Sync 2 DAGs
[2023-12-01T22:31:57.515+0000] {logging_mixin.py:154} INFO - [2023-12-01T22:31:57.514+0000] {dag.py:3722} INFO - Setting next_dagrun for example_external_task_marker_child to None, run_after=None
[2023-12-01T22:31:57.517+0000] {logging_mixin.py:154} INFO - [2023-12-01T22:31:57.517+0000] {dag.py:3722} INFO - Setting next_dagrun for example_external_task_marker_parent to None, run_after=None
[2023-12-01T22:31:57.529+0000] {processor.py:179} INFO - Processing /home/airflow/.local/lib/python3.8/site-packages/airflow/example_dags/example_external_task_marker_dag.py took 0.048 seconds
[2023-12-01T22:32:27.568+0000] {processor.py:157} INFO - Started process (PID=1239) to work on /home/airflow/.local/lib/python3.8/site-packages/airflow/example_dags/example_external_task_marker_dag.py
[2023-12-01T22:32:27.569+0000] {processor.py:829} INFO - Processing file /home/airflow/.local/lib/python3.8/site-packages/airflow/example_dags/example_external_task_marker_dag.py for tasks to queue
[2023-12-01T22:32:27.570+0000] {logging_mixin.py:154} INFO - [2023-12-01T22:32:27.570+0000] {dagbag.py:536} INFO - Filling up the DagBag from /home/airflow/.local/lib/python3.8/site-packages/airflow/example_dags/example_external_task_marker_dag.py
[2023-12-01T22:32:27.574+0000] {processor.py:839} INFO - DAG(s) dict_keys(['example_external_task_marker_parent', 'example_external_task_marker_child']) retrieved from /home/airflow/.local/lib/python3.8/site-packages/airflow/example_dags/example_external_task_marker_dag.py
[2023-12-01T22:32:27.591+0000] {logging_mixin.py:154} INFO - [2023-12-01T22:32:27.590+0000] {dag.py:2941} INFO - Sync 2 DAGs
[2023-12-01T22:32:27.600+0000] {logging_mixin.py:154} INFO - [2023-12-01T22:32:27.600+0000] {dag.py:3722} INFO - Setting next_dagrun for example_external_task_marker_child to None, run_after=None
[2023-12-01T22:32:27.603+0000] {logging_mixin.py:154} INFO - [2023-12-01T22:32:27.603+0000] {dag.py:3722} INFO - Setting next_dagrun for example_external_task_marker_parent to None, run_after=None
[2023-12-01T22:32:27.614+0000] {processor.py:179} INFO - Processing /home/airflow/.local/lib/python3.8/site-packages/airflow/example_dags/example_external_task_marker_dag.py took 0.048 seconds
[2023-12-01T22:32:58.007+0000] {processor.py:157} INFO - Started process (PID=1294) to work on /home/airflow/.local/lib/python3.8/site-packages/airflow/example_dags/example_external_task_marker_dag.py
[2023-12-01T22:32:58.008+0000] {processor.py:829} INFO - Processing file /home/airflow/.local/lib/python3.8/site-packages/airflow/example_dags/example_external_task_marker_dag.py for tasks to queue
[2023-12-01T22:32:58.010+0000] {logging_mixin.py:154} INFO - [2023-12-01T22:32:58.010+0000] {dagbag.py:536} INFO - Filling up the DagBag from /home/airflow/.local/lib/python3.8/site-packages/airflow/example_dags/example_external_task_marker_dag.py
[2023-12-01T22:32:58.015+0000] {processor.py:839} INFO - DAG(s) dict_keys(['example_external_task_marker_child', 'example_external_task_marker_parent']) retrieved from /home/airflow/.local/lib/python3.8/site-packages/airflow/example_dags/example_external_task_marker_dag.py
[2023-12-01T22:32:58.032+0000] {logging_mixin.py:154} INFO - [2023-12-01T22:32:58.032+0000] {dag.py:2941} INFO - Sync 2 DAGs
[2023-12-01T22:32:58.042+0000] {logging_mixin.py:154} INFO - [2023-12-01T22:32:58.042+0000] {dag.py:3722} INFO - Setting next_dagrun for example_external_task_marker_child to None, run_after=None
[2023-12-01T22:32:58.045+0000] {logging_mixin.py:154} INFO - [2023-12-01T22:32:58.045+0000] {dag.py:3722} INFO - Setting next_dagrun for example_external_task_marker_parent to None, run_after=None
[2023-12-01T22:32:58.058+0000] {processor.py:179} INFO - Processing /home/airflow/.local/lib/python3.8/site-packages/airflow/example_dags/example_external_task_marker_dag.py took 0.053 seconds
[2023-12-01T22:33:28.269+0000] {processor.py:157} INFO - Started process (PID=1349) to work on /home/airflow/.local/lib/python3.8/site-packages/airflow/example_dags/example_external_task_marker_dag.py
[2023-12-01T22:33:28.270+0000] {processor.py:829} INFO - Processing file /home/airflow/.local/lib/python3.8/site-packages/airflow/example_dags/example_external_task_marker_dag.py for tasks to queue
[2023-12-01T22:33:28.271+0000] {logging_mixin.py:154} INFO - [2023-12-01T22:33:28.271+0000] {dagbag.py:536} INFO - Filling up the DagBag from /home/airflow/.local/lib/python3.8/site-packages/airflow/example_dags/example_external_task_marker_dag.py
[2023-12-01T22:33:28.276+0000] {processor.py:839} INFO - DAG(s) dict_keys(['example_external_task_marker_child', 'example_external_task_marker_parent']) retrieved from /home/airflow/.local/lib/python3.8/site-packages/airflow/example_dags/example_external_task_marker_dag.py
[2023-12-01T22:33:28.291+0000] {logging_mixin.py:154} INFO - [2023-12-01T22:33:28.291+0000] {dag.py:2941} INFO - Sync 2 DAGs
[2023-12-01T22:33:28.303+0000] {logging_mixin.py:154} INFO - [2023-12-01T22:33:28.302+0000] {dag.py:3722} INFO - Setting next_dagrun for example_external_task_marker_child to None, run_after=None
[2023-12-01T22:33:28.306+0000] {logging_mixin.py:154} INFO - [2023-12-01T22:33:28.306+0000] {dag.py:3722} INFO - Setting next_dagrun for example_external_task_marker_parent to None, run_after=None
[2023-12-01T22:33:28.322+0000] {processor.py:179} INFO - Processing /home/airflow/.local/lib/python3.8/site-packages/airflow/example_dags/example_external_task_marker_dag.py took 0.056 seconds
[2023-12-01T22:33:58.555+0000] {processor.py:157} INFO - Started process (PID=1403) to work on /home/airflow/.local/lib/python3.8/site-packages/airflow/example_dags/example_external_task_marker_dag.py
[2023-12-01T22:33:58.556+0000] {processor.py:829} INFO - Processing file /home/airflow/.local/lib/python3.8/site-packages/airflow/example_dags/example_external_task_marker_dag.py for tasks to queue
[2023-12-01T22:33:58.558+0000] {logging_mixin.py:154} INFO - [2023-12-01T22:33:58.557+0000] {dagbag.py:536} INFO - Filling up the DagBag from /home/airflow/.local/lib/python3.8/site-packages/airflow/example_dags/example_external_task_marker_dag.py
[2023-12-01T22:33:58.562+0000] {processor.py:839} INFO - DAG(s) dict_keys(['example_external_task_marker_child', 'example_external_task_marker_parent']) retrieved from /home/airflow/.local/lib/python3.8/site-packages/airflow/example_dags/example_external_task_marker_dag.py
[2023-12-01T22:33:58.579+0000] {logging_mixin.py:154} INFO - [2023-12-01T22:33:58.579+0000] {dag.py:2941} INFO - Sync 2 DAGs
[2023-12-01T22:33:58.589+0000] {logging_mixin.py:154} INFO - [2023-12-01T22:33:58.589+0000] {dag.py:3722} INFO - Setting next_dagrun for example_external_task_marker_child to None, run_after=None
[2023-12-01T22:33:58.593+0000] {logging_mixin.py:154} INFO - [2023-12-01T22:33:58.593+0000] {dag.py:3722} INFO - Setting next_dagrun for example_external_task_marker_parent to None, run_after=None
[2023-12-01T22:33:58.606+0000] {processor.py:179} INFO - Processing /home/airflow/.local/lib/python3.8/site-packages/airflow/example_dags/example_external_task_marker_dag.py took 0.053 seconds
[2023-12-01T22:34:29.003+0000] {processor.py:157} INFO - Started process (PID=1457) to work on /home/airflow/.local/lib/python3.8/site-packages/airflow/example_dags/example_external_task_marker_dag.py
[2023-12-01T22:34:29.004+0000] {processor.py:829} INFO - Processing file /home/airflow/.local/lib/python3.8/site-packages/airflow/example_dags/example_external_task_marker_dag.py for tasks to queue
[2023-12-01T22:34:29.006+0000] {logging_mixin.py:154} INFO - [2023-12-01T22:34:29.006+0000] {dagbag.py:536} INFO - Filling up the DagBag from /home/airflow/.local/lib/python3.8/site-packages/airflow/example_dags/example_external_task_marker_dag.py
[2023-12-01T22:34:29.010+0000] {processor.py:839} INFO - DAG(s) dict_keys(['example_external_task_marker_parent', 'example_external_task_marker_child']) retrieved from /home/airflow/.local/lib/python3.8/site-packages/airflow/example_dags/example_external_task_marker_dag.py
[2023-12-01T22:34:29.029+0000] {logging_mixin.py:154} INFO - [2023-12-01T22:34:29.029+0000] {dag.py:2941} INFO - Sync 2 DAGs
[2023-12-01T22:34:29.040+0000] {logging_mixin.py:154} INFO - [2023-12-01T22:34:29.040+0000] {dag.py:3722} INFO - Setting next_dagrun for example_external_task_marker_child to None, run_after=None
[2023-12-01T22:34:29.044+0000] {logging_mixin.py:154} INFO - [2023-12-01T22:34:29.044+0000] {dag.py:3722} INFO - Setting next_dagrun for example_external_task_marker_parent to None, run_after=None
[2023-12-01T22:34:29.057+0000] {processor.py:179} INFO - Processing /home/airflow/.local/lib/python3.8/site-packages/airflow/example_dags/example_external_task_marker_dag.py took 0.057 seconds
[2023-12-01T22:34:59.644+0000] {processor.py:157} INFO - Started process (PID=1511) to work on /home/airflow/.local/lib/python3.8/site-packages/airflow/example_dags/example_external_task_marker_dag.py
[2023-12-01T22:34:59.645+0000] {processor.py:829} INFO - Processing file /home/airflow/.local/lib/python3.8/site-packages/airflow/example_dags/example_external_task_marker_dag.py for tasks to queue
[2023-12-01T22:34:59.646+0000] {logging_mixin.py:154} INFO - [2023-12-01T22:34:59.646+0000] {dagbag.py:536} INFO - Filling up the DagBag from /home/airflow/.local/lib/python3.8/site-packages/airflow/example_dags/example_external_task_marker_dag.py
[2023-12-01T22:34:59.652+0000] {processor.py:839} INFO - DAG(s) dict_keys(['example_external_task_marker_child', 'example_external_task_marker_parent']) retrieved from /home/airflow/.local/lib/python3.8/site-packages/airflow/example_dags/example_external_task_marker_dag.py
[2023-12-01T22:34:59.676+0000] {logging_mixin.py:154} INFO - [2023-12-01T22:34:59.675+0000] {dag.py:2941} INFO - Sync 2 DAGs
[2023-12-01T22:34:59.690+0000] {logging_mixin.py:154} INFO - [2023-12-01T22:34:59.689+0000] {dag.py:3722} INFO - Setting next_dagrun for example_external_task_marker_child to None, run_after=None
[2023-12-01T22:34:59.693+0000] {logging_mixin.py:154} INFO - [2023-12-01T22:34:59.693+0000] {dag.py:3722} INFO - Setting next_dagrun for example_external_task_marker_parent to None, run_after=None
[2023-12-01T22:34:59.709+0000] {processor.py:179} INFO - Processing /home/airflow/.local/lib/python3.8/site-packages/airflow/example_dags/example_external_task_marker_dag.py took 0.068 seconds
[2023-12-01T22:35:30.073+0000] {processor.py:157} INFO - Started process (PID=1565) to work on /home/airflow/.local/lib/python3.8/site-packages/airflow/example_dags/example_external_task_marker_dag.py
[2023-12-01T22:35:30.074+0000] {processor.py:829} INFO - Processing file /home/airflow/.local/lib/python3.8/site-packages/airflow/example_dags/example_external_task_marker_dag.py for tasks to queue
[2023-12-01T22:35:30.075+0000] {logging_mixin.py:154} INFO - [2023-12-01T22:35:30.075+0000] {dagbag.py:536} INFO - Filling up the DagBag from /home/airflow/.local/lib/python3.8/site-packages/airflow/example_dags/example_external_task_marker_dag.py
[2023-12-01T22:35:30.080+0000] {processor.py:839} INFO - DAG(s) dict_keys(['example_external_task_marker_parent', 'example_external_task_marker_child']) retrieved from /home/airflow/.local/lib/python3.8/site-packages/airflow/example_dags/example_external_task_marker_dag.py
[2023-12-01T22:35:30.097+0000] {logging_mixin.py:154} INFO - [2023-12-01T22:35:30.097+0000] {dag.py:2941} INFO - Sync 2 DAGs
[2023-12-01T22:35:30.107+0000] {logging_mixin.py:154} INFO - [2023-12-01T22:35:30.107+0000] {dag.py:3722} INFO - Setting next_dagrun for example_external_task_marker_child to None, run_after=None
[2023-12-01T22:35:30.111+0000] {logging_mixin.py:154} INFO - [2023-12-01T22:35:30.111+0000] {dag.py:3722} INFO - Setting next_dagrun for example_external_task_marker_parent to None, run_after=None
[2023-12-01T22:35:30.127+0000] {processor.py:179} INFO - Processing /home/airflow/.local/lib/python3.8/site-packages/airflow/example_dags/example_external_task_marker_dag.py took 0.057 seconds
[2023-12-01T22:38:29.084+0000] {processor.py:157} INFO - Started process (PID=51) to work on /home/airflow/.local/lib/python3.8/site-packages/airflow/example_dags/example_external_task_marker_dag.py
[2023-12-01T22:38:29.085+0000] {processor.py:829} INFO - Processing file /home/airflow/.local/lib/python3.8/site-packages/airflow/example_dags/example_external_task_marker_dag.py for tasks to queue
[2023-12-01T22:38:29.087+0000] {logging_mixin.py:154} INFO - [2023-12-01T22:38:29.087+0000] {dagbag.py:536} INFO - Filling up the DagBag from /home/airflow/.local/lib/python3.8/site-packages/airflow/example_dags/example_external_task_marker_dag.py
[2023-12-01T22:38:29.094+0000] {processor.py:839} INFO - DAG(s) dict_keys(['example_external_task_marker_parent', 'example_external_task_marker_child']) retrieved from /home/airflow/.local/lib/python3.8/site-packages/airflow/example_dags/example_external_task_marker_dag.py
[2023-12-01T22:38:29.110+0000] {logging_mixin.py:154} INFO - [2023-12-01T22:38:29.109+0000] {dag.py:2941} INFO - Sync 2 DAGs
[2023-12-01T22:38:29.128+0000] {logging_mixin.py:154} INFO - [2023-12-01T22:38:29.127+0000] {dag.py:3722} INFO - Setting next_dagrun for example_external_task_marker_child to None, run_after=None
[2023-12-01T22:38:29.133+0000] {logging_mixin.py:154} INFO - [2023-12-01T22:38:29.133+0000] {dag.py:3722} INFO - Setting next_dagrun for example_external_task_marker_parent to None, run_after=None
[2023-12-01T22:38:29.159+0000] {processor.py:179} INFO - Processing /home/airflow/.local/lib/python3.8/site-packages/airflow/example_dags/example_external_task_marker_dag.py took 0.077 seconds
[2023-12-01T22:39:00.028+0000] {processor.py:157} INFO - Started process (PID=105) to work on /home/airflow/.local/lib/python3.8/site-packages/airflow/example_dags/example_external_task_marker_dag.py
[2023-12-01T22:39:00.029+0000] {processor.py:829} INFO - Processing file /home/airflow/.local/lib/python3.8/site-packages/airflow/example_dags/example_external_task_marker_dag.py for tasks to queue
[2023-12-01T22:39:00.031+0000] {logging_mixin.py:154} INFO - [2023-12-01T22:39:00.031+0000] {dagbag.py:536} INFO - Filling up the DagBag from /home/airflow/.local/lib/python3.8/site-packages/airflow/example_dags/example_external_task_marker_dag.py
[2023-12-01T22:39:00.036+0000] {processor.py:839} INFO - DAG(s) dict_keys(['example_external_task_marker_child', 'example_external_task_marker_parent']) retrieved from /home/airflow/.local/lib/python3.8/site-packages/airflow/example_dags/example_external_task_marker_dag.py
[2023-12-01T22:39:00.058+0000] {logging_mixin.py:154} INFO - [2023-12-01T22:39:00.058+0000] {dag.py:2941} INFO - Sync 2 DAGs
[2023-12-01T22:39:00.069+0000] {logging_mixin.py:154} INFO - [2023-12-01T22:39:00.069+0000] {dag.py:3722} INFO - Setting next_dagrun for example_external_task_marker_child to None, run_after=None
[2023-12-01T22:39:00.073+0000] {logging_mixin.py:154} INFO - [2023-12-01T22:39:00.072+0000] {dag.py:3722} INFO - Setting next_dagrun for example_external_task_marker_parent to None, run_after=None
[2023-12-01T22:39:00.088+0000] {processor.py:179} INFO - Processing /home/airflow/.local/lib/python3.8/site-packages/airflow/example_dags/example_external_task_marker_dag.py took 0.063 seconds
[2023-12-01T22:39:30.508+0000] {processor.py:157} INFO - Started process (PID=159) to work on /home/airflow/.local/lib/python3.8/site-packages/airflow/example_dags/example_external_task_marker_dag.py
[2023-12-01T22:39:30.509+0000] {processor.py:829} INFO - Processing file /home/airflow/.local/lib/python3.8/site-packages/airflow/example_dags/example_external_task_marker_dag.py for tasks to queue
[2023-12-01T22:39:30.512+0000] {logging_mixin.py:154} INFO - [2023-12-01T22:39:30.511+0000] {dagbag.py:536} INFO - Filling up the DagBag from /home/airflow/.local/lib/python3.8/site-packages/airflow/example_dags/example_external_task_marker_dag.py
[2023-12-01T22:39:30.519+0000] {processor.py:839} INFO - DAG(s) dict_keys(['example_external_task_marker_parent', 'example_external_task_marker_child']) retrieved from /home/airflow/.local/lib/python3.8/site-packages/airflow/example_dags/example_external_task_marker_dag.py
[2023-12-01T22:39:30.545+0000] {logging_mixin.py:154} INFO - [2023-12-01T22:39:30.545+0000] {dag.py:2941} INFO - Sync 2 DAGs
[2023-12-01T22:39:30.561+0000] {logging_mixin.py:154} INFO - [2023-12-01T22:39:30.561+0000] {dag.py:3722} INFO - Setting next_dagrun for example_external_task_marker_child to None, run_after=None
[2023-12-01T22:39:30.566+0000] {logging_mixin.py:154} INFO - [2023-12-01T22:39:30.566+0000] {dag.py:3722} INFO - Setting next_dagrun for example_external_task_marker_parent to None, run_after=None
[2023-12-01T22:39:30.584+0000] {processor.py:179} INFO - Processing /home/airflow/.local/lib/python3.8/site-packages/airflow/example_dags/example_external_task_marker_dag.py took 0.078 seconds
[2023-12-01T22:40:00.993+0000] {processor.py:157} INFO - Started process (PID=213) to work on /home/airflow/.local/lib/python3.8/site-packages/airflow/example_dags/example_external_task_marker_dag.py
[2023-12-01T22:40:00.994+0000] {processor.py:829} INFO - Processing file /home/airflow/.local/lib/python3.8/site-packages/airflow/example_dags/example_external_task_marker_dag.py for tasks to queue
[2023-12-01T22:40:00.996+0000] {logging_mixin.py:154} INFO - [2023-12-01T22:40:00.996+0000] {dagbag.py:536} INFO - Filling up the DagBag from /home/airflow/.local/lib/python3.8/site-packages/airflow/example_dags/example_external_task_marker_dag.py
[2023-12-01T22:40:01.001+0000] {processor.py:839} INFO - DAG(s) dict_keys(['example_external_task_marker_parent', 'example_external_task_marker_child']) retrieved from /home/airflow/.local/lib/python3.8/site-packages/airflow/example_dags/example_external_task_marker_dag.py
[2023-12-01T22:40:01.025+0000] {logging_mixin.py:154} INFO - [2023-12-01T22:40:01.025+0000] {dag.py:2941} INFO - Sync 2 DAGs
[2023-12-01T22:40:01.039+0000] {logging_mixin.py:154} INFO - [2023-12-01T22:40:01.039+0000] {dag.py:3722} INFO - Setting next_dagrun for example_external_task_marker_child to None, run_after=None
[2023-12-01T22:40:01.044+0000] {logging_mixin.py:154} INFO - [2023-12-01T22:40:01.044+0000] {dag.py:3722} INFO - Setting next_dagrun for example_external_task_marker_parent to None, run_after=None
[2023-12-01T22:40:01.060+0000] {processor.py:179} INFO - Processing /home/airflow/.local/lib/python3.8/site-packages/airflow/example_dags/example_external_task_marker_dag.py took 0.070 seconds
[2023-12-01T22:40:31.468+0000] {processor.py:157} INFO - Started process (PID=267) to work on /home/airflow/.local/lib/python3.8/site-packages/airflow/example_dags/example_external_task_marker_dag.py
[2023-12-01T22:40:31.469+0000] {processor.py:829} INFO - Processing file /home/airflow/.local/lib/python3.8/site-packages/airflow/example_dags/example_external_task_marker_dag.py for tasks to queue
[2023-12-01T22:40:31.470+0000] {logging_mixin.py:154} INFO - [2023-12-01T22:40:31.470+0000] {dagbag.py:536} INFO - Filling up the DagBag from /home/airflow/.local/lib/python3.8/site-packages/airflow/example_dags/example_external_task_marker_dag.py
[2023-12-01T22:40:31.474+0000] {processor.py:839} INFO - DAG(s) dict_keys(['example_external_task_marker_parent', 'example_external_task_marker_child']) retrieved from /home/airflow/.local/lib/python3.8/site-packages/airflow/example_dags/example_external_task_marker_dag.py
[2023-12-01T22:40:31.495+0000] {logging_mixin.py:154} INFO - [2023-12-01T22:40:31.495+0000] {dag.py:2941} INFO - Sync 2 DAGs
[2023-12-01T22:40:31.505+0000] {logging_mixin.py:154} INFO - [2023-12-01T22:40:31.505+0000] {dag.py:3722} INFO - Setting next_dagrun for example_external_task_marker_child to None, run_after=None
[2023-12-01T22:40:31.509+0000] {logging_mixin.py:154} INFO - [2023-12-01T22:40:31.508+0000] {dag.py:3722} INFO - Setting next_dagrun for example_external_task_marker_parent to None, run_after=None
[2023-12-01T22:40:31.523+0000] {processor.py:179} INFO - Processing /home/airflow/.local/lib/python3.8/site-packages/airflow/example_dags/example_external_task_marker_dag.py took 0.057 seconds
[2023-12-01T22:41:02.014+0000] {processor.py:157} INFO - Started process (PID=321) to work on /home/airflow/.local/lib/python3.8/site-packages/airflow/example_dags/example_external_task_marker_dag.py
[2023-12-01T22:41:02.014+0000] {processor.py:829} INFO - Processing file /home/airflow/.local/lib/python3.8/site-packages/airflow/example_dags/example_external_task_marker_dag.py for tasks to queue
[2023-12-01T22:41:02.016+0000] {logging_mixin.py:154} INFO - [2023-12-01T22:41:02.016+0000] {dagbag.py:536} INFO - Filling up the DagBag from /home/airflow/.local/lib/python3.8/site-packages/airflow/example_dags/example_external_task_marker_dag.py
[2023-12-01T22:41:02.020+0000] {processor.py:839} INFO - DAG(s) dict_keys(['example_external_task_marker_parent', 'example_external_task_marker_child']) retrieved from /home/airflow/.local/lib/python3.8/site-packages/airflow/example_dags/example_external_task_marker_dag.py
[2023-12-01T22:41:02.041+0000] {logging_mixin.py:154} INFO - [2023-12-01T22:41:02.041+0000] {dag.py:2941} INFO - Sync 2 DAGs
[2023-12-01T22:41:02.053+0000] {logging_mixin.py:154} INFO - [2023-12-01T22:41:02.053+0000] {dag.py:3722} INFO - Setting next_dagrun for example_external_task_marker_child to None, run_after=None
[2023-12-01T22:41:02.056+0000] {logging_mixin.py:154} INFO - [2023-12-01T22:41:02.056+0000] {dag.py:3722} INFO - Setting next_dagrun for example_external_task_marker_parent to None, run_after=None
[2023-12-01T22:41:02.074+0000] {processor.py:179} INFO - Processing /home/airflow/.local/lib/python3.8/site-packages/airflow/example_dags/example_external_task_marker_dag.py took 0.063 seconds
