[2023-12-01T22:13:42.429+0000] {processor.py:157} INFO - Started process (PID=66) to work on /home/airflow/.local/lib/python3.8/site-packages/airflow/example_dags/example_nested_branch_dag.py
[2023-12-01T22:13:42.430+0000] {processor.py:829} INFO - Processing file /home/airflow/.local/lib/python3.8/site-packages/airflow/example_dags/example_nested_branch_dag.py for tasks to queue
[2023-12-01T22:13:42.432+0000] {logging_mixin.py:154} INFO - [2023-12-01T22:13:42.431+0000] {dagbag.py:536} INFO - Filling up the DagBag from /home/airflow/.local/lib/python3.8/site-packages/airflow/example_dags/example_nested_branch_dag.py
[2023-12-01T22:13:42.441+0000] {processor.py:839} INFO - DAG(s) dict_keys(['example_nested_branch_dag']) retrieved from /home/airflow/.local/lib/python3.8/site-packages/airflow/example_dags/example_nested_branch_dag.py
[2023-12-01T22:13:42.461+0000] {logging_mixin.py:154} INFO - [2023-12-01T22:13:42.461+0000] {dag.py:2941} INFO - Sync 1 DAGs
[2023-12-01T22:13:42.487+0000] {logging_mixin.py:154} INFO - [2023-12-01T22:13:42.487+0000] {dag.py:3722} INFO - Setting next_dagrun for example_nested_branch_dag to 2023-11-30T00:00:00+00:00, run_after=2023-12-01T00:00:00+00:00
[2023-12-01T22:13:42.506+0000] {processor.py:179} INFO - Processing /home/airflow/.local/lib/python3.8/site-packages/airflow/example_dags/example_nested_branch_dag.py took 0.080 seconds
[2023-12-01T22:19:41.759+0000] {processor.py:157} INFO - Started process (PID=64) to work on /home/airflow/.local/lib/python3.8/site-packages/airflow/example_dags/example_nested_branch_dag.py
[2023-12-01T22:19:41.761+0000] {processor.py:829} INFO - Processing file /home/airflow/.local/lib/python3.8/site-packages/airflow/example_dags/example_nested_branch_dag.py for tasks to queue
[2023-12-01T22:19:41.762+0000] {logging_mixin.py:154} INFO - [2023-12-01T22:19:41.762+0000] {dagbag.py:536} INFO - Filling up the DagBag from /home/airflow/.local/lib/python3.8/site-packages/airflow/example_dags/example_nested_branch_dag.py
[2023-12-01T22:19:41.774+0000] {processor.py:839} INFO - DAG(s) dict_keys(['example_nested_branch_dag']) retrieved from /home/airflow/.local/lib/python3.8/site-packages/airflow/example_dags/example_nested_branch_dag.py
[2023-12-01T22:19:41.798+0000] {logging_mixin.py:154} INFO - [2023-12-01T22:19:41.797+0000] {dag.py:2941} INFO - Sync 1 DAGs
[2023-12-01T22:19:41.822+0000] {logging_mixin.py:154} INFO - [2023-12-01T22:19:41.822+0000] {dag.py:3722} INFO - Setting next_dagrun for example_nested_branch_dag to 2023-11-30T00:00:00+00:00, run_after=2023-12-01T00:00:00+00:00
[2023-12-01T22:19:41.839+0000] {processor.py:179} INFO - Processing /home/airflow/.local/lib/python3.8/site-packages/airflow/example_dags/example_nested_branch_dag.py took 0.082 seconds
[2023-12-01T22:21:22.802+0000] {processor.py:157} INFO - Started process (PID=65) to work on /home/airflow/.local/lib/python3.8/site-packages/airflow/example_dags/example_nested_branch_dag.py
[2023-12-01T22:21:22.803+0000] {processor.py:829} INFO - Processing file /home/airflow/.local/lib/python3.8/site-packages/airflow/example_dags/example_nested_branch_dag.py for tasks to queue
[2023-12-01T22:21:22.805+0000] {logging_mixin.py:154} INFO - [2023-12-01T22:21:22.804+0000] {dagbag.py:536} INFO - Filling up the DagBag from /home/airflow/.local/lib/python3.8/site-packages/airflow/example_dags/example_nested_branch_dag.py
[2023-12-01T22:21:22.817+0000] {processor.py:839} INFO - DAG(s) dict_keys(['example_nested_branch_dag']) retrieved from /home/airflow/.local/lib/python3.8/site-packages/airflow/example_dags/example_nested_branch_dag.py
[2023-12-01T22:21:22.829+0000] {logging_mixin.py:154} INFO - [2023-12-01T22:21:22.829+0000] {dag.py:2941} INFO - Sync 1 DAGs
[2023-12-01T22:21:22.850+0000] {logging_mixin.py:154} INFO - [2023-12-01T22:21:22.850+0000] {dag.py:3722} INFO - Setting next_dagrun for example_nested_branch_dag to 2023-11-30T00:00:00+00:00, run_after=2023-12-01T00:00:00+00:00
[2023-12-01T22:21:22.866+0000] {processor.py:179} INFO - Processing /home/airflow/.local/lib/python3.8/site-packages/airflow/example_dags/example_nested_branch_dag.py took 0.066 seconds
[2023-12-01T22:21:53.257+0000] {processor.py:157} INFO - Started process (PID=120) to work on /home/airflow/.local/lib/python3.8/site-packages/airflow/example_dags/example_nested_branch_dag.py
[2023-12-01T22:21:53.258+0000] {processor.py:829} INFO - Processing file /home/airflow/.local/lib/python3.8/site-packages/airflow/example_dags/example_nested_branch_dag.py for tasks to queue
[2023-12-01T22:21:53.259+0000] {logging_mixin.py:154} INFO - [2023-12-01T22:21:53.259+0000] {dagbag.py:536} INFO - Filling up the DagBag from /home/airflow/.local/lib/python3.8/site-packages/airflow/example_dags/example_nested_branch_dag.py
[2023-12-01T22:21:53.268+0000] {processor.py:839} INFO - DAG(s) dict_keys(['example_nested_branch_dag']) retrieved from /home/airflow/.local/lib/python3.8/site-packages/airflow/example_dags/example_nested_branch_dag.py
[2023-12-01T22:21:53.284+0000] {logging_mixin.py:154} INFO - [2023-12-01T22:21:53.284+0000] {dag.py:2941} INFO - Sync 1 DAGs
[2023-12-01T22:21:53.301+0000] {logging_mixin.py:154} INFO - [2023-12-01T22:21:53.301+0000] {dag.py:3722} INFO - Setting next_dagrun for example_nested_branch_dag to 2023-11-30T00:00:00+00:00, run_after=2023-12-01T00:00:00+00:00
[2023-12-01T22:21:53.314+0000] {processor.py:179} INFO - Processing /home/airflow/.local/lib/python3.8/site-packages/airflow/example_dags/example_nested_branch_dag.py took 0.059 seconds
[2023-12-01T22:22:23.434+0000] {processor.py:157} INFO - Started process (PID=174) to work on /home/airflow/.local/lib/python3.8/site-packages/airflow/example_dags/example_nested_branch_dag.py
[2023-12-01T22:22:23.434+0000] {processor.py:829} INFO - Processing file /home/airflow/.local/lib/python3.8/site-packages/airflow/example_dags/example_nested_branch_dag.py for tasks to queue
[2023-12-01T22:22:23.436+0000] {logging_mixin.py:154} INFO - [2023-12-01T22:22:23.436+0000] {dagbag.py:536} INFO - Filling up the DagBag from /home/airflow/.local/lib/python3.8/site-packages/airflow/example_dags/example_nested_branch_dag.py
[2023-12-01T22:22:23.443+0000] {processor.py:839} INFO - DAG(s) dict_keys(['example_nested_branch_dag']) retrieved from /home/airflow/.local/lib/python3.8/site-packages/airflow/example_dags/example_nested_branch_dag.py
[2023-12-01T22:22:23.458+0000] {logging_mixin.py:154} INFO - [2023-12-01T22:22:23.457+0000] {dag.py:2941} INFO - Sync 1 DAGs
[2023-12-01T22:22:23.475+0000] {logging_mixin.py:154} INFO - [2023-12-01T22:22:23.475+0000] {dag.py:3722} INFO - Setting next_dagrun for example_nested_branch_dag to 2023-11-30T00:00:00+00:00, run_after=2023-12-01T00:00:00+00:00
[2023-12-01T22:22:23.488+0000] {processor.py:179} INFO - Processing /home/airflow/.local/lib/python3.8/site-packages/airflow/example_dags/example_nested_branch_dag.py took 0.056 seconds
[2023-12-01T22:22:53.646+0000] {processor.py:157} INFO - Started process (PID=228) to work on /home/airflow/.local/lib/python3.8/site-packages/airflow/example_dags/example_nested_branch_dag.py
[2023-12-01T22:22:53.647+0000] {processor.py:829} INFO - Processing file /home/airflow/.local/lib/python3.8/site-packages/airflow/example_dags/example_nested_branch_dag.py for tasks to queue
[2023-12-01T22:22:53.649+0000] {logging_mixin.py:154} INFO - [2023-12-01T22:22:53.649+0000] {dagbag.py:536} INFO - Filling up the DagBag from /home/airflow/.local/lib/python3.8/site-packages/airflow/example_dags/example_nested_branch_dag.py
[2023-12-01T22:22:53.656+0000] {processor.py:839} INFO - DAG(s) dict_keys(['example_nested_branch_dag']) retrieved from /home/airflow/.local/lib/python3.8/site-packages/airflow/example_dags/example_nested_branch_dag.py
[2023-12-01T22:22:53.671+0000] {logging_mixin.py:154} INFO - [2023-12-01T22:22:53.671+0000] {dag.py:2941} INFO - Sync 1 DAGs
[2023-12-01T22:22:53.687+0000] {logging_mixin.py:154} INFO - [2023-12-01T22:22:53.687+0000] {dag.py:3722} INFO - Setting next_dagrun for example_nested_branch_dag to 2023-11-30T00:00:00+00:00, run_after=2023-12-01T00:00:00+00:00
[2023-12-01T22:22:53.702+0000] {processor.py:179} INFO - Processing /home/airflow/.local/lib/python3.8/site-packages/airflow/example_dags/example_nested_branch_dag.py took 0.057 seconds
[2023-12-01T22:23:23.837+0000] {processor.py:157} INFO - Started process (PID=282) to work on /home/airflow/.local/lib/python3.8/site-packages/airflow/example_dags/example_nested_branch_dag.py
[2023-12-01T22:23:23.838+0000] {processor.py:829} INFO - Processing file /home/airflow/.local/lib/python3.8/site-packages/airflow/example_dags/example_nested_branch_dag.py for tasks to queue
[2023-12-01T22:23:23.839+0000] {logging_mixin.py:154} INFO - [2023-12-01T22:23:23.839+0000] {dagbag.py:536} INFO - Filling up the DagBag from /home/airflow/.local/lib/python3.8/site-packages/airflow/example_dags/example_nested_branch_dag.py
[2023-12-01T22:23:23.846+0000] {processor.py:839} INFO - DAG(s) dict_keys(['example_nested_branch_dag']) retrieved from /home/airflow/.local/lib/python3.8/site-packages/airflow/example_dags/example_nested_branch_dag.py
[2023-12-01T22:23:23.862+0000] {logging_mixin.py:154} INFO - [2023-12-01T22:23:23.862+0000] {dag.py:2941} INFO - Sync 1 DAGs
[2023-12-01T22:23:23.878+0000] {logging_mixin.py:154} INFO - [2023-12-01T22:23:23.878+0000] {dag.py:3722} INFO - Setting next_dagrun for example_nested_branch_dag to 2023-11-30T00:00:00+00:00, run_after=2023-12-01T00:00:00+00:00
[2023-12-01T22:23:23.891+0000] {processor.py:179} INFO - Processing /home/airflow/.local/lib/python3.8/site-packages/airflow/example_dags/example_nested_branch_dag.py took 0.056 seconds
[2023-12-01T22:23:54.014+0000] {processor.py:157} INFO - Started process (PID=336) to work on /home/airflow/.local/lib/python3.8/site-packages/airflow/example_dags/example_nested_branch_dag.py
[2023-12-01T22:23:54.015+0000] {processor.py:829} INFO - Processing file /home/airflow/.local/lib/python3.8/site-packages/airflow/example_dags/example_nested_branch_dag.py for tasks to queue
[2023-12-01T22:23:54.016+0000] {logging_mixin.py:154} INFO - [2023-12-01T22:23:54.016+0000] {dagbag.py:536} INFO - Filling up the DagBag from /home/airflow/.local/lib/python3.8/site-packages/airflow/example_dags/example_nested_branch_dag.py
[2023-12-01T22:23:54.023+0000] {processor.py:839} INFO - DAG(s) dict_keys(['example_nested_branch_dag']) retrieved from /home/airflow/.local/lib/python3.8/site-packages/airflow/example_dags/example_nested_branch_dag.py
[2023-12-01T22:23:54.041+0000] {logging_mixin.py:154} INFO - [2023-12-01T22:23:54.041+0000] {dag.py:2941} INFO - Sync 1 DAGs
[2023-12-01T22:23:54.061+0000] {logging_mixin.py:154} INFO - [2023-12-01T22:23:54.061+0000] {dag.py:3722} INFO - Setting next_dagrun for example_nested_branch_dag to 2023-11-30T00:00:00+00:00, run_after=2023-12-01T00:00:00+00:00
[2023-12-01T22:23:54.076+0000] {processor.py:179} INFO - Processing /home/airflow/.local/lib/python3.8/site-packages/airflow/example_dags/example_nested_branch_dag.py took 0.064 seconds
[2023-12-01T22:24:24.304+0000] {processor.py:157} INFO - Started process (PID=390) to work on /home/airflow/.local/lib/python3.8/site-packages/airflow/example_dags/example_nested_branch_dag.py
[2023-12-01T22:24:24.305+0000] {processor.py:829} INFO - Processing file /home/airflow/.local/lib/python3.8/site-packages/airflow/example_dags/example_nested_branch_dag.py for tasks to queue
[2023-12-01T22:24:24.306+0000] {logging_mixin.py:154} INFO - [2023-12-01T22:24:24.306+0000] {dagbag.py:536} INFO - Filling up the DagBag from /home/airflow/.local/lib/python3.8/site-packages/airflow/example_dags/example_nested_branch_dag.py
[2023-12-01T22:24:24.313+0000] {processor.py:839} INFO - DAG(s) dict_keys(['example_nested_branch_dag']) retrieved from /home/airflow/.local/lib/python3.8/site-packages/airflow/example_dags/example_nested_branch_dag.py
[2023-12-01T22:24:24.328+0000] {logging_mixin.py:154} INFO - [2023-12-01T22:24:24.328+0000] {dag.py:2941} INFO - Sync 1 DAGs
[2023-12-01T22:24:24.345+0000] {logging_mixin.py:154} INFO - [2023-12-01T22:24:24.345+0000] {dag.py:3722} INFO - Setting next_dagrun for example_nested_branch_dag to 2023-11-30T00:00:00+00:00, run_after=2023-12-01T00:00:00+00:00
[2023-12-01T22:24:24.358+0000] {processor.py:179} INFO - Processing /home/airflow/.local/lib/python3.8/site-packages/airflow/example_dags/example_nested_branch_dag.py took 0.056 seconds
[2023-12-01T22:24:55.386+0000] {processor.py:157} INFO - Started process (PID=444) to work on /home/airflow/.local/lib/python3.8/site-packages/airflow/example_dags/example_nested_branch_dag.py
[2023-12-01T22:24:55.387+0000] {processor.py:829} INFO - Processing file /home/airflow/.local/lib/python3.8/site-packages/airflow/example_dags/example_nested_branch_dag.py for tasks to queue
[2023-12-01T22:24:55.389+0000] {logging_mixin.py:154} INFO - [2023-12-01T22:24:55.389+0000] {dagbag.py:536} INFO - Filling up the DagBag from /home/airflow/.local/lib/python3.8/site-packages/airflow/example_dags/example_nested_branch_dag.py
[2023-12-01T22:24:55.396+0000] {processor.py:839} INFO - DAG(s) dict_keys(['example_nested_branch_dag']) retrieved from /home/airflow/.local/lib/python3.8/site-packages/airflow/example_dags/example_nested_branch_dag.py
[2023-12-01T22:24:55.411+0000] {logging_mixin.py:154} INFO - [2023-12-01T22:24:55.411+0000] {dag.py:2941} INFO - Sync 1 DAGs
[2023-12-01T22:24:55.428+0000] {logging_mixin.py:154} INFO - [2023-12-01T22:24:55.427+0000] {dag.py:3722} INFO - Setting next_dagrun for example_nested_branch_dag to 2023-11-30T00:00:00+00:00, run_after=2023-12-01T00:00:00+00:00
[2023-12-01T22:24:55.441+0000] {processor.py:179} INFO - Processing /home/airflow/.local/lib/python3.8/site-packages/airflow/example_dags/example_nested_branch_dag.py took 0.057 seconds
[2023-12-01T22:25:25.578+0000] {processor.py:157} INFO - Started process (PID=498) to work on /home/airflow/.local/lib/python3.8/site-packages/airflow/example_dags/example_nested_branch_dag.py
[2023-12-01T22:25:25.579+0000] {processor.py:829} INFO - Processing file /home/airflow/.local/lib/python3.8/site-packages/airflow/example_dags/example_nested_branch_dag.py for tasks to queue
[2023-12-01T22:25:25.580+0000] {logging_mixin.py:154} INFO - [2023-12-01T22:25:25.580+0000] {dagbag.py:536} INFO - Filling up the DagBag from /home/airflow/.local/lib/python3.8/site-packages/airflow/example_dags/example_nested_branch_dag.py
[2023-12-01T22:25:25.588+0000] {processor.py:839} INFO - DAG(s) dict_keys(['example_nested_branch_dag']) retrieved from /home/airflow/.local/lib/python3.8/site-packages/airflow/example_dags/example_nested_branch_dag.py
[2023-12-01T22:25:25.606+0000] {logging_mixin.py:154} INFO - [2023-12-01T22:25:25.606+0000] {dag.py:2941} INFO - Sync 1 DAGs
[2023-12-01T22:25:25.624+0000] {logging_mixin.py:154} INFO - [2023-12-01T22:25:25.624+0000] {dag.py:3722} INFO - Setting next_dagrun for example_nested_branch_dag to 2023-11-30T00:00:00+00:00, run_after=2023-12-01T00:00:00+00:00
[2023-12-01T22:25:25.637+0000] {processor.py:179} INFO - Processing /home/airflow/.local/lib/python3.8/site-packages/airflow/example_dags/example_nested_branch_dag.py took 0.061 seconds
[2023-12-01T22:25:56.458+0000] {processor.py:157} INFO - Started process (PID=552) to work on /home/airflow/.local/lib/python3.8/site-packages/airflow/example_dags/example_nested_branch_dag.py
[2023-12-01T22:25:56.459+0000] {processor.py:829} INFO - Processing file /home/airflow/.local/lib/python3.8/site-packages/airflow/example_dags/example_nested_branch_dag.py for tasks to queue
[2023-12-01T22:25:56.461+0000] {logging_mixin.py:154} INFO - [2023-12-01T22:25:56.460+0000] {dagbag.py:536} INFO - Filling up the DagBag from /home/airflow/.local/lib/python3.8/site-packages/airflow/example_dags/example_nested_branch_dag.py
[2023-12-01T22:25:56.467+0000] {processor.py:839} INFO - DAG(s) dict_keys(['example_nested_branch_dag']) retrieved from /home/airflow/.local/lib/python3.8/site-packages/airflow/example_dags/example_nested_branch_dag.py
[2023-12-01T22:25:56.481+0000] {logging_mixin.py:154} INFO - [2023-12-01T22:25:56.481+0000] {dag.py:2941} INFO - Sync 1 DAGs
[2023-12-01T22:25:56.497+0000] {logging_mixin.py:154} INFO - [2023-12-01T22:25:56.497+0000] {dag.py:3722} INFO - Setting next_dagrun for example_nested_branch_dag to 2023-11-30T00:00:00+00:00, run_after=2023-12-01T00:00:00+00:00
[2023-12-01T22:25:56.510+0000] {processor.py:179} INFO - Processing /home/airflow/.local/lib/python3.8/site-packages/airflow/example_dags/example_nested_branch_dag.py took 0.054 seconds
[2023-12-01T22:26:26.578+0000] {processor.py:157} INFO - Started process (PID=606) to work on /home/airflow/.local/lib/python3.8/site-packages/airflow/example_dags/example_nested_branch_dag.py
[2023-12-01T22:26:26.579+0000] {processor.py:829} INFO - Processing file /home/airflow/.local/lib/python3.8/site-packages/airflow/example_dags/example_nested_branch_dag.py for tasks to queue
[2023-12-01T22:26:26.581+0000] {logging_mixin.py:154} INFO - [2023-12-01T22:26:26.580+0000] {dagbag.py:536} INFO - Filling up the DagBag from /home/airflow/.local/lib/python3.8/site-packages/airflow/example_dags/example_nested_branch_dag.py
[2023-12-01T22:26:26.587+0000] {processor.py:839} INFO - DAG(s) dict_keys(['example_nested_branch_dag']) retrieved from /home/airflow/.local/lib/python3.8/site-packages/airflow/example_dags/example_nested_branch_dag.py
[2023-12-01T22:26:26.603+0000] {logging_mixin.py:154} INFO - [2023-12-01T22:26:26.602+0000] {dag.py:2941} INFO - Sync 1 DAGs
[2023-12-01T22:26:26.619+0000] {logging_mixin.py:154} INFO - [2023-12-01T22:26:26.618+0000] {dag.py:3722} INFO - Setting next_dagrun for example_nested_branch_dag to 2023-11-30T00:00:00+00:00, run_after=2023-12-01T00:00:00+00:00
[2023-12-01T22:26:26.631+0000] {processor.py:179} INFO - Processing /home/airflow/.local/lib/python3.8/site-packages/airflow/example_dags/example_nested_branch_dag.py took 0.055 seconds
[2023-12-01T22:26:56.708+0000] {processor.py:157} INFO - Started process (PID=660) to work on /home/airflow/.local/lib/python3.8/site-packages/airflow/example_dags/example_nested_branch_dag.py
[2023-12-01T22:26:56.709+0000] {processor.py:829} INFO - Processing file /home/airflow/.local/lib/python3.8/site-packages/airflow/example_dags/example_nested_branch_dag.py for tasks to queue
[2023-12-01T22:26:56.710+0000] {logging_mixin.py:154} INFO - [2023-12-01T22:26:56.710+0000] {dagbag.py:536} INFO - Filling up the DagBag from /home/airflow/.local/lib/python3.8/site-packages/airflow/example_dags/example_nested_branch_dag.py
[2023-12-01T22:26:56.717+0000] {processor.py:839} INFO - DAG(s) dict_keys(['example_nested_branch_dag']) retrieved from /home/airflow/.local/lib/python3.8/site-packages/airflow/example_dags/example_nested_branch_dag.py
[2023-12-01T22:26:56.732+0000] {logging_mixin.py:154} INFO - [2023-12-01T22:26:56.732+0000] {dag.py:2941} INFO - Sync 1 DAGs
[2023-12-01T22:26:56.747+0000] {logging_mixin.py:154} INFO - [2023-12-01T22:26:56.747+0000] {dag.py:3722} INFO - Setting next_dagrun for example_nested_branch_dag to 2023-11-30T00:00:00+00:00, run_after=2023-12-01T00:00:00+00:00
[2023-12-01T22:26:56.759+0000] {processor.py:179} INFO - Processing /home/airflow/.local/lib/python3.8/site-packages/airflow/example_dags/example_nested_branch_dag.py took 0.053 seconds
[2023-12-01T22:27:26.869+0000] {processor.py:157} INFO - Started process (PID=714) to work on /home/airflow/.local/lib/python3.8/site-packages/airflow/example_dags/example_nested_branch_dag.py
[2023-12-01T22:27:26.870+0000] {processor.py:829} INFO - Processing file /home/airflow/.local/lib/python3.8/site-packages/airflow/example_dags/example_nested_branch_dag.py for tasks to queue
[2023-12-01T22:27:26.871+0000] {logging_mixin.py:154} INFO - [2023-12-01T22:27:26.871+0000] {dagbag.py:536} INFO - Filling up the DagBag from /home/airflow/.local/lib/python3.8/site-packages/airflow/example_dags/example_nested_branch_dag.py
[2023-12-01T22:27:26.878+0000] {processor.py:839} INFO - DAG(s) dict_keys(['example_nested_branch_dag']) retrieved from /home/airflow/.local/lib/python3.8/site-packages/airflow/example_dags/example_nested_branch_dag.py
[2023-12-01T22:27:26.893+0000] {logging_mixin.py:154} INFO - [2023-12-01T22:27:26.893+0000] {dag.py:2941} INFO - Sync 1 DAGs
[2023-12-01T22:27:26.910+0000] {logging_mixin.py:154} INFO - [2023-12-01T22:27:26.910+0000] {dag.py:3722} INFO - Setting next_dagrun for example_nested_branch_dag to 2023-11-30T00:00:00+00:00, run_after=2023-12-01T00:00:00+00:00
[2023-12-01T22:27:26.924+0000] {processor.py:179} INFO - Processing /home/airflow/.local/lib/python3.8/site-packages/airflow/example_dags/example_nested_branch_dag.py took 0.057 seconds
[2023-12-01T22:27:57.746+0000] {processor.py:157} INFO - Started process (PID=768) to work on /home/airflow/.local/lib/python3.8/site-packages/airflow/example_dags/example_nested_branch_dag.py
[2023-12-01T22:27:57.747+0000] {processor.py:829} INFO - Processing file /home/airflow/.local/lib/python3.8/site-packages/airflow/example_dags/example_nested_branch_dag.py for tasks to queue
[2023-12-01T22:27:57.748+0000] {logging_mixin.py:154} INFO - [2023-12-01T22:27:57.748+0000] {dagbag.py:536} INFO - Filling up the DagBag from /home/airflow/.local/lib/python3.8/site-packages/airflow/example_dags/example_nested_branch_dag.py
[2023-12-01T22:27:57.755+0000] {processor.py:839} INFO - DAG(s) dict_keys(['example_nested_branch_dag']) retrieved from /home/airflow/.local/lib/python3.8/site-packages/airflow/example_dags/example_nested_branch_dag.py
[2023-12-01T22:27:57.769+0000] {logging_mixin.py:154} INFO - [2023-12-01T22:27:57.769+0000] {dag.py:2941} INFO - Sync 1 DAGs
[2023-12-01T22:27:57.785+0000] {logging_mixin.py:154} INFO - [2023-12-01T22:27:57.785+0000] {dag.py:3722} INFO - Setting next_dagrun for example_nested_branch_dag to 2023-11-30T00:00:00+00:00, run_after=2023-12-01T00:00:00+00:00
[2023-12-01T22:27:57.797+0000] {processor.py:179} INFO - Processing /home/airflow/.local/lib/python3.8/site-packages/airflow/example_dags/example_nested_branch_dag.py took 0.053 seconds
[2023-12-01T22:28:28.028+0000] {processor.py:157} INFO - Started process (PID=822) to work on /home/airflow/.local/lib/python3.8/site-packages/airflow/example_dags/example_nested_branch_dag.py
[2023-12-01T22:28:28.029+0000] {processor.py:829} INFO - Processing file /home/airflow/.local/lib/python3.8/site-packages/airflow/example_dags/example_nested_branch_dag.py for tasks to queue
[2023-12-01T22:28:28.030+0000] {logging_mixin.py:154} INFO - [2023-12-01T22:28:28.030+0000] {dagbag.py:536} INFO - Filling up the DagBag from /home/airflow/.local/lib/python3.8/site-packages/airflow/example_dags/example_nested_branch_dag.py
[2023-12-01T22:28:28.037+0000] {processor.py:839} INFO - DAG(s) dict_keys(['example_nested_branch_dag']) retrieved from /home/airflow/.local/lib/python3.8/site-packages/airflow/example_dags/example_nested_branch_dag.py
[2023-12-01T22:28:28.051+0000] {logging_mixin.py:154} INFO - [2023-12-01T22:28:28.051+0000] {dag.py:2941} INFO - Sync 1 DAGs
[2023-12-01T22:28:28.068+0000] {logging_mixin.py:154} INFO - [2023-12-01T22:28:28.068+0000] {dag.py:3722} INFO - Setting next_dagrun for example_nested_branch_dag to 2023-11-30T00:00:00+00:00, run_after=2023-12-01T00:00:00+00:00
[2023-12-01T22:28:28.081+0000] {processor.py:179} INFO - Processing /home/airflow/.local/lib/python3.8/site-packages/airflow/example_dags/example_nested_branch_dag.py took 0.055 seconds
[2023-12-01T22:28:58.175+0000] {processor.py:157} INFO - Started process (PID=876) to work on /home/airflow/.local/lib/python3.8/site-packages/airflow/example_dags/example_nested_branch_dag.py
[2023-12-01T22:28:58.176+0000] {processor.py:829} INFO - Processing file /home/airflow/.local/lib/python3.8/site-packages/airflow/example_dags/example_nested_branch_dag.py for tasks to queue
[2023-12-01T22:28:58.177+0000] {logging_mixin.py:154} INFO - [2023-12-01T22:28:58.177+0000] {dagbag.py:536} INFO - Filling up the DagBag from /home/airflow/.local/lib/python3.8/site-packages/airflow/example_dags/example_nested_branch_dag.py
[2023-12-01T22:28:58.184+0000] {processor.py:839} INFO - DAG(s) dict_keys(['example_nested_branch_dag']) retrieved from /home/airflow/.local/lib/python3.8/site-packages/airflow/example_dags/example_nested_branch_dag.py
[2023-12-01T22:28:58.199+0000] {logging_mixin.py:154} INFO - [2023-12-01T22:28:58.199+0000] {dag.py:2941} INFO - Sync 1 DAGs
[2023-12-01T22:28:58.214+0000] {logging_mixin.py:154} INFO - [2023-12-01T22:28:58.214+0000] {dag.py:3722} INFO - Setting next_dagrun for example_nested_branch_dag to 2023-11-30T00:00:00+00:00, run_after=2023-12-01T00:00:00+00:00
[2023-12-01T22:28:58.227+0000] {processor.py:179} INFO - Processing /home/airflow/.local/lib/python3.8/site-packages/airflow/example_dags/example_nested_branch_dag.py took 0.054 seconds
[2023-12-01T22:29:28.337+0000] {processor.py:157} INFO - Started process (PID=930) to work on /home/airflow/.local/lib/python3.8/site-packages/airflow/example_dags/example_nested_branch_dag.py
[2023-12-01T22:29:28.338+0000] {processor.py:829} INFO - Processing file /home/airflow/.local/lib/python3.8/site-packages/airflow/example_dags/example_nested_branch_dag.py for tasks to queue
[2023-12-01T22:29:28.339+0000] {logging_mixin.py:154} INFO - [2023-12-01T22:29:28.339+0000] {dagbag.py:536} INFO - Filling up the DagBag from /home/airflow/.local/lib/python3.8/site-packages/airflow/example_dags/example_nested_branch_dag.py
[2023-12-01T22:29:28.346+0000] {processor.py:839} INFO - DAG(s) dict_keys(['example_nested_branch_dag']) retrieved from /home/airflow/.local/lib/python3.8/site-packages/airflow/example_dags/example_nested_branch_dag.py
[2023-12-01T22:29:28.361+0000] {logging_mixin.py:154} INFO - [2023-12-01T22:29:28.360+0000] {dag.py:2941} INFO - Sync 1 DAGs
[2023-12-01T22:29:28.379+0000] {logging_mixin.py:154} INFO - [2023-12-01T22:29:28.379+0000] {dag.py:3722} INFO - Setting next_dagrun for example_nested_branch_dag to 2023-11-30T00:00:00+00:00, run_after=2023-12-01T00:00:00+00:00
[2023-12-01T22:29:28.392+0000] {processor.py:179} INFO - Processing /home/airflow/.local/lib/python3.8/site-packages/airflow/example_dags/example_nested_branch_dag.py took 0.057 seconds
[2023-12-01T22:29:58.470+0000] {processor.py:157} INFO - Started process (PID=984) to work on /home/airflow/.local/lib/python3.8/site-packages/airflow/example_dags/example_nested_branch_dag.py
[2023-12-01T22:29:58.471+0000] {processor.py:829} INFO - Processing file /home/airflow/.local/lib/python3.8/site-packages/airflow/example_dags/example_nested_branch_dag.py for tasks to queue
[2023-12-01T22:29:58.472+0000] {logging_mixin.py:154} INFO - [2023-12-01T22:29:58.472+0000] {dagbag.py:536} INFO - Filling up the DagBag from /home/airflow/.local/lib/python3.8/site-packages/airflow/example_dags/example_nested_branch_dag.py
[2023-12-01T22:29:58.478+0000] {processor.py:839} INFO - DAG(s) dict_keys(['example_nested_branch_dag']) retrieved from /home/airflow/.local/lib/python3.8/site-packages/airflow/example_dags/example_nested_branch_dag.py
[2023-12-01T22:29:58.494+0000] {logging_mixin.py:154} INFO - [2023-12-01T22:29:58.494+0000] {dag.py:2941} INFO - Sync 1 DAGs
[2023-12-01T22:29:58.511+0000] {logging_mixin.py:154} INFO - [2023-12-01T22:29:58.511+0000] {dag.py:3722} INFO - Setting next_dagrun for example_nested_branch_dag to 2023-11-30T00:00:00+00:00, run_after=2023-12-01T00:00:00+00:00
[2023-12-01T22:29:58.524+0000] {processor.py:179} INFO - Processing /home/airflow/.local/lib/python3.8/site-packages/airflow/example_dags/example_nested_branch_dag.py took 0.056 seconds
[2023-12-01T22:30:28.566+0000] {processor.py:157} INFO - Started process (PID=1038) to work on /home/airflow/.local/lib/python3.8/site-packages/airflow/example_dags/example_nested_branch_dag.py
[2023-12-01T22:30:28.567+0000] {processor.py:829} INFO - Processing file /home/airflow/.local/lib/python3.8/site-packages/airflow/example_dags/example_nested_branch_dag.py for tasks to queue
[2023-12-01T22:30:28.569+0000] {logging_mixin.py:154} INFO - [2023-12-01T22:30:28.569+0000] {dagbag.py:536} INFO - Filling up the DagBag from /home/airflow/.local/lib/python3.8/site-packages/airflow/example_dags/example_nested_branch_dag.py
[2023-12-01T22:30:28.575+0000] {processor.py:839} INFO - DAG(s) dict_keys(['example_nested_branch_dag']) retrieved from /home/airflow/.local/lib/python3.8/site-packages/airflow/example_dags/example_nested_branch_dag.py
[2023-12-01T22:30:28.591+0000] {logging_mixin.py:154} INFO - [2023-12-01T22:30:28.591+0000] {dag.py:2941} INFO - Sync 1 DAGs
[2023-12-01T22:30:28.608+0000] {logging_mixin.py:154} INFO - [2023-12-01T22:30:28.608+0000] {dag.py:3722} INFO - Setting next_dagrun for example_nested_branch_dag to 2023-11-30T00:00:00+00:00, run_after=2023-12-01T00:00:00+00:00
[2023-12-01T22:30:28.621+0000] {processor.py:179} INFO - Processing /home/airflow/.local/lib/python3.8/site-packages/airflow/example_dags/example_nested_branch_dag.py took 0.056 seconds
[2023-12-01T22:30:58.741+0000] {processor.py:157} INFO - Started process (PID=1092) to work on /home/airflow/.local/lib/python3.8/site-packages/airflow/example_dags/example_nested_branch_dag.py
[2023-12-01T22:30:58.741+0000] {processor.py:829} INFO - Processing file /home/airflow/.local/lib/python3.8/site-packages/airflow/example_dags/example_nested_branch_dag.py for tasks to queue
[2023-12-01T22:30:58.743+0000] {logging_mixin.py:154} INFO - [2023-12-01T22:30:58.743+0000] {dagbag.py:536} INFO - Filling up the DagBag from /home/airflow/.local/lib/python3.8/site-packages/airflow/example_dags/example_nested_branch_dag.py
[2023-12-01T22:30:58.749+0000] {processor.py:839} INFO - DAG(s) dict_keys(['example_nested_branch_dag']) retrieved from /home/airflow/.local/lib/python3.8/site-packages/airflow/example_dags/example_nested_branch_dag.py
[2023-12-01T22:30:58.764+0000] {logging_mixin.py:154} INFO - [2023-12-01T22:30:58.764+0000] {dag.py:2941} INFO - Sync 1 DAGs
[2023-12-01T22:30:58.782+0000] {logging_mixin.py:154} INFO - [2023-12-01T22:30:58.782+0000] {dag.py:3722} INFO - Setting next_dagrun for example_nested_branch_dag to 2023-11-30T00:00:00+00:00, run_after=2023-12-01T00:00:00+00:00
[2023-12-01T22:30:58.795+0000] {processor.py:179} INFO - Processing /home/airflow/.local/lib/python3.8/site-packages/airflow/example_dags/example_nested_branch_dag.py took 0.056 seconds
[2023-12-01T22:31:28.898+0000] {processor.py:157} INFO - Started process (PID=1146) to work on /home/airflow/.local/lib/python3.8/site-packages/airflow/example_dags/example_nested_branch_dag.py
[2023-12-01T22:31:28.898+0000] {processor.py:829} INFO - Processing file /home/airflow/.local/lib/python3.8/site-packages/airflow/example_dags/example_nested_branch_dag.py for tasks to queue
[2023-12-01T22:31:28.900+0000] {logging_mixin.py:154} INFO - [2023-12-01T22:31:28.900+0000] {dagbag.py:536} INFO - Filling up the DagBag from /home/airflow/.local/lib/python3.8/site-packages/airflow/example_dags/example_nested_branch_dag.py
[2023-12-01T22:31:28.907+0000] {processor.py:839} INFO - DAG(s) dict_keys(['example_nested_branch_dag']) retrieved from /home/airflow/.local/lib/python3.8/site-packages/airflow/example_dags/example_nested_branch_dag.py
[2023-12-01T22:31:28.921+0000] {logging_mixin.py:154} INFO - [2023-12-01T22:31:28.921+0000] {dag.py:2941} INFO - Sync 1 DAGs
[2023-12-01T22:31:28.937+0000] {logging_mixin.py:154} INFO - [2023-12-01T22:31:28.937+0000] {dag.py:3722} INFO - Setting next_dagrun for example_nested_branch_dag to 2023-11-30T00:00:00+00:00, run_after=2023-12-01T00:00:00+00:00
[2023-12-01T22:31:28.949+0000] {processor.py:179} INFO - Processing /home/airflow/.local/lib/python3.8/site-packages/airflow/example_dags/example_nested_branch_dag.py took 0.054 seconds
[2023-12-01T22:31:59.024+0000] {processor.py:157} INFO - Started process (PID=1200) to work on /home/airflow/.local/lib/python3.8/site-packages/airflow/example_dags/example_nested_branch_dag.py
[2023-12-01T22:31:59.025+0000] {processor.py:829} INFO - Processing file /home/airflow/.local/lib/python3.8/site-packages/airflow/example_dags/example_nested_branch_dag.py for tasks to queue
[2023-12-01T22:31:59.026+0000] {logging_mixin.py:154} INFO - [2023-12-01T22:31:59.026+0000] {dagbag.py:536} INFO - Filling up the DagBag from /home/airflow/.local/lib/python3.8/site-packages/airflow/example_dags/example_nested_branch_dag.py
[2023-12-01T22:31:59.033+0000] {processor.py:839} INFO - DAG(s) dict_keys(['example_nested_branch_dag']) retrieved from /home/airflow/.local/lib/python3.8/site-packages/airflow/example_dags/example_nested_branch_dag.py
[2023-12-01T22:31:59.047+0000] {logging_mixin.py:154} INFO - [2023-12-01T22:31:59.047+0000] {dag.py:2941} INFO - Sync 1 DAGs
[2023-12-01T22:31:59.064+0000] {logging_mixin.py:154} INFO - [2023-12-01T22:31:59.064+0000] {dag.py:3722} INFO - Setting next_dagrun for example_nested_branch_dag to 2023-11-30T00:00:00+00:00, run_after=2023-12-01T00:00:00+00:00
[2023-12-01T22:31:59.076+0000] {processor.py:179} INFO - Processing /home/airflow/.local/lib/python3.8/site-packages/airflow/example_dags/example_nested_branch_dag.py took 0.053 seconds
[2023-12-01T22:32:29.168+0000] {processor.py:157} INFO - Started process (PID=1254) to work on /home/airflow/.local/lib/python3.8/site-packages/airflow/example_dags/example_nested_branch_dag.py
[2023-12-01T22:32:29.169+0000] {processor.py:829} INFO - Processing file /home/airflow/.local/lib/python3.8/site-packages/airflow/example_dags/example_nested_branch_dag.py for tasks to queue
[2023-12-01T22:32:29.170+0000] {logging_mixin.py:154} INFO - [2023-12-01T22:32:29.170+0000] {dagbag.py:536} INFO - Filling up the DagBag from /home/airflow/.local/lib/python3.8/site-packages/airflow/example_dags/example_nested_branch_dag.py
[2023-12-01T22:32:29.177+0000] {processor.py:839} INFO - DAG(s) dict_keys(['example_nested_branch_dag']) retrieved from /home/airflow/.local/lib/python3.8/site-packages/airflow/example_dags/example_nested_branch_dag.py
[2023-12-01T22:32:29.192+0000] {logging_mixin.py:154} INFO - [2023-12-01T22:32:29.192+0000] {dag.py:2941} INFO - Sync 1 DAGs
[2023-12-01T22:32:29.209+0000] {logging_mixin.py:154} INFO - [2023-12-01T22:32:29.209+0000] {dag.py:3722} INFO - Setting next_dagrun for example_nested_branch_dag to 2023-11-30T00:00:00+00:00, run_after=2023-12-01T00:00:00+00:00
[2023-12-01T22:32:29.223+0000] {processor.py:179} INFO - Processing /home/airflow/.local/lib/python3.8/site-packages/airflow/example_dags/example_nested_branch_dag.py took 0.058 seconds
[2023-12-01T22:32:59.669+0000] {processor.py:157} INFO - Started process (PID=1308) to work on /home/airflow/.local/lib/python3.8/site-packages/airflow/example_dags/example_nested_branch_dag.py
[2023-12-01T22:32:59.670+0000] {processor.py:829} INFO - Processing file /home/airflow/.local/lib/python3.8/site-packages/airflow/example_dags/example_nested_branch_dag.py for tasks to queue
[2023-12-01T22:32:59.672+0000] {logging_mixin.py:154} INFO - [2023-12-01T22:32:59.672+0000] {dagbag.py:536} INFO - Filling up the DagBag from /home/airflow/.local/lib/python3.8/site-packages/airflow/example_dags/example_nested_branch_dag.py
[2023-12-01T22:32:59.679+0000] {processor.py:839} INFO - DAG(s) dict_keys(['example_nested_branch_dag']) retrieved from /home/airflow/.local/lib/python3.8/site-packages/airflow/example_dags/example_nested_branch_dag.py
[2023-12-01T22:32:59.695+0000] {logging_mixin.py:154} INFO - [2023-12-01T22:32:59.695+0000] {dag.py:2941} INFO - Sync 1 DAGs
[2023-12-01T22:32:59.714+0000] {logging_mixin.py:154} INFO - [2023-12-01T22:32:59.714+0000] {dag.py:3722} INFO - Setting next_dagrun for example_nested_branch_dag to 2023-11-30T00:00:00+00:00, run_after=2023-12-01T00:00:00+00:00
[2023-12-01T22:32:59.729+0000] {processor.py:179} INFO - Processing /home/airflow/.local/lib/python3.8/site-packages/airflow/example_dags/example_nested_branch_dag.py took 0.061 seconds
[2023-12-01T22:33:29.862+0000] {processor.py:157} INFO - Started process (PID=1363) to work on /home/airflow/.local/lib/python3.8/site-packages/airflow/example_dags/example_nested_branch_dag.py
[2023-12-01T22:33:29.862+0000] {processor.py:829} INFO - Processing file /home/airflow/.local/lib/python3.8/site-packages/airflow/example_dags/example_nested_branch_dag.py for tasks to queue
[2023-12-01T22:33:29.864+0000] {logging_mixin.py:154} INFO - [2023-12-01T22:33:29.864+0000] {dagbag.py:536} INFO - Filling up the DagBag from /home/airflow/.local/lib/python3.8/site-packages/airflow/example_dags/example_nested_branch_dag.py
[2023-12-01T22:33:29.872+0000] {processor.py:839} INFO - DAG(s) dict_keys(['example_nested_branch_dag']) retrieved from /home/airflow/.local/lib/python3.8/site-packages/airflow/example_dags/example_nested_branch_dag.py
[2023-12-01T22:33:29.891+0000] {logging_mixin.py:154} INFO - [2023-12-01T22:33:29.891+0000] {dag.py:2941} INFO - Sync 1 DAGs
[2023-12-01T22:33:29.911+0000] {logging_mixin.py:154} INFO - [2023-12-01T22:33:29.911+0000] {dag.py:3722} INFO - Setting next_dagrun for example_nested_branch_dag to 2023-11-30T00:00:00+00:00, run_after=2023-12-01T00:00:00+00:00
[2023-12-01T22:33:29.926+0000] {processor.py:179} INFO - Processing /home/airflow/.local/lib/python3.8/site-packages/airflow/example_dags/example_nested_branch_dag.py took 0.067 seconds
[2023-12-01T22:34:00.138+0000] {processor.py:157} INFO - Started process (PID=1417) to work on /home/airflow/.local/lib/python3.8/site-packages/airflow/example_dags/example_nested_branch_dag.py
[2023-12-01T22:34:00.139+0000] {processor.py:829} INFO - Processing file /home/airflow/.local/lib/python3.8/site-packages/airflow/example_dags/example_nested_branch_dag.py for tasks to queue
[2023-12-01T22:34:00.141+0000] {logging_mixin.py:154} INFO - [2023-12-01T22:34:00.141+0000] {dagbag.py:536} INFO - Filling up the DagBag from /home/airflow/.local/lib/python3.8/site-packages/airflow/example_dags/example_nested_branch_dag.py
[2023-12-01T22:34:00.148+0000] {processor.py:839} INFO - DAG(s) dict_keys(['example_nested_branch_dag']) retrieved from /home/airflow/.local/lib/python3.8/site-packages/airflow/example_dags/example_nested_branch_dag.py
[2023-12-01T22:34:00.165+0000] {logging_mixin.py:154} INFO - [2023-12-01T22:34:00.165+0000] {dag.py:2941} INFO - Sync 1 DAGs
[2023-12-01T22:34:00.187+0000] {logging_mixin.py:154} INFO - [2023-12-01T22:34:00.187+0000] {dag.py:3722} INFO - Setting next_dagrun for example_nested_branch_dag to 2023-11-30T00:00:00+00:00, run_after=2023-12-01T00:00:00+00:00
[2023-12-01T22:34:00.201+0000] {processor.py:179} INFO - Processing /home/airflow/.local/lib/python3.8/site-packages/airflow/example_dags/example_nested_branch_dag.py took 0.065 seconds
[2023-12-01T22:34:30.863+0000] {processor.py:157} INFO - Started process (PID=1471) to work on /home/airflow/.local/lib/python3.8/site-packages/airflow/example_dags/example_nested_branch_dag.py
[2023-12-01T22:34:30.864+0000] {processor.py:829} INFO - Processing file /home/airflow/.local/lib/python3.8/site-packages/airflow/example_dags/example_nested_branch_dag.py for tasks to queue
[2023-12-01T22:34:30.867+0000] {logging_mixin.py:154} INFO - [2023-12-01T22:34:30.866+0000] {dagbag.py:536} INFO - Filling up the DagBag from /home/airflow/.local/lib/python3.8/site-packages/airflow/example_dags/example_nested_branch_dag.py
[2023-12-01T22:34:30.877+0000] {processor.py:839} INFO - DAG(s) dict_keys(['example_nested_branch_dag']) retrieved from /home/airflow/.local/lib/python3.8/site-packages/airflow/example_dags/example_nested_branch_dag.py
[2023-12-01T22:34:30.897+0000] {logging_mixin.py:154} INFO - [2023-12-01T22:34:30.897+0000] {dag.py:2941} INFO - Sync 1 DAGs
[2023-12-01T22:34:30.918+0000] {logging_mixin.py:154} INFO - [2023-12-01T22:34:30.918+0000] {dag.py:3722} INFO - Setting next_dagrun for example_nested_branch_dag to 2023-11-30T00:00:00+00:00, run_after=2023-12-01T00:00:00+00:00
[2023-12-01T22:34:30.935+0000] {processor.py:179} INFO - Processing /home/airflow/.local/lib/python3.8/site-packages/airflow/example_dags/example_nested_branch_dag.py took 0.074 seconds
[2023-12-01T22:35:01.340+0000] {processor.py:157} INFO - Started process (PID=1525) to work on /home/airflow/.local/lib/python3.8/site-packages/airflow/example_dags/example_nested_branch_dag.py
[2023-12-01T22:35:01.341+0000] {processor.py:829} INFO - Processing file /home/airflow/.local/lib/python3.8/site-packages/airflow/example_dags/example_nested_branch_dag.py for tasks to queue
[2023-12-01T22:35:01.342+0000] {logging_mixin.py:154} INFO - [2023-12-01T22:35:01.342+0000] {dagbag.py:536} INFO - Filling up the DagBag from /home/airflow/.local/lib/python3.8/site-packages/airflow/example_dags/example_nested_branch_dag.py
[2023-12-01T22:35:01.350+0000] {processor.py:839} INFO - DAG(s) dict_keys(['example_nested_branch_dag']) retrieved from /home/airflow/.local/lib/python3.8/site-packages/airflow/example_dags/example_nested_branch_dag.py
[2023-12-01T22:35:01.367+0000] {logging_mixin.py:154} INFO - [2023-12-01T22:35:01.367+0000] {dag.py:2941} INFO - Sync 1 DAGs
[2023-12-01T22:35:01.387+0000] {logging_mixin.py:154} INFO - [2023-12-01T22:35:01.387+0000] {dag.py:3722} INFO - Setting next_dagrun for example_nested_branch_dag to 2023-11-30T00:00:00+00:00, run_after=2023-12-01T00:00:00+00:00
[2023-12-01T22:35:01.403+0000] {processor.py:179} INFO - Processing /home/airflow/.local/lib/python3.8/site-packages/airflow/example_dags/example_nested_branch_dag.py took 0.065 seconds
[2023-12-01T22:35:31.707+0000] {processor.py:157} INFO - Started process (PID=1579) to work on /home/airflow/.local/lib/python3.8/site-packages/airflow/example_dags/example_nested_branch_dag.py
[2023-12-01T22:35:31.708+0000] {processor.py:829} INFO - Processing file /home/airflow/.local/lib/python3.8/site-packages/airflow/example_dags/example_nested_branch_dag.py for tasks to queue
[2023-12-01T22:35:31.710+0000] {logging_mixin.py:154} INFO - [2023-12-01T22:35:31.710+0000] {dagbag.py:536} INFO - Filling up the DagBag from /home/airflow/.local/lib/python3.8/site-packages/airflow/example_dags/example_nested_branch_dag.py
[2023-12-01T22:35:31.719+0000] {processor.py:839} INFO - DAG(s) dict_keys(['example_nested_branch_dag']) retrieved from /home/airflow/.local/lib/python3.8/site-packages/airflow/example_dags/example_nested_branch_dag.py
[2023-12-01T22:35:31.737+0000] {logging_mixin.py:154} INFO - [2023-12-01T22:35:31.737+0000] {dag.py:2941} INFO - Sync 1 DAGs
[2023-12-01T22:35:31.755+0000] {logging_mixin.py:154} INFO - [2023-12-01T22:35:31.754+0000] {dag.py:3722} INFO - Setting next_dagrun for example_nested_branch_dag to 2023-11-30T00:00:00+00:00, run_after=2023-12-01T00:00:00+00:00
[2023-12-01T22:35:31.772+0000] {processor.py:179} INFO - Processing /home/airflow/.local/lib/python3.8/site-packages/airflow/example_dags/example_nested_branch_dag.py took 0.068 seconds
[2023-12-01T22:38:29.960+0000] {processor.py:157} INFO - Started process (PID=65) to work on /home/airflow/.local/lib/python3.8/site-packages/airflow/example_dags/example_nested_branch_dag.py
[2023-12-01T22:38:29.961+0000] {processor.py:829} INFO - Processing file /home/airflow/.local/lib/python3.8/site-packages/airflow/example_dags/example_nested_branch_dag.py for tasks to queue
[2023-12-01T22:38:29.965+0000] {logging_mixin.py:154} INFO - [2023-12-01T22:38:29.964+0000] {dagbag.py:536} INFO - Filling up the DagBag from /home/airflow/.local/lib/python3.8/site-packages/airflow/example_dags/example_nested_branch_dag.py
[2023-12-01T22:38:29.983+0000] {processor.py:839} INFO - DAG(s) dict_keys(['example_nested_branch_dag']) retrieved from /home/airflow/.local/lib/python3.8/site-packages/airflow/example_dags/example_nested_branch_dag.py
[2023-12-01T22:38:29.998+0000] {logging_mixin.py:154} INFO - [2023-12-01T22:38:29.997+0000] {dag.py:2941} INFO - Sync 1 DAGs
[2023-12-01T22:38:30.028+0000] {logging_mixin.py:154} INFO - [2023-12-01T22:38:30.027+0000] {dag.py:3722} INFO - Setting next_dagrun for example_nested_branch_dag to 2023-11-30T00:00:00+00:00, run_after=2023-12-01T00:00:00+00:00
[2023-12-01T22:38:30.060+0000] {processor.py:179} INFO - Processing /home/airflow/.local/lib/python3.8/site-packages/airflow/example_dags/example_nested_branch_dag.py took 0.104 seconds
[2023-12-01T22:39:00.623+0000] {processor.py:157} INFO - Started process (PID=119) to work on /home/airflow/.local/lib/python3.8/site-packages/airflow/example_dags/example_nested_branch_dag.py
[2023-12-01T22:39:00.624+0000] {processor.py:829} INFO - Processing file /home/airflow/.local/lib/python3.8/site-packages/airflow/example_dags/example_nested_branch_dag.py for tasks to queue
[2023-12-01T22:39:00.626+0000] {logging_mixin.py:154} INFO - [2023-12-01T22:39:00.625+0000] {dagbag.py:536} INFO - Filling up the DagBag from /home/airflow/.local/lib/python3.8/site-packages/airflow/example_dags/example_nested_branch_dag.py
[2023-12-01T22:39:00.634+0000] {processor.py:839} INFO - DAG(s) dict_keys(['example_nested_branch_dag']) retrieved from /home/airflow/.local/lib/python3.8/site-packages/airflow/example_dags/example_nested_branch_dag.py
[2023-12-01T22:39:00.652+0000] {logging_mixin.py:154} INFO - [2023-12-01T22:39:00.652+0000] {dag.py:2941} INFO - Sync 1 DAGs
[2023-12-01T22:39:00.673+0000] {logging_mixin.py:154} INFO - [2023-12-01T22:39:00.673+0000] {dag.py:3722} INFO - Setting next_dagrun for example_nested_branch_dag to 2023-11-30T00:00:00+00:00, run_after=2023-12-01T00:00:00+00:00
[2023-12-01T22:39:00.691+0000] {processor.py:179} INFO - Processing /home/airflow/.local/lib/python3.8/site-packages/airflow/example_dags/example_nested_branch_dag.py took 0.070 seconds
[2023-12-01T22:39:31.185+0000] {processor.py:157} INFO - Started process (PID=173) to work on /home/airflow/.local/lib/python3.8/site-packages/airflow/example_dags/example_nested_branch_dag.py
[2023-12-01T22:39:31.186+0000] {processor.py:829} INFO - Processing file /home/airflow/.local/lib/python3.8/site-packages/airflow/example_dags/example_nested_branch_dag.py for tasks to queue
[2023-12-01T22:39:31.188+0000] {logging_mixin.py:154} INFO - [2023-12-01T22:39:31.187+0000] {dagbag.py:536} INFO - Filling up the DagBag from /home/airflow/.local/lib/python3.8/site-packages/airflow/example_dags/example_nested_branch_dag.py
[2023-12-01T22:39:31.195+0000] {processor.py:839} INFO - DAG(s) dict_keys(['example_nested_branch_dag']) retrieved from /home/airflow/.local/lib/python3.8/site-packages/airflow/example_dags/example_nested_branch_dag.py
[2023-12-01T22:39:31.215+0000] {logging_mixin.py:154} INFO - [2023-12-01T22:39:31.215+0000] {dag.py:2941} INFO - Sync 1 DAGs
[2023-12-01T22:39:31.245+0000] {logging_mixin.py:154} INFO - [2023-12-01T22:39:31.245+0000] {dag.py:3722} INFO - Setting next_dagrun for example_nested_branch_dag to 2023-11-30T00:00:00+00:00, run_after=2023-12-01T00:00:00+00:00
[2023-12-01T22:39:31.267+0000] {processor.py:179} INFO - Processing /home/airflow/.local/lib/python3.8/site-packages/airflow/example_dags/example_nested_branch_dag.py took 0.084 seconds
[2023-12-01T22:40:01.650+0000] {processor.py:157} INFO - Started process (PID=227) to work on /home/airflow/.local/lib/python3.8/site-packages/airflow/example_dags/example_nested_branch_dag.py
[2023-12-01T22:40:01.651+0000] {processor.py:829} INFO - Processing file /home/airflow/.local/lib/python3.8/site-packages/airflow/example_dags/example_nested_branch_dag.py for tasks to queue
[2023-12-01T22:40:01.653+0000] {logging_mixin.py:154} INFO - [2023-12-01T22:40:01.652+0000] {dagbag.py:536} INFO - Filling up the DagBag from /home/airflow/.local/lib/python3.8/site-packages/airflow/example_dags/example_nested_branch_dag.py
[2023-12-01T22:40:01.661+0000] {processor.py:839} INFO - DAG(s) dict_keys(['example_nested_branch_dag']) retrieved from /home/airflow/.local/lib/python3.8/site-packages/airflow/example_dags/example_nested_branch_dag.py
[2023-12-01T22:40:01.680+0000] {logging_mixin.py:154} INFO - [2023-12-01T22:40:01.679+0000] {dag.py:2941} INFO - Sync 1 DAGs
[2023-12-01T22:40:01.704+0000] {logging_mixin.py:154} INFO - [2023-12-01T22:40:01.704+0000] {dag.py:3722} INFO - Setting next_dagrun for example_nested_branch_dag to 2023-11-30T00:00:00+00:00, run_after=2023-12-01T00:00:00+00:00
[2023-12-01T22:40:01.722+0000] {processor.py:179} INFO - Processing /home/airflow/.local/lib/python3.8/site-packages/airflow/example_dags/example_nested_branch_dag.py took 0.075 seconds
[2023-12-01T22:40:32.203+0000] {processor.py:157} INFO - Started process (PID=281) to work on /home/airflow/.local/lib/python3.8/site-packages/airflow/example_dags/example_nested_branch_dag.py
[2023-12-01T22:40:32.204+0000] {processor.py:829} INFO - Processing file /home/airflow/.local/lib/python3.8/site-packages/airflow/example_dags/example_nested_branch_dag.py for tasks to queue
[2023-12-01T22:40:32.207+0000] {logging_mixin.py:154} INFO - [2023-12-01T22:40:32.207+0000] {dagbag.py:536} INFO - Filling up the DagBag from /home/airflow/.local/lib/python3.8/site-packages/airflow/example_dags/example_nested_branch_dag.py
[2023-12-01T22:40:32.216+0000] {processor.py:839} INFO - DAG(s) dict_keys(['example_nested_branch_dag']) retrieved from /home/airflow/.local/lib/python3.8/site-packages/airflow/example_dags/example_nested_branch_dag.py
[2023-12-01T22:40:32.235+0000] {logging_mixin.py:154} INFO - [2023-12-01T22:40:32.235+0000] {dag.py:2941} INFO - Sync 1 DAGs
[2023-12-01T22:40:32.255+0000] {logging_mixin.py:154} INFO - [2023-12-01T22:40:32.255+0000] {dag.py:3722} INFO - Setting next_dagrun for example_nested_branch_dag to 2023-11-30T00:00:00+00:00, run_after=2023-12-01T00:00:00+00:00
[2023-12-01T22:40:32.271+0000] {processor.py:179} INFO - Processing /home/airflow/.local/lib/python3.8/site-packages/airflow/example_dags/example_nested_branch_dag.py took 0.069 seconds
[2023-12-01T22:41:02.613+0000] {processor.py:157} INFO - Started process (PID=335) to work on /home/airflow/.local/lib/python3.8/site-packages/airflow/example_dags/example_nested_branch_dag.py
[2023-12-01T22:41:02.614+0000] {processor.py:829} INFO - Processing file /home/airflow/.local/lib/python3.8/site-packages/airflow/example_dags/example_nested_branch_dag.py for tasks to queue
[2023-12-01T22:41:02.616+0000] {logging_mixin.py:154} INFO - [2023-12-01T22:41:02.616+0000] {dagbag.py:536} INFO - Filling up the DagBag from /home/airflow/.local/lib/python3.8/site-packages/airflow/example_dags/example_nested_branch_dag.py
[2023-12-01T22:41:02.625+0000] {processor.py:839} INFO - DAG(s) dict_keys(['example_nested_branch_dag']) retrieved from /home/airflow/.local/lib/python3.8/site-packages/airflow/example_dags/example_nested_branch_dag.py
[2023-12-01T22:41:02.645+0000] {logging_mixin.py:154} INFO - [2023-12-01T22:41:02.645+0000] {dag.py:2941} INFO - Sync 1 DAGs
[2023-12-01T22:41:02.665+0000] {logging_mixin.py:154} INFO - [2023-12-01T22:41:02.665+0000] {dag.py:3722} INFO - Setting next_dagrun for example_nested_branch_dag to 2023-11-30T00:00:00+00:00, run_after=2023-12-01T00:00:00+00:00
[2023-12-01T22:41:02.696+0000] {processor.py:179} INFO - Processing /home/airflow/.local/lib/python3.8/site-packages/airflow/example_dags/example_nested_branch_dag.py took 0.085 seconds
