[2023-12-01T22:13:42.270+0000] {processor.py:157} INFO - Started process (PID=63) to work on /home/airflow/.local/lib/python3.8/site-packages/airflow/example_dags/example_sla_dag.py
[2023-12-01T22:13:42.271+0000] {processor.py:829} INFO - Processing file /home/airflow/.local/lib/python3.8/site-packages/airflow/example_dags/example_sla_dag.py for tasks to queue
[2023-12-01T22:13:42.272+0000] {logging_mixin.py:154} INFO - [2023-12-01T22:13:42.272+0000] {dagbag.py:536} INFO - Filling up the DagBag from /home/airflow/.local/lib/python3.8/site-packages/airflow/example_dags/example_sla_dag.py
[2023-12-01T22:13:42.280+0000] {processor.py:839} INFO - DAG(s) dict_keys(['example_sla_dag']) retrieved from /home/airflow/.local/lib/python3.8/site-packages/airflow/example_dags/example_sla_dag.py
[2023-12-01T22:13:42.296+0000] {logging_mixin.py:154} INFO - [2023-12-01T22:13:42.296+0000] {dag.py:2941} INFO - Sync 1 DAGs
[2023-12-01T22:13:42.320+0000] {logging_mixin.py:154} INFO - [2023-12-01T22:13:42.320+0000] {dag.py:3722} INFO - Setting next_dagrun for example_sla_dag to 2023-12-01T22:10:00+00:00, run_after=2023-12-01T22:12:00+00:00
[2023-12-01T22:13:42.337+0000] {processor.py:179} INFO - Processing /home/airflow/.local/lib/python3.8/site-packages/airflow/example_dags/example_sla_dag.py took 0.070 seconds
[2023-12-01T22:19:41.585+0000] {processor.py:157} INFO - Started process (PID=61) to work on /home/airflow/.local/lib/python3.8/site-packages/airflow/example_dags/example_sla_dag.py
[2023-12-01T22:19:41.586+0000] {processor.py:829} INFO - Processing file /home/airflow/.local/lib/python3.8/site-packages/airflow/example_dags/example_sla_dag.py for tasks to queue
[2023-12-01T22:19:41.587+0000] {logging_mixin.py:154} INFO - [2023-12-01T22:19:41.587+0000] {dagbag.py:536} INFO - Filling up the DagBag from /home/airflow/.local/lib/python3.8/site-packages/airflow/example_dags/example_sla_dag.py
[2023-12-01T22:19:41.596+0000] {processor.py:839} INFO - DAG(s) dict_keys(['example_sla_dag']) retrieved from /home/airflow/.local/lib/python3.8/site-packages/airflow/example_dags/example_sla_dag.py
[2023-12-01T22:19:41.614+0000] {logging_mixin.py:154} INFO - [2023-12-01T22:19:41.614+0000] {dag.py:2941} INFO - Sync 1 DAGs
[2023-12-01T22:19:41.643+0000] {logging_mixin.py:154} INFO - [2023-12-01T22:19:41.642+0000] {dag.py:3722} INFO - Setting next_dagrun for example_sla_dag to 2023-12-01T22:16:00+00:00, run_after=2023-12-01T22:18:00+00:00
[2023-12-01T22:19:41.663+0000] {processor.py:179} INFO - Processing /home/airflow/.local/lib/python3.8/site-packages/airflow/example_dags/example_sla_dag.py took 0.081 seconds
[2023-12-01T22:21:22.697+0000] {processor.py:157} INFO - Started process (PID=62) to work on /home/airflow/.local/lib/python3.8/site-packages/airflow/example_dags/example_sla_dag.py
[2023-12-01T22:21:22.698+0000] {processor.py:829} INFO - Processing file /home/airflow/.local/lib/python3.8/site-packages/airflow/example_dags/example_sla_dag.py for tasks to queue
[2023-12-01T22:21:22.700+0000] {logging_mixin.py:154} INFO - [2023-12-01T22:21:22.700+0000] {dagbag.py:536} INFO - Filling up the DagBag from /home/airflow/.local/lib/python3.8/site-packages/airflow/example_dags/example_sla_dag.py
[2023-12-01T22:21:22.709+0000] {processor.py:839} INFO - DAG(s) dict_keys(['example_sla_dag']) retrieved from /home/airflow/.local/lib/python3.8/site-packages/airflow/example_dags/example_sla_dag.py
[2023-12-01T22:21:22.719+0000] {logging_mixin.py:154} INFO - [2023-12-01T22:21:22.719+0000] {dag.py:2941} INFO - Sync 1 DAGs
[2023-12-01T22:21:22.742+0000] {logging_mixin.py:154} INFO - [2023-12-01T22:21:22.742+0000] {dag.py:3722} INFO - Setting next_dagrun for example_sla_dag to 2023-12-01T22:18:00+00:00, run_after=2023-12-01T22:20:00+00:00
[2023-12-01T22:21:22.757+0000] {processor.py:179} INFO - Processing /home/airflow/.local/lib/python3.8/site-packages/airflow/example_dags/example_sla_dag.py took 0.062 seconds
[2023-12-01T22:21:53.012+0000] {processor.py:157} INFO - Started process (PID=117) to work on /home/airflow/.local/lib/python3.8/site-packages/airflow/example_dags/example_sla_dag.py
[2023-12-01T22:21:53.014+0000] {processor.py:829} INFO - Processing file /home/airflow/.local/lib/python3.8/site-packages/airflow/example_dags/example_sla_dag.py for tasks to queue
[2023-12-01T22:21:53.017+0000] {logging_mixin.py:154} INFO - [2023-12-01T22:21:53.017+0000] {dagbag.py:536} INFO - Filling up the DagBag from /home/airflow/.local/lib/python3.8/site-packages/airflow/example_dags/example_sla_dag.py
[2023-12-01T22:21:53.030+0000] {processor.py:839} INFO - DAG(s) dict_keys(['example_sla_dag']) retrieved from /home/airflow/.local/lib/python3.8/site-packages/airflow/example_dags/example_sla_dag.py
[2023-12-01T22:21:53.077+0000] {logging_mixin.py:154} INFO - [2023-12-01T22:21:53.076+0000] {dag.py:2941} INFO - Sync 1 DAGs
[2023-12-01T22:21:53.121+0000] {logging_mixin.py:154} INFO - [2023-12-01T22:21:53.120+0000] {dag.py:3722} INFO - Setting next_dagrun for example_sla_dag to 2023-12-01T22:18:00+00:00, run_after=2023-12-01T22:20:00+00:00
[2023-12-01T22:21:53.143+0000] {processor.py:179} INFO - Processing /home/airflow/.local/lib/python3.8/site-packages/airflow/example_dags/example_sla_dag.py took 0.134 seconds
[2023-12-01T22:22:23.248+0000] {processor.py:157} INFO - Started process (PID=171) to work on /home/airflow/.local/lib/python3.8/site-packages/airflow/example_dags/example_sla_dag.py
[2023-12-01T22:22:23.249+0000] {processor.py:829} INFO - Processing file /home/airflow/.local/lib/python3.8/site-packages/airflow/example_dags/example_sla_dag.py for tasks to queue
[2023-12-01T22:22:23.250+0000] {logging_mixin.py:154} INFO - [2023-12-01T22:22:23.250+0000] {dagbag.py:536} INFO - Filling up the DagBag from /home/airflow/.local/lib/python3.8/site-packages/airflow/example_dags/example_sla_dag.py
[2023-12-01T22:22:23.256+0000] {processor.py:839} INFO - DAG(s) dict_keys(['example_sla_dag']) retrieved from /home/airflow/.local/lib/python3.8/site-packages/airflow/example_dags/example_sla_dag.py
[2023-12-01T22:22:23.271+0000] {logging_mixin.py:154} INFO - [2023-12-01T22:22:23.271+0000] {dag.py:2941} INFO - Sync 1 DAGs
[2023-12-01T22:22:23.298+0000] {logging_mixin.py:154} INFO - [2023-12-01T22:22:23.298+0000] {dag.py:3722} INFO - Setting next_dagrun for example_sla_dag to 2023-12-01T22:20:00+00:00, run_after=2023-12-01T22:22:00+00:00
[2023-12-01T22:22:23.315+0000] {processor.py:179} INFO - Processing /home/airflow/.local/lib/python3.8/site-packages/airflow/example_dags/example_sla_dag.py took 0.069 seconds
[2023-12-01T22:22:53.506+0000] {processor.py:157} INFO - Started process (PID=225) to work on /home/airflow/.local/lib/python3.8/site-packages/airflow/example_dags/example_sla_dag.py
[2023-12-01T22:22:53.507+0000] {processor.py:829} INFO - Processing file /home/airflow/.local/lib/python3.8/site-packages/airflow/example_dags/example_sla_dag.py for tasks to queue
[2023-12-01T22:22:53.509+0000] {logging_mixin.py:154} INFO - [2023-12-01T22:22:53.508+0000] {dagbag.py:536} INFO - Filling up the DagBag from /home/airflow/.local/lib/python3.8/site-packages/airflow/example_dags/example_sla_dag.py
[2023-12-01T22:22:53.515+0000] {processor.py:839} INFO - DAG(s) dict_keys(['example_sla_dag']) retrieved from /home/airflow/.local/lib/python3.8/site-packages/airflow/example_dags/example_sla_dag.py
[2023-12-01T22:22:53.530+0000] {logging_mixin.py:154} INFO - [2023-12-01T22:22:53.530+0000] {dag.py:2941} INFO - Sync 1 DAGs
[2023-12-01T22:22:53.552+0000] {logging_mixin.py:154} INFO - [2023-12-01T22:22:53.552+0000] {dag.py:3722} INFO - Setting next_dagrun for example_sla_dag to 2023-12-01T22:20:00+00:00, run_after=2023-12-01T22:22:00+00:00
[2023-12-01T22:22:53.565+0000] {processor.py:179} INFO - Processing /home/airflow/.local/lib/python3.8/site-packages/airflow/example_dags/example_sla_dag.py took 0.061 seconds
[2023-12-01T22:23:23.701+0000] {processor.py:157} INFO - Started process (PID=279) to work on /home/airflow/.local/lib/python3.8/site-packages/airflow/example_dags/example_sla_dag.py
[2023-12-01T22:23:23.701+0000] {processor.py:829} INFO - Processing file /home/airflow/.local/lib/python3.8/site-packages/airflow/example_dags/example_sla_dag.py for tasks to queue
[2023-12-01T22:23:23.703+0000] {logging_mixin.py:154} INFO - [2023-12-01T22:23:23.703+0000] {dagbag.py:536} INFO - Filling up the DagBag from /home/airflow/.local/lib/python3.8/site-packages/airflow/example_dags/example_sla_dag.py
[2023-12-01T22:23:23.708+0000] {processor.py:839} INFO - DAG(s) dict_keys(['example_sla_dag']) retrieved from /home/airflow/.local/lib/python3.8/site-packages/airflow/example_dags/example_sla_dag.py
[2023-12-01T22:23:23.721+0000] {logging_mixin.py:154} INFO - [2023-12-01T22:23:23.721+0000] {dag.py:2941} INFO - Sync 1 DAGs
[2023-12-01T22:23:23.739+0000] {logging_mixin.py:154} INFO - [2023-12-01T22:23:23.739+0000] {dag.py:3722} INFO - Setting next_dagrun for example_sla_dag to 2023-12-01T22:20:00+00:00, run_after=2023-12-01T22:22:00+00:00
[2023-12-01T22:23:23.752+0000] {processor.py:179} INFO - Processing /home/airflow/.local/lib/python3.8/site-packages/airflow/example_dags/example_sla_dag.py took 0.053 seconds
[2023-12-01T22:23:53.895+0000] {processor.py:157} INFO - Started process (PID=333) to work on /home/airflow/.local/lib/python3.8/site-packages/airflow/example_dags/example_sla_dag.py
[2023-12-01T22:23:53.896+0000] {processor.py:829} INFO - Processing file /home/airflow/.local/lib/python3.8/site-packages/airflow/example_dags/example_sla_dag.py for tasks to queue
[2023-12-01T22:23:53.897+0000] {logging_mixin.py:154} INFO - [2023-12-01T22:23:53.897+0000] {dagbag.py:536} INFO - Filling up the DagBag from /home/airflow/.local/lib/python3.8/site-packages/airflow/example_dags/example_sla_dag.py
[2023-12-01T22:23:53.903+0000] {processor.py:839} INFO - DAG(s) dict_keys(['example_sla_dag']) retrieved from /home/airflow/.local/lib/python3.8/site-packages/airflow/example_dags/example_sla_dag.py
[2023-12-01T22:23:53.916+0000] {logging_mixin.py:154} INFO - [2023-12-01T22:23:53.916+0000] {dag.py:2941} INFO - Sync 1 DAGs
[2023-12-01T22:23:53.935+0000] {logging_mixin.py:154} INFO - [2023-12-01T22:23:53.935+0000] {dag.py:3722} INFO - Setting next_dagrun for example_sla_dag to 2023-12-01T22:20:00+00:00, run_after=2023-12-01T22:22:00+00:00
[2023-12-01T22:23:53.948+0000] {processor.py:179} INFO - Processing /home/airflow/.local/lib/python3.8/site-packages/airflow/example_dags/example_sla_dag.py took 0.056 seconds
[2023-12-01T22:24:24.169+0000] {processor.py:157} INFO - Started process (PID=387) to work on /home/airflow/.local/lib/python3.8/site-packages/airflow/example_dags/example_sla_dag.py
[2023-12-01T22:24:24.170+0000] {processor.py:829} INFO - Processing file /home/airflow/.local/lib/python3.8/site-packages/airflow/example_dags/example_sla_dag.py for tasks to queue
[2023-12-01T22:24:24.172+0000] {logging_mixin.py:154} INFO - [2023-12-01T22:24:24.172+0000] {dagbag.py:536} INFO - Filling up the DagBag from /home/airflow/.local/lib/python3.8/site-packages/airflow/example_dags/example_sla_dag.py
[2023-12-01T22:24:24.180+0000] {processor.py:839} INFO - DAG(s) dict_keys(['example_sla_dag']) retrieved from /home/airflow/.local/lib/python3.8/site-packages/airflow/example_dags/example_sla_dag.py
[2023-12-01T22:24:24.193+0000] {logging_mixin.py:154} INFO - [2023-12-01T22:24:24.193+0000] {dag.py:2941} INFO - Sync 1 DAGs
[2023-12-01T22:24:24.215+0000] {logging_mixin.py:154} INFO - [2023-12-01T22:24:24.215+0000] {dag.py:3722} INFO - Setting next_dagrun for example_sla_dag to 2023-12-01T22:22:00+00:00, run_after=2023-12-01T22:24:00+00:00
[2023-12-01T22:24:24.228+0000] {processor.py:179} INFO - Processing /home/airflow/.local/lib/python3.8/site-packages/airflow/example_dags/example_sla_dag.py took 0.061 seconds
[2023-12-01T22:24:55.230+0000] {processor.py:157} INFO - Started process (PID=441) to work on /home/airflow/.local/lib/python3.8/site-packages/airflow/example_dags/example_sla_dag.py
[2023-12-01T22:24:55.231+0000] {processor.py:829} INFO - Processing file /home/airflow/.local/lib/python3.8/site-packages/airflow/example_dags/example_sla_dag.py for tasks to queue
[2023-12-01T22:24:55.232+0000] {logging_mixin.py:154} INFO - [2023-12-01T22:24:55.232+0000] {dagbag.py:536} INFO - Filling up the DagBag from /home/airflow/.local/lib/python3.8/site-packages/airflow/example_dags/example_sla_dag.py
[2023-12-01T22:24:55.238+0000] {processor.py:839} INFO - DAG(s) dict_keys(['example_sla_dag']) retrieved from /home/airflow/.local/lib/python3.8/site-packages/airflow/example_dags/example_sla_dag.py
[2023-12-01T22:24:55.254+0000] {logging_mixin.py:154} INFO - [2023-12-01T22:24:55.254+0000] {dag.py:2941} INFO - Sync 1 DAGs
[2023-12-01T22:24:55.275+0000] {logging_mixin.py:154} INFO - [2023-12-01T22:24:55.275+0000] {dag.py:3722} INFO - Setting next_dagrun for example_sla_dag to 2023-12-01T22:22:00+00:00, run_after=2023-12-01T22:24:00+00:00
[2023-12-01T22:24:55.289+0000] {processor.py:179} INFO - Processing /home/airflow/.local/lib/python3.8/site-packages/airflow/example_dags/example_sla_dag.py took 0.061 seconds
[2023-12-01T22:25:25.438+0000] {processor.py:157} INFO - Started process (PID=495) to work on /home/airflow/.local/lib/python3.8/site-packages/airflow/example_dags/example_sla_dag.py
[2023-12-01T22:25:25.439+0000] {processor.py:829} INFO - Processing file /home/airflow/.local/lib/python3.8/site-packages/airflow/example_dags/example_sla_dag.py for tasks to queue
[2023-12-01T22:25:25.440+0000] {logging_mixin.py:154} INFO - [2023-12-01T22:25:25.440+0000] {dagbag.py:536} INFO - Filling up the DagBag from /home/airflow/.local/lib/python3.8/site-packages/airflow/example_dags/example_sla_dag.py
[2023-12-01T22:25:25.446+0000] {processor.py:839} INFO - DAG(s) dict_keys(['example_sla_dag']) retrieved from /home/airflow/.local/lib/python3.8/site-packages/airflow/example_dags/example_sla_dag.py
[2023-12-01T22:25:25.459+0000] {logging_mixin.py:154} INFO - [2023-12-01T22:25:25.458+0000] {dag.py:2941} INFO - Sync 1 DAGs
[2023-12-01T22:25:25.477+0000] {logging_mixin.py:154} INFO - [2023-12-01T22:25:25.477+0000] {dag.py:3722} INFO - Setting next_dagrun for example_sla_dag to 2023-12-01T22:22:00+00:00, run_after=2023-12-01T22:24:00+00:00
[2023-12-01T22:25:25.491+0000] {processor.py:179} INFO - Processing /home/airflow/.local/lib/python3.8/site-packages/airflow/example_dags/example_sla_dag.py took 0.056 seconds
[2023-12-01T22:25:56.315+0000] {processor.py:157} INFO - Started process (PID=549) to work on /home/airflow/.local/lib/python3.8/site-packages/airflow/example_dags/example_sla_dag.py
[2023-12-01T22:25:56.316+0000] {processor.py:829} INFO - Processing file /home/airflow/.local/lib/python3.8/site-packages/airflow/example_dags/example_sla_dag.py for tasks to queue
[2023-12-01T22:25:56.317+0000] {logging_mixin.py:154} INFO - [2023-12-01T22:25:56.317+0000] {dagbag.py:536} INFO - Filling up the DagBag from /home/airflow/.local/lib/python3.8/site-packages/airflow/example_dags/example_sla_dag.py
[2023-12-01T22:25:56.322+0000] {processor.py:839} INFO - DAG(s) dict_keys(['example_sla_dag']) retrieved from /home/airflow/.local/lib/python3.8/site-packages/airflow/example_dags/example_sla_dag.py
[2023-12-01T22:25:56.336+0000] {logging_mixin.py:154} INFO - [2023-12-01T22:25:56.335+0000] {dag.py:2941} INFO - Sync 1 DAGs
[2023-12-01T22:25:56.353+0000] {logging_mixin.py:154} INFO - [2023-12-01T22:25:56.353+0000] {dag.py:3722} INFO - Setting next_dagrun for example_sla_dag to 2023-12-01T22:22:00+00:00, run_after=2023-12-01T22:24:00+00:00
[2023-12-01T22:25:56.367+0000] {processor.py:179} INFO - Processing /home/airflow/.local/lib/python3.8/site-packages/airflow/example_dags/example_sla_dag.py took 0.054 seconds
[2023-12-01T22:26:26.406+0000] {processor.py:157} INFO - Started process (PID=603) to work on /home/airflow/.local/lib/python3.8/site-packages/airflow/example_dags/example_sla_dag.py
[2023-12-01T22:26:26.406+0000] {processor.py:829} INFO - Processing file /home/airflow/.local/lib/python3.8/site-packages/airflow/example_dags/example_sla_dag.py for tasks to queue
[2023-12-01T22:26:26.408+0000] {logging_mixin.py:154} INFO - [2023-12-01T22:26:26.408+0000] {dagbag.py:536} INFO - Filling up the DagBag from /home/airflow/.local/lib/python3.8/site-packages/airflow/example_dags/example_sla_dag.py
[2023-12-01T22:26:26.413+0000] {processor.py:839} INFO - DAG(s) dict_keys(['example_sla_dag']) retrieved from /home/airflow/.local/lib/python3.8/site-packages/airflow/example_dags/example_sla_dag.py
[2023-12-01T22:26:26.426+0000] {logging_mixin.py:154} INFO - [2023-12-01T22:26:26.426+0000] {dag.py:2941} INFO - Sync 1 DAGs
[2023-12-01T22:26:26.444+0000] {logging_mixin.py:154} INFO - [2023-12-01T22:26:26.444+0000] {dag.py:3722} INFO - Setting next_dagrun for example_sla_dag to 2023-12-01T22:24:00+00:00, run_after=2023-12-01T22:26:00+00:00
[2023-12-01T22:26:26.458+0000] {processor.py:179} INFO - Processing /home/airflow/.local/lib/python3.8/site-packages/airflow/example_dags/example_sla_dag.py took 0.055 seconds
[2023-12-01T22:26:56.533+0000] {processor.py:157} INFO - Started process (PID=657) to work on /home/airflow/.local/lib/python3.8/site-packages/airflow/example_dags/example_sla_dag.py
[2023-12-01T22:26:56.534+0000] {processor.py:829} INFO - Processing file /home/airflow/.local/lib/python3.8/site-packages/airflow/example_dags/example_sla_dag.py for tasks to queue
[2023-12-01T22:26:56.535+0000] {logging_mixin.py:154} INFO - [2023-12-01T22:26:56.535+0000] {dagbag.py:536} INFO - Filling up the DagBag from /home/airflow/.local/lib/python3.8/site-packages/airflow/example_dags/example_sla_dag.py
[2023-12-01T22:26:56.541+0000] {processor.py:839} INFO - DAG(s) dict_keys(['example_sla_dag']) retrieved from /home/airflow/.local/lib/python3.8/site-packages/airflow/example_dags/example_sla_dag.py
[2023-12-01T22:26:56.555+0000] {logging_mixin.py:154} INFO - [2023-12-01T22:26:56.555+0000] {dag.py:2941} INFO - Sync 1 DAGs
[2023-12-01T22:26:56.575+0000] {logging_mixin.py:154} INFO - [2023-12-01T22:26:56.575+0000] {dag.py:3722} INFO - Setting next_dagrun for example_sla_dag to 2023-12-01T22:24:00+00:00, run_after=2023-12-01T22:26:00+00:00
[2023-12-01T22:26:56.588+0000] {processor.py:179} INFO - Processing /home/airflow/.local/lib/python3.8/site-packages/airflow/example_dags/example_sla_dag.py took 0.057 seconds
[2023-12-01T22:27:26.753+0000] {processor.py:157} INFO - Started process (PID=711) to work on /home/airflow/.local/lib/python3.8/site-packages/airflow/example_dags/example_sla_dag.py
[2023-12-01T22:27:26.754+0000] {processor.py:829} INFO - Processing file /home/airflow/.local/lib/python3.8/site-packages/airflow/example_dags/example_sla_dag.py for tasks to queue
[2023-12-01T22:27:26.755+0000] {logging_mixin.py:154} INFO - [2023-12-01T22:27:26.755+0000] {dagbag.py:536} INFO - Filling up the DagBag from /home/airflow/.local/lib/python3.8/site-packages/airflow/example_dags/example_sla_dag.py
[2023-12-01T22:27:26.761+0000] {processor.py:839} INFO - DAG(s) dict_keys(['example_sla_dag']) retrieved from /home/airflow/.local/lib/python3.8/site-packages/airflow/example_dags/example_sla_dag.py
[2023-12-01T22:27:26.774+0000] {logging_mixin.py:154} INFO - [2023-12-01T22:27:26.774+0000] {dag.py:2941} INFO - Sync 1 DAGs
[2023-12-01T22:27:26.792+0000] {logging_mixin.py:154} INFO - [2023-12-01T22:27:26.792+0000] {dag.py:3722} INFO - Setting next_dagrun for example_sla_dag to 2023-12-01T22:24:00+00:00, run_after=2023-12-01T22:26:00+00:00
[2023-12-01T22:27:26.808+0000] {processor.py:179} INFO - Processing /home/airflow/.local/lib/python3.8/site-packages/airflow/example_dags/example_sla_dag.py took 0.056 seconds
[2023-12-01T22:27:57.600+0000] {processor.py:157} INFO - Started process (PID=765) to work on /home/airflow/.local/lib/python3.8/site-packages/airflow/example_dags/example_sla_dag.py
[2023-12-01T22:27:57.601+0000] {processor.py:829} INFO - Processing file /home/airflow/.local/lib/python3.8/site-packages/airflow/example_dags/example_sla_dag.py for tasks to queue
[2023-12-01T22:27:57.602+0000] {logging_mixin.py:154} INFO - [2023-12-01T22:27:57.602+0000] {dagbag.py:536} INFO - Filling up the DagBag from /home/airflow/.local/lib/python3.8/site-packages/airflow/example_dags/example_sla_dag.py
[2023-12-01T22:27:57.608+0000] {processor.py:839} INFO - DAG(s) dict_keys(['example_sla_dag']) retrieved from /home/airflow/.local/lib/python3.8/site-packages/airflow/example_dags/example_sla_dag.py
[2023-12-01T22:27:57.621+0000] {logging_mixin.py:154} INFO - [2023-12-01T22:27:57.621+0000] {dag.py:2941} INFO - Sync 1 DAGs
[2023-12-01T22:27:57.640+0000] {logging_mixin.py:154} INFO - [2023-12-01T22:27:57.640+0000] {dag.py:3722} INFO - Setting next_dagrun for example_sla_dag to 2023-12-01T22:24:00+00:00, run_after=2023-12-01T22:26:00+00:00
[2023-12-01T22:27:57.654+0000] {processor.py:179} INFO - Processing /home/airflow/.local/lib/python3.8/site-packages/airflow/example_dags/example_sla_dag.py took 0.056 seconds
[2023-12-01T22:28:27.884+0000] {processor.py:157} INFO - Started process (PID=819) to work on /home/airflow/.local/lib/python3.8/site-packages/airflow/example_dags/example_sla_dag.py
[2023-12-01T22:28:27.885+0000] {processor.py:829} INFO - Processing file /home/airflow/.local/lib/python3.8/site-packages/airflow/example_dags/example_sla_dag.py for tasks to queue
[2023-12-01T22:28:27.886+0000] {logging_mixin.py:154} INFO - [2023-12-01T22:28:27.886+0000] {dagbag.py:536} INFO - Filling up the DagBag from /home/airflow/.local/lib/python3.8/site-packages/airflow/example_dags/example_sla_dag.py
[2023-12-01T22:28:27.891+0000] {processor.py:839} INFO - DAG(s) dict_keys(['example_sla_dag']) retrieved from /home/airflow/.local/lib/python3.8/site-packages/airflow/example_dags/example_sla_dag.py
[2023-12-01T22:28:27.904+0000] {logging_mixin.py:154} INFO - [2023-12-01T22:28:27.904+0000] {dag.py:2941} INFO - Sync 1 DAGs
[2023-12-01T22:28:27.923+0000] {logging_mixin.py:154} INFO - [2023-12-01T22:28:27.922+0000] {dag.py:3722} INFO - Setting next_dagrun for example_sla_dag to 2023-12-01T22:26:00+00:00, run_after=2023-12-01T22:28:00+00:00
[2023-12-01T22:28:27.936+0000] {processor.py:179} INFO - Processing /home/airflow/.local/lib/python3.8/site-packages/airflow/example_dags/example_sla_dag.py took 0.054 seconds
[2023-12-01T22:28:58.021+0000] {processor.py:157} INFO - Started process (PID=873) to work on /home/airflow/.local/lib/python3.8/site-packages/airflow/example_dags/example_sla_dag.py
[2023-12-01T22:28:58.022+0000] {processor.py:829} INFO - Processing file /home/airflow/.local/lib/python3.8/site-packages/airflow/example_dags/example_sla_dag.py for tasks to queue
[2023-12-01T22:28:58.023+0000] {logging_mixin.py:154} INFO - [2023-12-01T22:28:58.023+0000] {dagbag.py:536} INFO - Filling up the DagBag from /home/airflow/.local/lib/python3.8/site-packages/airflow/example_dags/example_sla_dag.py
[2023-12-01T22:28:58.029+0000] {processor.py:839} INFO - DAG(s) dict_keys(['example_sla_dag']) retrieved from /home/airflow/.local/lib/python3.8/site-packages/airflow/example_dags/example_sla_dag.py
[2023-12-01T22:28:58.045+0000] {logging_mixin.py:154} INFO - [2023-12-01T22:28:58.045+0000] {dag.py:2941} INFO - Sync 1 DAGs
[2023-12-01T22:28:58.067+0000] {logging_mixin.py:154} INFO - [2023-12-01T22:28:58.066+0000] {dag.py:3722} INFO - Setting next_dagrun for example_sla_dag to 2023-12-01T22:26:00+00:00, run_after=2023-12-01T22:28:00+00:00
[2023-12-01T22:28:58.081+0000] {processor.py:179} INFO - Processing /home/airflow/.local/lib/python3.8/site-packages/airflow/example_dags/example_sla_dag.py took 0.063 seconds
[2023-12-01T22:29:28.243+0000] {processor.py:157} INFO - Started process (PID=927) to work on /home/airflow/.local/lib/python3.8/site-packages/airflow/example_dags/example_sla_dag.py
[2023-12-01T22:29:28.244+0000] {processor.py:829} INFO - Processing file /home/airflow/.local/lib/python3.8/site-packages/airflow/example_dags/example_sla_dag.py for tasks to queue
[2023-12-01T22:29:28.246+0000] {logging_mixin.py:154} INFO - [2023-12-01T22:29:28.246+0000] {dagbag.py:536} INFO - Filling up the DagBag from /home/airflow/.local/lib/python3.8/site-packages/airflow/example_dags/example_sla_dag.py
[2023-12-01T22:29:28.251+0000] {processor.py:839} INFO - DAG(s) dict_keys(['example_sla_dag']) retrieved from /home/airflow/.local/lib/python3.8/site-packages/airflow/example_dags/example_sla_dag.py
[2023-12-01T22:29:28.265+0000] {logging_mixin.py:154} INFO - [2023-12-01T22:29:28.264+0000] {dag.py:2941} INFO - Sync 1 DAGs
[2023-12-01T22:29:28.283+0000] {logging_mixin.py:154} INFO - [2023-12-01T22:29:28.283+0000] {dag.py:3722} INFO - Setting next_dagrun for example_sla_dag to 2023-12-01T22:26:00+00:00, run_after=2023-12-01T22:28:00+00:00
[2023-12-01T22:29:28.295+0000] {processor.py:179} INFO - Processing /home/airflow/.local/lib/python3.8/site-packages/airflow/example_dags/example_sla_dag.py took 0.054 seconds
[2023-12-01T22:29:58.330+0000] {processor.py:157} INFO - Started process (PID=981) to work on /home/airflow/.local/lib/python3.8/site-packages/airflow/example_dags/example_sla_dag.py
[2023-12-01T22:29:58.331+0000] {processor.py:829} INFO - Processing file /home/airflow/.local/lib/python3.8/site-packages/airflow/example_dags/example_sla_dag.py for tasks to queue
[2023-12-01T22:29:58.332+0000] {logging_mixin.py:154} INFO - [2023-12-01T22:29:58.332+0000] {dagbag.py:536} INFO - Filling up the DagBag from /home/airflow/.local/lib/python3.8/site-packages/airflow/example_dags/example_sla_dag.py
[2023-12-01T22:29:58.338+0000] {processor.py:839} INFO - DAG(s) dict_keys(['example_sla_dag']) retrieved from /home/airflow/.local/lib/python3.8/site-packages/airflow/example_dags/example_sla_dag.py
[2023-12-01T22:29:58.351+0000] {logging_mixin.py:154} INFO - [2023-12-01T22:29:58.351+0000] {dag.py:2941} INFO - Sync 1 DAGs
[2023-12-01T22:29:58.368+0000] {logging_mixin.py:154} INFO - [2023-12-01T22:29:58.368+0000] {dag.py:3722} INFO - Setting next_dagrun for example_sla_dag to 2023-12-01T22:26:00+00:00, run_after=2023-12-01T22:28:00+00:00
[2023-12-01T22:29:58.381+0000] {processor.py:179} INFO - Processing /home/airflow/.local/lib/python3.8/site-packages/airflow/example_dags/example_sla_dag.py took 0.053 seconds
[2023-12-01T22:30:28.427+0000] {processor.py:157} INFO - Started process (PID=1035) to work on /home/airflow/.local/lib/python3.8/site-packages/airflow/example_dags/example_sla_dag.py
[2023-12-01T22:30:28.428+0000] {processor.py:829} INFO - Processing file /home/airflow/.local/lib/python3.8/site-packages/airflow/example_dags/example_sla_dag.py for tasks to queue
[2023-12-01T22:30:28.430+0000] {logging_mixin.py:154} INFO - [2023-12-01T22:30:28.430+0000] {dagbag.py:536} INFO - Filling up the DagBag from /home/airflow/.local/lib/python3.8/site-packages/airflow/example_dags/example_sla_dag.py
[2023-12-01T22:30:28.435+0000] {processor.py:839} INFO - DAG(s) dict_keys(['example_sla_dag']) retrieved from /home/airflow/.local/lib/python3.8/site-packages/airflow/example_dags/example_sla_dag.py
[2023-12-01T22:30:28.448+0000] {logging_mixin.py:154} INFO - [2023-12-01T22:30:28.448+0000] {dag.py:2941} INFO - Sync 1 DAGs
[2023-12-01T22:30:28.466+0000] {logging_mixin.py:154} INFO - [2023-12-01T22:30:28.465+0000] {dag.py:3722} INFO - Setting next_dagrun for example_sla_dag to 2023-12-01T22:28:00+00:00, run_after=2023-12-01T22:30:00+00:00
[2023-12-01T22:30:28.477+0000] {processor.py:179} INFO - Processing /home/airflow/.local/lib/python3.8/site-packages/airflow/example_dags/example_sla_dag.py took 0.052 seconds
[2023-12-01T22:30:58.639+0000] {processor.py:157} INFO - Started process (PID=1089) to work on /home/airflow/.local/lib/python3.8/site-packages/airflow/example_dags/example_sla_dag.py
[2023-12-01T22:30:58.639+0000] {processor.py:829} INFO - Processing file /home/airflow/.local/lib/python3.8/site-packages/airflow/example_dags/example_sla_dag.py for tasks to queue
[2023-12-01T22:30:58.641+0000] {logging_mixin.py:154} INFO - [2023-12-01T22:30:58.641+0000] {dagbag.py:536} INFO - Filling up the DagBag from /home/airflow/.local/lib/python3.8/site-packages/airflow/example_dags/example_sla_dag.py
[2023-12-01T22:30:58.647+0000] {processor.py:839} INFO - DAG(s) dict_keys(['example_sla_dag']) retrieved from /home/airflow/.local/lib/python3.8/site-packages/airflow/example_dags/example_sla_dag.py
[2023-12-01T22:30:58.660+0000] {logging_mixin.py:154} INFO - [2023-12-01T22:30:58.660+0000] {dag.py:2941} INFO - Sync 1 DAGs
[2023-12-01T22:30:58.678+0000] {logging_mixin.py:154} INFO - [2023-12-01T22:30:58.678+0000] {dag.py:3722} INFO - Setting next_dagrun for example_sla_dag to 2023-12-01T22:28:00+00:00, run_after=2023-12-01T22:30:00+00:00
[2023-12-01T22:30:58.690+0000] {processor.py:179} INFO - Processing /home/airflow/.local/lib/python3.8/site-packages/airflow/example_dags/example_sla_dag.py took 0.053 seconds
[2023-12-01T22:31:28.753+0000] {processor.py:157} INFO - Started process (PID=1143) to work on /home/airflow/.local/lib/python3.8/site-packages/airflow/example_dags/example_sla_dag.py
[2023-12-01T22:31:28.754+0000] {processor.py:829} INFO - Processing file /home/airflow/.local/lib/python3.8/site-packages/airflow/example_dags/example_sla_dag.py for tasks to queue
[2023-12-01T22:31:28.756+0000] {logging_mixin.py:154} INFO - [2023-12-01T22:31:28.755+0000] {dagbag.py:536} INFO - Filling up the DagBag from /home/airflow/.local/lib/python3.8/site-packages/airflow/example_dags/example_sla_dag.py
[2023-12-01T22:31:28.761+0000] {processor.py:839} INFO - DAG(s) dict_keys(['example_sla_dag']) retrieved from /home/airflow/.local/lib/python3.8/site-packages/airflow/example_dags/example_sla_dag.py
[2023-12-01T22:31:28.774+0000] {logging_mixin.py:154} INFO - [2023-12-01T22:31:28.774+0000] {dag.py:2941} INFO - Sync 1 DAGs
[2023-12-01T22:31:28.793+0000] {logging_mixin.py:154} INFO - [2023-12-01T22:31:28.793+0000] {dag.py:3722} INFO - Setting next_dagrun for example_sla_dag to 2023-12-01T22:28:00+00:00, run_after=2023-12-01T22:30:00+00:00
[2023-12-01T22:31:28.807+0000] {processor.py:179} INFO - Processing /home/airflow/.local/lib/python3.8/site-packages/airflow/example_dags/example_sla_dag.py took 0.056 seconds
[2023-12-01T22:31:58.886+0000] {processor.py:157} INFO - Started process (PID=1197) to work on /home/airflow/.local/lib/python3.8/site-packages/airflow/example_dags/example_sla_dag.py
[2023-12-01T22:31:58.887+0000] {processor.py:829} INFO - Processing file /home/airflow/.local/lib/python3.8/site-packages/airflow/example_dags/example_sla_dag.py for tasks to queue
[2023-12-01T22:31:58.888+0000] {logging_mixin.py:154} INFO - [2023-12-01T22:31:58.888+0000] {dagbag.py:536} INFO - Filling up the DagBag from /home/airflow/.local/lib/python3.8/site-packages/airflow/example_dags/example_sla_dag.py
[2023-12-01T22:31:58.894+0000] {processor.py:839} INFO - DAG(s) dict_keys(['example_sla_dag']) retrieved from /home/airflow/.local/lib/python3.8/site-packages/airflow/example_dags/example_sla_dag.py
[2023-12-01T22:31:58.906+0000] {logging_mixin.py:154} INFO - [2023-12-01T22:31:58.906+0000] {dag.py:2941} INFO - Sync 1 DAGs
[2023-12-01T22:31:58.924+0000] {logging_mixin.py:154} INFO - [2023-12-01T22:31:58.924+0000] {dag.py:3722} INFO - Setting next_dagrun for example_sla_dag to 2023-12-01T22:28:00+00:00, run_after=2023-12-01T22:30:00+00:00
[2023-12-01T22:31:58.939+0000] {processor.py:179} INFO - Processing /home/airflow/.local/lib/python3.8/site-packages/airflow/example_dags/example_sla_dag.py took 0.055 seconds
[2023-12-01T22:32:29.018+0000] {processor.py:157} INFO - Started process (PID=1251) to work on /home/airflow/.local/lib/python3.8/site-packages/airflow/example_dags/example_sla_dag.py
[2023-12-01T22:32:29.019+0000] {processor.py:829} INFO - Processing file /home/airflow/.local/lib/python3.8/site-packages/airflow/example_dags/example_sla_dag.py for tasks to queue
[2023-12-01T22:32:29.020+0000] {logging_mixin.py:154} INFO - [2023-12-01T22:32:29.020+0000] {dagbag.py:536} INFO - Filling up the DagBag from /home/airflow/.local/lib/python3.8/site-packages/airflow/example_dags/example_sla_dag.py
[2023-12-01T22:32:29.026+0000] {processor.py:839} INFO - DAG(s) dict_keys(['example_sla_dag']) retrieved from /home/airflow/.local/lib/python3.8/site-packages/airflow/example_dags/example_sla_dag.py
[2023-12-01T22:32:29.039+0000] {logging_mixin.py:154} INFO - [2023-12-01T22:32:29.039+0000] {dag.py:2941} INFO - Sync 1 DAGs
[2023-12-01T22:32:29.056+0000] {logging_mixin.py:154} INFO - [2023-12-01T22:32:29.056+0000] {dag.py:3722} INFO - Setting next_dagrun for example_sla_dag to 2023-12-01T22:30:00+00:00, run_after=2023-12-01T22:32:00+00:00
[2023-12-01T22:32:29.071+0000] {processor.py:179} INFO - Processing /home/airflow/.local/lib/python3.8/site-packages/airflow/example_dags/example_sla_dag.py took 0.055 seconds
[2023-12-01T22:32:59.522+0000] {processor.py:157} INFO - Started process (PID=1305) to work on /home/airflow/.local/lib/python3.8/site-packages/airflow/example_dags/example_sla_dag.py
[2023-12-01T22:32:59.523+0000] {processor.py:829} INFO - Processing file /home/airflow/.local/lib/python3.8/site-packages/airflow/example_dags/example_sla_dag.py for tasks to queue
[2023-12-01T22:32:59.525+0000] {logging_mixin.py:154} INFO - [2023-12-01T22:32:59.524+0000] {dagbag.py:536} INFO - Filling up the DagBag from /home/airflow/.local/lib/python3.8/site-packages/airflow/example_dags/example_sla_dag.py
[2023-12-01T22:32:59.530+0000] {processor.py:839} INFO - DAG(s) dict_keys(['example_sla_dag']) retrieved from /home/airflow/.local/lib/python3.8/site-packages/airflow/example_dags/example_sla_dag.py
[2023-12-01T22:32:59.543+0000] {logging_mixin.py:154} INFO - [2023-12-01T22:32:59.543+0000] {dag.py:2941} INFO - Sync 1 DAGs
[2023-12-01T22:32:59.562+0000] {logging_mixin.py:154} INFO - [2023-12-01T22:32:59.562+0000] {dag.py:3722} INFO - Setting next_dagrun for example_sla_dag to 2023-12-01T22:30:00+00:00, run_after=2023-12-01T22:32:00+00:00
[2023-12-01T22:32:59.576+0000] {processor.py:179} INFO - Processing /home/airflow/.local/lib/python3.8/site-packages/airflow/example_dags/example_sla_dag.py took 0.056 seconds
[2023-12-01T22:33:29.701+0000] {processor.py:157} INFO - Started process (PID=1360) to work on /home/airflow/.local/lib/python3.8/site-packages/airflow/example_dags/example_sla_dag.py
[2023-12-01T22:33:29.702+0000] {processor.py:829} INFO - Processing file /home/airflow/.local/lib/python3.8/site-packages/airflow/example_dags/example_sla_dag.py for tasks to queue
[2023-12-01T22:33:29.704+0000] {logging_mixin.py:154} INFO - [2023-12-01T22:33:29.703+0000] {dagbag.py:536} INFO - Filling up the DagBag from /home/airflow/.local/lib/python3.8/site-packages/airflow/example_dags/example_sla_dag.py
[2023-12-01T22:33:29.709+0000] {processor.py:839} INFO - DAG(s) dict_keys(['example_sla_dag']) retrieved from /home/airflow/.local/lib/python3.8/site-packages/airflow/example_dags/example_sla_dag.py
[2023-12-01T22:33:29.723+0000] {logging_mixin.py:154} INFO - [2023-12-01T22:33:29.723+0000] {dag.py:2941} INFO - Sync 1 DAGs
[2023-12-01T22:33:29.744+0000] {logging_mixin.py:154} INFO - [2023-12-01T22:33:29.743+0000] {dag.py:3722} INFO - Setting next_dagrun for example_sla_dag to 2023-12-01T22:30:00+00:00, run_after=2023-12-01T22:32:00+00:00
[2023-12-01T22:33:29.760+0000] {processor.py:179} INFO - Processing /home/airflow/.local/lib/python3.8/site-packages/airflow/example_dags/example_sla_dag.py took 0.062 seconds
[2023-12-01T22:33:59.985+0000] {processor.py:157} INFO - Started process (PID=1414) to work on /home/airflow/.local/lib/python3.8/site-packages/airflow/example_dags/example_sla_dag.py
[2023-12-01T22:33:59.986+0000] {processor.py:829} INFO - Processing file /home/airflow/.local/lib/python3.8/site-packages/airflow/example_dags/example_sla_dag.py for tasks to queue
[2023-12-01T22:33:59.987+0000] {logging_mixin.py:154} INFO - [2023-12-01T22:33:59.987+0000] {dagbag.py:536} INFO - Filling up the DagBag from /home/airflow/.local/lib/python3.8/site-packages/airflow/example_dags/example_sla_dag.py
[2023-12-01T22:33:59.994+0000] {processor.py:839} INFO - DAG(s) dict_keys(['example_sla_dag']) retrieved from /home/airflow/.local/lib/python3.8/site-packages/airflow/example_dags/example_sla_dag.py
[2023-12-01T22:34:00.011+0000] {logging_mixin.py:154} INFO - [2023-12-01T22:34:00.010+0000] {dag.py:2941} INFO - Sync 1 DAGs
[2023-12-01T22:34:00.035+0000] {logging_mixin.py:154} INFO - [2023-12-01T22:34:00.035+0000] {dag.py:3722} INFO - Setting next_dagrun for example_sla_dag to 2023-12-01T22:32:00+00:00, run_after=2023-12-01T22:34:00+00:00
[2023-12-01T22:34:00.051+0000] {processor.py:179} INFO - Processing /home/airflow/.local/lib/python3.8/site-packages/airflow/example_dags/example_sla_dag.py took 0.068 seconds
[2023-12-01T22:34:30.690+0000] {processor.py:157} INFO - Started process (PID=1468) to work on /home/airflow/.local/lib/python3.8/site-packages/airflow/example_dags/example_sla_dag.py
[2023-12-01T22:34:30.690+0000] {processor.py:829} INFO - Processing file /home/airflow/.local/lib/python3.8/site-packages/airflow/example_dags/example_sla_dag.py for tasks to queue
[2023-12-01T22:34:30.692+0000] {logging_mixin.py:154} INFO - [2023-12-01T22:34:30.692+0000] {dagbag.py:536} INFO - Filling up the DagBag from /home/airflow/.local/lib/python3.8/site-packages/airflow/example_dags/example_sla_dag.py
[2023-12-01T22:34:30.698+0000] {processor.py:839} INFO - DAG(s) dict_keys(['example_sla_dag']) retrieved from /home/airflow/.local/lib/python3.8/site-packages/airflow/example_dags/example_sla_dag.py
[2023-12-01T22:34:30.713+0000] {logging_mixin.py:154} INFO - [2023-12-01T22:34:30.713+0000] {dag.py:2941} INFO - Sync 1 DAGs
[2023-12-01T22:34:30.737+0000] {logging_mixin.py:154} INFO - [2023-12-01T22:34:30.737+0000] {dag.py:3722} INFO - Setting next_dagrun for example_sla_dag to 2023-12-01T22:32:00+00:00, run_after=2023-12-01T22:34:00+00:00
[2023-12-01T22:34:30.753+0000] {processor.py:179} INFO - Processing /home/airflow/.local/lib/python3.8/site-packages/airflow/example_dags/example_sla_dag.py took 0.066 seconds
[2023-12-01T22:35:01.146+0000] {processor.py:157} INFO - Started process (PID=1522) to work on /home/airflow/.local/lib/python3.8/site-packages/airflow/example_dags/example_sla_dag.py
[2023-12-01T22:35:01.147+0000] {processor.py:829} INFO - Processing file /home/airflow/.local/lib/python3.8/site-packages/airflow/example_dags/example_sla_dag.py for tasks to queue
[2023-12-01T22:35:01.149+0000] {logging_mixin.py:154} INFO - [2023-12-01T22:35:01.149+0000] {dagbag.py:536} INFO - Filling up the DagBag from /home/airflow/.local/lib/python3.8/site-packages/airflow/example_dags/example_sla_dag.py
[2023-12-01T22:35:01.156+0000] {processor.py:839} INFO - DAG(s) dict_keys(['example_sla_dag']) retrieved from /home/airflow/.local/lib/python3.8/site-packages/airflow/example_dags/example_sla_dag.py
[2023-12-01T22:35:01.175+0000] {logging_mixin.py:154} INFO - [2023-12-01T22:35:01.175+0000] {dag.py:2941} INFO - Sync 1 DAGs
[2023-12-01T22:35:01.200+0000] {logging_mixin.py:154} INFO - [2023-12-01T22:35:01.200+0000] {dag.py:3722} INFO - Setting next_dagrun for example_sla_dag to 2023-12-01T22:32:00+00:00, run_after=2023-12-01T22:34:00+00:00
[2023-12-01T22:35:01.218+0000] {processor.py:179} INFO - Processing /home/airflow/.local/lib/python3.8/site-packages/airflow/example_dags/example_sla_dag.py took 0.074 seconds
[2023-12-01T22:35:31.554+0000] {processor.py:157} INFO - Started process (PID=1576) to work on /home/airflow/.local/lib/python3.8/site-packages/airflow/example_dags/example_sla_dag.py
[2023-12-01T22:35:31.556+0000] {processor.py:829} INFO - Processing file /home/airflow/.local/lib/python3.8/site-packages/airflow/example_dags/example_sla_dag.py for tasks to queue
[2023-12-01T22:35:31.558+0000] {logging_mixin.py:154} INFO - [2023-12-01T22:35:31.557+0000] {dagbag.py:536} INFO - Filling up the DagBag from /home/airflow/.local/lib/python3.8/site-packages/airflow/example_dags/example_sla_dag.py
[2023-12-01T22:35:31.565+0000] {processor.py:839} INFO - DAG(s) dict_keys(['example_sla_dag']) retrieved from /home/airflow/.local/lib/python3.8/site-packages/airflow/example_dags/example_sla_dag.py
[2023-12-01T22:35:31.582+0000] {logging_mixin.py:154} INFO - [2023-12-01T22:35:31.581+0000] {dag.py:2941} INFO - Sync 1 DAGs
[2023-12-01T22:35:31.605+0000] {logging_mixin.py:154} INFO - [2023-12-01T22:35:31.604+0000] {dag.py:3722} INFO - Setting next_dagrun for example_sla_dag to 2023-12-01T22:32:00+00:00, run_after=2023-12-01T22:34:00+00:00
[2023-12-01T22:35:31.619+0000] {processor.py:179} INFO - Processing /home/airflow/.local/lib/python3.8/site-packages/airflow/example_dags/example_sla_dag.py took 0.068 seconds
[2023-12-01T22:38:29.783+0000] {processor.py:157} INFO - Started process (PID=62) to work on /home/airflow/.local/lib/python3.8/site-packages/airflow/example_dags/example_sla_dag.py
[2023-12-01T22:38:29.785+0000] {processor.py:829} INFO - Processing file /home/airflow/.local/lib/python3.8/site-packages/airflow/example_dags/example_sla_dag.py for tasks to queue
[2023-12-01T22:38:29.789+0000] {logging_mixin.py:154} INFO - [2023-12-01T22:38:29.789+0000] {dagbag.py:536} INFO - Filling up the DagBag from /home/airflow/.local/lib/python3.8/site-packages/airflow/example_dags/example_sla_dag.py
[2023-12-01T22:38:29.805+0000] {processor.py:839} INFO - DAG(s) dict_keys(['example_sla_dag']) retrieved from /home/airflow/.local/lib/python3.8/site-packages/airflow/example_dags/example_sla_dag.py
[2023-12-01T22:38:29.819+0000] {logging_mixin.py:154} INFO - [2023-12-01T22:38:29.819+0000] {dag.py:2941} INFO - Sync 1 DAGs
[2023-12-01T22:38:29.872+0000] {logging_mixin.py:154} INFO - [2023-12-01T22:38:29.872+0000] {dag.py:3722} INFO - Setting next_dagrun for example_sla_dag to 2023-12-01T22:36:00+00:00, run_after=2023-12-01T22:38:00+00:00
[2023-12-01T22:38:29.898+0000] {processor.py:179} INFO - Processing /home/airflow/.local/lib/python3.8/site-packages/airflow/example_dags/example_sla_dag.py took 0.119 seconds
[2023-12-01T22:39:00.473+0000] {processor.py:157} INFO - Started process (PID=116) to work on /home/airflow/.local/lib/python3.8/site-packages/airflow/example_dags/example_sla_dag.py
[2023-12-01T22:39:00.474+0000] {processor.py:829} INFO - Processing file /home/airflow/.local/lib/python3.8/site-packages/airflow/example_dags/example_sla_dag.py for tasks to queue
[2023-12-01T22:39:00.475+0000] {logging_mixin.py:154} INFO - [2023-12-01T22:39:00.475+0000] {dagbag.py:536} INFO - Filling up the DagBag from /home/airflow/.local/lib/python3.8/site-packages/airflow/example_dags/example_sla_dag.py
[2023-12-01T22:39:00.482+0000] {processor.py:839} INFO - DAG(s) dict_keys(['example_sla_dag']) retrieved from /home/airflow/.local/lib/python3.8/site-packages/airflow/example_dags/example_sla_dag.py
[2023-12-01T22:39:00.497+0000] {logging_mixin.py:154} INFO - [2023-12-01T22:39:00.497+0000] {dag.py:2941} INFO - Sync 1 DAGs
[2023-12-01T22:39:00.521+0000] {logging_mixin.py:154} INFO - [2023-12-01T22:39:00.520+0000] {dag.py:3722} INFO - Setting next_dagrun for example_sla_dag to 2023-12-01T22:36:00+00:00, run_after=2023-12-01T22:38:00+00:00
[2023-12-01T22:39:00.535+0000] {processor.py:179} INFO - Processing /home/airflow/.local/lib/python3.8/site-packages/airflow/example_dags/example_sla_dag.py took 0.065 seconds
[2023-12-01T22:39:31.010+0000] {processor.py:157} INFO - Started process (PID=170) to work on /home/airflow/.local/lib/python3.8/site-packages/airflow/example_dags/example_sla_dag.py
[2023-12-01T22:39:31.011+0000] {processor.py:829} INFO - Processing file /home/airflow/.local/lib/python3.8/site-packages/airflow/example_dags/example_sla_dag.py for tasks to queue
[2023-12-01T22:39:31.013+0000] {logging_mixin.py:154} INFO - [2023-12-01T22:39:31.013+0000] {dagbag.py:536} INFO - Filling up the DagBag from /home/airflow/.local/lib/python3.8/site-packages/airflow/example_dags/example_sla_dag.py
[2023-12-01T22:39:31.028+0000] {processor.py:839} INFO - DAG(s) dict_keys(['example_sla_dag']) retrieved from /home/airflow/.local/lib/python3.8/site-packages/airflow/example_dags/example_sla_dag.py
[2023-12-01T22:39:31.045+0000] {logging_mixin.py:154} INFO - [2023-12-01T22:39:31.045+0000] {dag.py:2941} INFO - Sync 1 DAGs
[2023-12-01T22:39:31.068+0000] {logging_mixin.py:154} INFO - [2023-12-01T22:39:31.068+0000] {dag.py:3722} INFO - Setting next_dagrun for example_sla_dag to 2023-12-01T22:36:00+00:00, run_after=2023-12-01T22:38:00+00:00
[2023-12-01T22:39:31.086+0000] {processor.py:179} INFO - Processing /home/airflow/.local/lib/python3.8/site-packages/airflow/example_dags/example_sla_dag.py took 0.077 seconds
[2023-12-01T22:40:01.501+0000] {processor.py:157} INFO - Started process (PID=224) to work on /home/airflow/.local/lib/python3.8/site-packages/airflow/example_dags/example_sla_dag.py
[2023-12-01T22:40:01.502+0000] {processor.py:829} INFO - Processing file /home/airflow/.local/lib/python3.8/site-packages/airflow/example_dags/example_sla_dag.py for tasks to queue
[2023-12-01T22:40:01.504+0000] {logging_mixin.py:154} INFO - [2023-12-01T22:40:01.503+0000] {dagbag.py:536} INFO - Filling up the DagBag from /home/airflow/.local/lib/python3.8/site-packages/airflow/example_dags/example_sla_dag.py
[2023-12-01T22:40:01.509+0000] {processor.py:839} INFO - DAG(s) dict_keys(['example_sla_dag']) retrieved from /home/airflow/.local/lib/python3.8/site-packages/airflow/example_dags/example_sla_dag.py
[2023-12-01T22:40:01.525+0000] {logging_mixin.py:154} INFO - [2023-12-01T22:40:01.525+0000] {dag.py:2941} INFO - Sync 1 DAGs
[2023-12-01T22:40:01.553+0000] {logging_mixin.py:154} INFO - [2023-12-01T22:40:01.553+0000] {dag.py:3722} INFO - Setting next_dagrun for example_sla_dag to 2023-12-01T22:38:00+00:00, run_after=2023-12-01T22:40:00+00:00
[2023-12-01T22:40:01.568+0000] {processor.py:179} INFO - Processing /home/airflow/.local/lib/python3.8/site-packages/airflow/example_dags/example_sla_dag.py took 0.069 seconds
[2023-12-01T22:40:32.073+0000] {processor.py:157} INFO - Started process (PID=278) to work on /home/airflow/.local/lib/python3.8/site-packages/airflow/example_dags/example_sla_dag.py
[2023-12-01T22:40:32.074+0000] {processor.py:829} INFO - Processing file /home/airflow/.local/lib/python3.8/site-packages/airflow/example_dags/example_sla_dag.py for tasks to queue
[2023-12-01T22:40:32.077+0000] {logging_mixin.py:154} INFO - [2023-12-01T22:40:32.077+0000] {dagbag.py:536} INFO - Filling up the DagBag from /home/airflow/.local/lib/python3.8/site-packages/airflow/example_dags/example_sla_dag.py
[2023-12-01T22:40:32.086+0000] {processor.py:839} INFO - DAG(s) dict_keys(['example_sla_dag']) retrieved from /home/airflow/.local/lib/python3.8/site-packages/airflow/example_dags/example_sla_dag.py
[2023-12-01T22:40:32.103+0000] {logging_mixin.py:154} INFO - [2023-12-01T22:40:32.103+0000] {dag.py:2941} INFO - Sync 1 DAGs
[2023-12-01T22:40:32.128+0000] {logging_mixin.py:154} INFO - [2023-12-01T22:40:32.128+0000] {dag.py:3722} INFO - Setting next_dagrun for example_sla_dag to 2023-12-01T22:38:00+00:00, run_after=2023-12-01T22:40:00+00:00
[2023-12-01T22:40:32.143+0000] {processor.py:179} INFO - Processing /home/airflow/.local/lib/python3.8/site-packages/airflow/example_dags/example_sla_dag.py took 0.072 seconds
[2023-12-01T22:41:02.477+0000] {processor.py:157} INFO - Started process (PID=332) to work on /home/airflow/.local/lib/python3.8/site-packages/airflow/example_dags/example_sla_dag.py
[2023-12-01T22:41:02.477+0000] {processor.py:829} INFO - Processing file /home/airflow/.local/lib/python3.8/site-packages/airflow/example_dags/example_sla_dag.py for tasks to queue
[2023-12-01T22:41:02.479+0000] {logging_mixin.py:154} INFO - [2023-12-01T22:41:02.479+0000] {dagbag.py:536} INFO - Filling up the DagBag from /home/airflow/.local/lib/python3.8/site-packages/airflow/example_dags/example_sla_dag.py
[2023-12-01T22:41:02.486+0000] {processor.py:839} INFO - DAG(s) dict_keys(['example_sla_dag']) retrieved from /home/airflow/.local/lib/python3.8/site-packages/airflow/example_dags/example_sla_dag.py
[2023-12-01T22:41:02.501+0000] {logging_mixin.py:154} INFO - [2023-12-01T22:41:02.500+0000] {dag.py:2941} INFO - Sync 1 DAGs
[2023-12-01T22:41:02.522+0000] {logging_mixin.py:154} INFO - [2023-12-01T22:41:02.522+0000] {dag.py:3722} INFO - Setting next_dagrun for example_sla_dag to 2023-12-01T22:38:00+00:00, run_after=2023-12-01T22:40:00+00:00
[2023-12-01T22:41:02.535+0000] {processor.py:179} INFO - Processing /home/airflow/.local/lib/python3.8/site-packages/airflow/example_dags/example_sla_dag.py took 0.062 seconds
