[2023-12-01T22:13:42.565+0000] {processor.py:157} INFO - Started process (PID=69) to work on /home/airflow/.local/lib/python3.8/site-packages/airflow/example_dags/example_latest_only_with_trigger.py
[2023-12-01T22:13:42.566+0000] {processor.py:829} INFO - Processing file /home/airflow/.local/lib/python3.8/site-packages/airflow/example_dags/example_latest_only_with_trigger.py for tasks to queue
[2023-12-01T22:13:42.568+0000] {logging_mixin.py:154} INFO - [2023-12-01T22:13:42.567+0000] {dagbag.py:536} INFO - Filling up the DagBag from /home/airflow/.local/lib/python3.8/site-packages/airflow/example_dags/example_latest_only_with_trigger.py
[2023-12-01T22:13:42.575+0000] {processor.py:839} INFO - DAG(s) dict_keys(['latest_only_with_trigger']) retrieved from /home/airflow/.local/lib/python3.8/site-packages/airflow/example_dags/example_latest_only_with_trigger.py
[2023-12-01T22:13:42.596+0000] {logging_mixin.py:154} INFO - [2023-12-01T22:13:42.596+0000] {dag.py:2941} INFO - Sync 1 DAGs
[2023-12-01T22:13:42.634+0000] {logging_mixin.py:154} INFO - [2023-12-01T22:13:42.634+0000] {dag.py:3722} INFO - Setting next_dagrun for latest_only_with_trigger to 2023-12-01T18:13:42.634189+00:00, run_after=2023-12-01T22:13:42.634189+00:00
[2023-12-01T22:13:42.660+0000] {processor.py:179} INFO - Processing /home/airflow/.local/lib/python3.8/site-packages/airflow/example_dags/example_latest_only_with_trigger.py took 0.098 seconds
[2023-12-01T22:19:41.881+0000] {processor.py:157} INFO - Started process (PID=67) to work on /home/airflow/.local/lib/python3.8/site-packages/airflow/example_dags/example_latest_only_with_trigger.py
[2023-12-01T22:19:41.882+0000] {processor.py:829} INFO - Processing file /home/airflow/.local/lib/python3.8/site-packages/airflow/example_dags/example_latest_only_with_trigger.py for tasks to queue
[2023-12-01T22:19:41.883+0000] {logging_mixin.py:154} INFO - [2023-12-01T22:19:41.883+0000] {dagbag.py:536} INFO - Filling up the DagBag from /home/airflow/.local/lib/python3.8/site-packages/airflow/example_dags/example_latest_only_with_trigger.py
[2023-12-01T22:19:41.889+0000] {processor.py:839} INFO - DAG(s) dict_keys(['latest_only_with_trigger']) retrieved from /home/airflow/.local/lib/python3.8/site-packages/airflow/example_dags/example_latest_only_with_trigger.py
[2023-12-01T22:19:41.909+0000] {logging_mixin.py:154} INFO - [2023-12-01T22:19:41.909+0000] {dag.py:2941} INFO - Sync 1 DAGs
[2023-12-01T22:19:41.927+0000] {logging_mixin.py:154} INFO - [2023-12-01T22:19:41.927+0000] {dag.py:3722} INFO - Setting next_dagrun for latest_only_with_trigger to 2023-12-01T18:19:41.927264+00:00, run_after=2023-12-01T22:19:41.927264+00:00
[2023-12-01T22:19:41.944+0000] {processor.py:179} INFO - Processing /home/airflow/.local/lib/python3.8/site-packages/airflow/example_dags/example_latest_only_with_trigger.py took 0.065 seconds
[2023-12-01T22:21:22.944+0000] {processor.py:157} INFO - Started process (PID=68) to work on /home/airflow/.local/lib/python3.8/site-packages/airflow/example_dags/example_latest_only_with_trigger.py
[2023-12-01T22:21:22.945+0000] {processor.py:829} INFO - Processing file /home/airflow/.local/lib/python3.8/site-packages/airflow/example_dags/example_latest_only_with_trigger.py for tasks to queue
[2023-12-01T22:21:22.947+0000] {logging_mixin.py:154} INFO - [2023-12-01T22:21:22.947+0000] {dagbag.py:536} INFO - Filling up the DagBag from /home/airflow/.local/lib/python3.8/site-packages/airflow/example_dags/example_latest_only_with_trigger.py
[2023-12-01T22:21:22.957+0000] {processor.py:839} INFO - DAG(s) dict_keys(['latest_only_with_trigger']) retrieved from /home/airflow/.local/lib/python3.8/site-packages/airflow/example_dags/example_latest_only_with_trigger.py
[2023-12-01T22:21:22.967+0000] {logging_mixin.py:154} INFO - [2023-12-01T22:21:22.967+0000] {dag.py:2941} INFO - Sync 1 DAGs
[2023-12-01T22:21:22.987+0000] {logging_mixin.py:154} INFO - [2023-12-01T22:21:22.987+0000] {dag.py:3722} INFO - Setting next_dagrun for latest_only_with_trigger to 2023-12-01T18:21:22.986969+00:00, run_after=2023-12-01T22:21:22.986969+00:00
[2023-12-01T22:21:23.003+0000] {processor.py:179} INFO - Processing /home/airflow/.local/lib/python3.8/site-packages/airflow/example_dags/example_latest_only_with_trigger.py took 0.061 seconds
[2023-12-01T22:21:53.464+0000] {processor.py:157} INFO - Started process (PID=123) to work on /home/airflow/.local/lib/python3.8/site-packages/airflow/example_dags/example_latest_only_with_trigger.py
[2023-12-01T22:21:53.465+0000] {processor.py:829} INFO - Processing file /home/airflow/.local/lib/python3.8/site-packages/airflow/example_dags/example_latest_only_with_trigger.py for tasks to queue
[2023-12-01T22:21:53.467+0000] {logging_mixin.py:154} INFO - [2023-12-01T22:21:53.466+0000] {dagbag.py:536} INFO - Filling up the DagBag from /home/airflow/.local/lib/python3.8/site-packages/airflow/example_dags/example_latest_only_with_trigger.py
[2023-12-01T22:21:53.471+0000] {processor.py:839} INFO - DAG(s) dict_keys(['latest_only_with_trigger']) retrieved from /home/airflow/.local/lib/python3.8/site-packages/airflow/example_dags/example_latest_only_with_trigger.py
[2023-12-01T22:21:53.486+0000] {logging_mixin.py:154} INFO - [2023-12-01T22:21:53.486+0000] {dag.py:2941} INFO - Sync 1 DAGs
[2023-12-01T22:21:53.505+0000] {logging_mixin.py:154} INFO - [2023-12-01T22:21:53.505+0000] {dag.py:3722} INFO - Setting next_dagrun for latest_only_with_trigger to 2023-12-01T18:21:53.505010+00:00, run_after=2023-12-01T22:21:53.505010+00:00
[2023-12-01T22:21:53.519+0000] {processor.py:179} INFO - Processing /home/airflow/.local/lib/python3.8/site-packages/airflow/example_dags/example_latest_only_with_trigger.py took 0.057 seconds
[2023-12-01T22:22:23.591+0000] {processor.py:157} INFO - Started process (PID=177) to work on /home/airflow/.local/lib/python3.8/site-packages/airflow/example_dags/example_latest_only_with_trigger.py
[2023-12-01T22:22:23.592+0000] {processor.py:829} INFO - Processing file /home/airflow/.local/lib/python3.8/site-packages/airflow/example_dags/example_latest_only_with_trigger.py for tasks to queue
[2023-12-01T22:22:23.594+0000] {logging_mixin.py:154} INFO - [2023-12-01T22:22:23.593+0000] {dagbag.py:536} INFO - Filling up the DagBag from /home/airflow/.local/lib/python3.8/site-packages/airflow/example_dags/example_latest_only_with_trigger.py
[2023-12-01T22:22:23.598+0000] {processor.py:839} INFO - DAG(s) dict_keys(['latest_only_with_trigger']) retrieved from /home/airflow/.local/lib/python3.8/site-packages/airflow/example_dags/example_latest_only_with_trigger.py
[2023-12-01T22:22:23.612+0000] {logging_mixin.py:154} INFO - [2023-12-01T22:22:23.612+0000] {dag.py:2941} INFO - Sync 1 DAGs
[2023-12-01T22:22:23.628+0000] {logging_mixin.py:154} INFO - [2023-12-01T22:22:23.628+0000] {dag.py:3722} INFO - Setting next_dagrun for latest_only_with_trigger to 2023-12-01T18:22:23.628160+00:00, run_after=2023-12-01T22:22:23.628160+00:00
[2023-12-01T22:22:23.641+0000] {processor.py:179} INFO - Processing /home/airflow/.local/lib/python3.8/site-packages/airflow/example_dags/example_latest_only_with_trigger.py took 0.051 seconds
[2023-12-01T22:22:53.734+0000] {processor.py:157} INFO - Started process (PID=231) to work on /home/airflow/.local/lib/python3.8/site-packages/airflow/example_dags/example_latest_only_with_trigger.py
[2023-12-01T22:22:53.735+0000] {processor.py:829} INFO - Processing file /home/airflow/.local/lib/python3.8/site-packages/airflow/example_dags/example_latest_only_with_trigger.py for tasks to queue
[2023-12-01T22:22:53.736+0000] {logging_mixin.py:154} INFO - [2023-12-01T22:22:53.736+0000] {dagbag.py:536} INFO - Filling up the DagBag from /home/airflow/.local/lib/python3.8/site-packages/airflow/example_dags/example_latest_only_with_trigger.py
[2023-12-01T22:22:53.740+0000] {processor.py:839} INFO - DAG(s) dict_keys(['latest_only_with_trigger']) retrieved from /home/airflow/.local/lib/python3.8/site-packages/airflow/example_dags/example_latest_only_with_trigger.py
[2023-12-01T22:22:53.755+0000] {logging_mixin.py:154} INFO - [2023-12-01T22:22:53.754+0000] {dag.py:2941} INFO - Sync 1 DAGs
[2023-12-01T22:22:53.774+0000] {logging_mixin.py:154} INFO - [2023-12-01T22:22:53.773+0000] {dag.py:3722} INFO - Setting next_dagrun for latest_only_with_trigger to 2023-12-01T18:22:53.773675+00:00, run_after=2023-12-01T22:22:53.773675+00:00
[2023-12-01T22:22:53.788+0000] {processor.py:179} INFO - Processing /home/airflow/.local/lib/python3.8/site-packages/airflow/example_dags/example_latest_only_with_trigger.py took 0.056 seconds
[2023-12-01T22:23:23.926+0000] {processor.py:157} INFO - Started process (PID=285) to work on /home/airflow/.local/lib/python3.8/site-packages/airflow/example_dags/example_latest_only_with_trigger.py
[2023-12-01T22:23:23.927+0000] {processor.py:829} INFO - Processing file /home/airflow/.local/lib/python3.8/site-packages/airflow/example_dags/example_latest_only_with_trigger.py for tasks to queue
[2023-12-01T22:23:23.928+0000] {logging_mixin.py:154} INFO - [2023-12-01T22:23:23.928+0000] {dagbag.py:536} INFO - Filling up the DagBag from /home/airflow/.local/lib/python3.8/site-packages/airflow/example_dags/example_latest_only_with_trigger.py
[2023-12-01T22:23:23.932+0000] {processor.py:839} INFO - DAG(s) dict_keys(['latest_only_with_trigger']) retrieved from /home/airflow/.local/lib/python3.8/site-packages/airflow/example_dags/example_latest_only_with_trigger.py
[2023-12-01T22:23:23.947+0000] {logging_mixin.py:154} INFO - [2023-12-01T22:23:23.946+0000] {dag.py:2941} INFO - Sync 1 DAGs
[2023-12-01T22:23:23.965+0000] {logging_mixin.py:154} INFO - [2023-12-01T22:23:23.965+0000] {dag.py:3722} INFO - Setting next_dagrun for latest_only_with_trigger to 2023-12-01T18:23:23.965188+00:00, run_after=2023-12-01T22:23:23.965188+00:00
[2023-12-01T22:23:23.980+0000] {processor.py:179} INFO - Processing /home/airflow/.local/lib/python3.8/site-packages/airflow/example_dags/example_latest_only_with_trigger.py took 0.056 seconds
[2023-12-01T22:23:54.121+0000] {processor.py:157} INFO - Started process (PID=339) to work on /home/airflow/.local/lib/python3.8/site-packages/airflow/example_dags/example_latest_only_with_trigger.py
[2023-12-01T22:23:54.122+0000] {processor.py:829} INFO - Processing file /home/airflow/.local/lib/python3.8/site-packages/airflow/example_dags/example_latest_only_with_trigger.py for tasks to queue
[2023-12-01T22:23:54.124+0000] {logging_mixin.py:154} INFO - [2023-12-01T22:23:54.123+0000] {dagbag.py:536} INFO - Filling up the DagBag from /home/airflow/.local/lib/python3.8/site-packages/airflow/example_dags/example_latest_only_with_trigger.py
[2023-12-01T22:23:54.127+0000] {processor.py:839} INFO - DAG(s) dict_keys(['latest_only_with_trigger']) retrieved from /home/airflow/.local/lib/python3.8/site-packages/airflow/example_dags/example_latest_only_with_trigger.py
[2023-12-01T22:23:54.142+0000] {logging_mixin.py:154} INFO - [2023-12-01T22:23:54.142+0000] {dag.py:2941} INFO - Sync 1 DAGs
[2023-12-01T22:23:54.158+0000] {logging_mixin.py:154} INFO - [2023-12-01T22:23:54.158+0000] {dag.py:3722} INFO - Setting next_dagrun for latest_only_with_trigger to 2023-12-01T18:23:54.158542+00:00, run_after=2023-12-01T22:23:54.158542+00:00
[2023-12-01T22:23:54.173+0000] {processor.py:179} INFO - Processing /home/airflow/.local/lib/python3.8/site-packages/airflow/example_dags/example_latest_only_with_trigger.py took 0.054 seconds
[2023-12-01T22:24:24.376+0000] {processor.py:157} INFO - Started process (PID=392) to work on /home/airflow/.local/lib/python3.8/site-packages/airflow/example_dags/example_latest_only_with_trigger.py
[2023-12-01T22:24:24.377+0000] {processor.py:829} INFO - Processing file /home/airflow/.local/lib/python3.8/site-packages/airflow/example_dags/example_latest_only_with_trigger.py for tasks to queue
[2023-12-01T22:24:24.378+0000] {logging_mixin.py:154} INFO - [2023-12-01T22:24:24.378+0000] {dagbag.py:536} INFO - Filling up the DagBag from /home/airflow/.local/lib/python3.8/site-packages/airflow/example_dags/example_latest_only_with_trigger.py
[2023-12-01T22:24:24.382+0000] {processor.py:839} INFO - DAG(s) dict_keys(['latest_only_with_trigger']) retrieved from /home/airflow/.local/lib/python3.8/site-packages/airflow/example_dags/example_latest_only_with_trigger.py
[2023-12-01T22:24:24.397+0000] {logging_mixin.py:154} INFO - [2023-12-01T22:24:24.397+0000] {dag.py:2941} INFO - Sync 1 DAGs
[2023-12-01T22:24:24.415+0000] {logging_mixin.py:154} INFO - [2023-12-01T22:24:24.414+0000] {dag.py:3722} INFO - Setting next_dagrun for latest_only_with_trigger to 2023-12-01T18:24:24.414746+00:00, run_after=2023-12-01T22:24:24.414746+00:00
[2023-12-01T22:24:24.427+0000] {processor.py:179} INFO - Processing /home/airflow/.local/lib/python3.8/site-packages/airflow/example_dags/example_latest_only_with_trigger.py took 0.053 seconds
[2023-12-01T22:24:55.537+0000] {processor.py:157} INFO - Started process (PID=447) to work on /home/airflow/.local/lib/python3.8/site-packages/airflow/example_dags/example_latest_only_with_trigger.py
[2023-12-01T22:24:55.538+0000] {processor.py:829} INFO - Processing file /home/airflow/.local/lib/python3.8/site-packages/airflow/example_dags/example_latest_only_with_trigger.py for tasks to queue
[2023-12-01T22:24:55.540+0000] {logging_mixin.py:154} INFO - [2023-12-01T22:24:55.539+0000] {dagbag.py:536} INFO - Filling up the DagBag from /home/airflow/.local/lib/python3.8/site-packages/airflow/example_dags/example_latest_only_with_trigger.py
[2023-12-01T22:24:55.543+0000] {processor.py:839} INFO - DAG(s) dict_keys(['latest_only_with_trigger']) retrieved from /home/airflow/.local/lib/python3.8/site-packages/airflow/example_dags/example_latest_only_with_trigger.py
[2023-12-01T22:24:55.558+0000] {logging_mixin.py:154} INFO - [2023-12-01T22:24:55.558+0000] {dag.py:2941} INFO - Sync 1 DAGs
[2023-12-01T22:24:55.573+0000] {logging_mixin.py:154} INFO - [2023-12-01T22:24:55.573+0000] {dag.py:3722} INFO - Setting next_dagrun for latest_only_with_trigger to 2023-12-01T18:24:55.573344+00:00, run_after=2023-12-01T22:24:55.573344+00:00
[2023-12-01T22:24:55.588+0000] {processor.py:179} INFO - Processing /home/airflow/.local/lib/python3.8/site-packages/airflow/example_dags/example_latest_only_with_trigger.py took 0.052 seconds
[2023-12-01T22:25:25.677+0000] {processor.py:157} INFO - Started process (PID=501) to work on /home/airflow/.local/lib/python3.8/site-packages/airflow/example_dags/example_latest_only_with_trigger.py
[2023-12-01T22:25:25.677+0000] {processor.py:829} INFO - Processing file /home/airflow/.local/lib/python3.8/site-packages/airflow/example_dags/example_latest_only_with_trigger.py for tasks to queue
[2023-12-01T22:25:25.679+0000] {logging_mixin.py:154} INFO - [2023-12-01T22:25:25.679+0000] {dagbag.py:536} INFO - Filling up the DagBag from /home/airflow/.local/lib/python3.8/site-packages/airflow/example_dags/example_latest_only_with_trigger.py
[2023-12-01T22:25:25.683+0000] {processor.py:839} INFO - DAG(s) dict_keys(['latest_only_with_trigger']) retrieved from /home/airflow/.local/lib/python3.8/site-packages/airflow/example_dags/example_latest_only_with_trigger.py
[2023-12-01T22:25:25.698+0000] {logging_mixin.py:154} INFO - [2023-12-01T22:25:25.698+0000] {dag.py:2941} INFO - Sync 1 DAGs
[2023-12-01T22:25:25.714+0000] {logging_mixin.py:154} INFO - [2023-12-01T22:25:25.714+0000] {dag.py:3722} INFO - Setting next_dagrun for latest_only_with_trigger to 2023-12-01T18:25:25.714577+00:00, run_after=2023-12-01T22:25:25.714577+00:00
[2023-12-01T22:25:25.727+0000] {processor.py:179} INFO - Processing /home/airflow/.local/lib/python3.8/site-packages/airflow/example_dags/example_latest_only_with_trigger.py took 0.053 seconds
[2023-12-01T22:25:56.603+0000] {processor.py:157} INFO - Started process (PID=555) to work on /home/airflow/.local/lib/python3.8/site-packages/airflow/example_dags/example_latest_only_with_trigger.py
[2023-12-01T22:25:56.603+0000] {processor.py:829} INFO - Processing file /home/airflow/.local/lib/python3.8/site-packages/airflow/example_dags/example_latest_only_with_trigger.py for tasks to queue
[2023-12-01T22:25:56.605+0000] {logging_mixin.py:154} INFO - [2023-12-01T22:25:56.605+0000] {dagbag.py:536} INFO - Filling up the DagBag from /home/airflow/.local/lib/python3.8/site-packages/airflow/example_dags/example_latest_only_with_trigger.py
[2023-12-01T22:25:56.608+0000] {processor.py:839} INFO - DAG(s) dict_keys(['latest_only_with_trigger']) retrieved from /home/airflow/.local/lib/python3.8/site-packages/airflow/example_dags/example_latest_only_with_trigger.py
[2023-12-01T22:25:56.623+0000] {logging_mixin.py:154} INFO - [2023-12-01T22:25:56.622+0000] {dag.py:2941} INFO - Sync 1 DAGs
[2023-12-01T22:25:56.638+0000] {logging_mixin.py:154} INFO - [2023-12-01T22:25:56.638+0000] {dag.py:3722} INFO - Setting next_dagrun for latest_only_with_trigger to 2023-12-01T18:25:56.638519+00:00, run_after=2023-12-01T22:25:56.638519+00:00
[2023-12-01T22:25:56.653+0000] {processor.py:179} INFO - Processing /home/airflow/.local/lib/python3.8/site-packages/airflow/example_dags/example_latest_only_with_trigger.py took 0.052 seconds
[2023-12-01T22:26:26.725+0000] {processor.py:157} INFO - Started process (PID=609) to work on /home/airflow/.local/lib/python3.8/site-packages/airflow/example_dags/example_latest_only_with_trigger.py
[2023-12-01T22:26:26.726+0000] {processor.py:829} INFO - Processing file /home/airflow/.local/lib/python3.8/site-packages/airflow/example_dags/example_latest_only_with_trigger.py for tasks to queue
[2023-12-01T22:26:26.727+0000] {logging_mixin.py:154} INFO - [2023-12-01T22:26:26.727+0000] {dagbag.py:536} INFO - Filling up the DagBag from /home/airflow/.local/lib/python3.8/site-packages/airflow/example_dags/example_latest_only_with_trigger.py
[2023-12-01T22:26:26.731+0000] {processor.py:839} INFO - DAG(s) dict_keys(['latest_only_with_trigger']) retrieved from /home/airflow/.local/lib/python3.8/site-packages/airflow/example_dags/example_latest_only_with_trigger.py
[2023-12-01T22:26:26.745+0000] {logging_mixin.py:154} INFO - [2023-12-01T22:26:26.745+0000] {dag.py:2941} INFO - Sync 1 DAGs
[2023-12-01T22:26:26.762+0000] {logging_mixin.py:154} INFO - [2023-12-01T22:26:26.761+0000] {dag.py:3722} INFO - Setting next_dagrun for latest_only_with_trigger to 2023-12-01T18:26:26.761766+00:00, run_after=2023-12-01T22:26:26.761766+00:00
[2023-12-01T22:26:26.775+0000] {processor.py:179} INFO - Processing /home/airflow/.local/lib/python3.8/site-packages/airflow/example_dags/example_latest_only_with_trigger.py took 0.052 seconds
[2023-12-01T22:26:56.850+0000] {processor.py:157} INFO - Started process (PID=663) to work on /home/airflow/.local/lib/python3.8/site-packages/airflow/example_dags/example_latest_only_with_trigger.py
[2023-12-01T22:26:56.851+0000] {processor.py:829} INFO - Processing file /home/airflow/.local/lib/python3.8/site-packages/airflow/example_dags/example_latest_only_with_trigger.py for tasks to queue
[2023-12-01T22:26:56.852+0000] {logging_mixin.py:154} INFO - [2023-12-01T22:26:56.852+0000] {dagbag.py:536} INFO - Filling up the DagBag from /home/airflow/.local/lib/python3.8/site-packages/airflow/example_dags/example_latest_only_with_trigger.py
[2023-12-01T22:26:56.856+0000] {processor.py:839} INFO - DAG(s) dict_keys(['latest_only_with_trigger']) retrieved from /home/airflow/.local/lib/python3.8/site-packages/airflow/example_dags/example_latest_only_with_trigger.py
[2023-12-01T22:26:56.870+0000] {logging_mixin.py:154} INFO - [2023-12-01T22:26:56.870+0000] {dag.py:2941} INFO - Sync 1 DAGs
[2023-12-01T22:26:56.887+0000] {logging_mixin.py:154} INFO - [2023-12-01T22:26:56.887+0000] {dag.py:3722} INFO - Setting next_dagrun for latest_only_with_trigger to 2023-12-01T18:26:56.887126+00:00, run_after=2023-12-01T22:26:56.887126+00:00
[2023-12-01T22:26:56.900+0000] {processor.py:179} INFO - Processing /home/airflow/.local/lib/python3.8/site-packages/airflow/example_dags/example_latest_only_with_trigger.py took 0.052 seconds
[2023-12-01T22:27:26.993+0000] {processor.py:157} INFO - Started process (PID=717) to work on /home/airflow/.local/lib/python3.8/site-packages/airflow/example_dags/example_latest_only_with_trigger.py
[2023-12-01T22:27:26.994+0000] {processor.py:829} INFO - Processing file /home/airflow/.local/lib/python3.8/site-packages/airflow/example_dags/example_latest_only_with_trigger.py for tasks to queue
[2023-12-01T22:27:26.995+0000] {logging_mixin.py:154} INFO - [2023-12-01T22:27:26.995+0000] {dagbag.py:536} INFO - Filling up the DagBag from /home/airflow/.local/lib/python3.8/site-packages/airflow/example_dags/example_latest_only_with_trigger.py
[2023-12-01T22:27:26.999+0000] {processor.py:839} INFO - DAG(s) dict_keys(['latest_only_with_trigger']) retrieved from /home/airflow/.local/lib/python3.8/site-packages/airflow/example_dags/example_latest_only_with_trigger.py
[2023-12-01T22:27:27.014+0000] {logging_mixin.py:154} INFO - [2023-12-01T22:27:27.013+0000] {dag.py:2941} INFO - Sync 1 DAGs
[2023-12-01T22:27:27.028+0000] {logging_mixin.py:154} INFO - [2023-12-01T22:27:27.028+0000] {dag.py:3722} INFO - Setting next_dagrun for latest_only_with_trigger to 2023-12-01T18:27:27.028601+00:00, run_after=2023-12-01T22:27:27.028601+00:00
[2023-12-01T22:27:27.041+0000] {processor.py:179} INFO - Processing /home/airflow/.local/lib/python3.8/site-packages/airflow/example_dags/example_latest_only_with_trigger.py took 0.050 seconds
[2023-12-01T22:27:57.889+0000] {processor.py:157} INFO - Started process (PID=771) to work on /home/airflow/.local/lib/python3.8/site-packages/airflow/example_dags/example_latest_only_with_trigger.py
[2023-12-01T22:27:57.890+0000] {processor.py:829} INFO - Processing file /home/airflow/.local/lib/python3.8/site-packages/airflow/example_dags/example_latest_only_with_trigger.py for tasks to queue
[2023-12-01T22:27:57.892+0000] {logging_mixin.py:154} INFO - [2023-12-01T22:27:57.891+0000] {dagbag.py:536} INFO - Filling up the DagBag from /home/airflow/.local/lib/python3.8/site-packages/airflow/example_dags/example_latest_only_with_trigger.py
[2023-12-01T22:27:57.895+0000] {processor.py:839} INFO - DAG(s) dict_keys(['latest_only_with_trigger']) retrieved from /home/airflow/.local/lib/python3.8/site-packages/airflow/example_dags/example_latest_only_with_trigger.py
[2023-12-01T22:27:57.910+0000] {logging_mixin.py:154} INFO - [2023-12-01T22:27:57.910+0000] {dag.py:2941} INFO - Sync 1 DAGs
[2023-12-01T22:27:57.926+0000] {logging_mixin.py:154} INFO - [2023-12-01T22:27:57.926+0000] {dag.py:3722} INFO - Setting next_dagrun for latest_only_with_trigger to 2023-12-01T18:27:57.926566+00:00, run_after=2023-12-01T22:27:57.926566+00:00
[2023-12-01T22:27:57.940+0000] {processor.py:179} INFO - Processing /home/airflow/.local/lib/python3.8/site-packages/airflow/example_dags/example_latest_only_with_trigger.py took 0.053 seconds
[2023-12-01T22:28:28.170+0000] {processor.py:157} INFO - Started process (PID=825) to work on /home/airflow/.local/lib/python3.8/site-packages/airflow/example_dags/example_latest_only_with_trigger.py
[2023-12-01T22:28:28.171+0000] {processor.py:829} INFO - Processing file /home/airflow/.local/lib/python3.8/site-packages/airflow/example_dags/example_latest_only_with_trigger.py for tasks to queue
[2023-12-01T22:28:28.172+0000] {logging_mixin.py:154} INFO - [2023-12-01T22:28:28.172+0000] {dagbag.py:536} INFO - Filling up the DagBag from /home/airflow/.local/lib/python3.8/site-packages/airflow/example_dags/example_latest_only_with_trigger.py
[2023-12-01T22:28:28.176+0000] {processor.py:839} INFO - DAG(s) dict_keys(['latest_only_with_trigger']) retrieved from /home/airflow/.local/lib/python3.8/site-packages/airflow/example_dags/example_latest_only_with_trigger.py
[2023-12-01T22:28:28.190+0000] {logging_mixin.py:154} INFO - [2023-12-01T22:28:28.190+0000] {dag.py:2941} INFO - Sync 1 DAGs
[2023-12-01T22:28:28.206+0000] {logging_mixin.py:154} INFO - [2023-12-01T22:28:28.206+0000] {dag.py:3722} INFO - Setting next_dagrun for latest_only_with_trigger to 2023-12-01T18:28:28.206080+00:00, run_after=2023-12-01T22:28:28.206080+00:00
[2023-12-01T22:28:28.220+0000] {processor.py:179} INFO - Processing /home/airflow/.local/lib/python3.8/site-packages/airflow/example_dags/example_latest_only_with_trigger.py took 0.053 seconds
[2023-12-01T22:28:58.317+0000] {processor.py:157} INFO - Started process (PID=879) to work on /home/airflow/.local/lib/python3.8/site-packages/airflow/example_dags/example_latest_only_with_trigger.py
[2023-12-01T22:28:58.318+0000] {processor.py:829} INFO - Processing file /home/airflow/.local/lib/python3.8/site-packages/airflow/example_dags/example_latest_only_with_trigger.py for tasks to queue
[2023-12-01T22:28:58.319+0000] {logging_mixin.py:154} INFO - [2023-12-01T22:28:58.319+0000] {dagbag.py:536} INFO - Filling up the DagBag from /home/airflow/.local/lib/python3.8/site-packages/airflow/example_dags/example_latest_only_with_trigger.py
[2023-12-01T22:28:58.323+0000] {processor.py:839} INFO - DAG(s) dict_keys(['latest_only_with_trigger']) retrieved from /home/airflow/.local/lib/python3.8/site-packages/airflow/example_dags/example_latest_only_with_trigger.py
[2023-12-01T22:28:58.337+0000] {logging_mixin.py:154} INFO - [2023-12-01T22:28:58.337+0000] {dag.py:2941} INFO - Sync 1 DAGs
[2023-12-01T22:28:58.353+0000] {logging_mixin.py:154} INFO - [2023-12-01T22:28:58.353+0000] {dag.py:3722} INFO - Setting next_dagrun for latest_only_with_trigger to 2023-12-01T18:28:58.353309+00:00, run_after=2023-12-01T22:28:58.353309+00:00
[2023-12-01T22:28:58.366+0000] {processor.py:179} INFO - Processing /home/airflow/.local/lib/python3.8/site-packages/airflow/example_dags/example_latest_only_with_trigger.py took 0.051 seconds
[2023-12-01T22:29:28.451+0000] {processor.py:157} INFO - Started process (PID=933) to work on /home/airflow/.local/lib/python3.8/site-packages/airflow/example_dags/example_latest_only_with_trigger.py
[2023-12-01T22:29:28.452+0000] {processor.py:829} INFO - Processing file /home/airflow/.local/lib/python3.8/site-packages/airflow/example_dags/example_latest_only_with_trigger.py for tasks to queue
[2023-12-01T22:29:28.454+0000] {logging_mixin.py:154} INFO - [2023-12-01T22:29:28.454+0000] {dagbag.py:536} INFO - Filling up the DagBag from /home/airflow/.local/lib/python3.8/site-packages/airflow/example_dags/example_latest_only_with_trigger.py
[2023-12-01T22:29:28.457+0000] {processor.py:839} INFO - DAG(s) dict_keys(['latest_only_with_trigger']) retrieved from /home/airflow/.local/lib/python3.8/site-packages/airflow/example_dags/example_latest_only_with_trigger.py
[2023-12-01T22:29:28.472+0000] {logging_mixin.py:154} INFO - [2023-12-01T22:29:28.472+0000] {dag.py:2941} INFO - Sync 1 DAGs
[2023-12-01T22:29:28.487+0000] {logging_mixin.py:154} INFO - [2023-12-01T22:29:28.487+0000] {dag.py:3722} INFO - Setting next_dagrun for latest_only_with_trigger to 2023-12-01T18:29:28.487167+00:00, run_after=2023-12-01T22:29:28.487167+00:00
[2023-12-01T22:29:28.500+0000] {processor.py:179} INFO - Processing /home/airflow/.local/lib/python3.8/site-packages/airflow/example_dags/example_latest_only_with_trigger.py took 0.051 seconds
[2023-12-01T22:29:58.565+0000] {processor.py:157} INFO - Started process (PID=987) to work on /home/airflow/.local/lib/python3.8/site-packages/airflow/example_dags/example_latest_only_with_trigger.py
[2023-12-01T22:29:58.566+0000] {processor.py:829} INFO - Processing file /home/airflow/.local/lib/python3.8/site-packages/airflow/example_dags/example_latest_only_with_trigger.py for tasks to queue
[2023-12-01T22:29:58.568+0000] {logging_mixin.py:154} INFO - [2023-12-01T22:29:58.567+0000] {dagbag.py:536} INFO - Filling up the DagBag from /home/airflow/.local/lib/python3.8/site-packages/airflow/example_dags/example_latest_only_with_trigger.py
[2023-12-01T22:29:58.571+0000] {processor.py:839} INFO - DAG(s) dict_keys(['latest_only_with_trigger']) retrieved from /home/airflow/.local/lib/python3.8/site-packages/airflow/example_dags/example_latest_only_with_trigger.py
[2023-12-01T22:29:58.585+0000] {logging_mixin.py:154} INFO - [2023-12-01T22:29:58.585+0000] {dag.py:2941} INFO - Sync 1 DAGs
[2023-12-01T22:29:58.600+0000] {logging_mixin.py:154} INFO - [2023-12-01T22:29:58.599+0000] {dag.py:3722} INFO - Setting next_dagrun for latest_only_with_trigger to 2023-12-01T18:29:58.599513+00:00, run_after=2023-12-01T22:29:58.599513+00:00
[2023-12-01T22:29:58.613+0000] {processor.py:179} INFO - Processing /home/airflow/.local/lib/python3.8/site-packages/airflow/example_dags/example_latest_only_with_trigger.py took 0.050 seconds
[2023-12-01T22:30:28.640+0000] {processor.py:157} INFO - Started process (PID=1040) to work on /home/airflow/.local/lib/python3.8/site-packages/airflow/example_dags/example_latest_only_with_trigger.py
[2023-12-01T22:30:28.641+0000] {processor.py:829} INFO - Processing file /home/airflow/.local/lib/python3.8/site-packages/airflow/example_dags/example_latest_only_with_trigger.py for tasks to queue
[2023-12-01T22:30:28.642+0000] {logging_mixin.py:154} INFO - [2023-12-01T22:30:28.642+0000] {dagbag.py:536} INFO - Filling up the DagBag from /home/airflow/.local/lib/python3.8/site-packages/airflow/example_dags/example_latest_only_with_trigger.py
[2023-12-01T22:30:28.646+0000] {processor.py:839} INFO - DAG(s) dict_keys(['latest_only_with_trigger']) retrieved from /home/airflow/.local/lib/python3.8/site-packages/airflow/example_dags/example_latest_only_with_trigger.py
[2023-12-01T22:30:28.661+0000] {logging_mixin.py:154} INFO - [2023-12-01T22:30:28.661+0000] {dag.py:2941} INFO - Sync 1 DAGs
[2023-12-01T22:30:28.676+0000] {logging_mixin.py:154} INFO - [2023-12-01T22:30:28.676+0000] {dag.py:3722} INFO - Setting next_dagrun for latest_only_with_trigger to 2023-12-01T18:30:28.676582+00:00, run_after=2023-12-01T22:30:28.676582+00:00
[2023-12-01T22:30:28.689+0000] {processor.py:179} INFO - Processing /home/airflow/.local/lib/python3.8/site-packages/airflow/example_dags/example_latest_only_with_trigger.py took 0.051 seconds
[2023-12-01T22:30:58.848+0000] {processor.py:157} INFO - Started process (PID=1095) to work on /home/airflow/.local/lib/python3.8/site-packages/airflow/example_dags/example_latest_only_with_trigger.py
[2023-12-01T22:30:58.849+0000] {processor.py:829} INFO - Processing file /home/airflow/.local/lib/python3.8/site-packages/airflow/example_dags/example_latest_only_with_trigger.py for tasks to queue
[2023-12-01T22:30:58.850+0000] {logging_mixin.py:154} INFO - [2023-12-01T22:30:58.850+0000] {dagbag.py:536} INFO - Filling up the DagBag from /home/airflow/.local/lib/python3.8/site-packages/airflow/example_dags/example_latest_only_with_trigger.py
[2023-12-01T22:30:58.854+0000] {processor.py:839} INFO - DAG(s) dict_keys(['latest_only_with_trigger']) retrieved from /home/airflow/.local/lib/python3.8/site-packages/airflow/example_dags/example_latest_only_with_trigger.py
[2023-12-01T22:30:58.868+0000] {logging_mixin.py:154} INFO - [2023-12-01T22:30:58.867+0000] {dag.py:2941} INFO - Sync 1 DAGs
[2023-12-01T22:30:58.882+0000] {logging_mixin.py:154} INFO - [2023-12-01T22:30:58.882+0000] {dag.py:3722} INFO - Setting next_dagrun for latest_only_with_trigger to 2023-12-01T18:30:58.882440+00:00, run_after=2023-12-01T22:30:58.882440+00:00
[2023-12-01T22:30:58.895+0000] {processor.py:179} INFO - Processing /home/airflow/.local/lib/python3.8/site-packages/airflow/example_dags/example_latest_only_with_trigger.py took 0.049 seconds
[2023-12-01T22:31:29.041+0000] {processor.py:157} INFO - Started process (PID=1149) to work on /home/airflow/.local/lib/python3.8/site-packages/airflow/example_dags/example_latest_only_with_trigger.py
[2023-12-01T22:31:29.042+0000] {processor.py:829} INFO - Processing file /home/airflow/.local/lib/python3.8/site-packages/airflow/example_dags/example_latest_only_with_trigger.py for tasks to queue
[2023-12-01T22:31:29.044+0000] {logging_mixin.py:154} INFO - [2023-12-01T22:31:29.043+0000] {dagbag.py:536} INFO - Filling up the DagBag from /home/airflow/.local/lib/python3.8/site-packages/airflow/example_dags/example_latest_only_with_trigger.py
[2023-12-01T22:31:29.047+0000] {processor.py:839} INFO - DAG(s) dict_keys(['latest_only_with_trigger']) retrieved from /home/airflow/.local/lib/python3.8/site-packages/airflow/example_dags/example_latest_only_with_trigger.py
[2023-12-01T22:31:29.062+0000] {logging_mixin.py:154} INFO - [2023-12-01T22:31:29.062+0000] {dag.py:2941} INFO - Sync 1 DAGs
[2023-12-01T22:31:29.078+0000] {logging_mixin.py:154} INFO - [2023-12-01T22:31:29.078+0000] {dag.py:3722} INFO - Setting next_dagrun for latest_only_with_trigger to 2023-12-01T18:31:29.078256+00:00, run_after=2023-12-01T22:31:29.078256+00:00
[2023-12-01T22:31:29.092+0000] {processor.py:179} INFO - Processing /home/airflow/.local/lib/python3.8/site-packages/airflow/example_dags/example_latest_only_with_trigger.py took 0.053 seconds
[2023-12-01T22:31:59.168+0000] {processor.py:157} INFO - Started process (PID=1203) to work on /home/airflow/.local/lib/python3.8/site-packages/airflow/example_dags/example_latest_only_with_trigger.py
[2023-12-01T22:31:59.169+0000] {processor.py:829} INFO - Processing file /home/airflow/.local/lib/python3.8/site-packages/airflow/example_dags/example_latest_only_with_trigger.py for tasks to queue
[2023-12-01T22:31:59.171+0000] {logging_mixin.py:154} INFO - [2023-12-01T22:31:59.170+0000] {dagbag.py:536} INFO - Filling up the DagBag from /home/airflow/.local/lib/python3.8/site-packages/airflow/example_dags/example_latest_only_with_trigger.py
[2023-12-01T22:31:59.174+0000] {processor.py:839} INFO - DAG(s) dict_keys(['latest_only_with_trigger']) retrieved from /home/airflow/.local/lib/python3.8/site-packages/airflow/example_dags/example_latest_only_with_trigger.py
[2023-12-01T22:31:59.189+0000] {logging_mixin.py:154} INFO - [2023-12-01T22:31:59.188+0000] {dag.py:2941} INFO - Sync 1 DAGs
[2023-12-01T22:31:59.205+0000] {logging_mixin.py:154} INFO - [2023-12-01T22:31:59.205+0000] {dag.py:3722} INFO - Setting next_dagrun for latest_only_with_trigger to 2023-12-01T18:31:59.205471+00:00, run_after=2023-12-01T22:31:59.205471+00:00
[2023-12-01T22:31:59.220+0000] {processor.py:179} INFO - Processing /home/airflow/.local/lib/python3.8/site-packages/airflow/example_dags/example_latest_only_with_trigger.py took 0.053 seconds
[2023-12-01T22:32:29.318+0000] {processor.py:157} INFO - Started process (PID=1257) to work on /home/airflow/.local/lib/python3.8/site-packages/airflow/example_dags/example_latest_only_with_trigger.py
[2023-12-01T22:32:29.318+0000] {processor.py:829} INFO - Processing file /home/airflow/.local/lib/python3.8/site-packages/airflow/example_dags/example_latest_only_with_trigger.py for tasks to queue
[2023-12-01T22:32:29.320+0000] {logging_mixin.py:154} INFO - [2023-12-01T22:32:29.320+0000] {dagbag.py:536} INFO - Filling up the DagBag from /home/airflow/.local/lib/python3.8/site-packages/airflow/example_dags/example_latest_only_with_trigger.py
[2023-12-01T22:32:29.323+0000] {processor.py:839} INFO - DAG(s) dict_keys(['latest_only_with_trigger']) retrieved from /home/airflow/.local/lib/python3.8/site-packages/airflow/example_dags/example_latest_only_with_trigger.py
[2023-12-01T22:32:29.338+0000] {logging_mixin.py:154} INFO - [2023-12-01T22:32:29.338+0000] {dag.py:2941} INFO - Sync 1 DAGs
[2023-12-01T22:32:29.355+0000] {logging_mixin.py:154} INFO - [2023-12-01T22:32:29.355+0000] {dag.py:3722} INFO - Setting next_dagrun for latest_only_with_trigger to 2023-12-01T18:32:29.355556+00:00, run_after=2023-12-01T22:32:29.355556+00:00
[2023-12-01T22:32:29.370+0000] {processor.py:179} INFO - Processing /home/airflow/.local/lib/python3.8/site-packages/airflow/example_dags/example_latest_only_with_trigger.py took 0.055 seconds
[2023-12-01T22:32:59.762+0000] {processor.py:157} INFO - Started process (PID=1311) to work on /home/airflow/.local/lib/python3.8/site-packages/airflow/example_dags/example_latest_only_with_trigger.py
[2023-12-01T22:32:59.763+0000] {processor.py:829} INFO - Processing file /home/airflow/.local/lib/python3.8/site-packages/airflow/example_dags/example_latest_only_with_trigger.py for tasks to queue
[2023-12-01T22:32:59.764+0000] {logging_mixin.py:154} INFO - [2023-12-01T22:32:59.764+0000] {dagbag.py:536} INFO - Filling up the DagBag from /home/airflow/.local/lib/python3.8/site-packages/airflow/example_dags/example_latest_only_with_trigger.py
[2023-12-01T22:32:59.769+0000] {processor.py:839} INFO - DAG(s) dict_keys(['latest_only_with_trigger']) retrieved from /home/airflow/.local/lib/python3.8/site-packages/airflow/example_dags/example_latest_only_with_trigger.py
[2023-12-01T22:32:59.785+0000] {logging_mixin.py:154} INFO - [2023-12-01T22:32:59.785+0000] {dag.py:2941} INFO - Sync 1 DAGs
[2023-12-01T22:32:59.801+0000] {logging_mixin.py:154} INFO - [2023-12-01T22:32:59.801+0000] {dag.py:3722} INFO - Setting next_dagrun for latest_only_with_trigger to 2023-12-01T18:32:59.801410+00:00, run_after=2023-12-01T22:32:59.801410+00:00
[2023-12-01T22:32:59.815+0000] {processor.py:179} INFO - Processing /home/airflow/.local/lib/python3.8/site-packages/airflow/example_dags/example_latest_only_with_trigger.py took 0.055 seconds
[2023-12-01T22:33:30.079+0000] {processor.py:157} INFO - Started process (PID=1366) to work on /home/airflow/.local/lib/python3.8/site-packages/airflow/example_dags/example_latest_only_with_trigger.py
[2023-12-01T22:33:30.080+0000] {processor.py:829} INFO - Processing file /home/airflow/.local/lib/python3.8/site-packages/airflow/example_dags/example_latest_only_with_trigger.py for tasks to queue
[2023-12-01T22:33:30.082+0000] {logging_mixin.py:154} INFO - [2023-12-01T22:33:30.082+0000] {dagbag.py:536} INFO - Filling up the DagBag from /home/airflow/.local/lib/python3.8/site-packages/airflow/example_dags/example_latest_only_with_trigger.py
[2023-12-01T22:33:30.086+0000] {processor.py:839} INFO - DAG(s) dict_keys(['latest_only_with_trigger']) retrieved from /home/airflow/.local/lib/python3.8/site-packages/airflow/example_dags/example_latest_only_with_trigger.py
[2023-12-01T22:33:30.101+0000] {logging_mixin.py:154} INFO - [2023-12-01T22:33:30.101+0000] {dag.py:2941} INFO - Sync 1 DAGs
[2023-12-01T22:33:30.116+0000] {logging_mixin.py:154} INFO - [2023-12-01T22:33:30.116+0000] {dag.py:3722} INFO - Setting next_dagrun for latest_only_with_trigger to 2023-12-01T18:33:30.116515+00:00, run_after=2023-12-01T22:33:30.116515+00:00
[2023-12-01T22:33:30.130+0000] {processor.py:179} INFO - Processing /home/airflow/.local/lib/python3.8/site-packages/airflow/example_dags/example_latest_only_with_trigger.py took 0.053 seconds
[2023-12-01T22:34:00.360+0000] {processor.py:157} INFO - Started process (PID=1420) to work on /home/airflow/.local/lib/python3.8/site-packages/airflow/example_dags/example_latest_only_with_trigger.py
[2023-12-01T22:34:00.361+0000] {processor.py:829} INFO - Processing file /home/airflow/.local/lib/python3.8/site-packages/airflow/example_dags/example_latest_only_with_trigger.py for tasks to queue
[2023-12-01T22:34:00.363+0000] {logging_mixin.py:154} INFO - [2023-12-01T22:34:00.363+0000] {dagbag.py:536} INFO - Filling up the DagBag from /home/airflow/.local/lib/python3.8/site-packages/airflow/example_dags/example_latest_only_with_trigger.py
[2023-12-01T22:34:00.367+0000] {processor.py:839} INFO - DAG(s) dict_keys(['latest_only_with_trigger']) retrieved from /home/airflow/.local/lib/python3.8/site-packages/airflow/example_dags/example_latest_only_with_trigger.py
[2023-12-01T22:34:00.383+0000] {logging_mixin.py:154} INFO - [2023-12-01T22:34:00.383+0000] {dag.py:2941} INFO - Sync 1 DAGs
[2023-12-01T22:34:00.399+0000] {logging_mixin.py:154} INFO - [2023-12-01T22:34:00.399+0000] {dag.py:3722} INFO - Setting next_dagrun for latest_only_with_trigger to 2023-12-01T18:34:00.399364+00:00, run_after=2023-12-01T22:34:00.399364+00:00
[2023-12-01T22:34:00.413+0000] {processor.py:179} INFO - Processing /home/airflow/.local/lib/python3.8/site-packages/airflow/example_dags/example_latest_only_with_trigger.py took 0.055 seconds
[2023-12-01T22:34:31.131+0000] {processor.py:157} INFO - Started process (PID=1474) to work on /home/airflow/.local/lib/python3.8/site-packages/airflow/example_dags/example_latest_only_with_trigger.py
[2023-12-01T22:34:31.132+0000] {processor.py:829} INFO - Processing file /home/airflow/.local/lib/python3.8/site-packages/airflow/example_dags/example_latest_only_with_trigger.py for tasks to queue
[2023-12-01T22:34:31.135+0000] {logging_mixin.py:154} INFO - [2023-12-01T22:34:31.134+0000] {dagbag.py:536} INFO - Filling up the DagBag from /home/airflow/.local/lib/python3.8/site-packages/airflow/example_dags/example_latest_only_with_trigger.py
[2023-12-01T22:34:31.139+0000] {processor.py:839} INFO - DAG(s) dict_keys(['latest_only_with_trigger']) retrieved from /home/airflow/.local/lib/python3.8/site-packages/airflow/example_dags/example_latest_only_with_trigger.py
[2023-12-01T22:34:31.159+0000] {logging_mixin.py:154} INFO - [2023-12-01T22:34:31.159+0000] {dag.py:2941} INFO - Sync 1 DAGs
[2023-12-01T22:34:31.179+0000] {logging_mixin.py:154} INFO - [2023-12-01T22:34:31.179+0000] {dag.py:3722} INFO - Setting next_dagrun for latest_only_with_trigger to 2023-12-01T18:34:31.179490+00:00, run_after=2023-12-01T22:34:31.179490+00:00
[2023-12-01T22:34:31.195+0000] {processor.py:179} INFO - Processing /home/airflow/.local/lib/python3.8/site-packages/airflow/example_dags/example_latest_only_with_trigger.py took 0.066 seconds
[2023-12-01T22:35:01.519+0000] {processor.py:157} INFO - Started process (PID=1528) to work on /home/airflow/.local/lib/python3.8/site-packages/airflow/example_dags/example_latest_only_with_trigger.py
[2023-12-01T22:35:01.520+0000] {processor.py:829} INFO - Processing file /home/airflow/.local/lib/python3.8/site-packages/airflow/example_dags/example_latest_only_with_trigger.py for tasks to queue
[2023-12-01T22:35:01.522+0000] {logging_mixin.py:154} INFO - [2023-12-01T22:35:01.521+0000] {dagbag.py:536} INFO - Filling up the DagBag from /home/airflow/.local/lib/python3.8/site-packages/airflow/example_dags/example_latest_only_with_trigger.py
[2023-12-01T22:35:01.526+0000] {processor.py:839} INFO - DAG(s) dict_keys(['latest_only_with_trigger']) retrieved from /home/airflow/.local/lib/python3.8/site-packages/airflow/example_dags/example_latest_only_with_trigger.py
[2023-12-01T22:35:01.544+0000] {logging_mixin.py:154} INFO - [2023-12-01T22:35:01.544+0000] {dag.py:2941} INFO - Sync 1 DAGs
[2023-12-01T22:35:01.572+0000] {logging_mixin.py:154} INFO - [2023-12-01T22:35:01.571+0000] {dag.py:3722} INFO - Setting next_dagrun for latest_only_with_trigger to 2023-12-01T18:35:01.571647+00:00, run_after=2023-12-01T22:35:01.571647+00:00
[2023-12-01T22:35:01.588+0000] {processor.py:179} INFO - Processing /home/airflow/.local/lib/python3.8/site-packages/airflow/example_dags/example_latest_only_with_trigger.py took 0.072 seconds
[2023-12-01T22:35:31.808+0000] {processor.py:157} INFO - Started process (PID=1582) to work on /home/airflow/.local/lib/python3.8/site-packages/airflow/example_dags/example_latest_only_with_trigger.py
[2023-12-01T22:35:31.809+0000] {processor.py:829} INFO - Processing file /home/airflow/.local/lib/python3.8/site-packages/airflow/example_dags/example_latest_only_with_trigger.py for tasks to queue
[2023-12-01T22:35:31.811+0000] {logging_mixin.py:154} INFO - [2023-12-01T22:35:31.811+0000] {dagbag.py:536} INFO - Filling up the DagBag from /home/airflow/.local/lib/python3.8/site-packages/airflow/example_dags/example_latest_only_with_trigger.py
[2023-12-01T22:35:31.816+0000] {processor.py:839} INFO - DAG(s) dict_keys(['latest_only_with_trigger']) retrieved from /home/airflow/.local/lib/python3.8/site-packages/airflow/example_dags/example_latest_only_with_trigger.py
[2023-12-01T22:35:31.833+0000] {logging_mixin.py:154} INFO - [2023-12-01T22:35:31.833+0000] {dag.py:2941} INFO - Sync 1 DAGs
[2023-12-01T22:35:31.851+0000] {logging_mixin.py:154} INFO - [2023-12-01T22:35:31.850+0000] {dag.py:3722} INFO - Setting next_dagrun for latest_only_with_trigger to 2023-12-01T18:35:31.850701+00:00, run_after=2023-12-01T22:35:31.850701+00:00
[2023-12-01T22:35:31.866+0000] {processor.py:179} INFO - Processing /home/airflow/.local/lib/python3.8/site-packages/airflow/example_dags/example_latest_only_with_trigger.py took 0.062 seconds
[2023-12-01T22:38:30.190+0000] {processor.py:157} INFO - Started process (PID=68) to work on /home/airflow/.local/lib/python3.8/site-packages/airflow/example_dags/example_latest_only_with_trigger.py
[2023-12-01T22:38:30.191+0000] {processor.py:829} INFO - Processing file /home/airflow/.local/lib/python3.8/site-packages/airflow/example_dags/example_latest_only_with_trigger.py for tasks to queue
[2023-12-01T22:38:30.194+0000] {logging_mixin.py:154} INFO - [2023-12-01T22:38:30.194+0000] {dagbag.py:536} INFO - Filling up the DagBag from /home/airflow/.local/lib/python3.8/site-packages/airflow/example_dags/example_latest_only_with_trigger.py
[2023-12-01T22:38:30.205+0000] {processor.py:839} INFO - DAG(s) dict_keys(['latest_only_with_trigger']) retrieved from /home/airflow/.local/lib/python3.8/site-packages/airflow/example_dags/example_latest_only_with_trigger.py
[2023-12-01T22:38:30.219+0000] {logging_mixin.py:154} INFO - [2023-12-01T22:38:30.219+0000] {dag.py:2941} INFO - Sync 1 DAGs
[2023-12-01T22:38:30.246+0000] {logging_mixin.py:154} INFO - [2023-12-01T22:38:30.246+0000] {dag.py:3722} INFO - Setting next_dagrun for latest_only_with_trigger to 2023-12-01T18:38:30.246036+00:00, run_after=2023-12-01T22:38:30.246036+00:00
[2023-12-01T22:38:30.270+0000] {processor.py:179} INFO - Processing /home/airflow/.local/lib/python3.8/site-packages/airflow/example_dags/example_latest_only_with_trigger.py took 0.083 seconds
[2023-12-01T22:39:00.729+0000] {processor.py:157} INFO - Started process (PID=122) to work on /home/airflow/.local/lib/python3.8/site-packages/airflow/example_dags/example_latest_only_with_trigger.py
[2023-12-01T22:39:00.730+0000] {processor.py:829} INFO - Processing file /home/airflow/.local/lib/python3.8/site-packages/airflow/example_dags/example_latest_only_with_trigger.py for tasks to queue
[2023-12-01T22:39:00.733+0000] {logging_mixin.py:154} INFO - [2023-12-01T22:39:00.732+0000] {dagbag.py:536} INFO - Filling up the DagBag from /home/airflow/.local/lib/python3.8/site-packages/airflow/example_dags/example_latest_only_with_trigger.py
[2023-12-01T22:39:00.737+0000] {processor.py:839} INFO - DAG(s) dict_keys(['latest_only_with_trigger']) retrieved from /home/airflow/.local/lib/python3.8/site-packages/airflow/example_dags/example_latest_only_with_trigger.py
[2023-12-01T22:39:00.758+0000] {logging_mixin.py:154} INFO - [2023-12-01T22:39:00.758+0000] {dag.py:2941} INFO - Sync 1 DAGs
[2023-12-01T22:39:00.784+0000] {logging_mixin.py:154} INFO - [2023-12-01T22:39:00.783+0000] {dag.py:3722} INFO - Setting next_dagrun for latest_only_with_trigger to 2023-12-01T18:39:00.783657+00:00, run_after=2023-12-01T22:39:00.783657+00:00
[2023-12-01T22:39:00.800+0000] {processor.py:179} INFO - Processing /home/airflow/.local/lib/python3.8/site-packages/airflow/example_dags/example_latest_only_with_trigger.py took 0.073 seconds
[2023-12-01T22:39:31.314+0000] {processor.py:157} INFO - Started process (PID=176) to work on /home/airflow/.local/lib/python3.8/site-packages/airflow/example_dags/example_latest_only_with_trigger.py
[2023-12-01T22:39:31.315+0000] {processor.py:829} INFO - Processing file /home/airflow/.local/lib/python3.8/site-packages/airflow/example_dags/example_latest_only_with_trigger.py for tasks to queue
[2023-12-01T22:39:31.317+0000] {logging_mixin.py:154} INFO - [2023-12-01T22:39:31.317+0000] {dagbag.py:536} INFO - Filling up the DagBag from /home/airflow/.local/lib/python3.8/site-packages/airflow/example_dags/example_latest_only_with_trigger.py
[2023-12-01T22:39:31.323+0000] {processor.py:839} INFO - DAG(s) dict_keys(['latest_only_with_trigger']) retrieved from /home/airflow/.local/lib/python3.8/site-packages/airflow/example_dags/example_latest_only_with_trigger.py
[2023-12-01T22:39:31.343+0000] {logging_mixin.py:154} INFO - [2023-12-01T22:39:31.342+0000] {dag.py:2941} INFO - Sync 1 DAGs
[2023-12-01T22:39:31.362+0000] {logging_mixin.py:154} INFO - [2023-12-01T22:39:31.362+0000] {dag.py:3722} INFO - Setting next_dagrun for latest_only_with_trigger to 2023-12-01T18:39:31.362138+00:00, run_after=2023-12-01T22:39:31.362138+00:00
[2023-12-01T22:39:31.378+0000] {processor.py:179} INFO - Processing /home/airflow/.local/lib/python3.8/site-packages/airflow/example_dags/example_latest_only_with_trigger.py took 0.067 seconds
[2023-12-01T22:40:01.760+0000] {processor.py:157} INFO - Started process (PID=230) to work on /home/airflow/.local/lib/python3.8/site-packages/airflow/example_dags/example_latest_only_with_trigger.py
[2023-12-01T22:40:01.761+0000] {processor.py:829} INFO - Processing file /home/airflow/.local/lib/python3.8/site-packages/airflow/example_dags/example_latest_only_with_trigger.py for tasks to queue
[2023-12-01T22:40:01.762+0000] {logging_mixin.py:154} INFO - [2023-12-01T22:40:01.762+0000] {dagbag.py:536} INFO - Filling up the DagBag from /home/airflow/.local/lib/python3.8/site-packages/airflow/example_dags/example_latest_only_with_trigger.py
[2023-12-01T22:40:01.766+0000] {processor.py:839} INFO - DAG(s) dict_keys(['latest_only_with_trigger']) retrieved from /home/airflow/.local/lib/python3.8/site-packages/airflow/example_dags/example_latest_only_with_trigger.py
[2023-12-01T22:40:01.782+0000] {logging_mixin.py:154} INFO - [2023-12-01T22:40:01.782+0000] {dag.py:2941} INFO - Sync 1 DAGs
[2023-12-01T22:40:01.801+0000] {logging_mixin.py:154} INFO - [2023-12-01T22:40:01.801+0000] {dag.py:3722} INFO - Setting next_dagrun for latest_only_with_trigger to 2023-12-01T18:40:01.801373+00:00, run_after=2023-12-01T22:40:01.801373+00:00
[2023-12-01T22:40:01.816+0000] {processor.py:179} INFO - Processing /home/airflow/.local/lib/python3.8/site-packages/airflow/example_dags/example_latest_only_with_trigger.py took 0.058 seconds
[2023-12-01T22:40:32.334+0000] {processor.py:157} INFO - Started process (PID=284) to work on /home/airflow/.local/lib/python3.8/site-packages/airflow/example_dags/example_latest_only_with_trigger.py
[2023-12-01T22:40:32.335+0000] {processor.py:829} INFO - Processing file /home/airflow/.local/lib/python3.8/site-packages/airflow/example_dags/example_latest_only_with_trigger.py for tasks to queue
[2023-12-01T22:40:32.336+0000] {logging_mixin.py:154} INFO - [2023-12-01T22:40:32.336+0000] {dagbag.py:536} INFO - Filling up the DagBag from /home/airflow/.local/lib/python3.8/site-packages/airflow/example_dags/example_latest_only_with_trigger.py
[2023-12-01T22:40:32.340+0000] {processor.py:839} INFO - DAG(s) dict_keys(['latest_only_with_trigger']) retrieved from /home/airflow/.local/lib/python3.8/site-packages/airflow/example_dags/example_latest_only_with_trigger.py
[2023-12-01T22:40:32.356+0000] {logging_mixin.py:154} INFO - [2023-12-01T22:40:32.356+0000] {dag.py:2941} INFO - Sync 1 DAGs
[2023-12-01T22:40:32.374+0000] {logging_mixin.py:154} INFO - [2023-12-01T22:40:32.374+0000] {dag.py:3722} INFO - Setting next_dagrun for latest_only_with_trigger to 2023-12-01T18:40:32.374552+00:00, run_after=2023-12-01T22:40:32.374552+00:00
[2023-12-01T22:40:32.389+0000] {processor.py:179} INFO - Processing /home/airflow/.local/lib/python3.8/site-packages/airflow/example_dags/example_latest_only_with_trigger.py took 0.058 seconds
[2023-12-01T22:41:02.751+0000] {processor.py:157} INFO - Started process (PID=338) to work on /home/airflow/.local/lib/python3.8/site-packages/airflow/example_dags/example_latest_only_with_trigger.py
[2023-12-01T22:41:02.752+0000] {processor.py:829} INFO - Processing file /home/airflow/.local/lib/python3.8/site-packages/airflow/example_dags/example_latest_only_with_trigger.py for tasks to queue
[2023-12-01T22:41:02.754+0000] {logging_mixin.py:154} INFO - [2023-12-01T22:41:02.754+0000] {dagbag.py:536} INFO - Filling up the DagBag from /home/airflow/.local/lib/python3.8/site-packages/airflow/example_dags/example_latest_only_with_trigger.py
[2023-12-01T22:41:02.765+0000] {processor.py:839} INFO - DAG(s) dict_keys(['latest_only_with_trigger']) retrieved from /home/airflow/.local/lib/python3.8/site-packages/airflow/example_dags/example_latest_only_with_trigger.py
[2023-12-01T22:41:02.788+0000] {logging_mixin.py:154} INFO - [2023-12-01T22:41:02.787+0000] {dag.py:2941} INFO - Sync 1 DAGs
[2023-12-01T22:41:02.813+0000] {logging_mixin.py:154} INFO - [2023-12-01T22:41:02.813+0000] {dag.py:3722} INFO - Setting next_dagrun for latest_only_with_trigger to 2023-12-01T18:41:02.812840+00:00, run_after=2023-12-01T22:41:02.812840+00:00
[2023-12-01T22:41:02.832+0000] {processor.py:179} INFO - Processing /home/airflow/.local/lib/python3.8/site-packages/airflow/example_dags/example_latest_only_with_trigger.py took 0.084 seconds
