[2023-12-01T22:13:41.991+0000] {processor.py:157} INFO - Started process (PID=58) to work on /home/airflow/.local/lib/python3.8/site-packages/airflow/example_dags/example_short_circuit_decorator.py
[2023-12-01T22:13:41.992+0000] {processor.py:829} INFO - Processing file /home/airflow/.local/lib/python3.8/site-packages/airflow/example_dags/example_short_circuit_decorator.py for tasks to queue
[2023-12-01T22:13:41.995+0000] {logging_mixin.py:154} INFO - [2023-12-01T22:13:41.994+0000] {dagbag.py:536} INFO - Filling up the DagBag from /home/airflow/.local/lib/python3.8/site-packages/airflow/example_dags/example_short_circuit_decorator.py
[2023-12-01T22:13:42.005+0000] {processor.py:839} INFO - DAG(s) dict_keys(['example_short_circuit_decorator']) retrieved from /home/airflow/.local/lib/python3.8/site-packages/airflow/example_dags/example_short_circuit_decorator.py
[2023-12-01T22:13:42.038+0000] {logging_mixin.py:154} INFO - [2023-12-01T22:13:42.038+0000] {dag.py:2941} INFO - Sync 1 DAGs
[2023-12-01T22:13:42.064+0000] {logging_mixin.py:154} INFO - [2023-12-01T22:13:42.063+0000] {dag.py:3722} INFO - Setting next_dagrun for example_short_circuit_decorator to 2023-11-30T22:13:42.063468+00:00, run_after=2023-12-01T22:13:42.063468+00:00
[2023-12-01T22:13:42.084+0000] {processor.py:179} INFO - Processing /home/airflow/.local/lib/python3.8/site-packages/airflow/example_dags/example_short_circuit_decorator.py took 0.095 seconds
[2023-12-01T22:19:41.331+0000] {processor.py:157} INFO - Started process (PID=56) to work on /home/airflow/.local/lib/python3.8/site-packages/airflow/example_dags/example_short_circuit_decorator.py
[2023-12-01T22:19:41.333+0000] {processor.py:829} INFO - Processing file /home/airflow/.local/lib/python3.8/site-packages/airflow/example_dags/example_short_circuit_decorator.py for tasks to queue
[2023-12-01T22:19:41.336+0000] {logging_mixin.py:154} INFO - [2023-12-01T22:19:41.336+0000] {dagbag.py:536} INFO - Filling up the DagBag from /home/airflow/.local/lib/python3.8/site-packages/airflow/example_dags/example_short_circuit_decorator.py
[2023-12-01T22:19:41.347+0000] {processor.py:839} INFO - DAG(s) dict_keys(['example_short_circuit_decorator']) retrieved from /home/airflow/.local/lib/python3.8/site-packages/airflow/example_dags/example_short_circuit_decorator.py
[2023-12-01T22:19:41.373+0000] {logging_mixin.py:154} INFO - [2023-12-01T22:19:41.373+0000] {dag.py:2941} INFO - Sync 1 DAGs
[2023-12-01T22:19:41.393+0000] {logging_mixin.py:154} INFO - [2023-12-01T22:19:41.393+0000] {dag.py:3722} INFO - Setting next_dagrun for example_short_circuit_decorator to 2023-11-30T22:19:41.393293+00:00, run_after=2023-12-01T22:19:41.393293+00:00
[2023-12-01T22:19:41.411+0000] {processor.py:179} INFO - Processing /home/airflow/.local/lib/python3.8/site-packages/airflow/example_dags/example_short_circuit_decorator.py took 0.082 seconds
[2023-12-01T22:21:22.469+0000] {processor.py:157} INFO - Started process (PID=57) to work on /home/airflow/.local/lib/python3.8/site-packages/airflow/example_dags/example_short_circuit_decorator.py
[2023-12-01T22:21:22.470+0000] {processor.py:829} INFO - Processing file /home/airflow/.local/lib/python3.8/site-packages/airflow/example_dags/example_short_circuit_decorator.py for tasks to queue
[2023-12-01T22:21:22.474+0000] {logging_mixin.py:154} INFO - [2023-12-01T22:21:22.473+0000] {dagbag.py:536} INFO - Filling up the DagBag from /home/airflow/.local/lib/python3.8/site-packages/airflow/example_dags/example_short_circuit_decorator.py
[2023-12-01T22:21:22.489+0000] {processor.py:839} INFO - DAG(s) dict_keys(['example_short_circuit_decorator']) retrieved from /home/airflow/.local/lib/python3.8/site-packages/airflow/example_dags/example_short_circuit_decorator.py
[2023-12-01T22:21:22.501+0000] {logging_mixin.py:154} INFO - [2023-12-01T22:21:22.500+0000] {dag.py:2941} INFO - Sync 1 DAGs
[2023-12-01T22:21:22.525+0000] {logging_mixin.py:154} INFO - [2023-12-01T22:21:22.525+0000] {dag.py:3722} INFO - Setting next_dagrun for example_short_circuit_decorator to 2023-11-30T22:21:22.525061+00:00, run_after=2023-12-01T22:21:22.525061+00:00
[2023-12-01T22:21:22.544+0000] {processor.py:179} INFO - Processing /home/airflow/.local/lib/python3.8/site-packages/airflow/example_dags/example_short_circuit_decorator.py took 0.078 seconds
[2023-12-01T22:21:52.688+0000] {processor.py:157} INFO - Started process (PID=112) to work on /home/airflow/.local/lib/python3.8/site-packages/airflow/example_dags/example_short_circuit_decorator.py
[2023-12-01T22:21:52.689+0000] {processor.py:829} INFO - Processing file /home/airflow/.local/lib/python3.8/site-packages/airflow/example_dags/example_short_circuit_decorator.py for tasks to queue
[2023-12-01T22:21:52.692+0000] {logging_mixin.py:154} INFO - [2023-12-01T22:21:52.692+0000] {dagbag.py:536} INFO - Filling up the DagBag from /home/airflow/.local/lib/python3.8/site-packages/airflow/example_dags/example_short_circuit_decorator.py
[2023-12-01T22:21:52.705+0000] {processor.py:839} INFO - DAG(s) dict_keys(['example_short_circuit_decorator']) retrieved from /home/airflow/.local/lib/python3.8/site-packages/airflow/example_dags/example_short_circuit_decorator.py
[2023-12-01T22:21:52.734+0000] {logging_mixin.py:154} INFO - [2023-12-01T22:21:52.734+0000] {dag.py:2941} INFO - Sync 1 DAGs
[2023-12-01T22:21:52.767+0000] {logging_mixin.py:154} INFO - [2023-12-01T22:21:52.767+0000] {dag.py:3722} INFO - Setting next_dagrun for example_short_circuit_decorator to 2023-11-30T22:21:52.767304+00:00, run_after=2023-12-01T22:21:52.767304+00:00
[2023-12-01T22:21:52.787+0000] {processor.py:179} INFO - Processing /home/airflow/.local/lib/python3.8/site-packages/airflow/example_dags/example_short_circuit_decorator.py took 0.101 seconds
[2023-12-01T22:22:23.088+0000] {processor.py:157} INFO - Started process (PID=166) to work on /home/airflow/.local/lib/python3.8/site-packages/airflow/example_dags/example_short_circuit_decorator.py
[2023-12-01T22:22:23.089+0000] {processor.py:829} INFO - Processing file /home/airflow/.local/lib/python3.8/site-packages/airflow/example_dags/example_short_circuit_decorator.py for tasks to queue
[2023-12-01T22:22:23.091+0000] {logging_mixin.py:154} INFO - [2023-12-01T22:22:23.091+0000] {dagbag.py:536} INFO - Filling up the DagBag from /home/airflow/.local/lib/python3.8/site-packages/airflow/example_dags/example_short_circuit_decorator.py
[2023-12-01T22:22:23.097+0000] {processor.py:839} INFO - DAG(s) dict_keys(['example_short_circuit_decorator']) retrieved from /home/airflow/.local/lib/python3.8/site-packages/airflow/example_dags/example_short_circuit_decorator.py
[2023-12-01T22:22:23.113+0000] {logging_mixin.py:154} INFO - [2023-12-01T22:22:23.113+0000] {dag.py:2941} INFO - Sync 1 DAGs
[2023-12-01T22:22:23.129+0000] {logging_mixin.py:154} INFO - [2023-12-01T22:22:23.129+0000] {dag.py:3722} INFO - Setting next_dagrun for example_short_circuit_decorator to 2023-11-30T22:22:23.128960+00:00, run_after=2023-12-01T22:22:23.128960+00:00
[2023-12-01T22:22:23.141+0000] {processor.py:179} INFO - Processing /home/airflow/.local/lib/python3.8/site-packages/airflow/example_dags/example_short_circuit_decorator.py took 0.055 seconds
[2023-12-01T22:22:53.312+0000] {processor.py:157} INFO - Started process (PID=220) to work on /home/airflow/.local/lib/python3.8/site-packages/airflow/example_dags/example_short_circuit_decorator.py
[2023-12-01T22:22:53.313+0000] {processor.py:829} INFO - Processing file /home/airflow/.local/lib/python3.8/site-packages/airflow/example_dags/example_short_circuit_decorator.py for tasks to queue
[2023-12-01T22:22:53.315+0000] {logging_mixin.py:154} INFO - [2023-12-01T22:22:53.315+0000] {dagbag.py:536} INFO - Filling up the DagBag from /home/airflow/.local/lib/python3.8/site-packages/airflow/example_dags/example_short_circuit_decorator.py
[2023-12-01T22:22:53.321+0000] {processor.py:839} INFO - DAG(s) dict_keys(['example_short_circuit_decorator']) retrieved from /home/airflow/.local/lib/python3.8/site-packages/airflow/example_dags/example_short_circuit_decorator.py
[2023-12-01T22:22:53.340+0000] {logging_mixin.py:154} INFO - [2023-12-01T22:22:53.340+0000] {dag.py:2941} INFO - Sync 1 DAGs
[2023-12-01T22:22:53.360+0000] {logging_mixin.py:154} INFO - [2023-12-01T22:22:53.360+0000] {dag.py:3722} INFO - Setting next_dagrun for example_short_circuit_decorator to 2023-11-30T22:22:53.360160+00:00, run_after=2023-12-01T22:22:53.360160+00:00
[2023-12-01T22:22:53.375+0000] {processor.py:179} INFO - Processing /home/airflow/.local/lib/python3.8/site-packages/airflow/example_dags/example_short_circuit_decorator.py took 0.065 seconds
[2023-12-01T22:23:23.467+0000] {processor.py:157} INFO - Started process (PID=274) to work on /home/airflow/.local/lib/python3.8/site-packages/airflow/example_dags/example_short_circuit_decorator.py
[2023-12-01T22:23:23.467+0000] {processor.py:829} INFO - Processing file /home/airflow/.local/lib/python3.8/site-packages/airflow/example_dags/example_short_circuit_decorator.py for tasks to queue
[2023-12-01T22:23:23.469+0000] {logging_mixin.py:154} INFO - [2023-12-01T22:23:23.469+0000] {dagbag.py:536} INFO - Filling up the DagBag from /home/airflow/.local/lib/python3.8/site-packages/airflow/example_dags/example_short_circuit_decorator.py
[2023-12-01T22:23:23.475+0000] {processor.py:839} INFO - DAG(s) dict_keys(['example_short_circuit_decorator']) retrieved from /home/airflow/.local/lib/python3.8/site-packages/airflow/example_dags/example_short_circuit_decorator.py
[2023-12-01T22:23:23.492+0000] {logging_mixin.py:154} INFO - [2023-12-01T22:23:23.491+0000] {dag.py:2941} INFO - Sync 1 DAGs
[2023-12-01T22:23:23.507+0000] {logging_mixin.py:154} INFO - [2023-12-01T22:23:23.507+0000] {dag.py:3722} INFO - Setting next_dagrun for example_short_circuit_decorator to 2023-11-30T22:23:23.507133+00:00, run_after=2023-12-01T22:23:23.507133+00:00
[2023-12-01T22:23:23.520+0000] {processor.py:179} INFO - Processing /home/airflow/.local/lib/python3.8/site-packages/airflow/example_dags/example_short_circuit_decorator.py took 0.055 seconds
[2023-12-01T22:23:53.710+0000] {processor.py:157} INFO - Started process (PID=328) to work on /home/airflow/.local/lib/python3.8/site-packages/airflow/example_dags/example_short_circuit_decorator.py
[2023-12-01T22:23:53.711+0000] {processor.py:829} INFO - Processing file /home/airflow/.local/lib/python3.8/site-packages/airflow/example_dags/example_short_circuit_decorator.py for tasks to queue
[2023-12-01T22:23:53.713+0000] {logging_mixin.py:154} INFO - [2023-12-01T22:23:53.713+0000] {dagbag.py:536} INFO - Filling up the DagBag from /home/airflow/.local/lib/python3.8/site-packages/airflow/example_dags/example_short_circuit_decorator.py
[2023-12-01T22:23:53.719+0000] {processor.py:839} INFO - DAG(s) dict_keys(['example_short_circuit_decorator']) retrieved from /home/airflow/.local/lib/python3.8/site-packages/airflow/example_dags/example_short_circuit_decorator.py
[2023-12-01T22:23:53.735+0000] {logging_mixin.py:154} INFO - [2023-12-01T22:23:53.735+0000] {dag.py:2941} INFO - Sync 1 DAGs
[2023-12-01T22:23:53.751+0000] {logging_mixin.py:154} INFO - [2023-12-01T22:23:53.751+0000] {dag.py:3722} INFO - Setting next_dagrun for example_short_circuit_decorator to 2023-11-30T22:23:53.751414+00:00, run_after=2023-12-01T22:23:53.751414+00:00
[2023-12-01T22:23:53.764+0000] {processor.py:179} INFO - Processing /home/airflow/.local/lib/python3.8/site-packages/airflow/example_dags/example_short_circuit_decorator.py took 0.056 seconds
[2023-12-01T22:24:23.964+0000] {processor.py:157} INFO - Started process (PID=382) to work on /home/airflow/.local/lib/python3.8/site-packages/airflow/example_dags/example_short_circuit_decorator.py
[2023-12-01T22:24:23.965+0000] {processor.py:829} INFO - Processing file /home/airflow/.local/lib/python3.8/site-packages/airflow/example_dags/example_short_circuit_decorator.py for tasks to queue
[2023-12-01T22:24:23.967+0000] {logging_mixin.py:154} INFO - [2023-12-01T22:24:23.967+0000] {dagbag.py:536} INFO - Filling up the DagBag from /home/airflow/.local/lib/python3.8/site-packages/airflow/example_dags/example_short_circuit_decorator.py
[2023-12-01T22:24:23.973+0000] {processor.py:839} INFO - DAG(s) dict_keys(['example_short_circuit_decorator']) retrieved from /home/airflow/.local/lib/python3.8/site-packages/airflow/example_dags/example_short_circuit_decorator.py
[2023-12-01T22:24:23.990+0000] {logging_mixin.py:154} INFO - [2023-12-01T22:24:23.989+0000] {dag.py:2941} INFO - Sync 1 DAGs
[2023-12-01T22:24:24.010+0000] {logging_mixin.py:154} INFO - [2023-12-01T22:24:24.010+0000] {dag.py:3722} INFO - Setting next_dagrun for example_short_circuit_decorator to 2023-11-30T22:24:24.009995+00:00, run_after=2023-12-01T22:24:24.009995+00:00
[2023-12-01T22:24:24.026+0000] {processor.py:179} INFO - Processing /home/airflow/.local/lib/python3.8/site-packages/airflow/example_dags/example_short_circuit_decorator.py took 0.063 seconds
[2023-12-01T22:24:55.059+0000] {processor.py:157} INFO - Started process (PID=436) to work on /home/airflow/.local/lib/python3.8/site-packages/airflow/example_dags/example_short_circuit_decorator.py
[2023-12-01T22:24:55.060+0000] {processor.py:829} INFO - Processing file /home/airflow/.local/lib/python3.8/site-packages/airflow/example_dags/example_short_circuit_decorator.py for tasks to queue
[2023-12-01T22:24:55.061+0000] {logging_mixin.py:154} INFO - [2023-12-01T22:24:55.061+0000] {dagbag.py:536} INFO - Filling up the DagBag from /home/airflow/.local/lib/python3.8/site-packages/airflow/example_dags/example_short_circuit_decorator.py
[2023-12-01T22:24:55.068+0000] {processor.py:839} INFO - DAG(s) dict_keys(['example_short_circuit_decorator']) retrieved from /home/airflow/.local/lib/python3.8/site-packages/airflow/example_dags/example_short_circuit_decorator.py
[2023-12-01T22:24:55.085+0000] {logging_mixin.py:154} INFO - [2023-12-01T22:24:55.085+0000] {dag.py:2941} INFO - Sync 1 DAGs
[2023-12-01T22:24:55.102+0000] {logging_mixin.py:154} INFO - [2023-12-01T22:24:55.102+0000] {dag.py:3722} INFO - Setting next_dagrun for example_short_circuit_decorator to 2023-11-30T22:24:55.102112+00:00, run_after=2023-12-01T22:24:55.102112+00:00
[2023-12-01T22:24:55.118+0000] {processor.py:179} INFO - Processing /home/airflow/.local/lib/python3.8/site-packages/airflow/example_dags/example_short_circuit_decorator.py took 0.062 seconds
[2023-12-01T22:25:25.159+0000] {processor.py:157} INFO - Started process (PID=490) to work on /home/airflow/.local/lib/python3.8/site-packages/airflow/example_dags/example_short_circuit_decorator.py
[2023-12-01T22:25:25.160+0000] {processor.py:829} INFO - Processing file /home/airflow/.local/lib/python3.8/site-packages/airflow/example_dags/example_short_circuit_decorator.py for tasks to queue
[2023-12-01T22:25:25.162+0000] {logging_mixin.py:154} INFO - [2023-12-01T22:25:25.162+0000] {dagbag.py:536} INFO - Filling up the DagBag from /home/airflow/.local/lib/python3.8/site-packages/airflow/example_dags/example_short_circuit_decorator.py
[2023-12-01T22:25:25.169+0000] {processor.py:839} INFO - DAG(s) dict_keys(['example_short_circuit_decorator']) retrieved from /home/airflow/.local/lib/python3.8/site-packages/airflow/example_dags/example_short_circuit_decorator.py
[2023-12-01T22:25:25.184+0000] {logging_mixin.py:154} INFO - [2023-12-01T22:25:25.184+0000] {dag.py:2941} INFO - Sync 1 DAGs
[2023-12-01T22:25:25.200+0000] {logging_mixin.py:154} INFO - [2023-12-01T22:25:25.200+0000] {dag.py:3722} INFO - Setting next_dagrun for example_short_circuit_decorator to 2023-11-30T22:25:25.200061+00:00, run_after=2023-12-01T22:25:25.200061+00:00
[2023-12-01T22:25:25.213+0000] {processor.py:179} INFO - Processing /home/airflow/.local/lib/python3.8/site-packages/airflow/example_dags/example_short_circuit_decorator.py took 0.056 seconds
[2023-12-01T22:25:56.162+0000] {processor.py:157} INFO - Started process (PID=544) to work on /home/airflow/.local/lib/python3.8/site-packages/airflow/example_dags/example_short_circuit_decorator.py
[2023-12-01T22:25:56.162+0000] {processor.py:829} INFO - Processing file /home/airflow/.local/lib/python3.8/site-packages/airflow/example_dags/example_short_circuit_decorator.py for tasks to queue
[2023-12-01T22:25:56.164+0000] {logging_mixin.py:154} INFO - [2023-12-01T22:25:56.164+0000] {dagbag.py:536} INFO - Filling up the DagBag from /home/airflow/.local/lib/python3.8/site-packages/airflow/example_dags/example_short_circuit_decorator.py
[2023-12-01T22:25:56.170+0000] {processor.py:839} INFO - DAG(s) dict_keys(['example_short_circuit_decorator']) retrieved from /home/airflow/.local/lib/python3.8/site-packages/airflow/example_dags/example_short_circuit_decorator.py
[2023-12-01T22:25:56.186+0000] {logging_mixin.py:154} INFO - [2023-12-01T22:25:56.186+0000] {dag.py:2941} INFO - Sync 1 DAGs
[2023-12-01T22:25:56.201+0000] {logging_mixin.py:154} INFO - [2023-12-01T22:25:56.200+0000] {dag.py:3722} INFO - Setting next_dagrun for example_short_circuit_decorator to 2023-11-30T22:25:56.200692+00:00, run_after=2023-12-01T22:25:56.200692+00:00
[2023-12-01T22:25:56.213+0000] {processor.py:179} INFO - Processing /home/airflow/.local/lib/python3.8/site-packages/airflow/example_dags/example_short_circuit_decorator.py took 0.053 seconds
[2023-12-01T22:26:26.252+0000] {processor.py:157} INFO - Started process (PID=598) to work on /home/airflow/.local/lib/python3.8/site-packages/airflow/example_dags/example_short_circuit_decorator.py
[2023-12-01T22:26:26.253+0000] {processor.py:829} INFO - Processing file /home/airflow/.local/lib/python3.8/site-packages/airflow/example_dags/example_short_circuit_decorator.py for tasks to queue
[2023-12-01T22:26:26.255+0000] {logging_mixin.py:154} INFO - [2023-12-01T22:26:26.255+0000] {dagbag.py:536} INFO - Filling up the DagBag from /home/airflow/.local/lib/python3.8/site-packages/airflow/example_dags/example_short_circuit_decorator.py
[2023-12-01T22:26:26.261+0000] {processor.py:839} INFO - DAG(s) dict_keys(['example_short_circuit_decorator']) retrieved from /home/airflow/.local/lib/python3.8/site-packages/airflow/example_dags/example_short_circuit_decorator.py
[2023-12-01T22:26:26.276+0000] {logging_mixin.py:154} INFO - [2023-12-01T22:26:26.276+0000] {dag.py:2941} INFO - Sync 1 DAGs
[2023-12-01T22:26:26.292+0000] {logging_mixin.py:154} INFO - [2023-12-01T22:26:26.291+0000] {dag.py:3722} INFO - Setting next_dagrun for example_short_circuit_decorator to 2023-11-30T22:26:26.291655+00:00, run_after=2023-12-01T22:26:26.291655+00:00
[2023-12-01T22:26:26.304+0000] {processor.py:179} INFO - Processing /home/airflow/.local/lib/python3.8/site-packages/airflow/example_dags/example_short_circuit_decorator.py took 0.053 seconds
[2023-12-01T22:26:56.377+0000] {processor.py:157} INFO - Started process (PID=652) to work on /home/airflow/.local/lib/python3.8/site-packages/airflow/example_dags/example_short_circuit_decorator.py
[2023-12-01T22:26:56.378+0000] {processor.py:829} INFO - Processing file /home/airflow/.local/lib/python3.8/site-packages/airflow/example_dags/example_short_circuit_decorator.py for tasks to queue
[2023-12-01T22:26:56.379+0000] {logging_mixin.py:154} INFO - [2023-12-01T22:26:56.379+0000] {dagbag.py:536} INFO - Filling up the DagBag from /home/airflow/.local/lib/python3.8/site-packages/airflow/example_dags/example_short_circuit_decorator.py
[2023-12-01T22:26:56.385+0000] {processor.py:839} INFO - DAG(s) dict_keys(['example_short_circuit_decorator']) retrieved from /home/airflow/.local/lib/python3.8/site-packages/airflow/example_dags/example_short_circuit_decorator.py
[2023-12-01T22:26:56.401+0000] {logging_mixin.py:154} INFO - [2023-12-01T22:26:56.401+0000] {dag.py:2941} INFO - Sync 1 DAGs
[2023-12-01T22:26:56.416+0000] {logging_mixin.py:154} INFO - [2023-12-01T22:26:56.416+0000] {dag.py:3722} INFO - Setting next_dagrun for example_short_circuit_decorator to 2023-11-30T22:26:56.415960+00:00, run_after=2023-12-01T22:26:56.415960+00:00
[2023-12-01T22:26:56.428+0000] {processor.py:179} INFO - Processing /home/airflow/.local/lib/python3.8/site-packages/airflow/example_dags/example_short_circuit_decorator.py took 0.053 seconds
[2023-12-01T22:27:26.595+0000] {processor.py:157} INFO - Started process (PID=706) to work on /home/airflow/.local/lib/python3.8/site-packages/airflow/example_dags/example_short_circuit_decorator.py
[2023-12-01T22:27:26.596+0000] {processor.py:829} INFO - Processing file /home/airflow/.local/lib/python3.8/site-packages/airflow/example_dags/example_short_circuit_decorator.py for tasks to queue
[2023-12-01T22:27:26.598+0000] {logging_mixin.py:154} INFO - [2023-12-01T22:27:26.598+0000] {dagbag.py:536} INFO - Filling up the DagBag from /home/airflow/.local/lib/python3.8/site-packages/airflow/example_dags/example_short_circuit_decorator.py
[2023-12-01T22:27:26.604+0000] {processor.py:839} INFO - DAG(s) dict_keys(['example_short_circuit_decorator']) retrieved from /home/airflow/.local/lib/python3.8/site-packages/airflow/example_dags/example_short_circuit_decorator.py
[2023-12-01T22:27:26.619+0000] {logging_mixin.py:154} INFO - [2023-12-01T22:27:26.619+0000] {dag.py:2941} INFO - Sync 1 DAGs
[2023-12-01T22:27:26.635+0000] {logging_mixin.py:154} INFO - [2023-12-01T22:27:26.634+0000] {dag.py:3722} INFO - Setting next_dagrun for example_short_circuit_decorator to 2023-11-30T22:27:26.634821+00:00, run_after=2023-12-01T22:27:26.634821+00:00
[2023-12-01T22:27:26.648+0000] {processor.py:179} INFO - Processing /home/airflow/.local/lib/python3.8/site-packages/airflow/example_dags/example_short_circuit_decorator.py took 0.055 seconds
[2023-12-01T22:27:57.441+0000] {processor.py:157} INFO - Started process (PID=760) to work on /home/airflow/.local/lib/python3.8/site-packages/airflow/example_dags/example_short_circuit_decorator.py
[2023-12-01T22:27:57.441+0000] {processor.py:829} INFO - Processing file /home/airflow/.local/lib/python3.8/site-packages/airflow/example_dags/example_short_circuit_decorator.py for tasks to queue
[2023-12-01T22:27:57.443+0000] {logging_mixin.py:154} INFO - [2023-12-01T22:27:57.443+0000] {dagbag.py:536} INFO - Filling up the DagBag from /home/airflow/.local/lib/python3.8/site-packages/airflow/example_dags/example_short_circuit_decorator.py
[2023-12-01T22:27:57.449+0000] {processor.py:839} INFO - DAG(s) dict_keys(['example_short_circuit_decorator']) retrieved from /home/airflow/.local/lib/python3.8/site-packages/airflow/example_dags/example_short_circuit_decorator.py
[2023-12-01T22:27:57.465+0000] {logging_mixin.py:154} INFO - [2023-12-01T22:27:57.465+0000] {dag.py:2941} INFO - Sync 1 DAGs
[2023-12-01T22:27:57.480+0000] {logging_mixin.py:154} INFO - [2023-12-01T22:27:57.479+0000] {dag.py:3722} INFO - Setting next_dagrun for example_short_circuit_decorator to 2023-11-30T22:27:57.479682+00:00, run_after=2023-12-01T22:27:57.479682+00:00
[2023-12-01T22:27:57.492+0000] {processor.py:179} INFO - Processing /home/airflow/.local/lib/python3.8/site-packages/airflow/example_dags/example_short_circuit_decorator.py took 0.054 seconds
[2023-12-01T22:28:27.731+0000] {processor.py:157} INFO - Started process (PID=814) to work on /home/airflow/.local/lib/python3.8/site-packages/airflow/example_dags/example_short_circuit_decorator.py
[2023-12-01T22:28:27.732+0000] {processor.py:829} INFO - Processing file /home/airflow/.local/lib/python3.8/site-packages/airflow/example_dags/example_short_circuit_decorator.py for tasks to queue
[2023-12-01T22:28:27.734+0000] {logging_mixin.py:154} INFO - [2023-12-01T22:28:27.734+0000] {dagbag.py:536} INFO - Filling up the DagBag from /home/airflow/.local/lib/python3.8/site-packages/airflow/example_dags/example_short_circuit_decorator.py
[2023-12-01T22:28:27.740+0000] {processor.py:839} INFO - DAG(s) dict_keys(['example_short_circuit_decorator']) retrieved from /home/airflow/.local/lib/python3.8/site-packages/airflow/example_dags/example_short_circuit_decorator.py
[2023-12-01T22:28:27.756+0000] {logging_mixin.py:154} INFO - [2023-12-01T22:28:27.755+0000] {dag.py:2941} INFO - Sync 1 DAGs
[2023-12-01T22:28:27.771+0000] {logging_mixin.py:154} INFO - [2023-12-01T22:28:27.771+0000] {dag.py:3722} INFO - Setting next_dagrun for example_short_circuit_decorator to 2023-11-30T22:28:27.770962+00:00, run_after=2023-12-01T22:28:27.770962+00:00
[2023-12-01T22:28:27.784+0000] {processor.py:179} INFO - Processing /home/airflow/.local/lib/python3.8/site-packages/airflow/example_dags/example_short_circuit_decorator.py took 0.054 seconds
[2023-12-01T22:28:57.846+0000] {processor.py:157} INFO - Started process (PID=868) to work on /home/airflow/.local/lib/python3.8/site-packages/airflow/example_dags/example_short_circuit_decorator.py
[2023-12-01T22:28:57.847+0000] {processor.py:829} INFO - Processing file /home/airflow/.local/lib/python3.8/site-packages/airflow/example_dags/example_short_circuit_decorator.py for tasks to queue
[2023-12-01T22:28:57.849+0000] {logging_mixin.py:154} INFO - [2023-12-01T22:28:57.848+0000] {dagbag.py:536} INFO - Filling up the DagBag from /home/airflow/.local/lib/python3.8/site-packages/airflow/example_dags/example_short_circuit_decorator.py
[2023-12-01T22:28:57.856+0000] {processor.py:839} INFO - DAG(s) dict_keys(['example_short_circuit_decorator']) retrieved from /home/airflow/.local/lib/python3.8/site-packages/airflow/example_dags/example_short_circuit_decorator.py
[2023-12-01T22:28:57.871+0000] {logging_mixin.py:154} INFO - [2023-12-01T22:28:57.871+0000] {dag.py:2941} INFO - Sync 1 DAGs
[2023-12-01T22:28:57.886+0000] {logging_mixin.py:154} INFO - [2023-12-01T22:28:57.886+0000] {dag.py:3722} INFO - Setting next_dagrun for example_short_circuit_decorator to 2023-11-30T22:28:57.886592+00:00, run_after=2023-12-01T22:28:57.886592+00:00
[2023-12-01T22:28:57.900+0000] {processor.py:179} INFO - Processing /home/airflow/.local/lib/python3.8/site-packages/airflow/example_dags/example_short_circuit_decorator.py took 0.056 seconds
[2023-12-01T22:29:27.947+0000] {processor.py:157} INFO - Started process (PID=922) to work on /home/airflow/.local/lib/python3.8/site-packages/airflow/example_dags/example_short_circuit_decorator.py
[2023-12-01T22:29:27.948+0000] {processor.py:829} INFO - Processing file /home/airflow/.local/lib/python3.8/site-packages/airflow/example_dags/example_short_circuit_decorator.py for tasks to queue
[2023-12-01T22:29:27.949+0000] {logging_mixin.py:154} INFO - [2023-12-01T22:29:27.949+0000] {dagbag.py:536} INFO - Filling up the DagBag from /home/airflow/.local/lib/python3.8/site-packages/airflow/example_dags/example_short_circuit_decorator.py
[2023-12-01T22:29:27.955+0000] {processor.py:839} INFO - DAG(s) dict_keys(['example_short_circuit_decorator']) retrieved from /home/airflow/.local/lib/python3.8/site-packages/airflow/example_dags/example_short_circuit_decorator.py
[2023-12-01T22:29:27.970+0000] {logging_mixin.py:154} INFO - [2023-12-01T22:29:27.970+0000] {dag.py:2941} INFO - Sync 1 DAGs
[2023-12-01T22:29:27.985+0000] {logging_mixin.py:154} INFO - [2023-12-01T22:29:27.985+0000] {dag.py:3722} INFO - Setting next_dagrun for example_short_circuit_decorator to 2023-11-30T22:29:27.985498+00:00, run_after=2023-12-01T22:29:27.985498+00:00
[2023-12-01T22:29:27.997+0000] {processor.py:179} INFO - Processing /home/airflow/.local/lib/python3.8/site-packages/airflow/example_dags/example_short_circuit_decorator.py took 0.052 seconds
[2023-12-01T22:29:58.088+0000] {processor.py:157} INFO - Started process (PID=976) to work on /home/airflow/.local/lib/python3.8/site-packages/airflow/example_dags/example_short_circuit_decorator.py
[2023-12-01T22:29:58.089+0000] {processor.py:829} INFO - Processing file /home/airflow/.local/lib/python3.8/site-packages/airflow/example_dags/example_short_circuit_decorator.py for tasks to queue
[2023-12-01T22:29:58.091+0000] {logging_mixin.py:154} INFO - [2023-12-01T22:29:58.091+0000] {dagbag.py:536} INFO - Filling up the DagBag from /home/airflow/.local/lib/python3.8/site-packages/airflow/example_dags/example_short_circuit_decorator.py
[2023-12-01T22:29:58.098+0000] {processor.py:839} INFO - DAG(s) dict_keys(['example_short_circuit_decorator']) retrieved from /home/airflow/.local/lib/python3.8/site-packages/airflow/example_dags/example_short_circuit_decorator.py
[2023-12-01T22:29:58.114+0000] {logging_mixin.py:154} INFO - [2023-12-01T22:29:58.114+0000] {dag.py:2941} INFO - Sync 1 DAGs
[2023-12-01T22:29:58.129+0000] {logging_mixin.py:154} INFO - [2023-12-01T22:29:58.128+0000] {dag.py:3722} INFO - Setting next_dagrun for example_short_circuit_decorator to 2023-11-30T22:29:58.128727+00:00, run_after=2023-12-01T22:29:58.128727+00:00
[2023-12-01T22:29:58.142+0000] {processor.py:179} INFO - Processing /home/airflow/.local/lib/python3.8/site-packages/airflow/example_dags/example_short_circuit_decorator.py took 0.056 seconds
[2023-12-01T22:30:28.218+0000] {processor.py:157} INFO - Started process (PID=1030) to work on /home/airflow/.local/lib/python3.8/site-packages/airflow/example_dags/example_short_circuit_decorator.py
[2023-12-01T22:30:28.219+0000] {processor.py:829} INFO - Processing file /home/airflow/.local/lib/python3.8/site-packages/airflow/example_dags/example_short_circuit_decorator.py for tasks to queue
[2023-12-01T22:30:28.221+0000] {logging_mixin.py:154} INFO - [2023-12-01T22:30:28.221+0000] {dagbag.py:536} INFO - Filling up the DagBag from /home/airflow/.local/lib/python3.8/site-packages/airflow/example_dags/example_short_circuit_decorator.py
[2023-12-01T22:30:28.227+0000] {processor.py:839} INFO - DAG(s) dict_keys(['example_short_circuit_decorator']) retrieved from /home/airflow/.local/lib/python3.8/site-packages/airflow/example_dags/example_short_circuit_decorator.py
[2023-12-01T22:30:28.242+0000] {logging_mixin.py:154} INFO - [2023-12-01T22:30:28.242+0000] {dag.py:2941} INFO - Sync 1 DAGs
[2023-12-01T22:30:28.258+0000] {logging_mixin.py:154} INFO - [2023-12-01T22:30:28.258+0000] {dag.py:3722} INFO - Setting next_dagrun for example_short_circuit_decorator to 2023-11-30T22:30:28.258218+00:00, run_after=2023-12-01T22:30:28.258218+00:00
[2023-12-01T22:30:28.271+0000] {processor.py:179} INFO - Processing /home/airflow/.local/lib/python3.8/site-packages/airflow/example_dags/example_short_circuit_decorator.py took 0.054 seconds
[2023-12-01T22:30:58.425+0000] {processor.py:157} INFO - Started process (PID=1084) to work on /home/airflow/.local/lib/python3.8/site-packages/airflow/example_dags/example_short_circuit_decorator.py
[2023-12-01T22:30:58.426+0000] {processor.py:829} INFO - Processing file /home/airflow/.local/lib/python3.8/site-packages/airflow/example_dags/example_short_circuit_decorator.py for tasks to queue
[2023-12-01T22:30:58.428+0000] {logging_mixin.py:154} INFO - [2023-12-01T22:30:58.428+0000] {dagbag.py:536} INFO - Filling up the DagBag from /home/airflow/.local/lib/python3.8/site-packages/airflow/example_dags/example_short_circuit_decorator.py
[2023-12-01T22:30:58.434+0000] {processor.py:839} INFO - DAG(s) dict_keys(['example_short_circuit_decorator']) retrieved from /home/airflow/.local/lib/python3.8/site-packages/airflow/example_dags/example_short_circuit_decorator.py
[2023-12-01T22:30:58.450+0000] {logging_mixin.py:154} INFO - [2023-12-01T22:30:58.449+0000] {dag.py:2941} INFO - Sync 1 DAGs
[2023-12-01T22:30:58.464+0000] {logging_mixin.py:154} INFO - [2023-12-01T22:30:58.464+0000] {dag.py:3722} INFO - Setting next_dagrun for example_short_circuit_decorator to 2023-11-30T22:30:58.464416+00:00, run_after=2023-12-01T22:30:58.464416+00:00
[2023-12-01T22:30:58.477+0000] {processor.py:179} INFO - Processing /home/airflow/.local/lib/python3.8/site-packages/airflow/example_dags/example_short_circuit_decorator.py took 0.053 seconds
[2023-12-01T22:31:28.597+0000] {processor.py:157} INFO - Started process (PID=1138) to work on /home/airflow/.local/lib/python3.8/site-packages/airflow/example_dags/example_short_circuit_decorator.py
[2023-12-01T22:31:28.598+0000] {processor.py:829} INFO - Processing file /home/airflow/.local/lib/python3.8/site-packages/airflow/example_dags/example_short_circuit_decorator.py for tasks to queue
[2023-12-01T22:31:28.600+0000] {logging_mixin.py:154} INFO - [2023-12-01T22:31:28.600+0000] {dagbag.py:536} INFO - Filling up the DagBag from /home/airflow/.local/lib/python3.8/site-packages/airflow/example_dags/example_short_circuit_decorator.py
[2023-12-01T22:31:28.606+0000] {processor.py:839} INFO - DAG(s) dict_keys(['example_short_circuit_decorator']) retrieved from /home/airflow/.local/lib/python3.8/site-packages/airflow/example_dags/example_short_circuit_decorator.py
[2023-12-01T22:31:28.622+0000] {logging_mixin.py:154} INFO - [2023-12-01T22:31:28.622+0000] {dag.py:2941} INFO - Sync 1 DAGs
[2023-12-01T22:31:28.637+0000] {logging_mixin.py:154} INFO - [2023-12-01T22:31:28.637+0000] {dag.py:3722} INFO - Setting next_dagrun for example_short_circuit_decorator to 2023-11-30T22:31:28.637678+00:00, run_after=2023-12-01T22:31:28.637678+00:00
[2023-12-01T22:31:28.650+0000] {processor.py:179} INFO - Processing /home/airflow/.local/lib/python3.8/site-packages/airflow/example_dags/example_short_circuit_decorator.py took 0.055 seconds
[2023-12-01T22:31:58.729+0000] {processor.py:157} INFO - Started process (PID=1192) to work on /home/airflow/.local/lib/python3.8/site-packages/airflow/example_dags/example_short_circuit_decorator.py
[2023-12-01T22:31:58.730+0000] {processor.py:829} INFO - Processing file /home/airflow/.local/lib/python3.8/site-packages/airflow/example_dags/example_short_circuit_decorator.py for tasks to queue
[2023-12-01T22:31:58.732+0000] {logging_mixin.py:154} INFO - [2023-12-01T22:31:58.731+0000] {dagbag.py:536} INFO - Filling up the DagBag from /home/airflow/.local/lib/python3.8/site-packages/airflow/example_dags/example_short_circuit_decorator.py
[2023-12-01T22:31:58.738+0000] {processor.py:839} INFO - DAG(s) dict_keys(['example_short_circuit_decorator']) retrieved from /home/airflow/.local/lib/python3.8/site-packages/airflow/example_dags/example_short_circuit_decorator.py
[2023-12-01T22:31:58.753+0000] {logging_mixin.py:154} INFO - [2023-12-01T22:31:58.753+0000] {dag.py:2941} INFO - Sync 1 DAGs
[2023-12-01T22:31:58.768+0000] {logging_mixin.py:154} INFO - [2023-12-01T22:31:58.768+0000] {dag.py:3722} INFO - Setting next_dagrun for example_short_circuit_decorator to 2023-11-30T22:31:58.768512+00:00, run_after=2023-12-01T22:31:58.768512+00:00
[2023-12-01T22:31:58.781+0000] {processor.py:179} INFO - Processing /home/airflow/.local/lib/python3.8/site-packages/airflow/example_dags/example_short_circuit_decorator.py took 0.054 seconds
[2023-12-01T22:32:28.860+0000] {processor.py:157} INFO - Started process (PID=1246) to work on /home/airflow/.local/lib/python3.8/site-packages/airflow/example_dags/example_short_circuit_decorator.py
[2023-12-01T22:32:28.861+0000] {processor.py:829} INFO - Processing file /home/airflow/.local/lib/python3.8/site-packages/airflow/example_dags/example_short_circuit_decorator.py for tasks to queue
[2023-12-01T22:32:28.862+0000] {logging_mixin.py:154} INFO - [2023-12-01T22:32:28.862+0000] {dagbag.py:536} INFO - Filling up the DagBag from /home/airflow/.local/lib/python3.8/site-packages/airflow/example_dags/example_short_circuit_decorator.py
[2023-12-01T22:32:28.868+0000] {processor.py:839} INFO - DAG(s) dict_keys(['example_short_circuit_decorator']) retrieved from /home/airflow/.local/lib/python3.8/site-packages/airflow/example_dags/example_short_circuit_decorator.py
[2023-12-01T22:32:28.884+0000] {logging_mixin.py:154} INFO - [2023-12-01T22:32:28.884+0000] {dag.py:2941} INFO - Sync 1 DAGs
[2023-12-01T22:32:28.899+0000] {logging_mixin.py:154} INFO - [2023-12-01T22:32:28.899+0000] {dag.py:3722} INFO - Setting next_dagrun for example_short_circuit_decorator to 2023-11-30T22:32:28.899177+00:00, run_after=2023-12-01T22:32:28.899177+00:00
[2023-12-01T22:32:28.911+0000] {processor.py:179} INFO - Processing /home/airflow/.local/lib/python3.8/site-packages/airflow/example_dags/example_short_circuit_decorator.py took 0.054 seconds
[2023-12-01T22:32:59.274+0000] {processor.py:157} INFO - Started process (PID=1300) to work on /home/airflow/.local/lib/python3.8/site-packages/airflow/example_dags/example_short_circuit_decorator.py
[2023-12-01T22:32:59.275+0000] {processor.py:829} INFO - Processing file /home/airflow/.local/lib/python3.8/site-packages/airflow/example_dags/example_short_circuit_decorator.py for tasks to queue
[2023-12-01T22:32:59.277+0000] {logging_mixin.py:154} INFO - [2023-12-01T22:32:59.276+0000] {dagbag.py:536} INFO - Filling up the DagBag from /home/airflow/.local/lib/python3.8/site-packages/airflow/example_dags/example_short_circuit_decorator.py
[2023-12-01T22:32:59.283+0000] {processor.py:839} INFO - DAG(s) dict_keys(['example_short_circuit_decorator']) retrieved from /home/airflow/.local/lib/python3.8/site-packages/airflow/example_dags/example_short_circuit_decorator.py
[2023-12-01T22:32:59.300+0000] {logging_mixin.py:154} INFO - [2023-12-01T22:32:59.300+0000] {dag.py:2941} INFO - Sync 1 DAGs
[2023-12-01T22:32:59.316+0000] {logging_mixin.py:154} INFO - [2023-12-01T22:32:59.316+0000] {dag.py:3722} INFO - Setting next_dagrun for example_short_circuit_decorator to 2023-11-30T22:32:59.316431+00:00, run_after=2023-12-01T22:32:59.316431+00:00
[2023-12-01T22:32:59.330+0000] {processor.py:179} INFO - Processing /home/airflow/.local/lib/python3.8/site-packages/airflow/example_dags/example_short_circuit_decorator.py took 0.058 seconds
[2023-12-01T22:33:29.509+0000] {processor.py:157} INFO - Started process (PID=1355) to work on /home/airflow/.local/lib/python3.8/site-packages/airflow/example_dags/example_short_circuit_decorator.py
[2023-12-01T22:33:29.510+0000] {processor.py:829} INFO - Processing file /home/airflow/.local/lib/python3.8/site-packages/airflow/example_dags/example_short_circuit_decorator.py for tasks to queue
[2023-12-01T22:33:29.512+0000] {logging_mixin.py:154} INFO - [2023-12-01T22:33:29.511+0000] {dagbag.py:536} INFO - Filling up the DagBag from /home/airflow/.local/lib/python3.8/site-packages/airflow/example_dags/example_short_circuit_decorator.py
[2023-12-01T22:33:29.520+0000] {processor.py:839} INFO - DAG(s) dict_keys(['example_short_circuit_decorator']) retrieved from /home/airflow/.local/lib/python3.8/site-packages/airflow/example_dags/example_short_circuit_decorator.py
[2023-12-01T22:33:29.539+0000] {logging_mixin.py:154} INFO - [2023-12-01T22:33:29.539+0000] {dag.py:2941} INFO - Sync 1 DAGs
[2023-12-01T22:33:29.558+0000] {logging_mixin.py:154} INFO - [2023-12-01T22:33:29.558+0000] {dag.py:3722} INFO - Setting next_dagrun for example_short_circuit_decorator to 2023-11-30T22:33:29.558151+00:00, run_after=2023-12-01T22:33:29.558151+00:00
[2023-12-01T22:33:29.574+0000] {processor.py:179} INFO - Processing /home/airflow/.local/lib/python3.8/site-packages/airflow/example_dags/example_short_circuit_decorator.py took 0.068 seconds
[2023-12-01T22:33:59.795+0000] {processor.py:157} INFO - Started process (PID=1409) to work on /home/airflow/.local/lib/python3.8/site-packages/airflow/example_dags/example_short_circuit_decorator.py
[2023-12-01T22:33:59.797+0000] {processor.py:829} INFO - Processing file /home/airflow/.local/lib/python3.8/site-packages/airflow/example_dags/example_short_circuit_decorator.py for tasks to queue
[2023-12-01T22:33:59.800+0000] {logging_mixin.py:154} INFO - [2023-12-01T22:33:59.800+0000] {dagbag.py:536} INFO - Filling up the DagBag from /home/airflow/.local/lib/python3.8/site-packages/airflow/example_dags/example_short_circuit_decorator.py
[2023-12-01T22:33:59.807+0000] {processor.py:839} INFO - DAG(s) dict_keys(['example_short_circuit_decorator']) retrieved from /home/airflow/.local/lib/python3.8/site-packages/airflow/example_dags/example_short_circuit_decorator.py
[2023-12-01T22:33:59.828+0000] {logging_mixin.py:154} INFO - [2023-12-01T22:33:59.828+0000] {dag.py:2941} INFO - Sync 1 DAGs
[2023-12-01T22:33:59.846+0000] {logging_mixin.py:154} INFO - [2023-12-01T22:33:59.846+0000] {dag.py:3722} INFO - Setting next_dagrun for example_short_circuit_decorator to 2023-11-30T22:33:59.845940+00:00, run_after=2023-12-01T22:33:59.845940+00:00
[2023-12-01T22:33:59.860+0000] {processor.py:179} INFO - Processing /home/airflow/.local/lib/python3.8/site-packages/airflow/example_dags/example_short_circuit_decorator.py took 0.067 seconds
[2023-12-01T22:34:30.389+0000] {processor.py:157} INFO - Started process (PID=1463) to work on /home/airflow/.local/lib/python3.8/site-packages/airflow/example_dags/example_short_circuit_decorator.py
[2023-12-01T22:34:30.390+0000] {processor.py:829} INFO - Processing file /home/airflow/.local/lib/python3.8/site-packages/airflow/example_dags/example_short_circuit_decorator.py for tasks to queue
[2023-12-01T22:34:30.392+0000] {logging_mixin.py:154} INFO - [2023-12-01T22:34:30.392+0000] {dagbag.py:536} INFO - Filling up the DagBag from /home/airflow/.local/lib/python3.8/site-packages/airflow/example_dags/example_short_circuit_decorator.py
[2023-12-01T22:34:30.402+0000] {processor.py:839} INFO - DAG(s) dict_keys(['example_short_circuit_decorator']) retrieved from /home/airflow/.local/lib/python3.8/site-packages/airflow/example_dags/example_short_circuit_decorator.py
[2023-12-01T22:34:30.424+0000] {logging_mixin.py:154} INFO - [2023-12-01T22:34:30.424+0000] {dag.py:2941} INFO - Sync 1 DAGs
[2023-12-01T22:34:30.446+0000] {logging_mixin.py:154} INFO - [2023-12-01T22:34:30.446+0000] {dag.py:3722} INFO - Setting next_dagrun for example_short_circuit_decorator to 2023-11-30T22:34:30.446144+00:00, run_after=2023-12-01T22:34:30.446144+00:00
[2023-12-01T22:34:30.465+0000] {processor.py:179} INFO - Processing /home/airflow/.local/lib/python3.8/site-packages/airflow/example_dags/example_short_circuit_decorator.py took 0.078 seconds
[2023-12-01T22:35:00.934+0000] {processor.py:157} INFO - Started process (PID=1517) to work on /home/airflow/.local/lib/python3.8/site-packages/airflow/example_dags/example_short_circuit_decorator.py
[2023-12-01T22:35:00.935+0000] {processor.py:829} INFO - Processing file /home/airflow/.local/lib/python3.8/site-packages/airflow/example_dags/example_short_circuit_decorator.py for tasks to queue
[2023-12-01T22:35:00.937+0000] {logging_mixin.py:154} INFO - [2023-12-01T22:35:00.937+0000] {dagbag.py:536} INFO - Filling up the DagBag from /home/airflow/.local/lib/python3.8/site-packages/airflow/example_dags/example_short_circuit_decorator.py
[2023-12-01T22:35:00.945+0000] {processor.py:839} INFO - DAG(s) dict_keys(['example_short_circuit_decorator']) retrieved from /home/airflow/.local/lib/python3.8/site-packages/airflow/example_dags/example_short_circuit_decorator.py
[2023-12-01T22:35:00.962+0000] {logging_mixin.py:154} INFO - [2023-12-01T22:35:00.962+0000] {dag.py:2941} INFO - Sync 1 DAGs
[2023-12-01T22:35:00.986+0000] {logging_mixin.py:154} INFO - [2023-12-01T22:35:00.986+0000] {dag.py:3722} INFO - Setting next_dagrun for example_short_circuit_decorator to 2023-11-30T22:35:00.986037+00:00, run_after=2023-12-01T22:35:00.986037+00:00
[2023-12-01T22:35:01.006+0000] {processor.py:179} INFO - Processing /home/airflow/.local/lib/python3.8/site-packages/airflow/example_dags/example_short_circuit_decorator.py took 0.074 seconds
[2023-12-01T22:35:31.322+0000] {processor.py:157} INFO - Started process (PID=1571) to work on /home/airflow/.local/lib/python3.8/site-packages/airflow/example_dags/example_short_circuit_decorator.py
[2023-12-01T22:35:31.323+0000] {processor.py:829} INFO - Processing file /home/airflow/.local/lib/python3.8/site-packages/airflow/example_dags/example_short_circuit_decorator.py for tasks to queue
[2023-12-01T22:35:31.324+0000] {logging_mixin.py:154} INFO - [2023-12-01T22:35:31.324+0000] {dagbag.py:536} INFO - Filling up the DagBag from /home/airflow/.local/lib/python3.8/site-packages/airflow/example_dags/example_short_circuit_decorator.py
[2023-12-01T22:35:31.330+0000] {processor.py:839} INFO - DAG(s) dict_keys(['example_short_circuit_decorator']) retrieved from /home/airflow/.local/lib/python3.8/site-packages/airflow/example_dags/example_short_circuit_decorator.py
[2023-12-01T22:35:31.365+0000] {logging_mixin.py:154} INFO - [2023-12-01T22:35:31.365+0000] {dag.py:2941} INFO - Sync 1 DAGs
[2023-12-01T22:35:31.389+0000] {logging_mixin.py:154} INFO - [2023-12-01T22:35:31.389+0000] {dag.py:3722} INFO - Setting next_dagrun for example_short_circuit_decorator to 2023-11-30T22:35:31.389252+00:00, run_after=2023-12-01T22:35:31.389252+00:00
[2023-12-01T22:35:31.405+0000] {processor.py:179} INFO - Processing /home/airflow/.local/lib/python3.8/site-packages/airflow/example_dags/example_short_circuit_decorator.py took 0.085 seconds
[2023-12-01T22:38:29.414+0000] {processor.py:157} INFO - Started process (PID=57) to work on /home/airflow/.local/lib/python3.8/site-packages/airflow/example_dags/example_short_circuit_decorator.py
[2023-12-01T22:38:29.415+0000] {processor.py:829} INFO - Processing file /home/airflow/.local/lib/python3.8/site-packages/airflow/example_dags/example_short_circuit_decorator.py for tasks to queue
[2023-12-01T22:38:29.417+0000] {logging_mixin.py:154} INFO - [2023-12-01T22:38:29.417+0000] {dagbag.py:536} INFO - Filling up the DagBag from /home/airflow/.local/lib/python3.8/site-packages/airflow/example_dags/example_short_circuit_decorator.py
[2023-12-01T22:38:29.432+0000] {processor.py:839} INFO - DAG(s) dict_keys(['example_short_circuit_decorator']) retrieved from /home/airflow/.local/lib/python3.8/site-packages/airflow/example_dags/example_short_circuit_decorator.py
[2023-12-01T22:38:29.449+0000] {logging_mixin.py:154} INFO - [2023-12-01T22:38:29.449+0000] {dag.py:2941} INFO - Sync 1 DAGs
[2023-12-01T22:38:29.488+0000] {logging_mixin.py:154} INFO - [2023-12-01T22:38:29.488+0000] {dag.py:3722} INFO - Setting next_dagrun for example_short_circuit_decorator to 2023-11-30T22:38:29.487774+00:00, run_after=2023-12-01T22:38:29.487774+00:00
[2023-12-01T22:38:29.523+0000] {processor.py:179} INFO - Processing /home/airflow/.local/lib/python3.8/site-packages/airflow/example_dags/example_short_circuit_decorator.py took 0.112 seconds
[2023-12-01T22:39:00.270+0000] {processor.py:157} INFO - Started process (PID=111) to work on /home/airflow/.local/lib/python3.8/site-packages/airflow/example_dags/example_short_circuit_decorator.py
[2023-12-01T22:39:00.271+0000] {processor.py:829} INFO - Processing file /home/airflow/.local/lib/python3.8/site-packages/airflow/example_dags/example_short_circuit_decorator.py for tasks to queue
[2023-12-01T22:39:00.274+0000] {logging_mixin.py:154} INFO - [2023-12-01T22:39:00.273+0000] {dagbag.py:536} INFO - Filling up the DagBag from /home/airflow/.local/lib/python3.8/site-packages/airflow/example_dags/example_short_circuit_decorator.py
[2023-12-01T22:39:00.283+0000] {processor.py:839} INFO - DAG(s) dict_keys(['example_short_circuit_decorator']) retrieved from /home/airflow/.local/lib/python3.8/site-packages/airflow/example_dags/example_short_circuit_decorator.py
[2023-12-01T22:39:00.304+0000] {logging_mixin.py:154} INFO - [2023-12-01T22:39:00.304+0000] {dag.py:2941} INFO - Sync 1 DAGs
[2023-12-01T22:39:00.322+0000] {logging_mixin.py:154} INFO - [2023-12-01T22:39:00.321+0000] {dag.py:3722} INFO - Setting next_dagrun for example_short_circuit_decorator to 2023-11-30T22:39:00.321768+00:00, run_after=2023-12-01T22:39:00.321768+00:00
[2023-12-01T22:39:00.338+0000] {processor.py:179} INFO - Processing /home/airflow/.local/lib/python3.8/site-packages/airflow/example_dags/example_short_circuit_decorator.py took 0.070 seconds
[2023-12-01T22:39:30.794+0000] {processor.py:157} INFO - Started process (PID=165) to work on /home/airflow/.local/lib/python3.8/site-packages/airflow/example_dags/example_short_circuit_decorator.py
[2023-12-01T22:39:30.795+0000] {processor.py:829} INFO - Processing file /home/airflow/.local/lib/python3.8/site-packages/airflow/example_dags/example_short_circuit_decorator.py for tasks to queue
[2023-12-01T22:39:30.799+0000] {logging_mixin.py:154} INFO - [2023-12-01T22:39:30.798+0000] {dagbag.py:536} INFO - Filling up the DagBag from /home/airflow/.local/lib/python3.8/site-packages/airflow/example_dags/example_short_circuit_decorator.py
[2023-12-01T22:39:30.806+0000] {processor.py:839} INFO - DAG(s) dict_keys(['example_short_circuit_decorator']) retrieved from /home/airflow/.local/lib/python3.8/site-packages/airflow/example_dags/example_short_circuit_decorator.py
[2023-12-01T22:39:30.827+0000] {logging_mixin.py:154} INFO - [2023-12-01T22:39:30.827+0000] {dag.py:2941} INFO - Sync 1 DAGs
[2023-12-01T22:39:30.855+0000] {logging_mixin.py:154} INFO - [2023-12-01T22:39:30.855+0000] {dag.py:3722} INFO - Setting next_dagrun for example_short_circuit_decorator to 2023-11-30T22:39:30.855016+00:00, run_after=2023-12-01T22:39:30.855016+00:00
[2023-12-01T22:39:30.873+0000] {processor.py:179} INFO - Processing /home/airflow/.local/lib/python3.8/site-packages/airflow/example_dags/example_short_circuit_decorator.py took 0.081 seconds
[2023-12-01T22:40:01.258+0000] {processor.py:157} INFO - Started process (PID=219) to work on /home/airflow/.local/lib/python3.8/site-packages/airflow/example_dags/example_short_circuit_decorator.py
[2023-12-01T22:40:01.259+0000] {processor.py:829} INFO - Processing file /home/airflow/.local/lib/python3.8/site-packages/airflow/example_dags/example_short_circuit_decorator.py for tasks to queue
[2023-12-01T22:40:01.261+0000] {logging_mixin.py:154} INFO - [2023-12-01T22:40:01.261+0000] {dagbag.py:536} INFO - Filling up the DagBag from /home/airflow/.local/lib/python3.8/site-packages/airflow/example_dags/example_short_circuit_decorator.py
[2023-12-01T22:40:01.271+0000] {processor.py:839} INFO - DAG(s) dict_keys(['example_short_circuit_decorator']) retrieved from /home/airflow/.local/lib/python3.8/site-packages/airflow/example_dags/example_short_circuit_decorator.py
[2023-12-01T22:40:01.295+0000] {logging_mixin.py:154} INFO - [2023-12-01T22:40:01.295+0000] {dag.py:2941} INFO - Sync 1 DAGs
[2023-12-01T22:40:01.317+0000] {logging_mixin.py:154} INFO - [2023-12-01T22:40:01.317+0000] {dag.py:3722} INFO - Setting next_dagrun for example_short_circuit_decorator to 2023-11-30T22:40:01.317011+00:00, run_after=2023-12-01T22:40:01.317011+00:00
[2023-12-01T22:40:01.334+0000] {processor.py:179} INFO - Processing /home/airflow/.local/lib/python3.8/site-packages/airflow/example_dags/example_short_circuit_decorator.py took 0.078 seconds
[2023-12-01T22:40:31.721+0000] {processor.py:157} INFO - Started process (PID=273) to work on /home/airflow/.local/lib/python3.8/site-packages/airflow/example_dags/example_short_circuit_decorator.py
[2023-12-01T22:40:31.722+0000] {processor.py:829} INFO - Processing file /home/airflow/.local/lib/python3.8/site-packages/airflow/example_dags/example_short_circuit_decorator.py for tasks to queue
[2023-12-01T22:40:31.724+0000] {logging_mixin.py:154} INFO - [2023-12-01T22:40:31.724+0000] {dagbag.py:536} INFO - Filling up the DagBag from /home/airflow/.local/lib/python3.8/site-packages/airflow/example_dags/example_short_circuit_decorator.py
[2023-12-01T22:40:31.731+0000] {processor.py:839} INFO - DAG(s) dict_keys(['example_short_circuit_decorator']) retrieved from /home/airflow/.local/lib/python3.8/site-packages/airflow/example_dags/example_short_circuit_decorator.py
[2023-12-01T22:40:31.750+0000] {logging_mixin.py:154} INFO - [2023-12-01T22:40:31.750+0000] {dag.py:2941} INFO - Sync 1 DAGs
[2023-12-01T22:40:31.771+0000] {logging_mixin.py:154} INFO - [2023-12-01T22:40:31.771+0000] {dag.py:3722} INFO - Setting next_dagrun for example_short_circuit_decorator to 2023-11-30T22:40:31.771630+00:00, run_after=2023-12-01T22:40:31.771630+00:00
[2023-12-01T22:40:31.787+0000] {processor.py:179} INFO - Processing /home/airflow/.local/lib/python3.8/site-packages/airflow/example_dags/example_short_circuit_decorator.py took 0.068 seconds
[2023-12-01T22:41:02.252+0000] {processor.py:157} INFO - Started process (PID=327) to work on /home/airflow/.local/lib/python3.8/site-packages/airflow/example_dags/example_short_circuit_decorator.py
[2023-12-01T22:41:02.253+0000] {processor.py:829} INFO - Processing file /home/airflow/.local/lib/python3.8/site-packages/airflow/example_dags/example_short_circuit_decorator.py for tasks to queue
[2023-12-01T22:41:02.255+0000] {logging_mixin.py:154} INFO - [2023-12-01T22:41:02.255+0000] {dagbag.py:536} INFO - Filling up the DagBag from /home/airflow/.local/lib/python3.8/site-packages/airflow/example_dags/example_short_circuit_decorator.py
[2023-12-01T22:41:02.262+0000] {processor.py:839} INFO - DAG(s) dict_keys(['example_short_circuit_decorator']) retrieved from /home/airflow/.local/lib/python3.8/site-packages/airflow/example_dags/example_short_circuit_decorator.py
[2023-12-01T22:41:02.279+0000] {logging_mixin.py:154} INFO - [2023-12-01T22:41:02.279+0000] {dag.py:2941} INFO - Sync 1 DAGs
[2023-12-01T22:41:02.304+0000] {logging_mixin.py:154} INFO - [2023-12-01T22:41:02.303+0000] {dag.py:3722} INFO - Setting next_dagrun for example_short_circuit_decorator to 2023-11-30T22:41:02.303538+00:00, run_after=2023-12-01T22:41:02.303538+00:00
[2023-12-01T22:41:02.320+0000] {processor.py:179} INFO - Processing /home/airflow/.local/lib/python3.8/site-packages/airflow/example_dags/example_short_circuit_decorator.py took 0.070 seconds
