[2023-12-01T22:13:42.114+0000] {processor.py:157} INFO - Started process (PID=60) to work on /home/airflow/.local/lib/python3.8/site-packages/airflow/example_dags/example_branch_labels.py
[2023-12-01T22:13:42.115+0000] {processor.py:829} INFO - Processing file /home/airflow/.local/lib/python3.8/site-packages/airflow/example_dags/example_branch_labels.py for tasks to queue
[2023-12-01T22:13:42.118+0000] {logging_mixin.py:154} INFO - [2023-12-01T22:13:42.118+0000] {dagbag.py:536} INFO - Filling up the DagBag from /home/airflow/.local/lib/python3.8/site-packages/airflow/example_dags/example_branch_labels.py
[2023-12-01T22:13:42.131+0000] {processor.py:839} INFO - DAG(s) dict_keys(['example_branch_labels']) retrieved from /home/airflow/.local/lib/python3.8/site-packages/airflow/example_dags/example_branch_labels.py
[2023-12-01T22:13:42.155+0000] {logging_mixin.py:154} INFO - [2023-12-01T22:13:42.154+0000] {dag.py:2941} INFO - Sync 1 DAGs
[2023-12-01T22:13:42.179+0000] {logging_mixin.py:154} INFO - [2023-12-01T22:13:42.179+0000] {dag.py:3722} INFO - Setting next_dagrun for example_branch_labels to 2023-11-30T00:00:00+00:00, run_after=2023-12-01T00:00:00+00:00
[2023-12-01T22:13:42.196+0000] {processor.py:179} INFO - Processing /home/airflow/.local/lib/python3.8/site-packages/airflow/example_dags/example_branch_labels.py took 0.085 seconds
[2023-12-01T22:19:41.434+0000] {processor.py:157} INFO - Started process (PID=58) to work on /home/airflow/.local/lib/python3.8/site-packages/airflow/example_dags/example_branch_labels.py
[2023-12-01T22:19:41.435+0000] {processor.py:829} INFO - Processing file /home/airflow/.local/lib/python3.8/site-packages/airflow/example_dags/example_branch_labels.py for tasks to queue
[2023-12-01T22:19:41.437+0000] {logging_mixin.py:154} INFO - [2023-12-01T22:19:41.437+0000] {dagbag.py:536} INFO - Filling up the DagBag from /home/airflow/.local/lib/python3.8/site-packages/airflow/example_dags/example_branch_labels.py
[2023-12-01T22:19:41.447+0000] {processor.py:839} INFO - DAG(s) dict_keys(['example_branch_labels']) retrieved from /home/airflow/.local/lib/python3.8/site-packages/airflow/example_dags/example_branch_labels.py
[2023-12-01T22:19:41.468+0000] {logging_mixin.py:154} INFO - [2023-12-01T22:19:41.468+0000] {dag.py:2941} INFO - Sync 1 DAGs
[2023-12-01T22:19:41.502+0000] {logging_mixin.py:154} INFO - [2023-12-01T22:19:41.502+0000] {dag.py:3722} INFO - Setting next_dagrun for example_branch_labels to 2023-11-30T00:00:00+00:00, run_after=2023-12-01T00:00:00+00:00
[2023-12-01T22:19:41.524+0000] {processor.py:179} INFO - Processing /home/airflow/.local/lib/python3.8/site-packages/airflow/example_dags/example_branch_labels.py took 0.092 seconds
[2023-12-01T22:21:22.566+0000] {processor.py:157} INFO - Started process (PID=59) to work on /home/airflow/.local/lib/python3.8/site-packages/airflow/example_dags/example_branch_labels.py
[2023-12-01T22:21:22.567+0000] {processor.py:829} INFO - Processing file /home/airflow/.local/lib/python3.8/site-packages/airflow/example_dags/example_branch_labels.py for tasks to queue
[2023-12-01T22:21:22.569+0000] {logging_mixin.py:154} INFO - [2023-12-01T22:21:22.569+0000] {dagbag.py:536} INFO - Filling up the DagBag from /home/airflow/.local/lib/python3.8/site-packages/airflow/example_dags/example_branch_labels.py
[2023-12-01T22:21:22.578+0000] {processor.py:839} INFO - DAG(s) dict_keys(['example_branch_labels']) retrieved from /home/airflow/.local/lib/python3.8/site-packages/airflow/example_dags/example_branch_labels.py
[2023-12-01T22:21:22.587+0000] {logging_mixin.py:154} INFO - [2023-12-01T22:21:22.587+0000] {dag.py:2941} INFO - Sync 1 DAGs
[2023-12-01T22:21:22.612+0000] {logging_mixin.py:154} INFO - [2023-12-01T22:21:22.612+0000] {dag.py:3722} INFO - Setting next_dagrun for example_branch_labels to 2023-11-30T00:00:00+00:00, run_after=2023-12-01T00:00:00+00:00
[2023-12-01T22:21:22.629+0000] {processor.py:179} INFO - Processing /home/airflow/.local/lib/python3.8/site-packages/airflow/example_dags/example_branch_labels.py took 0.065 seconds
[2023-12-01T22:21:52.809+0000] {processor.py:157} INFO - Started process (PID=114) to work on /home/airflow/.local/lib/python3.8/site-packages/airflow/example_dags/example_branch_labels.py
[2023-12-01T22:21:52.810+0000] {processor.py:829} INFO - Processing file /home/airflow/.local/lib/python3.8/site-packages/airflow/example_dags/example_branch_labels.py for tasks to queue
[2023-12-01T22:21:52.813+0000] {logging_mixin.py:154} INFO - [2023-12-01T22:21:52.812+0000] {dagbag.py:536} INFO - Filling up the DagBag from /home/airflow/.local/lib/python3.8/site-packages/airflow/example_dags/example_branch_labels.py
[2023-12-01T22:21:52.820+0000] {processor.py:839} INFO - DAG(s) dict_keys(['example_branch_labels']) retrieved from /home/airflow/.local/lib/python3.8/site-packages/airflow/example_dags/example_branch_labels.py
[2023-12-01T22:21:52.852+0000] {logging_mixin.py:154} INFO - [2023-12-01T22:21:52.852+0000] {dag.py:2941} INFO - Sync 1 DAGs
[2023-12-01T22:21:52.890+0000] {logging_mixin.py:154} INFO - [2023-12-01T22:21:52.882+0000] {dag.py:3722} INFO - Setting next_dagrun for example_branch_labels to 2023-11-30T00:00:00+00:00, run_after=2023-12-01T00:00:00+00:00
[2023-12-01T22:21:52.924+0000] {processor.py:179} INFO - Processing /home/airflow/.local/lib/python3.8/site-packages/airflow/example_dags/example_branch_labels.py took 0.117 seconds
[2023-12-01T22:22:23.159+0000] {processor.py:157} INFO - Started process (PID=168) to work on /home/airflow/.local/lib/python3.8/site-packages/airflow/example_dags/example_branch_labels.py
[2023-12-01T22:22:23.160+0000] {processor.py:829} INFO - Processing file /home/airflow/.local/lib/python3.8/site-packages/airflow/example_dags/example_branch_labels.py for tasks to queue
[2023-12-01T22:22:23.161+0000] {logging_mixin.py:154} INFO - [2023-12-01T22:22:23.161+0000] {dagbag.py:536} INFO - Filling up the DagBag from /home/airflow/.local/lib/python3.8/site-packages/airflow/example_dags/example_branch_labels.py
[2023-12-01T22:22:23.166+0000] {processor.py:839} INFO - DAG(s) dict_keys(['example_branch_labels']) retrieved from /home/airflow/.local/lib/python3.8/site-packages/airflow/example_dags/example_branch_labels.py
[2023-12-01T22:22:23.181+0000] {logging_mixin.py:154} INFO - [2023-12-01T22:22:23.181+0000] {dag.py:2941} INFO - Sync 1 DAGs
[2023-12-01T22:22:23.197+0000] {logging_mixin.py:154} INFO - [2023-12-01T22:22:23.197+0000] {dag.py:3722} INFO - Setting next_dagrun for example_branch_labels to 2023-11-30T00:00:00+00:00, run_after=2023-12-01T00:00:00+00:00
[2023-12-01T22:22:23.212+0000] {processor.py:179} INFO - Processing /home/airflow/.local/lib/python3.8/site-packages/airflow/example_dags/example_branch_labels.py took 0.055 seconds
[2023-12-01T22:22:53.397+0000] {processor.py:157} INFO - Started process (PID=222) to work on /home/airflow/.local/lib/python3.8/site-packages/airflow/example_dags/example_branch_labels.py
[2023-12-01T22:22:53.398+0000] {processor.py:829} INFO - Processing file /home/airflow/.local/lib/python3.8/site-packages/airflow/example_dags/example_branch_labels.py for tasks to queue
[2023-12-01T22:22:53.400+0000] {logging_mixin.py:154} INFO - [2023-12-01T22:22:53.400+0000] {dagbag.py:536} INFO - Filling up the DagBag from /home/airflow/.local/lib/python3.8/site-packages/airflow/example_dags/example_branch_labels.py
[2023-12-01T22:22:53.407+0000] {processor.py:839} INFO - DAG(s) dict_keys(['example_branch_labels']) retrieved from /home/airflow/.local/lib/python3.8/site-packages/airflow/example_dags/example_branch_labels.py
[2023-12-01T22:22:53.423+0000] {logging_mixin.py:154} INFO - [2023-12-01T22:22:53.423+0000] {dag.py:2941} INFO - Sync 1 DAGs
[2023-12-01T22:22:53.442+0000] {logging_mixin.py:154} INFO - [2023-12-01T22:22:53.442+0000] {dag.py:3722} INFO - Setting next_dagrun for example_branch_labels to 2023-11-30T00:00:00+00:00, run_after=2023-12-01T00:00:00+00:00
[2023-12-01T22:22:53.456+0000] {processor.py:179} INFO - Processing /home/airflow/.local/lib/python3.8/site-packages/airflow/example_dags/example_branch_labels.py took 0.062 seconds
[2023-12-01T22:23:23.625+0000] {processor.py:157} INFO - Started process (PID=276) to work on /home/airflow/.local/lib/python3.8/site-packages/airflow/example_dags/example_branch_labels.py
[2023-12-01T22:23:23.626+0000] {processor.py:829} INFO - Processing file /home/airflow/.local/lib/python3.8/site-packages/airflow/example_dags/example_branch_labels.py for tasks to queue
[2023-12-01T22:23:23.628+0000] {logging_mixin.py:154} INFO - [2023-12-01T22:23:23.627+0000] {dagbag.py:536} INFO - Filling up the DagBag from /home/airflow/.local/lib/python3.8/site-packages/airflow/example_dags/example_branch_labels.py
[2023-12-01T22:23:23.633+0000] {processor.py:839} INFO - DAG(s) dict_keys(['example_branch_labels']) retrieved from /home/airflow/.local/lib/python3.8/site-packages/airflow/example_dags/example_branch_labels.py
[2023-12-01T22:23:23.647+0000] {logging_mixin.py:154} INFO - [2023-12-01T22:23:23.647+0000] {dag.py:2941} INFO - Sync 1 DAGs
[2023-12-01T22:23:23.664+0000] {logging_mixin.py:154} INFO - [2023-12-01T22:23:23.664+0000] {dag.py:3722} INFO - Setting next_dagrun for example_branch_labels to 2023-11-30T00:00:00+00:00, run_after=2023-12-01T00:00:00+00:00
[2023-12-01T22:23:23.676+0000] {processor.py:179} INFO - Processing /home/airflow/.local/lib/python3.8/site-packages/airflow/example_dags/example_branch_labels.py took 0.053 seconds
[2023-12-01T22:23:53.782+0000] {processor.py:157} INFO - Started process (PID=330) to work on /home/airflow/.local/lib/python3.8/site-packages/airflow/example_dags/example_branch_labels.py
[2023-12-01T22:23:53.783+0000] {processor.py:829} INFO - Processing file /home/airflow/.local/lib/python3.8/site-packages/airflow/example_dags/example_branch_labels.py for tasks to queue
[2023-12-01T22:23:53.785+0000] {logging_mixin.py:154} INFO - [2023-12-01T22:23:53.785+0000] {dagbag.py:536} INFO - Filling up the DagBag from /home/airflow/.local/lib/python3.8/site-packages/airflow/example_dags/example_branch_labels.py
[2023-12-01T22:23:53.790+0000] {processor.py:839} INFO - DAG(s) dict_keys(['example_branch_labels']) retrieved from /home/airflow/.local/lib/python3.8/site-packages/airflow/example_dags/example_branch_labels.py
[2023-12-01T22:23:53.805+0000] {logging_mixin.py:154} INFO - [2023-12-01T22:23:53.805+0000] {dag.py:2941} INFO - Sync 1 DAGs
[2023-12-01T22:23:53.822+0000] {logging_mixin.py:154} INFO - [2023-12-01T22:23:53.822+0000] {dag.py:3722} INFO - Setting next_dagrun for example_branch_labels to 2023-11-30T00:00:00+00:00, run_after=2023-12-01T00:00:00+00:00
[2023-12-01T22:23:53.836+0000] {processor.py:179} INFO - Processing /home/airflow/.local/lib/python3.8/site-packages/airflow/example_dags/example_branch_labels.py took 0.056 seconds
[2023-12-01T22:24:24.045+0000] {processor.py:157} INFO - Started process (PID=384) to work on /home/airflow/.local/lib/python3.8/site-packages/airflow/example_dags/example_branch_labels.py
[2023-12-01T22:24:24.046+0000] {processor.py:829} INFO - Processing file /home/airflow/.local/lib/python3.8/site-packages/airflow/example_dags/example_branch_labels.py for tasks to queue
[2023-12-01T22:24:24.048+0000] {logging_mixin.py:154} INFO - [2023-12-01T22:24:24.047+0000] {dagbag.py:536} INFO - Filling up the DagBag from /home/airflow/.local/lib/python3.8/site-packages/airflow/example_dags/example_branch_labels.py
[2023-12-01T22:24:24.053+0000] {processor.py:839} INFO - DAG(s) dict_keys(['example_branch_labels']) retrieved from /home/airflow/.local/lib/python3.8/site-packages/airflow/example_dags/example_branch_labels.py
[2023-12-01T22:24:24.068+0000] {logging_mixin.py:154} INFO - [2023-12-01T22:24:24.068+0000] {dag.py:2941} INFO - Sync 1 DAGs
[2023-12-01T22:24:24.095+0000] {logging_mixin.py:154} INFO - [2023-12-01T22:24:24.095+0000] {dag.py:3722} INFO - Setting next_dagrun for example_branch_labels to 2023-11-30T00:00:00+00:00, run_after=2023-12-01T00:00:00+00:00
[2023-12-01T22:24:24.111+0000] {processor.py:179} INFO - Processing /home/airflow/.local/lib/python3.8/site-packages/airflow/example_dags/example_branch_labels.py took 0.068 seconds
[2023-12-01T22:24:55.138+0000] {processor.py:157} INFO - Started process (PID=438) to work on /home/airflow/.local/lib/python3.8/site-packages/airflow/example_dags/example_branch_labels.py
[2023-12-01T22:24:55.139+0000] {processor.py:829} INFO - Processing file /home/airflow/.local/lib/python3.8/site-packages/airflow/example_dags/example_branch_labels.py for tasks to queue
[2023-12-01T22:24:55.141+0000] {logging_mixin.py:154} INFO - [2023-12-01T22:24:55.140+0000] {dagbag.py:536} INFO - Filling up the DagBag from /home/airflow/.local/lib/python3.8/site-packages/airflow/example_dags/example_branch_labels.py
[2023-12-01T22:24:55.146+0000] {processor.py:839} INFO - DAG(s) dict_keys(['example_branch_labels']) retrieved from /home/airflow/.local/lib/python3.8/site-packages/airflow/example_dags/example_branch_labels.py
[2023-12-01T22:24:55.161+0000] {logging_mixin.py:154} INFO - [2023-12-01T22:24:55.161+0000] {dag.py:2941} INFO - Sync 1 DAGs
[2023-12-01T22:24:55.180+0000] {logging_mixin.py:154} INFO - [2023-12-01T22:24:55.180+0000] {dag.py:3722} INFO - Setting next_dagrun for example_branch_labels to 2023-11-30T00:00:00+00:00, run_after=2023-12-01T00:00:00+00:00
[2023-12-01T22:24:55.194+0000] {processor.py:179} INFO - Processing /home/airflow/.local/lib/python3.8/site-packages/airflow/example_dags/example_branch_labels.py took 0.059 seconds
[2023-12-01T22:25:25.242+0000] {processor.py:157} INFO - Started process (PID=492) to work on /home/airflow/.local/lib/python3.8/site-packages/airflow/example_dags/example_branch_labels.py
[2023-12-01T22:25:25.243+0000] {processor.py:829} INFO - Processing file /home/airflow/.local/lib/python3.8/site-packages/airflow/example_dags/example_branch_labels.py for tasks to queue
[2023-12-01T22:25:25.245+0000] {logging_mixin.py:154} INFO - [2023-12-01T22:25:25.245+0000] {dagbag.py:536} INFO - Filling up the DagBag from /home/airflow/.local/lib/python3.8/site-packages/airflow/example_dags/example_branch_labels.py
[2023-12-01T22:25:25.250+0000] {processor.py:839} INFO - DAG(s) dict_keys(['example_branch_labels']) retrieved from /home/airflow/.local/lib/python3.8/site-packages/airflow/example_dags/example_branch_labels.py
[2023-12-01T22:25:25.270+0000] {logging_mixin.py:154} INFO - [2023-12-01T22:25:25.270+0000] {dag.py:2941} INFO - Sync 1 DAGs
[2023-12-01T22:25:25.286+0000] {logging_mixin.py:154} INFO - [2023-12-01T22:25:25.286+0000] {dag.py:3722} INFO - Setting next_dagrun for example_branch_labels to 2023-11-30T00:00:00+00:00, run_after=2023-12-01T00:00:00+00:00
[2023-12-01T22:25:25.300+0000] {processor.py:179} INFO - Processing /home/airflow/.local/lib/python3.8/site-packages/airflow/example_dags/example_branch_labels.py took 0.060 seconds
[2023-12-01T22:25:56.231+0000] {processor.py:157} INFO - Started process (PID=546) to work on /home/airflow/.local/lib/python3.8/site-packages/airflow/example_dags/example_branch_labels.py
[2023-12-01T22:25:56.232+0000] {processor.py:829} INFO - Processing file /home/airflow/.local/lib/python3.8/site-packages/airflow/example_dags/example_branch_labels.py for tasks to queue
[2023-12-01T22:25:56.233+0000] {logging_mixin.py:154} INFO - [2023-12-01T22:25:56.233+0000] {dagbag.py:536} INFO - Filling up the DagBag from /home/airflow/.local/lib/python3.8/site-packages/airflow/example_dags/example_branch_labels.py
[2023-12-01T22:25:56.239+0000] {processor.py:839} INFO - DAG(s) dict_keys(['example_branch_labels']) retrieved from /home/airflow/.local/lib/python3.8/site-packages/airflow/example_dags/example_branch_labels.py
[2023-12-01T22:25:56.253+0000] {logging_mixin.py:154} INFO - [2023-12-01T22:25:56.253+0000] {dag.py:2941} INFO - Sync 1 DAGs
[2023-12-01T22:25:56.269+0000] {logging_mixin.py:154} INFO - [2023-12-01T22:25:56.268+0000] {dag.py:3722} INFO - Setting next_dagrun for example_branch_labels to 2023-11-30T00:00:00+00:00, run_after=2023-12-01T00:00:00+00:00
[2023-12-01T22:25:56.281+0000] {processor.py:179} INFO - Processing /home/airflow/.local/lib/python3.8/site-packages/airflow/example_dags/example_branch_labels.py took 0.053 seconds
[2023-12-01T22:26:26.323+0000] {processor.py:157} INFO - Started process (PID=600) to work on /home/airflow/.local/lib/python3.8/site-packages/airflow/example_dags/example_branch_labels.py
[2023-12-01T22:26:26.323+0000] {processor.py:829} INFO - Processing file /home/airflow/.local/lib/python3.8/site-packages/airflow/example_dags/example_branch_labels.py for tasks to queue
[2023-12-01T22:26:26.325+0000] {logging_mixin.py:154} INFO - [2023-12-01T22:26:26.325+0000] {dagbag.py:536} INFO - Filling up the DagBag from /home/airflow/.local/lib/python3.8/site-packages/airflow/example_dags/example_branch_labels.py
[2023-12-01T22:26:26.330+0000] {processor.py:839} INFO - DAG(s) dict_keys(['example_branch_labels']) retrieved from /home/airflow/.local/lib/python3.8/site-packages/airflow/example_dags/example_branch_labels.py
[2023-12-01T22:26:26.345+0000] {logging_mixin.py:154} INFO - [2023-12-01T22:26:26.344+0000] {dag.py:2941} INFO - Sync 1 DAGs
[2023-12-01T22:26:26.360+0000] {logging_mixin.py:154} INFO - [2023-12-01T22:26:26.360+0000] {dag.py:3722} INFO - Setting next_dagrun for example_branch_labels to 2023-11-30T00:00:00+00:00, run_after=2023-12-01T00:00:00+00:00
[2023-12-01T22:26:26.372+0000] {processor.py:179} INFO - Processing /home/airflow/.local/lib/python3.8/site-packages/airflow/example_dags/example_branch_labels.py took 0.052 seconds
[2023-12-01T22:26:56.447+0000] {processor.py:157} INFO - Started process (PID=654) to work on /home/airflow/.local/lib/python3.8/site-packages/airflow/example_dags/example_branch_labels.py
[2023-12-01T22:26:56.448+0000] {processor.py:829} INFO - Processing file /home/airflow/.local/lib/python3.8/site-packages/airflow/example_dags/example_branch_labels.py for tasks to queue
[2023-12-01T22:26:56.449+0000] {logging_mixin.py:154} INFO - [2023-12-01T22:26:56.449+0000] {dagbag.py:536} INFO - Filling up the DagBag from /home/airflow/.local/lib/python3.8/site-packages/airflow/example_dags/example_branch_labels.py
[2023-12-01T22:26:56.454+0000] {processor.py:839} INFO - DAG(s) dict_keys(['example_branch_labels']) retrieved from /home/airflow/.local/lib/python3.8/site-packages/airflow/example_dags/example_branch_labels.py
[2023-12-01T22:26:56.469+0000] {logging_mixin.py:154} INFO - [2023-12-01T22:26:56.469+0000] {dag.py:2941} INFO - Sync 1 DAGs
[2023-12-01T22:26:56.485+0000] {logging_mixin.py:154} INFO - [2023-12-01T22:26:56.485+0000] {dag.py:3722} INFO - Setting next_dagrun for example_branch_labels to 2023-11-30T00:00:00+00:00, run_after=2023-12-01T00:00:00+00:00
[2023-12-01T22:26:56.497+0000] {processor.py:179} INFO - Processing /home/airflow/.local/lib/python3.8/site-packages/airflow/example_dags/example_branch_labels.py took 0.053 seconds
[2023-12-01T22:27:26.666+0000] {processor.py:157} INFO - Started process (PID=708) to work on /home/airflow/.local/lib/python3.8/site-packages/airflow/example_dags/example_branch_labels.py
[2023-12-01T22:27:26.667+0000] {processor.py:829} INFO - Processing file /home/airflow/.local/lib/python3.8/site-packages/airflow/example_dags/example_branch_labels.py for tasks to queue
[2023-12-01T22:27:26.669+0000] {logging_mixin.py:154} INFO - [2023-12-01T22:27:26.669+0000] {dagbag.py:536} INFO - Filling up the DagBag from /home/airflow/.local/lib/python3.8/site-packages/airflow/example_dags/example_branch_labels.py
[2023-12-01T22:27:26.675+0000] {processor.py:839} INFO - DAG(s) dict_keys(['example_branch_labels']) retrieved from /home/airflow/.local/lib/python3.8/site-packages/airflow/example_dags/example_branch_labels.py
[2023-12-01T22:27:26.690+0000] {logging_mixin.py:154} INFO - [2023-12-01T22:27:26.690+0000] {dag.py:2941} INFO - Sync 1 DAGs
[2023-12-01T22:27:26.706+0000] {logging_mixin.py:154} INFO - [2023-12-01T22:27:26.706+0000] {dag.py:3722} INFO - Setting next_dagrun for example_branch_labels to 2023-11-30T00:00:00+00:00, run_after=2023-12-01T00:00:00+00:00
[2023-12-01T22:27:26.719+0000] {processor.py:179} INFO - Processing /home/airflow/.local/lib/python3.8/site-packages/airflow/example_dags/example_branch_labels.py took 0.055 seconds
[2023-12-01T22:27:57.510+0000] {processor.py:157} INFO - Started process (PID=762) to work on /home/airflow/.local/lib/python3.8/site-packages/airflow/example_dags/example_branch_labels.py
[2023-12-01T22:27:57.510+0000] {processor.py:829} INFO - Processing file /home/airflow/.local/lib/python3.8/site-packages/airflow/example_dags/example_branch_labels.py for tasks to queue
[2023-12-01T22:27:57.512+0000] {logging_mixin.py:154} INFO - [2023-12-01T22:27:57.512+0000] {dagbag.py:536} INFO - Filling up the DagBag from /home/airflow/.local/lib/python3.8/site-packages/airflow/example_dags/example_branch_labels.py
[2023-12-01T22:27:57.518+0000] {processor.py:839} INFO - DAG(s) dict_keys(['example_branch_labels']) retrieved from /home/airflow/.local/lib/python3.8/site-packages/airflow/example_dags/example_branch_labels.py
[2023-12-01T22:27:57.533+0000] {logging_mixin.py:154} INFO - [2023-12-01T22:27:57.532+0000] {dag.py:2941} INFO - Sync 1 DAGs
[2023-12-01T22:27:57.549+0000] {logging_mixin.py:154} INFO - [2023-12-01T22:27:57.548+0000] {dag.py:3722} INFO - Setting next_dagrun for example_branch_labels to 2023-11-30T00:00:00+00:00, run_after=2023-12-01T00:00:00+00:00
[2023-12-01T22:27:57.562+0000] {processor.py:179} INFO - Processing /home/airflow/.local/lib/python3.8/site-packages/airflow/example_dags/example_branch_labels.py took 0.055 seconds
[2023-12-01T22:28:27.802+0000] {processor.py:157} INFO - Started process (PID=816) to work on /home/airflow/.local/lib/python3.8/site-packages/airflow/example_dags/example_branch_labels.py
[2023-12-01T22:28:27.802+0000] {processor.py:829} INFO - Processing file /home/airflow/.local/lib/python3.8/site-packages/airflow/example_dags/example_branch_labels.py for tasks to queue
[2023-12-01T22:28:27.804+0000] {logging_mixin.py:154} INFO - [2023-12-01T22:28:27.804+0000] {dagbag.py:536} INFO - Filling up the DagBag from /home/airflow/.local/lib/python3.8/site-packages/airflow/example_dags/example_branch_labels.py
[2023-12-01T22:28:27.809+0000] {processor.py:839} INFO - DAG(s) dict_keys(['example_branch_labels']) retrieved from /home/airflow/.local/lib/python3.8/site-packages/airflow/example_dags/example_branch_labels.py
[2023-12-01T22:28:27.824+0000] {logging_mixin.py:154} INFO - [2023-12-01T22:28:27.823+0000] {dag.py:2941} INFO - Sync 1 DAGs
[2023-12-01T22:28:27.840+0000] {logging_mixin.py:154} INFO - [2023-12-01T22:28:27.839+0000] {dag.py:3722} INFO - Setting next_dagrun for example_branch_labels to 2023-11-30T00:00:00+00:00, run_after=2023-12-01T00:00:00+00:00
[2023-12-01T22:28:27.852+0000] {processor.py:179} INFO - Processing /home/airflow/.local/lib/python3.8/site-packages/airflow/example_dags/example_branch_labels.py took 0.053 seconds
[2023-12-01T22:28:57.922+0000] {processor.py:157} INFO - Started process (PID=870) to work on /home/airflow/.local/lib/python3.8/site-packages/airflow/example_dags/example_branch_labels.py
[2023-12-01T22:28:57.923+0000] {processor.py:829} INFO - Processing file /home/airflow/.local/lib/python3.8/site-packages/airflow/example_dags/example_branch_labels.py for tasks to queue
[2023-12-01T22:28:57.925+0000] {logging_mixin.py:154} INFO - [2023-12-01T22:28:57.925+0000] {dagbag.py:536} INFO - Filling up the DagBag from /home/airflow/.local/lib/python3.8/site-packages/airflow/example_dags/example_branch_labels.py
[2023-12-01T22:28:57.932+0000] {processor.py:839} INFO - DAG(s) dict_keys(['example_branch_labels']) retrieved from /home/airflow/.local/lib/python3.8/site-packages/airflow/example_dags/example_branch_labels.py
[2023-12-01T22:28:57.948+0000] {logging_mixin.py:154} INFO - [2023-12-01T22:28:57.948+0000] {dag.py:2941} INFO - Sync 1 DAGs
[2023-12-01T22:28:57.969+0000] {logging_mixin.py:154} INFO - [2023-12-01T22:28:57.969+0000] {dag.py:3722} INFO - Setting next_dagrun for example_branch_labels to 2023-11-30T00:00:00+00:00, run_after=2023-12-01T00:00:00+00:00
[2023-12-01T22:28:57.983+0000] {processor.py:179} INFO - Processing /home/airflow/.local/lib/python3.8/site-packages/airflow/example_dags/example_branch_labels.py took 0.063 seconds
[2023-12-01T22:29:28.022+0000] {processor.py:157} INFO - Started process (PID=924) to work on /home/airflow/.local/lib/python3.8/site-packages/airflow/example_dags/example_branch_labels.py
[2023-12-01T22:29:28.022+0000] {processor.py:829} INFO - Processing file /home/airflow/.local/lib/python3.8/site-packages/airflow/example_dags/example_branch_labels.py for tasks to queue
[2023-12-01T22:29:28.024+0000] {logging_mixin.py:154} INFO - [2023-12-01T22:29:28.024+0000] {dagbag.py:536} INFO - Filling up the DagBag from /home/airflow/.local/lib/python3.8/site-packages/airflow/example_dags/example_branch_labels.py
[2023-12-01T22:29:28.029+0000] {processor.py:839} INFO - DAG(s) dict_keys(['example_branch_labels']) retrieved from /home/airflow/.local/lib/python3.8/site-packages/airflow/example_dags/example_branch_labels.py
[2023-12-01T22:29:28.043+0000] {logging_mixin.py:154} INFO - [2023-12-01T22:29:28.043+0000] {dag.py:2941} INFO - Sync 1 DAGs
[2023-12-01T22:29:28.059+0000] {logging_mixin.py:154} INFO - [2023-12-01T22:29:28.059+0000] {dag.py:3722} INFO - Setting next_dagrun for example_branch_labels to 2023-11-30T00:00:00+00:00, run_after=2023-12-01T00:00:00+00:00
[2023-12-01T22:29:28.071+0000] {processor.py:179} INFO - Processing /home/airflow/.local/lib/python3.8/site-packages/airflow/example_dags/example_branch_labels.py took 0.052 seconds
[2023-12-01T22:29:58.159+0000] {processor.py:157} INFO - Started process (PID=978) to work on /home/airflow/.local/lib/python3.8/site-packages/airflow/example_dags/example_branch_labels.py
[2023-12-01T22:29:58.160+0000] {processor.py:829} INFO - Processing file /home/airflow/.local/lib/python3.8/site-packages/airflow/example_dags/example_branch_labels.py for tasks to queue
[2023-12-01T22:29:58.162+0000] {logging_mixin.py:154} INFO - [2023-12-01T22:29:58.162+0000] {dagbag.py:536} INFO - Filling up the DagBag from /home/airflow/.local/lib/python3.8/site-packages/airflow/example_dags/example_branch_labels.py
[2023-12-01T22:29:58.168+0000] {processor.py:839} INFO - DAG(s) dict_keys(['example_branch_labels']) retrieved from /home/airflow/.local/lib/python3.8/site-packages/airflow/example_dags/example_branch_labels.py
[2023-12-01T22:29:58.184+0000] {logging_mixin.py:154} INFO - [2023-12-01T22:29:58.184+0000] {dag.py:2941} INFO - Sync 1 DAGs
[2023-12-01T22:29:58.202+0000] {logging_mixin.py:154} INFO - [2023-12-01T22:29:58.202+0000] {dag.py:3722} INFO - Setting next_dagrun for example_branch_labels to 2023-11-30T00:00:00+00:00, run_after=2023-12-01T00:00:00+00:00
[2023-12-01T22:29:58.215+0000] {processor.py:179} INFO - Processing /home/airflow/.local/lib/python3.8/site-packages/airflow/example_dags/example_branch_labels.py took 0.058 seconds
[2023-12-01T22:30:28.289+0000] {processor.py:157} INFO - Started process (PID=1032) to work on /home/airflow/.local/lib/python3.8/site-packages/airflow/example_dags/example_branch_labels.py
[2023-12-01T22:30:28.290+0000] {processor.py:829} INFO - Processing file /home/airflow/.local/lib/python3.8/site-packages/airflow/example_dags/example_branch_labels.py for tasks to queue
[2023-12-01T22:30:28.292+0000] {logging_mixin.py:154} INFO - [2023-12-01T22:30:28.292+0000] {dagbag.py:536} INFO - Filling up the DagBag from /home/airflow/.local/lib/python3.8/site-packages/airflow/example_dags/example_branch_labels.py
[2023-12-01T22:30:28.298+0000] {processor.py:839} INFO - DAG(s) dict_keys(['example_branch_labels']) retrieved from /home/airflow/.local/lib/python3.8/site-packages/airflow/example_dags/example_branch_labels.py
[2023-12-01T22:30:28.313+0000] {logging_mixin.py:154} INFO - [2023-12-01T22:30:28.313+0000] {dag.py:2941} INFO - Sync 1 DAGs
[2023-12-01T22:30:28.329+0000] {logging_mixin.py:154} INFO - [2023-12-01T22:30:28.329+0000] {dag.py:3722} INFO - Setting next_dagrun for example_branch_labels to 2023-11-30T00:00:00+00:00, run_after=2023-12-01T00:00:00+00:00
[2023-12-01T22:30:28.341+0000] {processor.py:179} INFO - Processing /home/airflow/.local/lib/python3.8/site-packages/airflow/example_dags/example_branch_labels.py took 0.054 seconds
[2023-12-01T22:30:58.505+0000] {processor.py:157} INFO - Started process (PID=1086) to work on /home/airflow/.local/lib/python3.8/site-packages/airflow/example_dags/example_branch_labels.py
[2023-12-01T22:30:58.505+0000] {processor.py:829} INFO - Processing file /home/airflow/.local/lib/python3.8/site-packages/airflow/example_dags/example_branch_labels.py for tasks to queue
[2023-12-01T22:30:58.507+0000] {logging_mixin.py:154} INFO - [2023-12-01T22:30:58.507+0000] {dagbag.py:536} INFO - Filling up the DagBag from /home/airflow/.local/lib/python3.8/site-packages/airflow/example_dags/example_branch_labels.py
[2023-12-01T22:30:58.512+0000] {processor.py:839} INFO - DAG(s) dict_keys(['example_branch_labels']) retrieved from /home/airflow/.local/lib/python3.8/site-packages/airflow/example_dags/example_branch_labels.py
[2023-12-01T22:30:58.527+0000] {logging_mixin.py:154} INFO - [2023-12-01T22:30:58.527+0000] {dag.py:2941} INFO - Sync 1 DAGs
[2023-12-01T22:30:58.543+0000] {logging_mixin.py:154} INFO - [2023-12-01T22:30:58.542+0000] {dag.py:3722} INFO - Setting next_dagrun for example_branch_labels to 2023-11-30T00:00:00+00:00, run_after=2023-12-01T00:00:00+00:00
[2023-12-01T22:30:58.555+0000] {processor.py:179} INFO - Processing /home/airflow/.local/lib/python3.8/site-packages/airflow/example_dags/example_branch_labels.py took 0.052 seconds
[2023-12-01T22:31:28.668+0000] {processor.py:157} INFO - Started process (PID=1140) to work on /home/airflow/.local/lib/python3.8/site-packages/airflow/example_dags/example_branch_labels.py
[2023-12-01T22:31:28.669+0000] {processor.py:829} INFO - Processing file /home/airflow/.local/lib/python3.8/site-packages/airflow/example_dags/example_branch_labels.py for tasks to queue
[2023-12-01T22:31:28.671+0000] {logging_mixin.py:154} INFO - [2023-12-01T22:31:28.671+0000] {dagbag.py:536} INFO - Filling up the DagBag from /home/airflow/.local/lib/python3.8/site-packages/airflow/example_dags/example_branch_labels.py
[2023-12-01T22:31:28.676+0000] {processor.py:839} INFO - DAG(s) dict_keys(['example_branch_labels']) retrieved from /home/airflow/.local/lib/python3.8/site-packages/airflow/example_dags/example_branch_labels.py
[2023-12-01T22:31:28.690+0000] {logging_mixin.py:154} INFO - [2023-12-01T22:31:28.690+0000] {dag.py:2941} INFO - Sync 1 DAGs
[2023-12-01T22:31:28.706+0000] {logging_mixin.py:154} INFO - [2023-12-01T22:31:28.706+0000] {dag.py:3722} INFO - Setting next_dagrun for example_branch_labels to 2023-11-30T00:00:00+00:00, run_after=2023-12-01T00:00:00+00:00
[2023-12-01T22:31:28.719+0000] {processor.py:179} INFO - Processing /home/airflow/.local/lib/python3.8/site-packages/airflow/example_dags/example_branch_labels.py took 0.053 seconds
[2023-12-01T22:31:58.801+0000] {processor.py:157} INFO - Started process (PID=1194) to work on /home/airflow/.local/lib/python3.8/site-packages/airflow/example_dags/example_branch_labels.py
[2023-12-01T22:31:58.802+0000] {processor.py:829} INFO - Processing file /home/airflow/.local/lib/python3.8/site-packages/airflow/example_dags/example_branch_labels.py for tasks to queue
[2023-12-01T22:31:58.804+0000] {logging_mixin.py:154} INFO - [2023-12-01T22:31:58.804+0000] {dagbag.py:536} INFO - Filling up the DagBag from /home/airflow/.local/lib/python3.8/site-packages/airflow/example_dags/example_branch_labels.py
[2023-12-01T22:31:58.810+0000] {processor.py:839} INFO - DAG(s) dict_keys(['example_branch_labels']) retrieved from /home/airflow/.local/lib/python3.8/site-packages/airflow/example_dags/example_branch_labels.py
[2023-12-01T22:31:58.827+0000] {logging_mixin.py:154} INFO - [2023-12-01T22:31:58.826+0000] {dag.py:2941} INFO - Sync 1 DAGs
[2023-12-01T22:31:58.844+0000] {logging_mixin.py:154} INFO - [2023-12-01T22:31:58.844+0000] {dag.py:3722} INFO - Setting next_dagrun for example_branch_labels to 2023-11-30T00:00:00+00:00, run_after=2023-12-01T00:00:00+00:00
[2023-12-01T22:31:58.857+0000] {processor.py:179} INFO - Processing /home/airflow/.local/lib/python3.8/site-packages/airflow/example_dags/example_branch_labels.py took 0.060 seconds
[2023-12-01T22:32:28.930+0000] {processor.py:157} INFO - Started process (PID=1248) to work on /home/airflow/.local/lib/python3.8/site-packages/airflow/example_dags/example_branch_labels.py
[2023-12-01T22:32:28.931+0000] {processor.py:829} INFO - Processing file /home/airflow/.local/lib/python3.8/site-packages/airflow/example_dags/example_branch_labels.py for tasks to queue
[2023-12-01T22:32:28.934+0000] {logging_mixin.py:154} INFO - [2023-12-01T22:32:28.933+0000] {dagbag.py:536} INFO - Filling up the DagBag from /home/airflow/.local/lib/python3.8/site-packages/airflow/example_dags/example_branch_labels.py
[2023-12-01T22:32:28.939+0000] {processor.py:839} INFO - DAG(s) dict_keys(['example_branch_labels']) retrieved from /home/airflow/.local/lib/python3.8/site-packages/airflow/example_dags/example_branch_labels.py
[2023-12-01T22:32:28.955+0000] {logging_mixin.py:154} INFO - [2023-12-01T22:32:28.955+0000] {dag.py:2941} INFO - Sync 1 DAGs
[2023-12-01T22:32:28.971+0000] {logging_mixin.py:154} INFO - [2023-12-01T22:32:28.971+0000] {dag.py:3722} INFO - Setting next_dagrun for example_branch_labels to 2023-11-30T00:00:00+00:00, run_after=2023-12-01T00:00:00+00:00
[2023-12-01T22:32:28.983+0000] {processor.py:179} INFO - Processing /home/airflow/.local/lib/python3.8/site-packages/airflow/example_dags/example_branch_labels.py took 0.055 seconds
[2023-12-01T22:32:59.356+0000] {processor.py:157} INFO - Started process (PID=1302) to work on /home/airflow/.local/lib/python3.8/site-packages/airflow/example_dags/example_branch_labels.py
[2023-12-01T22:32:59.357+0000] {processor.py:829} INFO - Processing file /home/airflow/.local/lib/python3.8/site-packages/airflow/example_dags/example_branch_labels.py for tasks to queue
[2023-12-01T22:32:59.359+0000] {logging_mixin.py:154} INFO - [2023-12-01T22:32:59.358+0000] {dagbag.py:536} INFO - Filling up the DagBag from /home/airflow/.local/lib/python3.8/site-packages/airflow/example_dags/example_branch_labels.py
[2023-12-01T22:32:59.363+0000] {processor.py:839} INFO - DAG(s) dict_keys(['example_branch_labels']) retrieved from /home/airflow/.local/lib/python3.8/site-packages/airflow/example_dags/example_branch_labels.py
[2023-12-01T22:32:59.379+0000] {logging_mixin.py:154} INFO - [2023-12-01T22:32:59.378+0000] {dag.py:2941} INFO - Sync 1 DAGs
[2023-12-01T22:32:59.397+0000] {logging_mixin.py:154} INFO - [2023-12-01T22:32:59.396+0000] {dag.py:3722} INFO - Setting next_dagrun for example_branch_labels to 2023-11-30T00:00:00+00:00, run_after=2023-12-01T00:00:00+00:00
[2023-12-01T22:32:59.411+0000] {processor.py:179} INFO - Processing /home/airflow/.local/lib/python3.8/site-packages/airflow/example_dags/example_branch_labels.py took 0.057 seconds
[2023-12-01T22:33:29.526+0000] {processor.py:157} INFO - Started process (PID=1356) to work on /home/airflow/.local/lib/python3.8/site-packages/airflow/example_dags/example_branch_labels.py
[2023-12-01T22:33:29.527+0000] {processor.py:829} INFO - Processing file /home/airflow/.local/lib/python3.8/site-packages/airflow/example_dags/example_branch_labels.py for tasks to queue
[2023-12-01T22:33:29.528+0000] {logging_mixin.py:154} INFO - [2023-12-01T22:33:29.528+0000] {dagbag.py:536} INFO - Filling up the DagBag from /home/airflow/.local/lib/python3.8/site-packages/airflow/example_dags/example_branch_labels.py
[2023-12-01T22:33:29.534+0000] {processor.py:839} INFO - DAG(s) dict_keys(['example_branch_labels']) retrieved from /home/airflow/.local/lib/python3.8/site-packages/airflow/example_dags/example_branch_labels.py
[2023-12-01T22:33:29.551+0000] {logging_mixin.py:154} INFO - [2023-12-01T22:33:29.551+0000] {dag.py:2941} INFO - Sync 1 DAGs
[2023-12-01T22:33:29.570+0000] {logging_mixin.py:154} INFO - [2023-12-01T22:33:29.570+0000] {dag.py:3722} INFO - Setting next_dagrun for example_branch_labels to 2023-11-30T00:00:00+00:00, run_after=2023-12-01T00:00:00+00:00
[2023-12-01T22:33:29.588+0000] {processor.py:179} INFO - Processing /home/airflow/.local/lib/python3.8/site-packages/airflow/example_dags/example_branch_labels.py took 0.064 seconds
[2023-12-01T22:33:59.882+0000] {processor.py:157} INFO - Started process (PID=1411) to work on /home/airflow/.local/lib/python3.8/site-packages/airflow/example_dags/example_branch_labels.py
[2023-12-01T22:33:59.883+0000] {processor.py:829} INFO - Processing file /home/airflow/.local/lib/python3.8/site-packages/airflow/example_dags/example_branch_labels.py for tasks to queue
[2023-12-01T22:33:59.885+0000] {logging_mixin.py:154} INFO - [2023-12-01T22:33:59.884+0000] {dagbag.py:536} INFO - Filling up the DagBag from /home/airflow/.local/lib/python3.8/site-packages/airflow/example_dags/example_branch_labels.py
[2023-12-01T22:33:59.891+0000] {processor.py:839} INFO - DAG(s) dict_keys(['example_branch_labels']) retrieved from /home/airflow/.local/lib/python3.8/site-packages/airflow/example_dags/example_branch_labels.py
[2023-12-01T22:33:59.910+0000] {logging_mixin.py:154} INFO - [2023-12-01T22:33:59.910+0000] {dag.py:2941} INFO - Sync 1 DAGs
[2023-12-01T22:33:59.930+0000] {logging_mixin.py:154} INFO - [2023-12-01T22:33:59.929+0000] {dag.py:3722} INFO - Setting next_dagrun for example_branch_labels to 2023-11-30T00:00:00+00:00, run_after=2023-12-01T00:00:00+00:00
[2023-12-01T22:33:59.944+0000] {processor.py:179} INFO - Processing /home/airflow/.local/lib/python3.8/site-packages/airflow/example_dags/example_branch_labels.py took 0.064 seconds
[2023-12-01T22:34:30.494+0000] {processor.py:157} INFO - Started process (PID=1465) to work on /home/airflow/.local/lib/python3.8/site-packages/airflow/example_dags/example_branch_labels.py
[2023-12-01T22:34:30.495+0000] {processor.py:829} INFO - Processing file /home/airflow/.local/lib/python3.8/site-packages/airflow/example_dags/example_branch_labels.py for tasks to queue
[2023-12-01T22:34:30.497+0000] {logging_mixin.py:154} INFO - [2023-12-01T22:34:30.497+0000] {dagbag.py:536} INFO - Filling up the DagBag from /home/airflow/.local/lib/python3.8/site-packages/airflow/example_dags/example_branch_labels.py
[2023-12-01T22:34:30.503+0000] {processor.py:839} INFO - DAG(s) dict_keys(['example_branch_labels']) retrieved from /home/airflow/.local/lib/python3.8/site-packages/airflow/example_dags/example_branch_labels.py
[2023-12-01T22:34:30.524+0000] {logging_mixin.py:154} INFO - [2023-12-01T22:34:30.524+0000] {dag.py:2941} INFO - Sync 1 DAGs
[2023-12-01T22:34:30.546+0000] {logging_mixin.py:154} INFO - [2023-12-01T22:34:30.546+0000] {dag.py:3722} INFO - Setting next_dagrun for example_branch_labels to 2023-11-30T00:00:00+00:00, run_after=2023-12-01T00:00:00+00:00
[2023-12-01T22:34:30.561+0000] {processor.py:179} INFO - Processing /home/airflow/.local/lib/python3.8/site-packages/airflow/example_dags/example_branch_labels.py took 0.070 seconds
[2023-12-01T22:35:01.030+0000] {processor.py:157} INFO - Started process (PID=1519) to work on /home/airflow/.local/lib/python3.8/site-packages/airflow/example_dags/example_branch_labels.py
[2023-12-01T22:35:01.031+0000] {processor.py:829} INFO - Processing file /home/airflow/.local/lib/python3.8/site-packages/airflow/example_dags/example_branch_labels.py for tasks to queue
[2023-12-01T22:35:01.034+0000] {logging_mixin.py:154} INFO - [2023-12-01T22:35:01.033+0000] {dagbag.py:536} INFO - Filling up the DagBag from /home/airflow/.local/lib/python3.8/site-packages/airflow/example_dags/example_branch_labels.py
[2023-12-01T22:35:01.042+0000] {processor.py:839} INFO - DAG(s) dict_keys(['example_branch_labels']) retrieved from /home/airflow/.local/lib/python3.8/site-packages/airflow/example_dags/example_branch_labels.py
[2023-12-01T22:35:01.060+0000] {logging_mixin.py:154} INFO - [2023-12-01T22:35:01.060+0000] {dag.py:2941} INFO - Sync 1 DAGs
[2023-12-01T22:35:01.081+0000] {logging_mixin.py:154} INFO - [2023-12-01T22:35:01.080+0000] {dag.py:3722} INFO - Setting next_dagrun for example_branch_labels to 2023-11-30T00:00:00+00:00, run_after=2023-12-01T00:00:00+00:00
[2023-12-01T22:35:01.097+0000] {processor.py:179} INFO - Processing /home/airflow/.local/lib/python3.8/site-packages/airflow/example_dags/example_branch_labels.py took 0.070 seconds
[2023-12-01T22:35:31.427+0000] {processor.py:157} INFO - Started process (PID=1573) to work on /home/airflow/.local/lib/python3.8/site-packages/airflow/example_dags/example_branch_labels.py
[2023-12-01T22:35:31.427+0000] {processor.py:829} INFO - Processing file /home/airflow/.local/lib/python3.8/site-packages/airflow/example_dags/example_branch_labels.py for tasks to queue
[2023-12-01T22:35:31.430+0000] {logging_mixin.py:154} INFO - [2023-12-01T22:35:31.429+0000] {dagbag.py:536} INFO - Filling up the DagBag from /home/airflow/.local/lib/python3.8/site-packages/airflow/example_dags/example_branch_labels.py
[2023-12-01T22:35:31.436+0000] {processor.py:839} INFO - DAG(s) dict_keys(['example_branch_labels']) retrieved from /home/airflow/.local/lib/python3.8/site-packages/airflow/example_dags/example_branch_labels.py
[2023-12-01T22:35:31.457+0000] {logging_mixin.py:154} INFO - [2023-12-01T22:35:31.457+0000] {dag.py:2941} INFO - Sync 1 DAGs
[2023-12-01T22:35:31.477+0000] {logging_mixin.py:154} INFO - [2023-12-01T22:35:31.476+0000] {dag.py:3722} INFO - Setting next_dagrun for example_branch_labels to 2023-11-30T00:00:00+00:00, run_after=2023-12-01T00:00:00+00:00
[2023-12-01T22:35:31.491+0000] {processor.py:179} INFO - Processing /home/airflow/.local/lib/python3.8/site-packages/airflow/example_dags/example_branch_labels.py took 0.066 seconds
[2023-12-01T22:38:29.554+0000] {processor.py:157} INFO - Started process (PID=59) to work on /home/airflow/.local/lib/python3.8/site-packages/airflow/example_dags/example_branch_labels.py
[2023-12-01T22:38:29.555+0000] {processor.py:829} INFO - Processing file /home/airflow/.local/lib/python3.8/site-packages/airflow/example_dags/example_branch_labels.py for tasks to queue
[2023-12-01T22:38:29.558+0000] {logging_mixin.py:154} INFO - [2023-12-01T22:38:29.558+0000] {dagbag.py:536} INFO - Filling up the DagBag from /home/airflow/.local/lib/python3.8/site-packages/airflow/example_dags/example_branch_labels.py
[2023-12-01T22:38:29.570+0000] {processor.py:839} INFO - DAG(s) dict_keys(['example_branch_labels']) retrieved from /home/airflow/.local/lib/python3.8/site-packages/airflow/example_dags/example_branch_labels.py
[2023-12-01T22:38:29.585+0000] {logging_mixin.py:154} INFO - [2023-12-01T22:38:29.584+0000] {dag.py:2941} INFO - Sync 1 DAGs
[2023-12-01T22:38:29.619+0000] {logging_mixin.py:154} INFO - [2023-12-01T22:38:29.619+0000] {dag.py:3722} INFO - Setting next_dagrun for example_branch_labels to 2023-11-30T00:00:00+00:00, run_after=2023-12-01T00:00:00+00:00
[2023-12-01T22:38:29.646+0000] {processor.py:179} INFO - Processing /home/airflow/.local/lib/python3.8/site-packages/airflow/example_dags/example_branch_labels.py took 0.095 seconds
[2023-12-01T22:39:00.357+0000] {processor.py:157} INFO - Started process (PID=113) to work on /home/airflow/.local/lib/python3.8/site-packages/airflow/example_dags/example_branch_labels.py
[2023-12-01T22:39:00.358+0000] {processor.py:829} INFO - Processing file /home/airflow/.local/lib/python3.8/site-packages/airflow/example_dags/example_branch_labels.py for tasks to queue
[2023-12-01T22:39:00.360+0000] {logging_mixin.py:154} INFO - [2023-12-01T22:39:00.360+0000] {dagbag.py:536} INFO - Filling up the DagBag from /home/airflow/.local/lib/python3.8/site-packages/airflow/example_dags/example_branch_labels.py
[2023-12-01T22:39:00.366+0000] {processor.py:839} INFO - DAG(s) dict_keys(['example_branch_labels']) retrieved from /home/airflow/.local/lib/python3.8/site-packages/airflow/example_dags/example_branch_labels.py
[2023-12-01T22:39:00.383+0000] {logging_mixin.py:154} INFO - [2023-12-01T22:39:00.383+0000] {dag.py:2941} INFO - Sync 1 DAGs
[2023-12-01T22:39:00.404+0000] {logging_mixin.py:154} INFO - [2023-12-01T22:39:00.404+0000] {dag.py:3722} INFO - Setting next_dagrun for example_branch_labels to 2023-11-30T00:00:00+00:00, run_after=2023-12-01T00:00:00+00:00
[2023-12-01T22:39:00.417+0000] {processor.py:179} INFO - Processing /home/airflow/.local/lib/python3.8/site-packages/airflow/example_dags/example_branch_labels.py took 0.062 seconds
[2023-12-01T22:39:30.895+0000] {processor.py:157} INFO - Started process (PID=167) to work on /home/airflow/.local/lib/python3.8/site-packages/airflow/example_dags/example_branch_labels.py
[2023-12-01T22:39:30.895+0000] {processor.py:829} INFO - Processing file /home/airflow/.local/lib/python3.8/site-packages/airflow/example_dags/example_branch_labels.py for tasks to queue
[2023-12-01T22:39:30.898+0000] {logging_mixin.py:154} INFO - [2023-12-01T22:39:30.898+0000] {dagbag.py:536} INFO - Filling up the DagBag from /home/airflow/.local/lib/python3.8/site-packages/airflow/example_dags/example_branch_labels.py
[2023-12-01T22:39:30.904+0000] {processor.py:839} INFO - DAG(s) dict_keys(['example_branch_labels']) retrieved from /home/airflow/.local/lib/python3.8/site-packages/airflow/example_dags/example_branch_labels.py
[2023-12-01T22:39:30.922+0000] {logging_mixin.py:154} INFO - [2023-12-01T22:39:30.922+0000] {dag.py:2941} INFO - Sync 1 DAGs
[2023-12-01T22:39:30.942+0000] {logging_mixin.py:154} INFO - [2023-12-01T22:39:30.941+0000] {dag.py:3722} INFO - Setting next_dagrun for example_branch_labels to 2023-11-30T00:00:00+00:00, run_after=2023-12-01T00:00:00+00:00
[2023-12-01T22:39:30.958+0000] {processor.py:179} INFO - Processing /home/airflow/.local/lib/python3.8/site-packages/airflow/example_dags/example_branch_labels.py took 0.066 seconds
[2023-12-01T22:40:01.358+0000] {processor.py:157} INFO - Started process (PID=221) to work on /home/airflow/.local/lib/python3.8/site-packages/airflow/example_dags/example_branch_labels.py
[2023-12-01T22:40:01.359+0000] {processor.py:829} INFO - Processing file /home/airflow/.local/lib/python3.8/site-packages/airflow/example_dags/example_branch_labels.py for tasks to queue
[2023-12-01T22:40:01.361+0000] {logging_mixin.py:154} INFO - [2023-12-01T22:40:01.361+0000] {dagbag.py:536} INFO - Filling up the DagBag from /home/airflow/.local/lib/python3.8/site-packages/airflow/example_dags/example_branch_labels.py
[2023-12-01T22:40:01.368+0000] {processor.py:839} INFO - DAG(s) dict_keys(['example_branch_labels']) retrieved from /home/airflow/.local/lib/python3.8/site-packages/airflow/example_dags/example_branch_labels.py
[2023-12-01T22:40:01.389+0000] {logging_mixin.py:154} INFO - [2023-12-01T22:40:01.389+0000] {dag.py:2941} INFO - Sync 1 DAGs
[2023-12-01T22:40:01.421+0000] {logging_mixin.py:154} INFO - [2023-12-01T22:40:01.421+0000] {dag.py:3722} INFO - Setting next_dagrun for example_branch_labels to 2023-11-30T00:00:00+00:00, run_after=2023-12-01T00:00:00+00:00
[2023-12-01T22:40:01.441+0000] {processor.py:179} INFO - Processing /home/airflow/.local/lib/python3.8/site-packages/airflow/example_dags/example_branch_labels.py took 0.086 seconds
[2023-12-01T22:40:31.914+0000] {processor.py:157} INFO - Started process (PID=275) to work on /home/airflow/.local/lib/python3.8/site-packages/airflow/example_dags/example_branch_labels.py
[2023-12-01T22:40:31.915+0000] {processor.py:829} INFO - Processing file /home/airflow/.local/lib/python3.8/site-packages/airflow/example_dags/example_branch_labels.py for tasks to queue
[2023-12-01T22:40:31.917+0000] {logging_mixin.py:154} INFO - [2023-12-01T22:40:31.916+0000] {dagbag.py:536} INFO - Filling up the DagBag from /home/airflow/.local/lib/python3.8/site-packages/airflow/example_dags/example_branch_labels.py
[2023-12-01T22:40:31.922+0000] {processor.py:839} INFO - DAG(s) dict_keys(['example_branch_labels']) retrieved from /home/airflow/.local/lib/python3.8/site-packages/airflow/example_dags/example_branch_labels.py
[2023-12-01T22:40:31.938+0000] {logging_mixin.py:154} INFO - [2023-12-01T22:40:31.938+0000] {dag.py:2941} INFO - Sync 1 DAGs
[2023-12-01T22:40:31.956+0000] {logging_mixin.py:154} INFO - [2023-12-01T22:40:31.956+0000] {dag.py:3722} INFO - Setting next_dagrun for example_branch_labels to 2023-11-30T00:00:00+00:00, run_after=2023-12-01T00:00:00+00:00
[2023-12-01T22:40:31.972+0000] {processor.py:179} INFO - Processing /home/airflow/.local/lib/python3.8/site-packages/airflow/example_dags/example_branch_labels.py took 0.061 seconds
[2023-12-01T22:41:02.340+0000] {processor.py:157} INFO - Started process (PID=329) to work on /home/airflow/.local/lib/python3.8/site-packages/airflow/example_dags/example_branch_labels.py
[2023-12-01T22:41:02.341+0000] {processor.py:829} INFO - Processing file /home/airflow/.local/lib/python3.8/site-packages/airflow/example_dags/example_branch_labels.py for tasks to queue
[2023-12-01T22:41:02.343+0000] {logging_mixin.py:154} INFO - [2023-12-01T22:41:02.343+0000] {dagbag.py:536} INFO - Filling up the DagBag from /home/airflow/.local/lib/python3.8/site-packages/airflow/example_dags/example_branch_labels.py
[2023-12-01T22:41:02.349+0000] {processor.py:839} INFO - DAG(s) dict_keys(['example_branch_labels']) retrieved from /home/airflow/.local/lib/python3.8/site-packages/airflow/example_dags/example_branch_labels.py
[2023-12-01T22:41:02.368+0000] {logging_mixin.py:154} INFO - [2023-12-01T22:41:02.368+0000] {dag.py:2941} INFO - Sync 1 DAGs
[2023-12-01T22:41:02.387+0000] {logging_mixin.py:154} INFO - [2023-12-01T22:41:02.387+0000] {dag.py:3722} INFO - Setting next_dagrun for example_branch_labels to 2023-11-30T00:00:00+00:00, run_after=2023-12-01T00:00:00+00:00
[2023-12-01T22:41:02.402+0000] {processor.py:179} INFO - Processing /home/airflow/.local/lib/python3.8/site-packages/airflow/example_dags/example_branch_labels.py took 0.064 seconds
