[2023-12-01T22:13:42.919+0000] {processor.py:157} INFO - Started process (PID=72) to work on /home/airflow/.local/lib/python3.8/site-packages/airflow/example_dags/example_trigger_controller_dag.py
[2023-12-01T22:13:42.920+0000] {processor.py:829} INFO - Processing file /home/airflow/.local/lib/python3.8/site-packages/airflow/example_dags/example_trigger_controller_dag.py for tasks to queue
[2023-12-01T22:13:42.923+0000] {logging_mixin.py:154} INFO - [2023-12-01T22:13:42.923+0000] {dagbag.py:536} INFO - Filling up the DagBag from /home/airflow/.local/lib/python3.8/site-packages/airflow/example_dags/example_trigger_controller_dag.py
[2023-12-01T22:13:42.931+0000] {processor.py:839} INFO - DAG(s) dict_keys(['example_trigger_controller_dag']) retrieved from /home/airflow/.local/lib/python3.8/site-packages/airflow/example_dags/example_trigger_controller_dag.py
[2023-12-01T22:13:42.955+0000] {logging_mixin.py:154} INFO - [2023-12-01T22:13:42.955+0000] {dag.py:2941} INFO - Sync 1 DAGs
[2023-12-01T22:13:42.979+0000] {logging_mixin.py:154} INFO - [2023-12-01T22:13:42.978+0000] {dag.py:3722} INFO - Setting next_dagrun for example_trigger_controller_dag to 2021-01-01T00:00:00+00:00, run_after=2021-01-01T00:00:00+00:00
[2023-12-01T22:13:42.995+0000] {processor.py:179} INFO - Processing /home/airflow/.local/lib/python3.8/site-packages/airflow/example_dags/example_trigger_controller_dag.py took 0.079 seconds
[2023-12-01T22:19:42.052+0000] {processor.py:157} INFO - Started process (PID=70) to work on /home/airflow/.local/lib/python3.8/site-packages/airflow/example_dags/example_trigger_controller_dag.py
[2023-12-01T22:19:42.054+0000] {processor.py:829} INFO - Processing file /home/airflow/.local/lib/python3.8/site-packages/airflow/example_dags/example_trigger_controller_dag.py for tasks to queue
[2023-12-01T22:19:42.057+0000] {logging_mixin.py:154} INFO - [2023-12-01T22:19:42.057+0000] {dagbag.py:536} INFO - Filling up the DagBag from /home/airflow/.local/lib/python3.8/site-packages/airflow/example_dags/example_trigger_controller_dag.py
[2023-12-01T22:19:42.064+0000] {processor.py:839} INFO - DAG(s) dict_keys(['example_trigger_controller_dag']) retrieved from /home/airflow/.local/lib/python3.8/site-packages/airflow/example_dags/example_trigger_controller_dag.py
[2023-12-01T22:19:42.092+0000] {logging_mixin.py:154} INFO - [2023-12-01T22:19:42.092+0000] {dag.py:2941} INFO - Sync 1 DAGs
[2023-12-01T22:19:42.113+0000] {logging_mixin.py:154} INFO - [2023-12-01T22:19:42.112+0000] {dag.py:3722} INFO - Setting next_dagrun for example_trigger_controller_dag to 2021-01-01T00:00:00+00:00, run_after=2021-01-01T00:00:00+00:00
[2023-12-01T22:19:42.128+0000] {processor.py:179} INFO - Processing /home/airflow/.local/lib/python3.8/site-packages/airflow/example_dags/example_trigger_controller_dag.py took 0.081 seconds
[2023-12-01T22:21:23.074+0000] {processor.py:157} INFO - Started process (PID=71) to work on /home/airflow/.local/lib/python3.8/site-packages/airflow/example_dags/example_trigger_controller_dag.py
[2023-12-01T22:21:23.075+0000] {processor.py:829} INFO - Processing file /home/airflow/.local/lib/python3.8/site-packages/airflow/example_dags/example_trigger_controller_dag.py for tasks to queue
[2023-12-01T22:21:23.079+0000] {logging_mixin.py:154} INFO - [2023-12-01T22:21:23.079+0000] {dagbag.py:536} INFO - Filling up the DagBag from /home/airflow/.local/lib/python3.8/site-packages/airflow/example_dags/example_trigger_controller_dag.py
[2023-12-01T22:21:23.084+0000] {processor.py:839} INFO - DAG(s) dict_keys(['example_trigger_controller_dag']) retrieved from /home/airflow/.local/lib/python3.8/site-packages/airflow/example_dags/example_trigger_controller_dag.py
[2023-12-01T22:21:23.097+0000] {logging_mixin.py:154} INFO - [2023-12-01T22:21:23.096+0000] {dag.py:2941} INFO - Sync 1 DAGs
[2023-12-01T22:21:23.122+0000] {logging_mixin.py:154} INFO - [2023-12-01T22:21:23.122+0000] {dag.py:3722} INFO - Setting next_dagrun for example_trigger_controller_dag to 2021-01-01T00:00:00+00:00, run_after=2021-01-01T00:00:00+00:00
[2023-12-01T22:21:23.152+0000] {processor.py:179} INFO - Processing /home/airflow/.local/lib/python3.8/site-packages/airflow/example_dags/example_trigger_controller_dag.py took 0.080 seconds
[2023-12-01T22:21:53.631+0000] {processor.py:157} INFO - Started process (PID=126) to work on /home/airflow/.local/lib/python3.8/site-packages/airflow/example_dags/example_trigger_controller_dag.py
[2023-12-01T22:21:53.631+0000] {processor.py:829} INFO - Processing file /home/airflow/.local/lib/python3.8/site-packages/airflow/example_dags/example_trigger_controller_dag.py for tasks to queue
[2023-12-01T22:21:53.633+0000] {logging_mixin.py:154} INFO - [2023-12-01T22:21:53.633+0000] {dagbag.py:536} INFO - Filling up the DagBag from /home/airflow/.local/lib/python3.8/site-packages/airflow/example_dags/example_trigger_controller_dag.py
[2023-12-01T22:21:53.636+0000] {processor.py:839} INFO - DAG(s) dict_keys(['example_trigger_controller_dag']) retrieved from /home/airflow/.local/lib/python3.8/site-packages/airflow/example_dags/example_trigger_controller_dag.py
[2023-12-01T22:21:53.651+0000] {logging_mixin.py:154} INFO - [2023-12-01T22:21:53.651+0000] {dag.py:2941} INFO - Sync 1 DAGs
[2023-12-01T22:21:53.668+0000] {logging_mixin.py:154} INFO - [2023-12-01T22:21:53.668+0000] {dag.py:3722} INFO - Setting next_dagrun for example_trigger_controller_dag to 2021-01-01T00:00:00+00:00, run_after=2021-01-01T00:00:00+00:00
[2023-12-01T22:21:53.682+0000] {processor.py:179} INFO - Processing /home/airflow/.local/lib/python3.8/site-packages/airflow/example_dags/example_trigger_controller_dag.py took 0.054 seconds
[2023-12-01T22:22:23.725+0000] {processor.py:157} INFO - Started process (PID=180) to work on /home/airflow/.local/lib/python3.8/site-packages/airflow/example_dags/example_trigger_controller_dag.py
[2023-12-01T22:22:23.726+0000] {processor.py:829} INFO - Processing file /home/airflow/.local/lib/python3.8/site-packages/airflow/example_dags/example_trigger_controller_dag.py for tasks to queue
[2023-12-01T22:22:23.728+0000] {logging_mixin.py:154} INFO - [2023-12-01T22:22:23.728+0000] {dagbag.py:536} INFO - Filling up the DagBag from /home/airflow/.local/lib/python3.8/site-packages/airflow/example_dags/example_trigger_controller_dag.py
[2023-12-01T22:22:23.731+0000] {processor.py:839} INFO - DAG(s) dict_keys(['example_trigger_controller_dag']) retrieved from /home/airflow/.local/lib/python3.8/site-packages/airflow/example_dags/example_trigger_controller_dag.py
[2023-12-01T22:22:23.744+0000] {logging_mixin.py:154} INFO - [2023-12-01T22:22:23.744+0000] {dag.py:2941} INFO - Sync 1 DAGs
[2023-12-01T22:22:23.761+0000] {logging_mixin.py:154} INFO - [2023-12-01T22:22:23.760+0000] {dag.py:3722} INFO - Setting next_dagrun for example_trigger_controller_dag to 2021-01-01T00:00:00+00:00, run_after=2021-01-01T00:00:00+00:00
[2023-12-01T22:22:23.776+0000] {processor.py:179} INFO - Processing /home/airflow/.local/lib/python3.8/site-packages/airflow/example_dags/example_trigger_controller_dag.py took 0.053 seconds
[2023-12-01T22:22:53.879+0000] {processor.py:157} INFO - Started process (PID=234) to work on /home/airflow/.local/lib/python3.8/site-packages/airflow/example_dags/example_trigger_controller_dag.py
[2023-12-01T22:22:53.880+0000] {processor.py:829} INFO - Processing file /home/airflow/.local/lib/python3.8/site-packages/airflow/example_dags/example_trigger_controller_dag.py for tasks to queue
[2023-12-01T22:22:53.882+0000] {logging_mixin.py:154} INFO - [2023-12-01T22:22:53.881+0000] {dagbag.py:536} INFO - Filling up the DagBag from /home/airflow/.local/lib/python3.8/site-packages/airflow/example_dags/example_trigger_controller_dag.py
[2023-12-01T22:22:53.885+0000] {processor.py:839} INFO - DAG(s) dict_keys(['example_trigger_controller_dag']) retrieved from /home/airflow/.local/lib/python3.8/site-packages/airflow/example_dags/example_trigger_controller_dag.py
[2023-12-01T22:22:53.898+0000] {logging_mixin.py:154} INFO - [2023-12-01T22:22:53.898+0000] {dag.py:2941} INFO - Sync 1 DAGs
[2023-12-01T22:22:53.914+0000] {logging_mixin.py:154} INFO - [2023-12-01T22:22:53.914+0000] {dag.py:3722} INFO - Setting next_dagrun for example_trigger_controller_dag to 2021-01-01T00:00:00+00:00, run_after=2021-01-01T00:00:00+00:00
[2023-12-01T22:22:53.932+0000] {processor.py:179} INFO - Processing /home/airflow/.local/lib/python3.8/site-packages/airflow/example_dags/example_trigger_controller_dag.py took 0.055 seconds
[2023-12-01T22:23:24.086+0000] {processor.py:157} INFO - Started process (PID=288) to work on /home/airflow/.local/lib/python3.8/site-packages/airflow/example_dags/example_trigger_controller_dag.py
[2023-12-01T22:23:24.087+0000] {processor.py:829} INFO - Processing file /home/airflow/.local/lib/python3.8/site-packages/airflow/example_dags/example_trigger_controller_dag.py for tasks to queue
[2023-12-01T22:23:24.088+0000] {logging_mixin.py:154} INFO - [2023-12-01T22:23:24.088+0000] {dagbag.py:536} INFO - Filling up the DagBag from /home/airflow/.local/lib/python3.8/site-packages/airflow/example_dags/example_trigger_controller_dag.py
[2023-12-01T22:23:24.092+0000] {processor.py:839} INFO - DAG(s) dict_keys(['example_trigger_controller_dag']) retrieved from /home/airflow/.local/lib/python3.8/site-packages/airflow/example_dags/example_trigger_controller_dag.py
[2023-12-01T22:23:24.109+0000] {logging_mixin.py:154} INFO - [2023-12-01T22:23:24.108+0000] {dag.py:2941} INFO - Sync 1 DAGs
[2023-12-01T22:23:24.129+0000] {logging_mixin.py:154} INFO - [2023-12-01T22:23:24.129+0000] {dag.py:3722} INFO - Setting next_dagrun for example_trigger_controller_dag to 2021-01-01T00:00:00+00:00, run_after=2021-01-01T00:00:00+00:00
[2023-12-01T22:23:24.144+0000] {processor.py:179} INFO - Processing /home/airflow/.local/lib/python3.8/site-packages/airflow/example_dags/example_trigger_controller_dag.py took 0.060 seconds
[2023-12-01T22:23:54.260+0000] {processor.py:157} INFO - Started process (PID=342) to work on /home/airflow/.local/lib/python3.8/site-packages/airflow/example_dags/example_trigger_controller_dag.py
[2023-12-01T22:23:54.261+0000] {processor.py:829} INFO - Processing file /home/airflow/.local/lib/python3.8/site-packages/airflow/example_dags/example_trigger_controller_dag.py for tasks to queue
[2023-12-01T22:23:54.262+0000] {logging_mixin.py:154} INFO - [2023-12-01T22:23:54.262+0000] {dagbag.py:536} INFO - Filling up the DagBag from /home/airflow/.local/lib/python3.8/site-packages/airflow/example_dags/example_trigger_controller_dag.py
[2023-12-01T22:23:54.265+0000] {processor.py:839} INFO - DAG(s) dict_keys(['example_trigger_controller_dag']) retrieved from /home/airflow/.local/lib/python3.8/site-packages/airflow/example_dags/example_trigger_controller_dag.py
[2023-12-01T22:23:54.280+0000] {logging_mixin.py:154} INFO - [2023-12-01T22:23:54.280+0000] {dag.py:2941} INFO - Sync 1 DAGs
[2023-12-01T22:23:54.296+0000] {logging_mixin.py:154} INFO - [2023-12-01T22:23:54.296+0000] {dag.py:3722} INFO - Setting next_dagrun for example_trigger_controller_dag to 2021-01-01T00:00:00+00:00, run_after=2021-01-01T00:00:00+00:00
[2023-12-01T22:23:54.308+0000] {processor.py:179} INFO - Processing /home/airflow/.local/lib/python3.8/site-packages/airflow/example_dags/example_trigger_controller_dag.py took 0.051 seconds
[2023-12-01T22:24:24.517+0000] {processor.py:157} INFO - Started process (PID=396) to work on /home/airflow/.local/lib/python3.8/site-packages/airflow/example_dags/example_trigger_controller_dag.py
[2023-12-01T22:24:24.517+0000] {processor.py:829} INFO - Processing file /home/airflow/.local/lib/python3.8/site-packages/airflow/example_dags/example_trigger_controller_dag.py for tasks to queue
[2023-12-01T22:24:24.519+0000] {logging_mixin.py:154} INFO - [2023-12-01T22:24:24.519+0000] {dagbag.py:536} INFO - Filling up the DagBag from /home/airflow/.local/lib/python3.8/site-packages/airflow/example_dags/example_trigger_controller_dag.py
[2023-12-01T22:24:24.522+0000] {processor.py:839} INFO - DAG(s) dict_keys(['example_trigger_controller_dag']) retrieved from /home/airflow/.local/lib/python3.8/site-packages/airflow/example_dags/example_trigger_controller_dag.py
[2023-12-01T22:24:24.536+0000] {logging_mixin.py:154} INFO - [2023-12-01T22:24:24.535+0000] {dag.py:2941} INFO - Sync 1 DAGs
[2023-12-01T22:24:24.551+0000] {logging_mixin.py:154} INFO - [2023-12-01T22:24:24.551+0000] {dag.py:3722} INFO - Setting next_dagrun for example_trigger_controller_dag to 2021-01-01T00:00:00+00:00, run_after=2021-01-01T00:00:00+00:00
[2023-12-01T22:24:24.564+0000] {processor.py:179} INFO - Processing /home/airflow/.local/lib/python3.8/site-packages/airflow/example_dags/example_trigger_controller_dag.py took 0.049 seconds
[2023-12-01T22:24:55.660+0000] {processor.py:157} INFO - Started process (PID=450) to work on /home/airflow/.local/lib/python3.8/site-packages/airflow/example_dags/example_trigger_controller_dag.py
[2023-12-01T22:24:55.661+0000] {processor.py:829} INFO - Processing file /home/airflow/.local/lib/python3.8/site-packages/airflow/example_dags/example_trigger_controller_dag.py for tasks to queue
[2023-12-01T22:24:55.662+0000] {logging_mixin.py:154} INFO - [2023-12-01T22:24:55.662+0000] {dagbag.py:536} INFO - Filling up the DagBag from /home/airflow/.local/lib/python3.8/site-packages/airflow/example_dags/example_trigger_controller_dag.py
[2023-12-01T22:24:55.665+0000] {processor.py:839} INFO - DAG(s) dict_keys(['example_trigger_controller_dag']) retrieved from /home/airflow/.local/lib/python3.8/site-packages/airflow/example_dags/example_trigger_controller_dag.py
[2023-12-01T22:24:55.680+0000] {logging_mixin.py:154} INFO - [2023-12-01T22:24:55.679+0000] {dag.py:2941} INFO - Sync 1 DAGs
[2023-12-01T22:24:55.696+0000] {logging_mixin.py:154} INFO - [2023-12-01T22:24:55.696+0000] {dag.py:3722} INFO - Setting next_dagrun for example_trigger_controller_dag to 2021-01-01T00:00:00+00:00, run_after=2021-01-01T00:00:00+00:00
[2023-12-01T22:24:55.711+0000] {processor.py:179} INFO - Processing /home/airflow/.local/lib/python3.8/site-packages/airflow/example_dags/example_trigger_controller_dag.py took 0.054 seconds
[2023-12-01T22:25:25.815+0000] {processor.py:157} INFO - Started process (PID=504) to work on /home/airflow/.local/lib/python3.8/site-packages/airflow/example_dags/example_trigger_controller_dag.py
[2023-12-01T22:25:25.816+0000] {processor.py:829} INFO - Processing file /home/airflow/.local/lib/python3.8/site-packages/airflow/example_dags/example_trigger_controller_dag.py for tasks to queue
[2023-12-01T22:25:25.817+0000] {logging_mixin.py:154} INFO - [2023-12-01T22:25:25.817+0000] {dagbag.py:536} INFO - Filling up the DagBag from /home/airflow/.local/lib/python3.8/site-packages/airflow/example_dags/example_trigger_controller_dag.py
[2023-12-01T22:25:25.820+0000] {processor.py:839} INFO - DAG(s) dict_keys(['example_trigger_controller_dag']) retrieved from /home/airflow/.local/lib/python3.8/site-packages/airflow/example_dags/example_trigger_controller_dag.py
[2023-12-01T22:25:25.834+0000] {logging_mixin.py:154} INFO - [2023-12-01T22:25:25.834+0000] {dag.py:2941} INFO - Sync 1 DAGs
[2023-12-01T22:25:25.854+0000] {logging_mixin.py:154} INFO - [2023-12-01T22:25:25.854+0000] {dag.py:3722} INFO - Setting next_dagrun for example_trigger_controller_dag to 2021-01-01T00:00:00+00:00, run_after=2021-01-01T00:00:00+00:00
[2023-12-01T22:25:25.869+0000] {processor.py:179} INFO - Processing /home/airflow/.local/lib/python3.8/site-packages/airflow/example_dags/example_trigger_controller_dag.py took 0.056 seconds
[2023-12-01T22:25:56.714+0000] {processor.py:157} INFO - Started process (PID=558) to work on /home/airflow/.local/lib/python3.8/site-packages/airflow/example_dags/example_trigger_controller_dag.py
[2023-12-01T22:25:56.714+0000] {processor.py:829} INFO - Processing file /home/airflow/.local/lib/python3.8/site-packages/airflow/example_dags/example_trigger_controller_dag.py for tasks to queue
[2023-12-01T22:25:56.716+0000] {logging_mixin.py:154} INFO - [2023-12-01T22:25:56.716+0000] {dagbag.py:536} INFO - Filling up the DagBag from /home/airflow/.local/lib/python3.8/site-packages/airflow/example_dags/example_trigger_controller_dag.py
[2023-12-01T22:25:56.719+0000] {processor.py:839} INFO - DAG(s) dict_keys(['example_trigger_controller_dag']) retrieved from /home/airflow/.local/lib/python3.8/site-packages/airflow/example_dags/example_trigger_controller_dag.py
[2023-12-01T22:25:56.732+0000] {logging_mixin.py:154} INFO - [2023-12-01T22:25:56.732+0000] {dag.py:2941} INFO - Sync 1 DAGs
[2023-12-01T22:25:56.748+0000] {logging_mixin.py:154} INFO - [2023-12-01T22:25:56.748+0000] {dag.py:3722} INFO - Setting next_dagrun for example_trigger_controller_dag to 2021-01-01T00:00:00+00:00, run_after=2021-01-01T00:00:00+00:00
[2023-12-01T22:25:56.761+0000] {processor.py:179} INFO - Processing /home/airflow/.local/lib/python3.8/site-packages/airflow/example_dags/example_trigger_controller_dag.py took 0.050 seconds
[2023-12-01T22:26:26.831+0000] {processor.py:157} INFO - Started process (PID=612) to work on /home/airflow/.local/lib/python3.8/site-packages/airflow/example_dags/example_trigger_controller_dag.py
[2023-12-01T22:26:26.832+0000] {processor.py:829} INFO - Processing file /home/airflow/.local/lib/python3.8/site-packages/airflow/example_dags/example_trigger_controller_dag.py for tasks to queue
[2023-12-01T22:26:26.834+0000] {logging_mixin.py:154} INFO - [2023-12-01T22:26:26.833+0000] {dagbag.py:536} INFO - Filling up the DagBag from /home/airflow/.local/lib/python3.8/site-packages/airflow/example_dags/example_trigger_controller_dag.py
[2023-12-01T22:26:26.837+0000] {processor.py:839} INFO - DAG(s) dict_keys(['example_trigger_controller_dag']) retrieved from /home/airflow/.local/lib/python3.8/site-packages/airflow/example_dags/example_trigger_controller_dag.py
[2023-12-01T22:26:26.850+0000] {logging_mixin.py:154} INFO - [2023-12-01T22:26:26.850+0000] {dag.py:2941} INFO - Sync 1 DAGs
[2023-12-01T22:26:26.867+0000] {logging_mixin.py:154} INFO - [2023-12-01T22:26:26.867+0000] {dag.py:3722} INFO - Setting next_dagrun for example_trigger_controller_dag to 2021-01-01T00:00:00+00:00, run_after=2021-01-01T00:00:00+00:00
[2023-12-01T22:26:26.881+0000] {processor.py:179} INFO - Processing /home/airflow/.local/lib/python3.8/site-packages/airflow/example_dags/example_trigger_controller_dag.py took 0.052 seconds
[2023-12-01T22:26:56.956+0000] {processor.py:157} INFO - Started process (PID=666) to work on /home/airflow/.local/lib/python3.8/site-packages/airflow/example_dags/example_trigger_controller_dag.py
[2023-12-01T22:26:56.956+0000] {processor.py:829} INFO - Processing file /home/airflow/.local/lib/python3.8/site-packages/airflow/example_dags/example_trigger_controller_dag.py for tasks to queue
[2023-12-01T22:26:56.958+0000] {logging_mixin.py:154} INFO - [2023-12-01T22:26:56.958+0000] {dagbag.py:536} INFO - Filling up the DagBag from /home/airflow/.local/lib/python3.8/site-packages/airflow/example_dags/example_trigger_controller_dag.py
[2023-12-01T22:26:56.961+0000] {processor.py:839} INFO - DAG(s) dict_keys(['example_trigger_controller_dag']) retrieved from /home/airflow/.local/lib/python3.8/site-packages/airflow/example_dags/example_trigger_controller_dag.py
[2023-12-01T22:26:56.974+0000] {logging_mixin.py:154} INFO - [2023-12-01T22:26:56.974+0000] {dag.py:2941} INFO - Sync 1 DAGs
[2023-12-01T22:26:56.990+0000] {logging_mixin.py:154} INFO - [2023-12-01T22:26:56.990+0000] {dag.py:3722} INFO - Setting next_dagrun for example_trigger_controller_dag to 2021-01-01T00:00:00+00:00, run_after=2021-01-01T00:00:00+00:00
[2023-12-01T22:26:57.003+0000] {processor.py:179} INFO - Processing /home/airflow/.local/lib/python3.8/site-packages/airflow/example_dags/example_trigger_controller_dag.py took 0.050 seconds
[2023-12-01T22:27:27.118+0000] {processor.py:157} INFO - Started process (PID=720) to work on /home/airflow/.local/lib/python3.8/site-packages/airflow/example_dags/example_trigger_controller_dag.py
[2023-12-01T22:27:27.118+0000] {processor.py:829} INFO - Processing file /home/airflow/.local/lib/python3.8/site-packages/airflow/example_dags/example_trigger_controller_dag.py for tasks to queue
[2023-12-01T22:27:27.120+0000] {logging_mixin.py:154} INFO - [2023-12-01T22:27:27.120+0000] {dagbag.py:536} INFO - Filling up the DagBag from /home/airflow/.local/lib/python3.8/site-packages/airflow/example_dags/example_trigger_controller_dag.py
[2023-12-01T22:27:27.123+0000] {processor.py:839} INFO - DAG(s) dict_keys(['example_trigger_controller_dag']) retrieved from /home/airflow/.local/lib/python3.8/site-packages/airflow/example_dags/example_trigger_controller_dag.py
[2023-12-01T22:27:27.138+0000] {logging_mixin.py:154} INFO - [2023-12-01T22:27:27.138+0000] {dag.py:2941} INFO - Sync 1 DAGs
[2023-12-01T22:27:27.153+0000] {logging_mixin.py:154} INFO - [2023-12-01T22:27:27.153+0000] {dag.py:3722} INFO - Setting next_dagrun for example_trigger_controller_dag to 2021-01-01T00:00:00+00:00, run_after=2021-01-01T00:00:00+00:00
[2023-12-01T22:27:27.165+0000] {processor.py:179} INFO - Processing /home/airflow/.local/lib/python3.8/site-packages/airflow/example_dags/example_trigger_controller_dag.py took 0.050 seconds
[2023-12-01T22:27:57.995+0000] {processor.py:157} INFO - Started process (PID=774) to work on /home/airflow/.local/lib/python3.8/site-packages/airflow/example_dags/example_trigger_controller_dag.py
[2023-12-01T22:27:57.996+0000] {processor.py:829} INFO - Processing file /home/airflow/.local/lib/python3.8/site-packages/airflow/example_dags/example_trigger_controller_dag.py for tasks to queue
[2023-12-01T22:27:57.998+0000] {logging_mixin.py:154} INFO - [2023-12-01T22:27:57.997+0000] {dagbag.py:536} INFO - Filling up the DagBag from /home/airflow/.local/lib/python3.8/site-packages/airflow/example_dags/example_trigger_controller_dag.py
[2023-12-01T22:27:58.000+0000] {processor.py:839} INFO - DAG(s) dict_keys(['example_trigger_controller_dag']) retrieved from /home/airflow/.local/lib/python3.8/site-packages/airflow/example_dags/example_trigger_controller_dag.py
[2023-12-01T22:27:58.014+0000] {logging_mixin.py:154} INFO - [2023-12-01T22:27:58.014+0000] {dag.py:2941} INFO - Sync 1 DAGs
[2023-12-01T22:27:58.031+0000] {logging_mixin.py:154} INFO - [2023-12-01T22:27:58.030+0000] {dag.py:3722} INFO - Setting next_dagrun for example_trigger_controller_dag to 2021-01-01T00:00:00+00:00, run_after=2021-01-01T00:00:00+00:00
[2023-12-01T22:27:58.044+0000] {processor.py:179} INFO - Processing /home/airflow/.local/lib/python3.8/site-packages/airflow/example_dags/example_trigger_controller_dag.py took 0.051 seconds
[2023-12-01T22:28:28.282+0000] {processor.py:157} INFO - Started process (PID=828) to work on /home/airflow/.local/lib/python3.8/site-packages/airflow/example_dags/example_trigger_controller_dag.py
[2023-12-01T22:28:28.283+0000] {processor.py:829} INFO - Processing file /home/airflow/.local/lib/python3.8/site-packages/airflow/example_dags/example_trigger_controller_dag.py for tasks to queue
[2023-12-01T22:28:28.285+0000] {logging_mixin.py:154} INFO - [2023-12-01T22:28:28.285+0000] {dagbag.py:536} INFO - Filling up the DagBag from /home/airflow/.local/lib/python3.8/site-packages/airflow/example_dags/example_trigger_controller_dag.py
[2023-12-01T22:28:28.288+0000] {processor.py:839} INFO - DAG(s) dict_keys(['example_trigger_controller_dag']) retrieved from /home/airflow/.local/lib/python3.8/site-packages/airflow/example_dags/example_trigger_controller_dag.py
[2023-12-01T22:28:28.302+0000] {logging_mixin.py:154} INFO - [2023-12-01T22:28:28.302+0000] {dag.py:2941} INFO - Sync 1 DAGs
[2023-12-01T22:28:28.319+0000] {logging_mixin.py:154} INFO - [2023-12-01T22:28:28.319+0000] {dag.py:3722} INFO - Setting next_dagrun for example_trigger_controller_dag to 2021-01-01T00:00:00+00:00, run_after=2021-01-01T00:00:00+00:00
[2023-12-01T22:28:28.333+0000] {processor.py:179} INFO - Processing /home/airflow/.local/lib/python3.8/site-packages/airflow/example_dags/example_trigger_controller_dag.py took 0.053 seconds
[2023-12-01T22:28:58.425+0000] {processor.py:157} INFO - Started process (PID=882) to work on /home/airflow/.local/lib/python3.8/site-packages/airflow/example_dags/example_trigger_controller_dag.py
[2023-12-01T22:28:58.426+0000] {processor.py:829} INFO - Processing file /home/airflow/.local/lib/python3.8/site-packages/airflow/example_dags/example_trigger_controller_dag.py for tasks to queue
[2023-12-01T22:28:58.427+0000] {logging_mixin.py:154} INFO - [2023-12-01T22:28:58.427+0000] {dagbag.py:536} INFO - Filling up the DagBag from /home/airflow/.local/lib/python3.8/site-packages/airflow/example_dags/example_trigger_controller_dag.py
[2023-12-01T22:28:58.430+0000] {processor.py:839} INFO - DAG(s) dict_keys(['example_trigger_controller_dag']) retrieved from /home/airflow/.local/lib/python3.8/site-packages/airflow/example_dags/example_trigger_controller_dag.py
[2023-12-01T22:28:58.444+0000] {logging_mixin.py:154} INFO - [2023-12-01T22:28:58.444+0000] {dag.py:2941} INFO - Sync 1 DAGs
[2023-12-01T22:28:58.460+0000] {logging_mixin.py:154} INFO - [2023-12-01T22:28:58.460+0000] {dag.py:3722} INFO - Setting next_dagrun for example_trigger_controller_dag to 2021-01-01T00:00:00+00:00, run_after=2021-01-01T00:00:00+00:00
[2023-12-01T22:28:58.473+0000] {processor.py:179} INFO - Processing /home/airflow/.local/lib/python3.8/site-packages/airflow/example_dags/example_trigger_controller_dag.py took 0.050 seconds
[2023-12-01T22:29:28.601+0000] {processor.py:157} INFO - Started process (PID=936) to work on /home/airflow/.local/lib/python3.8/site-packages/airflow/example_dags/example_trigger_controller_dag.py
[2023-12-01T22:29:28.602+0000] {processor.py:829} INFO - Processing file /home/airflow/.local/lib/python3.8/site-packages/airflow/example_dags/example_trigger_controller_dag.py for tasks to queue
[2023-12-01T22:29:28.604+0000] {logging_mixin.py:154} INFO - [2023-12-01T22:29:28.603+0000] {dagbag.py:536} INFO - Filling up the DagBag from /home/airflow/.local/lib/python3.8/site-packages/airflow/example_dags/example_trigger_controller_dag.py
[2023-12-01T22:29:28.607+0000] {processor.py:839} INFO - DAG(s) dict_keys(['example_trigger_controller_dag']) retrieved from /home/airflow/.local/lib/python3.8/site-packages/airflow/example_dags/example_trigger_controller_dag.py
[2023-12-01T22:29:28.621+0000] {logging_mixin.py:154} INFO - [2023-12-01T22:29:28.621+0000] {dag.py:2941} INFO - Sync 1 DAGs
[2023-12-01T22:29:28.635+0000] {logging_mixin.py:154} INFO - [2023-12-01T22:29:28.635+0000] {dag.py:3722} INFO - Setting next_dagrun for example_trigger_controller_dag to 2021-01-01T00:00:00+00:00, run_after=2021-01-01T00:00:00+00:00
[2023-12-01T22:29:28.648+0000] {processor.py:179} INFO - Processing /home/airflow/.local/lib/python3.8/site-packages/airflow/example_dags/example_trigger_controller_dag.py took 0.048 seconds
[2023-12-01T22:29:58.700+0000] {processor.py:157} INFO - Started process (PID=990) to work on /home/airflow/.local/lib/python3.8/site-packages/airflow/example_dags/example_trigger_controller_dag.py
[2023-12-01T22:29:58.701+0000] {processor.py:829} INFO - Processing file /home/airflow/.local/lib/python3.8/site-packages/airflow/example_dags/example_trigger_controller_dag.py for tasks to queue
[2023-12-01T22:29:58.703+0000] {logging_mixin.py:154} INFO - [2023-12-01T22:29:58.702+0000] {dagbag.py:536} INFO - Filling up the DagBag from /home/airflow/.local/lib/python3.8/site-packages/airflow/example_dags/example_trigger_controller_dag.py
[2023-12-01T22:29:58.706+0000] {processor.py:839} INFO - DAG(s) dict_keys(['example_trigger_controller_dag']) retrieved from /home/airflow/.local/lib/python3.8/site-packages/airflow/example_dags/example_trigger_controller_dag.py
[2023-12-01T22:29:58.719+0000] {logging_mixin.py:154} INFO - [2023-12-01T22:29:58.719+0000] {dag.py:2941} INFO - Sync 1 DAGs
[2023-12-01T22:29:58.734+0000] {logging_mixin.py:154} INFO - [2023-12-01T22:29:58.734+0000] {dag.py:3722} INFO - Setting next_dagrun for example_trigger_controller_dag to 2021-01-01T00:00:00+00:00, run_after=2021-01-01T00:00:00+00:00
[2023-12-01T22:29:58.747+0000] {processor.py:179} INFO - Processing /home/airflow/.local/lib/python3.8/site-packages/airflow/example_dags/example_trigger_controller_dag.py took 0.049 seconds
[2023-12-01T22:30:28.864+0000] {processor.py:157} INFO - Started process (PID=1044) to work on /home/airflow/.local/lib/python3.8/site-packages/airflow/example_dags/example_trigger_controller_dag.py
[2023-12-01T22:30:28.865+0000] {processor.py:829} INFO - Processing file /home/airflow/.local/lib/python3.8/site-packages/airflow/example_dags/example_trigger_controller_dag.py for tasks to queue
[2023-12-01T22:30:28.867+0000] {logging_mixin.py:154} INFO - [2023-12-01T22:30:28.866+0000] {dagbag.py:536} INFO - Filling up the DagBag from /home/airflow/.local/lib/python3.8/site-packages/airflow/example_dags/example_trigger_controller_dag.py
[2023-12-01T22:30:28.870+0000] {processor.py:839} INFO - DAG(s) dict_keys(['example_trigger_controller_dag']) retrieved from /home/airflow/.local/lib/python3.8/site-packages/airflow/example_dags/example_trigger_controller_dag.py
[2023-12-01T22:30:28.883+0000] {logging_mixin.py:154} INFO - [2023-12-01T22:30:28.883+0000] {dag.py:2941} INFO - Sync 1 DAGs
[2023-12-01T22:30:28.898+0000] {logging_mixin.py:154} INFO - [2023-12-01T22:30:28.898+0000] {dag.py:3722} INFO - Setting next_dagrun for example_trigger_controller_dag to 2021-01-01T00:00:00+00:00, run_after=2021-01-01T00:00:00+00:00
[2023-12-01T22:30:28.911+0000] {processor.py:179} INFO - Processing /home/airflow/.local/lib/python3.8/site-packages/airflow/example_dags/example_trigger_controller_dag.py took 0.049 seconds
[2023-12-01T22:30:58.979+0000] {processor.py:157} INFO - Started process (PID=1098) to work on /home/airflow/.local/lib/python3.8/site-packages/airflow/example_dags/example_trigger_controller_dag.py
[2023-12-01T22:30:58.980+0000] {processor.py:829} INFO - Processing file /home/airflow/.local/lib/python3.8/site-packages/airflow/example_dags/example_trigger_controller_dag.py for tasks to queue
[2023-12-01T22:30:58.982+0000] {logging_mixin.py:154} INFO - [2023-12-01T22:30:58.981+0000] {dagbag.py:536} INFO - Filling up the DagBag from /home/airflow/.local/lib/python3.8/site-packages/airflow/example_dags/example_trigger_controller_dag.py
[2023-12-01T22:30:58.985+0000] {processor.py:839} INFO - DAG(s) dict_keys(['example_trigger_controller_dag']) retrieved from /home/airflow/.local/lib/python3.8/site-packages/airflow/example_dags/example_trigger_controller_dag.py
[2023-12-01T22:30:58.999+0000] {logging_mixin.py:154} INFO - [2023-12-01T22:30:58.999+0000] {dag.py:2941} INFO - Sync 1 DAGs
[2023-12-01T22:30:59.015+0000] {logging_mixin.py:154} INFO - [2023-12-01T22:30:59.015+0000] {dag.py:3722} INFO - Setting next_dagrun for example_trigger_controller_dag to 2021-01-01T00:00:00+00:00, run_after=2021-01-01T00:00:00+00:00
[2023-12-01T22:30:59.027+0000] {processor.py:179} INFO - Processing /home/airflow/.local/lib/python3.8/site-packages/airflow/example_dags/example_trigger_controller_dag.py took 0.050 seconds
[2023-12-01T22:31:29.148+0000] {processor.py:157} INFO - Started process (PID=1152) to work on /home/airflow/.local/lib/python3.8/site-packages/airflow/example_dags/example_trigger_controller_dag.py
[2023-12-01T22:31:29.149+0000] {processor.py:829} INFO - Processing file /home/airflow/.local/lib/python3.8/site-packages/airflow/example_dags/example_trigger_controller_dag.py for tasks to queue
[2023-12-01T22:31:29.150+0000] {logging_mixin.py:154} INFO - [2023-12-01T22:31:29.150+0000] {dagbag.py:536} INFO - Filling up the DagBag from /home/airflow/.local/lib/python3.8/site-packages/airflow/example_dags/example_trigger_controller_dag.py
[2023-12-01T22:31:29.153+0000] {processor.py:839} INFO - DAG(s) dict_keys(['example_trigger_controller_dag']) retrieved from /home/airflow/.local/lib/python3.8/site-packages/airflow/example_dags/example_trigger_controller_dag.py
[2023-12-01T22:31:29.167+0000] {logging_mixin.py:154} INFO - [2023-12-01T22:31:29.166+0000] {dag.py:2941} INFO - Sync 1 DAGs
[2023-12-01T22:31:29.183+0000] {logging_mixin.py:154} INFO - [2023-12-01T22:31:29.182+0000] {dag.py:3722} INFO - Setting next_dagrun for example_trigger_controller_dag to 2021-01-01T00:00:00+00:00, run_after=2021-01-01T00:00:00+00:00
[2023-12-01T22:31:29.195+0000] {processor.py:179} INFO - Processing /home/airflow/.local/lib/python3.8/site-packages/airflow/example_dags/example_trigger_controller_dag.py took 0.049 seconds
[2023-12-01T22:31:59.281+0000] {processor.py:157} INFO - Started process (PID=1206) to work on /home/airflow/.local/lib/python3.8/site-packages/airflow/example_dags/example_trigger_controller_dag.py
[2023-12-01T22:31:59.281+0000] {processor.py:829} INFO - Processing file /home/airflow/.local/lib/python3.8/site-packages/airflow/example_dags/example_trigger_controller_dag.py for tasks to queue
[2023-12-01T22:31:59.283+0000] {logging_mixin.py:154} INFO - [2023-12-01T22:31:59.283+0000] {dagbag.py:536} INFO - Filling up the DagBag from /home/airflow/.local/lib/python3.8/site-packages/airflow/example_dags/example_trigger_controller_dag.py
[2023-12-01T22:31:59.286+0000] {processor.py:839} INFO - DAG(s) dict_keys(['example_trigger_controller_dag']) retrieved from /home/airflow/.local/lib/python3.8/site-packages/airflow/example_dags/example_trigger_controller_dag.py
[2023-12-01T22:31:59.300+0000] {logging_mixin.py:154} INFO - [2023-12-01T22:31:59.300+0000] {dag.py:2941} INFO - Sync 1 DAGs
[2023-12-01T22:31:59.317+0000] {logging_mixin.py:154} INFO - [2023-12-01T22:31:59.317+0000] {dag.py:3722} INFO - Setting next_dagrun for example_trigger_controller_dag to 2021-01-01T00:00:00+00:00, run_after=2021-01-01T00:00:00+00:00
[2023-12-01T22:31:59.330+0000] {processor.py:179} INFO - Processing /home/airflow/.local/lib/python3.8/site-packages/airflow/example_dags/example_trigger_controller_dag.py took 0.052 seconds
[2023-12-01T22:32:29.430+0000] {processor.py:157} INFO - Started process (PID=1260) to work on /home/airflow/.local/lib/python3.8/site-packages/airflow/example_dags/example_trigger_controller_dag.py
[2023-12-01T22:32:29.431+0000] {processor.py:829} INFO - Processing file /home/airflow/.local/lib/python3.8/site-packages/airflow/example_dags/example_trigger_controller_dag.py for tasks to queue
[2023-12-01T22:32:29.432+0000] {logging_mixin.py:154} INFO - [2023-12-01T22:32:29.432+0000] {dagbag.py:536} INFO - Filling up the DagBag from /home/airflow/.local/lib/python3.8/site-packages/airflow/example_dags/example_trigger_controller_dag.py
[2023-12-01T22:32:29.435+0000] {processor.py:839} INFO - DAG(s) dict_keys(['example_trigger_controller_dag']) retrieved from /home/airflow/.local/lib/python3.8/site-packages/airflow/example_dags/example_trigger_controller_dag.py
[2023-12-01T22:32:29.449+0000] {logging_mixin.py:154} INFO - [2023-12-01T22:32:29.448+0000] {dag.py:2941} INFO - Sync 1 DAGs
[2023-12-01T22:32:29.467+0000] {logging_mixin.py:154} INFO - [2023-12-01T22:32:29.467+0000] {dag.py:3722} INFO - Setting next_dagrun for example_trigger_controller_dag to 2021-01-01T00:00:00+00:00, run_after=2021-01-01T00:00:00+00:00
[2023-12-01T22:32:29.481+0000] {processor.py:179} INFO - Processing /home/airflow/.local/lib/python3.8/site-packages/airflow/example_dags/example_trigger_controller_dag.py took 0.053 seconds
[2023-12-01T22:32:59.910+0000] {processor.py:157} INFO - Started process (PID=1314) to work on /home/airflow/.local/lib/python3.8/site-packages/airflow/example_dags/example_trigger_controller_dag.py
[2023-12-01T22:32:59.911+0000] {processor.py:829} INFO - Processing file /home/airflow/.local/lib/python3.8/site-packages/airflow/example_dags/example_trigger_controller_dag.py for tasks to queue
[2023-12-01T22:32:59.912+0000] {logging_mixin.py:154} INFO - [2023-12-01T22:32:59.912+0000] {dagbag.py:536} INFO - Filling up the DagBag from /home/airflow/.local/lib/python3.8/site-packages/airflow/example_dags/example_trigger_controller_dag.py
[2023-12-01T22:32:59.915+0000] {processor.py:839} INFO - DAG(s) dict_keys(['example_trigger_controller_dag']) retrieved from /home/airflow/.local/lib/python3.8/site-packages/airflow/example_dags/example_trigger_controller_dag.py
[2023-12-01T22:32:59.930+0000] {logging_mixin.py:154} INFO - [2023-12-01T22:32:59.930+0000] {dag.py:2941} INFO - Sync 1 DAGs
[2023-12-01T22:32:59.948+0000] {logging_mixin.py:154} INFO - [2023-12-01T22:32:59.948+0000] {dag.py:3722} INFO - Setting next_dagrun for example_trigger_controller_dag to 2021-01-01T00:00:00+00:00, run_after=2021-01-01T00:00:00+00:00
[2023-12-01T22:32:59.964+0000] {processor.py:179} INFO - Processing /home/airflow/.local/lib/python3.8/site-packages/airflow/example_dags/example_trigger_controller_dag.py took 0.056 seconds
[2023-12-01T22:33:30.246+0000] {processor.py:157} INFO - Started process (PID=1369) to work on /home/airflow/.local/lib/python3.8/site-packages/airflow/example_dags/example_trigger_controller_dag.py
[2023-12-01T22:33:30.247+0000] {processor.py:829} INFO - Processing file /home/airflow/.local/lib/python3.8/site-packages/airflow/example_dags/example_trigger_controller_dag.py for tasks to queue
[2023-12-01T22:33:30.248+0000] {logging_mixin.py:154} INFO - [2023-12-01T22:33:30.248+0000] {dagbag.py:536} INFO - Filling up the DagBag from /home/airflow/.local/lib/python3.8/site-packages/airflow/example_dags/example_trigger_controller_dag.py
[2023-12-01T22:33:30.252+0000] {processor.py:839} INFO - DAG(s) dict_keys(['example_trigger_controller_dag']) retrieved from /home/airflow/.local/lib/python3.8/site-packages/airflow/example_dags/example_trigger_controller_dag.py
[2023-12-01T22:33:30.269+0000] {logging_mixin.py:154} INFO - [2023-12-01T22:33:30.269+0000] {dag.py:2941} INFO - Sync 1 DAGs
[2023-12-01T22:33:30.286+0000] {logging_mixin.py:154} INFO - [2023-12-01T22:33:30.286+0000] {dag.py:3722} INFO - Setting next_dagrun for example_trigger_controller_dag to 2021-01-01T00:00:00+00:00, run_after=2021-01-01T00:00:00+00:00
[2023-12-01T22:33:30.299+0000] {processor.py:179} INFO - Processing /home/airflow/.local/lib/python3.8/site-packages/airflow/example_dags/example_trigger_controller_dag.py took 0.056 seconds
[2023-12-01T22:34:00.524+0000] {processor.py:157} INFO - Started process (PID=1423) to work on /home/airflow/.local/lib/python3.8/site-packages/airflow/example_dags/example_trigger_controller_dag.py
[2023-12-01T22:34:00.525+0000] {processor.py:829} INFO - Processing file /home/airflow/.local/lib/python3.8/site-packages/airflow/example_dags/example_trigger_controller_dag.py for tasks to queue
[2023-12-01T22:34:00.526+0000] {logging_mixin.py:154} INFO - [2023-12-01T22:34:00.526+0000] {dagbag.py:536} INFO - Filling up the DagBag from /home/airflow/.local/lib/python3.8/site-packages/airflow/example_dags/example_trigger_controller_dag.py
[2023-12-01T22:34:00.529+0000] {processor.py:839} INFO - DAG(s) dict_keys(['example_trigger_controller_dag']) retrieved from /home/airflow/.local/lib/python3.8/site-packages/airflow/example_dags/example_trigger_controller_dag.py
[2023-12-01T22:34:00.545+0000] {logging_mixin.py:154} INFO - [2023-12-01T22:34:00.545+0000] {dag.py:2941} INFO - Sync 1 DAGs
[2023-12-01T22:34:00.562+0000] {logging_mixin.py:154} INFO - [2023-12-01T22:34:00.562+0000] {dag.py:3722} INFO - Setting next_dagrun for example_trigger_controller_dag to 2021-01-01T00:00:00+00:00, run_after=2021-01-01T00:00:00+00:00
[2023-12-01T22:34:00.576+0000] {processor.py:179} INFO - Processing /home/airflow/.local/lib/python3.8/site-packages/airflow/example_dags/example_trigger_controller_dag.py took 0.054 seconds
[2023-12-01T22:34:31.322+0000] {processor.py:157} INFO - Started process (PID=1477) to work on /home/airflow/.local/lib/python3.8/site-packages/airflow/example_dags/example_trigger_controller_dag.py
[2023-12-01T22:34:31.323+0000] {processor.py:829} INFO - Processing file /home/airflow/.local/lib/python3.8/site-packages/airflow/example_dags/example_trigger_controller_dag.py for tasks to queue
[2023-12-01T22:34:31.325+0000] {logging_mixin.py:154} INFO - [2023-12-01T22:34:31.325+0000] {dagbag.py:536} INFO - Filling up the DagBag from /home/airflow/.local/lib/python3.8/site-packages/airflow/example_dags/example_trigger_controller_dag.py
[2023-12-01T22:34:31.329+0000] {processor.py:839} INFO - DAG(s) dict_keys(['example_trigger_controller_dag']) retrieved from /home/airflow/.local/lib/python3.8/site-packages/airflow/example_dags/example_trigger_controller_dag.py
[2023-12-01T22:34:31.346+0000] {logging_mixin.py:154} INFO - [2023-12-01T22:34:31.346+0000] {dag.py:2941} INFO - Sync 1 DAGs
[2023-12-01T22:34:31.364+0000] {logging_mixin.py:154} INFO - [2023-12-01T22:34:31.364+0000] {dag.py:3722} INFO - Setting next_dagrun for example_trigger_controller_dag to 2021-01-01T00:00:00+00:00, run_after=2021-01-01T00:00:00+00:00
[2023-12-01T22:34:31.386+0000] {processor.py:179} INFO - Processing /home/airflow/.local/lib/python3.8/site-packages/airflow/example_dags/example_trigger_controller_dag.py took 0.067 seconds
[2023-12-01T22:35:01.666+0000] {processor.py:157} INFO - Started process (PID=1531) to work on /home/airflow/.local/lib/python3.8/site-packages/airflow/example_dags/example_trigger_controller_dag.py
[2023-12-01T22:35:01.667+0000] {processor.py:829} INFO - Processing file /home/airflow/.local/lib/python3.8/site-packages/airflow/example_dags/example_trigger_controller_dag.py for tasks to queue
[2023-12-01T22:35:01.669+0000] {logging_mixin.py:154} INFO - [2023-12-01T22:35:01.669+0000] {dagbag.py:536} INFO - Filling up the DagBag from /home/airflow/.local/lib/python3.8/site-packages/airflow/example_dags/example_trigger_controller_dag.py
[2023-12-01T22:35:01.672+0000] {processor.py:839} INFO - DAG(s) dict_keys(['example_trigger_controller_dag']) retrieved from /home/airflow/.local/lib/python3.8/site-packages/airflow/example_dags/example_trigger_controller_dag.py
[2023-12-01T22:35:01.688+0000] {logging_mixin.py:154} INFO - [2023-12-01T22:35:01.688+0000] {dag.py:2941} INFO - Sync 1 DAGs
[2023-12-01T22:35:01.710+0000] {logging_mixin.py:154} INFO - [2023-12-01T22:35:01.709+0000] {dag.py:3722} INFO - Setting next_dagrun for example_trigger_controller_dag to 2021-01-01T00:00:00+00:00, run_after=2021-01-01T00:00:00+00:00
[2023-12-01T22:35:01.727+0000] {processor.py:179} INFO - Processing /home/airflow/.local/lib/python3.8/site-packages/airflow/example_dags/example_trigger_controller_dag.py took 0.064 seconds
[2023-12-01T22:35:31.985+0000] {processor.py:157} INFO - Started process (PID=1585) to work on /home/airflow/.local/lib/python3.8/site-packages/airflow/example_dags/example_trigger_controller_dag.py
[2023-12-01T22:35:31.986+0000] {processor.py:829} INFO - Processing file /home/airflow/.local/lib/python3.8/site-packages/airflow/example_dags/example_trigger_controller_dag.py for tasks to queue
[2023-12-01T22:35:31.988+0000] {logging_mixin.py:154} INFO - [2023-12-01T22:35:31.988+0000] {dagbag.py:536} INFO - Filling up the DagBag from /home/airflow/.local/lib/python3.8/site-packages/airflow/example_dags/example_trigger_controller_dag.py
[2023-12-01T22:35:31.992+0000] {processor.py:839} INFO - DAG(s) dict_keys(['example_trigger_controller_dag']) retrieved from /home/airflow/.local/lib/python3.8/site-packages/airflow/example_dags/example_trigger_controller_dag.py
[2023-12-01T22:35:32.011+0000] {logging_mixin.py:154} INFO - [2023-12-01T22:35:32.011+0000] {dag.py:2941} INFO - Sync 1 DAGs
[2023-12-01T22:35:32.036+0000] {logging_mixin.py:154} INFO - [2023-12-01T22:35:32.036+0000] {dag.py:3722} INFO - Setting next_dagrun for example_trigger_controller_dag to 2021-01-01T00:00:00+00:00, run_after=2021-01-01T00:00:00+00:00
[2023-12-01T22:35:32.059+0000] {processor.py:179} INFO - Processing /home/airflow/.local/lib/python3.8/site-packages/airflow/example_dags/example_trigger_controller_dag.py took 0.078 seconds
[2023-12-01T22:38:30.353+0000] {processor.py:157} INFO - Started process (PID=71) to work on /home/airflow/.local/lib/python3.8/site-packages/airflow/example_dags/example_trigger_controller_dag.py
[2023-12-01T22:38:30.354+0000] {processor.py:829} INFO - Processing file /home/airflow/.local/lib/python3.8/site-packages/airflow/example_dags/example_trigger_controller_dag.py for tasks to queue
[2023-12-01T22:38:30.356+0000] {logging_mixin.py:154} INFO - [2023-12-01T22:38:30.356+0000] {dagbag.py:536} INFO - Filling up the DagBag from /home/airflow/.local/lib/python3.8/site-packages/airflow/example_dags/example_trigger_controller_dag.py
[2023-12-01T22:38:30.361+0000] {processor.py:839} INFO - DAG(s) dict_keys(['example_trigger_controller_dag']) retrieved from /home/airflow/.local/lib/python3.8/site-packages/airflow/example_dags/example_trigger_controller_dag.py
[2023-12-01T22:38:30.372+0000] {logging_mixin.py:154} INFO - [2023-12-01T22:38:30.372+0000] {dag.py:2941} INFO - Sync 1 DAGs
[2023-12-01T22:38:30.406+0000] {logging_mixin.py:154} INFO - [2023-12-01T22:38:30.406+0000] {dag.py:3722} INFO - Setting next_dagrun for example_trigger_controller_dag to 2021-01-01T00:00:00+00:00, run_after=2021-01-01T00:00:00+00:00
[2023-12-01T22:38:30.437+0000] {processor.py:179} INFO - Processing /home/airflow/.local/lib/python3.8/site-packages/airflow/example_dags/example_trigger_controller_dag.py took 0.087 seconds
[2023-12-01T22:39:00.994+0000] {processor.py:157} INFO - Started process (PID=125) to work on /home/airflow/.local/lib/python3.8/site-packages/airflow/example_dags/example_trigger_controller_dag.py
[2023-12-01T22:39:00.995+0000] {processor.py:829} INFO - Processing file /home/airflow/.local/lib/python3.8/site-packages/airflow/example_dags/example_trigger_controller_dag.py for tasks to queue
[2023-12-01T22:39:00.997+0000] {logging_mixin.py:154} INFO - [2023-12-01T22:39:00.997+0000] {dagbag.py:536} INFO - Filling up the DagBag from /home/airflow/.local/lib/python3.8/site-packages/airflow/example_dags/example_trigger_controller_dag.py
[2023-12-01T22:39:01.002+0000] {processor.py:839} INFO - DAG(s) dict_keys(['example_trigger_controller_dag']) retrieved from /home/airflow/.local/lib/python3.8/site-packages/airflow/example_dags/example_trigger_controller_dag.py
[2023-12-01T22:39:01.020+0000] {logging_mixin.py:154} INFO - [2023-12-01T22:39:01.020+0000] {dag.py:2941} INFO - Sync 1 DAGs
[2023-12-01T22:39:01.040+0000] {logging_mixin.py:154} INFO - [2023-12-01T22:39:01.040+0000] {dag.py:3722} INFO - Setting next_dagrun for example_trigger_controller_dag to 2021-01-01T00:00:00+00:00, run_after=2021-01-01T00:00:00+00:00
[2023-12-01T22:39:01.059+0000] {processor.py:179} INFO - Processing /home/airflow/.local/lib/python3.8/site-packages/airflow/example_dags/example_trigger_controller_dag.py took 0.068 seconds
[2023-12-01T22:39:31.494+0000] {processor.py:157} INFO - Started process (PID=179) to work on /home/airflow/.local/lib/python3.8/site-packages/airflow/example_dags/example_trigger_controller_dag.py
[2023-12-01T22:39:31.495+0000] {processor.py:829} INFO - Processing file /home/airflow/.local/lib/python3.8/site-packages/airflow/example_dags/example_trigger_controller_dag.py for tasks to queue
[2023-12-01T22:39:31.497+0000] {logging_mixin.py:154} INFO - [2023-12-01T22:39:31.496+0000] {dagbag.py:536} INFO - Filling up the DagBag from /home/airflow/.local/lib/python3.8/site-packages/airflow/example_dags/example_trigger_controller_dag.py
[2023-12-01T22:39:31.500+0000] {processor.py:839} INFO - DAG(s) dict_keys(['example_trigger_controller_dag']) retrieved from /home/airflow/.local/lib/python3.8/site-packages/airflow/example_dags/example_trigger_controller_dag.py
[2023-12-01T22:39:31.515+0000] {logging_mixin.py:154} INFO - [2023-12-01T22:39:31.515+0000] {dag.py:2941} INFO - Sync 1 DAGs
[2023-12-01T22:39:31.539+0000] {logging_mixin.py:154} INFO - [2023-12-01T22:39:31.539+0000] {dag.py:3722} INFO - Setting next_dagrun for example_trigger_controller_dag to 2021-01-01T00:00:00+00:00, run_after=2021-01-01T00:00:00+00:00
[2023-12-01T22:39:31.561+0000] {processor.py:179} INFO - Processing /home/airflow/.local/lib/python3.8/site-packages/airflow/example_dags/example_trigger_controller_dag.py took 0.069 seconds
[2023-12-01T22:40:01.918+0000] {processor.py:157} INFO - Started process (PID=233) to work on /home/airflow/.local/lib/python3.8/site-packages/airflow/example_dags/example_trigger_controller_dag.py
[2023-12-01T22:40:01.919+0000] {processor.py:829} INFO - Processing file /home/airflow/.local/lib/python3.8/site-packages/airflow/example_dags/example_trigger_controller_dag.py for tasks to queue
[2023-12-01T22:40:01.920+0000] {logging_mixin.py:154} INFO - [2023-12-01T22:40:01.920+0000] {dagbag.py:536} INFO - Filling up the DagBag from /home/airflow/.local/lib/python3.8/site-packages/airflow/example_dags/example_trigger_controller_dag.py
[2023-12-01T22:40:01.923+0000] {processor.py:839} INFO - DAG(s) dict_keys(['example_trigger_controller_dag']) retrieved from /home/airflow/.local/lib/python3.8/site-packages/airflow/example_dags/example_trigger_controller_dag.py
[2023-12-01T22:40:01.938+0000] {logging_mixin.py:154} INFO - [2023-12-01T22:40:01.938+0000] {dag.py:2941} INFO - Sync 1 DAGs
[2023-12-01T22:40:01.956+0000] {logging_mixin.py:154} INFO - [2023-12-01T22:40:01.956+0000] {dag.py:3722} INFO - Setting next_dagrun for example_trigger_controller_dag to 2021-01-01T00:00:00+00:00, run_after=2021-01-01T00:00:00+00:00
[2023-12-01T22:40:01.975+0000] {processor.py:179} INFO - Processing /home/airflow/.local/lib/python3.8/site-packages/airflow/example_dags/example_trigger_controller_dag.py took 0.059 seconds
[2023-12-01T22:40:32.492+0000] {processor.py:157} INFO - Started process (PID=287) to work on /home/airflow/.local/lib/python3.8/site-packages/airflow/example_dags/example_trigger_controller_dag.py
[2023-12-01T22:40:32.493+0000] {processor.py:829} INFO - Processing file /home/airflow/.local/lib/python3.8/site-packages/airflow/example_dags/example_trigger_controller_dag.py for tasks to queue
[2023-12-01T22:40:32.495+0000] {logging_mixin.py:154} INFO - [2023-12-01T22:40:32.495+0000] {dagbag.py:536} INFO - Filling up the DagBag from /home/airflow/.local/lib/python3.8/site-packages/airflow/example_dags/example_trigger_controller_dag.py
[2023-12-01T22:40:32.499+0000] {processor.py:839} INFO - DAG(s) dict_keys(['example_trigger_controller_dag']) retrieved from /home/airflow/.local/lib/python3.8/site-packages/airflow/example_dags/example_trigger_controller_dag.py
[2023-12-01T22:40:32.517+0000] {logging_mixin.py:154} INFO - [2023-12-01T22:40:32.516+0000] {dag.py:2941} INFO - Sync 1 DAGs
[2023-12-01T22:40:32.535+0000] {logging_mixin.py:154} INFO - [2023-12-01T22:40:32.535+0000] {dag.py:3722} INFO - Setting next_dagrun for example_trigger_controller_dag to 2021-01-01T00:00:00+00:00, run_after=2021-01-01T00:00:00+00:00
[2023-12-01T22:40:32.550+0000] {processor.py:179} INFO - Processing /home/airflow/.local/lib/python3.8/site-packages/airflow/example_dags/example_trigger_controller_dag.py took 0.060 seconds
[2023-12-01T22:41:02.938+0000] {processor.py:157} INFO - Started process (PID=341) to work on /home/airflow/.local/lib/python3.8/site-packages/airflow/example_dags/example_trigger_controller_dag.py
[2023-12-01T22:41:02.939+0000] {processor.py:829} INFO - Processing file /home/airflow/.local/lib/python3.8/site-packages/airflow/example_dags/example_trigger_controller_dag.py for tasks to queue
[2023-12-01T22:41:02.941+0000] {logging_mixin.py:154} INFO - [2023-12-01T22:41:02.941+0000] {dagbag.py:536} INFO - Filling up the DagBag from /home/airflow/.local/lib/python3.8/site-packages/airflow/example_dags/example_trigger_controller_dag.py
[2023-12-01T22:41:02.944+0000] {processor.py:839} INFO - DAG(s) dict_keys(['example_trigger_controller_dag']) retrieved from /home/airflow/.local/lib/python3.8/site-packages/airflow/example_dags/example_trigger_controller_dag.py
[2023-12-01T22:41:02.959+0000] {logging_mixin.py:154} INFO - [2023-12-01T22:41:02.959+0000] {dag.py:2941} INFO - Sync 1 DAGs
[2023-12-01T22:41:02.981+0000] {logging_mixin.py:154} INFO - [2023-12-01T22:41:02.980+0000] {dag.py:3722} INFO - Setting next_dagrun for example_trigger_controller_dag to 2021-01-01T00:00:00+00:00, run_after=2021-01-01T00:00:00+00:00
[2023-12-01T22:41:02.995+0000] {processor.py:179} INFO - Processing /home/airflow/.local/lib/python3.8/site-packages/airflow/example_dags/example_trigger_controller_dag.py took 0.059 seconds
