[2023-12-01T22:13:42.691+0000] {processor.py:157} INFO - Started process (PID=70) to work on /home/airflow/.local/lib/python3.8/site-packages/airflow/example_dags/example_xcomargs.py
[2023-12-01T22:13:42.692+0000] {processor.py:829} INFO - Processing file /home/airflow/.local/lib/python3.8/site-packages/airflow/example_dags/example_xcomargs.py for tasks to queue
[2023-12-01T22:13:42.694+0000] {logging_mixin.py:154} INFO - [2023-12-01T22:13:42.694+0000] {dagbag.py:536} INFO - Filling up the DagBag from /home/airflow/.local/lib/python3.8/site-packages/airflow/example_dags/example_xcomargs.py
[2023-12-01T22:13:42.706+0000] {processor.py:839} INFO - DAG(s) dict_keys(['example_xcom_args_with_operators', 'example_xcom_args']) retrieved from /home/airflow/.local/lib/python3.8/site-packages/airflow/example_dags/example_xcomargs.py
[2023-12-01T22:13:42.729+0000] {logging_mixin.py:154} INFO - [2023-12-01T22:13:42.729+0000] {dag.py:2941} INFO - Sync 2 DAGs
[2023-12-01T22:13:42.741+0000] {logging_mixin.py:154} INFO - [2023-12-01T22:13:42.741+0000] {dag.py:3722} INFO - Setting next_dagrun for example_xcom_args to None, run_after=None
[2023-12-01T22:13:42.745+0000] {logging_mixin.py:154} INFO - [2023-12-01T22:13:42.745+0000] {dag.py:3722} INFO - Setting next_dagrun for example_xcom_args_with_operators to None, run_after=None
[2023-12-01T22:13:42.761+0000] {processor.py:179} INFO - Processing /home/airflow/.local/lib/python3.8/site-packages/airflow/example_dags/example_xcomargs.py took 0.072 seconds
[2023-12-01T22:19:41.965+0000] {processor.py:157} INFO - Started process (PID=68) to work on /home/airflow/.local/lib/python3.8/site-packages/airflow/example_dags/example_xcomargs.py
[2023-12-01T22:19:41.966+0000] {processor.py:829} INFO - Processing file /home/airflow/.local/lib/python3.8/site-packages/airflow/example_dags/example_xcomargs.py for tasks to queue
[2023-12-01T22:19:41.968+0000] {logging_mixin.py:154} INFO - [2023-12-01T22:19:41.968+0000] {dagbag.py:536} INFO - Filling up the DagBag from /home/airflow/.local/lib/python3.8/site-packages/airflow/example_dags/example_xcomargs.py
[2023-12-01T22:19:41.979+0000] {processor.py:839} INFO - DAG(s) dict_keys(['example_xcom_args_with_operators', 'example_xcom_args']) retrieved from /home/airflow/.local/lib/python3.8/site-packages/airflow/example_dags/example_xcomargs.py
[2023-12-01T22:19:41.998+0000] {logging_mixin.py:154} INFO - [2023-12-01T22:19:41.998+0000] {dag.py:2941} INFO - Sync 2 DAGs
[2023-12-01T22:19:42.009+0000] {logging_mixin.py:154} INFO - [2023-12-01T22:19:42.009+0000] {dag.py:3722} INFO - Setting next_dagrun for example_xcom_args to None, run_after=None
[2023-12-01T22:19:42.012+0000] {logging_mixin.py:154} INFO - [2023-12-01T22:19:42.012+0000] {dag.py:3722} INFO - Setting next_dagrun for example_xcom_args_with_operators to None, run_after=None
[2023-12-01T22:19:42.024+0000] {processor.py:179} INFO - Processing /home/airflow/.local/lib/python3.8/site-packages/airflow/example_dags/example_xcomargs.py took 0.061 seconds
[2023-12-01T22:21:22.995+0000] {processor.py:157} INFO - Started process (PID=69) to work on /home/airflow/.local/lib/python3.8/site-packages/airflow/example_dags/example_xcomargs.py
[2023-12-01T22:21:22.996+0000] {processor.py:829} INFO - Processing file /home/airflow/.local/lib/python3.8/site-packages/airflow/example_dags/example_xcomargs.py for tasks to queue
[2023-12-01T22:21:22.997+0000] {logging_mixin.py:154} INFO - [2023-12-01T22:21:22.997+0000] {dagbag.py:536} INFO - Filling up the DagBag from /home/airflow/.local/lib/python3.8/site-packages/airflow/example_dags/example_xcomargs.py
[2023-12-01T22:21:23.006+0000] {processor.py:839} INFO - DAG(s) dict_keys(['example_xcom_args', 'example_xcom_args_with_operators']) retrieved from /home/airflow/.local/lib/python3.8/site-packages/airflow/example_dags/example_xcomargs.py
[2023-12-01T22:21:23.017+0000] {logging_mixin.py:154} INFO - [2023-12-01T22:21:23.017+0000] {dag.py:2941} INFO - Sync 2 DAGs
[2023-12-01T22:21:23.030+0000] {logging_mixin.py:154} INFO - [2023-12-01T22:21:23.030+0000] {dag.py:3722} INFO - Setting next_dagrun for example_xcom_args to None, run_after=None
[2023-12-01T22:21:23.034+0000] {logging_mixin.py:154} INFO - [2023-12-01T22:21:23.034+0000] {dag.py:3722} INFO - Setting next_dagrun for example_xcom_args_with_operators to None, run_after=None
[2023-12-01T22:21:23.050+0000] {processor.py:179} INFO - Processing /home/airflow/.local/lib/python3.8/site-packages/airflow/example_dags/example_xcomargs.py took 0.057 seconds
[2023-12-01T22:21:53.464+0000] {processor.py:157} INFO - Started process (PID=124) to work on /home/airflow/.local/lib/python3.8/site-packages/airflow/example_dags/example_xcomargs.py
[2023-12-01T22:21:53.465+0000] {processor.py:829} INFO - Processing file /home/airflow/.local/lib/python3.8/site-packages/airflow/example_dags/example_xcomargs.py for tasks to queue
[2023-12-01T22:21:53.467+0000] {logging_mixin.py:154} INFO - [2023-12-01T22:21:53.466+0000] {dagbag.py:536} INFO - Filling up the DagBag from /home/airflow/.local/lib/python3.8/site-packages/airflow/example_dags/example_xcomargs.py
[2023-12-01T22:21:53.473+0000] {processor.py:839} INFO - DAG(s) dict_keys(['example_xcom_args', 'example_xcom_args_with_operators']) retrieved from /home/airflow/.local/lib/python3.8/site-packages/airflow/example_dags/example_xcomargs.py
[2023-12-01T22:21:53.490+0000] {logging_mixin.py:154} INFO - [2023-12-01T22:21:53.490+0000] {dag.py:2941} INFO - Sync 2 DAGs
[2023-12-01T22:21:53.500+0000] {logging_mixin.py:154} INFO - [2023-12-01T22:21:53.500+0000] {dag.py:3722} INFO - Setting next_dagrun for example_xcom_args to None, run_after=None
[2023-12-01T22:21:53.503+0000] {logging_mixin.py:154} INFO - [2023-12-01T22:21:53.503+0000] {dag.py:3722} INFO - Setting next_dagrun for example_xcom_args_with_operators to None, run_after=None
[2023-12-01T22:21:53.516+0000] {processor.py:179} INFO - Processing /home/airflow/.local/lib/python3.8/site-packages/airflow/example_dags/example_xcomargs.py took 0.054 seconds
[2023-12-01T22:22:23.658+0000] {processor.py:157} INFO - Started process (PID=178) to work on /home/airflow/.local/lib/python3.8/site-packages/airflow/example_dags/example_xcomargs.py
[2023-12-01T22:22:23.659+0000] {processor.py:829} INFO - Processing file /home/airflow/.local/lib/python3.8/site-packages/airflow/example_dags/example_xcomargs.py for tasks to queue
[2023-12-01T22:22:23.660+0000] {logging_mixin.py:154} INFO - [2023-12-01T22:22:23.660+0000] {dagbag.py:536} INFO - Filling up the DagBag from /home/airflow/.local/lib/python3.8/site-packages/airflow/example_dags/example_xcomargs.py
[2023-12-01T22:22:23.666+0000] {processor.py:839} INFO - DAG(s) dict_keys(['example_xcom_args', 'example_xcom_args_with_operators']) retrieved from /home/airflow/.local/lib/python3.8/site-packages/airflow/example_dags/example_xcomargs.py
[2023-12-01T22:22:23.682+0000] {logging_mixin.py:154} INFO - [2023-12-01T22:22:23.682+0000] {dag.py:2941} INFO - Sync 2 DAGs
[2023-12-01T22:22:23.691+0000] {logging_mixin.py:154} INFO - [2023-12-01T22:22:23.691+0000] {dag.py:3722} INFO - Setting next_dagrun for example_xcom_args to None, run_after=None
[2023-12-01T22:22:23.694+0000] {logging_mixin.py:154} INFO - [2023-12-01T22:22:23.694+0000] {dag.py:3722} INFO - Setting next_dagrun for example_xcom_args_with_operators to None, run_after=None
[2023-12-01T22:22:23.707+0000] {processor.py:179} INFO - Processing /home/airflow/.local/lib/python3.8/site-packages/airflow/example_dags/example_xcomargs.py took 0.051 seconds
[2023-12-01T22:22:53.806+0000] {processor.py:157} INFO - Started process (PID=232) to work on /home/airflow/.local/lib/python3.8/site-packages/airflow/example_dags/example_xcomargs.py
[2023-12-01T22:22:53.807+0000] {processor.py:829} INFO - Processing file /home/airflow/.local/lib/python3.8/site-packages/airflow/example_dags/example_xcomargs.py for tasks to queue
[2023-12-01T22:22:53.808+0000] {logging_mixin.py:154} INFO - [2023-12-01T22:22:53.808+0000] {dagbag.py:536} INFO - Filling up the DagBag from /home/airflow/.local/lib/python3.8/site-packages/airflow/example_dags/example_xcomargs.py
[2023-12-01T22:22:53.814+0000] {processor.py:839} INFO - DAG(s) dict_keys(['example_xcom_args', 'example_xcom_args_with_operators']) retrieved from /home/airflow/.local/lib/python3.8/site-packages/airflow/example_dags/example_xcomargs.py
[2023-12-01T22:22:53.831+0000] {logging_mixin.py:154} INFO - [2023-12-01T22:22:53.831+0000] {dag.py:2941} INFO - Sync 2 DAGs
[2023-12-01T22:22:53.842+0000] {logging_mixin.py:154} INFO - [2023-12-01T22:22:53.841+0000] {dag.py:3722} INFO - Setting next_dagrun for example_xcom_args to None, run_after=None
[2023-12-01T22:22:53.845+0000] {logging_mixin.py:154} INFO - [2023-12-01T22:22:53.845+0000] {dag.py:3722} INFO - Setting next_dagrun for example_xcom_args_with_operators to None, run_after=None
[2023-12-01T22:22:53.859+0000] {processor.py:179} INFO - Processing /home/airflow/.local/lib/python3.8/site-packages/airflow/example_dags/example_xcomargs.py took 0.055 seconds
[2023-12-01T22:23:24.000+0000] {processor.py:157} INFO - Started process (PID=286) to work on /home/airflow/.local/lib/python3.8/site-packages/airflow/example_dags/example_xcomargs.py
[2023-12-01T22:23:24.001+0000] {processor.py:829} INFO - Processing file /home/airflow/.local/lib/python3.8/site-packages/airflow/example_dags/example_xcomargs.py for tasks to queue
[2023-12-01T22:23:24.003+0000] {logging_mixin.py:154} INFO - [2023-12-01T22:23:24.002+0000] {dagbag.py:536} INFO - Filling up the DagBag from /home/airflow/.local/lib/python3.8/site-packages/airflow/example_dags/example_xcomargs.py
[2023-12-01T22:23:24.010+0000] {processor.py:839} INFO - DAG(s) dict_keys(['example_xcom_args_with_operators', 'example_xcom_args']) retrieved from /home/airflow/.local/lib/python3.8/site-packages/airflow/example_dags/example_xcomargs.py
[2023-12-01T22:23:24.030+0000] {logging_mixin.py:154} INFO - [2023-12-01T22:23:24.030+0000] {dag.py:2941} INFO - Sync 2 DAGs
[2023-12-01T22:23:24.047+0000] {logging_mixin.py:154} INFO - [2023-12-01T22:23:24.047+0000] {dag.py:3722} INFO - Setting next_dagrun for example_xcom_args to None, run_after=None
[2023-12-01T22:23:24.050+0000] {logging_mixin.py:154} INFO - [2023-12-01T22:23:24.050+0000] {dag.py:3722} INFO - Setting next_dagrun for example_xcom_args_with_operators to None, run_after=None
[2023-12-01T22:23:24.064+0000] {processor.py:179} INFO - Processing /home/airflow/.local/lib/python3.8/site-packages/airflow/example_dags/example_xcomargs.py took 0.068 seconds
[2023-12-01T22:23:54.191+0000] {processor.py:157} INFO - Started process (PID=340) to work on /home/airflow/.local/lib/python3.8/site-packages/airflow/example_dags/example_xcomargs.py
[2023-12-01T22:23:54.192+0000] {processor.py:829} INFO - Processing file /home/airflow/.local/lib/python3.8/site-packages/airflow/example_dags/example_xcomargs.py for tasks to queue
[2023-12-01T22:23:54.193+0000] {logging_mixin.py:154} INFO - [2023-12-01T22:23:54.193+0000] {dagbag.py:536} INFO - Filling up the DagBag from /home/airflow/.local/lib/python3.8/site-packages/airflow/example_dags/example_xcomargs.py
[2023-12-01T22:23:54.199+0000] {processor.py:839} INFO - DAG(s) dict_keys(['example_xcom_args_with_operators', 'example_xcom_args']) retrieved from /home/airflow/.local/lib/python3.8/site-packages/airflow/example_dags/example_xcomargs.py
[2023-12-01T22:23:54.217+0000] {logging_mixin.py:154} INFO - [2023-12-01T22:23:54.217+0000] {dag.py:2941} INFO - Sync 2 DAGs
[2023-12-01T22:23:54.227+0000] {logging_mixin.py:154} INFO - [2023-12-01T22:23:54.227+0000] {dag.py:3722} INFO - Setting next_dagrun for example_xcom_args to None, run_after=None
[2023-12-01T22:23:54.230+0000] {logging_mixin.py:154} INFO - [2023-12-01T22:23:54.230+0000] {dag.py:3722} INFO - Setting next_dagrun for example_xcom_args_with_operators to None, run_after=None
[2023-12-01T22:23:54.242+0000] {processor.py:179} INFO - Processing /home/airflow/.local/lib/python3.8/site-packages/airflow/example_dags/example_xcomargs.py took 0.053 seconds
[2023-12-01T22:24:24.446+0000] {processor.py:157} INFO - Started process (PID=394) to work on /home/airflow/.local/lib/python3.8/site-packages/airflow/example_dags/example_xcomargs.py
[2023-12-01T22:24:24.447+0000] {processor.py:829} INFO - Processing file /home/airflow/.local/lib/python3.8/site-packages/airflow/example_dags/example_xcomargs.py for tasks to queue
[2023-12-01T22:24:24.449+0000] {logging_mixin.py:154} INFO - [2023-12-01T22:24:24.448+0000] {dagbag.py:536} INFO - Filling up the DagBag from /home/airflow/.local/lib/python3.8/site-packages/airflow/example_dags/example_xcomargs.py
[2023-12-01T22:24:24.454+0000] {processor.py:839} INFO - DAG(s) dict_keys(['example_xcom_args', 'example_xcom_args_with_operators']) retrieved from /home/airflow/.local/lib/python3.8/site-packages/airflow/example_dags/example_xcomargs.py
[2023-12-01T22:24:24.471+0000] {logging_mixin.py:154} INFO - [2023-12-01T22:24:24.471+0000] {dag.py:2941} INFO - Sync 2 DAGs
[2023-12-01T22:24:24.480+0000] {logging_mixin.py:154} INFO - [2023-12-01T22:24:24.480+0000] {dag.py:3722} INFO - Setting next_dagrun for example_xcom_args to None, run_after=None
[2023-12-01T22:24:24.483+0000] {logging_mixin.py:154} INFO - [2023-12-01T22:24:24.483+0000] {dag.py:3722} INFO - Setting next_dagrun for example_xcom_args_with_operators to None, run_after=None
[2023-12-01T22:24:24.497+0000] {processor.py:179} INFO - Processing /home/airflow/.local/lib/python3.8/site-packages/airflow/example_dags/example_xcomargs.py took 0.053 seconds
[2023-12-01T22:24:55.592+0000] {processor.py:157} INFO - Started process (PID=448) to work on /home/airflow/.local/lib/python3.8/site-packages/airflow/example_dags/example_xcomargs.py
[2023-12-01T22:24:55.593+0000] {processor.py:829} INFO - Processing file /home/airflow/.local/lib/python3.8/site-packages/airflow/example_dags/example_xcomargs.py for tasks to queue
[2023-12-01T22:24:55.594+0000] {logging_mixin.py:154} INFO - [2023-12-01T22:24:55.594+0000] {dagbag.py:536} INFO - Filling up the DagBag from /home/airflow/.local/lib/python3.8/site-packages/airflow/example_dags/example_xcomargs.py
[2023-12-01T22:24:55.600+0000] {processor.py:839} INFO - DAG(s) dict_keys(['example_xcom_args', 'example_xcom_args_with_operators']) retrieved from /home/airflow/.local/lib/python3.8/site-packages/airflow/example_dags/example_xcomargs.py
[2023-12-01T22:24:55.618+0000] {logging_mixin.py:154} INFO - [2023-12-01T22:24:55.618+0000] {dag.py:2941} INFO - Sync 2 DAGs
[2023-12-01T22:24:55.627+0000] {logging_mixin.py:154} INFO - [2023-12-01T22:24:55.627+0000] {dag.py:3722} INFO - Setting next_dagrun for example_xcom_args to None, run_after=None
[2023-12-01T22:24:55.630+0000] {logging_mixin.py:154} INFO - [2023-12-01T22:24:55.630+0000] {dag.py:3722} INFO - Setting next_dagrun for example_xcom_args_with_operators to None, run_after=None
[2023-12-01T22:24:55.642+0000] {processor.py:179} INFO - Processing /home/airflow/.local/lib/python3.8/site-packages/airflow/example_dags/example_xcomargs.py took 0.052 seconds
[2023-12-01T22:25:25.746+0000] {processor.py:157} INFO - Started process (PID=502) to work on /home/airflow/.local/lib/python3.8/site-packages/airflow/example_dags/example_xcomargs.py
[2023-12-01T22:25:25.747+0000] {processor.py:829} INFO - Processing file /home/airflow/.local/lib/python3.8/site-packages/airflow/example_dags/example_xcomargs.py for tasks to queue
[2023-12-01T22:25:25.748+0000] {logging_mixin.py:154} INFO - [2023-12-01T22:25:25.748+0000] {dagbag.py:536} INFO - Filling up the DagBag from /home/airflow/.local/lib/python3.8/site-packages/airflow/example_dags/example_xcomargs.py
[2023-12-01T22:25:25.754+0000] {processor.py:839} INFO - DAG(s) dict_keys(['example_xcom_args', 'example_xcom_args_with_operators']) retrieved from /home/airflow/.local/lib/python3.8/site-packages/airflow/example_dags/example_xcomargs.py
[2023-12-01T22:25:25.771+0000] {logging_mixin.py:154} INFO - [2023-12-01T22:25:25.771+0000] {dag.py:2941} INFO - Sync 2 DAGs
[2023-12-01T22:25:25.781+0000] {logging_mixin.py:154} INFO - [2023-12-01T22:25:25.781+0000] {dag.py:3722} INFO - Setting next_dagrun for example_xcom_args to None, run_after=None
[2023-12-01T22:25:25.784+0000] {logging_mixin.py:154} INFO - [2023-12-01T22:25:25.784+0000] {dag.py:3722} INFO - Setting next_dagrun for example_xcom_args_with_operators to None, run_after=None
[2023-12-01T22:25:25.796+0000] {processor.py:179} INFO - Processing /home/airflow/.local/lib/python3.8/site-packages/airflow/example_dags/example_xcomargs.py took 0.052 seconds
[2023-12-01T22:25:56.647+0000] {processor.py:157} INFO - Started process (PID=556) to work on /home/airflow/.local/lib/python3.8/site-packages/airflow/example_dags/example_xcomargs.py
[2023-12-01T22:25:56.648+0000] {processor.py:829} INFO - Processing file /home/airflow/.local/lib/python3.8/site-packages/airflow/example_dags/example_xcomargs.py for tasks to queue
[2023-12-01T22:25:56.649+0000] {logging_mixin.py:154} INFO - [2023-12-01T22:25:56.649+0000] {dagbag.py:536} INFO - Filling up the DagBag from /home/airflow/.local/lib/python3.8/site-packages/airflow/example_dags/example_xcomargs.py
[2023-12-01T22:25:56.655+0000] {processor.py:839} INFO - DAG(s) dict_keys(['example_xcom_args', 'example_xcom_args_with_operators']) retrieved from /home/airflow/.local/lib/python3.8/site-packages/airflow/example_dags/example_xcomargs.py
[2023-12-01T22:25:56.672+0000] {logging_mixin.py:154} INFO - [2023-12-01T22:25:56.672+0000] {dag.py:2941} INFO - Sync 2 DAGs
[2023-12-01T22:25:56.681+0000] {logging_mixin.py:154} INFO - [2023-12-01T22:25:56.681+0000] {dag.py:3722} INFO - Setting next_dagrun for example_xcom_args to None, run_after=None
[2023-12-01T22:25:56.684+0000] {logging_mixin.py:154} INFO - [2023-12-01T22:25:56.684+0000] {dag.py:3722} INFO - Setting next_dagrun for example_xcom_args_with_operators to None, run_after=None
[2023-12-01T22:25:56.696+0000] {processor.py:179} INFO - Processing /home/airflow/.local/lib/python3.8/site-packages/airflow/example_dags/example_xcomargs.py took 0.051 seconds
[2023-12-01T22:26:26.764+0000] {processor.py:157} INFO - Started process (PID=610) to work on /home/airflow/.local/lib/python3.8/site-packages/airflow/example_dags/example_xcomargs.py
[2023-12-01T22:26:26.764+0000] {processor.py:829} INFO - Processing file /home/airflow/.local/lib/python3.8/site-packages/airflow/example_dags/example_xcomargs.py for tasks to queue
[2023-12-01T22:26:26.766+0000] {logging_mixin.py:154} INFO - [2023-12-01T22:26:26.766+0000] {dagbag.py:536} INFO - Filling up the DagBag from /home/airflow/.local/lib/python3.8/site-packages/airflow/example_dags/example_xcomargs.py
[2023-12-01T22:26:26.771+0000] {processor.py:839} INFO - DAG(s) dict_keys(['example_xcom_args_with_operators', 'example_xcom_args']) retrieved from /home/airflow/.local/lib/python3.8/site-packages/airflow/example_dags/example_xcomargs.py
[2023-12-01T22:26:26.788+0000] {logging_mixin.py:154} INFO - [2023-12-01T22:26:26.788+0000] {dag.py:2941} INFO - Sync 2 DAGs
[2023-12-01T22:26:26.798+0000] {logging_mixin.py:154} INFO - [2023-12-01T22:26:26.798+0000] {dag.py:3722} INFO - Setting next_dagrun for example_xcom_args to None, run_after=None
[2023-12-01T22:26:26.801+0000] {logging_mixin.py:154} INFO - [2023-12-01T22:26:26.801+0000] {dag.py:3722} INFO - Setting next_dagrun for example_xcom_args_with_operators to None, run_after=None
[2023-12-01T22:26:26.813+0000] {processor.py:179} INFO - Processing /home/airflow/.local/lib/python3.8/site-packages/airflow/example_dags/example_xcomargs.py took 0.052 seconds
[2023-12-01T22:26:56.889+0000] {processor.py:157} INFO - Started process (PID=664) to work on /home/airflow/.local/lib/python3.8/site-packages/airflow/example_dags/example_xcomargs.py
[2023-12-01T22:26:56.889+0000] {processor.py:829} INFO - Processing file /home/airflow/.local/lib/python3.8/site-packages/airflow/example_dags/example_xcomargs.py for tasks to queue
[2023-12-01T22:26:56.891+0000] {logging_mixin.py:154} INFO - [2023-12-01T22:26:56.891+0000] {dagbag.py:536} INFO - Filling up the DagBag from /home/airflow/.local/lib/python3.8/site-packages/airflow/example_dags/example_xcomargs.py
[2023-12-01T22:26:56.896+0000] {processor.py:839} INFO - DAG(s) dict_keys(['example_xcom_args', 'example_xcom_args_with_operators']) retrieved from /home/airflow/.local/lib/python3.8/site-packages/airflow/example_dags/example_xcomargs.py
[2023-12-01T22:26:56.913+0000] {logging_mixin.py:154} INFO - [2023-12-01T22:26:56.913+0000] {dag.py:2941} INFO - Sync 2 DAGs
[2023-12-01T22:26:56.923+0000] {logging_mixin.py:154} INFO - [2023-12-01T22:26:56.923+0000] {dag.py:3722} INFO - Setting next_dagrun for example_xcom_args to None, run_after=None
[2023-12-01T22:26:56.926+0000] {logging_mixin.py:154} INFO - [2023-12-01T22:26:56.926+0000] {dag.py:3722} INFO - Setting next_dagrun for example_xcom_args_with_operators to None, run_after=None
[2023-12-01T22:26:56.938+0000] {processor.py:179} INFO - Processing /home/airflow/.local/lib/python3.8/site-packages/airflow/example_dags/example_xcomargs.py took 0.051 seconds
[2023-12-01T22:27:27.051+0000] {processor.py:157} INFO - Started process (PID=718) to work on /home/airflow/.local/lib/python3.8/site-packages/airflow/example_dags/example_xcomargs.py
[2023-12-01T22:27:27.052+0000] {processor.py:829} INFO - Processing file /home/airflow/.local/lib/python3.8/site-packages/airflow/example_dags/example_xcomargs.py for tasks to queue
[2023-12-01T22:27:27.054+0000] {logging_mixin.py:154} INFO - [2023-12-01T22:27:27.054+0000] {dagbag.py:536} INFO - Filling up the DagBag from /home/airflow/.local/lib/python3.8/site-packages/airflow/example_dags/example_xcomargs.py
[2023-12-01T22:27:27.060+0000] {processor.py:839} INFO - DAG(s) dict_keys(['example_xcom_args', 'example_xcom_args_with_operators']) retrieved from /home/airflow/.local/lib/python3.8/site-packages/airflow/example_dags/example_xcomargs.py
[2023-12-01T22:27:27.076+0000] {logging_mixin.py:154} INFO - [2023-12-01T22:27:27.076+0000] {dag.py:2941} INFO - Sync 2 DAGs
[2023-12-01T22:27:27.085+0000] {logging_mixin.py:154} INFO - [2023-12-01T22:27:27.085+0000] {dag.py:3722} INFO - Setting next_dagrun for example_xcom_args to None, run_after=None
[2023-12-01T22:27:27.088+0000] {logging_mixin.py:154} INFO - [2023-12-01T22:27:27.088+0000] {dag.py:3722} INFO - Setting next_dagrun for example_xcom_args_with_operators to None, run_after=None
[2023-12-01T22:27:27.099+0000] {processor.py:179} INFO - Processing /home/airflow/.local/lib/python3.8/site-packages/airflow/example_dags/example_xcomargs.py took 0.050 seconds
[2023-12-01T22:27:57.928+0000] {processor.py:157} INFO - Started process (PID=772) to work on /home/airflow/.local/lib/python3.8/site-packages/airflow/example_dags/example_xcomargs.py
[2023-12-01T22:27:57.929+0000] {processor.py:829} INFO - Processing file /home/airflow/.local/lib/python3.8/site-packages/airflow/example_dags/example_xcomargs.py for tasks to queue
[2023-12-01T22:27:57.930+0000] {logging_mixin.py:154} INFO - [2023-12-01T22:27:57.930+0000] {dagbag.py:536} INFO - Filling up the DagBag from /home/airflow/.local/lib/python3.8/site-packages/airflow/example_dags/example_xcomargs.py
[2023-12-01T22:27:57.936+0000] {processor.py:839} INFO - DAG(s) dict_keys(['example_xcom_args', 'example_xcom_args_with_operators']) retrieved from /home/airflow/.local/lib/python3.8/site-packages/airflow/example_dags/example_xcomargs.py
[2023-12-01T22:27:57.953+0000] {logging_mixin.py:154} INFO - [2023-12-01T22:27:57.953+0000] {dag.py:2941} INFO - Sync 2 DAGs
[2023-12-01T22:27:57.963+0000] {logging_mixin.py:154} INFO - [2023-12-01T22:27:57.963+0000] {dag.py:3722} INFO - Setting next_dagrun for example_xcom_args to None, run_after=None
[2023-12-01T22:27:57.966+0000] {logging_mixin.py:154} INFO - [2023-12-01T22:27:57.966+0000] {dag.py:3722} INFO - Setting next_dagrun for example_xcom_args_with_operators to None, run_after=None
[2023-12-01T22:27:57.977+0000] {processor.py:179} INFO - Processing /home/airflow/.local/lib/python3.8/site-packages/airflow/example_dags/example_xcomargs.py took 0.051 seconds
[2023-12-01T22:28:28.214+0000] {processor.py:157} INFO - Started process (PID=826) to work on /home/airflow/.local/lib/python3.8/site-packages/airflow/example_dags/example_xcomargs.py
[2023-12-01T22:28:28.215+0000] {processor.py:829} INFO - Processing file /home/airflow/.local/lib/python3.8/site-packages/airflow/example_dags/example_xcomargs.py for tasks to queue
[2023-12-01T22:28:28.216+0000] {logging_mixin.py:154} INFO - [2023-12-01T22:28:28.216+0000] {dagbag.py:536} INFO - Filling up the DagBag from /home/airflow/.local/lib/python3.8/site-packages/airflow/example_dags/example_xcomargs.py
[2023-12-01T22:28:28.222+0000] {processor.py:839} INFO - DAG(s) dict_keys(['example_xcom_args', 'example_xcom_args_with_operators']) retrieved from /home/airflow/.local/lib/python3.8/site-packages/airflow/example_dags/example_xcomargs.py
[2023-12-01T22:28:28.240+0000] {logging_mixin.py:154} INFO - [2023-12-01T22:28:28.240+0000] {dag.py:2941} INFO - Sync 2 DAGs
[2023-12-01T22:28:28.250+0000] {logging_mixin.py:154} INFO - [2023-12-01T22:28:28.250+0000] {dag.py:3722} INFO - Setting next_dagrun for example_xcom_args to None, run_after=None
[2023-12-01T22:28:28.253+0000] {logging_mixin.py:154} INFO - [2023-12-01T22:28:28.253+0000] {dag.py:3722} INFO - Setting next_dagrun for example_xcom_args_with_operators to None, run_after=None
[2023-12-01T22:28:28.264+0000] {processor.py:179} INFO - Processing /home/airflow/.local/lib/python3.8/site-packages/airflow/example_dags/example_xcomargs.py took 0.052 seconds
[2023-12-01T22:28:58.356+0000] {processor.py:157} INFO - Started process (PID=880) to work on /home/airflow/.local/lib/python3.8/site-packages/airflow/example_dags/example_xcomargs.py
[2023-12-01T22:28:58.357+0000] {processor.py:829} INFO - Processing file /home/airflow/.local/lib/python3.8/site-packages/airflow/example_dags/example_xcomargs.py for tasks to queue
[2023-12-01T22:28:58.358+0000] {logging_mixin.py:154} INFO - [2023-12-01T22:28:58.358+0000] {dagbag.py:536} INFO - Filling up the DagBag from /home/airflow/.local/lib/python3.8/site-packages/airflow/example_dags/example_xcomargs.py
[2023-12-01T22:28:58.363+0000] {processor.py:839} INFO - DAG(s) dict_keys(['example_xcom_args', 'example_xcom_args_with_operators']) retrieved from /home/airflow/.local/lib/python3.8/site-packages/airflow/example_dags/example_xcomargs.py
[2023-12-01T22:28:58.385+0000] {logging_mixin.py:154} INFO - [2023-12-01T22:28:58.384+0000] {dag.py:2941} INFO - Sync 2 DAGs
[2023-12-01T22:28:58.394+0000] {logging_mixin.py:154} INFO - [2023-12-01T22:28:58.394+0000] {dag.py:3722} INFO - Setting next_dagrun for example_xcom_args to None, run_after=None
[2023-12-01T22:28:58.397+0000] {logging_mixin.py:154} INFO - [2023-12-01T22:28:58.396+0000] {dag.py:3722} INFO - Setting next_dagrun for example_xcom_args_with_operators to None, run_after=None
[2023-12-01T22:28:58.407+0000] {processor.py:179} INFO - Processing /home/airflow/.local/lib/python3.8/site-packages/airflow/example_dags/example_xcomargs.py took 0.054 seconds
[2023-12-01T22:29:28.530+0000] {processor.py:157} INFO - Started process (PID=934) to work on /home/airflow/.local/lib/python3.8/site-packages/airflow/example_dags/example_xcomargs.py
[2023-12-01T22:29:28.531+0000] {processor.py:829} INFO - Processing file /home/airflow/.local/lib/python3.8/site-packages/airflow/example_dags/example_xcomargs.py for tasks to queue
[2023-12-01T22:29:28.533+0000] {logging_mixin.py:154} INFO - [2023-12-01T22:29:28.532+0000] {dagbag.py:536} INFO - Filling up the DagBag from /home/airflow/.local/lib/python3.8/site-packages/airflow/example_dags/example_xcomargs.py
[2023-12-01T22:29:28.538+0000] {processor.py:839} INFO - DAG(s) dict_keys(['example_xcom_args_with_operators', 'example_xcom_args']) retrieved from /home/airflow/.local/lib/python3.8/site-packages/airflow/example_dags/example_xcomargs.py
[2023-12-01T22:29:28.554+0000] {logging_mixin.py:154} INFO - [2023-12-01T22:29:28.554+0000] {dag.py:2941} INFO - Sync 2 DAGs
[2023-12-01T22:29:28.564+0000] {logging_mixin.py:154} INFO - [2023-12-01T22:29:28.563+0000] {dag.py:3722} INFO - Setting next_dagrun for example_xcom_args to None, run_after=None
[2023-12-01T22:29:28.566+0000] {logging_mixin.py:154} INFO - [2023-12-01T22:29:28.566+0000] {dag.py:3722} INFO - Setting next_dagrun for example_xcom_args_with_operators to None, run_after=None
[2023-12-01T22:29:28.577+0000] {processor.py:179} INFO - Processing /home/airflow/.local/lib/python3.8/site-packages/airflow/example_dags/example_xcomargs.py took 0.049 seconds
[2023-12-01T22:29:58.631+0000] {processor.py:157} INFO - Started process (PID=988) to work on /home/airflow/.local/lib/python3.8/site-packages/airflow/example_dags/example_xcomargs.py
[2023-12-01T22:29:58.632+0000] {processor.py:829} INFO - Processing file /home/airflow/.local/lib/python3.8/site-packages/airflow/example_dags/example_xcomargs.py for tasks to queue
[2023-12-01T22:29:58.633+0000] {logging_mixin.py:154} INFO - [2023-12-01T22:29:58.633+0000] {dagbag.py:536} INFO - Filling up the DagBag from /home/airflow/.local/lib/python3.8/site-packages/airflow/example_dags/example_xcomargs.py
[2023-12-01T22:29:58.639+0000] {processor.py:839} INFO - DAG(s) dict_keys(['example_xcom_args', 'example_xcom_args_with_operators']) retrieved from /home/airflow/.local/lib/python3.8/site-packages/airflow/example_dags/example_xcomargs.py
[2023-12-01T22:29:58.655+0000] {logging_mixin.py:154} INFO - [2023-12-01T22:29:58.654+0000] {dag.py:2941} INFO - Sync 2 DAGs
[2023-12-01T22:29:58.664+0000] {logging_mixin.py:154} INFO - [2023-12-01T22:29:58.664+0000] {dag.py:3722} INFO - Setting next_dagrun for example_xcom_args to None, run_after=None
[2023-12-01T22:29:58.667+0000] {logging_mixin.py:154} INFO - [2023-12-01T22:29:58.666+0000] {dag.py:3722} INFO - Setting next_dagrun for example_xcom_args_with_operators to None, run_after=None
[2023-12-01T22:29:58.677+0000] {processor.py:179} INFO - Processing /home/airflow/.local/lib/python3.8/site-packages/airflow/example_dags/example_xcomargs.py took 0.048 seconds
[2023-12-01T22:30:28.708+0000] {processor.py:157} INFO - Started process (PID=1042) to work on /home/airflow/.local/lib/python3.8/site-packages/airflow/example_dags/example_xcomargs.py
[2023-12-01T22:30:28.708+0000] {processor.py:829} INFO - Processing file /home/airflow/.local/lib/python3.8/site-packages/airflow/example_dags/example_xcomargs.py for tasks to queue
[2023-12-01T22:30:28.710+0000] {logging_mixin.py:154} INFO - [2023-12-01T22:30:28.710+0000] {dagbag.py:536} INFO - Filling up the DagBag from /home/airflow/.local/lib/python3.8/site-packages/airflow/example_dags/example_xcomargs.py
[2023-12-01T22:30:28.715+0000] {processor.py:839} INFO - DAG(s) dict_keys(['example_xcom_args', 'example_xcom_args_with_operators']) retrieved from /home/airflow/.local/lib/python3.8/site-packages/airflow/example_dags/example_xcomargs.py
[2023-12-01T22:30:28.731+0000] {logging_mixin.py:154} INFO - [2023-12-01T22:30:28.731+0000] {dag.py:2941} INFO - Sync 2 DAGs
[2023-12-01T22:30:28.740+0000] {logging_mixin.py:154} INFO - [2023-12-01T22:30:28.740+0000] {dag.py:3722} INFO - Setting next_dagrun for example_xcom_args to None, run_after=None
[2023-12-01T22:30:28.743+0000] {logging_mixin.py:154} INFO - [2023-12-01T22:30:28.743+0000] {dag.py:3722} INFO - Setting next_dagrun for example_xcom_args_with_operators to None, run_after=None
[2023-12-01T22:30:28.754+0000] {processor.py:179} INFO - Processing /home/airflow/.local/lib/python3.8/site-packages/airflow/example_dags/example_xcomargs.py took 0.048 seconds
[2023-12-01T22:30:58.913+0000] {processor.py:157} INFO - Started process (PID=1096) to work on /home/airflow/.local/lib/python3.8/site-packages/airflow/example_dags/example_xcomargs.py
[2023-12-01T22:30:58.914+0000] {processor.py:829} INFO - Processing file /home/airflow/.local/lib/python3.8/site-packages/airflow/example_dags/example_xcomargs.py for tasks to queue
[2023-12-01T22:30:58.916+0000] {logging_mixin.py:154} INFO - [2023-12-01T22:30:58.915+0000] {dagbag.py:536} INFO - Filling up the DagBag from /home/airflow/.local/lib/python3.8/site-packages/airflow/example_dags/example_xcomargs.py
[2023-12-01T22:30:58.921+0000] {processor.py:839} INFO - DAG(s) dict_keys(['example_xcom_args_with_operators', 'example_xcom_args']) retrieved from /home/airflow/.local/lib/python3.8/site-packages/airflow/example_dags/example_xcomargs.py
[2023-12-01T22:30:58.938+0000] {logging_mixin.py:154} INFO - [2023-12-01T22:30:58.937+0000] {dag.py:2941} INFO - Sync 2 DAGs
[2023-12-01T22:30:58.947+0000] {logging_mixin.py:154} INFO - [2023-12-01T22:30:58.946+0000] {dag.py:3722} INFO - Setting next_dagrun for example_xcom_args to None, run_after=None
[2023-12-01T22:30:58.949+0000] {logging_mixin.py:154} INFO - [2023-12-01T22:30:58.949+0000] {dag.py:3722} INFO - Setting next_dagrun for example_xcom_args_with_operators to None, run_after=None
[2023-12-01T22:30:58.961+0000] {processor.py:179} INFO - Processing /home/airflow/.local/lib/python3.8/site-packages/airflow/example_dags/example_xcomargs.py took 0.050 seconds
[2023-12-01T22:31:29.081+0000] {processor.py:157} INFO - Started process (PID=1150) to work on /home/airflow/.local/lib/python3.8/site-packages/airflow/example_dags/example_xcomargs.py
[2023-12-01T22:31:29.082+0000] {processor.py:829} INFO - Processing file /home/airflow/.local/lib/python3.8/site-packages/airflow/example_dags/example_xcomargs.py for tasks to queue
[2023-12-01T22:31:29.083+0000] {logging_mixin.py:154} INFO - [2023-12-01T22:31:29.083+0000] {dagbag.py:536} INFO - Filling up the DagBag from /home/airflow/.local/lib/python3.8/site-packages/airflow/example_dags/example_xcomargs.py
[2023-12-01T22:31:29.089+0000] {processor.py:839} INFO - DAG(s) dict_keys(['example_xcom_args_with_operators', 'example_xcom_args']) retrieved from /home/airflow/.local/lib/python3.8/site-packages/airflow/example_dags/example_xcomargs.py
[2023-12-01T22:31:29.107+0000] {logging_mixin.py:154} INFO - [2023-12-01T22:31:29.107+0000] {dag.py:2941} INFO - Sync 2 DAGs
[2023-12-01T22:31:29.116+0000] {logging_mixin.py:154} INFO - [2023-12-01T22:31:29.116+0000] {dag.py:3722} INFO - Setting next_dagrun for example_xcom_args to None, run_after=None
[2023-12-01T22:31:29.119+0000] {logging_mixin.py:154} INFO - [2023-12-01T22:31:29.119+0000] {dag.py:3722} INFO - Setting next_dagrun for example_xcom_args_with_operators to None, run_after=None
[2023-12-01T22:31:29.130+0000] {processor.py:179} INFO - Processing /home/airflow/.local/lib/python3.8/site-packages/airflow/example_dags/example_xcomargs.py took 0.051 seconds
[2023-12-01T22:31:59.210+0000] {processor.py:157} INFO - Started process (PID=1204) to work on /home/airflow/.local/lib/python3.8/site-packages/airflow/example_dags/example_xcomargs.py
[2023-12-01T22:31:59.210+0000] {processor.py:829} INFO - Processing file /home/airflow/.local/lib/python3.8/site-packages/airflow/example_dags/example_xcomargs.py for tasks to queue
[2023-12-01T22:31:59.212+0000] {logging_mixin.py:154} INFO - [2023-12-01T22:31:59.212+0000] {dagbag.py:536} INFO - Filling up the DagBag from /home/airflow/.local/lib/python3.8/site-packages/airflow/example_dags/example_xcomargs.py
[2023-12-01T22:31:59.218+0000] {processor.py:839} INFO - DAG(s) dict_keys(['example_xcom_args_with_operators', 'example_xcom_args']) retrieved from /home/airflow/.local/lib/python3.8/site-packages/airflow/example_dags/example_xcomargs.py
[2023-12-01T22:31:59.236+0000] {logging_mixin.py:154} INFO - [2023-12-01T22:31:59.236+0000] {dag.py:2941} INFO - Sync 2 DAGs
[2023-12-01T22:31:59.247+0000] {logging_mixin.py:154} INFO - [2023-12-01T22:31:59.246+0000] {dag.py:3722} INFO - Setting next_dagrun for example_xcom_args to None, run_after=None
[2023-12-01T22:31:59.249+0000] {logging_mixin.py:154} INFO - [2023-12-01T22:31:59.249+0000] {dag.py:3722} INFO - Setting next_dagrun for example_xcom_args_with_operators to None, run_after=None
[2023-12-01T22:31:59.261+0000] {processor.py:179} INFO - Processing /home/airflow/.local/lib/python3.8/site-packages/airflow/example_dags/example_xcomargs.py took 0.054 seconds
[2023-12-01T22:32:29.360+0000] {processor.py:157} INFO - Started process (PID=1258) to work on /home/airflow/.local/lib/python3.8/site-packages/airflow/example_dags/example_xcomargs.py
[2023-12-01T22:32:29.361+0000] {processor.py:829} INFO - Processing file /home/airflow/.local/lib/python3.8/site-packages/airflow/example_dags/example_xcomargs.py for tasks to queue
[2023-12-01T22:32:29.363+0000] {logging_mixin.py:154} INFO - [2023-12-01T22:32:29.363+0000] {dagbag.py:536} INFO - Filling up the DagBag from /home/airflow/.local/lib/python3.8/site-packages/airflow/example_dags/example_xcomargs.py
[2023-12-01T22:32:29.368+0000] {processor.py:839} INFO - DAG(s) dict_keys(['example_xcom_args_with_operators', 'example_xcom_args']) retrieved from /home/airflow/.local/lib/python3.8/site-packages/airflow/example_dags/example_xcomargs.py
[2023-12-01T22:32:29.387+0000] {logging_mixin.py:154} INFO - [2023-12-01T22:32:29.387+0000] {dag.py:2941} INFO - Sync 2 DAGs
[2023-12-01T22:32:29.397+0000] {logging_mixin.py:154} INFO - [2023-12-01T22:32:29.397+0000] {dag.py:3722} INFO - Setting next_dagrun for example_xcom_args to None, run_after=None
[2023-12-01T22:32:29.400+0000] {logging_mixin.py:154} INFO - [2023-12-01T22:32:29.400+0000] {dag.py:3722} INFO - Setting next_dagrun for example_xcom_args_with_operators to None, run_after=None
[2023-12-01T22:32:29.412+0000] {processor.py:179} INFO - Processing /home/airflow/.local/lib/python3.8/site-packages/airflow/example_dags/example_xcomargs.py took 0.053 seconds
[2023-12-01T22:32:59.835+0000] {processor.py:157} INFO - Started process (PID=1312) to work on /home/airflow/.local/lib/python3.8/site-packages/airflow/example_dags/example_xcomargs.py
[2023-12-01T22:32:59.836+0000] {processor.py:829} INFO - Processing file /home/airflow/.local/lib/python3.8/site-packages/airflow/example_dags/example_xcomargs.py for tasks to queue
[2023-12-01T22:32:59.837+0000] {logging_mixin.py:154} INFO - [2023-12-01T22:32:59.837+0000] {dagbag.py:536} INFO - Filling up the DagBag from /home/airflow/.local/lib/python3.8/site-packages/airflow/example_dags/example_xcomargs.py
[2023-12-01T22:32:59.843+0000] {processor.py:839} INFO - DAG(s) dict_keys(['example_xcom_args', 'example_xcom_args_with_operators']) retrieved from /home/airflow/.local/lib/python3.8/site-packages/airflow/example_dags/example_xcomargs.py
[2023-12-01T22:32:59.862+0000] {logging_mixin.py:154} INFO - [2023-12-01T22:32:59.861+0000] {dag.py:2941} INFO - Sync 2 DAGs
[2023-12-01T22:32:59.873+0000] {logging_mixin.py:154} INFO - [2023-12-01T22:32:59.873+0000] {dag.py:3722} INFO - Setting next_dagrun for example_xcom_args to None, run_after=None
[2023-12-01T22:32:59.877+0000] {logging_mixin.py:154} INFO - [2023-12-01T22:32:59.877+0000] {dag.py:3722} INFO - Setting next_dagrun for example_xcom_args_with_operators to None, run_after=None
[2023-12-01T22:32:59.890+0000] {processor.py:179} INFO - Processing /home/airflow/.local/lib/python3.8/site-packages/airflow/example_dags/example_xcomargs.py took 0.057 seconds
[2023-12-01T22:33:30.157+0000] {processor.py:157} INFO - Started process (PID=1367) to work on /home/airflow/.local/lib/python3.8/site-packages/airflow/example_dags/example_xcomargs.py
[2023-12-01T22:33:30.157+0000] {processor.py:829} INFO - Processing file /home/airflow/.local/lib/python3.8/site-packages/airflow/example_dags/example_xcomargs.py for tasks to queue
[2023-12-01T22:33:30.159+0000] {logging_mixin.py:154} INFO - [2023-12-01T22:33:30.159+0000] {dagbag.py:536} INFO - Filling up the DagBag from /home/airflow/.local/lib/python3.8/site-packages/airflow/example_dags/example_xcomargs.py
[2023-12-01T22:33:30.165+0000] {processor.py:839} INFO - DAG(s) dict_keys(['example_xcom_args_with_operators', 'example_xcom_args']) retrieved from /home/airflow/.local/lib/python3.8/site-packages/airflow/example_dags/example_xcomargs.py
[2023-12-01T22:33:30.182+0000] {logging_mixin.py:154} INFO - [2023-12-01T22:33:30.182+0000] {dag.py:2941} INFO - Sync 2 DAGs
[2023-12-01T22:33:30.192+0000] {logging_mixin.py:154} INFO - [2023-12-01T22:33:30.192+0000] {dag.py:3722} INFO - Setting next_dagrun for example_xcom_args to None, run_after=None
[2023-12-01T22:33:30.195+0000] {logging_mixin.py:154} INFO - [2023-12-01T22:33:30.195+0000] {dag.py:3722} INFO - Setting next_dagrun for example_xcom_args_with_operators to None, run_after=None
[2023-12-01T22:33:30.209+0000] {processor.py:179} INFO - Processing /home/airflow/.local/lib/python3.8/site-packages/airflow/example_dags/example_xcomargs.py took 0.055 seconds
[2023-12-01T22:34:00.439+0000] {processor.py:157} INFO - Started process (PID=1421) to work on /home/airflow/.local/lib/python3.8/site-packages/airflow/example_dags/example_xcomargs.py
[2023-12-01T22:34:00.440+0000] {processor.py:829} INFO - Processing file /home/airflow/.local/lib/python3.8/site-packages/airflow/example_dags/example_xcomargs.py for tasks to queue
[2023-12-01T22:34:00.442+0000] {logging_mixin.py:154} INFO - [2023-12-01T22:34:00.442+0000] {dagbag.py:536} INFO - Filling up the DagBag from /home/airflow/.local/lib/python3.8/site-packages/airflow/example_dags/example_xcomargs.py
[2023-12-01T22:34:00.448+0000] {processor.py:839} INFO - DAG(s) dict_keys(['example_xcom_args', 'example_xcom_args_with_operators']) retrieved from /home/airflow/.local/lib/python3.8/site-packages/airflow/example_dags/example_xcomargs.py
[2023-12-01T22:34:00.466+0000] {logging_mixin.py:154} INFO - [2023-12-01T22:34:00.466+0000] {dag.py:2941} INFO - Sync 2 DAGs
[2023-12-01T22:34:00.476+0000] {logging_mixin.py:154} INFO - [2023-12-01T22:34:00.476+0000] {dag.py:3722} INFO - Setting next_dagrun for example_xcom_args to None, run_after=None
[2023-12-01T22:34:00.479+0000] {logging_mixin.py:154} INFO - [2023-12-01T22:34:00.479+0000] {dag.py:3722} INFO - Setting next_dagrun for example_xcom_args_with_operators to None, run_after=None
[2023-12-01T22:34:00.493+0000] {processor.py:179} INFO - Processing /home/airflow/.local/lib/python3.8/site-packages/airflow/example_dags/example_xcomargs.py took 0.056 seconds
[2023-12-01T22:34:31.131+0000] {processor.py:157} INFO - Started process (PID=1475) to work on /home/airflow/.local/lib/python3.8/site-packages/airflow/example_dags/example_xcomargs.py
[2023-12-01T22:34:31.132+0000] {processor.py:829} INFO - Processing file /home/airflow/.local/lib/python3.8/site-packages/airflow/example_dags/example_xcomargs.py for tasks to queue
[2023-12-01T22:34:31.135+0000] {logging_mixin.py:154} INFO - [2023-12-01T22:34:31.134+0000] {dagbag.py:536} INFO - Filling up the DagBag from /home/airflow/.local/lib/python3.8/site-packages/airflow/example_dags/example_xcomargs.py
[2023-12-01T22:34:31.142+0000] {processor.py:839} INFO - DAG(s) dict_keys(['example_xcom_args_with_operators', 'example_xcom_args']) retrieved from /home/airflow/.local/lib/python3.8/site-packages/airflow/example_dags/example_xcomargs.py
[2023-12-01T22:34:31.166+0000] {logging_mixin.py:154} INFO - [2023-12-01T22:34:31.165+0000] {dag.py:2941} INFO - Sync 2 DAGs
[2023-12-01T22:34:31.178+0000] {logging_mixin.py:154} INFO - [2023-12-01T22:34:31.178+0000] {dag.py:3722} INFO - Setting next_dagrun for example_xcom_args to None, run_after=None
[2023-12-01T22:34:31.181+0000] {logging_mixin.py:154} INFO - [2023-12-01T22:34:31.181+0000] {dag.py:3722} INFO - Setting next_dagrun for example_xcom_args_with_operators to None, run_after=None
[2023-12-01T22:34:31.194+0000] {processor.py:179} INFO - Processing /home/airflow/.local/lib/python3.8/site-packages/airflow/example_dags/example_xcomargs.py took 0.066 seconds
[2023-12-01T22:35:01.564+0000] {processor.py:157} INFO - Started process (PID=1529) to work on /home/airflow/.local/lib/python3.8/site-packages/airflow/example_dags/example_xcomargs.py
[2023-12-01T22:35:01.565+0000] {processor.py:829} INFO - Processing file /home/airflow/.local/lib/python3.8/site-packages/airflow/example_dags/example_xcomargs.py for tasks to queue
[2023-12-01T22:35:01.567+0000] {logging_mixin.py:154} INFO - [2023-12-01T22:35:01.567+0000] {dagbag.py:536} INFO - Filling up the DagBag from /home/airflow/.local/lib/python3.8/site-packages/airflow/example_dags/example_xcomargs.py
[2023-12-01T22:35:01.574+0000] {processor.py:839} INFO - DAG(s) dict_keys(['example_xcom_args', 'example_xcom_args_with_operators']) retrieved from /home/airflow/.local/lib/python3.8/site-packages/airflow/example_dags/example_xcomargs.py
[2023-12-01T22:35:01.600+0000] {logging_mixin.py:154} INFO - [2023-12-01T22:35:01.599+0000] {dag.py:2941} INFO - Sync 2 DAGs
[2023-12-01T22:35:01.616+0000] {logging_mixin.py:154} INFO - [2023-12-01T22:35:01.616+0000] {dag.py:3722} INFO - Setting next_dagrun for example_xcom_args to None, run_after=None
[2023-12-01T22:35:01.623+0000] {logging_mixin.py:154} INFO - [2023-12-01T22:35:01.623+0000] {dag.py:3722} INFO - Setting next_dagrun for example_xcom_args_with_operators to None, run_after=None
[2023-12-01T22:35:01.643+0000] {processor.py:179} INFO - Processing /home/airflow/.local/lib/python3.8/site-packages/airflow/example_dags/example_xcomargs.py took 0.081 seconds
[2023-12-01T22:35:31.891+0000] {processor.py:157} INFO - Started process (PID=1583) to work on /home/airflow/.local/lib/python3.8/site-packages/airflow/example_dags/example_xcomargs.py
[2023-12-01T22:35:31.892+0000] {processor.py:829} INFO - Processing file /home/airflow/.local/lib/python3.8/site-packages/airflow/example_dags/example_xcomargs.py for tasks to queue
[2023-12-01T22:35:31.894+0000] {logging_mixin.py:154} INFO - [2023-12-01T22:35:31.894+0000] {dagbag.py:536} INFO - Filling up the DagBag from /home/airflow/.local/lib/python3.8/site-packages/airflow/example_dags/example_xcomargs.py
[2023-12-01T22:35:31.901+0000] {processor.py:839} INFO - DAG(s) dict_keys(['example_xcom_args_with_operators', 'example_xcom_args']) retrieved from /home/airflow/.local/lib/python3.8/site-packages/airflow/example_dags/example_xcomargs.py
[2023-12-01T22:35:31.924+0000] {logging_mixin.py:154} INFO - [2023-12-01T22:35:31.924+0000] {dag.py:2941} INFO - Sync 2 DAGs
[2023-12-01T22:35:31.939+0000] {logging_mixin.py:154} INFO - [2023-12-01T22:35:31.939+0000] {dag.py:3722} INFO - Setting next_dagrun for example_xcom_args to None, run_after=None
[2023-12-01T22:35:31.943+0000] {logging_mixin.py:154} INFO - [2023-12-01T22:35:31.943+0000] {dag.py:3722} INFO - Setting next_dagrun for example_xcom_args_with_operators to None, run_after=None
[2023-12-01T22:35:31.960+0000] {processor.py:179} INFO - Processing /home/airflow/.local/lib/python3.8/site-packages/airflow/example_dags/example_xcomargs.py took 0.072 seconds
[2023-12-01T22:38:30.246+0000] {processor.py:157} INFO - Started process (PID=69) to work on /home/airflow/.local/lib/python3.8/site-packages/airflow/example_dags/example_xcomargs.py
[2023-12-01T22:38:30.247+0000] {processor.py:829} INFO - Processing file /home/airflow/.local/lib/python3.8/site-packages/airflow/example_dags/example_xcomargs.py for tasks to queue
[2023-12-01T22:38:30.249+0000] {logging_mixin.py:154} INFO - [2023-12-01T22:38:30.249+0000] {dagbag.py:536} INFO - Filling up the DagBag from /home/airflow/.local/lib/python3.8/site-packages/airflow/example_dags/example_xcomargs.py
[2023-12-01T22:38:30.263+0000] {processor.py:839} INFO - DAG(s) dict_keys(['example_xcom_args_with_operators', 'example_xcom_args']) retrieved from /home/airflow/.local/lib/python3.8/site-packages/airflow/example_dags/example_xcomargs.py
[2023-12-01T22:38:30.276+0000] {logging_mixin.py:154} INFO - [2023-12-01T22:38:30.275+0000] {dag.py:2941} INFO - Sync 2 DAGs
[2023-12-01T22:38:30.295+0000] {logging_mixin.py:154} INFO - [2023-12-01T22:38:30.295+0000] {dag.py:3722} INFO - Setting next_dagrun for example_xcom_args to None, run_after=None
[2023-12-01T22:38:30.300+0000] {logging_mixin.py:154} INFO - [2023-12-01T22:38:30.300+0000] {dag.py:3722} INFO - Setting next_dagrun for example_xcom_args_with_operators to None, run_after=None
[2023-12-01T22:38:30.320+0000] {processor.py:179} INFO - Processing /home/airflow/.local/lib/python3.8/site-packages/airflow/example_dags/example_xcomargs.py took 0.076 seconds
[2023-12-01T22:39:00.821+0000] {processor.py:157} INFO - Started process (PID=123) to work on /home/airflow/.local/lib/python3.8/site-packages/airflow/example_dags/example_xcomargs.py
[2023-12-01T22:39:00.822+0000] {processor.py:829} INFO - Processing file /home/airflow/.local/lib/python3.8/site-packages/airflow/example_dags/example_xcomargs.py for tasks to queue
[2023-12-01T22:39:00.825+0000] {logging_mixin.py:154} INFO - [2023-12-01T22:39:00.825+0000] {dagbag.py:536} INFO - Filling up the DagBag from /home/airflow/.local/lib/python3.8/site-packages/airflow/example_dags/example_xcomargs.py
[2023-12-01T22:39:00.835+0000] {processor.py:839} INFO - DAG(s) dict_keys(['example_xcom_args_with_operators', 'example_xcom_args']) retrieved from /home/airflow/.local/lib/python3.8/site-packages/airflow/example_dags/example_xcomargs.py
[2023-12-01T22:39:00.935+0000] {logging_mixin.py:154} INFO - [2023-12-01T22:39:00.935+0000] {dag.py:2941} INFO - Sync 2 DAGs
[2023-12-01T22:39:00.950+0000] {logging_mixin.py:154} INFO - [2023-12-01T22:39:00.949+0000] {dag.py:3722} INFO - Setting next_dagrun for example_xcom_args to None, run_after=None
[2023-12-01T22:39:00.954+0000] {logging_mixin.py:154} INFO - [2023-12-01T22:39:00.954+0000] {dag.py:3722} INFO - Setting next_dagrun for example_xcom_args_with_operators to None, run_after=None
[2023-12-01T22:39:00.970+0000] {processor.py:179} INFO - Processing /home/airflow/.local/lib/python3.8/site-packages/airflow/example_dags/example_xcomargs.py took 0.152 seconds
[2023-12-01T22:39:31.401+0000] {processor.py:157} INFO - Started process (PID=177) to work on /home/airflow/.local/lib/python3.8/site-packages/airflow/example_dags/example_xcomargs.py
[2023-12-01T22:39:31.402+0000] {processor.py:829} INFO - Processing file /home/airflow/.local/lib/python3.8/site-packages/airflow/example_dags/example_xcomargs.py for tasks to queue
[2023-12-01T22:39:31.404+0000] {logging_mixin.py:154} INFO - [2023-12-01T22:39:31.403+0000] {dagbag.py:536} INFO - Filling up the DagBag from /home/airflow/.local/lib/python3.8/site-packages/airflow/example_dags/example_xcomargs.py
[2023-12-01T22:39:31.410+0000] {processor.py:839} INFO - DAG(s) dict_keys(['example_xcom_args_with_operators', 'example_xcom_args']) retrieved from /home/airflow/.local/lib/python3.8/site-packages/airflow/example_dags/example_xcomargs.py
[2023-12-01T22:39:31.432+0000] {logging_mixin.py:154} INFO - [2023-12-01T22:39:31.432+0000] {dag.py:2941} INFO - Sync 2 DAGs
[2023-12-01T22:39:31.443+0000] {logging_mixin.py:154} INFO - [2023-12-01T22:39:31.443+0000] {dag.py:3722} INFO - Setting next_dagrun for example_xcom_args to None, run_after=None
[2023-12-01T22:39:31.447+0000] {logging_mixin.py:154} INFO - [2023-12-01T22:39:31.446+0000] {dag.py:3722} INFO - Setting next_dagrun for example_xcom_args_with_operators to None, run_after=None
[2023-12-01T22:39:31.472+0000] {processor.py:179} INFO - Processing /home/airflow/.local/lib/python3.8/site-packages/airflow/example_dags/example_xcomargs.py took 0.074 seconds
[2023-12-01T22:40:01.837+0000] {processor.py:157} INFO - Started process (PID=231) to work on /home/airflow/.local/lib/python3.8/site-packages/airflow/example_dags/example_xcomargs.py
[2023-12-01T22:40:01.838+0000] {processor.py:829} INFO - Processing file /home/airflow/.local/lib/python3.8/site-packages/airflow/example_dags/example_xcomargs.py for tasks to queue
[2023-12-01T22:40:01.839+0000] {logging_mixin.py:154} INFO - [2023-12-01T22:40:01.839+0000] {dagbag.py:536} INFO - Filling up the DagBag from /home/airflow/.local/lib/python3.8/site-packages/airflow/example_dags/example_xcomargs.py
[2023-12-01T22:40:01.845+0000] {processor.py:839} INFO - DAG(s) dict_keys(['example_xcom_args', 'example_xcom_args_with_operators']) retrieved from /home/airflow/.local/lib/python3.8/site-packages/airflow/example_dags/example_xcomargs.py
[2023-12-01T22:40:01.871+0000] {logging_mixin.py:154} INFO - [2023-12-01T22:40:01.870+0000] {dag.py:2941} INFO - Sync 2 DAGs
[2023-12-01T22:40:01.881+0000] {logging_mixin.py:154} INFO - [2023-12-01T22:40:01.881+0000] {dag.py:3722} INFO - Setting next_dagrun for example_xcom_args to None, run_after=None
[2023-12-01T22:40:01.884+0000] {logging_mixin.py:154} INFO - [2023-12-01T22:40:01.884+0000] {dag.py:3722} INFO - Setting next_dagrun for example_xcom_args_with_operators to None, run_after=None
[2023-12-01T22:40:01.897+0000] {processor.py:179} INFO - Processing /home/airflow/.local/lib/python3.8/site-packages/airflow/example_dags/example_xcomargs.py took 0.062 seconds
[2023-12-01T22:40:32.410+0000] {processor.py:157} INFO - Started process (PID=285) to work on /home/airflow/.local/lib/python3.8/site-packages/airflow/example_dags/example_xcomargs.py
[2023-12-01T22:40:32.411+0000] {processor.py:829} INFO - Processing file /home/airflow/.local/lib/python3.8/site-packages/airflow/example_dags/example_xcomargs.py for tasks to queue
[2023-12-01T22:40:32.413+0000] {logging_mixin.py:154} INFO - [2023-12-01T22:40:32.413+0000] {dagbag.py:536} INFO - Filling up the DagBag from /home/airflow/.local/lib/python3.8/site-packages/airflow/example_dags/example_xcomargs.py
[2023-12-01T22:40:32.421+0000] {processor.py:839} INFO - DAG(s) dict_keys(['example_xcom_args_with_operators', 'example_xcom_args']) retrieved from /home/airflow/.local/lib/python3.8/site-packages/airflow/example_dags/example_xcomargs.py
[2023-12-01T22:40:32.441+0000] {logging_mixin.py:154} INFO - [2023-12-01T22:40:32.441+0000] {dag.py:2941} INFO - Sync 2 DAGs
[2023-12-01T22:40:32.454+0000] {logging_mixin.py:154} INFO - [2023-12-01T22:40:32.454+0000] {dag.py:3722} INFO - Setting next_dagrun for example_xcom_args to None, run_after=None
[2023-12-01T22:40:32.457+0000] {logging_mixin.py:154} INFO - [2023-12-01T22:40:32.457+0000] {dag.py:3722} INFO - Setting next_dagrun for example_xcom_args_with_operators to None, run_after=None
[2023-12-01T22:40:32.472+0000] {processor.py:179} INFO - Processing /home/airflow/.local/lib/python3.8/site-packages/airflow/example_dags/example_xcomargs.py took 0.064 seconds
[2023-12-01T22:41:02.855+0000] {processor.py:157} INFO - Started process (PID=339) to work on /home/airflow/.local/lib/python3.8/site-packages/airflow/example_dags/example_xcomargs.py
[2023-12-01T22:41:02.856+0000] {processor.py:829} INFO - Processing file /home/airflow/.local/lib/python3.8/site-packages/airflow/example_dags/example_xcomargs.py for tasks to queue
[2023-12-01T22:41:02.857+0000] {logging_mixin.py:154} INFO - [2023-12-01T22:41:02.857+0000] {dagbag.py:536} INFO - Filling up the DagBag from /home/airflow/.local/lib/python3.8/site-packages/airflow/example_dags/example_xcomargs.py
[2023-12-01T22:41:02.863+0000] {processor.py:839} INFO - DAG(s) dict_keys(['example_xcom_args_with_operators', 'example_xcom_args']) retrieved from /home/airflow/.local/lib/python3.8/site-packages/airflow/example_dags/example_xcomargs.py
[2023-12-01T22:41:02.883+0000] {logging_mixin.py:154} INFO - [2023-12-01T22:41:02.883+0000] {dag.py:2941} INFO - Sync 2 DAGs
[2023-12-01T22:41:02.900+0000] {logging_mixin.py:154} INFO - [2023-12-01T22:41:02.900+0000] {dag.py:3722} INFO - Setting next_dagrun for example_xcom_args to None, run_after=None
[2023-12-01T22:41:02.904+0000] {logging_mixin.py:154} INFO - [2023-12-01T22:41:02.904+0000] {dag.py:3722} INFO - Setting next_dagrun for example_xcom_args_with_operators to None, run_after=None
[2023-12-01T22:41:02.918+0000] {processor.py:179} INFO - Processing /home/airflow/.local/lib/python3.8/site-packages/airflow/example_dags/example_xcomargs.py took 0.066 seconds
