[2023-12-01T22:13:40.808+0000] {processor.py:157} INFO - Started process (PID=41) to work on /home/airflow/.local/lib/python3.8/site-packages/airflow/example_dags/example_setup_teardown_taskflow.py
[2023-12-01T22:13:40.809+0000] {processor.py:829} INFO - Processing file /home/airflow/.local/lib/python3.8/site-packages/airflow/example_dags/example_setup_teardown_taskflow.py for tasks to queue
[2023-12-01T22:13:40.811+0000] {logging_mixin.py:154} INFO - [2023-12-01T22:13:40.811+0000] {dagbag.py:536} INFO - Filling up the DagBag from /home/airflow/.local/lib/python3.8/site-packages/airflow/example_dags/example_setup_teardown_taskflow.py
[2023-12-01T22:13:40.827+0000] {processor.py:839} INFO - DAG(s) dict_keys(['example_setup_teardown_taskflow']) retrieved from /home/airflow/.local/lib/python3.8/site-packages/airflow/example_dags/example_setup_teardown_taskflow.py
[2023-12-01T22:13:40.853+0000] {logging_mixin.py:154} INFO - [2023-12-01T22:13:40.853+0000] {dag.py:2941} INFO - Sync 1 DAGs
[2023-12-01T22:13:40.878+0000] {logging_mixin.py:154} INFO - [2023-12-01T22:13:40.878+0000] {dag.py:3722} INFO - Setting next_dagrun for example_setup_teardown_taskflow to 2023-11-30T22:13:40.878499+00:00, run_after=2023-12-01T22:13:40.878499+00:00
[2023-12-01T22:13:40.896+0000] {processor.py:179} INFO - Processing /home/airflow/.local/lib/python3.8/site-packages/airflow/example_dags/example_setup_teardown_taskflow.py took 0.090 seconds
[2023-12-01T22:19:40.269+0000] {processor.py:157} INFO - Started process (PID=39) to work on /home/airflow/.local/lib/python3.8/site-packages/airflow/example_dags/example_setup_teardown_taskflow.py
[2023-12-01T22:19:40.270+0000] {processor.py:829} INFO - Processing file /home/airflow/.local/lib/python3.8/site-packages/airflow/example_dags/example_setup_teardown_taskflow.py for tasks to queue
[2023-12-01T22:19:40.272+0000] {logging_mixin.py:154} INFO - [2023-12-01T22:19:40.271+0000] {dagbag.py:536} INFO - Filling up the DagBag from /home/airflow/.local/lib/python3.8/site-packages/airflow/example_dags/example_setup_teardown_taskflow.py
[2023-12-01T22:19:40.280+0000] {processor.py:839} INFO - DAG(s) dict_keys(['example_setup_teardown_taskflow']) retrieved from /home/airflow/.local/lib/python3.8/site-packages/airflow/example_dags/example_setup_teardown_taskflow.py
[2023-12-01T22:19:40.303+0000] {logging_mixin.py:154} INFO - [2023-12-01T22:19:40.303+0000] {dag.py:2941} INFO - Sync 1 DAGs
[2023-12-01T22:19:40.325+0000] {logging_mixin.py:154} INFO - [2023-12-01T22:19:40.325+0000] {dag.py:3722} INFO - Setting next_dagrun for example_setup_teardown_taskflow to 2023-11-30T22:19:40.324896+00:00, run_after=2023-12-01T22:19:40.324896+00:00
[2023-12-01T22:19:40.341+0000] {processor.py:179} INFO - Processing /home/airflow/.local/lib/python3.8/site-packages/airflow/example_dags/example_setup_teardown_taskflow.py took 0.075 seconds
[2023-12-01T22:21:21.571+0000] {processor.py:157} INFO - Started process (PID=40) to work on /home/airflow/.local/lib/python3.8/site-packages/airflow/example_dags/example_setup_teardown_taskflow.py
[2023-12-01T22:21:21.573+0000] {processor.py:829} INFO - Processing file /home/airflow/.local/lib/python3.8/site-packages/airflow/example_dags/example_setup_teardown_taskflow.py for tasks to queue
[2023-12-01T22:21:21.576+0000] {logging_mixin.py:154} INFO - [2023-12-01T22:21:21.575+0000] {dagbag.py:536} INFO - Filling up the DagBag from /home/airflow/.local/lib/python3.8/site-packages/airflow/example_dags/example_setup_teardown_taskflow.py
[2023-12-01T22:21:21.587+0000] {processor.py:839} INFO - DAG(s) dict_keys(['example_setup_teardown_taskflow']) retrieved from /home/airflow/.local/lib/python3.8/site-packages/airflow/example_dags/example_setup_teardown_taskflow.py
[2023-12-01T22:21:21.601+0000] {logging_mixin.py:154} INFO - [2023-12-01T22:21:21.600+0000] {dag.py:2941} INFO - Sync 1 DAGs
[2023-12-01T22:21:21.620+0000] {logging_mixin.py:154} INFO - [2023-12-01T22:21:21.620+0000] {dag.py:3722} INFO - Setting next_dagrun for example_setup_teardown_taskflow to 2023-11-30T22:21:21.620578+00:00, run_after=2023-12-01T22:21:21.620578+00:00
[2023-12-01T22:21:21.638+0000] {processor.py:179} INFO - Processing /home/airflow/.local/lib/python3.8/site-packages/airflow/example_dags/example_setup_teardown_taskflow.py took 0.069 seconds
[2023-12-01T22:21:51.820+0000] {processor.py:157} INFO - Started process (PID=95) to work on /home/airflow/.local/lib/python3.8/site-packages/airflow/example_dags/example_setup_teardown_taskflow.py
[2023-12-01T22:21:51.821+0000] {processor.py:829} INFO - Processing file /home/airflow/.local/lib/python3.8/site-packages/airflow/example_dags/example_setup_teardown_taskflow.py for tasks to queue
[2023-12-01T22:21:51.822+0000] {logging_mixin.py:154} INFO - [2023-12-01T22:21:51.822+0000] {dagbag.py:536} INFO - Filling up the DagBag from /home/airflow/.local/lib/python3.8/site-packages/airflow/example_dags/example_setup_teardown_taskflow.py
[2023-12-01T22:21:51.829+0000] {processor.py:839} INFO - DAG(s) dict_keys(['example_setup_teardown_taskflow']) retrieved from /home/airflow/.local/lib/python3.8/site-packages/airflow/example_dags/example_setup_teardown_taskflow.py
[2023-12-01T22:21:51.846+0000] {logging_mixin.py:154} INFO - [2023-12-01T22:21:51.845+0000] {dag.py:2941} INFO - Sync 1 DAGs
[2023-12-01T22:21:51.862+0000] {logging_mixin.py:154} INFO - [2023-12-01T22:21:51.862+0000] {dag.py:3722} INFO - Setting next_dagrun for example_setup_teardown_taskflow to 2023-11-30T22:21:51.862436+00:00, run_after=2023-12-01T22:21:51.862436+00:00
[2023-12-01T22:21:51.877+0000] {processor.py:179} INFO - Processing /home/airflow/.local/lib/python3.8/site-packages/airflow/example_dags/example_setup_teardown_taskflow.py took 0.060 seconds
[2023-12-01T22:22:22.318+0000] {processor.py:157} INFO - Started process (PID=149) to work on /home/airflow/.local/lib/python3.8/site-packages/airflow/example_dags/example_setup_teardown_taskflow.py
[2023-12-01T22:22:22.319+0000] {processor.py:829} INFO - Processing file /home/airflow/.local/lib/python3.8/site-packages/airflow/example_dags/example_setup_teardown_taskflow.py for tasks to queue
[2023-12-01T22:22:22.320+0000] {logging_mixin.py:154} INFO - [2023-12-01T22:22:22.320+0000] {dagbag.py:536} INFO - Filling up the DagBag from /home/airflow/.local/lib/python3.8/site-packages/airflow/example_dags/example_setup_teardown_taskflow.py
[2023-12-01T22:22:22.327+0000] {processor.py:839} INFO - DAG(s) dict_keys(['example_setup_teardown_taskflow']) retrieved from /home/airflow/.local/lib/python3.8/site-packages/airflow/example_dags/example_setup_teardown_taskflow.py
[2023-12-01T22:22:22.342+0000] {logging_mixin.py:154} INFO - [2023-12-01T22:22:22.342+0000] {dag.py:2941} INFO - Sync 1 DAGs
[2023-12-01T22:22:22.360+0000] {logging_mixin.py:154} INFO - [2023-12-01T22:22:22.360+0000] {dag.py:3722} INFO - Setting next_dagrun for example_setup_teardown_taskflow to 2023-11-30T22:22:22.360286+00:00, run_after=2023-12-01T22:22:22.360286+00:00
[2023-12-01T22:22:22.376+0000] {processor.py:179} INFO - Processing /home/airflow/.local/lib/python3.8/site-packages/airflow/example_dags/example_setup_teardown_taskflow.py took 0.060 seconds
[2023-12-01T22:22:52.518+0000] {processor.py:157} INFO - Started process (PID=203) to work on /home/airflow/.local/lib/python3.8/site-packages/airflow/example_dags/example_setup_teardown_taskflow.py
[2023-12-01T22:22:52.519+0000] {processor.py:829} INFO - Processing file /home/airflow/.local/lib/python3.8/site-packages/airflow/example_dags/example_setup_teardown_taskflow.py for tasks to queue
[2023-12-01T22:22:52.520+0000] {logging_mixin.py:154} INFO - [2023-12-01T22:22:52.520+0000] {dagbag.py:536} INFO - Filling up the DagBag from /home/airflow/.local/lib/python3.8/site-packages/airflow/example_dags/example_setup_teardown_taskflow.py
[2023-12-01T22:22:52.527+0000] {processor.py:839} INFO - DAG(s) dict_keys(['example_setup_teardown_taskflow']) retrieved from /home/airflow/.local/lib/python3.8/site-packages/airflow/example_dags/example_setup_teardown_taskflow.py
[2023-12-01T22:22:52.544+0000] {logging_mixin.py:154} INFO - [2023-12-01T22:22:52.544+0000] {dag.py:2941} INFO - Sync 1 DAGs
[2023-12-01T22:22:52.560+0000] {logging_mixin.py:154} INFO - [2023-12-01T22:22:52.560+0000] {dag.py:3722} INFO - Setting next_dagrun for example_setup_teardown_taskflow to 2023-11-30T22:22:52.559957+00:00, run_after=2023-12-01T22:22:52.559957+00:00
[2023-12-01T22:22:52.574+0000] {processor.py:179} INFO - Processing /home/airflow/.local/lib/python3.8/site-packages/airflow/example_dags/example_setup_teardown_taskflow.py took 0.058 seconds
[2023-12-01T22:23:22.753+0000] {processor.py:157} INFO - Started process (PID=257) to work on /home/airflow/.local/lib/python3.8/site-packages/airflow/example_dags/example_setup_teardown_taskflow.py
[2023-12-01T22:23:22.753+0000] {processor.py:829} INFO - Processing file /home/airflow/.local/lib/python3.8/site-packages/airflow/example_dags/example_setup_teardown_taskflow.py for tasks to queue
[2023-12-01T22:23:22.755+0000] {logging_mixin.py:154} INFO - [2023-12-01T22:23:22.755+0000] {dagbag.py:536} INFO - Filling up the DagBag from /home/airflow/.local/lib/python3.8/site-packages/airflow/example_dags/example_setup_teardown_taskflow.py
[2023-12-01T22:23:22.761+0000] {processor.py:839} INFO - DAG(s) dict_keys(['example_setup_teardown_taskflow']) retrieved from /home/airflow/.local/lib/python3.8/site-packages/airflow/example_dags/example_setup_teardown_taskflow.py
[2023-12-01T22:23:22.775+0000] {logging_mixin.py:154} INFO - [2023-12-01T22:23:22.775+0000] {dag.py:2941} INFO - Sync 1 DAGs
[2023-12-01T22:23:22.792+0000] {logging_mixin.py:154} INFO - [2023-12-01T22:23:22.792+0000] {dag.py:3722} INFO - Setting next_dagrun for example_setup_teardown_taskflow to 2023-11-30T22:23:22.791874+00:00, run_after=2023-12-01T22:23:22.791874+00:00
[2023-12-01T22:23:22.806+0000] {processor.py:179} INFO - Processing /home/airflow/.local/lib/python3.8/site-packages/airflow/example_dags/example_setup_teardown_taskflow.py took 0.055 seconds
[2023-12-01T22:23:52.993+0000] {processor.py:157} INFO - Started process (PID=311) to work on /home/airflow/.local/lib/python3.8/site-packages/airflow/example_dags/example_setup_teardown_taskflow.py
[2023-12-01T22:23:52.994+0000] {processor.py:829} INFO - Processing file /home/airflow/.local/lib/python3.8/site-packages/airflow/example_dags/example_setup_teardown_taskflow.py for tasks to queue
[2023-12-01T22:23:52.996+0000] {logging_mixin.py:154} INFO - [2023-12-01T22:23:52.995+0000] {dagbag.py:536} INFO - Filling up the DagBag from /home/airflow/.local/lib/python3.8/site-packages/airflow/example_dags/example_setup_teardown_taskflow.py
[2023-12-01T22:23:53.003+0000] {processor.py:839} INFO - DAG(s) dict_keys(['example_setup_teardown_taskflow']) retrieved from /home/airflow/.local/lib/python3.8/site-packages/airflow/example_dags/example_setup_teardown_taskflow.py
[2023-12-01T22:23:53.023+0000] {logging_mixin.py:154} INFO - [2023-12-01T22:23:53.023+0000] {dag.py:2941} INFO - Sync 1 DAGs
[2023-12-01T22:23:53.039+0000] {logging_mixin.py:154} INFO - [2023-12-01T22:23:53.039+0000] {dag.py:3722} INFO - Setting next_dagrun for example_setup_teardown_taskflow to 2023-11-30T22:23:53.039250+00:00, run_after=2023-12-01T22:23:53.039250+00:00
[2023-12-01T22:23:53.053+0000] {processor.py:179} INFO - Processing /home/airflow/.local/lib/python3.8/site-packages/airflow/example_dags/example_setup_teardown_taskflow.py took 0.064 seconds
[2023-12-01T22:24:23.213+0000] {processor.py:157} INFO - Started process (PID=365) to work on /home/airflow/.local/lib/python3.8/site-packages/airflow/example_dags/example_setup_teardown_taskflow.py
[2023-12-01T22:24:23.214+0000] {processor.py:829} INFO - Processing file /home/airflow/.local/lib/python3.8/site-packages/airflow/example_dags/example_setup_teardown_taskflow.py for tasks to queue
[2023-12-01T22:24:23.215+0000] {logging_mixin.py:154} INFO - [2023-12-01T22:24:23.215+0000] {dagbag.py:536} INFO - Filling up the DagBag from /home/airflow/.local/lib/python3.8/site-packages/airflow/example_dags/example_setup_teardown_taskflow.py
[2023-12-01T22:24:23.222+0000] {processor.py:839} INFO - DAG(s) dict_keys(['example_setup_teardown_taskflow']) retrieved from /home/airflow/.local/lib/python3.8/site-packages/airflow/example_dags/example_setup_teardown_taskflow.py
[2023-12-01T22:24:23.237+0000] {logging_mixin.py:154} INFO - [2023-12-01T22:24:23.236+0000] {dag.py:2941} INFO - Sync 1 DAGs
[2023-12-01T22:24:23.253+0000] {logging_mixin.py:154} INFO - [2023-12-01T22:24:23.253+0000] {dag.py:3722} INFO - Setting next_dagrun for example_setup_teardown_taskflow to 2023-11-30T22:24:23.253279+00:00, run_after=2023-12-01T22:24:23.253279+00:00
[2023-12-01T22:24:23.267+0000] {processor.py:179} INFO - Processing /home/airflow/.local/lib/python3.8/site-packages/airflow/example_dags/example_setup_teardown_taskflow.py took 0.056 seconds
[2023-12-01T22:24:54.283+0000] {processor.py:157} INFO - Started process (PID=419) to work on /home/airflow/.local/lib/python3.8/site-packages/airflow/example_dags/example_setup_teardown_taskflow.py
[2023-12-01T22:24:54.283+0000] {processor.py:829} INFO - Processing file /home/airflow/.local/lib/python3.8/site-packages/airflow/example_dags/example_setup_teardown_taskflow.py for tasks to queue
[2023-12-01T22:24:54.285+0000] {logging_mixin.py:154} INFO - [2023-12-01T22:24:54.285+0000] {dagbag.py:536} INFO - Filling up the DagBag from /home/airflow/.local/lib/python3.8/site-packages/airflow/example_dags/example_setup_teardown_taskflow.py
[2023-12-01T22:24:54.291+0000] {processor.py:839} INFO - DAG(s) dict_keys(['example_setup_teardown_taskflow']) retrieved from /home/airflow/.local/lib/python3.8/site-packages/airflow/example_dags/example_setup_teardown_taskflow.py
[2023-12-01T22:24:54.304+0000] {logging_mixin.py:154} INFO - [2023-12-01T22:24:54.304+0000] {dag.py:2941} INFO - Sync 1 DAGs
[2023-12-01T22:24:54.319+0000] {logging_mixin.py:154} INFO - [2023-12-01T22:24:54.319+0000] {dag.py:3722} INFO - Setting next_dagrun for example_setup_teardown_taskflow to 2023-11-30T22:24:54.319125+00:00, run_after=2023-12-01T22:24:54.319125+00:00
[2023-12-01T22:24:54.333+0000] {processor.py:179} INFO - Processing /home/airflow/.local/lib/python3.8/site-packages/airflow/example_dags/example_setup_teardown_taskflow.py took 0.053 seconds
[2023-12-01T22:25:24.366+0000] {processor.py:157} INFO - Started process (PID=473) to work on /home/airflow/.local/lib/python3.8/site-packages/airflow/example_dags/example_setup_teardown_taskflow.py
[2023-12-01T22:25:24.367+0000] {processor.py:829} INFO - Processing file /home/airflow/.local/lib/python3.8/site-packages/airflow/example_dags/example_setup_teardown_taskflow.py for tasks to queue
[2023-12-01T22:25:24.369+0000] {logging_mixin.py:154} INFO - [2023-12-01T22:25:24.368+0000] {dagbag.py:536} INFO - Filling up the DagBag from /home/airflow/.local/lib/python3.8/site-packages/airflow/example_dags/example_setup_teardown_taskflow.py
[2023-12-01T22:25:24.374+0000] {processor.py:839} INFO - DAG(s) dict_keys(['example_setup_teardown_taskflow']) retrieved from /home/airflow/.local/lib/python3.8/site-packages/airflow/example_dags/example_setup_teardown_taskflow.py
[2023-12-01T22:25:24.388+0000] {logging_mixin.py:154} INFO - [2023-12-01T22:25:24.388+0000] {dag.py:2941} INFO - Sync 1 DAGs
[2023-12-01T22:25:24.402+0000] {logging_mixin.py:154} INFO - [2023-12-01T22:25:24.402+0000] {dag.py:3722} INFO - Setting next_dagrun for example_setup_teardown_taskflow to 2023-11-30T22:25:24.402492+00:00, run_after=2023-12-01T22:25:24.402492+00:00
[2023-12-01T22:25:24.415+0000] {processor.py:179} INFO - Processing /home/airflow/.local/lib/python3.8/site-packages/airflow/example_dags/example_setup_teardown_taskflow.py took 0.051 seconds
[2023-12-01T22:25:54.544+0000] {processor.py:157} INFO - Started process (PID=527) to work on /home/airflow/.local/lib/python3.8/site-packages/airflow/example_dags/example_setup_teardown_taskflow.py
[2023-12-01T22:25:54.545+0000] {processor.py:829} INFO - Processing file /home/airflow/.local/lib/python3.8/site-packages/airflow/example_dags/example_setup_teardown_taskflow.py for tasks to queue
[2023-12-01T22:25:54.546+0000] {logging_mixin.py:154} INFO - [2023-12-01T22:25:54.546+0000] {dagbag.py:536} INFO - Filling up the DagBag from /home/airflow/.local/lib/python3.8/site-packages/airflow/example_dags/example_setup_teardown_taskflow.py
[2023-12-01T22:25:54.552+0000] {processor.py:839} INFO - DAG(s) dict_keys(['example_setup_teardown_taskflow']) retrieved from /home/airflow/.local/lib/python3.8/site-packages/airflow/example_dags/example_setup_teardown_taskflow.py
[2023-12-01T22:25:54.566+0000] {logging_mixin.py:154} INFO - [2023-12-01T22:25:54.565+0000] {dag.py:2941} INFO - Sync 1 DAGs
[2023-12-01T22:25:54.580+0000] {logging_mixin.py:154} INFO - [2023-12-01T22:25:54.580+0000] {dag.py:3722} INFO - Setting next_dagrun for example_setup_teardown_taskflow to 2023-11-30T22:25:54.580298+00:00, run_after=2023-12-01T22:25:54.580298+00:00
[2023-12-01T22:25:54.593+0000] {processor.py:179} INFO - Processing /home/airflow/.local/lib/python3.8/site-packages/airflow/example_dags/example_setup_teardown_taskflow.py took 0.051 seconds
[2023-12-01T22:26:24.618+0000] {processor.py:157} INFO - Started process (PID=581) to work on /home/airflow/.local/lib/python3.8/site-packages/airflow/example_dags/example_setup_teardown_taskflow.py
[2023-12-01T22:26:24.618+0000] {processor.py:829} INFO - Processing file /home/airflow/.local/lib/python3.8/site-packages/airflow/example_dags/example_setup_teardown_taskflow.py for tasks to queue
[2023-12-01T22:26:24.620+0000] {logging_mixin.py:154} INFO - [2023-12-01T22:26:24.620+0000] {dagbag.py:536} INFO - Filling up the DagBag from /home/airflow/.local/lib/python3.8/site-packages/airflow/example_dags/example_setup_teardown_taskflow.py
[2023-12-01T22:26:24.626+0000] {processor.py:839} INFO - DAG(s) dict_keys(['example_setup_teardown_taskflow']) retrieved from /home/airflow/.local/lib/python3.8/site-packages/airflow/example_dags/example_setup_teardown_taskflow.py
[2023-12-01T22:26:24.639+0000] {logging_mixin.py:154} INFO - [2023-12-01T22:26:24.639+0000] {dag.py:2941} INFO - Sync 1 DAGs
[2023-12-01T22:26:24.653+0000] {logging_mixin.py:154} INFO - [2023-12-01T22:26:24.653+0000] {dag.py:3722} INFO - Setting next_dagrun for example_setup_teardown_taskflow to 2023-11-30T22:26:24.653506+00:00, run_after=2023-12-01T22:26:24.653506+00:00
[2023-12-01T22:26:24.667+0000] {processor.py:179} INFO - Processing /home/airflow/.local/lib/python3.8/site-packages/airflow/example_dags/example_setup_teardown_taskflow.py took 0.051 seconds
[2023-12-01T22:26:54.825+0000] {processor.py:157} INFO - Started process (PID=635) to work on /home/airflow/.local/lib/python3.8/site-packages/airflow/example_dags/example_setup_teardown_taskflow.py
[2023-12-01T22:26:54.826+0000] {processor.py:829} INFO - Processing file /home/airflow/.local/lib/python3.8/site-packages/airflow/example_dags/example_setup_teardown_taskflow.py for tasks to queue
[2023-12-01T22:26:54.827+0000] {logging_mixin.py:154} INFO - [2023-12-01T22:26:54.827+0000] {dagbag.py:536} INFO - Filling up the DagBag from /home/airflow/.local/lib/python3.8/site-packages/airflow/example_dags/example_setup_teardown_taskflow.py
[2023-12-01T22:26:54.833+0000] {processor.py:839} INFO - DAG(s) dict_keys(['example_setup_teardown_taskflow']) retrieved from /home/airflow/.local/lib/python3.8/site-packages/airflow/example_dags/example_setup_teardown_taskflow.py
[2023-12-01T22:26:54.846+0000] {logging_mixin.py:154} INFO - [2023-12-01T22:26:54.846+0000] {dag.py:2941} INFO - Sync 1 DAGs
[2023-12-01T22:26:54.861+0000] {logging_mixin.py:154} INFO - [2023-12-01T22:26:54.860+0000] {dag.py:3722} INFO - Setting next_dagrun for example_setup_teardown_taskflow to 2023-11-30T22:26:54.860717+00:00, run_after=2023-12-01T22:26:54.860717+00:00
[2023-12-01T22:26:54.875+0000] {processor.py:179} INFO - Processing /home/airflow/.local/lib/python3.8/site-packages/airflow/example_dags/example_setup_teardown_taskflow.py took 0.052 seconds
[2023-12-01T22:27:24.965+0000] {processor.py:157} INFO - Started process (PID=689) to work on /home/airflow/.local/lib/python3.8/site-packages/airflow/example_dags/example_setup_teardown_taskflow.py
[2023-12-01T22:27:24.966+0000] {processor.py:829} INFO - Processing file /home/airflow/.local/lib/python3.8/site-packages/airflow/example_dags/example_setup_teardown_taskflow.py for tasks to queue
[2023-12-01T22:27:24.967+0000] {logging_mixin.py:154} INFO - [2023-12-01T22:27:24.967+0000] {dagbag.py:536} INFO - Filling up the DagBag from /home/airflow/.local/lib/python3.8/site-packages/airflow/example_dags/example_setup_teardown_taskflow.py
[2023-12-01T22:27:24.973+0000] {processor.py:839} INFO - DAG(s) dict_keys(['example_setup_teardown_taskflow']) retrieved from /home/airflow/.local/lib/python3.8/site-packages/airflow/example_dags/example_setup_teardown_taskflow.py
[2023-12-01T22:27:24.986+0000] {logging_mixin.py:154} INFO - [2023-12-01T22:27:24.986+0000] {dag.py:2941} INFO - Sync 1 DAGs
[2023-12-01T22:27:25.001+0000] {logging_mixin.py:154} INFO - [2023-12-01T22:27:25.000+0000] {dag.py:3722} INFO - Setting next_dagrun for example_setup_teardown_taskflow to 2023-11-30T22:27:25.000815+00:00, run_after=2023-12-01T22:27:25.000815+00:00
[2023-12-01T22:27:25.014+0000] {processor.py:179} INFO - Processing /home/airflow/.local/lib/python3.8/site-packages/airflow/example_dags/example_setup_teardown_taskflow.py took 0.051 seconds
[2023-12-01T22:27:55.816+0000] {processor.py:157} INFO - Started process (PID=743) to work on /home/airflow/.local/lib/python3.8/site-packages/airflow/example_dags/example_setup_teardown_taskflow.py
[2023-12-01T22:27:55.817+0000] {processor.py:829} INFO - Processing file /home/airflow/.local/lib/python3.8/site-packages/airflow/example_dags/example_setup_teardown_taskflow.py for tasks to queue
[2023-12-01T22:27:55.819+0000] {logging_mixin.py:154} INFO - [2023-12-01T22:27:55.819+0000] {dagbag.py:536} INFO - Filling up the DagBag from /home/airflow/.local/lib/python3.8/site-packages/airflow/example_dags/example_setup_teardown_taskflow.py
[2023-12-01T22:27:55.826+0000] {processor.py:839} INFO - DAG(s) dict_keys(['example_setup_teardown_taskflow']) retrieved from /home/airflow/.local/lib/python3.8/site-packages/airflow/example_dags/example_setup_teardown_taskflow.py
[2023-12-01T22:27:55.842+0000] {logging_mixin.py:154} INFO - [2023-12-01T22:27:55.842+0000] {dag.py:2941} INFO - Sync 1 DAGs
[2023-12-01T22:27:55.860+0000] {logging_mixin.py:154} INFO - [2023-12-01T22:27:55.860+0000] {dag.py:3722} INFO - Setting next_dagrun for example_setup_teardown_taskflow to 2023-11-30T22:27:55.860439+00:00, run_after=2023-12-01T22:27:55.860439+00:00
[2023-12-01T22:27:55.874+0000] {processor.py:179} INFO - Processing /home/airflow/.local/lib/python3.8/site-packages/airflow/example_dags/example_setup_teardown_taskflow.py took 0.060 seconds
[2023-12-01T22:28:25.960+0000] {processor.py:157} INFO - Started process (PID=798) to work on /home/airflow/.local/lib/python3.8/site-packages/airflow/example_dags/example_setup_teardown_taskflow.py
[2023-12-01T22:28:25.961+0000] {processor.py:829} INFO - Processing file /home/airflow/.local/lib/python3.8/site-packages/airflow/example_dags/example_setup_teardown_taskflow.py for tasks to queue
[2023-12-01T22:28:25.963+0000] {logging_mixin.py:154} INFO - [2023-12-01T22:28:25.963+0000] {dagbag.py:536} INFO - Filling up the DagBag from /home/airflow/.local/lib/python3.8/site-packages/airflow/example_dags/example_setup_teardown_taskflow.py
[2023-12-01T22:28:25.969+0000] {processor.py:839} INFO - DAG(s) dict_keys(['example_setup_teardown_taskflow']) retrieved from /home/airflow/.local/lib/python3.8/site-packages/airflow/example_dags/example_setup_teardown_taskflow.py
[2023-12-01T22:28:25.983+0000] {logging_mixin.py:154} INFO - [2023-12-01T22:28:25.983+0000] {dag.py:2941} INFO - Sync 1 DAGs
[2023-12-01T22:28:25.997+0000] {logging_mixin.py:154} INFO - [2023-12-01T22:28:25.997+0000] {dag.py:3722} INFO - Setting next_dagrun for example_setup_teardown_taskflow to 2023-11-30T22:28:25.997338+00:00, run_after=2023-12-01T22:28:25.997338+00:00
[2023-12-01T22:28:26.011+0000] {processor.py:179} INFO - Processing /home/airflow/.local/lib/python3.8/site-packages/airflow/example_dags/example_setup_teardown_taskflow.py took 0.053 seconds
[2023-12-01T22:28:56.078+0000] {processor.py:157} INFO - Started process (PID=852) to work on /home/airflow/.local/lib/python3.8/site-packages/airflow/example_dags/example_setup_teardown_taskflow.py
[2023-12-01T22:28:56.079+0000] {processor.py:829} INFO - Processing file /home/airflow/.local/lib/python3.8/site-packages/airflow/example_dags/example_setup_teardown_taskflow.py for tasks to queue
[2023-12-01T22:28:56.080+0000] {logging_mixin.py:154} INFO - [2023-12-01T22:28:56.080+0000] {dagbag.py:536} INFO - Filling up the DagBag from /home/airflow/.local/lib/python3.8/site-packages/airflow/example_dags/example_setup_teardown_taskflow.py
[2023-12-01T22:28:56.086+0000] {processor.py:839} INFO - DAG(s) dict_keys(['example_setup_teardown_taskflow']) retrieved from /home/airflow/.local/lib/python3.8/site-packages/airflow/example_dags/example_setup_teardown_taskflow.py
[2023-12-01T22:28:56.100+0000] {logging_mixin.py:154} INFO - [2023-12-01T22:28:56.100+0000] {dag.py:2941} INFO - Sync 1 DAGs
[2023-12-01T22:28:56.115+0000] {logging_mixin.py:154} INFO - [2023-12-01T22:28:56.114+0000] {dag.py:3722} INFO - Setting next_dagrun for example_setup_teardown_taskflow to 2023-11-30T22:28:56.114768+00:00, run_after=2023-12-01T22:28:56.114768+00:00
[2023-12-01T22:28:56.128+0000] {processor.py:179} INFO - Processing /home/airflow/.local/lib/python3.8/site-packages/airflow/example_dags/example_setup_teardown_taskflow.py took 0.052 seconds
[2023-12-01T22:29:26.187+0000] {processor.py:157} INFO - Started process (PID=905) to work on /home/airflow/.local/lib/python3.8/site-packages/airflow/example_dags/example_setup_teardown_taskflow.py
[2023-12-01T22:29:26.188+0000] {processor.py:829} INFO - Processing file /home/airflow/.local/lib/python3.8/site-packages/airflow/example_dags/example_setup_teardown_taskflow.py for tasks to queue
[2023-12-01T22:29:26.190+0000] {logging_mixin.py:154} INFO - [2023-12-01T22:29:26.189+0000] {dagbag.py:536} INFO - Filling up the DagBag from /home/airflow/.local/lib/python3.8/site-packages/airflow/example_dags/example_setup_teardown_taskflow.py
[2023-12-01T22:29:26.196+0000] {processor.py:839} INFO - DAG(s) dict_keys(['example_setup_teardown_taskflow']) retrieved from /home/airflow/.local/lib/python3.8/site-packages/airflow/example_dags/example_setup_teardown_taskflow.py
[2023-12-01T22:29:26.209+0000] {logging_mixin.py:154} INFO - [2023-12-01T22:29:26.209+0000] {dag.py:2941} INFO - Sync 1 DAGs
[2023-12-01T22:29:26.224+0000] {logging_mixin.py:154} INFO - [2023-12-01T22:29:26.224+0000] {dag.py:3722} INFO - Setting next_dagrun for example_setup_teardown_taskflow to 2023-11-30T22:29:26.223922+00:00, run_after=2023-12-01T22:29:26.223922+00:00
[2023-12-01T22:29:26.237+0000] {processor.py:179} INFO - Processing /home/airflow/.local/lib/python3.8/site-packages/airflow/example_dags/example_setup_teardown_taskflow.py took 0.052 seconds
[2023-12-01T22:29:56.470+0000] {processor.py:157} INFO - Started process (PID=959) to work on /home/airflow/.local/lib/python3.8/site-packages/airflow/example_dags/example_setup_teardown_taskflow.py
[2023-12-01T22:29:56.470+0000] {processor.py:829} INFO - Processing file /home/airflow/.local/lib/python3.8/site-packages/airflow/example_dags/example_setup_teardown_taskflow.py for tasks to queue
[2023-12-01T22:29:56.472+0000] {logging_mixin.py:154} INFO - [2023-12-01T22:29:56.472+0000] {dagbag.py:536} INFO - Filling up the DagBag from /home/airflow/.local/lib/python3.8/site-packages/airflow/example_dags/example_setup_teardown_taskflow.py
[2023-12-01T22:29:56.478+0000] {processor.py:839} INFO - DAG(s) dict_keys(['example_setup_teardown_taskflow']) retrieved from /home/airflow/.local/lib/python3.8/site-packages/airflow/example_dags/example_setup_teardown_taskflow.py
[2023-12-01T22:29:56.491+0000] {logging_mixin.py:154} INFO - [2023-12-01T22:29:56.490+0000] {dag.py:2941} INFO - Sync 1 DAGs
[2023-12-01T22:29:56.505+0000] {logging_mixin.py:154} INFO - [2023-12-01T22:29:56.505+0000] {dag.py:3722} INFO - Setting next_dagrun for example_setup_teardown_taskflow to 2023-11-30T22:29:56.505008+00:00, run_after=2023-12-01T22:29:56.505008+00:00
[2023-12-01T22:29:56.518+0000] {processor.py:179} INFO - Processing /home/airflow/.local/lib/python3.8/site-packages/airflow/example_dags/example_setup_teardown_taskflow.py took 0.050 seconds
[2023-12-01T22:30:26.592+0000] {processor.py:157} INFO - Started process (PID=1013) to work on /home/airflow/.local/lib/python3.8/site-packages/airflow/example_dags/example_setup_teardown_taskflow.py
[2023-12-01T22:30:26.592+0000] {processor.py:829} INFO - Processing file /home/airflow/.local/lib/python3.8/site-packages/airflow/example_dags/example_setup_teardown_taskflow.py for tasks to queue
[2023-12-01T22:30:26.594+0000] {logging_mixin.py:154} INFO - [2023-12-01T22:30:26.594+0000] {dagbag.py:536} INFO - Filling up the DagBag from /home/airflow/.local/lib/python3.8/site-packages/airflow/example_dags/example_setup_teardown_taskflow.py
[2023-12-01T22:30:26.601+0000] {processor.py:839} INFO - DAG(s) dict_keys(['example_setup_teardown_taskflow']) retrieved from /home/airflow/.local/lib/python3.8/site-packages/airflow/example_dags/example_setup_teardown_taskflow.py
[2023-12-01T22:30:26.614+0000] {logging_mixin.py:154} INFO - [2023-12-01T22:30:26.614+0000] {dag.py:2941} INFO - Sync 1 DAGs
[2023-12-01T22:30:26.628+0000] {logging_mixin.py:154} INFO - [2023-12-01T22:30:26.628+0000] {dag.py:3722} INFO - Setting next_dagrun for example_setup_teardown_taskflow to 2023-11-30T22:30:26.628600+00:00, run_after=2023-12-01T22:30:26.628600+00:00
[2023-12-01T22:30:26.641+0000] {processor.py:179} INFO - Processing /home/airflow/.local/lib/python3.8/site-packages/airflow/example_dags/example_setup_teardown_taskflow.py took 0.052 seconds
[2023-12-01T22:30:56.798+0000] {processor.py:157} INFO - Started process (PID=1067) to work on /home/airflow/.local/lib/python3.8/site-packages/airflow/example_dags/example_setup_teardown_taskflow.py
[2023-12-01T22:30:56.799+0000] {processor.py:829} INFO - Processing file /home/airflow/.local/lib/python3.8/site-packages/airflow/example_dags/example_setup_teardown_taskflow.py for tasks to queue
[2023-12-01T22:30:56.801+0000] {logging_mixin.py:154} INFO - [2023-12-01T22:30:56.800+0000] {dagbag.py:536} INFO - Filling up the DagBag from /home/airflow/.local/lib/python3.8/site-packages/airflow/example_dags/example_setup_teardown_taskflow.py
[2023-12-01T22:30:56.807+0000] {processor.py:839} INFO - DAG(s) dict_keys(['example_setup_teardown_taskflow']) retrieved from /home/airflow/.local/lib/python3.8/site-packages/airflow/example_dags/example_setup_teardown_taskflow.py
[2023-12-01T22:30:56.820+0000] {logging_mixin.py:154} INFO - [2023-12-01T22:30:56.820+0000] {dag.py:2941} INFO - Sync 1 DAGs
[2023-12-01T22:30:56.834+0000] {logging_mixin.py:154} INFO - [2023-12-01T22:30:56.834+0000] {dag.py:3722} INFO - Setting next_dagrun for example_setup_teardown_taskflow to 2023-11-30T22:30:56.834408+00:00, run_after=2023-12-01T22:30:56.834408+00:00
[2023-12-01T22:30:56.848+0000] {processor.py:179} INFO - Processing /home/airflow/.local/lib/python3.8/site-packages/airflow/example_dags/example_setup_teardown_taskflow.py took 0.051 seconds
[2023-12-01T22:31:26.937+0000] {processor.py:157} INFO - Started process (PID=1122) to work on /home/airflow/.local/lib/python3.8/site-packages/airflow/example_dags/example_setup_teardown_taskflow.py
[2023-12-01T22:31:26.938+0000] {processor.py:829} INFO - Processing file /home/airflow/.local/lib/python3.8/site-packages/airflow/example_dags/example_setup_teardown_taskflow.py for tasks to queue
[2023-12-01T22:31:26.940+0000] {logging_mixin.py:154} INFO - [2023-12-01T22:31:26.940+0000] {dagbag.py:536} INFO - Filling up the DagBag from /home/airflow/.local/lib/python3.8/site-packages/airflow/example_dags/example_setup_teardown_taskflow.py
[2023-12-01T22:31:26.946+0000] {processor.py:839} INFO - DAG(s) dict_keys(['example_setup_teardown_taskflow']) retrieved from /home/airflow/.local/lib/python3.8/site-packages/airflow/example_dags/example_setup_teardown_taskflow.py
[2023-12-01T22:31:26.960+0000] {logging_mixin.py:154} INFO - [2023-12-01T22:31:26.960+0000] {dag.py:2941} INFO - Sync 1 DAGs
[2023-12-01T22:31:26.975+0000] {logging_mixin.py:154} INFO - [2023-12-01T22:31:26.975+0000] {dag.py:3722} INFO - Setting next_dagrun for example_setup_teardown_taskflow to 2023-11-30T22:31:26.975248+00:00, run_after=2023-12-01T22:31:26.975248+00:00
[2023-12-01T22:31:26.988+0000] {processor.py:179} INFO - Processing /home/airflow/.local/lib/python3.8/site-packages/airflow/example_dags/example_setup_teardown_taskflow.py took 0.053 seconds
[2023-12-01T22:31:57.018+0000] {processor.py:157} INFO - Started process (PID=1176) to work on /home/airflow/.local/lib/python3.8/site-packages/airflow/example_dags/example_setup_teardown_taskflow.py
[2023-12-01T22:31:57.019+0000] {processor.py:829} INFO - Processing file /home/airflow/.local/lib/python3.8/site-packages/airflow/example_dags/example_setup_teardown_taskflow.py for tasks to queue
[2023-12-01T22:31:57.021+0000] {logging_mixin.py:154} INFO - [2023-12-01T22:31:57.021+0000] {dagbag.py:536} INFO - Filling up the DagBag from /home/airflow/.local/lib/python3.8/site-packages/airflow/example_dags/example_setup_teardown_taskflow.py
[2023-12-01T22:31:57.028+0000] {processor.py:839} INFO - DAG(s) dict_keys(['example_setup_teardown_taskflow']) retrieved from /home/airflow/.local/lib/python3.8/site-packages/airflow/example_dags/example_setup_teardown_taskflow.py
[2023-12-01T22:31:57.045+0000] {logging_mixin.py:154} INFO - [2023-12-01T22:31:57.044+0000] {dag.py:2941} INFO - Sync 1 DAGs
[2023-12-01T22:31:57.061+0000] {logging_mixin.py:154} INFO - [2023-12-01T22:31:57.061+0000] {dag.py:3722} INFO - Setting next_dagrun for example_setup_teardown_taskflow to 2023-11-30T22:31:57.060888+00:00, run_after=2023-12-01T22:31:57.060888+00:00
[2023-12-01T22:31:57.075+0000] {processor.py:179} INFO - Processing /home/airflow/.local/lib/python3.8/site-packages/airflow/example_dags/example_setup_teardown_taskflow.py took 0.059 seconds
[2023-12-01T22:32:27.139+0000] {processor.py:157} INFO - Started process (PID=1229) to work on /home/airflow/.local/lib/python3.8/site-packages/airflow/example_dags/example_setup_teardown_taskflow.py
[2023-12-01T22:32:27.140+0000] {processor.py:829} INFO - Processing file /home/airflow/.local/lib/python3.8/site-packages/airflow/example_dags/example_setup_teardown_taskflow.py for tasks to queue
[2023-12-01T22:32:27.141+0000] {logging_mixin.py:154} INFO - [2023-12-01T22:32:27.141+0000] {dagbag.py:536} INFO - Filling up the DagBag from /home/airflow/.local/lib/python3.8/site-packages/airflow/example_dags/example_setup_teardown_taskflow.py
[2023-12-01T22:32:27.149+0000] {processor.py:839} INFO - DAG(s) dict_keys(['example_setup_teardown_taskflow']) retrieved from /home/airflow/.local/lib/python3.8/site-packages/airflow/example_dags/example_setup_teardown_taskflow.py
[2023-12-01T22:32:27.167+0000] {logging_mixin.py:154} INFO - [2023-12-01T22:32:27.167+0000] {dag.py:2941} INFO - Sync 1 DAGs
[2023-12-01T22:32:27.183+0000] {logging_mixin.py:154} INFO - [2023-12-01T22:32:27.183+0000] {dag.py:3722} INFO - Setting next_dagrun for example_setup_teardown_taskflow to 2023-11-30T22:32:27.183138+00:00, run_after=2023-12-01T22:32:27.183138+00:00
[2023-12-01T22:32:27.196+0000] {processor.py:179} INFO - Processing /home/airflow/.local/lib/python3.8/site-packages/airflow/example_dags/example_setup_teardown_taskflow.py took 0.060 seconds
[2023-12-01T22:32:57.492+0000] {processor.py:157} INFO - Started process (PID=1283) to work on /home/airflow/.local/lib/python3.8/site-packages/airflow/example_dags/example_setup_teardown_taskflow.py
[2023-12-01T22:32:57.493+0000] {processor.py:829} INFO - Processing file /home/airflow/.local/lib/python3.8/site-packages/airflow/example_dags/example_setup_teardown_taskflow.py for tasks to queue
[2023-12-01T22:32:57.495+0000] {logging_mixin.py:154} INFO - [2023-12-01T22:32:57.495+0000] {dagbag.py:536} INFO - Filling up the DagBag from /home/airflow/.local/lib/python3.8/site-packages/airflow/example_dags/example_setup_teardown_taskflow.py
[2023-12-01T22:32:57.503+0000] {processor.py:839} INFO - DAG(s) dict_keys(['example_setup_teardown_taskflow']) retrieved from /home/airflow/.local/lib/python3.8/site-packages/airflow/example_dags/example_setup_teardown_taskflow.py
[2023-12-01T22:32:57.523+0000] {logging_mixin.py:154} INFO - [2023-12-01T22:32:57.523+0000] {dag.py:2941} INFO - Sync 1 DAGs
[2023-12-01T22:32:57.543+0000] {logging_mixin.py:154} INFO - [2023-12-01T22:32:57.543+0000] {dag.py:3722} INFO - Setting next_dagrun for example_setup_teardown_taskflow to 2023-11-30T22:32:57.542955+00:00, run_after=2023-12-01T22:32:57.542955+00:00
[2023-12-01T22:32:57.565+0000] {processor.py:179} INFO - Processing /home/airflow/.local/lib/python3.8/site-packages/airflow/example_dags/example_setup_teardown_taskflow.py took 0.076 seconds
[2023-12-01T22:33:27.660+0000] {processor.py:157} INFO - Started process (PID=1338) to work on /home/airflow/.local/lib/python3.8/site-packages/airflow/example_dags/example_setup_teardown_taskflow.py
[2023-12-01T22:33:27.661+0000] {processor.py:829} INFO - Processing file /home/airflow/.local/lib/python3.8/site-packages/airflow/example_dags/example_setup_teardown_taskflow.py for tasks to queue
[2023-12-01T22:33:27.664+0000] {logging_mixin.py:154} INFO - [2023-12-01T22:33:27.663+0000] {dagbag.py:536} INFO - Filling up the DagBag from /home/airflow/.local/lib/python3.8/site-packages/airflow/example_dags/example_setup_teardown_taskflow.py
[2023-12-01T22:33:27.675+0000] {processor.py:839} INFO - DAG(s) dict_keys(['example_setup_teardown_taskflow']) retrieved from /home/airflow/.local/lib/python3.8/site-packages/airflow/example_dags/example_setup_teardown_taskflow.py
[2023-12-01T22:33:27.693+0000] {logging_mixin.py:154} INFO - [2023-12-01T22:33:27.693+0000] {dag.py:2941} INFO - Sync 1 DAGs
[2023-12-01T22:33:27.718+0000] {logging_mixin.py:154} INFO - [2023-12-01T22:33:27.718+0000] {dag.py:3722} INFO - Setting next_dagrun for example_setup_teardown_taskflow to 2023-11-30T22:33:27.718107+00:00, run_after=2023-12-01T22:33:27.718107+00:00
[2023-12-01T22:33:27.732+0000] {processor.py:179} INFO - Processing /home/airflow/.local/lib/python3.8/site-packages/airflow/example_dags/example_setup_teardown_taskflow.py took 0.075 seconds
[2023-12-01T22:33:58.101+0000] {processor.py:157} INFO - Started process (PID=1392) to work on /home/airflow/.local/lib/python3.8/site-packages/airflow/example_dags/example_setup_teardown_taskflow.py
[2023-12-01T22:33:58.102+0000] {processor.py:829} INFO - Processing file /home/airflow/.local/lib/python3.8/site-packages/airflow/example_dags/example_setup_teardown_taskflow.py for tasks to queue
[2023-12-01T22:33:58.104+0000] {logging_mixin.py:154} INFO - [2023-12-01T22:33:58.103+0000] {dagbag.py:536} INFO - Filling up the DagBag from /home/airflow/.local/lib/python3.8/site-packages/airflow/example_dags/example_setup_teardown_taskflow.py
[2023-12-01T22:33:58.110+0000] {processor.py:839} INFO - DAG(s) dict_keys(['example_setup_teardown_taskflow']) retrieved from /home/airflow/.local/lib/python3.8/site-packages/airflow/example_dags/example_setup_teardown_taskflow.py
[2023-12-01T22:33:58.130+0000] {logging_mixin.py:154} INFO - [2023-12-01T22:33:58.129+0000] {dag.py:2941} INFO - Sync 1 DAGs
[2023-12-01T22:33:58.147+0000] {logging_mixin.py:154} INFO - [2023-12-01T22:33:58.147+0000] {dag.py:3722} INFO - Setting next_dagrun for example_setup_teardown_taskflow to 2023-11-30T22:33:58.147519+00:00, run_after=2023-12-01T22:33:58.147519+00:00
[2023-12-01T22:33:58.164+0000] {processor.py:179} INFO - Processing /home/airflow/.local/lib/python3.8/site-packages/airflow/example_dags/example_setup_teardown_taskflow.py took 0.066 seconds
[2023-12-01T22:34:28.403+0000] {processor.py:157} INFO - Started process (PID=1446) to work on /home/airflow/.local/lib/python3.8/site-packages/airflow/example_dags/example_setup_teardown_taskflow.py
[2023-12-01T22:34:28.405+0000] {processor.py:829} INFO - Processing file /home/airflow/.local/lib/python3.8/site-packages/airflow/example_dags/example_setup_teardown_taskflow.py for tasks to queue
[2023-12-01T22:34:28.407+0000] {logging_mixin.py:154} INFO - [2023-12-01T22:34:28.407+0000] {dagbag.py:536} INFO - Filling up the DagBag from /home/airflow/.local/lib/python3.8/site-packages/airflow/example_dags/example_setup_teardown_taskflow.py
[2023-12-01T22:34:28.417+0000] {processor.py:839} INFO - DAG(s) dict_keys(['example_setup_teardown_taskflow']) retrieved from /home/airflow/.local/lib/python3.8/site-packages/airflow/example_dags/example_setup_teardown_taskflow.py
[2023-12-01T22:34:28.438+0000] {logging_mixin.py:154} INFO - [2023-12-01T22:34:28.437+0000] {dag.py:2941} INFO - Sync 1 DAGs
[2023-12-01T22:34:28.460+0000] {logging_mixin.py:154} INFO - [2023-12-01T22:34:28.460+0000] {dag.py:3722} INFO - Setting next_dagrun for example_setup_teardown_taskflow to 2023-11-30T22:34:28.460169+00:00, run_after=2023-12-01T22:34:28.460169+00:00
[2023-12-01T22:34:28.480+0000] {processor.py:179} INFO - Processing /home/airflow/.local/lib/python3.8/site-packages/airflow/example_dags/example_setup_teardown_taskflow.py took 0.080 seconds
[2023-12-01T22:34:59.138+0000] {processor.py:157} INFO - Started process (PID=1500) to work on /home/airflow/.local/lib/python3.8/site-packages/airflow/example_dags/example_setup_teardown_taskflow.py
[2023-12-01T22:34:59.139+0000] {processor.py:829} INFO - Processing file /home/airflow/.local/lib/python3.8/site-packages/airflow/example_dags/example_setup_teardown_taskflow.py for tasks to queue
[2023-12-01T22:34:59.140+0000] {logging_mixin.py:154} INFO - [2023-12-01T22:34:59.140+0000] {dagbag.py:536} INFO - Filling up the DagBag from /home/airflow/.local/lib/python3.8/site-packages/airflow/example_dags/example_setup_teardown_taskflow.py
[2023-12-01T22:34:59.148+0000] {processor.py:839} INFO - DAG(s) dict_keys(['example_setup_teardown_taskflow']) retrieved from /home/airflow/.local/lib/python3.8/site-packages/airflow/example_dags/example_setup_teardown_taskflow.py
[2023-12-01T22:34:59.165+0000] {logging_mixin.py:154} INFO - [2023-12-01T22:34:59.165+0000] {dag.py:2941} INFO - Sync 1 DAGs
[2023-12-01T22:34:59.184+0000] {logging_mixin.py:154} INFO - [2023-12-01T22:34:59.183+0000] {dag.py:3722} INFO - Setting next_dagrun for example_setup_teardown_taskflow to 2023-11-30T22:34:59.183079+00:00, run_after=2023-12-01T22:34:59.183079+00:00
[2023-12-01T22:34:59.201+0000] {processor.py:179} INFO - Processing /home/airflow/.local/lib/python3.8/site-packages/airflow/example_dags/example_setup_teardown_taskflow.py took 0.065 seconds
[2023-12-01T22:35:29.605+0000] {processor.py:157} INFO - Started process (PID=1554) to work on /home/airflow/.local/lib/python3.8/site-packages/airflow/example_dags/example_setup_teardown_taskflow.py
[2023-12-01T22:35:29.606+0000] {processor.py:829} INFO - Processing file /home/airflow/.local/lib/python3.8/site-packages/airflow/example_dags/example_setup_teardown_taskflow.py for tasks to queue
[2023-12-01T22:35:29.607+0000] {logging_mixin.py:154} INFO - [2023-12-01T22:35:29.607+0000] {dagbag.py:536} INFO - Filling up the DagBag from /home/airflow/.local/lib/python3.8/site-packages/airflow/example_dags/example_setup_teardown_taskflow.py
[2023-12-01T22:35:29.614+0000] {processor.py:839} INFO - DAG(s) dict_keys(['example_setup_teardown_taskflow']) retrieved from /home/airflow/.local/lib/python3.8/site-packages/airflow/example_dags/example_setup_teardown_taskflow.py
[2023-12-01T22:35:29.628+0000] {logging_mixin.py:154} INFO - [2023-12-01T22:35:29.628+0000] {dag.py:2941} INFO - Sync 1 DAGs
[2023-12-01T22:35:29.647+0000] {logging_mixin.py:154} INFO - [2023-12-01T22:35:29.647+0000] {dag.py:3722} INFO - Setting next_dagrun for example_setup_teardown_taskflow to 2023-11-30T22:35:29.646962+00:00, run_after=2023-12-01T22:35:29.646962+00:00
[2023-12-01T22:35:29.664+0000] {processor.py:179} INFO - Processing /home/airflow/.local/lib/python3.8/site-packages/airflow/example_dags/example_setup_teardown_taskflow.py took 0.061 seconds
[2023-12-01T22:38:28.349+0000] {processor.py:157} INFO - Started process (PID=40) to work on /home/airflow/.local/lib/python3.8/site-packages/airflow/example_dags/example_setup_teardown_taskflow.py
[2023-12-01T22:38:28.350+0000] {processor.py:829} INFO - Processing file /home/airflow/.local/lib/python3.8/site-packages/airflow/example_dags/example_setup_teardown_taskflow.py for tasks to queue
[2023-12-01T22:38:28.353+0000] {logging_mixin.py:154} INFO - [2023-12-01T22:38:28.353+0000] {dagbag.py:536} INFO - Filling up the DagBag from /home/airflow/.local/lib/python3.8/site-packages/airflow/example_dags/example_setup_teardown_taskflow.py
[2023-12-01T22:38:28.365+0000] {processor.py:839} INFO - DAG(s) dict_keys(['example_setup_teardown_taskflow']) retrieved from /home/airflow/.local/lib/python3.8/site-packages/airflow/example_dags/example_setup_teardown_taskflow.py
[2023-12-01T22:38:28.378+0000] {logging_mixin.py:154} INFO - [2023-12-01T22:38:28.378+0000] {dag.py:2941} INFO - Sync 1 DAGs
[2023-12-01T22:38:28.423+0000] {logging_mixin.py:154} INFO - [2023-12-01T22:38:28.423+0000] {dag.py:3722} INFO - Setting next_dagrun for example_setup_teardown_taskflow to 2023-11-30T22:38:28.423004+00:00, run_after=2023-12-01T22:38:28.423004+00:00
[2023-12-01T22:38:28.455+0000] {processor.py:179} INFO - Processing /home/airflow/.local/lib/python3.8/site-packages/airflow/example_dags/example_setup_teardown_taskflow.py took 0.110 seconds
[2023-12-01T22:38:59.294+0000] {processor.py:157} INFO - Started process (PID=94) to work on /home/airflow/.local/lib/python3.8/site-packages/airflow/example_dags/example_setup_teardown_taskflow.py
[2023-12-01T22:38:59.295+0000] {processor.py:829} INFO - Processing file /home/airflow/.local/lib/python3.8/site-packages/airflow/example_dags/example_setup_teardown_taskflow.py for tasks to queue
[2023-12-01T22:38:59.297+0000] {logging_mixin.py:154} INFO - [2023-12-01T22:38:59.297+0000] {dagbag.py:536} INFO - Filling up the DagBag from /home/airflow/.local/lib/python3.8/site-packages/airflow/example_dags/example_setup_teardown_taskflow.py
[2023-12-01T22:38:59.304+0000] {processor.py:839} INFO - DAG(s) dict_keys(['example_setup_teardown_taskflow']) retrieved from /home/airflow/.local/lib/python3.8/site-packages/airflow/example_dags/example_setup_teardown_taskflow.py
[2023-12-01T22:38:59.320+0000] {logging_mixin.py:154} INFO - [2023-12-01T22:38:59.320+0000] {dag.py:2941} INFO - Sync 1 DAGs
[2023-12-01T22:38:59.336+0000] {logging_mixin.py:154} INFO - [2023-12-01T22:38:59.336+0000] {dag.py:3722} INFO - Setting next_dagrun for example_setup_teardown_taskflow to 2023-11-30T22:38:59.335864+00:00, run_after=2023-12-01T22:38:59.335864+00:00
[2023-12-01T22:38:59.363+0000] {processor.py:179} INFO - Processing /home/airflow/.local/lib/python3.8/site-packages/airflow/example_dags/example_setup_teardown_taskflow.py took 0.071 seconds
[2023-12-01T22:39:29.807+0000] {processor.py:157} INFO - Started process (PID=148) to work on /home/airflow/.local/lib/python3.8/site-packages/airflow/example_dags/example_setup_teardown_taskflow.py
[2023-12-01T22:39:29.808+0000] {processor.py:829} INFO - Processing file /home/airflow/.local/lib/python3.8/site-packages/airflow/example_dags/example_setup_teardown_taskflow.py for tasks to queue
[2023-12-01T22:39:29.810+0000] {logging_mixin.py:154} INFO - [2023-12-01T22:39:29.809+0000] {dagbag.py:536} INFO - Filling up the DagBag from /home/airflow/.local/lib/python3.8/site-packages/airflow/example_dags/example_setup_teardown_taskflow.py
[2023-12-01T22:39:29.817+0000] {processor.py:839} INFO - DAG(s) dict_keys(['example_setup_teardown_taskflow']) retrieved from /home/airflow/.local/lib/python3.8/site-packages/airflow/example_dags/example_setup_teardown_taskflow.py
[2023-12-01T22:39:29.834+0000] {logging_mixin.py:154} INFO - [2023-12-01T22:39:29.834+0000] {dag.py:2941} INFO - Sync 1 DAGs
[2023-12-01T22:39:29.854+0000] {logging_mixin.py:154} INFO - [2023-12-01T22:39:29.853+0000] {dag.py:3722} INFO - Setting next_dagrun for example_setup_teardown_taskflow to 2023-11-30T22:39:29.853798+00:00, run_after=2023-12-01T22:39:29.853798+00:00
[2023-12-01T22:39:29.870+0000] {processor.py:179} INFO - Processing /home/airflow/.local/lib/python3.8/site-packages/airflow/example_dags/example_setup_teardown_taskflow.py took 0.066 seconds
[2023-12-01T22:40:00.425+0000] {processor.py:157} INFO - Started process (PID=202) to work on /home/airflow/.local/lib/python3.8/site-packages/airflow/example_dags/example_setup_teardown_taskflow.py
[2023-12-01T22:40:00.426+0000] {processor.py:829} INFO - Processing file /home/airflow/.local/lib/python3.8/site-packages/airflow/example_dags/example_setup_teardown_taskflow.py for tasks to queue
[2023-12-01T22:40:00.428+0000] {logging_mixin.py:154} INFO - [2023-12-01T22:40:00.428+0000] {dagbag.py:536} INFO - Filling up the DagBag from /home/airflow/.local/lib/python3.8/site-packages/airflow/example_dags/example_setup_teardown_taskflow.py
[2023-12-01T22:40:00.436+0000] {processor.py:839} INFO - DAG(s) dict_keys(['example_setup_teardown_taskflow']) retrieved from /home/airflow/.local/lib/python3.8/site-packages/airflow/example_dags/example_setup_teardown_taskflow.py
[2023-12-01T22:40:00.454+0000] {logging_mixin.py:154} INFO - [2023-12-01T22:40:00.454+0000] {dag.py:2941} INFO - Sync 1 DAGs
[2023-12-01T22:40:00.476+0000] {logging_mixin.py:154} INFO - [2023-12-01T22:40:00.476+0000] {dag.py:3722} INFO - Setting next_dagrun for example_setup_teardown_taskflow to 2023-11-30T22:40:00.476132+00:00, run_after=2023-12-01T22:40:00.476132+00:00
[2023-12-01T22:40:00.496+0000] {processor.py:179} INFO - Processing /home/airflow/.local/lib/python3.8/site-packages/airflow/example_dags/example_setup_teardown_taskflow.py took 0.073 seconds
[2023-12-01T22:40:30.801+0000] {processor.py:157} INFO - Started process (PID=256) to work on /home/airflow/.local/lib/python3.8/site-packages/airflow/example_dags/example_setup_teardown_taskflow.py
[2023-12-01T22:40:30.802+0000] {processor.py:829} INFO - Processing file /home/airflow/.local/lib/python3.8/site-packages/airflow/example_dags/example_setup_teardown_taskflow.py for tasks to queue
[2023-12-01T22:40:30.804+0000] {logging_mixin.py:154} INFO - [2023-12-01T22:40:30.803+0000] {dagbag.py:536} INFO - Filling up the DagBag from /home/airflow/.local/lib/python3.8/site-packages/airflow/example_dags/example_setup_teardown_taskflow.py
[2023-12-01T22:40:30.811+0000] {processor.py:839} INFO - DAG(s) dict_keys(['example_setup_teardown_taskflow']) retrieved from /home/airflow/.local/lib/python3.8/site-packages/airflow/example_dags/example_setup_teardown_taskflow.py
[2023-12-01T22:40:30.827+0000] {logging_mixin.py:154} INFO - [2023-12-01T22:40:30.827+0000] {dag.py:2941} INFO - Sync 1 DAGs
[2023-12-01T22:40:30.844+0000] {logging_mixin.py:154} INFO - [2023-12-01T22:40:30.844+0000] {dag.py:3722} INFO - Setting next_dagrun for example_setup_teardown_taskflow to 2023-11-30T22:40:30.843995+00:00, run_after=2023-12-01T22:40:30.843995+00:00
[2023-12-01T22:40:30.859+0000] {processor.py:179} INFO - Processing /home/airflow/.local/lib/python3.8/site-packages/airflow/example_dags/example_setup_teardown_taskflow.py took 0.060 seconds
[2023-12-01T22:41:01.396+0000] {processor.py:157} INFO - Started process (PID=310) to work on /home/airflow/.local/lib/python3.8/site-packages/airflow/example_dags/example_setup_teardown_taskflow.py
[2023-12-01T22:41:01.397+0000] {processor.py:829} INFO - Processing file /home/airflow/.local/lib/python3.8/site-packages/airflow/example_dags/example_setup_teardown_taskflow.py for tasks to queue
[2023-12-01T22:41:01.400+0000] {logging_mixin.py:154} INFO - [2023-12-01T22:41:01.399+0000] {dagbag.py:536} INFO - Filling up the DagBag from /home/airflow/.local/lib/python3.8/site-packages/airflow/example_dags/example_setup_teardown_taskflow.py
[2023-12-01T22:41:01.407+0000] {processor.py:839} INFO - DAG(s) dict_keys(['example_setup_teardown_taskflow']) retrieved from /home/airflow/.local/lib/python3.8/site-packages/airflow/example_dags/example_setup_teardown_taskflow.py
[2023-12-01T22:41:01.423+0000] {logging_mixin.py:154} INFO - [2023-12-01T22:41:01.423+0000] {dag.py:2941} INFO - Sync 1 DAGs
[2023-12-01T22:41:01.445+0000] {logging_mixin.py:154} INFO - [2023-12-01T22:41:01.445+0000] {dag.py:3722} INFO - Setting next_dagrun for example_setup_teardown_taskflow to 2023-11-30T22:41:01.445498+00:00, run_after=2023-12-01T22:41:01.445498+00:00
[2023-12-01T22:41:01.462+0000] {processor.py:179} INFO - Processing /home/airflow/.local/lib/python3.8/site-packages/airflow/example_dags/example_setup_teardown_taskflow.py took 0.069 seconds
[2023-12-01T22:41:31.963+0000] {processor.py:157} INFO - Started process (PID=364) to work on /home/airflow/.local/lib/python3.8/site-packages/airflow/example_dags/example_setup_teardown_taskflow.py
[2023-12-01T22:41:31.965+0000] {processor.py:829} INFO - Processing file /home/airflow/.local/lib/python3.8/site-packages/airflow/example_dags/example_setup_teardown_taskflow.py for tasks to queue
[2023-12-01T22:41:31.967+0000] {logging_mixin.py:154} INFO - [2023-12-01T22:41:31.966+0000] {dagbag.py:536} INFO - Filling up the DagBag from /home/airflow/.local/lib/python3.8/site-packages/airflow/example_dags/example_setup_teardown_taskflow.py
[2023-12-01T22:41:31.977+0000] {processor.py:839} INFO - DAG(s) dict_keys(['example_setup_teardown_taskflow']) retrieved from /home/airflow/.local/lib/python3.8/site-packages/airflow/example_dags/example_setup_teardown_taskflow.py
[2023-12-01T22:41:32.003+0000] {logging_mixin.py:154} INFO - [2023-12-01T22:41:32.002+0000] {dag.py:2941} INFO - Sync 1 DAGs
[2023-12-01T22:41:32.031+0000] {logging_mixin.py:154} INFO - [2023-12-01T22:41:32.031+0000] {dag.py:3722} INFO - Setting next_dagrun for example_setup_teardown_taskflow to 2023-11-30T22:41:32.030963+00:00, run_after=2023-12-01T22:41:32.030963+00:00
[2023-12-01T22:41:32.057+0000] {processor.py:179} INFO - Processing /home/airflow/.local/lib/python3.8/site-packages/airflow/example_dags/example_setup_teardown_taskflow.py took 0.097 seconds
