[2023-12-01T22:13:42.048+0000] {processor.py:157} INFO - Started process (PID=59) to work on /home/airflow/.local/lib/python3.8/site-packages/airflow/example_dags/example_branch_python_dop_operator_3.py
[2023-12-01T22:13:42.050+0000] {processor.py:829} INFO - Processing file /home/airflow/.local/lib/python3.8/site-packages/airflow/example_dags/example_branch_python_dop_operator_3.py for tasks to queue
[2023-12-01T22:13:42.053+0000] {logging_mixin.py:154} INFO - [2023-12-01T22:13:42.052+0000] {dagbag.py:536} INFO - Filling up the DagBag from /home/airflow/.local/lib/python3.8/site-packages/airflow/example_dags/example_branch_python_dop_operator_3.py
[2023-12-01T22:13:42.063+0000] {processor.py:839} INFO - DAG(s) dict_keys(['example_branch_dop_operator_v3']) retrieved from /home/airflow/.local/lib/python3.8/site-packages/airflow/example_dags/example_branch_python_dop_operator_3.py
[2023-12-01T22:13:42.082+0000] {logging_mixin.py:154} INFO - [2023-12-01T22:13:42.082+0000] {dag.py:2941} INFO - Sync 1 DAGs
[2023-12-01T22:13:42.118+0000] {logging_mixin.py:154} INFO - [2023-12-01T22:13:42.118+0000] {dag.py:3722} INFO - Setting next_dagrun for example_branch_dop_operator_v3 to 2023-12-01T22:12:00+00:00, run_after=2023-12-01T22:13:00+00:00
[2023-12-01T22:13:42.143+0000] {processor.py:179} INFO - Processing /home/airflow/.local/lib/python3.8/site-packages/airflow/example_dags/example_branch_python_dop_operator_3.py took 0.099 seconds
[2023-12-01T22:19:41.358+0000] {processor.py:157} INFO - Started process (PID=57) to work on /home/airflow/.local/lib/python3.8/site-packages/airflow/example_dags/example_branch_python_dop_operator_3.py
[2023-12-01T22:19:41.360+0000] {processor.py:829} INFO - Processing file /home/airflow/.local/lib/python3.8/site-packages/airflow/example_dags/example_branch_python_dop_operator_3.py for tasks to queue
[2023-12-01T22:19:41.363+0000] {logging_mixin.py:154} INFO - [2023-12-01T22:19:41.363+0000] {dagbag.py:536} INFO - Filling up the DagBag from /home/airflow/.local/lib/python3.8/site-packages/airflow/example_dags/example_branch_python_dop_operator_3.py
[2023-12-01T22:19:41.375+0000] {processor.py:839} INFO - DAG(s) dict_keys(['example_branch_dop_operator_v3']) retrieved from /home/airflow/.local/lib/python3.8/site-packages/airflow/example_dags/example_branch_python_dop_operator_3.py
[2023-12-01T22:19:41.393+0000] {logging_mixin.py:154} INFO - [2023-12-01T22:19:41.393+0000] {dag.py:2941} INFO - Sync 1 DAGs
[2023-12-01T22:19:41.419+0000] {logging_mixin.py:154} INFO - [2023-12-01T22:19:41.419+0000] {dag.py:3722} INFO - Setting next_dagrun for example_branch_dop_operator_v3 to 2023-12-01T22:18:00+00:00, run_after=2023-12-01T22:19:00+00:00
[2023-12-01T22:19:41.440+0000] {processor.py:179} INFO - Processing /home/airflow/.local/lib/python3.8/site-packages/airflow/example_dags/example_branch_python_dop_operator_3.py took 0.086 seconds
[2023-12-01T22:21:22.524+0000] {processor.py:157} INFO - Started process (PID=58) to work on /home/airflow/.local/lib/python3.8/site-packages/airflow/example_dags/example_branch_python_dop_operator_3.py
[2023-12-01T22:21:22.525+0000] {processor.py:829} INFO - Processing file /home/airflow/.local/lib/python3.8/site-packages/airflow/example_dags/example_branch_python_dop_operator_3.py for tasks to queue
[2023-12-01T22:21:22.528+0000] {logging_mixin.py:154} INFO - [2023-12-01T22:21:22.528+0000] {dagbag.py:536} INFO - Filling up the DagBag from /home/airflow/.local/lib/python3.8/site-packages/airflow/example_dags/example_branch_python_dop_operator_3.py
[2023-12-01T22:21:22.537+0000] {processor.py:839} INFO - DAG(s) dict_keys(['example_branch_dop_operator_v3']) retrieved from /home/airflow/.local/lib/python3.8/site-packages/airflow/example_dags/example_branch_python_dop_operator_3.py
[2023-12-01T22:21:22.548+0000] {logging_mixin.py:154} INFO - [2023-12-01T22:21:22.548+0000] {dag.py:2941} INFO - Sync 1 DAGs
[2023-12-01T22:21:22.577+0000] {logging_mixin.py:154} INFO - [2023-12-01T22:21:22.577+0000] {dag.py:3722} INFO - Setting next_dagrun for example_branch_dop_operator_v3 to 2023-12-01T22:20:00+00:00, run_after=2023-12-01T22:21:00+00:00
[2023-12-01T22:21:22.593+0000] {processor.py:179} INFO - Processing /home/airflow/.local/lib/python3.8/site-packages/airflow/example_dags/example_branch_python_dop_operator_3.py took 0.071 seconds
[2023-12-01T22:21:52.720+0000] {processor.py:157} INFO - Started process (PID=113) to work on /home/airflow/.local/lib/python3.8/site-packages/airflow/example_dags/example_branch_python_dop_operator_3.py
[2023-12-01T22:21:52.721+0000] {processor.py:829} INFO - Processing file /home/airflow/.local/lib/python3.8/site-packages/airflow/example_dags/example_branch_python_dop_operator_3.py for tasks to queue
[2023-12-01T22:21:52.724+0000] {logging_mixin.py:154} INFO - [2023-12-01T22:21:52.724+0000] {dagbag.py:536} INFO - Filling up the DagBag from /home/airflow/.local/lib/python3.8/site-packages/airflow/example_dags/example_branch_python_dop_operator_3.py
[2023-12-01T22:21:52.733+0000] {processor.py:839} INFO - DAG(s) dict_keys(['example_branch_dop_operator_v3']) retrieved from /home/airflow/.local/lib/python3.8/site-packages/airflow/example_dags/example_branch_python_dop_operator_3.py
[2023-12-01T22:21:52.766+0000] {logging_mixin.py:154} INFO - [2023-12-01T22:21:52.766+0000] {dag.py:2941} INFO - Sync 1 DAGs
[2023-12-01T22:21:52.793+0000] {logging_mixin.py:154} INFO - [2023-12-01T22:21:52.792+0000] {dag.py:3722} INFO - Setting next_dagrun for example_branch_dop_operator_v3 to 2023-12-01T22:20:00+00:00, run_after=2023-12-01T22:21:00+00:00
[2023-12-01T22:21:52.811+0000] {processor.py:179} INFO - Processing /home/airflow/.local/lib/python3.8/site-packages/airflow/example_dags/example_branch_python_dop_operator_3.py took 0.094 seconds
[2023-12-01T22:22:23.101+0000] {processor.py:157} INFO - Started process (PID=167) to work on /home/airflow/.local/lib/python3.8/site-packages/airflow/example_dags/example_branch_python_dop_operator_3.py
[2023-12-01T22:22:23.102+0000] {processor.py:829} INFO - Processing file /home/airflow/.local/lib/python3.8/site-packages/airflow/example_dags/example_branch_python_dop_operator_3.py for tasks to queue
[2023-12-01T22:22:23.103+0000] {logging_mixin.py:154} INFO - [2023-12-01T22:22:23.103+0000] {dagbag.py:536} INFO - Filling up the DagBag from /home/airflow/.local/lib/python3.8/site-packages/airflow/example_dags/example_branch_python_dop_operator_3.py
[2023-12-01T22:22:23.109+0000] {processor.py:839} INFO - DAG(s) dict_keys(['example_branch_dop_operator_v3']) retrieved from /home/airflow/.local/lib/python3.8/site-packages/airflow/example_dags/example_branch_python_dop_operator_3.py
[2023-12-01T22:22:23.122+0000] {logging_mixin.py:154} INFO - [2023-12-01T22:22:23.122+0000] {dag.py:2941} INFO - Sync 1 DAGs
[2023-12-01T22:22:23.141+0000] {logging_mixin.py:154} INFO - [2023-12-01T22:22:23.141+0000] {dag.py:3722} INFO - Setting next_dagrun for example_branch_dop_operator_v3 to 2023-12-01T22:21:00+00:00, run_after=2023-12-01T22:22:00+00:00
[2023-12-01T22:22:23.156+0000] {processor.py:179} INFO - Processing /home/airflow/.local/lib/python3.8/site-packages/airflow/example_dags/example_branch_python_dop_operator_3.py took 0.057 seconds
[2023-12-01T22:22:53.339+0000] {processor.py:157} INFO - Started process (PID=221) to work on /home/airflow/.local/lib/python3.8/site-packages/airflow/example_dags/example_branch_python_dop_operator_3.py
[2023-12-01T22:22:53.340+0000] {processor.py:829} INFO - Processing file /home/airflow/.local/lib/python3.8/site-packages/airflow/example_dags/example_branch_python_dop_operator_3.py for tasks to queue
[2023-12-01T22:22:53.342+0000] {logging_mixin.py:154} INFO - [2023-12-01T22:22:53.342+0000] {dagbag.py:536} INFO - Filling up the DagBag from /home/airflow/.local/lib/python3.8/site-packages/airflow/example_dags/example_branch_python_dop_operator_3.py
[2023-12-01T22:22:53.348+0000] {processor.py:839} INFO - DAG(s) dict_keys(['example_branch_dop_operator_v3']) retrieved from /home/airflow/.local/lib/python3.8/site-packages/airflow/example_dags/example_branch_python_dop_operator_3.py
[2023-12-01T22:22:53.363+0000] {logging_mixin.py:154} INFO - [2023-12-01T22:22:53.363+0000] {dag.py:2941} INFO - Sync 1 DAGs
[2023-12-01T22:22:53.384+0000] {logging_mixin.py:154} INFO - [2023-12-01T22:22:53.384+0000] {dag.py:3722} INFO - Setting next_dagrun for example_branch_dop_operator_v3 to 2023-12-01T22:21:00+00:00, run_after=2023-12-01T22:22:00+00:00
[2023-12-01T22:22:53.403+0000] {processor.py:179} INFO - Processing /home/airflow/.local/lib/python3.8/site-packages/airflow/example_dags/example_branch_python_dop_operator_3.py took 0.066 seconds
[2023-12-01T22:23:23.547+0000] {processor.py:157} INFO - Started process (PID=275) to work on /home/airflow/.local/lib/python3.8/site-packages/airflow/example_dags/example_branch_python_dop_operator_3.py
[2023-12-01T22:23:23.548+0000] {processor.py:829} INFO - Processing file /home/airflow/.local/lib/python3.8/site-packages/airflow/example_dags/example_branch_python_dop_operator_3.py for tasks to queue
[2023-12-01T22:23:23.550+0000] {logging_mixin.py:154} INFO - [2023-12-01T22:23:23.549+0000] {dagbag.py:536} INFO - Filling up the DagBag from /home/airflow/.local/lib/python3.8/site-packages/airflow/example_dags/example_branch_python_dop_operator_3.py
[2023-12-01T22:23:23.555+0000] {processor.py:839} INFO - DAG(s) dict_keys(['example_branch_dop_operator_v3']) retrieved from /home/airflow/.local/lib/python3.8/site-packages/airflow/example_dags/example_branch_python_dop_operator_3.py
[2023-12-01T22:23:23.569+0000] {logging_mixin.py:154} INFO - [2023-12-01T22:23:23.569+0000] {dag.py:2941} INFO - Sync 1 DAGs
[2023-12-01T22:23:23.588+0000] {logging_mixin.py:154} INFO - [2023-12-01T22:23:23.588+0000] {dag.py:3722} INFO - Setting next_dagrun for example_branch_dop_operator_v3 to 2023-12-01T22:22:00+00:00, run_after=2023-12-01T22:23:00+00:00
[2023-12-01T22:23:23.601+0000] {processor.py:179} INFO - Processing /home/airflow/.local/lib/python3.8/site-packages/airflow/example_dags/example_branch_python_dop_operator_3.py took 0.056 seconds
[2023-12-01T22:23:53.748+0000] {processor.py:157} INFO - Started process (PID=329) to work on /home/airflow/.local/lib/python3.8/site-packages/airflow/example_dags/example_branch_python_dop_operator_3.py
[2023-12-01T22:23:53.749+0000] {processor.py:829} INFO - Processing file /home/airflow/.local/lib/python3.8/site-packages/airflow/example_dags/example_branch_python_dop_operator_3.py for tasks to queue
[2023-12-01T22:23:53.751+0000] {logging_mixin.py:154} INFO - [2023-12-01T22:23:53.751+0000] {dagbag.py:536} INFO - Filling up the DagBag from /home/airflow/.local/lib/python3.8/site-packages/airflow/example_dags/example_branch_python_dop_operator_3.py
[2023-12-01T22:23:53.758+0000] {processor.py:839} INFO - DAG(s) dict_keys(['example_branch_dop_operator_v3']) retrieved from /home/airflow/.local/lib/python3.8/site-packages/airflow/example_dags/example_branch_python_dop_operator_3.py
[2023-12-01T22:23:53.773+0000] {logging_mixin.py:154} INFO - [2023-12-01T22:23:53.773+0000] {dag.py:2941} INFO - Sync 1 DAGs
[2023-12-01T22:23:53.793+0000] {logging_mixin.py:154} INFO - [2023-12-01T22:23:53.793+0000] {dag.py:3722} INFO - Setting next_dagrun for example_branch_dop_operator_v3 to 2023-12-01T22:22:00+00:00, run_after=2023-12-01T22:23:00+00:00
[2023-12-01T22:23:53.806+0000] {processor.py:179} INFO - Processing /home/airflow/.local/lib/python3.8/site-packages/airflow/example_dags/example_branch_python_dop_operator_3.py took 0.060 seconds
[2023-12-01T22:24:23.997+0000] {processor.py:157} INFO - Started process (PID=383) to work on /home/airflow/.local/lib/python3.8/site-packages/airflow/example_dags/example_branch_python_dop_operator_3.py
[2023-12-01T22:24:23.998+0000] {processor.py:829} INFO - Processing file /home/airflow/.local/lib/python3.8/site-packages/airflow/example_dags/example_branch_python_dop_operator_3.py for tasks to queue
[2023-12-01T22:24:24.000+0000] {logging_mixin.py:154} INFO - [2023-12-01T22:24:23.999+0000] {dagbag.py:536} INFO - Filling up the DagBag from /home/airflow/.local/lib/python3.8/site-packages/airflow/example_dags/example_branch_python_dop_operator_3.py
[2023-12-01T22:24:24.005+0000] {processor.py:839} INFO - DAG(s) dict_keys(['example_branch_dop_operator_v3']) retrieved from /home/airflow/.local/lib/python3.8/site-packages/airflow/example_dags/example_branch_python_dop_operator_3.py
[2023-12-01T22:24:24.023+0000] {logging_mixin.py:154} INFO - [2023-12-01T22:24:24.023+0000] {dag.py:2941} INFO - Sync 1 DAGs
[2023-12-01T22:24:24.045+0000] {logging_mixin.py:154} INFO - [2023-12-01T22:24:24.045+0000] {dag.py:3722} INFO - Setting next_dagrun for example_branch_dop_operator_v3 to 2023-12-01T22:23:00+00:00, run_after=2023-12-01T22:24:00+00:00
[2023-12-01T22:24:24.060+0000] {processor.py:179} INFO - Processing /home/airflow/.local/lib/python3.8/site-packages/airflow/example_dags/example_branch_python_dop_operator_3.py took 0.066 seconds
[2023-12-01T22:24:55.073+0000] {processor.py:157} INFO - Started process (PID=437) to work on /home/airflow/.local/lib/python3.8/site-packages/airflow/example_dags/example_branch_python_dop_operator_3.py
[2023-12-01T22:24:55.073+0000] {processor.py:829} INFO - Processing file /home/airflow/.local/lib/python3.8/site-packages/airflow/example_dags/example_branch_python_dop_operator_3.py for tasks to queue
[2023-12-01T22:24:55.075+0000] {logging_mixin.py:154} INFO - [2023-12-01T22:24:55.075+0000] {dagbag.py:536} INFO - Filling up the DagBag from /home/airflow/.local/lib/python3.8/site-packages/airflow/example_dags/example_branch_python_dop_operator_3.py
[2023-12-01T22:24:55.081+0000] {processor.py:839} INFO - DAG(s) dict_keys(['example_branch_dop_operator_v3']) retrieved from /home/airflow/.local/lib/python3.8/site-packages/airflow/example_dags/example_branch_python_dop_operator_3.py
[2023-12-01T22:24:55.095+0000] {logging_mixin.py:154} INFO - [2023-12-01T22:24:55.094+0000] {dag.py:2941} INFO - Sync 1 DAGs
[2023-12-01T22:24:55.115+0000] {logging_mixin.py:154} INFO - [2023-12-01T22:24:55.115+0000] {dag.py:3722} INFO - Setting next_dagrun for example_branch_dop_operator_v3 to 2023-12-01T22:23:00+00:00, run_after=2023-12-01T22:24:00+00:00
[2023-12-01T22:24:55.130+0000] {processor.py:179} INFO - Processing /home/airflow/.local/lib/python3.8/site-packages/airflow/example_dags/example_branch_python_dop_operator_3.py took 0.059 seconds
[2023-12-01T22:25:25.165+0000] {processor.py:157} INFO - Started process (PID=491) to work on /home/airflow/.local/lib/python3.8/site-packages/airflow/example_dags/example_branch_python_dop_operator_3.py
[2023-12-01T22:25:25.166+0000] {processor.py:829} INFO - Processing file /home/airflow/.local/lib/python3.8/site-packages/airflow/example_dags/example_branch_python_dop_operator_3.py for tasks to queue
[2023-12-01T22:25:25.168+0000] {logging_mixin.py:154} INFO - [2023-12-01T22:25:25.168+0000] {dagbag.py:536} INFO - Filling up the DagBag from /home/airflow/.local/lib/python3.8/site-packages/airflow/example_dags/example_branch_python_dop_operator_3.py
[2023-12-01T22:25:25.174+0000] {processor.py:839} INFO - DAG(s) dict_keys(['example_branch_dop_operator_v3']) retrieved from /home/airflow/.local/lib/python3.8/site-packages/airflow/example_dags/example_branch_python_dop_operator_3.py
[2023-12-01T22:25:25.187+0000] {logging_mixin.py:154} INFO - [2023-12-01T22:25:25.187+0000] {dag.py:2941} INFO - Sync 1 DAGs
[2023-12-01T22:25:25.205+0000] {logging_mixin.py:154} INFO - [2023-12-01T22:25:25.205+0000] {dag.py:3722} INFO - Setting next_dagrun for example_branch_dop_operator_v3 to 2023-12-01T22:24:00+00:00, run_after=2023-12-01T22:25:00+00:00
[2023-12-01T22:25:25.219+0000] {processor.py:179} INFO - Processing /home/airflow/.local/lib/python3.8/site-packages/airflow/example_dags/example_branch_python_dop_operator_3.py took 0.056 seconds
[2023-12-01T22:25:56.172+0000] {processor.py:157} INFO - Started process (PID=545) to work on /home/airflow/.local/lib/python3.8/site-packages/airflow/example_dags/example_branch_python_dop_operator_3.py
[2023-12-01T22:25:56.172+0000] {processor.py:829} INFO - Processing file /home/airflow/.local/lib/python3.8/site-packages/airflow/example_dags/example_branch_python_dop_operator_3.py for tasks to queue
[2023-12-01T22:25:56.174+0000] {logging_mixin.py:154} INFO - [2023-12-01T22:25:56.174+0000] {dagbag.py:536} INFO - Filling up the DagBag from /home/airflow/.local/lib/python3.8/site-packages/airflow/example_dags/example_branch_python_dop_operator_3.py
[2023-12-01T22:25:56.180+0000] {processor.py:839} INFO - DAG(s) dict_keys(['example_branch_dop_operator_v3']) retrieved from /home/airflow/.local/lib/python3.8/site-packages/airflow/example_dags/example_branch_python_dop_operator_3.py
[2023-12-01T22:25:56.193+0000] {logging_mixin.py:154} INFO - [2023-12-01T22:25:56.193+0000] {dag.py:2941} INFO - Sync 1 DAGs
[2023-12-01T22:25:56.211+0000] {logging_mixin.py:154} INFO - [2023-12-01T22:25:56.211+0000] {dag.py:3722} INFO - Setting next_dagrun for example_branch_dop_operator_v3 to 2023-12-01T22:24:00+00:00, run_after=2023-12-01T22:25:00+00:00
[2023-12-01T22:25:56.225+0000] {processor.py:179} INFO - Processing /home/airflow/.local/lib/python3.8/site-packages/airflow/example_dags/example_branch_python_dop_operator_3.py took 0.055 seconds
[2023-12-01T22:26:26.262+0000] {processor.py:157} INFO - Started process (PID=599) to work on /home/airflow/.local/lib/python3.8/site-packages/airflow/example_dags/example_branch_python_dop_operator_3.py
[2023-12-01T22:26:26.263+0000] {processor.py:829} INFO - Processing file /home/airflow/.local/lib/python3.8/site-packages/airflow/example_dags/example_branch_python_dop_operator_3.py for tasks to queue
[2023-12-01T22:26:26.265+0000] {logging_mixin.py:154} INFO - [2023-12-01T22:26:26.265+0000] {dagbag.py:536} INFO - Filling up the DagBag from /home/airflow/.local/lib/python3.8/site-packages/airflow/example_dags/example_branch_python_dop_operator_3.py
[2023-12-01T22:26:26.270+0000] {processor.py:839} INFO - DAG(s) dict_keys(['example_branch_dop_operator_v3']) retrieved from /home/airflow/.local/lib/python3.8/site-packages/airflow/example_dags/example_branch_python_dop_operator_3.py
[2023-12-01T22:26:26.284+0000] {logging_mixin.py:154} INFO - [2023-12-01T22:26:26.283+0000] {dag.py:2941} INFO - Sync 1 DAGs
[2023-12-01T22:26:26.301+0000] {logging_mixin.py:154} INFO - [2023-12-01T22:26:26.301+0000] {dag.py:3722} INFO - Setting next_dagrun for example_branch_dop_operator_v3 to 2023-12-01T22:25:00+00:00, run_after=2023-12-01T22:26:00+00:00
[2023-12-01T22:26:26.315+0000] {processor.py:179} INFO - Processing /home/airflow/.local/lib/python3.8/site-packages/airflow/example_dags/example_branch_python_dop_operator_3.py took 0.055 seconds
[2023-12-01T22:26:56.389+0000] {processor.py:157} INFO - Started process (PID=653) to work on /home/airflow/.local/lib/python3.8/site-packages/airflow/example_dags/example_branch_python_dop_operator_3.py
[2023-12-01T22:26:56.389+0000] {processor.py:829} INFO - Processing file /home/airflow/.local/lib/python3.8/site-packages/airflow/example_dags/example_branch_python_dop_operator_3.py for tasks to queue
[2023-12-01T22:26:56.391+0000] {logging_mixin.py:154} INFO - [2023-12-01T22:26:56.391+0000] {dagbag.py:536} INFO - Filling up the DagBag from /home/airflow/.local/lib/python3.8/site-packages/airflow/example_dags/example_branch_python_dop_operator_3.py
[2023-12-01T22:26:56.397+0000] {processor.py:839} INFO - DAG(s) dict_keys(['example_branch_dop_operator_v3']) retrieved from /home/airflow/.local/lib/python3.8/site-packages/airflow/example_dags/example_branch_python_dop_operator_3.py
[2023-12-01T22:26:56.410+0000] {logging_mixin.py:154} INFO - [2023-12-01T22:26:56.410+0000] {dag.py:2941} INFO - Sync 1 DAGs
[2023-12-01T22:26:56.429+0000] {logging_mixin.py:154} INFO - [2023-12-01T22:26:56.428+0000] {dag.py:3722} INFO - Setting next_dagrun for example_branch_dop_operator_v3 to 2023-12-01T22:25:00+00:00, run_after=2023-12-01T22:26:00+00:00
[2023-12-01T22:26:56.443+0000] {processor.py:179} INFO - Processing /home/airflow/.local/lib/python3.8/site-packages/airflow/example_dags/example_branch_python_dop_operator_3.py took 0.056 seconds
[2023-12-01T22:27:26.607+0000] {processor.py:157} INFO - Started process (PID=707) to work on /home/airflow/.local/lib/python3.8/site-packages/airflow/example_dags/example_branch_python_dop_operator_3.py
[2023-12-01T22:27:26.608+0000] {processor.py:829} INFO - Processing file /home/airflow/.local/lib/python3.8/site-packages/airflow/example_dags/example_branch_python_dop_operator_3.py for tasks to queue
[2023-12-01T22:27:26.610+0000] {logging_mixin.py:154} INFO - [2023-12-01T22:27:26.610+0000] {dagbag.py:536} INFO - Filling up the DagBag from /home/airflow/.local/lib/python3.8/site-packages/airflow/example_dags/example_branch_python_dop_operator_3.py
[2023-12-01T22:27:26.615+0000] {processor.py:839} INFO - DAG(s) dict_keys(['example_branch_dop_operator_v3']) retrieved from /home/airflow/.local/lib/python3.8/site-packages/airflow/example_dags/example_branch_python_dop_operator_3.py
[2023-12-01T22:27:26.629+0000] {logging_mixin.py:154} INFO - [2023-12-01T22:27:26.628+0000] {dag.py:2941} INFO - Sync 1 DAGs
[2023-12-01T22:27:26.648+0000] {logging_mixin.py:154} INFO - [2023-12-01T22:27:26.648+0000] {dag.py:3722} INFO - Setting next_dagrun for example_branch_dop_operator_v3 to 2023-12-01T22:26:00+00:00, run_after=2023-12-01T22:27:00+00:00
[2023-12-01T22:27:26.663+0000] {processor.py:179} INFO - Processing /home/airflow/.local/lib/python3.8/site-packages/airflow/example_dags/example_branch_python_dop_operator_3.py took 0.057 seconds
[2023-12-01T22:27:57.456+0000] {processor.py:157} INFO - Started process (PID=761) to work on /home/airflow/.local/lib/python3.8/site-packages/airflow/example_dags/example_branch_python_dop_operator_3.py
[2023-12-01T22:27:57.456+0000] {processor.py:829} INFO - Processing file /home/airflow/.local/lib/python3.8/site-packages/airflow/example_dags/example_branch_python_dop_operator_3.py for tasks to queue
[2023-12-01T22:27:57.458+0000] {logging_mixin.py:154} INFO - [2023-12-01T22:27:57.458+0000] {dagbag.py:536} INFO - Filling up the DagBag from /home/airflow/.local/lib/python3.8/site-packages/airflow/example_dags/example_branch_python_dop_operator_3.py
[2023-12-01T22:27:57.463+0000] {processor.py:839} INFO - DAG(s) dict_keys(['example_branch_dop_operator_v3']) retrieved from /home/airflow/.local/lib/python3.8/site-packages/airflow/example_dags/example_branch_python_dop_operator_3.py
[2023-12-01T22:27:57.476+0000] {logging_mixin.py:154} INFO - [2023-12-01T22:27:57.476+0000] {dag.py:2941} INFO - Sync 1 DAGs
[2023-12-01T22:27:57.495+0000] {logging_mixin.py:154} INFO - [2023-12-01T22:27:57.494+0000] {dag.py:3722} INFO - Setting next_dagrun for example_branch_dop_operator_v3 to 2023-12-01T22:26:00+00:00, run_after=2023-12-01T22:27:00+00:00
[2023-12-01T22:27:57.510+0000] {processor.py:179} INFO - Processing /home/airflow/.local/lib/python3.8/site-packages/airflow/example_dags/example_branch_python_dop_operator_3.py took 0.056 seconds
[2023-12-01T22:28:27.741+0000] {processor.py:157} INFO - Started process (PID=815) to work on /home/airflow/.local/lib/python3.8/site-packages/airflow/example_dags/example_branch_python_dop_operator_3.py
[2023-12-01T22:28:27.742+0000] {processor.py:829} INFO - Processing file /home/airflow/.local/lib/python3.8/site-packages/airflow/example_dags/example_branch_python_dop_operator_3.py for tasks to queue
[2023-12-01T22:28:27.744+0000] {logging_mixin.py:154} INFO - [2023-12-01T22:28:27.744+0000] {dagbag.py:536} INFO - Filling up the DagBag from /home/airflow/.local/lib/python3.8/site-packages/airflow/example_dags/example_branch_python_dop_operator_3.py
[2023-12-01T22:28:27.749+0000] {processor.py:839} INFO - DAG(s) dict_keys(['example_branch_dop_operator_v3']) retrieved from /home/airflow/.local/lib/python3.8/site-packages/airflow/example_dags/example_branch_python_dop_operator_3.py
[2023-12-01T22:28:27.762+0000] {logging_mixin.py:154} INFO - [2023-12-01T22:28:27.762+0000] {dag.py:2941} INFO - Sync 1 DAGs
[2023-12-01T22:28:27.781+0000] {logging_mixin.py:154} INFO - [2023-12-01T22:28:27.781+0000] {dag.py:3722} INFO - Setting next_dagrun for example_branch_dop_operator_v3 to 2023-12-01T22:27:00+00:00, run_after=2023-12-01T22:28:00+00:00
[2023-12-01T22:28:27.795+0000] {processor.py:179} INFO - Processing /home/airflow/.local/lib/python3.8/site-packages/airflow/example_dags/example_branch_python_dop_operator_3.py took 0.055 seconds
[2023-12-01T22:28:57.856+0000] {processor.py:157} INFO - Started process (PID=869) to work on /home/airflow/.local/lib/python3.8/site-packages/airflow/example_dags/example_branch_python_dop_operator_3.py
[2023-12-01T22:28:57.857+0000] {processor.py:829} INFO - Processing file /home/airflow/.local/lib/python3.8/site-packages/airflow/example_dags/example_branch_python_dop_operator_3.py for tasks to queue
[2023-12-01T22:28:57.859+0000] {logging_mixin.py:154} INFO - [2023-12-01T22:28:57.859+0000] {dagbag.py:536} INFO - Filling up the DagBag from /home/airflow/.local/lib/python3.8/site-packages/airflow/example_dags/example_branch_python_dop_operator_3.py
[2023-12-01T22:28:57.865+0000] {processor.py:839} INFO - DAG(s) dict_keys(['example_branch_dop_operator_v3']) retrieved from /home/airflow/.local/lib/python3.8/site-packages/airflow/example_dags/example_branch_python_dop_operator_3.py
[2023-12-01T22:28:57.878+0000] {logging_mixin.py:154} INFO - [2023-12-01T22:28:57.878+0000] {dag.py:2941} INFO - Sync 1 DAGs
[2023-12-01T22:28:57.896+0000] {logging_mixin.py:154} INFO - [2023-12-01T22:28:57.896+0000] {dag.py:3722} INFO - Setting next_dagrun for example_branch_dop_operator_v3 to 2023-12-01T22:27:00+00:00, run_after=2023-12-01T22:28:00+00:00
[2023-12-01T22:28:57.913+0000] {processor.py:179} INFO - Processing /home/airflow/.local/lib/python3.8/site-packages/airflow/example_dags/example_branch_python_dop_operator_3.py took 0.059 seconds
[2023-12-01T22:29:28.022+0000] {processor.py:157} INFO - Started process (PID=923) to work on /home/airflow/.local/lib/python3.8/site-packages/airflow/example_dags/example_branch_python_dop_operator_3.py
[2023-12-01T22:29:28.022+0000] {processor.py:829} INFO - Processing file /home/airflow/.local/lib/python3.8/site-packages/airflow/example_dags/example_branch_python_dop_operator_3.py for tasks to queue
[2023-12-01T22:29:28.024+0000] {logging_mixin.py:154} INFO - [2023-12-01T22:29:28.024+0000] {dagbag.py:536} INFO - Filling up the DagBag from /home/airflow/.local/lib/python3.8/site-packages/airflow/example_dags/example_branch_python_dop_operator_3.py
[2023-12-01T22:29:28.030+0000] {processor.py:839} INFO - DAG(s) dict_keys(['example_branch_dop_operator_v3']) retrieved from /home/airflow/.local/lib/python3.8/site-packages/airflow/example_dags/example_branch_python_dop_operator_3.py
[2023-12-01T22:29:28.043+0000] {logging_mixin.py:154} INFO - [2023-12-01T22:29:28.042+0000] {dag.py:2941} INFO - Sync 1 DAGs
[2023-12-01T22:29:28.062+0000] {logging_mixin.py:154} INFO - [2023-12-01T22:29:28.062+0000] {dag.py:3722} INFO - Setting next_dagrun for example_branch_dop_operator_v3 to 2023-12-01T22:28:00+00:00, run_after=2023-12-01T22:29:00+00:00
[2023-12-01T22:29:28.075+0000] {processor.py:179} INFO - Processing /home/airflow/.local/lib/python3.8/site-packages/airflow/example_dags/example_branch_python_dop_operator_3.py took 0.055 seconds
[2023-12-01T22:29:58.103+0000] {processor.py:157} INFO - Started process (PID=977) to work on /home/airflow/.local/lib/python3.8/site-packages/airflow/example_dags/example_branch_python_dop_operator_3.py
[2023-12-01T22:29:58.103+0000] {processor.py:829} INFO - Processing file /home/airflow/.local/lib/python3.8/site-packages/airflow/example_dags/example_branch_python_dop_operator_3.py for tasks to queue
[2023-12-01T22:29:58.105+0000] {logging_mixin.py:154} INFO - [2023-12-01T22:29:58.105+0000] {dagbag.py:536} INFO - Filling up the DagBag from /home/airflow/.local/lib/python3.8/site-packages/airflow/example_dags/example_branch_python_dop_operator_3.py
[2023-12-01T22:29:58.110+0000] {processor.py:839} INFO - DAG(s) dict_keys(['example_branch_dop_operator_v3']) retrieved from /home/airflow/.local/lib/python3.8/site-packages/airflow/example_dags/example_branch_python_dop_operator_3.py
[2023-12-01T22:29:58.124+0000] {logging_mixin.py:154} INFO - [2023-12-01T22:29:58.124+0000] {dag.py:2941} INFO - Sync 1 DAGs
[2023-12-01T22:29:58.144+0000] {logging_mixin.py:154} INFO - [2023-12-01T22:29:58.144+0000] {dag.py:3722} INFO - Setting next_dagrun for example_branch_dop_operator_v3 to 2023-12-01T22:28:00+00:00, run_after=2023-12-01T22:29:00+00:00
[2023-12-01T22:29:58.160+0000] {processor.py:179} INFO - Processing /home/airflow/.local/lib/python3.8/site-packages/airflow/example_dags/example_branch_python_dop_operator_3.py took 0.059 seconds
[2023-12-01T22:30:28.230+0000] {processor.py:157} INFO - Started process (PID=1031) to work on /home/airflow/.local/lib/python3.8/site-packages/airflow/example_dags/example_branch_python_dop_operator_3.py
[2023-12-01T22:30:28.231+0000] {processor.py:829} INFO - Processing file /home/airflow/.local/lib/python3.8/site-packages/airflow/example_dags/example_branch_python_dop_operator_3.py for tasks to queue
[2023-12-01T22:30:28.232+0000] {logging_mixin.py:154} INFO - [2023-12-01T22:30:28.232+0000] {dagbag.py:536} INFO - Filling up the DagBag from /home/airflow/.local/lib/python3.8/site-packages/airflow/example_dags/example_branch_python_dop_operator_3.py
[2023-12-01T22:30:28.238+0000] {processor.py:839} INFO - DAG(s) dict_keys(['example_branch_dop_operator_v3']) retrieved from /home/airflow/.local/lib/python3.8/site-packages/airflow/example_dags/example_branch_python_dop_operator_3.py
[2023-12-01T22:30:28.251+0000] {logging_mixin.py:154} INFO - [2023-12-01T22:30:28.251+0000] {dag.py:2941} INFO - Sync 1 DAGs
[2023-12-01T22:30:28.270+0000] {logging_mixin.py:154} INFO - [2023-12-01T22:30:28.269+0000] {dag.py:3722} INFO - Setting next_dagrun for example_branch_dop_operator_v3 to 2023-12-01T22:29:00+00:00, run_after=2023-12-01T22:30:00+00:00
[2023-12-01T22:30:28.284+0000] {processor.py:179} INFO - Processing /home/airflow/.local/lib/python3.8/site-packages/airflow/example_dags/example_branch_python_dop_operator_3.py took 0.056 seconds
[2023-12-01T22:30:58.428+0000] {processor.py:157} INFO - Started process (PID=1085) to work on /home/airflow/.local/lib/python3.8/site-packages/airflow/example_dags/example_branch_python_dop_operator_3.py
[2023-12-01T22:30:58.429+0000] {processor.py:829} INFO - Processing file /home/airflow/.local/lib/python3.8/site-packages/airflow/example_dags/example_branch_python_dop_operator_3.py for tasks to queue
[2023-12-01T22:30:58.431+0000] {logging_mixin.py:154} INFO - [2023-12-01T22:30:58.430+0000] {dagbag.py:536} INFO - Filling up the DagBag from /home/airflow/.local/lib/python3.8/site-packages/airflow/example_dags/example_branch_python_dop_operator_3.py
[2023-12-01T22:30:58.436+0000] {processor.py:839} INFO - DAG(s) dict_keys(['example_branch_dop_operator_v3']) retrieved from /home/airflow/.local/lib/python3.8/site-packages/airflow/example_dags/example_branch_python_dop_operator_3.py
[2023-12-01T22:30:58.449+0000] {logging_mixin.py:154} INFO - [2023-12-01T22:30:58.449+0000] {dag.py:2941} INFO - Sync 1 DAGs
[2023-12-01T22:30:58.468+0000] {logging_mixin.py:154} INFO - [2023-12-01T22:30:58.468+0000] {dag.py:3722} INFO - Setting next_dagrun for example_branch_dop_operator_v3 to 2023-12-01T22:29:00+00:00, run_after=2023-12-01T22:30:00+00:00
[2023-12-01T22:30:58.481+0000] {processor.py:179} INFO - Processing /home/airflow/.local/lib/python3.8/site-packages/airflow/example_dags/example_branch_python_dop_operator_3.py took 0.055 seconds
[2023-12-01T22:31:28.609+0000] {processor.py:157} INFO - Started process (PID=1139) to work on /home/airflow/.local/lib/python3.8/site-packages/airflow/example_dags/example_branch_python_dop_operator_3.py
[2023-12-01T22:31:28.610+0000] {processor.py:829} INFO - Processing file /home/airflow/.local/lib/python3.8/site-packages/airflow/example_dags/example_branch_python_dop_operator_3.py for tasks to queue
[2023-12-01T22:31:28.612+0000] {logging_mixin.py:154} INFO - [2023-12-01T22:31:28.612+0000] {dagbag.py:536} INFO - Filling up the DagBag from /home/airflow/.local/lib/python3.8/site-packages/airflow/example_dags/example_branch_python_dop_operator_3.py
[2023-12-01T22:31:28.617+0000] {processor.py:839} INFO - DAG(s) dict_keys(['example_branch_dop_operator_v3']) retrieved from /home/airflow/.local/lib/python3.8/site-packages/airflow/example_dags/example_branch_python_dop_operator_3.py
[2023-12-01T22:31:28.631+0000] {logging_mixin.py:154} INFO - [2023-12-01T22:31:28.630+0000] {dag.py:2941} INFO - Sync 1 DAGs
[2023-12-01T22:31:28.649+0000] {logging_mixin.py:154} INFO - [2023-12-01T22:31:28.649+0000] {dag.py:3722} INFO - Setting next_dagrun for example_branch_dop_operator_v3 to 2023-12-01T22:30:00+00:00, run_after=2023-12-01T22:31:00+00:00
[2023-12-01T22:31:28.663+0000] {processor.py:179} INFO - Processing /home/airflow/.local/lib/python3.8/site-packages/airflow/example_dags/example_branch_python_dop_operator_3.py took 0.056 seconds
[2023-12-01T22:31:58.741+0000] {processor.py:157} INFO - Started process (PID=1193) to work on /home/airflow/.local/lib/python3.8/site-packages/airflow/example_dags/example_branch_python_dop_operator_3.py
[2023-12-01T22:31:58.742+0000] {processor.py:829} INFO - Processing file /home/airflow/.local/lib/python3.8/site-packages/airflow/example_dags/example_branch_python_dop_operator_3.py for tasks to queue
[2023-12-01T22:31:58.744+0000] {logging_mixin.py:154} INFO - [2023-12-01T22:31:58.744+0000] {dagbag.py:536} INFO - Filling up the DagBag from /home/airflow/.local/lib/python3.8/site-packages/airflow/example_dags/example_branch_python_dop_operator_3.py
[2023-12-01T22:31:58.750+0000] {processor.py:839} INFO - DAG(s) dict_keys(['example_branch_dop_operator_v3']) retrieved from /home/airflow/.local/lib/python3.8/site-packages/airflow/example_dags/example_branch_python_dop_operator_3.py
[2023-12-01T22:31:58.763+0000] {logging_mixin.py:154} INFO - [2023-12-01T22:31:58.763+0000] {dag.py:2941} INFO - Sync 1 DAGs
[2023-12-01T22:31:58.781+0000] {logging_mixin.py:154} INFO - [2023-12-01T22:31:58.781+0000] {dag.py:3722} INFO - Setting next_dagrun for example_branch_dop_operator_v3 to 2023-12-01T22:30:00+00:00, run_after=2023-12-01T22:31:00+00:00
[2023-12-01T22:31:58.796+0000] {processor.py:179} INFO - Processing /home/airflow/.local/lib/python3.8/site-packages/airflow/example_dags/example_branch_python_dop_operator_3.py took 0.056 seconds
[2023-12-01T22:32:28.870+0000] {processor.py:157} INFO - Started process (PID=1247) to work on /home/airflow/.local/lib/python3.8/site-packages/airflow/example_dags/example_branch_python_dop_operator_3.py
[2023-12-01T22:32:28.871+0000] {processor.py:829} INFO - Processing file /home/airflow/.local/lib/python3.8/site-packages/airflow/example_dags/example_branch_python_dop_operator_3.py for tasks to queue
[2023-12-01T22:32:28.872+0000] {logging_mixin.py:154} INFO - [2023-12-01T22:32:28.872+0000] {dagbag.py:536} INFO - Filling up the DagBag from /home/airflow/.local/lib/python3.8/site-packages/airflow/example_dags/example_branch_python_dop_operator_3.py
[2023-12-01T22:32:28.878+0000] {processor.py:839} INFO - DAG(s) dict_keys(['example_branch_dop_operator_v3']) retrieved from /home/airflow/.local/lib/python3.8/site-packages/airflow/example_dags/example_branch_python_dop_operator_3.py
[2023-12-01T22:32:28.892+0000] {logging_mixin.py:154} INFO - [2023-12-01T22:32:28.892+0000] {dag.py:2941} INFO - Sync 1 DAGs
[2023-12-01T22:32:28.912+0000] {logging_mixin.py:154} INFO - [2023-12-01T22:32:28.911+0000] {dag.py:3722} INFO - Setting next_dagrun for example_branch_dop_operator_v3 to 2023-12-01T22:31:00+00:00, run_after=2023-12-01T22:32:00+00:00
[2023-12-01T22:32:28.926+0000] {processor.py:179} INFO - Processing /home/airflow/.local/lib/python3.8/site-packages/airflow/example_dags/example_branch_python_dop_operator_3.py took 0.058 seconds
[2023-12-01T22:32:59.356+0000] {processor.py:157} INFO - Started process (PID=1301) to work on /home/airflow/.local/lib/python3.8/site-packages/airflow/example_dags/example_branch_python_dop_operator_3.py
[2023-12-01T22:32:59.356+0000] {processor.py:829} INFO - Processing file /home/airflow/.local/lib/python3.8/site-packages/airflow/example_dags/example_branch_python_dop_operator_3.py for tasks to queue
[2023-12-01T22:32:59.358+0000] {logging_mixin.py:154} INFO - [2023-12-01T22:32:59.358+0000] {dagbag.py:536} INFO - Filling up the DagBag from /home/airflow/.local/lib/python3.8/site-packages/airflow/example_dags/example_branch_python_dop_operator_3.py
[2023-12-01T22:32:59.364+0000] {processor.py:839} INFO - DAG(s) dict_keys(['example_branch_dop_operator_v3']) retrieved from /home/airflow/.local/lib/python3.8/site-packages/airflow/example_dags/example_branch_python_dop_operator_3.py
[2023-12-01T22:32:59.378+0000] {logging_mixin.py:154} INFO - [2023-12-01T22:32:59.378+0000] {dag.py:2941} INFO - Sync 1 DAGs
[2023-12-01T22:32:59.400+0000] {logging_mixin.py:154} INFO - [2023-12-01T22:32:59.399+0000] {dag.py:3722} INFO - Setting next_dagrun for example_branch_dop_operator_v3 to 2023-12-01T22:31:00+00:00, run_after=2023-12-01T22:32:00+00:00
[2023-12-01T22:32:59.413+0000] {processor.py:179} INFO - Processing /home/airflow/.local/lib/python3.8/site-packages/airflow/example_dags/example_branch_python_dop_operator_3.py took 0.060 seconds
[2023-12-01T22:33:29.598+0000] {processor.py:157} INFO - Started process (PID=1357) to work on /home/airflow/.local/lib/python3.8/site-packages/airflow/example_dags/example_branch_python_dop_operator_3.py
[2023-12-01T22:33:29.599+0000] {processor.py:829} INFO - Processing file /home/airflow/.local/lib/python3.8/site-packages/airflow/example_dags/example_branch_python_dop_operator_3.py for tasks to queue
[2023-12-01T22:33:29.602+0000] {logging_mixin.py:154} INFO - [2023-12-01T22:33:29.601+0000] {dagbag.py:536} INFO - Filling up the DagBag from /home/airflow/.local/lib/python3.8/site-packages/airflow/example_dags/example_branch_python_dop_operator_3.py
[2023-12-01T22:33:29.609+0000] {processor.py:839} INFO - DAG(s) dict_keys(['example_branch_dop_operator_v3']) retrieved from /home/airflow/.local/lib/python3.8/site-packages/airflow/example_dags/example_branch_python_dop_operator_3.py
[2023-12-01T22:33:29.627+0000] {logging_mixin.py:154} INFO - [2023-12-01T22:33:29.627+0000] {dag.py:2941} INFO - Sync 1 DAGs
[2023-12-01T22:33:29.649+0000] {logging_mixin.py:154} INFO - [2023-12-01T22:33:29.649+0000] {dag.py:3722} INFO - Setting next_dagrun for example_branch_dop_operator_v3 to 2023-12-01T22:32:00+00:00, run_after=2023-12-01T22:33:00+00:00
[2023-12-01T22:33:29.665+0000] {processor.py:179} INFO - Processing /home/airflow/.local/lib/python3.8/site-packages/airflow/example_dags/example_branch_python_dop_operator_3.py took 0.068 seconds
[2023-12-01T22:33:59.812+0000] {processor.py:157} INFO - Started process (PID=1410) to work on /home/airflow/.local/lib/python3.8/site-packages/airflow/example_dags/example_branch_python_dop_operator_3.py
[2023-12-01T22:33:59.813+0000] {processor.py:829} INFO - Processing file /home/airflow/.local/lib/python3.8/site-packages/airflow/example_dags/example_branch_python_dop_operator_3.py for tasks to queue
[2023-12-01T22:33:59.816+0000] {logging_mixin.py:154} INFO - [2023-12-01T22:33:59.815+0000] {dagbag.py:536} INFO - Filling up the DagBag from /home/airflow/.local/lib/python3.8/site-packages/airflow/example_dags/example_branch_python_dop_operator_3.py
[2023-12-01T22:33:59.824+0000] {processor.py:839} INFO - DAG(s) dict_keys(['example_branch_dop_operator_v3']) retrieved from /home/airflow/.local/lib/python3.8/site-packages/airflow/example_dags/example_branch_python_dop_operator_3.py
[2023-12-01T22:33:59.839+0000] {logging_mixin.py:154} INFO - [2023-12-01T22:33:59.839+0000] {dag.py:2941} INFO - Sync 1 DAGs
[2023-12-01T22:33:59.859+0000] {logging_mixin.py:154} INFO - [2023-12-01T22:33:59.859+0000] {dag.py:3722} INFO - Setting next_dagrun for example_branch_dop_operator_v3 to 2023-12-01T22:32:00+00:00, run_after=2023-12-01T22:33:00+00:00
[2023-12-01T22:33:59.877+0000] {processor.py:179} INFO - Processing /home/airflow/.local/lib/python3.8/site-packages/airflow/example_dags/example_branch_python_dop_operator_3.py took 0.067 seconds
[2023-12-01T22:34:30.494+0000] {processor.py:157} INFO - Started process (PID=1464) to work on /home/airflow/.local/lib/python3.8/site-packages/airflow/example_dags/example_branch_python_dop_operator_3.py
[2023-12-01T22:34:30.495+0000] {processor.py:829} INFO - Processing file /home/airflow/.local/lib/python3.8/site-packages/airflow/example_dags/example_branch_python_dop_operator_3.py for tasks to queue
[2023-12-01T22:34:30.497+0000] {logging_mixin.py:154} INFO - [2023-12-01T22:34:30.497+0000] {dagbag.py:536} INFO - Filling up the DagBag from /home/airflow/.local/lib/python3.8/site-packages/airflow/example_dags/example_branch_python_dop_operator_3.py
[2023-12-01T22:34:30.505+0000] {processor.py:839} INFO - DAG(s) dict_keys(['example_branch_dop_operator_v3']) retrieved from /home/airflow/.local/lib/python3.8/site-packages/airflow/example_dags/example_branch_python_dop_operator_3.py
[2023-12-01T22:34:30.524+0000] {logging_mixin.py:154} INFO - [2023-12-01T22:34:30.524+0000] {dag.py:2941} INFO - Sync 1 DAGs
[2023-12-01T22:34:30.550+0000] {logging_mixin.py:154} INFO - [2023-12-01T22:34:30.549+0000] {dag.py:3722} INFO - Setting next_dagrun for example_branch_dop_operator_v3 to 2023-12-01T22:33:00+00:00, run_after=2023-12-01T22:34:00+00:00
[2023-12-01T22:34:30.566+0000] {processor.py:179} INFO - Processing /home/airflow/.local/lib/python3.8/site-packages/airflow/example_dags/example_branch_python_dop_operator_3.py took 0.075 seconds
[2023-12-01T22:35:00.949+0000] {processor.py:157} INFO - Started process (PID=1518) to work on /home/airflow/.local/lib/python3.8/site-packages/airflow/example_dags/example_branch_python_dop_operator_3.py
[2023-12-01T22:35:00.950+0000] {processor.py:829} INFO - Processing file /home/airflow/.local/lib/python3.8/site-packages/airflow/example_dags/example_branch_python_dop_operator_3.py for tasks to queue
[2023-12-01T22:35:00.952+0000] {logging_mixin.py:154} INFO - [2023-12-01T22:35:00.952+0000] {dagbag.py:536} INFO - Filling up the DagBag from /home/airflow/.local/lib/python3.8/site-packages/airflow/example_dags/example_branch_python_dop_operator_3.py
[2023-12-01T22:35:00.958+0000] {processor.py:839} INFO - DAG(s) dict_keys(['example_branch_dop_operator_v3']) retrieved from /home/airflow/.local/lib/python3.8/site-packages/airflow/example_dags/example_branch_python_dop_operator_3.py
[2023-12-01T22:35:00.978+0000] {logging_mixin.py:154} INFO - [2023-12-01T22:35:00.978+0000] {dag.py:2941} INFO - Sync 1 DAGs
[2023-12-01T22:35:01.004+0000] {logging_mixin.py:154} INFO - [2023-12-01T22:35:01.003+0000] {dag.py:3722} INFO - Setting next_dagrun for example_branch_dop_operator_v3 to 2023-12-01T22:34:00+00:00, run_after=2023-12-01T22:35:00+00:00
[2023-12-01T22:35:01.026+0000] {processor.py:179} INFO - Processing /home/airflow/.local/lib/python3.8/site-packages/airflow/example_dags/example_branch_python_dop_operator_3.py took 0.080 seconds
[2023-12-01T22:35:31.369+0000] {processor.py:157} INFO - Started process (PID=1572) to work on /home/airflow/.local/lib/python3.8/site-packages/airflow/example_dags/example_branch_python_dop_operator_3.py
[2023-12-01T22:35:31.370+0000] {processor.py:829} INFO - Processing file /home/airflow/.local/lib/python3.8/site-packages/airflow/example_dags/example_branch_python_dop_operator_3.py for tasks to queue
[2023-12-01T22:35:31.372+0000] {logging_mixin.py:154} INFO - [2023-12-01T22:35:31.372+0000] {dagbag.py:536} INFO - Filling up the DagBag from /home/airflow/.local/lib/python3.8/site-packages/airflow/example_dags/example_branch_python_dop_operator_3.py
[2023-12-01T22:35:31.381+0000] {processor.py:839} INFO - DAG(s) dict_keys(['example_branch_dop_operator_v3']) retrieved from /home/airflow/.local/lib/python3.8/site-packages/airflow/example_dags/example_branch_python_dop_operator_3.py
[2023-12-01T22:35:31.398+0000] {logging_mixin.py:154} INFO - [2023-12-01T22:35:31.397+0000] {dag.py:2941} INFO - Sync 1 DAGs
[2023-12-01T22:35:31.423+0000] {logging_mixin.py:154} INFO - [2023-12-01T22:35:31.423+0000] {dag.py:3722} INFO - Setting next_dagrun for example_branch_dop_operator_v3 to 2023-12-01T22:34:00+00:00, run_after=2023-12-01T22:35:00+00:00
[2023-12-01T22:35:31.442+0000] {processor.py:179} INFO - Processing /home/airflow/.local/lib/python3.8/site-packages/airflow/example_dags/example_branch_python_dop_operator_3.py took 0.075 seconds
[2023-12-01T22:38:29.511+0000] {processor.py:157} INFO - Started process (PID=58) to work on /home/airflow/.local/lib/python3.8/site-packages/airflow/example_dags/example_branch_python_dop_operator_3.py
[2023-12-01T22:38:29.512+0000] {processor.py:829} INFO - Processing file /home/airflow/.local/lib/python3.8/site-packages/airflow/example_dags/example_branch_python_dop_operator_3.py for tasks to queue
[2023-12-01T22:38:29.517+0000] {logging_mixin.py:154} INFO - [2023-12-01T22:38:29.516+0000] {dagbag.py:536} INFO - Filling up the DagBag from /home/airflow/.local/lib/python3.8/site-packages/airflow/example_dags/example_branch_python_dop_operator_3.py
[2023-12-01T22:38:29.531+0000] {processor.py:839} INFO - DAG(s) dict_keys(['example_branch_dop_operator_v3']) retrieved from /home/airflow/.local/lib/python3.8/site-packages/airflow/example_dags/example_branch_python_dop_operator_3.py
[2023-12-01T22:38:29.545+0000] {logging_mixin.py:154} INFO - [2023-12-01T22:38:29.545+0000] {dag.py:2941} INFO - Sync 1 DAGs
[2023-12-01T22:38:29.595+0000] {logging_mixin.py:154} INFO - [2023-12-01T22:38:29.594+0000] {dag.py:3722} INFO - Setting next_dagrun for example_branch_dop_operator_v3 to 2023-12-01T22:37:00+00:00, run_after=2023-12-01T22:38:00+00:00
[2023-12-01T22:38:29.617+0000] {processor.py:179} INFO - Processing /home/airflow/.local/lib/python3.8/site-packages/airflow/example_dags/example_branch_python_dop_operator_3.py took 0.110 seconds
[2023-12-01T22:39:00.304+0000] {processor.py:157} INFO - Started process (PID=112) to work on /home/airflow/.local/lib/python3.8/site-packages/airflow/example_dags/example_branch_python_dop_operator_3.py
[2023-12-01T22:39:00.305+0000] {processor.py:829} INFO - Processing file /home/airflow/.local/lib/python3.8/site-packages/airflow/example_dags/example_branch_python_dop_operator_3.py for tasks to queue
[2023-12-01T22:39:00.307+0000] {logging_mixin.py:154} INFO - [2023-12-01T22:39:00.307+0000] {dagbag.py:536} INFO - Filling up the DagBag from /home/airflow/.local/lib/python3.8/site-packages/airflow/example_dags/example_branch_python_dop_operator_3.py
[2023-12-01T22:39:00.313+0000] {processor.py:839} INFO - DAG(s) dict_keys(['example_branch_dop_operator_v3']) retrieved from /home/airflow/.local/lib/python3.8/site-packages/airflow/example_dags/example_branch_python_dop_operator_3.py
[2023-12-01T22:39:00.328+0000] {logging_mixin.py:154} INFO - [2023-12-01T22:39:00.328+0000] {dag.py:2941} INFO - Sync 1 DAGs
[2023-12-01T22:39:00.352+0000] {logging_mixin.py:154} INFO - [2023-12-01T22:39:00.352+0000] {dag.py:3722} INFO - Setting next_dagrun for example_branch_dop_operator_v3 to 2023-12-01T22:38:00+00:00, run_after=2023-12-01T22:39:00+00:00
[2023-12-01T22:39:00.368+0000] {processor.py:179} INFO - Processing /home/airflow/.local/lib/python3.8/site-packages/airflow/example_dags/example_branch_python_dop_operator_3.py took 0.066 seconds
[2023-12-01T22:39:30.827+0000] {processor.py:157} INFO - Started process (PID=166) to work on /home/airflow/.local/lib/python3.8/site-packages/airflow/example_dags/example_branch_python_dop_operator_3.py
[2023-12-01T22:39:30.828+0000] {processor.py:829} INFO - Processing file /home/airflow/.local/lib/python3.8/site-packages/airflow/example_dags/example_branch_python_dop_operator_3.py for tasks to queue
[2023-12-01T22:39:30.830+0000] {logging_mixin.py:154} INFO - [2023-12-01T22:39:30.830+0000] {dagbag.py:536} INFO - Filling up the DagBag from /home/airflow/.local/lib/python3.8/site-packages/airflow/example_dags/example_branch_python_dop_operator_3.py
[2023-12-01T22:39:30.836+0000] {processor.py:839} INFO - DAG(s) dict_keys(['example_branch_dop_operator_v3']) retrieved from /home/airflow/.local/lib/python3.8/site-packages/airflow/example_dags/example_branch_python_dop_operator_3.py
[2023-12-01T22:39:30.858+0000] {logging_mixin.py:154} INFO - [2023-12-01T22:39:30.857+0000] {dag.py:2941} INFO - Sync 1 DAGs
[2023-12-01T22:39:30.882+0000] {logging_mixin.py:154} INFO - [2023-12-01T22:39:30.881+0000] {dag.py:3722} INFO - Setting next_dagrun for example_branch_dop_operator_v3 to 2023-12-01T22:38:00+00:00, run_after=2023-12-01T22:39:00+00:00
[2023-12-01T22:39:30.898+0000] {processor.py:179} INFO - Processing /home/airflow/.local/lib/python3.8/site-packages/airflow/example_dags/example_branch_python_dop_operator_3.py took 0.074 seconds
[2023-12-01T22:40:01.298+0000] {processor.py:157} INFO - Started process (PID=220) to work on /home/airflow/.local/lib/python3.8/site-packages/airflow/example_dags/example_branch_python_dop_operator_3.py
[2023-12-01T22:40:01.299+0000] {processor.py:829} INFO - Processing file /home/airflow/.local/lib/python3.8/site-packages/airflow/example_dags/example_branch_python_dop_operator_3.py for tasks to queue
[2023-12-01T22:40:01.301+0000] {logging_mixin.py:154} INFO - [2023-12-01T22:40:01.300+0000] {dagbag.py:536} INFO - Filling up the DagBag from /home/airflow/.local/lib/python3.8/site-packages/airflow/example_dags/example_branch_python_dop_operator_3.py
[2023-12-01T22:40:01.307+0000] {processor.py:839} INFO - DAG(s) dict_keys(['example_branch_dop_operator_v3']) retrieved from /home/airflow/.local/lib/python3.8/site-packages/airflow/example_dags/example_branch_python_dop_operator_3.py
[2023-12-01T22:40:01.322+0000] {logging_mixin.py:154} INFO - [2023-12-01T22:40:01.322+0000] {dag.py:2941} INFO - Sync 1 DAGs
[2023-12-01T22:40:01.352+0000] {logging_mixin.py:154} INFO - [2023-12-01T22:40:01.352+0000] {dag.py:3722} INFO - Setting next_dagrun for example_branch_dop_operator_v3 to 2023-12-01T22:39:00+00:00, run_after=2023-12-01T22:40:00+00:00
[2023-12-01T22:40:01.371+0000] {processor.py:179} INFO - Processing /home/airflow/.local/lib/python3.8/site-packages/airflow/example_dags/example_branch_python_dop_operator_3.py took 0.076 seconds
[2023-12-01T22:40:31.818+0000] {processor.py:157} INFO - Started process (PID=274) to work on /home/airflow/.local/lib/python3.8/site-packages/airflow/example_dags/example_branch_python_dop_operator_3.py
[2023-12-01T22:40:31.819+0000] {processor.py:829} INFO - Processing file /home/airflow/.local/lib/python3.8/site-packages/airflow/example_dags/example_branch_python_dop_operator_3.py for tasks to queue
[2023-12-01T22:40:31.821+0000] {logging_mixin.py:154} INFO - [2023-12-01T22:40:31.820+0000] {dagbag.py:536} INFO - Filling up the DagBag from /home/airflow/.local/lib/python3.8/site-packages/airflow/example_dags/example_branch_python_dop_operator_3.py
[2023-12-01T22:40:31.826+0000] {processor.py:839} INFO - DAG(s) dict_keys(['example_branch_dop_operator_v3']) retrieved from /home/airflow/.local/lib/python3.8/site-packages/airflow/example_dags/example_branch_python_dop_operator_3.py
[2023-12-01T22:40:31.841+0000] {logging_mixin.py:154} INFO - [2023-12-01T22:40:31.841+0000] {dag.py:2941} INFO - Sync 1 DAGs
[2023-12-01T22:40:31.863+0000] {logging_mixin.py:154} INFO - [2023-12-01T22:40:31.863+0000] {dag.py:3722} INFO - Setting next_dagrun for example_branch_dop_operator_v3 to 2023-12-01T22:39:00+00:00, run_after=2023-12-01T22:40:00+00:00
[2023-12-01T22:40:31.883+0000] {processor.py:179} INFO - Processing /home/airflow/.local/lib/python3.8/site-packages/airflow/example_dags/example_branch_python_dop_operator_3.py took 0.068 seconds
[2023-12-01T22:41:02.292+0000] {processor.py:157} INFO - Started process (PID=328) to work on /home/airflow/.local/lib/python3.8/site-packages/airflow/example_dags/example_branch_python_dop_operator_3.py
[2023-12-01T22:41:02.294+0000] {processor.py:829} INFO - Processing file /home/airflow/.local/lib/python3.8/site-packages/airflow/example_dags/example_branch_python_dop_operator_3.py for tasks to queue
[2023-12-01T22:41:02.297+0000] {logging_mixin.py:154} INFO - [2023-12-01T22:41:02.296+0000] {dagbag.py:536} INFO - Filling up the DagBag from /home/airflow/.local/lib/python3.8/site-packages/airflow/example_dags/example_branch_python_dop_operator_3.py
[2023-12-01T22:41:02.304+0000] {processor.py:839} INFO - DAG(s) dict_keys(['example_branch_dop_operator_v3']) retrieved from /home/airflow/.local/lib/python3.8/site-packages/airflow/example_dags/example_branch_python_dop_operator_3.py
[2023-12-01T22:41:02.320+0000] {logging_mixin.py:154} INFO - [2023-12-01T22:41:02.320+0000] {dag.py:2941} INFO - Sync 1 DAGs
[2023-12-01T22:41:02.345+0000] {logging_mixin.py:154} INFO - [2023-12-01T22:41:02.345+0000] {dag.py:3722} INFO - Setting next_dagrun for example_branch_dop_operator_v3 to 2023-12-01T22:40:00+00:00, run_after=2023-12-01T22:41:00+00:00
[2023-12-01T22:41:02.363+0000] {processor.py:179} INFO - Processing /home/airflow/.local/lib/python3.8/site-packages/airflow/example_dags/example_branch_python_dop_operator_3.py took 0.073 seconds
