[2023-12-01T22:13:41.064+0000] {processor.py:157} INFO - Started process (PID=44) to work on /home/airflow/.local/lib/python3.8/site-packages/airflow/example_dags/example_bash_operator.py
[2023-12-01T22:13:41.065+0000] {processor.py:829} INFO - Processing file /home/airflow/.local/lib/python3.8/site-packages/airflow/example_dags/example_bash_operator.py for tasks to queue
[2023-12-01T22:13:41.067+0000] {logging_mixin.py:154} INFO - [2023-12-01T22:13:41.067+0000] {dagbag.py:536} INFO - Filling up the DagBag from /home/airflow/.local/lib/python3.8/site-packages/airflow/example_dags/example_bash_operator.py
[2023-12-01T22:13:41.084+0000] {processor.py:839} INFO - DAG(s) dict_keys(['example_bash_operator']) retrieved from /home/airflow/.local/lib/python3.8/site-packages/airflow/example_dags/example_bash_operator.py
[2023-12-01T22:13:41.122+0000] {logging_mixin.py:154} INFO - [2023-12-01T22:13:41.121+0000] {dag.py:2941} INFO - Sync 1 DAGs
[2023-12-01T22:13:41.147+0000] {logging_mixin.py:154} INFO - [2023-12-01T22:13:41.146+0000] {dag.py:3722} INFO - Setting next_dagrun for example_bash_operator to 2023-11-30T00:00:00+00:00, run_after=2023-12-01T00:00:00+00:00
[2023-12-01T22:13:41.163+0000] {processor.py:179} INFO - Processing /home/airflow/.local/lib/python3.8/site-packages/airflow/example_dags/example_bash_operator.py took 0.101 seconds
[2023-12-01T22:19:40.465+0000] {processor.py:157} INFO - Started process (PID=42) to work on /home/airflow/.local/lib/python3.8/site-packages/airflow/example_dags/example_bash_operator.py
[2023-12-01T22:19:40.466+0000] {processor.py:829} INFO - Processing file /home/airflow/.local/lib/python3.8/site-packages/airflow/example_dags/example_bash_operator.py for tasks to queue
[2023-12-01T22:19:40.468+0000] {logging_mixin.py:154} INFO - [2023-12-01T22:19:40.468+0000] {dagbag.py:536} INFO - Filling up the DagBag from /home/airflow/.local/lib/python3.8/site-packages/airflow/example_dags/example_bash_operator.py
[2023-12-01T22:19:40.483+0000] {processor.py:839} INFO - DAG(s) dict_keys(['example_bash_operator']) retrieved from /home/airflow/.local/lib/python3.8/site-packages/airflow/example_dags/example_bash_operator.py
[2023-12-01T22:19:40.519+0000] {logging_mixin.py:154} INFO - [2023-12-01T22:19:40.518+0000] {dag.py:2941} INFO - Sync 1 DAGs
[2023-12-01T22:19:40.547+0000] {logging_mixin.py:154} INFO - [2023-12-01T22:19:40.546+0000] {dag.py:3722} INFO - Setting next_dagrun for example_bash_operator to 2023-11-30T00:00:00+00:00, run_after=2023-12-01T00:00:00+00:00
[2023-12-01T22:19:40.562+0000] {processor.py:179} INFO - Processing /home/airflow/.local/lib/python3.8/site-packages/airflow/example_dags/example_bash_operator.py took 0.099 seconds
[2023-12-01T22:21:21.782+0000] {processor.py:157} INFO - Started process (PID=43) to work on /home/airflow/.local/lib/python3.8/site-packages/airflow/example_dags/example_bash_operator.py
[2023-12-01T22:21:21.782+0000] {processor.py:829} INFO - Processing file /home/airflow/.local/lib/python3.8/site-packages/airflow/example_dags/example_bash_operator.py for tasks to queue
[2023-12-01T22:21:21.785+0000] {logging_mixin.py:154} INFO - [2023-12-01T22:21:21.784+0000] {dagbag.py:536} INFO - Filling up the DagBag from /home/airflow/.local/lib/python3.8/site-packages/airflow/example_dags/example_bash_operator.py
[2023-12-01T22:21:21.796+0000] {processor.py:839} INFO - DAG(s) dict_keys(['example_bash_operator']) retrieved from /home/airflow/.local/lib/python3.8/site-packages/airflow/example_dags/example_bash_operator.py
[2023-12-01T22:21:21.806+0000] {logging_mixin.py:154} INFO - [2023-12-01T22:21:21.806+0000] {dag.py:2941} INFO - Sync 1 DAGs
[2023-12-01T22:21:21.827+0000] {logging_mixin.py:154} INFO - [2023-12-01T22:21:21.826+0000] {dag.py:3722} INFO - Setting next_dagrun for example_bash_operator to 2023-11-30T00:00:00+00:00, run_after=2023-12-01T00:00:00+00:00
[2023-12-01T22:21:21.846+0000] {processor.py:179} INFO - Processing /home/airflow/.local/lib/python3.8/site-packages/airflow/example_dags/example_bash_operator.py took 0.067 seconds
[2023-12-01T22:21:51.988+0000] {processor.py:157} INFO - Started process (PID=98) to work on /home/airflow/.local/lib/python3.8/site-packages/airflow/example_dags/example_bash_operator.py
[2023-12-01T22:21:51.989+0000] {processor.py:829} INFO - Processing file /home/airflow/.local/lib/python3.8/site-packages/airflow/example_dags/example_bash_operator.py for tasks to queue
[2023-12-01T22:21:51.991+0000] {logging_mixin.py:154} INFO - [2023-12-01T22:21:51.991+0000] {dagbag.py:536} INFO - Filling up the DagBag from /home/airflow/.local/lib/python3.8/site-packages/airflow/example_dags/example_bash_operator.py
[2023-12-01T22:21:51.998+0000] {processor.py:839} INFO - DAG(s) dict_keys(['example_bash_operator']) retrieved from /home/airflow/.local/lib/python3.8/site-packages/airflow/example_dags/example_bash_operator.py
[2023-12-01T22:21:52.020+0000] {logging_mixin.py:154} INFO - [2023-12-01T22:21:52.020+0000] {dag.py:2941} INFO - Sync 1 DAGs
[2023-12-01T22:21:52.039+0000] {logging_mixin.py:154} INFO - [2023-12-01T22:21:52.039+0000] {dag.py:3722} INFO - Setting next_dagrun for example_bash_operator to 2023-11-30T00:00:00+00:00, run_after=2023-12-01T00:00:00+00:00
[2023-12-01T22:21:52.054+0000] {processor.py:179} INFO - Processing /home/airflow/.local/lib/python3.8/site-packages/airflow/example_dags/example_bash_operator.py took 0.069 seconds
[2023-12-01T22:22:22.396+0000] {processor.py:157} INFO - Started process (PID=152) to work on /home/airflow/.local/lib/python3.8/site-packages/airflow/example_dags/example_bash_operator.py
[2023-12-01T22:22:22.396+0000] {processor.py:829} INFO - Processing file /home/airflow/.local/lib/python3.8/site-packages/airflow/example_dags/example_bash_operator.py for tasks to queue
[2023-12-01T22:22:22.398+0000] {logging_mixin.py:154} INFO - [2023-12-01T22:22:22.398+0000] {dagbag.py:536} INFO - Filling up the DagBag from /home/airflow/.local/lib/python3.8/site-packages/airflow/example_dags/example_bash_operator.py
[2023-12-01T22:22:22.405+0000] {processor.py:839} INFO - DAG(s) dict_keys(['example_bash_operator']) retrieved from /home/airflow/.local/lib/python3.8/site-packages/airflow/example_dags/example_bash_operator.py
[2023-12-01T22:22:22.427+0000] {logging_mixin.py:154} INFO - [2023-12-01T22:22:22.427+0000] {dag.py:2941} INFO - Sync 1 DAGs
[2023-12-01T22:22:22.451+0000] {logging_mixin.py:154} INFO - [2023-12-01T22:22:22.451+0000] {dag.py:3722} INFO - Setting next_dagrun for example_bash_operator to 2023-11-30T00:00:00+00:00, run_after=2023-12-01T00:00:00+00:00
[2023-12-01T22:22:22.467+0000] {processor.py:179} INFO - Processing /home/airflow/.local/lib/python3.8/site-packages/airflow/example_dags/example_bash_operator.py took 0.074 seconds
[2023-12-01T22:22:52.676+0000] {processor.py:157} INFO - Started process (PID=206) to work on /home/airflow/.local/lib/python3.8/site-packages/airflow/example_dags/example_bash_operator.py
[2023-12-01T22:22:52.677+0000] {processor.py:829} INFO - Processing file /home/airflow/.local/lib/python3.8/site-packages/airflow/example_dags/example_bash_operator.py for tasks to queue
[2023-12-01T22:22:52.679+0000] {logging_mixin.py:154} INFO - [2023-12-01T22:22:52.679+0000] {dagbag.py:536} INFO - Filling up the DagBag from /home/airflow/.local/lib/python3.8/site-packages/airflow/example_dags/example_bash_operator.py
[2023-12-01T22:22:52.686+0000] {processor.py:839} INFO - DAG(s) dict_keys(['example_bash_operator']) retrieved from /home/airflow/.local/lib/python3.8/site-packages/airflow/example_dags/example_bash_operator.py
[2023-12-01T22:22:52.707+0000] {logging_mixin.py:154} INFO - [2023-12-01T22:22:52.707+0000] {dag.py:2941} INFO - Sync 1 DAGs
[2023-12-01T22:22:52.726+0000] {logging_mixin.py:154} INFO - [2023-12-01T22:22:52.726+0000] {dag.py:3722} INFO - Setting next_dagrun for example_bash_operator to 2023-11-30T00:00:00+00:00, run_after=2023-12-01T00:00:00+00:00
[2023-12-01T22:22:52.745+0000] {processor.py:179} INFO - Processing /home/airflow/.local/lib/python3.8/site-packages/airflow/example_dags/example_bash_operator.py took 0.071 seconds
[2023-12-01T22:23:22.827+0000] {processor.py:157} INFO - Started process (PID=260) to work on /home/airflow/.local/lib/python3.8/site-packages/airflow/example_dags/example_bash_operator.py
[2023-12-01T22:23:22.828+0000] {processor.py:829} INFO - Processing file /home/airflow/.local/lib/python3.8/site-packages/airflow/example_dags/example_bash_operator.py for tasks to queue
[2023-12-01T22:23:22.829+0000] {logging_mixin.py:154} INFO - [2023-12-01T22:23:22.829+0000] {dagbag.py:536} INFO - Filling up the DagBag from /home/airflow/.local/lib/python3.8/site-packages/airflow/example_dags/example_bash_operator.py
[2023-12-01T22:23:22.837+0000] {processor.py:839} INFO - DAG(s) dict_keys(['example_bash_operator']) retrieved from /home/airflow/.local/lib/python3.8/site-packages/airflow/example_dags/example_bash_operator.py
[2023-12-01T22:23:22.858+0000] {logging_mixin.py:154} INFO - [2023-12-01T22:23:22.858+0000] {dag.py:2941} INFO - Sync 1 DAGs
[2023-12-01T22:23:22.876+0000] {logging_mixin.py:154} INFO - [2023-12-01T22:23:22.876+0000] {dag.py:3722} INFO - Setting next_dagrun for example_bash_operator to 2023-11-30T00:00:00+00:00, run_after=2023-12-01T00:00:00+00:00
[2023-12-01T22:23:22.889+0000] {processor.py:179} INFO - Processing /home/airflow/.local/lib/python3.8/site-packages/airflow/example_dags/example_bash_operator.py took 0.064 seconds
[2023-12-01T22:23:53.158+0000] {processor.py:157} INFO - Started process (PID=314) to work on /home/airflow/.local/lib/python3.8/site-packages/airflow/example_dags/example_bash_operator.py
[2023-12-01T22:23:53.159+0000] {processor.py:829} INFO - Processing file /home/airflow/.local/lib/python3.8/site-packages/airflow/example_dags/example_bash_operator.py for tasks to queue
[2023-12-01T22:23:53.161+0000] {logging_mixin.py:154} INFO - [2023-12-01T22:23:53.160+0000] {dagbag.py:536} INFO - Filling up the DagBag from /home/airflow/.local/lib/python3.8/site-packages/airflow/example_dags/example_bash_operator.py
[2023-12-01T22:23:53.169+0000] {processor.py:839} INFO - DAG(s) dict_keys(['example_bash_operator']) retrieved from /home/airflow/.local/lib/python3.8/site-packages/airflow/example_dags/example_bash_operator.py
[2023-12-01T22:23:53.191+0000] {logging_mixin.py:154} INFO - [2023-12-01T22:23:53.190+0000] {dag.py:2941} INFO - Sync 1 DAGs
[2023-12-01T22:23:53.208+0000] {logging_mixin.py:154} INFO - [2023-12-01T22:23:53.208+0000] {dag.py:3722} INFO - Setting next_dagrun for example_bash_operator to 2023-11-30T00:00:00+00:00, run_after=2023-12-01T00:00:00+00:00
[2023-12-01T22:23:53.220+0000] {processor.py:179} INFO - Processing /home/airflow/.local/lib/python3.8/site-packages/airflow/example_dags/example_bash_operator.py took 0.064 seconds
[2023-12-01T22:24:23.369+0000] {processor.py:157} INFO - Started process (PID=368) to work on /home/airflow/.local/lib/python3.8/site-packages/airflow/example_dags/example_bash_operator.py
[2023-12-01T22:24:23.370+0000] {processor.py:829} INFO - Processing file /home/airflow/.local/lib/python3.8/site-packages/airflow/example_dags/example_bash_operator.py for tasks to queue
[2023-12-01T22:24:23.371+0000] {logging_mixin.py:154} INFO - [2023-12-01T22:24:23.371+0000] {dagbag.py:536} INFO - Filling up the DagBag from /home/airflow/.local/lib/python3.8/site-packages/airflow/example_dags/example_bash_operator.py
[2023-12-01T22:24:23.380+0000] {processor.py:839} INFO - DAG(s) dict_keys(['example_bash_operator']) retrieved from /home/airflow/.local/lib/python3.8/site-packages/airflow/example_dags/example_bash_operator.py
[2023-12-01T22:24:23.406+0000] {logging_mixin.py:154} INFO - [2023-12-01T22:24:23.406+0000] {dag.py:2941} INFO - Sync 1 DAGs
[2023-12-01T22:24:23.425+0000] {logging_mixin.py:154} INFO - [2023-12-01T22:24:23.425+0000] {dag.py:3722} INFO - Setting next_dagrun for example_bash_operator to 2023-11-30T00:00:00+00:00, run_after=2023-12-01T00:00:00+00:00
[2023-12-01T22:24:23.439+0000] {processor.py:179} INFO - Processing /home/airflow/.local/lib/python3.8/site-packages/airflow/example_dags/example_bash_operator.py took 0.072 seconds
[2023-12-01T22:24:54.353+0000] {processor.py:157} INFO - Started process (PID=422) to work on /home/airflow/.local/lib/python3.8/site-packages/airflow/example_dags/example_bash_operator.py
[2023-12-01T22:24:54.354+0000] {processor.py:829} INFO - Processing file /home/airflow/.local/lib/python3.8/site-packages/airflow/example_dags/example_bash_operator.py for tasks to queue
[2023-12-01T22:24:54.356+0000] {logging_mixin.py:154} INFO - [2023-12-01T22:24:54.356+0000] {dagbag.py:536} INFO - Filling up the DagBag from /home/airflow/.local/lib/python3.8/site-packages/airflow/example_dags/example_bash_operator.py
[2023-12-01T22:24:54.363+0000] {processor.py:839} INFO - DAG(s) dict_keys(['example_bash_operator']) retrieved from /home/airflow/.local/lib/python3.8/site-packages/airflow/example_dags/example_bash_operator.py
[2023-12-01T22:24:54.384+0000] {logging_mixin.py:154} INFO - [2023-12-01T22:24:54.384+0000] {dag.py:2941} INFO - Sync 1 DAGs
[2023-12-01T22:24:54.402+0000] {logging_mixin.py:154} INFO - [2023-12-01T22:24:54.402+0000] {dag.py:3722} INFO - Setting next_dagrun for example_bash_operator to 2023-11-30T00:00:00+00:00, run_after=2023-12-01T00:00:00+00:00
[2023-12-01T22:24:54.417+0000] {processor.py:179} INFO - Processing /home/airflow/.local/lib/python3.8/site-packages/airflow/example_dags/example_bash_operator.py took 0.065 seconds
[2023-12-01T22:25:24.435+0000] {processor.py:157} INFO - Started process (PID=476) to work on /home/airflow/.local/lib/python3.8/site-packages/airflow/example_dags/example_bash_operator.py
[2023-12-01T22:25:24.436+0000] {processor.py:829} INFO - Processing file /home/airflow/.local/lib/python3.8/site-packages/airflow/example_dags/example_bash_operator.py for tasks to queue
[2023-12-01T22:25:24.438+0000] {logging_mixin.py:154} INFO - [2023-12-01T22:25:24.438+0000] {dagbag.py:536} INFO - Filling up the DagBag from /home/airflow/.local/lib/python3.8/site-packages/airflow/example_dags/example_bash_operator.py
[2023-12-01T22:25:24.445+0000] {processor.py:839} INFO - DAG(s) dict_keys(['example_bash_operator']) retrieved from /home/airflow/.local/lib/python3.8/site-packages/airflow/example_dags/example_bash_operator.py
[2023-12-01T22:25:24.467+0000] {logging_mixin.py:154} INFO - [2023-12-01T22:25:24.467+0000] {dag.py:2941} INFO - Sync 1 DAGs
[2023-12-01T22:25:24.484+0000] {logging_mixin.py:154} INFO - [2023-12-01T22:25:24.484+0000] {dag.py:3722} INFO - Setting next_dagrun for example_bash_operator to 2023-11-30T00:00:00+00:00, run_after=2023-12-01T00:00:00+00:00
[2023-12-01T22:25:24.498+0000] {processor.py:179} INFO - Processing /home/airflow/.local/lib/python3.8/site-packages/airflow/example_dags/example_bash_operator.py took 0.064 seconds
[2023-12-01T22:25:54.614+0000] {processor.py:157} INFO - Started process (PID=530) to work on /home/airflow/.local/lib/python3.8/site-packages/airflow/example_dags/example_bash_operator.py
[2023-12-01T22:25:54.615+0000] {processor.py:829} INFO - Processing file /home/airflow/.local/lib/python3.8/site-packages/airflow/example_dags/example_bash_operator.py for tasks to queue
[2023-12-01T22:25:54.616+0000] {logging_mixin.py:154} INFO - [2023-12-01T22:25:54.616+0000] {dagbag.py:536} INFO - Filling up the DagBag from /home/airflow/.local/lib/python3.8/site-packages/airflow/example_dags/example_bash_operator.py
[2023-12-01T22:25:54.624+0000] {processor.py:839} INFO - DAG(s) dict_keys(['example_bash_operator']) retrieved from /home/airflow/.local/lib/python3.8/site-packages/airflow/example_dags/example_bash_operator.py
[2023-12-01T22:25:54.645+0000] {logging_mixin.py:154} INFO - [2023-12-01T22:25:54.644+0000] {dag.py:2941} INFO - Sync 1 DAGs
[2023-12-01T22:25:54.662+0000] {logging_mixin.py:154} INFO - [2023-12-01T22:25:54.662+0000] {dag.py:3722} INFO - Setting next_dagrun for example_bash_operator to 2023-11-30T00:00:00+00:00, run_after=2023-12-01T00:00:00+00:00
[2023-12-01T22:25:54.675+0000] {processor.py:179} INFO - Processing /home/airflow/.local/lib/python3.8/site-packages/airflow/example_dags/example_bash_operator.py took 0.063 seconds
[2023-12-01T22:26:24.736+0000] {processor.py:157} INFO - Started process (PID=584) to work on /home/airflow/.local/lib/python3.8/site-packages/airflow/example_dags/example_bash_operator.py
[2023-12-01T22:26:24.737+0000] {processor.py:829} INFO - Processing file /home/airflow/.local/lib/python3.8/site-packages/airflow/example_dags/example_bash_operator.py for tasks to queue
[2023-12-01T22:26:24.739+0000] {logging_mixin.py:154} INFO - [2023-12-01T22:26:24.739+0000] {dagbag.py:536} INFO - Filling up the DagBag from /home/airflow/.local/lib/python3.8/site-packages/airflow/example_dags/example_bash_operator.py
[2023-12-01T22:26:24.746+0000] {processor.py:839} INFO - DAG(s) dict_keys(['example_bash_operator']) retrieved from /home/airflow/.local/lib/python3.8/site-packages/airflow/example_dags/example_bash_operator.py
[2023-12-01T22:26:24.766+0000] {logging_mixin.py:154} INFO - [2023-12-01T22:26:24.766+0000] {dag.py:2941} INFO - Sync 1 DAGs
[2023-12-01T22:26:24.782+0000] {logging_mixin.py:154} INFO - [2023-12-01T22:26:24.782+0000] {dag.py:3722} INFO - Setting next_dagrun for example_bash_operator to 2023-11-30T00:00:00+00:00, run_after=2023-12-01T00:00:00+00:00
[2023-12-01T22:26:24.796+0000] {processor.py:179} INFO - Processing /home/airflow/.local/lib/python3.8/site-packages/airflow/example_dags/example_bash_operator.py took 0.062 seconds
[2023-12-01T22:26:54.894+0000] {processor.py:157} INFO - Started process (PID=638) to work on /home/airflow/.local/lib/python3.8/site-packages/airflow/example_dags/example_bash_operator.py
[2023-12-01T22:26:54.895+0000] {processor.py:829} INFO - Processing file /home/airflow/.local/lib/python3.8/site-packages/airflow/example_dags/example_bash_operator.py for tasks to queue
[2023-12-01T22:26:54.896+0000] {logging_mixin.py:154} INFO - [2023-12-01T22:26:54.896+0000] {dagbag.py:536} INFO - Filling up the DagBag from /home/airflow/.local/lib/python3.8/site-packages/airflow/example_dags/example_bash_operator.py
[2023-12-01T22:26:54.904+0000] {processor.py:839} INFO - DAG(s) dict_keys(['example_bash_operator']) retrieved from /home/airflow/.local/lib/python3.8/site-packages/airflow/example_dags/example_bash_operator.py
[2023-12-01T22:26:54.926+0000] {logging_mixin.py:154} INFO - [2023-12-01T22:26:54.926+0000] {dag.py:2941} INFO - Sync 1 DAGs
[2023-12-01T22:26:54.944+0000] {logging_mixin.py:154} INFO - [2023-12-01T22:26:54.944+0000] {dag.py:3722} INFO - Setting next_dagrun for example_bash_operator to 2023-11-30T00:00:00+00:00, run_after=2023-12-01T00:00:00+00:00
[2023-12-01T22:26:54.957+0000] {processor.py:179} INFO - Processing /home/airflow/.local/lib/python3.8/site-packages/airflow/example_dags/example_bash_operator.py took 0.065 seconds
[2023-12-01T22:27:25.033+0000] {processor.py:157} INFO - Started process (PID=692) to work on /home/airflow/.local/lib/python3.8/site-packages/airflow/example_dags/example_bash_operator.py
[2023-12-01T22:27:25.034+0000] {processor.py:829} INFO - Processing file /home/airflow/.local/lib/python3.8/site-packages/airflow/example_dags/example_bash_operator.py for tasks to queue
[2023-12-01T22:27:25.035+0000] {logging_mixin.py:154} INFO - [2023-12-01T22:27:25.035+0000] {dagbag.py:536} INFO - Filling up the DagBag from /home/airflow/.local/lib/python3.8/site-packages/airflow/example_dags/example_bash_operator.py
[2023-12-01T22:27:25.043+0000] {processor.py:839} INFO - DAG(s) dict_keys(['example_bash_operator']) retrieved from /home/airflow/.local/lib/python3.8/site-packages/airflow/example_dags/example_bash_operator.py
[2023-12-01T22:27:25.063+0000] {logging_mixin.py:154} INFO - [2023-12-01T22:27:25.063+0000] {dag.py:2941} INFO - Sync 1 DAGs
[2023-12-01T22:27:25.081+0000] {logging_mixin.py:154} INFO - [2023-12-01T22:27:25.081+0000] {dag.py:3722} INFO - Setting next_dagrun for example_bash_operator to 2023-11-30T00:00:00+00:00, run_after=2023-12-01T00:00:00+00:00
[2023-12-01T22:27:25.095+0000] {processor.py:179} INFO - Processing /home/airflow/.local/lib/python3.8/site-packages/airflow/example_dags/example_bash_operator.py took 0.064 seconds
[2023-12-01T22:27:55.893+0000] {processor.py:157} INFO - Started process (PID=746) to work on /home/airflow/.local/lib/python3.8/site-packages/airflow/example_dags/example_bash_operator.py
[2023-12-01T22:27:55.894+0000] {processor.py:829} INFO - Processing file /home/airflow/.local/lib/python3.8/site-packages/airflow/example_dags/example_bash_operator.py for tasks to queue
[2023-12-01T22:27:55.896+0000] {logging_mixin.py:154} INFO - [2023-12-01T22:27:55.896+0000] {dagbag.py:536} INFO - Filling up the DagBag from /home/airflow/.local/lib/python3.8/site-packages/airflow/example_dags/example_bash_operator.py
[2023-12-01T22:27:55.903+0000] {processor.py:839} INFO - DAG(s) dict_keys(['example_bash_operator']) retrieved from /home/airflow/.local/lib/python3.8/site-packages/airflow/example_dags/example_bash_operator.py
[2023-12-01T22:27:55.924+0000] {logging_mixin.py:154} INFO - [2023-12-01T22:27:55.924+0000] {dag.py:2941} INFO - Sync 1 DAGs
[2023-12-01T22:27:55.942+0000] {logging_mixin.py:154} INFO - [2023-12-01T22:27:55.942+0000] {dag.py:3722} INFO - Setting next_dagrun for example_bash_operator to 2023-11-30T00:00:00+00:00, run_after=2023-12-01T00:00:00+00:00
[2023-12-01T22:27:55.955+0000] {processor.py:179} INFO - Processing /home/airflow/.local/lib/python3.8/site-packages/airflow/example_dags/example_bash_operator.py took 0.064 seconds
[2023-12-01T22:28:26.020+0000] {processor.py:157} INFO - Started process (PID=800) to work on /home/airflow/.local/lib/python3.8/site-packages/airflow/example_dags/example_bash_operator.py
[2023-12-01T22:28:26.020+0000] {processor.py:829} INFO - Processing file /home/airflow/.local/lib/python3.8/site-packages/airflow/example_dags/example_bash_operator.py for tasks to queue
[2023-12-01T22:28:26.022+0000] {logging_mixin.py:154} INFO - [2023-12-01T22:28:26.022+0000] {dagbag.py:536} INFO - Filling up the DagBag from /home/airflow/.local/lib/python3.8/site-packages/airflow/example_dags/example_bash_operator.py
[2023-12-01T22:28:26.030+0000] {processor.py:839} INFO - DAG(s) dict_keys(['example_bash_operator']) retrieved from /home/airflow/.local/lib/python3.8/site-packages/airflow/example_dags/example_bash_operator.py
[2023-12-01T22:28:26.050+0000] {logging_mixin.py:154} INFO - [2023-12-01T22:28:26.050+0000] {dag.py:2941} INFO - Sync 1 DAGs
[2023-12-01T22:28:26.067+0000] {logging_mixin.py:154} INFO - [2023-12-01T22:28:26.067+0000] {dag.py:3722} INFO - Setting next_dagrun for example_bash_operator to 2023-11-30T00:00:00+00:00, run_after=2023-12-01T00:00:00+00:00
[2023-12-01T22:28:26.079+0000] {processor.py:179} INFO - Processing /home/airflow/.local/lib/python3.8/site-packages/airflow/example_dags/example_bash_operator.py took 0.061 seconds
[2023-12-01T22:28:56.138+0000] {processor.py:157} INFO - Started process (PID=854) to work on /home/airflow/.local/lib/python3.8/site-packages/airflow/example_dags/example_bash_operator.py
[2023-12-01T22:28:56.139+0000] {processor.py:829} INFO - Processing file /home/airflow/.local/lib/python3.8/site-packages/airflow/example_dags/example_bash_operator.py for tasks to queue
[2023-12-01T22:28:56.142+0000] {logging_mixin.py:154} INFO - [2023-12-01T22:28:56.142+0000] {dagbag.py:536} INFO - Filling up the DagBag from /home/airflow/.local/lib/python3.8/site-packages/airflow/example_dags/example_bash_operator.py
[2023-12-01T22:28:56.151+0000] {processor.py:839} INFO - DAG(s) dict_keys(['example_bash_operator']) retrieved from /home/airflow/.local/lib/python3.8/site-packages/airflow/example_dags/example_bash_operator.py
[2023-12-01T22:28:56.173+0000] {logging_mixin.py:154} INFO - [2023-12-01T22:28:56.173+0000] {dag.py:2941} INFO - Sync 1 DAGs
[2023-12-01T22:28:56.190+0000] {logging_mixin.py:154} INFO - [2023-12-01T22:28:56.190+0000] {dag.py:3722} INFO - Setting next_dagrun for example_bash_operator to 2023-11-30T00:00:00+00:00, run_after=2023-12-01T00:00:00+00:00
[2023-12-01T22:28:56.205+0000] {processor.py:179} INFO - Processing /home/airflow/.local/lib/python3.8/site-packages/airflow/example_dags/example_bash_operator.py took 0.069 seconds
[2023-12-01T22:29:26.258+0000] {processor.py:157} INFO - Started process (PID=908) to work on /home/airflow/.local/lib/python3.8/site-packages/airflow/example_dags/example_bash_operator.py
[2023-12-01T22:29:26.259+0000] {processor.py:829} INFO - Processing file /home/airflow/.local/lib/python3.8/site-packages/airflow/example_dags/example_bash_operator.py for tasks to queue
[2023-12-01T22:29:26.260+0000] {logging_mixin.py:154} INFO - [2023-12-01T22:29:26.260+0000] {dagbag.py:536} INFO - Filling up the DagBag from /home/airflow/.local/lib/python3.8/site-packages/airflow/example_dags/example_bash_operator.py
[2023-12-01T22:29:26.268+0000] {processor.py:839} INFO - DAG(s) dict_keys(['example_bash_operator']) retrieved from /home/airflow/.local/lib/python3.8/site-packages/airflow/example_dags/example_bash_operator.py
[2023-12-01T22:29:26.287+0000] {logging_mixin.py:154} INFO - [2023-12-01T22:29:26.287+0000] {dag.py:2941} INFO - Sync 1 DAGs
[2023-12-01T22:29:26.305+0000] {logging_mixin.py:154} INFO - [2023-12-01T22:29:26.305+0000] {dag.py:3722} INFO - Setting next_dagrun for example_bash_operator to 2023-11-30T00:00:00+00:00, run_after=2023-12-01T00:00:00+00:00
[2023-12-01T22:29:26.318+0000] {processor.py:179} INFO - Processing /home/airflow/.local/lib/python3.8/site-packages/airflow/example_dags/example_bash_operator.py took 0.062 seconds
[2023-12-01T22:29:56.537+0000] {processor.py:157} INFO - Started process (PID=962) to work on /home/airflow/.local/lib/python3.8/site-packages/airflow/example_dags/example_bash_operator.py
[2023-12-01T22:29:56.538+0000] {processor.py:829} INFO - Processing file /home/airflow/.local/lib/python3.8/site-packages/airflow/example_dags/example_bash_operator.py for tasks to queue
[2023-12-01T22:29:56.540+0000] {logging_mixin.py:154} INFO - [2023-12-01T22:29:56.540+0000] {dagbag.py:536} INFO - Filling up the DagBag from /home/airflow/.local/lib/python3.8/site-packages/airflow/example_dags/example_bash_operator.py
[2023-12-01T22:29:56.548+0000] {processor.py:839} INFO - DAG(s) dict_keys(['example_bash_operator']) retrieved from /home/airflow/.local/lib/python3.8/site-packages/airflow/example_dags/example_bash_operator.py
[2023-12-01T22:29:56.568+0000] {logging_mixin.py:154} INFO - [2023-12-01T22:29:56.568+0000] {dag.py:2941} INFO - Sync 1 DAGs
[2023-12-01T22:29:56.585+0000] {logging_mixin.py:154} INFO - [2023-12-01T22:29:56.585+0000] {dag.py:3722} INFO - Setting next_dagrun for example_bash_operator to 2023-11-30T00:00:00+00:00, run_after=2023-12-01T00:00:00+00:00
[2023-12-01T22:29:56.599+0000] {processor.py:179} INFO - Processing /home/airflow/.local/lib/python3.8/site-packages/airflow/example_dags/example_bash_operator.py took 0.064 seconds
[2023-12-01T22:30:26.662+0000] {processor.py:157} INFO - Started process (PID=1016) to work on /home/airflow/.local/lib/python3.8/site-packages/airflow/example_dags/example_bash_operator.py
[2023-12-01T22:30:26.663+0000] {processor.py:829} INFO - Processing file /home/airflow/.local/lib/python3.8/site-packages/airflow/example_dags/example_bash_operator.py for tasks to queue
[2023-12-01T22:30:26.664+0000] {logging_mixin.py:154} INFO - [2023-12-01T22:30:26.664+0000] {dagbag.py:536} INFO - Filling up the DagBag from /home/airflow/.local/lib/python3.8/site-packages/airflow/example_dags/example_bash_operator.py
[2023-12-01T22:30:26.672+0000] {processor.py:839} INFO - DAG(s) dict_keys(['example_bash_operator']) retrieved from /home/airflow/.local/lib/python3.8/site-packages/airflow/example_dags/example_bash_operator.py
[2023-12-01T22:30:26.693+0000] {logging_mixin.py:154} INFO - [2023-12-01T22:30:26.693+0000] {dag.py:2941} INFO - Sync 1 DAGs
[2023-12-01T22:30:26.712+0000] {logging_mixin.py:154} INFO - [2023-12-01T22:30:26.712+0000] {dag.py:3722} INFO - Setting next_dagrun for example_bash_operator to 2023-11-30T00:00:00+00:00, run_after=2023-12-01T00:00:00+00:00
[2023-12-01T22:30:26.726+0000] {processor.py:179} INFO - Processing /home/airflow/.local/lib/python3.8/site-packages/airflow/example_dags/example_bash_operator.py took 0.066 seconds
[2023-12-01T22:30:56.868+0000] {processor.py:157} INFO - Started process (PID=1070) to work on /home/airflow/.local/lib/python3.8/site-packages/airflow/example_dags/example_bash_operator.py
[2023-12-01T22:30:56.869+0000] {processor.py:829} INFO - Processing file /home/airflow/.local/lib/python3.8/site-packages/airflow/example_dags/example_bash_operator.py for tasks to queue
[2023-12-01T22:30:56.870+0000] {logging_mixin.py:154} INFO - [2023-12-01T22:30:56.870+0000] {dagbag.py:536} INFO - Filling up the DagBag from /home/airflow/.local/lib/python3.8/site-packages/airflow/example_dags/example_bash_operator.py
[2023-12-01T22:30:56.878+0000] {processor.py:839} INFO - DAG(s) dict_keys(['example_bash_operator']) retrieved from /home/airflow/.local/lib/python3.8/site-packages/airflow/example_dags/example_bash_operator.py
[2023-12-01T22:30:56.899+0000] {logging_mixin.py:154} INFO - [2023-12-01T22:30:56.899+0000] {dag.py:2941} INFO - Sync 1 DAGs
[2023-12-01T22:30:56.917+0000] {logging_mixin.py:154} INFO - [2023-12-01T22:30:56.917+0000] {dag.py:3722} INFO - Setting next_dagrun for example_bash_operator to 2023-11-30T00:00:00+00:00, run_after=2023-12-01T00:00:00+00:00
[2023-12-01T22:30:56.931+0000] {processor.py:179} INFO - Processing /home/airflow/.local/lib/python3.8/site-packages/airflow/example_dags/example_bash_operator.py took 0.065 seconds
[2023-12-01T22:31:26.998+0000] {processor.py:157} INFO - Started process (PID=1124) to work on /home/airflow/.local/lib/python3.8/site-packages/airflow/example_dags/example_bash_operator.py
[2023-12-01T22:31:26.999+0000] {processor.py:829} INFO - Processing file /home/airflow/.local/lib/python3.8/site-packages/airflow/example_dags/example_bash_operator.py for tasks to queue
[2023-12-01T22:31:27.001+0000] {logging_mixin.py:154} INFO - [2023-12-01T22:31:27.000+0000] {dagbag.py:536} INFO - Filling up the DagBag from /home/airflow/.local/lib/python3.8/site-packages/airflow/example_dags/example_bash_operator.py
[2023-12-01T22:31:27.010+0000] {processor.py:839} INFO - DAG(s) dict_keys(['example_bash_operator']) retrieved from /home/airflow/.local/lib/python3.8/site-packages/airflow/example_dags/example_bash_operator.py
[2023-12-01T22:31:27.030+0000] {logging_mixin.py:154} INFO - [2023-12-01T22:31:27.030+0000] {dag.py:2941} INFO - Sync 1 DAGs
[2023-12-01T22:31:27.048+0000] {logging_mixin.py:154} INFO - [2023-12-01T22:31:27.048+0000] {dag.py:3722} INFO - Setting next_dagrun for example_bash_operator to 2023-11-30T00:00:00+00:00, run_after=2023-12-01T00:00:00+00:00
[2023-12-01T22:31:27.062+0000] {processor.py:179} INFO - Processing /home/airflow/.local/lib/python3.8/site-packages/airflow/example_dags/example_bash_operator.py took 0.066 seconds
[2023-12-01T22:31:57.094+0000] {processor.py:157} INFO - Started process (PID=1179) to work on /home/airflow/.local/lib/python3.8/site-packages/airflow/example_dags/example_bash_operator.py
[2023-12-01T22:31:57.095+0000] {processor.py:829} INFO - Processing file /home/airflow/.local/lib/python3.8/site-packages/airflow/example_dags/example_bash_operator.py for tasks to queue
[2023-12-01T22:31:57.097+0000] {logging_mixin.py:154} INFO - [2023-12-01T22:31:57.096+0000] {dagbag.py:536} INFO - Filling up the DagBag from /home/airflow/.local/lib/python3.8/site-packages/airflow/example_dags/example_bash_operator.py
[2023-12-01T22:31:57.104+0000] {processor.py:839} INFO - DAG(s) dict_keys(['example_bash_operator']) retrieved from /home/airflow/.local/lib/python3.8/site-packages/airflow/example_dags/example_bash_operator.py
[2023-12-01T22:31:57.125+0000] {logging_mixin.py:154} INFO - [2023-12-01T22:31:57.125+0000] {dag.py:2941} INFO - Sync 1 DAGs
[2023-12-01T22:31:57.142+0000] {logging_mixin.py:154} INFO - [2023-12-01T22:31:57.142+0000] {dag.py:3722} INFO - Setting next_dagrun for example_bash_operator to 2023-11-30T00:00:00+00:00, run_after=2023-12-01T00:00:00+00:00
[2023-12-01T22:31:57.154+0000] {processor.py:179} INFO - Processing /home/airflow/.local/lib/python3.8/site-packages/airflow/example_dags/example_bash_operator.py took 0.062 seconds
[2023-12-01T22:32:27.217+0000] {processor.py:157} INFO - Started process (PID=1232) to work on /home/airflow/.local/lib/python3.8/site-packages/airflow/example_dags/example_bash_operator.py
[2023-12-01T22:32:27.218+0000] {processor.py:829} INFO - Processing file /home/airflow/.local/lib/python3.8/site-packages/airflow/example_dags/example_bash_operator.py for tasks to queue
[2023-12-01T22:32:27.220+0000] {logging_mixin.py:154} INFO - [2023-12-01T22:32:27.219+0000] {dagbag.py:536} INFO - Filling up the DagBag from /home/airflow/.local/lib/python3.8/site-packages/airflow/example_dags/example_bash_operator.py
[2023-12-01T22:32:27.227+0000] {processor.py:839} INFO - DAG(s) dict_keys(['example_bash_operator']) retrieved from /home/airflow/.local/lib/python3.8/site-packages/airflow/example_dags/example_bash_operator.py
[2023-12-01T22:32:27.248+0000] {logging_mixin.py:154} INFO - [2023-12-01T22:32:27.248+0000] {dag.py:2941} INFO - Sync 1 DAGs
[2023-12-01T22:32:27.267+0000] {logging_mixin.py:154} INFO - [2023-12-01T22:32:27.267+0000] {dag.py:3722} INFO - Setting next_dagrun for example_bash_operator to 2023-11-30T00:00:00+00:00, run_after=2023-12-01T00:00:00+00:00
[2023-12-01T22:32:27.280+0000] {processor.py:179} INFO - Processing /home/airflow/.local/lib/python3.8/site-packages/airflow/example_dags/example_bash_operator.py took 0.066 seconds
[2023-12-01T22:32:57.593+0000] {processor.py:157} INFO - Started process (PID=1286) to work on /home/airflow/.local/lib/python3.8/site-packages/airflow/example_dags/example_bash_operator.py
[2023-12-01T22:32:57.594+0000] {processor.py:829} INFO - Processing file /home/airflow/.local/lib/python3.8/site-packages/airflow/example_dags/example_bash_operator.py for tasks to queue
[2023-12-01T22:32:57.596+0000] {logging_mixin.py:154} INFO - [2023-12-01T22:32:57.596+0000] {dagbag.py:536} INFO - Filling up the DagBag from /home/airflow/.local/lib/python3.8/site-packages/airflow/example_dags/example_bash_operator.py
[2023-12-01T22:32:57.604+0000] {processor.py:839} INFO - DAG(s) dict_keys(['example_bash_operator']) retrieved from /home/airflow/.local/lib/python3.8/site-packages/airflow/example_dags/example_bash_operator.py
[2023-12-01T22:32:57.629+0000] {logging_mixin.py:154} INFO - [2023-12-01T22:32:57.628+0000] {dag.py:2941} INFO - Sync 1 DAGs
[2023-12-01T22:32:57.654+0000] {logging_mixin.py:154} INFO - [2023-12-01T22:32:57.654+0000] {dag.py:3722} INFO - Setting next_dagrun for example_bash_operator to 2023-11-30T00:00:00+00:00, run_after=2023-12-01T00:00:00+00:00
[2023-12-01T22:32:57.669+0000] {processor.py:179} INFO - Processing /home/airflow/.local/lib/python3.8/site-packages/airflow/example_dags/example_bash_operator.py took 0.078 seconds
[2023-12-01T22:33:27.898+0000] {processor.py:157} INFO - Started process (PID=1341) to work on /home/airflow/.local/lib/python3.8/site-packages/airflow/example_dags/example_bash_operator.py
[2023-12-01T22:33:27.899+0000] {processor.py:829} INFO - Processing file /home/airflow/.local/lib/python3.8/site-packages/airflow/example_dags/example_bash_operator.py for tasks to queue
[2023-12-01T22:33:27.901+0000] {logging_mixin.py:154} INFO - [2023-12-01T22:33:27.901+0000] {dagbag.py:536} INFO - Filling up the DagBag from /home/airflow/.local/lib/python3.8/site-packages/airflow/example_dags/example_bash_operator.py
[2023-12-01T22:33:27.909+0000] {processor.py:839} INFO - DAG(s) dict_keys(['example_bash_operator']) retrieved from /home/airflow/.local/lib/python3.8/site-packages/airflow/example_dags/example_bash_operator.py
[2023-12-01T22:33:27.931+0000] {logging_mixin.py:154} INFO - [2023-12-01T22:33:27.931+0000] {dag.py:2941} INFO - Sync 1 DAGs
[2023-12-01T22:33:27.948+0000] {logging_mixin.py:154} INFO - [2023-12-01T22:33:27.947+0000] {dag.py:3722} INFO - Setting next_dagrun for example_bash_operator to 2023-11-30T00:00:00+00:00, run_after=2023-12-01T00:00:00+00:00
[2023-12-01T22:33:27.963+0000] {processor.py:179} INFO - Processing /home/airflow/.local/lib/python3.8/site-packages/airflow/example_dags/example_bash_operator.py took 0.066 seconds
[2023-12-01T22:33:58.188+0000] {processor.py:157} INFO - Started process (PID=1395) to work on /home/airflow/.local/lib/python3.8/site-packages/airflow/example_dags/example_bash_operator.py
[2023-12-01T22:33:58.189+0000] {processor.py:829} INFO - Processing file /home/airflow/.local/lib/python3.8/site-packages/airflow/example_dags/example_bash_operator.py for tasks to queue
[2023-12-01T22:33:58.191+0000] {logging_mixin.py:154} INFO - [2023-12-01T22:33:58.191+0000] {dagbag.py:536} INFO - Filling up the DagBag from /home/airflow/.local/lib/python3.8/site-packages/airflow/example_dags/example_bash_operator.py
[2023-12-01T22:33:58.199+0000] {processor.py:839} INFO - DAG(s) dict_keys(['example_bash_operator']) retrieved from /home/airflow/.local/lib/python3.8/site-packages/airflow/example_dags/example_bash_operator.py
[2023-12-01T22:33:58.230+0000] {logging_mixin.py:154} INFO - [2023-12-01T22:33:58.230+0000] {dag.py:2941} INFO - Sync 1 DAGs
[2023-12-01T22:33:58.250+0000] {logging_mixin.py:154} INFO - [2023-12-01T22:33:58.250+0000] {dag.py:3722} INFO - Setting next_dagrun for example_bash_operator to 2023-11-30T00:00:00+00:00, run_after=2023-12-01T00:00:00+00:00
[2023-12-01T22:33:58.264+0000] {processor.py:179} INFO - Processing /home/airflow/.local/lib/python3.8/site-packages/airflow/example_dags/example_bash_operator.py took 0.079 seconds
[2023-12-01T22:34:28.504+0000] {processor.py:157} INFO - Started process (PID=1449) to work on /home/airflow/.local/lib/python3.8/site-packages/airflow/example_dags/example_bash_operator.py
[2023-12-01T22:34:28.505+0000] {processor.py:829} INFO - Processing file /home/airflow/.local/lib/python3.8/site-packages/airflow/example_dags/example_bash_operator.py for tasks to queue
[2023-12-01T22:34:28.507+0000] {logging_mixin.py:154} INFO - [2023-12-01T22:34:28.506+0000] {dagbag.py:536} INFO - Filling up the DagBag from /home/airflow/.local/lib/python3.8/site-packages/airflow/example_dags/example_bash_operator.py
[2023-12-01T22:34:28.515+0000] {processor.py:839} INFO - DAG(s) dict_keys(['example_bash_operator']) retrieved from /home/airflow/.local/lib/python3.8/site-packages/airflow/example_dags/example_bash_operator.py
[2023-12-01T22:34:28.544+0000] {logging_mixin.py:154} INFO - [2023-12-01T22:34:28.543+0000] {dag.py:2941} INFO - Sync 1 DAGs
[2023-12-01T22:34:28.568+0000] {logging_mixin.py:154} INFO - [2023-12-01T22:34:28.568+0000] {dag.py:3722} INFO - Setting next_dagrun for example_bash_operator to 2023-11-30T00:00:00+00:00, run_after=2023-12-01T00:00:00+00:00
[2023-12-01T22:34:28.587+0000] {processor.py:179} INFO - Processing /home/airflow/.local/lib/python3.8/site-packages/airflow/example_dags/example_bash_operator.py took 0.085 seconds
[2023-12-01T22:34:59.226+0000] {processor.py:157} INFO - Started process (PID=1503) to work on /home/airflow/.local/lib/python3.8/site-packages/airflow/example_dags/example_bash_operator.py
[2023-12-01T22:34:59.227+0000] {processor.py:829} INFO - Processing file /home/airflow/.local/lib/python3.8/site-packages/airflow/example_dags/example_bash_operator.py for tasks to queue
[2023-12-01T22:34:59.229+0000] {logging_mixin.py:154} INFO - [2023-12-01T22:34:59.228+0000] {dagbag.py:536} INFO - Filling up the DagBag from /home/airflow/.local/lib/python3.8/site-packages/airflow/example_dags/example_bash_operator.py
[2023-12-01T22:34:59.240+0000] {processor.py:839} INFO - DAG(s) dict_keys(['example_bash_operator']) retrieved from /home/airflow/.local/lib/python3.8/site-packages/airflow/example_dags/example_bash_operator.py
[2023-12-01T22:34:59.272+0000] {logging_mixin.py:154} INFO - [2023-12-01T22:34:59.271+0000] {dag.py:2941} INFO - Sync 1 DAGs
[2023-12-01T22:34:59.295+0000] {logging_mixin.py:154} INFO - [2023-12-01T22:34:59.295+0000] {dag.py:3722} INFO - Setting next_dagrun for example_bash_operator to 2023-11-30T00:00:00+00:00, run_after=2023-12-01T00:00:00+00:00
[2023-12-01T22:34:59.313+0000] {processor.py:179} INFO - Processing /home/airflow/.local/lib/python3.8/site-packages/airflow/example_dags/example_bash_operator.py took 0.089 seconds
[2023-12-01T22:35:29.686+0000] {processor.py:157} INFO - Started process (PID=1557) to work on /home/airflow/.local/lib/python3.8/site-packages/airflow/example_dags/example_bash_operator.py
[2023-12-01T22:35:29.687+0000] {processor.py:829} INFO - Processing file /home/airflow/.local/lib/python3.8/site-packages/airflow/example_dags/example_bash_operator.py for tasks to queue
[2023-12-01T22:35:29.689+0000] {logging_mixin.py:154} INFO - [2023-12-01T22:35:29.688+0000] {dagbag.py:536} INFO - Filling up the DagBag from /home/airflow/.local/lib/python3.8/site-packages/airflow/example_dags/example_bash_operator.py
[2023-12-01T22:35:29.697+0000] {processor.py:839} INFO - DAG(s) dict_keys(['example_bash_operator']) retrieved from /home/airflow/.local/lib/python3.8/site-packages/airflow/example_dags/example_bash_operator.py
[2023-12-01T22:35:29.720+0000] {logging_mixin.py:154} INFO - [2023-12-01T22:35:29.720+0000] {dag.py:2941} INFO - Sync 1 DAGs
[2023-12-01T22:35:29.740+0000] {logging_mixin.py:154} INFO - [2023-12-01T22:35:29.739+0000] {dag.py:3722} INFO - Setting next_dagrun for example_bash_operator to 2023-11-30T00:00:00+00:00, run_after=2023-12-01T00:00:00+00:00
[2023-12-01T22:35:29.753+0000] {processor.py:179} INFO - Processing /home/airflow/.local/lib/python3.8/site-packages/airflow/example_dags/example_bash_operator.py took 0.069 seconds
[2023-12-01T22:38:28.600+0000] {processor.py:157} INFO - Started process (PID=43) to work on /home/airflow/.local/lib/python3.8/site-packages/airflow/example_dags/example_bash_operator.py
[2023-12-01T22:38:28.601+0000] {processor.py:829} INFO - Processing file /home/airflow/.local/lib/python3.8/site-packages/airflow/example_dags/example_bash_operator.py for tasks to queue
[2023-12-01T22:38:28.603+0000] {logging_mixin.py:154} INFO - [2023-12-01T22:38:28.603+0000] {dagbag.py:536} INFO - Filling up the DagBag from /home/airflow/.local/lib/python3.8/site-packages/airflow/example_dags/example_bash_operator.py
[2023-12-01T22:38:28.620+0000] {processor.py:839} INFO - DAG(s) dict_keys(['example_bash_operator']) retrieved from /home/airflow/.local/lib/python3.8/site-packages/airflow/example_dags/example_bash_operator.py
[2023-12-01T22:38:28.633+0000] {logging_mixin.py:154} INFO - [2023-12-01T22:38:28.633+0000] {dag.py:2941} INFO - Sync 1 DAGs
[2023-12-01T22:38:28.666+0000] {logging_mixin.py:154} INFO - [2023-12-01T22:38:28.665+0000] {dag.py:3722} INFO - Setting next_dagrun for example_bash_operator to 2023-11-30T00:00:00+00:00, run_after=2023-12-01T00:00:00+00:00
[2023-12-01T22:38:28.691+0000] {processor.py:179} INFO - Processing /home/airflow/.local/lib/python3.8/site-packages/airflow/example_dags/example_bash_operator.py took 0.095 seconds
[2023-12-01T22:38:59.489+0000] {processor.py:157} INFO - Started process (PID=97) to work on /home/airflow/.local/lib/python3.8/site-packages/airflow/example_dags/example_bash_operator.py
[2023-12-01T22:38:59.490+0000] {processor.py:829} INFO - Processing file /home/airflow/.local/lib/python3.8/site-packages/airflow/example_dags/example_bash_operator.py for tasks to queue
[2023-12-01T22:38:59.492+0000] {logging_mixin.py:154} INFO - [2023-12-01T22:38:59.492+0000] {dagbag.py:536} INFO - Filling up the DagBag from /home/airflow/.local/lib/python3.8/site-packages/airflow/example_dags/example_bash_operator.py
[2023-12-01T22:38:59.500+0000] {processor.py:839} INFO - DAG(s) dict_keys(['example_bash_operator']) retrieved from /home/airflow/.local/lib/python3.8/site-packages/airflow/example_dags/example_bash_operator.py
[2023-12-01T22:38:59.522+0000] {logging_mixin.py:154} INFO - [2023-12-01T22:38:59.521+0000] {dag.py:2941} INFO - Sync 1 DAGs
[2023-12-01T22:38:59.542+0000] {logging_mixin.py:154} INFO - [2023-12-01T22:38:59.541+0000] {dag.py:3722} INFO - Setting next_dagrun for example_bash_operator to 2023-11-30T00:00:00+00:00, run_after=2023-12-01T00:00:00+00:00
[2023-12-01T22:38:59.590+0000] {processor.py:179} INFO - Processing /home/airflow/.local/lib/python3.8/site-packages/airflow/example_dags/example_bash_operator.py took 0.103 seconds
[2023-12-01T22:39:30.003+0000] {processor.py:157} INFO - Started process (PID=151) to work on /home/airflow/.local/lib/python3.8/site-packages/airflow/example_dags/example_bash_operator.py
[2023-12-01T22:39:30.004+0000] {processor.py:829} INFO - Processing file /home/airflow/.local/lib/python3.8/site-packages/airflow/example_dags/example_bash_operator.py for tasks to queue
[2023-12-01T22:39:30.007+0000] {logging_mixin.py:154} INFO - [2023-12-01T22:39:30.007+0000] {dagbag.py:536} INFO - Filling up the DagBag from /home/airflow/.local/lib/python3.8/site-packages/airflow/example_dags/example_bash_operator.py
[2023-12-01T22:39:30.022+0000] {processor.py:839} INFO - DAG(s) dict_keys(['example_bash_operator']) retrieved from /home/airflow/.local/lib/python3.8/site-packages/airflow/example_dags/example_bash_operator.py
[2023-12-01T22:39:30.054+0000] {logging_mixin.py:154} INFO - [2023-12-01T22:39:30.054+0000] {dag.py:2941} INFO - Sync 1 DAGs
[2023-12-01T22:39:30.085+0000] {logging_mixin.py:154} INFO - [2023-12-01T22:39:30.084+0000] {dag.py:3722} INFO - Setting next_dagrun for example_bash_operator to 2023-11-30T00:00:00+00:00, run_after=2023-12-01T00:00:00+00:00
[2023-12-01T22:39:30.104+0000] {processor.py:179} INFO - Processing /home/airflow/.local/lib/python3.8/site-packages/airflow/example_dags/example_bash_operator.py took 0.103 seconds
[2023-12-01T22:40:00.522+0000] {processor.py:157} INFO - Started process (PID=205) to work on /home/airflow/.local/lib/python3.8/site-packages/airflow/example_dags/example_bash_operator.py
[2023-12-01T22:40:00.523+0000] {processor.py:829} INFO - Processing file /home/airflow/.local/lib/python3.8/site-packages/airflow/example_dags/example_bash_operator.py for tasks to queue
[2023-12-01T22:40:00.525+0000] {logging_mixin.py:154} INFO - [2023-12-01T22:40:00.524+0000] {dagbag.py:536} INFO - Filling up the DagBag from /home/airflow/.local/lib/python3.8/site-packages/airflow/example_dags/example_bash_operator.py
[2023-12-01T22:40:00.534+0000] {processor.py:839} INFO - DAG(s) dict_keys(['example_bash_operator']) retrieved from /home/airflow/.local/lib/python3.8/site-packages/airflow/example_dags/example_bash_operator.py
[2023-12-01T22:40:00.562+0000] {logging_mixin.py:154} INFO - [2023-12-01T22:40:00.561+0000] {dag.py:2941} INFO - Sync 1 DAGs
[2023-12-01T22:40:00.585+0000] {logging_mixin.py:154} INFO - [2023-12-01T22:40:00.585+0000] {dag.py:3722} INFO - Setting next_dagrun for example_bash_operator to 2023-11-30T00:00:00+00:00, run_after=2023-12-01T00:00:00+00:00
[2023-12-01T22:40:00.602+0000] {processor.py:179} INFO - Processing /home/airflow/.local/lib/python3.8/site-packages/airflow/example_dags/example_bash_operator.py took 0.082 seconds
[2023-12-01T22:40:30.966+0000] {processor.py:157} INFO - Started process (PID=259) to work on /home/airflow/.local/lib/python3.8/site-packages/airflow/example_dags/example_bash_operator.py
[2023-12-01T22:40:30.967+0000] {processor.py:829} INFO - Processing file /home/airflow/.local/lib/python3.8/site-packages/airflow/example_dags/example_bash_operator.py for tasks to queue
[2023-12-01T22:40:30.969+0000] {logging_mixin.py:154} INFO - [2023-12-01T22:40:30.969+0000] {dagbag.py:536} INFO - Filling up the DagBag from /home/airflow/.local/lib/python3.8/site-packages/airflow/example_dags/example_bash_operator.py
[2023-12-01T22:40:30.977+0000] {processor.py:839} INFO - DAG(s) dict_keys(['example_bash_operator']) retrieved from /home/airflow/.local/lib/python3.8/site-packages/airflow/example_dags/example_bash_operator.py
[2023-12-01T22:40:31.001+0000] {logging_mixin.py:154} INFO - [2023-12-01T22:40:31.001+0000] {dag.py:2941} INFO - Sync 1 DAGs
[2023-12-01T22:40:31.020+0000] {logging_mixin.py:154} INFO - [2023-12-01T22:40:31.020+0000] {dag.py:3722} INFO - Setting next_dagrun for example_bash_operator to 2023-11-30T00:00:00+00:00, run_after=2023-12-01T00:00:00+00:00
[2023-12-01T22:40:31.038+0000] {processor.py:179} INFO - Processing /home/airflow/.local/lib/python3.8/site-packages/airflow/example_dags/example_bash_operator.py took 0.074 seconds
[2023-12-01T22:41:01.567+0000] {processor.py:157} INFO - Started process (PID=313) to work on /home/airflow/.local/lib/python3.8/site-packages/airflow/example_dags/example_bash_operator.py
[2023-12-01T22:41:01.568+0000] {processor.py:829} INFO - Processing file /home/airflow/.local/lib/python3.8/site-packages/airflow/example_dags/example_bash_operator.py for tasks to queue
[2023-12-01T22:41:01.569+0000] {logging_mixin.py:154} INFO - [2023-12-01T22:41:01.569+0000] {dagbag.py:536} INFO - Filling up the DagBag from /home/airflow/.local/lib/python3.8/site-packages/airflow/example_dags/example_bash_operator.py
[2023-12-01T22:41:01.582+0000] {processor.py:839} INFO - DAG(s) dict_keys(['example_bash_operator']) retrieved from /home/airflow/.local/lib/python3.8/site-packages/airflow/example_dags/example_bash_operator.py
[2023-12-01T22:41:01.608+0000] {logging_mixin.py:154} INFO - [2023-12-01T22:41:01.608+0000] {dag.py:2941} INFO - Sync 1 DAGs
[2023-12-01T22:41:01.625+0000] {logging_mixin.py:154} INFO - [2023-12-01T22:41:01.625+0000] {dag.py:3722} INFO - Setting next_dagrun for example_bash_operator to 2023-11-30T00:00:00+00:00, run_after=2023-12-01T00:00:00+00:00
[2023-12-01T22:41:01.642+0000] {processor.py:179} INFO - Processing /home/airflow/.local/lib/python3.8/site-packages/airflow/example_dags/example_bash_operator.py took 0.078 seconds
[2023-12-01T22:41:32.220+0000] {processor.py:157} INFO - Started process (PID=367) to work on /home/airflow/.local/lib/python3.8/site-packages/airflow/example_dags/example_bash_operator.py
[2023-12-01T22:41:32.222+0000] {processor.py:829} INFO - Processing file /home/airflow/.local/lib/python3.8/site-packages/airflow/example_dags/example_bash_operator.py for tasks to queue
[2023-12-01T22:41:32.224+0000] {logging_mixin.py:154} INFO - [2023-12-01T22:41:32.224+0000] {dagbag.py:536} INFO - Filling up the DagBag from /home/airflow/.local/lib/python3.8/site-packages/airflow/example_dags/example_bash_operator.py
[2023-12-01T22:41:32.236+0000] {processor.py:839} INFO - DAG(s) dict_keys(['example_bash_operator']) retrieved from /home/airflow/.local/lib/python3.8/site-packages/airflow/example_dags/example_bash_operator.py
[2023-12-01T22:41:32.268+0000] {logging_mixin.py:154} INFO - [2023-12-01T22:41:32.267+0000] {dag.py:2941} INFO - Sync 1 DAGs
[2023-12-01T22:41:32.297+0000] {logging_mixin.py:154} INFO - [2023-12-01T22:41:32.296+0000] {dag.py:3722} INFO - Setting next_dagrun for example_bash_operator to 2023-11-30T00:00:00+00:00, run_after=2023-12-01T00:00:00+00:00
[2023-12-01T22:41:32.321+0000] {processor.py:179} INFO - Processing /home/airflow/.local/lib/python3.8/site-packages/airflow/example_dags/example_bash_operator.py took 0.104 seconds
