[2023-12-01T22:13:42.369+0000] {processor.py:157} INFO - Started process (PID=65) to work on /home/airflow/.local/lib/python3.8/site-packages/airflow/example_dags/example_sensors.py
[2023-12-01T22:13:42.370+0000] {processor.py:829} INFO - Processing file /home/airflow/.local/lib/python3.8/site-packages/airflow/example_dags/example_sensors.py for tasks to queue
[2023-12-01T22:13:42.372+0000] {logging_mixin.py:154} INFO - [2023-12-01T22:13:42.372+0000] {dagbag.py:536} INFO - Filling up the DagBag from /home/airflow/.local/lib/python3.8/site-packages/airflow/example_dags/example_sensors.py
[2023-12-01T22:13:42.383+0000] {processor.py:839} INFO - DAG(s) dict_keys(['example_sensors']) retrieved from /home/airflow/.local/lib/python3.8/site-packages/airflow/example_dags/example_sensors.py
[2023-12-01T22:13:42.408+0000] {logging_mixin.py:154} INFO - [2023-12-01T22:13:42.408+0000] {dag.py:2941} INFO - Sync 1 DAGs
[2023-12-01T22:13:42.420+0000] {logging_mixin.py:154} INFO - [2023-12-01T22:13:42.420+0000] {dag.py:3722} INFO - Setting next_dagrun for example_sensors to None, run_after=None
[2023-12-01T22:13:42.437+0000] {processor.py:179} INFO - Processing /home/airflow/.local/lib/python3.8/site-packages/airflow/example_dags/example_sensors.py took 0.071 seconds
[2023-12-01T22:19:41.692+0000] {processor.py:157} INFO - Started process (PID=63) to work on /home/airflow/.local/lib/python3.8/site-packages/airflow/example_dags/example_sensors.py
[2023-12-01T22:19:41.694+0000] {processor.py:829} INFO - Processing file /home/airflow/.local/lib/python3.8/site-packages/airflow/example_dags/example_sensors.py for tasks to queue
[2023-12-01T22:19:41.695+0000] {logging_mixin.py:154} INFO - [2023-12-01T22:19:41.695+0000] {dagbag.py:536} INFO - Filling up the DagBag from /home/airflow/.local/lib/python3.8/site-packages/airflow/example_dags/example_sensors.py
[2023-12-01T22:19:41.705+0000] {processor.py:839} INFO - DAG(s) dict_keys(['example_sensors']) retrieved from /home/airflow/.local/lib/python3.8/site-packages/airflow/example_dags/example_sensors.py
[2023-12-01T22:19:41.728+0000] {logging_mixin.py:154} INFO - [2023-12-01T22:19:41.728+0000] {dag.py:2941} INFO - Sync 1 DAGs
[2023-12-01T22:19:41.738+0000] {logging_mixin.py:154} INFO - [2023-12-01T22:19:41.737+0000] {dag.py:3722} INFO - Setting next_dagrun for example_sensors to None, run_after=None
[2023-12-01T22:19:41.753+0000] {processor.py:179} INFO - Processing /home/airflow/.local/lib/python3.8/site-packages/airflow/example_dags/example_sensors.py took 0.063 seconds
[2023-12-01T22:21:22.782+0000] {processor.py:157} INFO - Started process (PID=64) to work on /home/airflow/.local/lib/python3.8/site-packages/airflow/example_dags/example_sensors.py
[2023-12-01T22:21:22.783+0000] {processor.py:829} INFO - Processing file /home/airflow/.local/lib/python3.8/site-packages/airflow/example_dags/example_sensors.py for tasks to queue
[2023-12-01T22:21:22.785+0000] {logging_mixin.py:154} INFO - [2023-12-01T22:21:22.785+0000] {dagbag.py:536} INFO - Filling up the DagBag from /home/airflow/.local/lib/python3.8/site-packages/airflow/example_dags/example_sensors.py
[2023-12-01T22:21:22.795+0000] {processor.py:839} INFO - DAG(s) dict_keys(['example_sensors']) retrieved from /home/airflow/.local/lib/python3.8/site-packages/airflow/example_dags/example_sensors.py
[2023-12-01T22:21:22.807+0000] {logging_mixin.py:154} INFO - [2023-12-01T22:21:22.807+0000] {dag.py:2941} INFO - Sync 1 DAGs
[2023-12-01T22:21:22.821+0000] {logging_mixin.py:154} INFO - [2023-12-01T22:21:22.821+0000] {dag.py:3722} INFO - Setting next_dagrun for example_sensors to None, run_after=None
[2023-12-01T22:21:22.837+0000] {processor.py:179} INFO - Processing /home/airflow/.local/lib/python3.8/site-packages/airflow/example_dags/example_sensors.py took 0.057 seconds
[2023-12-01T22:21:53.169+0000] {processor.py:157} INFO - Started process (PID=119) to work on /home/airflow/.local/lib/python3.8/site-packages/airflow/example_dags/example_sensors.py
[2023-12-01T22:21:53.170+0000] {processor.py:829} INFO - Processing file /home/airflow/.local/lib/python3.8/site-packages/airflow/example_dags/example_sensors.py for tasks to queue
[2023-12-01T22:21:53.171+0000] {logging_mixin.py:154} INFO - [2023-12-01T22:21:53.171+0000] {dagbag.py:536} INFO - Filling up the DagBag from /home/airflow/.local/lib/python3.8/site-packages/airflow/example_dags/example_sensors.py
[2023-12-01T22:21:53.178+0000] {processor.py:839} INFO - DAG(s) dict_keys(['example_sensors']) retrieved from /home/airflow/.local/lib/python3.8/site-packages/airflow/example_dags/example_sensors.py
[2023-12-01T22:21:53.200+0000] {logging_mixin.py:154} INFO - [2023-12-01T22:21:53.199+0000] {dag.py:2941} INFO - Sync 1 DAGs
[2023-12-01T22:21:53.212+0000] {logging_mixin.py:154} INFO - [2023-12-01T22:21:53.212+0000] {dag.py:3722} INFO - Setting next_dagrun for example_sensors to None, run_after=None
[2023-12-01T22:21:53.230+0000] {processor.py:179} INFO - Processing /home/airflow/.local/lib/python3.8/site-packages/airflow/example_dags/example_sensors.py took 0.063 seconds
[2023-12-01T22:22:23.338+0000] {processor.py:157} INFO - Started process (PID=173) to work on /home/airflow/.local/lib/python3.8/site-packages/airflow/example_dags/example_sensors.py
[2023-12-01T22:22:23.339+0000] {processor.py:829} INFO - Processing file /home/airflow/.local/lib/python3.8/site-packages/airflow/example_dags/example_sensors.py for tasks to queue
[2023-12-01T22:22:23.341+0000] {logging_mixin.py:154} INFO - [2023-12-01T22:22:23.340+0000] {dagbag.py:536} INFO - Filling up the DagBag from /home/airflow/.local/lib/python3.8/site-packages/airflow/example_dags/example_sensors.py
[2023-12-01T22:22:23.349+0000] {processor.py:839} INFO - DAG(s) dict_keys(['example_sensors']) retrieved from /home/airflow/.local/lib/python3.8/site-packages/airflow/example_dags/example_sensors.py
[2023-12-01T22:22:23.372+0000] {logging_mixin.py:154} INFO - [2023-12-01T22:22:23.372+0000] {dag.py:2941} INFO - Sync 1 DAGs
[2023-12-01T22:22:23.386+0000] {logging_mixin.py:154} INFO - [2023-12-01T22:22:23.386+0000] {dag.py:3722} INFO - Setting next_dagrun for example_sensors to None, run_after=None
[2023-12-01T22:22:23.401+0000] {processor.py:179} INFO - Processing /home/airflow/.local/lib/python3.8/site-packages/airflow/example_dags/example_sensors.py took 0.065 seconds
[2023-12-01T22:22:53.585+0000] {processor.py:157} INFO - Started process (PID=227) to work on /home/airflow/.local/lib/python3.8/site-packages/airflow/example_dags/example_sensors.py
[2023-12-01T22:22:53.585+0000] {processor.py:829} INFO - Processing file /home/airflow/.local/lib/python3.8/site-packages/airflow/example_dags/example_sensors.py for tasks to queue
[2023-12-01T22:22:53.587+0000] {logging_mixin.py:154} INFO - [2023-12-01T22:22:53.587+0000] {dagbag.py:536} INFO - Filling up the DagBag from /home/airflow/.local/lib/python3.8/site-packages/airflow/example_dags/example_sensors.py
[2023-12-01T22:22:53.593+0000] {processor.py:839} INFO - DAG(s) dict_keys(['example_sensors']) retrieved from /home/airflow/.local/lib/python3.8/site-packages/airflow/example_dags/example_sensors.py
[2023-12-01T22:22:53.613+0000] {logging_mixin.py:154} INFO - [2023-12-01T22:22:53.613+0000] {dag.py:2941} INFO - Sync 1 DAGs
[2023-12-01T22:22:53.622+0000] {logging_mixin.py:154} INFO - [2023-12-01T22:22:53.622+0000] {dag.py:3722} INFO - Setting next_dagrun for example_sensors to None, run_after=None
[2023-12-01T22:22:53.635+0000] {processor.py:179} INFO - Processing /home/airflow/.local/lib/python3.8/site-packages/airflow/example_dags/example_sensors.py took 0.053 seconds
[2023-12-01T22:23:23.773+0000] {processor.py:157} INFO - Started process (PID=281) to work on /home/airflow/.local/lib/python3.8/site-packages/airflow/example_dags/example_sensors.py
[2023-12-01T22:23:23.774+0000] {processor.py:829} INFO - Processing file /home/airflow/.local/lib/python3.8/site-packages/airflow/example_dags/example_sensors.py for tasks to queue
[2023-12-01T22:23:23.775+0000] {logging_mixin.py:154} INFO - [2023-12-01T22:23:23.775+0000] {dagbag.py:536} INFO - Filling up the DagBag from /home/airflow/.local/lib/python3.8/site-packages/airflow/example_dags/example_sensors.py
[2023-12-01T22:23:23.781+0000] {processor.py:839} INFO - DAG(s) dict_keys(['example_sensors']) retrieved from /home/airflow/.local/lib/python3.8/site-packages/airflow/example_dags/example_sensors.py
[2023-12-01T22:23:23.798+0000] {logging_mixin.py:154} INFO - [2023-12-01T22:23:23.798+0000] {dag.py:2941} INFO - Sync 1 DAGs
[2023-12-01T22:23:23.807+0000] {logging_mixin.py:154} INFO - [2023-12-01T22:23:23.806+0000] {dag.py:3722} INFO - Setting next_dagrun for example_sensors to None, run_after=None
[2023-12-01T22:23:23.819+0000] {processor.py:179} INFO - Processing /home/airflow/.local/lib/python3.8/site-packages/airflow/example_dags/example_sensors.py took 0.048 seconds
[2023-12-01T22:23:53.967+0000] {processor.py:157} INFO - Started process (PID=335) to work on /home/airflow/.local/lib/python3.8/site-packages/airflow/example_dags/example_sensors.py
[2023-12-01T22:23:53.968+0000] {processor.py:829} INFO - Processing file /home/airflow/.local/lib/python3.8/site-packages/airflow/example_dags/example_sensors.py for tasks to queue
[2023-12-01T22:23:53.970+0000] {logging_mixin.py:154} INFO - [2023-12-01T22:23:53.969+0000] {dagbag.py:536} INFO - Filling up the DagBag from /home/airflow/.local/lib/python3.8/site-packages/airflow/example_dags/example_sensors.py
[2023-12-01T22:23:53.977+0000] {processor.py:839} INFO - DAG(s) dict_keys(['example_sensors']) retrieved from /home/airflow/.local/lib/python3.8/site-packages/airflow/example_dags/example_sensors.py
[2023-12-01T22:23:53.995+0000] {logging_mixin.py:154} INFO - [2023-12-01T22:23:53.995+0000] {dag.py:2941} INFO - Sync 1 DAGs
[2023-12-01T22:23:54.005+0000] {logging_mixin.py:154} INFO - [2023-12-01T22:23:54.005+0000] {dag.py:3722} INFO - Setting next_dagrun for example_sensors to None, run_after=None
[2023-12-01T22:23:54.021+0000] {processor.py:179} INFO - Processing /home/airflow/.local/lib/python3.8/site-packages/airflow/example_dags/example_sensors.py took 0.056 seconds
[2023-12-01T22:24:24.246+0000] {processor.py:157} INFO - Started process (PID=389) to work on /home/airflow/.local/lib/python3.8/site-packages/airflow/example_dags/example_sensors.py
[2023-12-01T22:24:24.247+0000] {processor.py:829} INFO - Processing file /home/airflow/.local/lib/python3.8/site-packages/airflow/example_dags/example_sensors.py for tasks to queue
[2023-12-01T22:24:24.249+0000] {logging_mixin.py:154} INFO - [2023-12-01T22:24:24.249+0000] {dagbag.py:536} INFO - Filling up the DagBag from /home/airflow/.local/lib/python3.8/site-packages/airflow/example_dags/example_sensors.py
[2023-12-01T22:24:24.255+0000] {processor.py:839} INFO - DAG(s) dict_keys(['example_sensors']) retrieved from /home/airflow/.local/lib/python3.8/site-packages/airflow/example_dags/example_sensors.py
[2023-12-01T22:24:24.273+0000] {logging_mixin.py:154} INFO - [2023-12-01T22:24:24.273+0000] {dag.py:2941} INFO - Sync 1 DAGs
[2023-12-01T22:24:24.282+0000] {logging_mixin.py:154} INFO - [2023-12-01T22:24:24.282+0000] {dag.py:3722} INFO - Setting next_dagrun for example_sensors to None, run_after=None
[2023-12-01T22:24:24.296+0000] {processor.py:179} INFO - Processing /home/airflow/.local/lib/python3.8/site-packages/airflow/example_dags/example_sensors.py took 0.051 seconds
[2023-12-01T22:24:55.308+0000] {processor.py:157} INFO - Started process (PID=443) to work on /home/airflow/.local/lib/python3.8/site-packages/airflow/example_dags/example_sensors.py
[2023-12-01T22:24:55.309+0000] {processor.py:829} INFO - Processing file /home/airflow/.local/lib/python3.8/site-packages/airflow/example_dags/example_sensors.py for tasks to queue
[2023-12-01T22:24:55.311+0000] {logging_mixin.py:154} INFO - [2023-12-01T22:24:55.311+0000] {dagbag.py:536} INFO - Filling up the DagBag from /home/airflow/.local/lib/python3.8/site-packages/airflow/example_dags/example_sensors.py
[2023-12-01T22:24:55.317+0000] {processor.py:839} INFO - DAG(s) dict_keys(['example_sensors']) retrieved from /home/airflow/.local/lib/python3.8/site-packages/airflow/example_dags/example_sensors.py
[2023-12-01T22:24:55.334+0000] {logging_mixin.py:154} INFO - [2023-12-01T22:24:55.334+0000] {dag.py:2941} INFO - Sync 1 DAGs
[2023-12-01T22:24:55.344+0000] {logging_mixin.py:154} INFO - [2023-12-01T22:24:55.343+0000] {dag.py:3722} INFO - Setting next_dagrun for example_sensors to None, run_after=None
[2023-12-01T22:24:55.357+0000] {processor.py:179} INFO - Processing /home/airflow/.local/lib/python3.8/site-packages/airflow/example_dags/example_sensors.py took 0.051 seconds
[2023-12-01T22:25:25.511+0000] {processor.py:157} INFO - Started process (PID=497) to work on /home/airflow/.local/lib/python3.8/site-packages/airflow/example_dags/example_sensors.py
[2023-12-01T22:25:25.512+0000] {processor.py:829} INFO - Processing file /home/airflow/.local/lib/python3.8/site-packages/airflow/example_dags/example_sensors.py for tasks to queue
[2023-12-01T22:25:25.514+0000] {logging_mixin.py:154} INFO - [2023-12-01T22:25:25.513+0000] {dagbag.py:536} INFO - Filling up the DagBag from /home/airflow/.local/lib/python3.8/site-packages/airflow/example_dags/example_sensors.py
[2023-12-01T22:25:25.520+0000] {processor.py:839} INFO - DAG(s) dict_keys(['example_sensors']) retrieved from /home/airflow/.local/lib/python3.8/site-packages/airflow/example_dags/example_sensors.py
[2023-12-01T22:25:25.537+0000] {logging_mixin.py:154} INFO - [2023-12-01T22:25:25.537+0000] {dag.py:2941} INFO - Sync 1 DAGs
[2023-12-01T22:25:25.546+0000] {logging_mixin.py:154} INFO - [2023-12-01T22:25:25.546+0000] {dag.py:3722} INFO - Setting next_dagrun for example_sensors to None, run_after=None
[2023-12-01T22:25:25.559+0000] {processor.py:179} INFO - Processing /home/airflow/.local/lib/python3.8/site-packages/airflow/example_dags/example_sensors.py took 0.050 seconds
[2023-12-01T22:25:56.386+0000] {processor.py:157} INFO - Started process (PID=551) to work on /home/airflow/.local/lib/python3.8/site-packages/airflow/example_dags/example_sensors.py
[2023-12-01T22:25:56.386+0000] {processor.py:829} INFO - Processing file /home/airflow/.local/lib/python3.8/site-packages/airflow/example_dags/example_sensors.py for tasks to queue
[2023-12-01T22:25:56.388+0000] {logging_mixin.py:154} INFO - [2023-12-01T22:25:56.388+0000] {dagbag.py:536} INFO - Filling up the DagBag from /home/airflow/.local/lib/python3.8/site-packages/airflow/example_dags/example_sensors.py
[2023-12-01T22:25:56.394+0000] {processor.py:839} INFO - DAG(s) dict_keys(['example_sensors']) retrieved from /home/airflow/.local/lib/python3.8/site-packages/airflow/example_dags/example_sensors.py
[2023-12-01T22:25:56.411+0000] {logging_mixin.py:154} INFO - [2023-12-01T22:25:56.410+0000] {dag.py:2941} INFO - Sync 1 DAGs
[2023-12-01T22:25:56.418+0000] {logging_mixin.py:154} INFO - [2023-12-01T22:25:56.418+0000] {dag.py:3722} INFO - Setting next_dagrun for example_sensors to None, run_after=None
[2023-12-01T22:25:56.431+0000] {processor.py:179} INFO - Processing /home/airflow/.local/lib/python3.8/site-packages/airflow/example_dags/example_sensors.py took 0.047 seconds
[2023-12-01T22:26:26.451+0000] {processor.py:157} INFO - Started process (PID=604) to work on /home/airflow/.local/lib/python3.8/site-packages/airflow/example_dags/example_sensors.py
[2023-12-01T22:26:26.452+0000] {processor.py:829} INFO - Processing file /home/airflow/.local/lib/python3.8/site-packages/airflow/example_dags/example_sensors.py for tasks to queue
[2023-12-01T22:26:26.453+0000] {logging_mixin.py:154} INFO - [2023-12-01T22:26:26.453+0000] {dagbag.py:536} INFO - Filling up the DagBag from /home/airflow/.local/lib/python3.8/site-packages/airflow/example_dags/example_sensors.py
[2023-12-01T22:26:26.459+0000] {processor.py:839} INFO - DAG(s) dict_keys(['example_sensors']) retrieved from /home/airflow/.local/lib/python3.8/site-packages/airflow/example_dags/example_sensors.py
[2023-12-01T22:26:26.477+0000] {logging_mixin.py:154} INFO - [2023-12-01T22:26:26.477+0000] {dag.py:2941} INFO - Sync 1 DAGs
[2023-12-01T22:26:26.486+0000] {logging_mixin.py:154} INFO - [2023-12-01T22:26:26.486+0000] {dag.py:3722} INFO - Setting next_dagrun for example_sensors to None, run_after=None
[2023-12-01T22:26:26.499+0000] {processor.py:179} INFO - Processing /home/airflow/.local/lib/python3.8/site-packages/airflow/example_dags/example_sensors.py took 0.050 seconds
[2023-12-01T22:26:56.577+0000] {processor.py:157} INFO - Started process (PID=658) to work on /home/airflow/.local/lib/python3.8/site-packages/airflow/example_dags/example_sensors.py
[2023-12-01T22:26:56.577+0000] {processor.py:829} INFO - Processing file /home/airflow/.local/lib/python3.8/site-packages/airflow/example_dags/example_sensors.py for tasks to queue
[2023-12-01T22:26:56.579+0000] {logging_mixin.py:154} INFO - [2023-12-01T22:26:56.579+0000] {dagbag.py:536} INFO - Filling up the DagBag from /home/airflow/.local/lib/python3.8/site-packages/airflow/example_dags/example_sensors.py
[2023-12-01T22:26:56.585+0000] {processor.py:839} INFO - DAG(s) dict_keys(['example_sensors']) retrieved from /home/airflow/.local/lib/python3.8/site-packages/airflow/example_dags/example_sensors.py
[2023-12-01T22:26:56.603+0000] {logging_mixin.py:154} INFO - [2023-12-01T22:26:56.602+0000] {dag.py:2941} INFO - Sync 1 DAGs
[2023-12-01T22:26:56.612+0000] {logging_mixin.py:154} INFO - [2023-12-01T22:26:56.612+0000] {dag.py:3722} INFO - Setting next_dagrun for example_sensors to None, run_after=None
[2023-12-01T22:26:56.626+0000] {processor.py:179} INFO - Processing /home/airflow/.local/lib/python3.8/site-packages/airflow/example_dags/example_sensors.py took 0.051 seconds
[2023-12-01T22:27:26.800+0000] {processor.py:157} INFO - Started process (PID=712) to work on /home/airflow/.local/lib/python3.8/site-packages/airflow/example_dags/example_sensors.py
[2023-12-01T22:27:26.801+0000] {processor.py:829} INFO - Processing file /home/airflow/.local/lib/python3.8/site-packages/airflow/example_dags/example_sensors.py for tasks to queue
[2023-12-01T22:27:26.802+0000] {logging_mixin.py:154} INFO - [2023-12-01T22:27:26.802+0000] {dagbag.py:536} INFO - Filling up the DagBag from /home/airflow/.local/lib/python3.8/site-packages/airflow/example_dags/example_sensors.py
[2023-12-01T22:27:26.809+0000] {processor.py:839} INFO - DAG(s) dict_keys(['example_sensors']) retrieved from /home/airflow/.local/lib/python3.8/site-packages/airflow/example_dags/example_sensors.py
[2023-12-01T22:27:26.827+0000] {logging_mixin.py:154} INFO - [2023-12-01T22:27:26.827+0000] {dag.py:2941} INFO - Sync 1 DAGs
[2023-12-01T22:27:26.837+0000] {logging_mixin.py:154} INFO - [2023-12-01T22:27:26.837+0000] {dag.py:3722} INFO - Setting next_dagrun for example_sensors to None, run_after=None
[2023-12-01T22:27:26.850+0000] {processor.py:179} INFO - Processing /home/airflow/.local/lib/python3.8/site-packages/airflow/example_dags/example_sensors.py took 0.052 seconds
[2023-12-01T22:27:57.672+0000] {processor.py:157} INFO - Started process (PID=767) to work on /home/airflow/.local/lib/python3.8/site-packages/airflow/example_dags/example_sensors.py
[2023-12-01T22:27:57.673+0000] {processor.py:829} INFO - Processing file /home/airflow/.local/lib/python3.8/site-packages/airflow/example_dags/example_sensors.py for tasks to queue
[2023-12-01T22:27:57.674+0000] {logging_mixin.py:154} INFO - [2023-12-01T22:27:57.674+0000] {dagbag.py:536} INFO - Filling up the DagBag from /home/airflow/.local/lib/python3.8/site-packages/airflow/example_dags/example_sensors.py
[2023-12-01T22:27:57.680+0000] {processor.py:839} INFO - DAG(s) dict_keys(['example_sensors']) retrieved from /home/airflow/.local/lib/python3.8/site-packages/airflow/example_dags/example_sensors.py
[2023-12-01T22:27:57.696+0000] {logging_mixin.py:154} INFO - [2023-12-01T22:27:57.696+0000] {dag.py:2941} INFO - Sync 1 DAGs
[2023-12-01T22:27:57.705+0000] {logging_mixin.py:154} INFO - [2023-12-01T22:27:57.705+0000] {dag.py:3722} INFO - Setting next_dagrun for example_sensors to None, run_after=None
[2023-12-01T22:27:57.718+0000] {processor.py:179} INFO - Processing /home/airflow/.local/lib/python3.8/site-packages/airflow/example_dags/example_sensors.py took 0.048 seconds
[2023-12-01T22:28:27.955+0000] {processor.py:157} INFO - Started process (PID=821) to work on /home/airflow/.local/lib/python3.8/site-packages/airflow/example_dags/example_sensors.py
[2023-12-01T22:28:27.955+0000] {processor.py:829} INFO - Processing file /home/airflow/.local/lib/python3.8/site-packages/airflow/example_dags/example_sensors.py for tasks to queue
[2023-12-01T22:28:27.957+0000] {logging_mixin.py:154} INFO - [2023-12-01T22:28:27.957+0000] {dagbag.py:536} INFO - Filling up the DagBag from /home/airflow/.local/lib/python3.8/site-packages/airflow/example_dags/example_sensors.py
[2023-12-01T22:28:27.963+0000] {processor.py:839} INFO - DAG(s) dict_keys(['example_sensors']) retrieved from /home/airflow/.local/lib/python3.8/site-packages/airflow/example_dags/example_sensors.py
[2023-12-01T22:28:27.979+0000] {logging_mixin.py:154} INFO - [2023-12-01T22:28:27.979+0000] {dag.py:2941} INFO - Sync 1 DAGs
[2023-12-01T22:28:27.987+0000] {logging_mixin.py:154} INFO - [2023-12-01T22:28:27.987+0000] {dag.py:3722} INFO - Setting next_dagrun for example_sensors to None, run_after=None
[2023-12-01T22:28:28.000+0000] {processor.py:179} INFO - Processing /home/airflow/.local/lib/python3.8/site-packages/airflow/example_dags/example_sensors.py took 0.048 seconds
[2023-12-01T22:28:58.099+0000] {processor.py:157} INFO - Started process (PID=875) to work on /home/airflow/.local/lib/python3.8/site-packages/airflow/example_dags/example_sensors.py
[2023-12-01T22:28:58.100+0000] {processor.py:829} INFO - Processing file /home/airflow/.local/lib/python3.8/site-packages/airflow/example_dags/example_sensors.py for tasks to queue
[2023-12-01T22:28:58.101+0000] {logging_mixin.py:154} INFO - [2023-12-01T22:28:58.101+0000] {dagbag.py:536} INFO - Filling up the DagBag from /home/airflow/.local/lib/python3.8/site-packages/airflow/example_dags/example_sensors.py
[2023-12-01T22:28:58.107+0000] {processor.py:839} INFO - DAG(s) dict_keys(['example_sensors']) retrieved from /home/airflow/.local/lib/python3.8/site-packages/airflow/example_dags/example_sensors.py
[2023-12-01T22:28:58.124+0000] {logging_mixin.py:154} INFO - [2023-12-01T22:28:58.124+0000] {dag.py:2941} INFO - Sync 1 DAGs
[2023-12-01T22:28:58.132+0000] {logging_mixin.py:154} INFO - [2023-12-01T22:28:58.132+0000] {dag.py:3722} INFO - Setting next_dagrun for example_sensors to None, run_after=None
[2023-12-01T22:28:58.145+0000] {processor.py:179} INFO - Processing /home/airflow/.local/lib/python3.8/site-packages/airflow/example_dags/example_sensors.py took 0.047 seconds
[2023-12-01T22:29:28.314+0000] {processor.py:157} INFO - Started process (PID=929) to work on /home/airflow/.local/lib/python3.8/site-packages/airflow/example_dags/example_sensors.py
[2023-12-01T22:29:28.314+0000] {processor.py:829} INFO - Processing file /home/airflow/.local/lib/python3.8/site-packages/airflow/example_dags/example_sensors.py for tasks to queue
[2023-12-01T22:29:28.316+0000] {logging_mixin.py:154} INFO - [2023-12-01T22:29:28.315+0000] {dagbag.py:536} INFO - Filling up the DagBag from /home/airflow/.local/lib/python3.8/site-packages/airflow/example_dags/example_sensors.py
[2023-12-01T22:29:28.322+0000] {processor.py:839} INFO - DAG(s) dict_keys(['example_sensors']) retrieved from /home/airflow/.local/lib/python3.8/site-packages/airflow/example_dags/example_sensors.py
[2023-12-01T22:29:28.341+0000] {logging_mixin.py:154} INFO - [2023-12-01T22:29:28.341+0000] {dag.py:2941} INFO - Sync 1 DAGs
[2023-12-01T22:29:28.350+0000] {logging_mixin.py:154} INFO - [2023-12-01T22:29:28.350+0000] {dag.py:3722} INFO - Setting next_dagrun for example_sensors to None, run_after=None
[2023-12-01T22:29:28.362+0000] {processor.py:179} INFO - Processing /home/airflow/.local/lib/python3.8/site-packages/airflow/example_dags/example_sensors.py took 0.051 seconds
[2023-12-01T22:29:58.405+0000] {processor.py:157} INFO - Started process (PID=983) to work on /home/airflow/.local/lib/python3.8/site-packages/airflow/example_dags/example_sensors.py
[2023-12-01T22:29:58.405+0000] {processor.py:829} INFO - Processing file /home/airflow/.local/lib/python3.8/site-packages/airflow/example_dags/example_sensors.py for tasks to queue
[2023-12-01T22:29:58.407+0000] {logging_mixin.py:154} INFO - [2023-12-01T22:29:58.407+0000] {dagbag.py:536} INFO - Filling up the DagBag from /home/airflow/.local/lib/python3.8/site-packages/airflow/example_dags/example_sensors.py
[2023-12-01T22:29:58.413+0000] {processor.py:839} INFO - DAG(s) dict_keys(['example_sensors']) retrieved from /home/airflow/.local/lib/python3.8/site-packages/airflow/example_dags/example_sensors.py
[2023-12-01T22:29:58.431+0000] {logging_mixin.py:154} INFO - [2023-12-01T22:29:58.430+0000] {dag.py:2941} INFO - Sync 1 DAGs
[2023-12-01T22:29:58.439+0000] {logging_mixin.py:154} INFO - [2023-12-01T22:29:58.439+0000] {dag.py:3722} INFO - Setting next_dagrun for example_sensors to None, run_after=None
[2023-12-01T22:29:58.452+0000] {processor.py:179} INFO - Processing /home/airflow/.local/lib/python3.8/site-packages/airflow/example_dags/example_sensors.py took 0.049 seconds
[2023-12-01T22:30:28.502+0000] {processor.py:157} INFO - Started process (PID=1037) to work on /home/airflow/.local/lib/python3.8/site-packages/airflow/example_dags/example_sensors.py
[2023-12-01T22:30:28.502+0000] {processor.py:829} INFO - Processing file /home/airflow/.local/lib/python3.8/site-packages/airflow/example_dags/example_sensors.py for tasks to queue
[2023-12-01T22:30:28.504+0000] {logging_mixin.py:154} INFO - [2023-12-01T22:30:28.504+0000] {dagbag.py:536} INFO - Filling up the DagBag from /home/airflow/.local/lib/python3.8/site-packages/airflow/example_dags/example_sensors.py
[2023-12-01T22:30:28.510+0000] {processor.py:839} INFO - DAG(s) dict_keys(['example_sensors']) retrieved from /home/airflow/.local/lib/python3.8/site-packages/airflow/example_dags/example_sensors.py
[2023-12-01T22:30:28.527+0000] {logging_mixin.py:154} INFO - [2023-12-01T22:30:28.527+0000] {dag.py:2941} INFO - Sync 1 DAGs
[2023-12-01T22:30:28.536+0000] {logging_mixin.py:154} INFO - [2023-12-01T22:30:28.536+0000] {dag.py:3722} INFO - Setting next_dagrun for example_sensors to None, run_after=None
[2023-12-01T22:30:28.548+0000] {processor.py:179} INFO - Processing /home/airflow/.local/lib/python3.8/site-packages/airflow/example_dags/example_sensors.py took 0.049 seconds
[2023-12-01T22:30:58.709+0000] {processor.py:157} INFO - Started process (PID=1091) to work on /home/airflow/.local/lib/python3.8/site-packages/airflow/example_dags/example_sensors.py
[2023-12-01T22:30:58.710+0000] {processor.py:829} INFO - Processing file /home/airflow/.local/lib/python3.8/site-packages/airflow/example_dags/example_sensors.py for tasks to queue
[2023-12-01T22:30:58.711+0000] {logging_mixin.py:154} INFO - [2023-12-01T22:30:58.711+0000] {dagbag.py:536} INFO - Filling up the DagBag from /home/airflow/.local/lib/python3.8/site-packages/airflow/example_dags/example_sensors.py
[2023-12-01T22:30:58.718+0000] {processor.py:839} INFO - DAG(s) dict_keys(['example_sensors']) retrieved from /home/airflow/.local/lib/python3.8/site-packages/airflow/example_dags/example_sensors.py
[2023-12-01T22:30:58.736+0000] {logging_mixin.py:154} INFO - [2023-12-01T22:30:58.736+0000] {dag.py:2941} INFO - Sync 1 DAGs
[2023-12-01T22:30:58.746+0000] {logging_mixin.py:154} INFO - [2023-12-01T22:30:58.746+0000] {dag.py:3722} INFO - Setting next_dagrun for example_sensors to None, run_after=None
[2023-12-01T22:30:58.759+0000] {processor.py:179} INFO - Processing /home/airflow/.local/lib/python3.8/site-packages/airflow/example_dags/example_sensors.py took 0.052 seconds
[2023-12-01T22:31:28.826+0000] {processor.py:157} INFO - Started process (PID=1145) to work on /home/airflow/.local/lib/python3.8/site-packages/airflow/example_dags/example_sensors.py
[2023-12-01T22:31:28.827+0000] {processor.py:829} INFO - Processing file /home/airflow/.local/lib/python3.8/site-packages/airflow/example_dags/example_sensors.py for tasks to queue
[2023-12-01T22:31:28.829+0000] {logging_mixin.py:154} INFO - [2023-12-01T22:31:28.828+0000] {dagbag.py:536} INFO - Filling up the DagBag from /home/airflow/.local/lib/python3.8/site-packages/airflow/example_dags/example_sensors.py
[2023-12-01T22:31:28.835+0000] {processor.py:839} INFO - DAG(s) dict_keys(['example_sensors']) retrieved from /home/airflow/.local/lib/python3.8/site-packages/airflow/example_dags/example_sensors.py
[2023-12-01T22:31:28.852+0000] {logging_mixin.py:154} INFO - [2023-12-01T22:31:28.852+0000] {dag.py:2941} INFO - Sync 1 DAGs
[2023-12-01T22:31:28.861+0000] {logging_mixin.py:154} INFO - [2023-12-01T22:31:28.860+0000] {dag.py:3722} INFO - Setting next_dagrun for example_sensors to None, run_after=None
[2023-12-01T22:31:28.873+0000] {processor.py:179} INFO - Processing /home/airflow/.local/lib/python3.8/site-packages/airflow/example_dags/example_sensors.py took 0.049 seconds
[2023-12-01T22:31:58.959+0000] {processor.py:157} INFO - Started process (PID=1199) to work on /home/airflow/.local/lib/python3.8/site-packages/airflow/example_dags/example_sensors.py
[2023-12-01T22:31:58.960+0000] {processor.py:829} INFO - Processing file /home/airflow/.local/lib/python3.8/site-packages/airflow/example_dags/example_sensors.py for tasks to queue
[2023-12-01T22:31:58.961+0000] {logging_mixin.py:154} INFO - [2023-12-01T22:31:58.961+0000] {dagbag.py:536} INFO - Filling up the DagBag from /home/airflow/.local/lib/python3.8/site-packages/airflow/example_dags/example_sensors.py
[2023-12-01T22:31:58.967+0000] {processor.py:839} INFO - DAG(s) dict_keys(['example_sensors']) retrieved from /home/airflow/.local/lib/python3.8/site-packages/airflow/example_dags/example_sensors.py
[2023-12-01T22:31:58.984+0000] {logging_mixin.py:154} INFO - [2023-12-01T22:31:58.984+0000] {dag.py:2941} INFO - Sync 1 DAGs
[2023-12-01T22:31:58.993+0000] {logging_mixin.py:154} INFO - [2023-12-01T22:31:58.993+0000] {dag.py:3722} INFO - Setting next_dagrun for example_sensors to None, run_after=None
[2023-12-01T22:31:59.006+0000] {processor.py:179} INFO - Processing /home/airflow/.local/lib/python3.8/site-packages/airflow/example_dags/example_sensors.py took 0.049 seconds
[2023-12-01T22:32:29.090+0000] {processor.py:157} INFO - Started process (PID=1253) to work on /home/airflow/.local/lib/python3.8/site-packages/airflow/example_dags/example_sensors.py
[2023-12-01T22:32:29.091+0000] {processor.py:829} INFO - Processing file /home/airflow/.local/lib/python3.8/site-packages/airflow/example_dags/example_sensors.py for tasks to queue
[2023-12-01T22:32:29.092+0000] {logging_mixin.py:154} INFO - [2023-12-01T22:32:29.092+0000] {dagbag.py:536} INFO - Filling up the DagBag from /home/airflow/.local/lib/python3.8/site-packages/airflow/example_dags/example_sensors.py
[2023-12-01T22:32:29.098+0000] {processor.py:839} INFO - DAG(s) dict_keys(['example_sensors']) retrieved from /home/airflow/.local/lib/python3.8/site-packages/airflow/example_dags/example_sensors.py
[2023-12-01T22:32:29.116+0000] {logging_mixin.py:154} INFO - [2023-12-01T22:32:29.116+0000] {dag.py:2941} INFO - Sync 1 DAGs
[2023-12-01T22:32:29.126+0000] {logging_mixin.py:154} INFO - [2023-12-01T22:32:29.126+0000] {dag.py:3722} INFO - Setting next_dagrun for example_sensors to None, run_after=None
[2023-12-01T22:32:29.139+0000] {processor.py:179} INFO - Processing /home/airflow/.local/lib/python3.8/site-packages/airflow/example_dags/example_sensors.py took 0.051 seconds
[2023-12-01T22:32:59.598+0000] {processor.py:157} INFO - Started process (PID=1307) to work on /home/airflow/.local/lib/python3.8/site-packages/airflow/example_dags/example_sensors.py
[2023-12-01T22:32:59.600+0000] {processor.py:829} INFO - Processing file /home/airflow/.local/lib/python3.8/site-packages/airflow/example_dags/example_sensors.py for tasks to queue
[2023-12-01T22:32:59.601+0000] {logging_mixin.py:154} INFO - [2023-12-01T22:32:59.601+0000] {dagbag.py:536} INFO - Filling up the DagBag from /home/airflow/.local/lib/python3.8/site-packages/airflow/example_dags/example_sensors.py
[2023-12-01T22:32:59.608+0000] {processor.py:839} INFO - DAG(s) dict_keys(['example_sensors']) retrieved from /home/airflow/.local/lib/python3.8/site-packages/airflow/example_dags/example_sensors.py
[2023-12-01T22:32:59.625+0000] {logging_mixin.py:154} INFO - [2023-12-01T22:32:59.624+0000] {dag.py:2941} INFO - Sync 1 DAGs
[2023-12-01T22:32:59.635+0000] {logging_mixin.py:154} INFO - [2023-12-01T22:32:59.635+0000] {dag.py:3722} INFO - Setting next_dagrun for example_sensors to None, run_after=None
[2023-12-01T22:32:59.650+0000] {processor.py:179} INFO - Processing /home/airflow/.local/lib/python3.8/site-packages/airflow/example_dags/example_sensors.py took 0.054 seconds
[2023-12-01T22:33:29.782+0000] {processor.py:157} INFO - Started process (PID=1362) to work on /home/airflow/.local/lib/python3.8/site-packages/airflow/example_dags/example_sensors.py
[2023-12-01T22:33:29.783+0000] {processor.py:829} INFO - Processing file /home/airflow/.local/lib/python3.8/site-packages/airflow/example_dags/example_sensors.py for tasks to queue
[2023-12-01T22:33:29.784+0000] {logging_mixin.py:154} INFO - [2023-12-01T22:33:29.784+0000] {dagbag.py:536} INFO - Filling up the DagBag from /home/airflow/.local/lib/python3.8/site-packages/airflow/example_dags/example_sensors.py
[2023-12-01T22:33:29.790+0000] {processor.py:839} INFO - DAG(s) dict_keys(['example_sensors']) retrieved from /home/airflow/.local/lib/python3.8/site-packages/airflow/example_dags/example_sensors.py
[2023-12-01T22:33:29.810+0000] {logging_mixin.py:154} INFO - [2023-12-01T22:33:29.809+0000] {dag.py:2941} INFO - Sync 1 DAGs
[2023-12-01T22:33:29.820+0000] {logging_mixin.py:154} INFO - [2023-12-01T22:33:29.819+0000] {dag.py:3722} INFO - Setting next_dagrun for example_sensors to None, run_after=None
[2023-12-01T22:33:29.835+0000] {processor.py:179} INFO - Processing /home/airflow/.local/lib/python3.8/site-packages/airflow/example_dags/example_sensors.py took 0.056 seconds
[2023-12-01T22:34:00.072+0000] {processor.py:157} INFO - Started process (PID=1416) to work on /home/airflow/.local/lib/python3.8/site-packages/airflow/example_dags/example_sensors.py
[2023-12-01T22:34:00.073+0000] {processor.py:829} INFO - Processing file /home/airflow/.local/lib/python3.8/site-packages/airflow/example_dags/example_sensors.py for tasks to queue
[2023-12-01T22:34:00.075+0000] {logging_mixin.py:154} INFO - [2023-12-01T22:34:00.074+0000] {dagbag.py:536} INFO - Filling up the DagBag from /home/airflow/.local/lib/python3.8/site-packages/airflow/example_dags/example_sensors.py
[2023-12-01T22:34:00.081+0000] {processor.py:839} INFO - DAG(s) dict_keys(['example_sensors']) retrieved from /home/airflow/.local/lib/python3.8/site-packages/airflow/example_dags/example_sensors.py
[2023-12-01T22:34:00.102+0000] {logging_mixin.py:154} INFO - [2023-12-01T22:34:00.101+0000] {dag.py:2941} INFO - Sync 1 DAGs
[2023-12-01T22:34:00.111+0000] {logging_mixin.py:154} INFO - [2023-12-01T22:34:00.111+0000] {dag.py:3722} INFO - Setting next_dagrun for example_sensors to None, run_after=None
[2023-12-01T22:34:00.127+0000] {processor.py:179} INFO - Processing /home/airflow/.local/lib/python3.8/site-packages/airflow/example_dags/example_sensors.py took 0.057 seconds
[2023-12-01T22:34:30.783+0000] {processor.py:157} INFO - Started process (PID=1470) to work on /home/airflow/.local/lib/python3.8/site-packages/airflow/example_dags/example_sensors.py
[2023-12-01T22:34:30.784+0000] {processor.py:829} INFO - Processing file /home/airflow/.local/lib/python3.8/site-packages/airflow/example_dags/example_sensors.py for tasks to queue
[2023-12-01T22:34:30.787+0000] {logging_mixin.py:154} INFO - [2023-12-01T22:34:30.786+0000] {dagbag.py:536} INFO - Filling up the DagBag from /home/airflow/.local/lib/python3.8/site-packages/airflow/example_dags/example_sensors.py
[2023-12-01T22:34:30.793+0000] {processor.py:839} INFO - DAG(s) dict_keys(['example_sensors']) retrieved from /home/airflow/.local/lib/python3.8/site-packages/airflow/example_dags/example_sensors.py
[2023-12-01T22:34:30.813+0000] {logging_mixin.py:154} INFO - [2023-12-01T22:34:30.813+0000] {dag.py:2941} INFO - Sync 1 DAGs
[2023-12-01T22:34:30.824+0000] {logging_mixin.py:154} INFO - [2023-12-01T22:34:30.823+0000] {dag.py:3722} INFO - Setting next_dagrun for example_sensors to None, run_after=None
[2023-12-01T22:34:30.841+0000] {processor.py:179} INFO - Processing /home/airflow/.local/lib/python3.8/site-packages/airflow/example_dags/example_sensors.py took 0.061 seconds
[2023-12-01T22:35:01.243+0000] {processor.py:157} INFO - Started process (PID=1524) to work on /home/airflow/.local/lib/python3.8/site-packages/airflow/example_dags/example_sensors.py
[2023-12-01T22:35:01.244+0000] {processor.py:829} INFO - Processing file /home/airflow/.local/lib/python3.8/site-packages/airflow/example_dags/example_sensors.py for tasks to queue
[2023-12-01T22:35:01.245+0000] {logging_mixin.py:154} INFO - [2023-12-01T22:35:01.245+0000] {dagbag.py:536} INFO - Filling up the DagBag from /home/airflow/.local/lib/python3.8/site-packages/airflow/example_dags/example_sensors.py
[2023-12-01T22:35:01.252+0000] {processor.py:839} INFO - DAG(s) dict_keys(['example_sensors']) retrieved from /home/airflow/.local/lib/python3.8/site-packages/airflow/example_dags/example_sensors.py
[2023-12-01T22:35:01.274+0000] {logging_mixin.py:154} INFO - [2023-12-01T22:35:01.274+0000] {dag.py:2941} INFO - Sync 1 DAGs
[2023-12-01T22:35:01.285+0000] {logging_mixin.py:154} INFO - [2023-12-01T22:35:01.285+0000] {dag.py:3722} INFO - Setting next_dagrun for example_sensors to None, run_after=None
[2023-12-01T22:35:01.308+0000] {processor.py:179} INFO - Processing /home/airflow/.local/lib/python3.8/site-packages/airflow/example_dags/example_sensors.py took 0.069 seconds
[2023-12-01T22:35:31.641+0000] {processor.py:157} INFO - Started process (PID=1578) to work on /home/airflow/.local/lib/python3.8/site-packages/airflow/example_dags/example_sensors.py
[2023-12-01T22:35:31.642+0000] {processor.py:829} INFO - Processing file /home/airflow/.local/lib/python3.8/site-packages/airflow/example_dags/example_sensors.py for tasks to queue
[2023-12-01T22:35:31.643+0000] {logging_mixin.py:154} INFO - [2023-12-01T22:35:31.643+0000] {dagbag.py:536} INFO - Filling up the DagBag from /home/airflow/.local/lib/python3.8/site-packages/airflow/example_dags/example_sensors.py
[2023-12-01T22:35:31.650+0000] {processor.py:839} INFO - DAG(s) dict_keys(['example_sensors']) retrieved from /home/airflow/.local/lib/python3.8/site-packages/airflow/example_dags/example_sensors.py
[2023-12-01T22:35:31.672+0000] {logging_mixin.py:154} INFO - [2023-12-01T22:35:31.672+0000] {dag.py:2941} INFO - Sync 1 DAGs
[2023-12-01T22:35:31.682+0000] {logging_mixin.py:154} INFO - [2023-12-01T22:35:31.682+0000] {dag.py:3722} INFO - Setting next_dagrun for example_sensors to None, run_after=None
[2023-12-01T22:35:31.700+0000] {processor.py:179} INFO - Processing /home/airflow/.local/lib/python3.8/site-packages/airflow/example_dags/example_sensors.py took 0.061 seconds
[2023-12-01T22:38:29.942+0000] {processor.py:157} INFO - Started process (PID=64) to work on /home/airflow/.local/lib/python3.8/site-packages/airflow/example_dags/example_sensors.py
[2023-12-01T22:38:29.944+0000] {processor.py:829} INFO - Processing file /home/airflow/.local/lib/python3.8/site-packages/airflow/example_dags/example_sensors.py for tasks to queue
[2023-12-01T22:38:29.946+0000] {logging_mixin.py:154} INFO - [2023-12-01T22:38:29.946+0000] {dagbag.py:536} INFO - Filling up the DagBag from /home/airflow/.local/lib/python3.8/site-packages/airflow/example_dags/example_sensors.py
[2023-12-01T22:38:29.961+0000] {processor.py:839} INFO - DAG(s) dict_keys(['example_sensors']) retrieved from /home/airflow/.local/lib/python3.8/site-packages/airflow/example_dags/example_sensors.py
[2023-12-01T22:38:29.977+0000] {logging_mixin.py:154} INFO - [2023-12-01T22:38:29.977+0000] {dag.py:2941} INFO - Sync 1 DAGs
[2023-12-01T22:38:29.995+0000] {logging_mixin.py:154} INFO - [2023-12-01T22:38:29.995+0000] {dag.py:3722} INFO - Setting next_dagrun for example_sensors to None, run_after=None
[2023-12-01T22:38:30.020+0000] {processor.py:179} INFO - Processing /home/airflow/.local/lib/python3.8/site-packages/airflow/example_dags/example_sensors.py took 0.081 seconds
[2023-12-01T22:39:00.558+0000] {processor.py:157} INFO - Started process (PID=118) to work on /home/airflow/.local/lib/python3.8/site-packages/airflow/example_dags/example_sensors.py
[2023-12-01T22:39:00.559+0000] {processor.py:829} INFO - Processing file /home/airflow/.local/lib/python3.8/site-packages/airflow/example_dags/example_sensors.py for tasks to queue
[2023-12-01T22:39:00.561+0000] {logging_mixin.py:154} INFO - [2023-12-01T22:39:00.560+0000] {dagbag.py:536} INFO - Filling up the DagBag from /home/airflow/.local/lib/python3.8/site-packages/airflow/example_dags/example_sensors.py
[2023-12-01T22:39:00.567+0000] {processor.py:839} INFO - DAG(s) dict_keys(['example_sensors']) retrieved from /home/airflow/.local/lib/python3.8/site-packages/airflow/example_dags/example_sensors.py
[2023-12-01T22:39:00.586+0000] {logging_mixin.py:154} INFO - [2023-12-01T22:39:00.586+0000] {dag.py:2941} INFO - Sync 1 DAGs
[2023-12-01T22:39:00.597+0000] {logging_mixin.py:154} INFO - [2023-12-01T22:39:00.597+0000] {dag.py:3722} INFO - Setting next_dagrun for example_sensors to None, run_after=None
[2023-12-01T22:39:00.619+0000] {processor.py:179} INFO - Processing /home/airflow/.local/lib/python3.8/site-packages/airflow/example_dags/example_sensors.py took 0.063 seconds
[2023-12-01T22:39:31.108+0000] {processor.py:157} INFO - Started process (PID=172) to work on /home/airflow/.local/lib/python3.8/site-packages/airflow/example_dags/example_sensors.py
[2023-12-01T22:39:31.109+0000] {processor.py:829} INFO - Processing file /home/airflow/.local/lib/python3.8/site-packages/airflow/example_dags/example_sensors.py for tasks to queue
[2023-12-01T22:39:31.110+0000] {logging_mixin.py:154} INFO - [2023-12-01T22:39:31.110+0000] {dagbag.py:536} INFO - Filling up the DagBag from /home/airflow/.local/lib/python3.8/site-packages/airflow/example_dags/example_sensors.py
[2023-12-01T22:39:31.118+0000] {processor.py:839} INFO - DAG(s) dict_keys(['example_sensors']) retrieved from /home/airflow/.local/lib/python3.8/site-packages/airflow/example_dags/example_sensors.py
[2023-12-01T22:39:31.137+0000] {logging_mixin.py:154} INFO - [2023-12-01T22:39:31.137+0000] {dag.py:2941} INFO - Sync 1 DAGs
[2023-12-01T22:39:31.160+0000] {logging_mixin.py:154} INFO - [2023-12-01T22:39:31.159+0000] {dag.py:3722} INFO - Setting next_dagrun for example_sensors to None, run_after=None
[2023-12-01T22:39:31.185+0000] {processor.py:179} INFO - Processing /home/airflow/.local/lib/python3.8/site-packages/airflow/example_dags/example_sensors.py took 0.080 seconds
[2023-12-01T22:40:01.591+0000] {processor.py:157} INFO - Started process (PID=226) to work on /home/airflow/.local/lib/python3.8/site-packages/airflow/example_dags/example_sensors.py
[2023-12-01T22:40:01.592+0000] {processor.py:829} INFO - Processing file /home/airflow/.local/lib/python3.8/site-packages/airflow/example_dags/example_sensors.py for tasks to queue
[2023-12-01T22:40:01.593+0000] {logging_mixin.py:154} INFO - [2023-12-01T22:40:01.593+0000] {dagbag.py:536} INFO - Filling up the DagBag from /home/airflow/.local/lib/python3.8/site-packages/airflow/example_dags/example_sensors.py
[2023-12-01T22:40:01.600+0000] {processor.py:839} INFO - DAG(s) dict_keys(['example_sensors']) retrieved from /home/airflow/.local/lib/python3.8/site-packages/airflow/example_dags/example_sensors.py
[2023-12-01T22:40:01.619+0000] {logging_mixin.py:154} INFO - [2023-12-01T22:40:01.619+0000] {dag.py:2941} INFO - Sync 1 DAGs
[2023-12-01T22:40:01.629+0000] {logging_mixin.py:154} INFO - [2023-12-01T22:40:01.628+0000] {dag.py:3722} INFO - Setting next_dagrun for example_sensors to None, run_after=None
[2023-12-01T22:40:01.648+0000] {processor.py:179} INFO - Processing /home/airflow/.local/lib/python3.8/site-packages/airflow/example_dags/example_sensors.py took 0.059 seconds
[2023-12-01T22:40:32.164+0000] {processor.py:157} INFO - Started process (PID=280) to work on /home/airflow/.local/lib/python3.8/site-packages/airflow/example_dags/example_sensors.py
[2023-12-01T22:40:32.164+0000] {processor.py:829} INFO - Processing file /home/airflow/.local/lib/python3.8/site-packages/airflow/example_dags/example_sensors.py for tasks to queue
[2023-12-01T22:40:32.166+0000] {logging_mixin.py:154} INFO - [2023-12-01T22:40:32.166+0000] {dagbag.py:536} INFO - Filling up the DagBag from /home/airflow/.local/lib/python3.8/site-packages/airflow/example_dags/example_sensors.py
[2023-12-01T22:40:32.173+0000] {processor.py:839} INFO - DAG(s) dict_keys(['example_sensors']) retrieved from /home/airflow/.local/lib/python3.8/site-packages/airflow/example_dags/example_sensors.py
[2023-12-01T22:40:32.195+0000] {logging_mixin.py:154} INFO - [2023-12-01T22:40:32.195+0000] {dag.py:2941} INFO - Sync 1 DAGs
[2023-12-01T22:40:32.210+0000] {logging_mixin.py:154} INFO - [2023-12-01T22:40:32.210+0000] {dag.py:3722} INFO - Setting next_dagrun for example_sensors to None, run_after=None
[2023-12-01T22:40:32.227+0000] {processor.py:179} INFO - Processing /home/airflow/.local/lib/python3.8/site-packages/airflow/example_dags/example_sensors.py took 0.065 seconds
[2023-12-01T22:41:02.559+0000] {processor.py:157} INFO - Started process (PID=334) to work on /home/airflow/.local/lib/python3.8/site-packages/airflow/example_dags/example_sensors.py
[2023-12-01T22:41:02.560+0000] {processor.py:829} INFO - Processing file /home/airflow/.local/lib/python3.8/site-packages/airflow/example_dags/example_sensors.py for tasks to queue
[2023-12-01T22:41:02.562+0000] {logging_mixin.py:154} INFO - [2023-12-01T22:41:02.561+0000] {dagbag.py:536} INFO - Filling up the DagBag from /home/airflow/.local/lib/python3.8/site-packages/airflow/example_dags/example_sensors.py
[2023-12-01T22:41:02.568+0000] {processor.py:839} INFO - DAG(s) dict_keys(['example_sensors']) retrieved from /home/airflow/.local/lib/python3.8/site-packages/airflow/example_dags/example_sensors.py
[2023-12-01T22:41:02.588+0000] {logging_mixin.py:154} INFO - [2023-12-01T22:41:02.588+0000] {dag.py:2941} INFO - Sync 1 DAGs
[2023-12-01T22:41:02.601+0000] {logging_mixin.py:154} INFO - [2023-12-01T22:41:02.600+0000] {dag.py:3722} INFO - Setting next_dagrun for example_sensors to None, run_after=None
[2023-12-01T22:41:02.620+0000] {processor.py:179} INFO - Processing /home/airflow/.local/lib/python3.8/site-packages/airflow/example_dags/example_sensors.py took 0.063 seconds
