[2023-12-01T22:13:42.167+0000] {processor.py:157} INFO - Started process (PID=61) to work on /home/airflow/.local/lib/python3.8/site-packages/airflow/example_dags/example_short_circuit_operator.py
[2023-12-01T22:13:42.168+0000] {processor.py:829} INFO - Processing file /home/airflow/.local/lib/python3.8/site-packages/airflow/example_dags/example_short_circuit_operator.py for tasks to queue
[2023-12-01T22:13:42.170+0000] {logging_mixin.py:154} INFO - [2023-12-01T22:13:42.170+0000] {dagbag.py:536} INFO - Filling up the DagBag from /home/airflow/.local/lib/python3.8/site-packages/airflow/example_dags/example_short_circuit_operator.py
[2023-12-01T22:13:42.181+0000] {processor.py:839} INFO - DAG(s) dict_keys(['example_short_circuit_operator']) retrieved from /home/airflow/.local/lib/python3.8/site-packages/airflow/example_dags/example_short_circuit_operator.py
[2023-12-01T22:13:42.202+0000] {logging_mixin.py:154} INFO - [2023-12-01T22:13:42.201+0000] {dag.py:2941} INFO - Sync 1 DAGs
[2023-12-01T22:13:42.226+0000] {logging_mixin.py:154} INFO - [2023-12-01T22:13:42.226+0000] {dag.py:3722} INFO - Setting next_dagrun for example_short_circuit_operator to 2023-11-30T22:13:42.226043+00:00, run_after=2023-12-01T22:13:42.226043+00:00
[2023-12-01T22:13:42.243+0000] {processor.py:179} INFO - Processing /home/airflow/.local/lib/python3.8/site-packages/airflow/example_dags/example_short_circuit_operator.py took 0.078 seconds
[2023-12-01T22:19:41.465+0000] {processor.py:157} INFO - Started process (PID=59) to work on /home/airflow/.local/lib/python3.8/site-packages/airflow/example_dags/example_short_circuit_operator.py
[2023-12-01T22:19:41.467+0000] {processor.py:829} INFO - Processing file /home/airflow/.local/lib/python3.8/site-packages/airflow/example_dags/example_short_circuit_operator.py for tasks to queue
[2023-12-01T22:19:41.469+0000] {logging_mixin.py:154} INFO - [2023-12-01T22:19:41.468+0000] {dagbag.py:536} INFO - Filling up the DagBag from /home/airflow/.local/lib/python3.8/site-packages/airflow/example_dags/example_short_circuit_operator.py
[2023-12-01T22:19:41.482+0000] {processor.py:839} INFO - DAG(s) dict_keys(['example_short_circuit_operator']) retrieved from /home/airflow/.local/lib/python3.8/site-packages/airflow/example_dags/example_short_circuit_operator.py
[2023-12-01T22:19:41.512+0000] {logging_mixin.py:154} INFO - [2023-12-01T22:19:41.512+0000] {dag.py:2941} INFO - Sync 1 DAGs
[2023-12-01T22:19:41.542+0000] {logging_mixin.py:154} INFO - [2023-12-01T22:19:41.542+0000] {dag.py:3722} INFO - Setting next_dagrun for example_short_circuit_operator to 2023-11-30T22:19:41.541913+00:00, run_after=2023-12-01T22:19:41.541913+00:00
[2023-12-01T22:19:41.563+0000] {processor.py:179} INFO - Processing /home/airflow/.local/lib/python3.8/site-packages/airflow/example_dags/example_short_circuit_operator.py took 0.100 seconds
[2023-12-01T22:21:22.615+0000] {processor.py:157} INFO - Started process (PID=60) to work on /home/airflow/.local/lib/python3.8/site-packages/airflow/example_dags/example_short_circuit_operator.py
[2023-12-01T22:21:22.616+0000] {processor.py:829} INFO - Processing file /home/airflow/.local/lib/python3.8/site-packages/airflow/example_dags/example_short_circuit_operator.py for tasks to queue
[2023-12-01T22:21:22.617+0000] {logging_mixin.py:154} INFO - [2023-12-01T22:21:22.617+0000] {dagbag.py:536} INFO - Filling up the DagBag from /home/airflow/.local/lib/python3.8/site-packages/airflow/example_dags/example_short_circuit_operator.py
[2023-12-01T22:21:22.626+0000] {processor.py:839} INFO - DAG(s) dict_keys(['example_short_circuit_operator']) retrieved from /home/airflow/.local/lib/python3.8/site-packages/airflow/example_dags/example_short_circuit_operator.py
[2023-12-01T22:21:22.638+0000] {logging_mixin.py:154} INFO - [2023-12-01T22:21:22.637+0000] {dag.py:2941} INFO - Sync 1 DAGs
[2023-12-01T22:21:22.660+0000] {logging_mixin.py:154} INFO - [2023-12-01T22:21:22.660+0000] {dag.py:3722} INFO - Setting next_dagrun for example_short_circuit_operator to 2023-11-30T22:21:22.659776+00:00, run_after=2023-12-01T22:21:22.659776+00:00
[2023-12-01T22:21:22.676+0000] {processor.py:179} INFO - Processing /home/airflow/.local/lib/python3.8/site-packages/airflow/example_dags/example_short_circuit_operator.py took 0.063 seconds
[2023-12-01T22:21:52.841+0000] {processor.py:157} INFO - Started process (PID=115) to work on /home/airflow/.local/lib/python3.8/site-packages/airflow/example_dags/example_short_circuit_operator.py
[2023-12-01T22:21:52.843+0000] {processor.py:829} INFO - Processing file /home/airflow/.local/lib/python3.8/site-packages/airflow/example_dags/example_short_circuit_operator.py for tasks to queue
[2023-12-01T22:21:52.847+0000] {logging_mixin.py:154} INFO - [2023-12-01T22:21:52.846+0000] {dagbag.py:536} INFO - Filling up the DagBag from /home/airflow/.local/lib/python3.8/site-packages/airflow/example_dags/example_short_circuit_operator.py
[2023-12-01T22:21:52.856+0000] {processor.py:839} INFO - DAG(s) dict_keys(['example_short_circuit_operator']) retrieved from /home/airflow/.local/lib/python3.8/site-packages/airflow/example_dags/example_short_circuit_operator.py
[2023-12-01T22:21:52.888+0000] {logging_mixin.py:154} INFO - [2023-12-01T22:21:52.888+0000] {dag.py:2941} INFO - Sync 1 DAGs
[2023-12-01T22:21:52.931+0000] {logging_mixin.py:154} INFO - [2023-12-01T22:21:52.930+0000] {dag.py:3722} INFO - Setting next_dagrun for example_short_circuit_operator to 2023-11-30T22:21:52.930757+00:00, run_after=2023-12-01T22:21:52.930757+00:00
[2023-12-01T22:21:52.973+0000] {processor.py:179} INFO - Processing /home/airflow/.local/lib/python3.8/site-packages/airflow/example_dags/example_short_circuit_operator.py took 0.136 seconds
[2023-12-01T22:22:23.176+0000] {processor.py:157} INFO - Started process (PID=169) to work on /home/airflow/.local/lib/python3.8/site-packages/airflow/example_dags/example_short_circuit_operator.py
[2023-12-01T22:22:23.176+0000] {processor.py:829} INFO - Processing file /home/airflow/.local/lib/python3.8/site-packages/airflow/example_dags/example_short_circuit_operator.py for tasks to queue
[2023-12-01T22:22:23.178+0000] {logging_mixin.py:154} INFO - [2023-12-01T22:22:23.178+0000] {dagbag.py:536} INFO - Filling up the DagBag from /home/airflow/.local/lib/python3.8/site-packages/airflow/example_dags/example_short_circuit_operator.py
[2023-12-01T22:22:23.183+0000] {processor.py:839} INFO - DAG(s) dict_keys(['example_short_circuit_operator']) retrieved from /home/airflow/.local/lib/python3.8/site-packages/airflow/example_dags/example_short_circuit_operator.py
[2023-12-01T22:22:23.199+0000] {logging_mixin.py:154} INFO - [2023-12-01T22:22:23.198+0000] {dag.py:2941} INFO - Sync 1 DAGs
[2023-12-01T22:22:23.215+0000] {logging_mixin.py:154} INFO - [2023-12-01T22:22:23.215+0000] {dag.py:3722} INFO - Setting next_dagrun for example_short_circuit_operator to 2023-11-30T22:22:23.215012+00:00, run_after=2023-12-01T22:22:23.215012+00:00
[2023-12-01T22:22:23.229+0000] {processor.py:179} INFO - Processing /home/airflow/.local/lib/python3.8/site-packages/airflow/example_dags/example_short_circuit_operator.py took 0.056 seconds
[2023-12-01T22:22:53.424+0000] {processor.py:157} INFO - Started process (PID=223) to work on /home/airflow/.local/lib/python3.8/site-packages/airflow/example_dags/example_short_circuit_operator.py
[2023-12-01T22:22:53.425+0000] {processor.py:829} INFO - Processing file /home/airflow/.local/lib/python3.8/site-packages/airflow/example_dags/example_short_circuit_operator.py for tasks to queue
[2023-12-01T22:22:53.426+0000] {logging_mixin.py:154} INFO - [2023-12-01T22:22:53.426+0000] {dagbag.py:536} INFO - Filling up the DagBag from /home/airflow/.local/lib/python3.8/site-packages/airflow/example_dags/example_short_circuit_operator.py
[2023-12-01T22:22:53.432+0000] {processor.py:839} INFO - DAG(s) dict_keys(['example_short_circuit_operator']) retrieved from /home/airflow/.local/lib/python3.8/site-packages/airflow/example_dags/example_short_circuit_operator.py
[2023-12-01T22:22:53.449+0000] {logging_mixin.py:154} INFO - [2023-12-01T22:22:53.449+0000] {dag.py:2941} INFO - Sync 1 DAGs
[2023-12-01T22:22:53.466+0000] {logging_mixin.py:154} INFO - [2023-12-01T22:22:53.466+0000] {dag.py:3722} INFO - Setting next_dagrun for example_short_circuit_operator to 2023-11-30T22:22:53.466497+00:00, run_after=2023-12-01T22:22:53.466497+00:00
[2023-12-01T22:22:53.484+0000] {processor.py:179} INFO - Processing /home/airflow/.local/lib/python3.8/site-packages/airflow/example_dags/example_short_circuit_operator.py took 0.062 seconds
[2023-12-01T22:23:23.625+0000] {processor.py:157} INFO - Started process (PID=277) to work on /home/airflow/.local/lib/python3.8/site-packages/airflow/example_dags/example_short_circuit_operator.py
[2023-12-01T22:23:23.626+0000] {processor.py:829} INFO - Processing file /home/airflow/.local/lib/python3.8/site-packages/airflow/example_dags/example_short_circuit_operator.py for tasks to queue
[2023-12-01T22:23:23.628+0000] {logging_mixin.py:154} INFO - [2023-12-01T22:23:23.627+0000] {dagbag.py:536} INFO - Filling up the DagBag from /home/airflow/.local/lib/python3.8/site-packages/airflow/example_dags/example_short_circuit_operator.py
[2023-12-01T22:23:23.632+0000] {processor.py:839} INFO - DAG(s) dict_keys(['example_short_circuit_operator']) retrieved from /home/airflow/.local/lib/python3.8/site-packages/airflow/example_dags/example_short_circuit_operator.py
[2023-12-01T22:23:23.648+0000] {logging_mixin.py:154} INFO - [2023-12-01T22:23:23.648+0000] {dag.py:2941} INFO - Sync 1 DAGs
[2023-12-01T22:23:23.664+0000] {logging_mixin.py:154} INFO - [2023-12-01T22:23:23.664+0000] {dag.py:3722} INFO - Setting next_dagrun for example_short_circuit_operator to 2023-11-30T22:23:23.663871+00:00, run_after=2023-12-01T22:23:23.663871+00:00
[2023-12-01T22:23:23.677+0000] {processor.py:179} INFO - Processing /home/airflow/.local/lib/python3.8/site-packages/airflow/example_dags/example_short_circuit_operator.py took 0.054 seconds
[2023-12-01T22:23:53.823+0000] {processor.py:157} INFO - Started process (PID=331) to work on /home/airflow/.local/lib/python3.8/site-packages/airflow/example_dags/example_short_circuit_operator.py
[2023-12-01T22:23:53.824+0000] {processor.py:829} INFO - Processing file /home/airflow/.local/lib/python3.8/site-packages/airflow/example_dags/example_short_circuit_operator.py for tasks to queue
[2023-12-01T22:23:53.826+0000] {logging_mixin.py:154} INFO - [2023-12-01T22:23:53.826+0000] {dagbag.py:536} INFO - Filling up the DagBag from /home/airflow/.local/lib/python3.8/site-packages/airflow/example_dags/example_short_circuit_operator.py
[2023-12-01T22:23:53.832+0000] {processor.py:839} INFO - DAG(s) dict_keys(['example_short_circuit_operator']) retrieved from /home/airflow/.local/lib/python3.8/site-packages/airflow/example_dags/example_short_circuit_operator.py
[2023-12-01T22:23:53.848+0000] {logging_mixin.py:154} INFO - [2023-12-01T22:23:53.848+0000] {dag.py:2941} INFO - Sync 1 DAGs
[2023-12-01T22:23:53.864+0000] {logging_mixin.py:154} INFO - [2023-12-01T22:23:53.864+0000] {dag.py:3722} INFO - Setting next_dagrun for example_short_circuit_operator to 2023-11-30T22:23:53.864238+00:00, run_after=2023-12-01T22:23:53.864238+00:00
[2023-12-01T22:23:53.877+0000] {processor.py:179} INFO - Processing /home/airflow/.local/lib/python3.8/site-packages/airflow/example_dags/example_short_circuit_operator.py took 0.055 seconds
[2023-12-01T22:24:24.083+0000] {processor.py:157} INFO - Started process (PID=385) to work on /home/airflow/.local/lib/python3.8/site-packages/airflow/example_dags/example_short_circuit_operator.py
[2023-12-01T22:24:24.084+0000] {processor.py:829} INFO - Processing file /home/airflow/.local/lib/python3.8/site-packages/airflow/example_dags/example_short_circuit_operator.py for tasks to queue
[2023-12-01T22:24:24.086+0000] {logging_mixin.py:154} INFO - [2023-12-01T22:24:24.086+0000] {dagbag.py:536} INFO - Filling up the DagBag from /home/airflow/.local/lib/python3.8/site-packages/airflow/example_dags/example_short_circuit_operator.py
[2023-12-01T22:24:24.093+0000] {processor.py:839} INFO - DAG(s) dict_keys(['example_short_circuit_operator']) retrieved from /home/airflow/.local/lib/python3.8/site-packages/airflow/example_dags/example_short_circuit_operator.py
[2023-12-01T22:24:24.110+0000] {logging_mixin.py:154} INFO - [2023-12-01T22:24:24.110+0000] {dag.py:2941} INFO - Sync 1 DAGs
[2023-12-01T22:24:24.132+0000] {logging_mixin.py:154} INFO - [2023-12-01T22:24:24.132+0000] {dag.py:3722} INFO - Setting next_dagrun for example_short_circuit_operator to 2023-11-30T22:24:24.132275+00:00, run_after=2023-12-01T22:24:24.132275+00:00
[2023-12-01T22:24:24.149+0000] {processor.py:179} INFO - Processing /home/airflow/.local/lib/python3.8/site-packages/airflow/example_dags/example_short_circuit_operator.py took 0.069 seconds
[2023-12-01T22:24:55.152+0000] {processor.py:157} INFO - Started process (PID=439) to work on /home/airflow/.local/lib/python3.8/site-packages/airflow/example_dags/example_short_circuit_operator.py
[2023-12-01T22:24:55.152+0000] {processor.py:829} INFO - Processing file /home/airflow/.local/lib/python3.8/site-packages/airflow/example_dags/example_short_circuit_operator.py for tasks to queue
[2023-12-01T22:24:55.154+0000] {logging_mixin.py:154} INFO - [2023-12-01T22:24:55.154+0000] {dagbag.py:536} INFO - Filling up the DagBag from /home/airflow/.local/lib/python3.8/site-packages/airflow/example_dags/example_short_circuit_operator.py
[2023-12-01T22:24:55.159+0000] {processor.py:839} INFO - DAG(s) dict_keys(['example_short_circuit_operator']) retrieved from /home/airflow/.local/lib/python3.8/site-packages/airflow/example_dags/example_short_circuit_operator.py
[2023-12-01T22:24:55.176+0000] {logging_mixin.py:154} INFO - [2023-12-01T22:24:55.176+0000] {dag.py:2941} INFO - Sync 1 DAGs
[2023-12-01T22:24:55.194+0000] {logging_mixin.py:154} INFO - [2023-12-01T22:24:55.194+0000] {dag.py:3722} INFO - Setting next_dagrun for example_short_circuit_operator to 2023-11-30T22:24:55.193855+00:00, run_after=2023-12-01T22:24:55.193855+00:00
[2023-12-01T22:24:55.209+0000] {processor.py:179} INFO - Processing /home/airflow/.local/lib/python3.8/site-packages/airflow/example_dags/example_short_circuit_operator.py took 0.060 seconds
[2023-12-01T22:25:25.358+0000] {processor.py:157} INFO - Started process (PID=493) to work on /home/airflow/.local/lib/python3.8/site-packages/airflow/example_dags/example_short_circuit_operator.py
[2023-12-01T22:25:25.359+0000] {processor.py:829} INFO - Processing file /home/airflow/.local/lib/python3.8/site-packages/airflow/example_dags/example_short_circuit_operator.py for tasks to queue
[2023-12-01T22:25:25.360+0000] {logging_mixin.py:154} INFO - [2023-12-01T22:25:25.360+0000] {dagbag.py:536} INFO - Filling up the DagBag from /home/airflow/.local/lib/python3.8/site-packages/airflow/example_dags/example_short_circuit_operator.py
[2023-12-01T22:25:25.366+0000] {processor.py:839} INFO - DAG(s) dict_keys(['example_short_circuit_operator']) retrieved from /home/airflow/.local/lib/python3.8/site-packages/airflow/example_dags/example_short_circuit_operator.py
[2023-12-01T22:25:25.382+0000] {logging_mixin.py:154} INFO - [2023-12-01T22:25:25.382+0000] {dag.py:2941} INFO - Sync 1 DAGs
[2023-12-01T22:25:25.397+0000] {logging_mixin.py:154} INFO - [2023-12-01T22:25:25.397+0000] {dag.py:3722} INFO - Setting next_dagrun for example_short_circuit_operator to 2023-11-30T22:25:25.397519+00:00, run_after=2023-12-01T22:25:25.397519+00:00
[2023-12-01T22:25:25.410+0000] {processor.py:179} INFO - Processing /home/airflow/.local/lib/python3.8/site-packages/airflow/example_dags/example_short_circuit_operator.py took 0.055 seconds
[2023-12-01T22:25:56.244+0000] {processor.py:157} INFO - Started process (PID=547) to work on /home/airflow/.local/lib/python3.8/site-packages/airflow/example_dags/example_short_circuit_operator.py
[2023-12-01T22:25:56.245+0000] {processor.py:829} INFO - Processing file /home/airflow/.local/lib/python3.8/site-packages/airflow/example_dags/example_short_circuit_operator.py for tasks to queue
[2023-12-01T22:25:56.246+0000] {logging_mixin.py:154} INFO - [2023-12-01T22:25:56.246+0000] {dagbag.py:536} INFO - Filling up the DagBag from /home/airflow/.local/lib/python3.8/site-packages/airflow/example_dags/example_short_circuit_operator.py
[2023-12-01T22:25:56.251+0000] {processor.py:839} INFO - DAG(s) dict_keys(['example_short_circuit_operator']) retrieved from /home/airflow/.local/lib/python3.8/site-packages/airflow/example_dags/example_short_circuit_operator.py
[2023-12-01T22:25:56.266+0000] {logging_mixin.py:154} INFO - [2023-12-01T22:25:56.266+0000] {dag.py:2941} INFO - Sync 1 DAGs
[2023-12-01T22:25:56.282+0000] {logging_mixin.py:154} INFO - [2023-12-01T22:25:56.281+0000] {dag.py:3722} INFO - Setting next_dagrun for example_short_circuit_operator to 2023-11-30T22:25:56.281726+00:00, run_after=2023-12-01T22:25:56.281726+00:00
[2023-12-01T22:25:56.296+0000] {processor.py:179} INFO - Processing /home/airflow/.local/lib/python3.8/site-packages/airflow/example_dags/example_short_circuit_operator.py took 0.054 seconds
[2023-12-01T22:26:26.336+0000] {processor.py:157} INFO - Started process (PID=601) to work on /home/airflow/.local/lib/python3.8/site-packages/airflow/example_dags/example_short_circuit_operator.py
[2023-12-01T22:26:26.336+0000] {processor.py:829} INFO - Processing file /home/airflow/.local/lib/python3.8/site-packages/airflow/example_dags/example_short_circuit_operator.py for tasks to queue
[2023-12-01T22:26:26.338+0000] {logging_mixin.py:154} INFO - [2023-12-01T22:26:26.338+0000] {dagbag.py:536} INFO - Filling up the DagBag from /home/airflow/.local/lib/python3.8/site-packages/airflow/example_dags/example_short_circuit_operator.py
[2023-12-01T22:26:26.343+0000] {processor.py:839} INFO - DAG(s) dict_keys(['example_short_circuit_operator']) retrieved from /home/airflow/.local/lib/python3.8/site-packages/airflow/example_dags/example_short_circuit_operator.py
[2023-12-01T22:26:26.358+0000] {logging_mixin.py:154} INFO - [2023-12-01T22:26:26.357+0000] {dag.py:2941} INFO - Sync 1 DAGs
[2023-12-01T22:26:26.372+0000] {logging_mixin.py:154} INFO - [2023-12-01T22:26:26.372+0000] {dag.py:3722} INFO - Setting next_dagrun for example_short_circuit_operator to 2023-11-30T22:26:26.372350+00:00, run_after=2023-12-01T22:26:26.372350+00:00
[2023-12-01T22:26:26.386+0000] {processor.py:179} INFO - Processing /home/airflow/.local/lib/python3.8/site-packages/airflow/example_dags/example_short_circuit_operator.py took 0.053 seconds
[2023-12-01T22:26:56.462+0000] {processor.py:157} INFO - Started process (PID=655) to work on /home/airflow/.local/lib/python3.8/site-packages/airflow/example_dags/example_short_circuit_operator.py
[2023-12-01T22:26:56.463+0000] {processor.py:829} INFO - Processing file /home/airflow/.local/lib/python3.8/site-packages/airflow/example_dags/example_short_circuit_operator.py for tasks to queue
[2023-12-01T22:26:56.464+0000] {logging_mixin.py:154} INFO - [2023-12-01T22:26:56.464+0000] {dagbag.py:536} INFO - Filling up the DagBag from /home/airflow/.local/lib/python3.8/site-packages/airflow/example_dags/example_short_circuit_operator.py
[2023-12-01T22:26:56.469+0000] {processor.py:839} INFO - DAG(s) dict_keys(['example_short_circuit_operator']) retrieved from /home/airflow/.local/lib/python3.8/site-packages/airflow/example_dags/example_short_circuit_operator.py
[2023-12-01T22:26:56.484+0000] {logging_mixin.py:154} INFO - [2023-12-01T22:26:56.484+0000] {dag.py:2941} INFO - Sync 1 DAGs
[2023-12-01T22:26:56.500+0000] {logging_mixin.py:154} INFO - [2023-12-01T22:26:56.500+0000] {dag.py:3722} INFO - Setting next_dagrun for example_short_circuit_operator to 2023-11-30T22:26:56.500309+00:00, run_after=2023-12-01T22:26:56.500309+00:00
[2023-12-01T22:26:56.514+0000] {processor.py:179} INFO - Processing /home/airflow/.local/lib/python3.8/site-packages/airflow/example_dags/example_short_circuit_operator.py took 0.054 seconds
[2023-12-01T22:27:26.682+0000] {processor.py:157} INFO - Started process (PID=709) to work on /home/airflow/.local/lib/python3.8/site-packages/airflow/example_dags/example_short_circuit_operator.py
[2023-12-01T22:27:26.683+0000] {processor.py:829} INFO - Processing file /home/airflow/.local/lib/python3.8/site-packages/airflow/example_dags/example_short_circuit_operator.py for tasks to queue
[2023-12-01T22:27:26.684+0000] {logging_mixin.py:154} INFO - [2023-12-01T22:27:26.684+0000] {dagbag.py:536} INFO - Filling up the DagBag from /home/airflow/.local/lib/python3.8/site-packages/airflow/example_dags/example_short_circuit_operator.py
[2023-12-01T22:27:26.689+0000] {processor.py:839} INFO - DAG(s) dict_keys(['example_short_circuit_operator']) retrieved from /home/airflow/.local/lib/python3.8/site-packages/airflow/example_dags/example_short_circuit_operator.py
[2023-12-01T22:27:26.704+0000] {logging_mixin.py:154} INFO - [2023-12-01T22:27:26.704+0000] {dag.py:2941} INFO - Sync 1 DAGs
[2023-12-01T22:27:26.720+0000] {logging_mixin.py:154} INFO - [2023-12-01T22:27:26.720+0000] {dag.py:3722} INFO - Setting next_dagrun for example_short_circuit_operator to 2023-11-30T22:27:26.720093+00:00, run_after=2023-12-01T22:27:26.720093+00:00
[2023-12-01T22:27:26.734+0000] {processor.py:179} INFO - Processing /home/airflow/.local/lib/python3.8/site-packages/airflow/example_dags/example_short_circuit_operator.py took 0.054 seconds
[2023-12-01T22:27:57.529+0000] {processor.py:157} INFO - Started process (PID=763) to work on /home/airflow/.local/lib/python3.8/site-packages/airflow/example_dags/example_short_circuit_operator.py
[2023-12-01T22:27:57.530+0000] {processor.py:829} INFO - Processing file /home/airflow/.local/lib/python3.8/site-packages/airflow/example_dags/example_short_circuit_operator.py for tasks to queue
[2023-12-01T22:27:57.531+0000] {logging_mixin.py:154} INFO - [2023-12-01T22:27:57.531+0000] {dagbag.py:536} INFO - Filling up the DagBag from /home/airflow/.local/lib/python3.8/site-packages/airflow/example_dags/example_short_circuit_operator.py
[2023-12-01T22:27:57.536+0000] {processor.py:839} INFO - DAG(s) dict_keys(['example_short_circuit_operator']) retrieved from /home/airflow/.local/lib/python3.8/site-packages/airflow/example_dags/example_short_circuit_operator.py
[2023-12-01T22:27:57.551+0000] {logging_mixin.py:154} INFO - [2023-12-01T22:27:57.551+0000] {dag.py:2941} INFO - Sync 1 DAGs
[2023-12-01T22:27:57.566+0000] {logging_mixin.py:154} INFO - [2023-12-01T22:27:57.566+0000] {dag.py:3722} INFO - Setting next_dagrun for example_short_circuit_operator to 2023-11-30T22:27:57.566400+00:00, run_after=2023-12-01T22:27:57.566400+00:00
[2023-12-01T22:27:57.582+0000] {processor.py:179} INFO - Processing /home/airflow/.local/lib/python3.8/site-packages/airflow/example_dags/example_short_circuit_operator.py took 0.055 seconds
[2023-12-01T22:28:27.814+0000] {processor.py:157} INFO - Started process (PID=817) to work on /home/airflow/.local/lib/python3.8/site-packages/airflow/example_dags/example_short_circuit_operator.py
[2023-12-01T22:28:27.815+0000] {processor.py:829} INFO - Processing file /home/airflow/.local/lib/python3.8/site-packages/airflow/example_dags/example_short_circuit_operator.py for tasks to queue
[2023-12-01T22:28:27.817+0000] {logging_mixin.py:154} INFO - [2023-12-01T22:28:27.816+0000] {dagbag.py:536} INFO - Filling up the DagBag from /home/airflow/.local/lib/python3.8/site-packages/airflow/example_dags/example_short_circuit_operator.py
[2023-12-01T22:28:27.821+0000] {processor.py:839} INFO - DAG(s) dict_keys(['example_short_circuit_operator']) retrieved from /home/airflow/.local/lib/python3.8/site-packages/airflow/example_dags/example_short_circuit_operator.py
[2023-12-01T22:28:27.836+0000] {logging_mixin.py:154} INFO - [2023-12-01T22:28:27.836+0000] {dag.py:2941} INFO - Sync 1 DAGs
[2023-12-01T22:28:27.851+0000] {logging_mixin.py:154} INFO - [2023-12-01T22:28:27.851+0000] {dag.py:3722} INFO - Setting next_dagrun for example_short_circuit_operator to 2023-11-30T22:28:27.851408+00:00, run_after=2023-12-01T22:28:27.851408+00:00
[2023-12-01T22:28:27.865+0000] {processor.py:179} INFO - Processing /home/airflow/.local/lib/python3.8/site-packages/airflow/example_dags/example_short_circuit_operator.py took 0.053 seconds
[2023-12-01T22:28:57.935+0000] {processor.py:157} INFO - Started process (PID=871) to work on /home/airflow/.local/lib/python3.8/site-packages/airflow/example_dags/example_short_circuit_operator.py
[2023-12-01T22:28:57.936+0000] {processor.py:829} INFO - Processing file /home/airflow/.local/lib/python3.8/site-packages/airflow/example_dags/example_short_circuit_operator.py for tasks to queue
[2023-12-01T22:28:57.938+0000] {logging_mixin.py:154} INFO - [2023-12-01T22:28:57.938+0000] {dagbag.py:536} INFO - Filling up the DagBag from /home/airflow/.local/lib/python3.8/site-packages/airflow/example_dags/example_short_circuit_operator.py
[2023-12-01T22:28:57.944+0000] {processor.py:839} INFO - DAG(s) dict_keys(['example_short_circuit_operator']) retrieved from /home/airflow/.local/lib/python3.8/site-packages/airflow/example_dags/example_short_circuit_operator.py
[2023-12-01T22:28:57.963+0000] {logging_mixin.py:154} INFO - [2023-12-01T22:28:57.963+0000] {dag.py:2941} INFO - Sync 1 DAGs
[2023-12-01T22:28:57.982+0000] {logging_mixin.py:154} INFO - [2023-12-01T22:28:57.981+0000] {dag.py:3722} INFO - Setting next_dagrun for example_short_circuit_operator to 2023-11-30T22:28:57.981666+00:00, run_after=2023-12-01T22:28:57.981666+00:00
[2023-12-01T22:28:57.999+0000] {processor.py:179} INFO - Processing /home/airflow/.local/lib/python3.8/site-packages/airflow/example_dags/example_short_circuit_operator.py took 0.066 seconds
[2023-12-01T22:29:28.099+0000] {processor.py:157} INFO - Started process (PID=925) to work on /home/airflow/.local/lib/python3.8/site-packages/airflow/example_dags/example_short_circuit_operator.py
[2023-12-01T22:29:28.100+0000] {processor.py:829} INFO - Processing file /home/airflow/.local/lib/python3.8/site-packages/airflow/example_dags/example_short_circuit_operator.py for tasks to queue
[2023-12-01T22:29:28.102+0000] {logging_mixin.py:154} INFO - [2023-12-01T22:29:28.102+0000] {dagbag.py:536} INFO - Filling up the DagBag from /home/airflow/.local/lib/python3.8/site-packages/airflow/example_dags/example_short_circuit_operator.py
[2023-12-01T22:29:28.107+0000] {processor.py:839} INFO - DAG(s) dict_keys(['example_short_circuit_operator']) retrieved from /home/airflow/.local/lib/python3.8/site-packages/airflow/example_dags/example_short_circuit_operator.py
[2023-12-01T22:29:28.122+0000] {logging_mixin.py:154} INFO - [2023-12-01T22:29:28.122+0000] {dag.py:2941} INFO - Sync 1 DAGs
[2023-12-01T22:29:28.138+0000] {logging_mixin.py:154} INFO - [2023-12-01T22:29:28.137+0000] {dag.py:3722} INFO - Setting next_dagrun for example_short_circuit_operator to 2023-11-30T22:29:28.137736+00:00, run_after=2023-12-01T22:29:28.137736+00:00
[2023-12-01T22:29:28.150+0000] {processor.py:179} INFO - Processing /home/airflow/.local/lib/python3.8/site-packages/airflow/example_dags/example_short_circuit_operator.py took 0.053 seconds
[2023-12-01T22:29:58.179+0000] {processor.py:157} INFO - Started process (PID=979) to work on /home/airflow/.local/lib/python3.8/site-packages/airflow/example_dags/example_short_circuit_operator.py
[2023-12-01T22:29:58.180+0000] {processor.py:829} INFO - Processing file /home/airflow/.local/lib/python3.8/site-packages/airflow/example_dags/example_short_circuit_operator.py for tasks to queue
[2023-12-01T22:29:58.182+0000] {logging_mixin.py:154} INFO - [2023-12-01T22:29:58.182+0000] {dagbag.py:536} INFO - Filling up the DagBag from /home/airflow/.local/lib/python3.8/site-packages/airflow/example_dags/example_short_circuit_operator.py
[2023-12-01T22:29:58.187+0000] {processor.py:839} INFO - DAG(s) dict_keys(['example_short_circuit_operator']) retrieved from /home/airflow/.local/lib/python3.8/site-packages/airflow/example_dags/example_short_circuit_operator.py
[2023-12-01T22:29:58.203+0000] {logging_mixin.py:154} INFO - [2023-12-01T22:29:58.203+0000] {dag.py:2941} INFO - Sync 1 DAGs
[2023-12-01T22:29:58.218+0000] {logging_mixin.py:154} INFO - [2023-12-01T22:29:58.218+0000] {dag.py:3722} INFO - Setting next_dagrun for example_short_circuit_operator to 2023-11-30T22:29:58.217985+00:00, run_after=2023-12-01T22:29:58.217985+00:00
[2023-12-01T22:29:58.232+0000] {processor.py:179} INFO - Processing /home/airflow/.local/lib/python3.8/site-packages/airflow/example_dags/example_short_circuit_operator.py took 0.055 seconds
[2023-12-01T22:30:28.304+0000] {processor.py:157} INFO - Started process (PID=1033) to work on /home/airflow/.local/lib/python3.8/site-packages/airflow/example_dags/example_short_circuit_operator.py
[2023-12-01T22:30:28.305+0000] {processor.py:829} INFO - Processing file /home/airflow/.local/lib/python3.8/site-packages/airflow/example_dags/example_short_circuit_operator.py for tasks to queue
[2023-12-01T22:30:28.307+0000] {logging_mixin.py:154} INFO - [2023-12-01T22:30:28.307+0000] {dagbag.py:536} INFO - Filling up the DagBag from /home/airflow/.local/lib/python3.8/site-packages/airflow/example_dags/example_short_circuit_operator.py
[2023-12-01T22:30:28.312+0000] {processor.py:839} INFO - DAG(s) dict_keys(['example_short_circuit_operator']) retrieved from /home/airflow/.local/lib/python3.8/site-packages/airflow/example_dags/example_short_circuit_operator.py
[2023-12-01T22:30:28.327+0000] {logging_mixin.py:154} INFO - [2023-12-01T22:30:28.327+0000] {dag.py:2941} INFO - Sync 1 DAGs
[2023-12-01T22:30:28.342+0000] {logging_mixin.py:154} INFO - [2023-12-01T22:30:28.341+0000] {dag.py:3722} INFO - Setting next_dagrun for example_short_circuit_operator to 2023-11-30T22:30:28.341779+00:00, run_after=2023-12-01T22:30:28.341779+00:00
[2023-12-01T22:30:28.355+0000] {processor.py:179} INFO - Processing /home/airflow/.local/lib/python3.8/site-packages/airflow/example_dags/example_short_circuit_operator.py took 0.053 seconds
[2023-12-01T22:30:58.578+0000] {processor.py:157} INFO - Started process (PID=1087) to work on /home/airflow/.local/lib/python3.8/site-packages/airflow/example_dags/example_short_circuit_operator.py
[2023-12-01T22:30:58.579+0000] {processor.py:829} INFO - Processing file /home/airflow/.local/lib/python3.8/site-packages/airflow/example_dags/example_short_circuit_operator.py for tasks to queue
[2023-12-01T22:30:58.581+0000] {logging_mixin.py:154} INFO - [2023-12-01T22:30:58.581+0000] {dagbag.py:536} INFO - Filling up the DagBag from /home/airflow/.local/lib/python3.8/site-packages/airflow/example_dags/example_short_circuit_operator.py
[2023-12-01T22:30:58.585+0000] {processor.py:839} INFO - DAG(s) dict_keys(['example_short_circuit_operator']) retrieved from /home/airflow/.local/lib/python3.8/site-packages/airflow/example_dags/example_short_circuit_operator.py
[2023-12-01T22:30:58.601+0000] {logging_mixin.py:154} INFO - [2023-12-01T22:30:58.600+0000] {dag.py:2941} INFO - Sync 1 DAGs
[2023-12-01T22:30:58.615+0000] {logging_mixin.py:154} INFO - [2023-12-01T22:30:58.615+0000] {dag.py:3722} INFO - Setting next_dagrun for example_short_circuit_operator to 2023-11-30T22:30:58.615513+00:00, run_after=2023-12-01T22:30:58.615513+00:00
[2023-12-01T22:30:58.629+0000] {processor.py:179} INFO - Processing /home/airflow/.local/lib/python3.8/site-packages/airflow/example_dags/example_short_circuit_operator.py took 0.053 seconds
[2023-12-01T22:31:28.682+0000] {processor.py:157} INFO - Started process (PID=1141) to work on /home/airflow/.local/lib/python3.8/site-packages/airflow/example_dags/example_short_circuit_operator.py
[2023-12-01T22:31:28.683+0000] {processor.py:829} INFO - Processing file /home/airflow/.local/lib/python3.8/site-packages/airflow/example_dags/example_short_circuit_operator.py for tasks to queue
[2023-12-01T22:31:28.685+0000] {logging_mixin.py:154} INFO - [2023-12-01T22:31:28.685+0000] {dagbag.py:536} INFO - Filling up the DagBag from /home/airflow/.local/lib/python3.8/site-packages/airflow/example_dags/example_short_circuit_operator.py
[2023-12-01T22:31:28.690+0000] {processor.py:839} INFO - DAG(s) dict_keys(['example_short_circuit_operator']) retrieved from /home/airflow/.local/lib/python3.8/site-packages/airflow/example_dags/example_short_circuit_operator.py
[2023-12-01T22:31:28.705+0000] {logging_mixin.py:154} INFO - [2023-12-01T22:31:28.705+0000] {dag.py:2941} INFO - Sync 1 DAGs
[2023-12-01T22:31:28.720+0000] {logging_mixin.py:154} INFO - [2023-12-01T22:31:28.720+0000] {dag.py:3722} INFO - Setting next_dagrun for example_short_circuit_operator to 2023-11-30T22:31:28.720252+00:00, run_after=2023-12-01T22:31:28.720252+00:00
[2023-12-01T22:31:28.734+0000] {processor.py:179} INFO - Processing /home/airflow/.local/lib/python3.8/site-packages/airflow/example_dags/example_short_circuit_operator.py took 0.054 seconds
[2023-12-01T22:31:58.815+0000] {processor.py:157} INFO - Started process (PID=1195) to work on /home/airflow/.local/lib/python3.8/site-packages/airflow/example_dags/example_short_circuit_operator.py
[2023-12-01T22:31:58.816+0000] {processor.py:829} INFO - Processing file /home/airflow/.local/lib/python3.8/site-packages/airflow/example_dags/example_short_circuit_operator.py for tasks to queue
[2023-12-01T22:31:58.817+0000] {logging_mixin.py:154} INFO - [2023-12-01T22:31:58.817+0000] {dagbag.py:536} INFO - Filling up the DagBag from /home/airflow/.local/lib/python3.8/site-packages/airflow/example_dags/example_short_circuit_operator.py
[2023-12-01T22:31:58.822+0000] {processor.py:839} INFO - DAG(s) dict_keys(['example_short_circuit_operator']) retrieved from /home/airflow/.local/lib/python3.8/site-packages/airflow/example_dags/example_short_circuit_operator.py
[2023-12-01T22:31:58.837+0000] {logging_mixin.py:154} INFO - [2023-12-01T22:31:58.837+0000] {dag.py:2941} INFO - Sync 1 DAGs
[2023-12-01T22:31:58.852+0000] {logging_mixin.py:154} INFO - [2023-12-01T22:31:58.852+0000] {dag.py:3722} INFO - Setting next_dagrun for example_short_circuit_operator to 2023-11-30T22:31:58.852295+00:00, run_after=2023-12-01T22:31:58.852295+00:00
[2023-12-01T22:31:58.866+0000] {processor.py:179} INFO - Processing /home/airflow/.local/lib/python3.8/site-packages/airflow/example_dags/example_short_circuit_operator.py took 0.053 seconds
[2023-12-01T22:32:28.946+0000] {processor.py:157} INFO - Started process (PID=1249) to work on /home/airflow/.local/lib/python3.8/site-packages/airflow/example_dags/example_short_circuit_operator.py
[2023-12-01T22:32:28.947+0000] {processor.py:829} INFO - Processing file /home/airflow/.local/lib/python3.8/site-packages/airflow/example_dags/example_short_circuit_operator.py for tasks to queue
[2023-12-01T22:32:28.949+0000] {logging_mixin.py:154} INFO - [2023-12-01T22:32:28.949+0000] {dagbag.py:536} INFO - Filling up the DagBag from /home/airflow/.local/lib/python3.8/site-packages/airflow/example_dags/example_short_circuit_operator.py
[2023-12-01T22:32:28.954+0000] {processor.py:839} INFO - DAG(s) dict_keys(['example_short_circuit_operator']) retrieved from /home/airflow/.local/lib/python3.8/site-packages/airflow/example_dags/example_short_circuit_operator.py
[2023-12-01T22:32:28.969+0000] {logging_mixin.py:154} INFO - [2023-12-01T22:32:28.969+0000] {dag.py:2941} INFO - Sync 1 DAGs
[2023-12-01T22:32:28.984+0000] {logging_mixin.py:154} INFO - [2023-12-01T22:32:28.983+0000] {dag.py:3722} INFO - Setting next_dagrun for example_short_circuit_operator to 2023-11-30T22:32:28.983737+00:00, run_after=2023-12-01T22:32:28.983737+00:00
[2023-12-01T22:32:28.998+0000] {processor.py:179} INFO - Processing /home/airflow/.local/lib/python3.8/site-packages/airflow/example_dags/example_short_circuit_operator.py took 0.053 seconds
[2023-12-01T22:32:59.442+0000] {processor.py:157} INFO - Started process (PID=1303) to work on /home/airflow/.local/lib/python3.8/site-packages/airflow/example_dags/example_short_circuit_operator.py
[2023-12-01T22:32:59.442+0000] {processor.py:829} INFO - Processing file /home/airflow/.local/lib/python3.8/site-packages/airflow/example_dags/example_short_circuit_operator.py for tasks to queue
[2023-12-01T22:32:59.444+0000] {logging_mixin.py:154} INFO - [2023-12-01T22:32:59.444+0000] {dagbag.py:536} INFO - Filling up the DagBag from /home/airflow/.local/lib/python3.8/site-packages/airflow/example_dags/example_short_circuit_operator.py
[2023-12-01T22:32:59.449+0000] {processor.py:839} INFO - DAG(s) dict_keys(['example_short_circuit_operator']) retrieved from /home/airflow/.local/lib/python3.8/site-packages/airflow/example_dags/example_short_circuit_operator.py
[2023-12-01T22:32:59.466+0000] {logging_mixin.py:154} INFO - [2023-12-01T22:32:59.466+0000] {dag.py:2941} INFO - Sync 1 DAGs
[2023-12-01T22:32:59.483+0000] {logging_mixin.py:154} INFO - [2023-12-01T22:32:59.482+0000] {dag.py:3722} INFO - Setting next_dagrun for example_short_circuit_operator to 2023-11-30T22:32:59.482570+00:00, run_after=2023-12-01T22:32:59.482570+00:00
[2023-12-01T22:32:59.497+0000] {processor.py:179} INFO - Processing /home/airflow/.local/lib/python3.8/site-packages/airflow/example_dags/example_short_circuit_operator.py took 0.057 seconds
[2023-12-01T22:33:29.615+0000] {processor.py:157} INFO - Started process (PID=1358) to work on /home/airflow/.local/lib/python3.8/site-packages/airflow/example_dags/example_short_circuit_operator.py
[2023-12-01T22:33:29.617+0000] {processor.py:829} INFO - Processing file /home/airflow/.local/lib/python3.8/site-packages/airflow/example_dags/example_short_circuit_operator.py for tasks to queue
[2023-12-01T22:33:29.620+0000] {logging_mixin.py:154} INFO - [2023-12-01T22:33:29.620+0000] {dagbag.py:536} INFO - Filling up the DagBag from /home/airflow/.local/lib/python3.8/site-packages/airflow/example_dags/example_short_circuit_operator.py
[2023-12-01T22:33:29.625+0000] {processor.py:839} INFO - DAG(s) dict_keys(['example_short_circuit_operator']) retrieved from /home/airflow/.local/lib/python3.8/site-packages/airflow/example_dags/example_short_circuit_operator.py
[2023-12-01T22:33:29.643+0000] {logging_mixin.py:154} INFO - [2023-12-01T22:33:29.642+0000] {dag.py:2941} INFO - Sync 1 DAGs
[2023-12-01T22:33:29.660+0000] {logging_mixin.py:154} INFO - [2023-12-01T22:33:29.660+0000] {dag.py:3722} INFO - Setting next_dagrun for example_short_circuit_operator to 2023-11-30T22:33:29.660470+00:00, run_after=2023-12-01T22:33:29.660470+00:00
[2023-12-01T22:33:29.678+0000] {processor.py:179} INFO - Processing /home/airflow/.local/lib/python3.8/site-packages/airflow/example_dags/example_short_circuit_operator.py took 0.066 seconds
[2023-12-01T22:33:59.900+0000] {processor.py:157} INFO - Started process (PID=1412) to work on /home/airflow/.local/lib/python3.8/site-packages/airflow/example_dags/example_short_circuit_operator.py
[2023-12-01T22:33:59.901+0000] {processor.py:829} INFO - Processing file /home/airflow/.local/lib/python3.8/site-packages/airflow/example_dags/example_short_circuit_operator.py for tasks to queue
[2023-12-01T22:33:59.902+0000] {logging_mixin.py:154} INFO - [2023-12-01T22:33:59.902+0000] {dagbag.py:536} INFO - Filling up the DagBag from /home/airflow/.local/lib/python3.8/site-packages/airflow/example_dags/example_short_circuit_operator.py
[2023-12-01T22:33:59.907+0000] {processor.py:839} INFO - DAG(s) dict_keys(['example_short_circuit_operator']) retrieved from /home/airflow/.local/lib/python3.8/site-packages/airflow/example_dags/example_short_circuit_operator.py
[2023-12-01T22:33:59.926+0000] {logging_mixin.py:154} INFO - [2023-12-01T22:33:59.925+0000] {dag.py:2941} INFO - Sync 1 DAGs
[2023-12-01T22:33:59.943+0000] {logging_mixin.py:154} INFO - [2023-12-01T22:33:59.943+0000] {dag.py:3722} INFO - Setting next_dagrun for example_short_circuit_operator to 2023-11-30T22:33:59.943262+00:00, run_after=2023-12-01T22:33:59.943262+00:00
[2023-12-01T22:33:59.961+0000] {processor.py:179} INFO - Processing /home/airflow/.local/lib/python3.8/site-packages/airflow/example_dags/example_short_circuit_operator.py took 0.063 seconds
[2023-12-01T22:34:30.594+0000] {processor.py:157} INFO - Started process (PID=1466) to work on /home/airflow/.local/lib/python3.8/site-packages/airflow/example_dags/example_short_circuit_operator.py
[2023-12-01T22:34:30.595+0000] {processor.py:829} INFO - Processing file /home/airflow/.local/lib/python3.8/site-packages/airflow/example_dags/example_short_circuit_operator.py for tasks to queue
[2023-12-01T22:34:30.597+0000] {logging_mixin.py:154} INFO - [2023-12-01T22:34:30.597+0000] {dagbag.py:536} INFO - Filling up the DagBag from /home/airflow/.local/lib/python3.8/site-packages/airflow/example_dags/example_short_circuit_operator.py
[2023-12-01T22:34:30.603+0000] {processor.py:839} INFO - DAG(s) dict_keys(['example_short_circuit_operator']) retrieved from /home/airflow/.local/lib/python3.8/site-packages/airflow/example_dags/example_short_circuit_operator.py
[2023-12-01T22:34:30.623+0000] {logging_mixin.py:154} INFO - [2023-12-01T22:34:30.623+0000] {dag.py:2941} INFO - Sync 1 DAGs
[2023-12-01T22:34:30.644+0000] {logging_mixin.py:154} INFO - [2023-12-01T22:34:30.644+0000] {dag.py:3722} INFO - Setting next_dagrun for example_short_circuit_operator to 2023-11-30T22:34:30.643867+00:00, run_after=2023-12-01T22:34:30.643867+00:00
[2023-12-01T22:34:30.661+0000] {processor.py:179} INFO - Processing /home/airflow/.local/lib/python3.8/site-packages/airflow/example_dags/example_short_circuit_operator.py took 0.069 seconds
[2023-12-01T22:35:01.050+0000] {processor.py:157} INFO - Started process (PID=1520) to work on /home/airflow/.local/lib/python3.8/site-packages/airflow/example_dags/example_short_circuit_operator.py
[2023-12-01T22:35:01.051+0000] {processor.py:829} INFO - Processing file /home/airflow/.local/lib/python3.8/site-packages/airflow/example_dags/example_short_circuit_operator.py for tasks to queue
[2023-12-01T22:35:01.053+0000] {logging_mixin.py:154} INFO - [2023-12-01T22:35:01.053+0000] {dagbag.py:536} INFO - Filling up the DagBag from /home/airflow/.local/lib/python3.8/site-packages/airflow/example_dags/example_short_circuit_operator.py
[2023-12-01T22:35:01.059+0000] {processor.py:839} INFO - DAG(s) dict_keys(['example_short_circuit_operator']) retrieved from /home/airflow/.local/lib/python3.8/site-packages/airflow/example_dags/example_short_circuit_operator.py
[2023-12-01T22:35:01.078+0000] {logging_mixin.py:154} INFO - [2023-12-01T22:35:01.078+0000] {dag.py:2941} INFO - Sync 1 DAGs
[2023-12-01T22:35:01.100+0000] {logging_mixin.py:154} INFO - [2023-12-01T22:35:01.100+0000] {dag.py:3722} INFO - Setting next_dagrun for example_short_circuit_operator to 2023-11-30T22:35:01.099884+00:00, run_after=2023-12-01T22:35:01.099884+00:00
[2023-12-01T22:35:01.123+0000] {processor.py:179} INFO - Processing /home/airflow/.local/lib/python3.8/site-packages/airflow/example_dags/example_short_circuit_operator.py took 0.076 seconds
[2023-12-01T22:35:31.466+0000] {processor.py:157} INFO - Started process (PID=1574) to work on /home/airflow/.local/lib/python3.8/site-packages/airflow/example_dags/example_short_circuit_operator.py
[2023-12-01T22:35:31.467+0000] {processor.py:829} INFO - Processing file /home/airflow/.local/lib/python3.8/site-packages/airflow/example_dags/example_short_circuit_operator.py for tasks to queue
[2023-12-01T22:35:31.469+0000] {logging_mixin.py:154} INFO - [2023-12-01T22:35:31.469+0000] {dagbag.py:536} INFO - Filling up the DagBag from /home/airflow/.local/lib/python3.8/site-packages/airflow/example_dags/example_short_circuit_operator.py
[2023-12-01T22:35:31.475+0000] {processor.py:839} INFO - DAG(s) dict_keys(['example_short_circuit_operator']) retrieved from /home/airflow/.local/lib/python3.8/site-packages/airflow/example_dags/example_short_circuit_operator.py
[2023-12-01T22:35:31.491+0000] {logging_mixin.py:154} INFO - [2023-12-01T22:35:31.491+0000] {dag.py:2941} INFO - Sync 1 DAGs
[2023-12-01T22:35:31.514+0000] {logging_mixin.py:154} INFO - [2023-12-01T22:35:31.514+0000] {dag.py:3722} INFO - Setting next_dagrun for example_short_circuit_operator to 2023-11-30T22:35:31.514322+00:00, run_after=2023-12-01T22:35:31.514322+00:00
[2023-12-01T22:35:31.529+0000] {processor.py:179} INFO - Processing /home/airflow/.local/lib/python3.8/site-packages/airflow/example_dags/example_short_circuit_operator.py took 0.065 seconds
[2023-12-01T22:38:29.648+0000] {processor.py:157} INFO - Started process (PID=60) to work on /home/airflow/.local/lib/python3.8/site-packages/airflow/example_dags/example_short_circuit_operator.py
[2023-12-01T22:38:29.650+0000] {processor.py:829} INFO - Processing file /home/airflow/.local/lib/python3.8/site-packages/airflow/example_dags/example_short_circuit_operator.py for tasks to queue
[2023-12-01T22:38:29.653+0000] {logging_mixin.py:154} INFO - [2023-12-01T22:38:29.653+0000] {dagbag.py:536} INFO - Filling up the DagBag from /home/airflow/.local/lib/python3.8/site-packages/airflow/example_dags/example_short_circuit_operator.py
[2023-12-01T22:38:29.666+0000] {processor.py:839} INFO - DAG(s) dict_keys(['example_short_circuit_operator']) retrieved from /home/airflow/.local/lib/python3.8/site-packages/airflow/example_dags/example_short_circuit_operator.py
[2023-12-01T22:38:29.680+0000] {logging_mixin.py:154} INFO - [2023-12-01T22:38:29.680+0000] {dag.py:2941} INFO - Sync 1 DAGs
[2023-12-01T22:38:29.716+0000] {logging_mixin.py:154} INFO - [2023-12-01T22:38:29.716+0000] {dag.py:3722} INFO - Setting next_dagrun for example_short_circuit_operator to 2023-11-30T22:38:29.715893+00:00, run_after=2023-12-01T22:38:29.715893+00:00
[2023-12-01T22:38:29.742+0000] {processor.py:179} INFO - Processing /home/airflow/.local/lib/python3.8/site-packages/airflow/example_dags/example_short_circuit_operator.py took 0.098 seconds
[2023-12-01T22:39:00.387+0000] {processor.py:157} INFO - Started process (PID=114) to work on /home/airflow/.local/lib/python3.8/site-packages/airflow/example_dags/example_short_circuit_operator.py
[2023-12-01T22:39:00.388+0000] {processor.py:829} INFO - Processing file /home/airflow/.local/lib/python3.8/site-packages/airflow/example_dags/example_short_circuit_operator.py for tasks to queue
[2023-12-01T22:39:00.390+0000] {logging_mixin.py:154} INFO - [2023-12-01T22:39:00.390+0000] {dagbag.py:536} INFO - Filling up the DagBag from /home/airflow/.local/lib/python3.8/site-packages/airflow/example_dags/example_short_circuit_operator.py
[2023-12-01T22:39:00.395+0000] {processor.py:839} INFO - DAG(s) dict_keys(['example_short_circuit_operator']) retrieved from /home/airflow/.local/lib/python3.8/site-packages/airflow/example_dags/example_short_circuit_operator.py
[2023-12-01T22:39:00.412+0000] {logging_mixin.py:154} INFO - [2023-12-01T22:39:00.412+0000] {dag.py:2941} INFO - Sync 1 DAGs
[2023-12-01T22:39:00.430+0000] {logging_mixin.py:154} INFO - [2023-12-01T22:39:00.430+0000] {dag.py:3722} INFO - Setting next_dagrun for example_short_circuit_operator to 2023-11-30T22:39:00.430590+00:00, run_after=2023-12-01T22:39:00.430590+00:00
[2023-12-01T22:39:00.453+0000] {processor.py:179} INFO - Processing /home/airflow/.local/lib/python3.8/site-packages/airflow/example_dags/example_short_circuit_operator.py took 0.068 seconds
[2023-12-01T22:39:30.921+0000] {processor.py:157} INFO - Started process (PID=168) to work on /home/airflow/.local/lib/python3.8/site-packages/airflow/example_dags/example_short_circuit_operator.py
[2023-12-01T22:39:30.923+0000] {processor.py:829} INFO - Processing file /home/airflow/.local/lib/python3.8/site-packages/airflow/example_dags/example_short_circuit_operator.py for tasks to queue
[2023-12-01T22:39:30.925+0000] {logging_mixin.py:154} INFO - [2023-12-01T22:39:30.924+0000] {dagbag.py:536} INFO - Filling up the DagBag from /home/airflow/.local/lib/python3.8/site-packages/airflow/example_dags/example_short_circuit_operator.py
[2023-12-01T22:39:30.930+0000] {processor.py:839} INFO - DAG(s) dict_keys(['example_short_circuit_operator']) retrieved from /home/airflow/.local/lib/python3.8/site-packages/airflow/example_dags/example_short_circuit_operator.py
[2023-12-01T22:39:30.949+0000] {logging_mixin.py:154} INFO - [2023-12-01T22:39:30.948+0000] {dag.py:2941} INFO - Sync 1 DAGs
[2023-12-01T22:39:30.970+0000] {logging_mixin.py:154} INFO - [2023-12-01T22:39:30.970+0000] {dag.py:3722} INFO - Setting next_dagrun for example_short_circuit_operator to 2023-11-30T22:39:30.970018+00:00, run_after=2023-12-01T22:39:30.970018+00:00
[2023-12-01T22:39:30.989+0000] {processor.py:179} INFO - Processing /home/airflow/.local/lib/python3.8/site-packages/airflow/example_dags/example_short_circuit_operator.py took 0.070 seconds
[2023-12-01T22:40:01.395+0000] {processor.py:157} INFO - Started process (PID=222) to work on /home/airflow/.local/lib/python3.8/site-packages/airflow/example_dags/example_short_circuit_operator.py
[2023-12-01T22:40:01.396+0000] {processor.py:829} INFO - Processing file /home/airflow/.local/lib/python3.8/site-packages/airflow/example_dags/example_short_circuit_operator.py for tasks to queue
[2023-12-01T22:40:01.399+0000] {logging_mixin.py:154} INFO - [2023-12-01T22:40:01.398+0000] {dagbag.py:536} INFO - Filling up the DagBag from /home/airflow/.local/lib/python3.8/site-packages/airflow/example_dags/example_short_circuit_operator.py
[2023-12-01T22:40:01.409+0000] {processor.py:839} INFO - DAG(s) dict_keys(['example_short_circuit_operator']) retrieved from /home/airflow/.local/lib/python3.8/site-packages/airflow/example_dags/example_short_circuit_operator.py
[2023-12-01T22:40:01.434+0000] {logging_mixin.py:154} INFO - [2023-12-01T22:40:01.434+0000] {dag.py:2941} INFO - Sync 1 DAGs
[2023-12-01T22:40:01.460+0000] {logging_mixin.py:154} INFO - [2023-12-01T22:40:01.459+0000] {dag.py:3722} INFO - Setting next_dagrun for example_short_circuit_operator to 2023-11-30T22:40:01.459688+00:00, run_after=2023-12-01T22:40:01.459688+00:00
[2023-12-01T22:40:01.480+0000] {processor.py:179} INFO - Processing /home/airflow/.local/lib/python3.8/site-packages/airflow/example_dags/example_short_circuit_operator.py took 0.088 seconds
[2023-12-01T22:40:32.001+0000] {processor.py:157} INFO - Started process (PID=276) to work on /home/airflow/.local/lib/python3.8/site-packages/airflow/example_dags/example_short_circuit_operator.py
[2023-12-01T22:40:32.002+0000] {processor.py:829} INFO - Processing file /home/airflow/.local/lib/python3.8/site-packages/airflow/example_dags/example_short_circuit_operator.py for tasks to queue
[2023-12-01T22:40:32.004+0000] {logging_mixin.py:154} INFO - [2023-12-01T22:40:32.004+0000] {dagbag.py:536} INFO - Filling up the DagBag from /home/airflow/.local/lib/python3.8/site-packages/airflow/example_dags/example_short_circuit_operator.py
[2023-12-01T22:40:32.009+0000] {processor.py:839} INFO - DAG(s) dict_keys(['example_short_circuit_operator']) retrieved from /home/airflow/.local/lib/python3.8/site-packages/airflow/example_dags/example_short_circuit_operator.py
[2023-12-01T22:40:32.027+0000] {logging_mixin.py:154} INFO - [2023-12-01T22:40:32.027+0000] {dag.py:2941} INFO - Sync 1 DAGs
[2023-12-01T22:40:32.044+0000] {logging_mixin.py:154} INFO - [2023-12-01T22:40:32.044+0000] {dag.py:3722} INFO - Setting next_dagrun for example_short_circuit_operator to 2023-11-30T22:40:32.044220+00:00, run_after=2023-12-01T22:40:32.044220+00:00
[2023-12-01T22:40:32.065+0000] {processor.py:179} INFO - Processing /home/airflow/.local/lib/python3.8/site-packages/airflow/example_dags/example_short_circuit_operator.py took 0.068 seconds
[2023-12-01T22:41:02.382+0000] {processor.py:157} INFO - Started process (PID=330) to work on /home/airflow/.local/lib/python3.8/site-packages/airflow/example_dags/example_short_circuit_operator.py
[2023-12-01T22:41:02.383+0000] {processor.py:829} INFO - Processing file /home/airflow/.local/lib/python3.8/site-packages/airflow/example_dags/example_short_circuit_operator.py for tasks to queue
[2023-12-01T22:41:02.385+0000] {logging_mixin.py:154} INFO - [2023-12-01T22:41:02.385+0000] {dagbag.py:536} INFO - Filling up the DagBag from /home/airflow/.local/lib/python3.8/site-packages/airflow/example_dags/example_short_circuit_operator.py
[2023-12-01T22:41:02.390+0000] {processor.py:839} INFO - DAG(s) dict_keys(['example_short_circuit_operator']) retrieved from /home/airflow/.local/lib/python3.8/site-packages/airflow/example_dags/example_short_circuit_operator.py
[2023-12-01T22:41:02.412+0000] {logging_mixin.py:154} INFO - [2023-12-01T22:41:02.412+0000] {dag.py:2941} INFO - Sync 1 DAGs
[2023-12-01T22:41:02.435+0000] {logging_mixin.py:154} INFO - [2023-12-01T22:41:02.435+0000] {dag.py:3722} INFO - Setting next_dagrun for example_short_circuit_operator to 2023-11-30T22:41:02.435269+00:00, run_after=2023-12-01T22:41:02.435269+00:00
[2023-12-01T22:41:02.454+0000] {processor.py:179} INFO - Processing /home/airflow/.local/lib/python3.8/site-packages/airflow/example_dags/example_short_circuit_operator.py took 0.074 seconds
