[2023-12-01T22:13:43.264+0000] {processor.py:157} INFO - Started process (PID=79) to work on /home/airflow/.local/lib/python3.8/site-packages/airflow/example_dags/example_subdag_operator.py
[2023-12-01T22:13:43.265+0000] {processor.py:829} INFO - Processing file /home/airflow/.local/lib/python3.8/site-packages/airflow/example_dags/example_subdag_operator.py for tasks to queue
[2023-12-01T22:13:43.269+0000] {logging_mixin.py:154} INFO - [2023-12-01T22:13:43.268+0000] {dagbag.py:536} INFO - Filling up the DagBag from /home/airflow/.local/lib/python3.8/site-packages/airflow/example_dags/example_subdag_operator.py
[2023-12-01T22:13:43.291+0000] {processor.py:839} INFO - DAG(s) dict_keys(['example_subdag_operator.section-1', 'example_subdag_operator.section-2', 'example_subdag_operator']) retrieved from /home/airflow/.local/lib/python3.8/site-packages/airflow/example_dags/example_subdag_operator.py
[2023-12-01T22:13:43.304+0000] {logging_mixin.py:154} INFO - [2023-12-01T22:13:43.304+0000] {dag.py:2941} INFO - Sync 3 DAGs
[2023-12-01T22:13:43.323+0000] {logging_mixin.py:154} INFO - [2023-12-01T22:13:43.323+0000] {dag.py:3722} INFO - Setting next_dagrun for example_subdag_operator to 2022-01-01T00:00:00+00:00, run_after=2022-01-01T00:00:00+00:00
[2023-12-01T22:13:43.326+0000] {logging_mixin.py:154} INFO - [2023-12-01T22:13:43.326+0000] {dag.py:3722} INFO - Setting next_dagrun for example_subdag_operator.section-1 to None, run_after=None
[2023-12-01T22:13:43.327+0000] {logging_mixin.py:154} INFO - [2023-12-01T22:13:43.327+0000] {dag.py:3722} INFO - Setting next_dagrun for example_subdag_operator.section-2 to None, run_after=None
[2023-12-01T22:13:43.333+0000] {logging_mixin.py:154} INFO - [2023-12-01T22:13:43.332+0000] {dag.py:2941} INFO - Sync 2 DAGs
[2023-12-01T22:13:43.337+0000] {logging_mixin.py:154} INFO - [2023-12-01T22:13:43.337+0000] {dag.py:3722} INFO - Setting next_dagrun for example_subdag_operator.section-1 to None, run_after=None
[2023-12-01T22:13:43.337+0000] {logging_mixin.py:154} INFO - [2023-12-01T22:13:43.337+0000] {dag.py:3722} INFO - Setting next_dagrun for example_subdag_operator.section-2 to None, run_after=None
[2023-12-01T22:13:43.346+0000] {processor.py:179} INFO - Processing /home/airflow/.local/lib/python3.8/site-packages/airflow/example_dags/example_subdag_operator.py took 0.084 seconds
[2023-12-01T22:19:42.421+0000] {processor.py:157} INFO - Started process (PID=77) to work on /home/airflow/.local/lib/python3.8/site-packages/airflow/example_dags/example_subdag_operator.py
[2023-12-01T22:19:42.422+0000] {processor.py:829} INFO - Processing file /home/airflow/.local/lib/python3.8/site-packages/airflow/example_dags/example_subdag_operator.py for tasks to queue
[2023-12-01T22:19:42.424+0000] {logging_mixin.py:154} INFO - [2023-12-01T22:19:42.424+0000] {dagbag.py:536} INFO - Filling up the DagBag from /home/airflow/.local/lib/python3.8/site-packages/airflow/example_dags/example_subdag_operator.py
[2023-12-01T22:19:42.446+0000] {processor.py:839} INFO - DAG(s) dict_keys(['example_subdag_operator.section-1', 'example_subdag_operator.section-2', 'example_subdag_operator']) retrieved from /home/airflow/.local/lib/python3.8/site-packages/airflow/example_dags/example_subdag_operator.py
[2023-12-01T22:19:42.462+0000] {logging_mixin.py:154} INFO - [2023-12-01T22:19:42.462+0000] {dag.py:2941} INFO - Sync 3 DAGs
[2023-12-01T22:19:42.485+0000] {logging_mixin.py:154} INFO - [2023-12-01T22:19:42.485+0000] {dag.py:3722} INFO - Setting next_dagrun for example_subdag_operator to 2022-01-01T00:00:00+00:00, run_after=2022-01-01T00:00:00+00:00
[2023-12-01T22:19:42.490+0000] {logging_mixin.py:154} INFO - [2023-12-01T22:19:42.489+0000] {dag.py:3722} INFO - Setting next_dagrun for example_subdag_operator.section-1 to None, run_after=None
[2023-12-01T22:19:42.492+0000] {logging_mixin.py:154} INFO - [2023-12-01T22:19:42.492+0000] {dag.py:3722} INFO - Setting next_dagrun for example_subdag_operator.section-2 to None, run_after=None
[2023-12-01T22:19:42.500+0000] {logging_mixin.py:154} INFO - [2023-12-01T22:19:42.500+0000] {dag.py:2941} INFO - Sync 2 DAGs
[2023-12-01T22:19:42.507+0000] {logging_mixin.py:154} INFO - [2023-12-01T22:19:42.507+0000] {dag.py:3722} INFO - Setting next_dagrun for example_subdag_operator.section-1 to None, run_after=None
[2023-12-01T22:19:42.508+0000] {logging_mixin.py:154} INFO - [2023-12-01T22:19:42.508+0000] {dag.py:3722} INFO - Setting next_dagrun for example_subdag_operator.section-2 to None, run_after=None
[2023-12-01T22:19:42.519+0000] {processor.py:179} INFO - Processing /home/airflow/.local/lib/python3.8/site-packages/airflow/example_dags/example_subdag_operator.py took 0.101 seconds
[2023-12-01T22:21:23.392+0000] {processor.py:157} INFO - Started process (PID=78) to work on /home/airflow/.local/lib/python3.8/site-packages/airflow/example_dags/example_subdag_operator.py
[2023-12-01T22:21:23.393+0000] {processor.py:829} INFO - Processing file /home/airflow/.local/lib/python3.8/site-packages/airflow/example_dags/example_subdag_operator.py for tasks to queue
[2023-12-01T22:21:23.395+0000] {logging_mixin.py:154} INFO - [2023-12-01T22:21:23.395+0000] {dagbag.py:536} INFO - Filling up the DagBag from /home/airflow/.local/lib/python3.8/site-packages/airflow/example_dags/example_subdag_operator.py
[2023-12-01T22:21:23.418+0000] {processor.py:839} INFO - DAG(s) dict_keys(['example_subdag_operator.section-1', 'example_subdag_operator.section-2', 'example_subdag_operator']) retrieved from /home/airflow/.local/lib/python3.8/site-packages/airflow/example_dags/example_subdag_operator.py
[2023-12-01T22:21:23.422+0000] {logging_mixin.py:154} INFO - [2023-12-01T22:21:23.421+0000] {dag.py:2941} INFO - Sync 3 DAGs
[2023-12-01T22:21:23.446+0000] {logging_mixin.py:154} INFO - [2023-12-01T22:21:23.446+0000] {dag.py:3722} INFO - Setting next_dagrun for example_subdag_operator to 2022-01-01T00:00:00+00:00, run_after=2022-01-01T00:00:00+00:00
[2023-12-01T22:21:23.449+0000] {logging_mixin.py:154} INFO - [2023-12-01T22:21:23.449+0000] {dag.py:3722} INFO - Setting next_dagrun for example_subdag_operator.section-1 to None, run_after=None
[2023-12-01T22:21:23.450+0000] {logging_mixin.py:154} INFO - [2023-12-01T22:21:23.450+0000] {dag.py:3722} INFO - Setting next_dagrun for example_subdag_operator.section-2 to None, run_after=None
[2023-12-01T22:21:23.458+0000] {logging_mixin.py:154} INFO - [2023-12-01T22:21:23.457+0000] {dag.py:2941} INFO - Sync 2 DAGs
[2023-12-01T22:21:23.464+0000] {logging_mixin.py:154} INFO - [2023-12-01T22:21:23.464+0000] {dag.py:3722} INFO - Setting next_dagrun for example_subdag_operator.section-1 to None, run_after=None
[2023-12-01T22:21:23.465+0000] {logging_mixin.py:154} INFO - [2023-12-01T22:21:23.465+0000] {dag.py:3722} INFO - Setting next_dagrun for example_subdag_operator.section-2 to None, run_after=None
[2023-12-01T22:21:23.480+0000] {processor.py:179} INFO - Processing /home/airflow/.local/lib/python3.8/site-packages/airflow/example_dags/example_subdag_operator.py took 0.091 seconds
[2023-12-01T22:21:53.929+0000] {processor.py:157} INFO - Started process (PID=133) to work on /home/airflow/.local/lib/python3.8/site-packages/airflow/example_dags/example_subdag_operator.py
[2023-12-01T22:21:53.930+0000] {processor.py:829} INFO - Processing file /home/airflow/.local/lib/python3.8/site-packages/airflow/example_dags/example_subdag_operator.py for tasks to queue
[2023-12-01T22:21:53.931+0000] {logging_mixin.py:154} INFO - [2023-12-01T22:21:53.931+0000] {dagbag.py:536} INFO - Filling up the DagBag from /home/airflow/.local/lib/python3.8/site-packages/airflow/example_dags/example_subdag_operator.py
[2023-12-01T22:21:53.950+0000] {processor.py:839} INFO - DAG(s) dict_keys(['example_subdag_operator.section-1', 'example_subdag_operator.section-2', 'example_subdag_operator']) retrieved from /home/airflow/.local/lib/python3.8/site-packages/airflow/example_dags/example_subdag_operator.py
[2023-12-01T22:21:53.962+0000] {logging_mixin.py:154} INFO - [2023-12-01T22:21:53.962+0000] {dag.py:2941} INFO - Sync 3 DAGs
[2023-12-01T22:21:53.983+0000] {logging_mixin.py:154} INFO - [2023-12-01T22:21:53.982+0000] {dag.py:3722} INFO - Setting next_dagrun for example_subdag_operator to 2022-01-01T00:00:00+00:00, run_after=2022-01-01T00:00:00+00:00
[2023-12-01T22:21:53.986+0000] {logging_mixin.py:154} INFO - [2023-12-01T22:21:53.986+0000] {dag.py:3722} INFO - Setting next_dagrun for example_subdag_operator.section-1 to None, run_after=None
[2023-12-01T22:21:53.987+0000] {logging_mixin.py:154} INFO - [2023-12-01T22:21:53.987+0000] {dag.py:3722} INFO - Setting next_dagrun for example_subdag_operator.section-2 to None, run_after=None
[2023-12-01T22:21:53.994+0000] {logging_mixin.py:154} INFO - [2023-12-01T22:21:53.993+0000] {dag.py:2941} INFO - Sync 2 DAGs
[2023-12-01T22:21:53.998+0000] {logging_mixin.py:154} INFO - [2023-12-01T22:21:53.998+0000] {dag.py:3722} INFO - Setting next_dagrun for example_subdag_operator.section-1 to None, run_after=None
[2023-12-01T22:21:53.998+0000] {logging_mixin.py:154} INFO - [2023-12-01T22:21:53.998+0000] {dag.py:3722} INFO - Setting next_dagrun for example_subdag_operator.section-2 to None, run_after=None
[2023-12-01T22:21:54.009+0000] {processor.py:179} INFO - Processing /home/airflow/.local/lib/python3.8/site-packages/airflow/example_dags/example_subdag_operator.py took 0.082 seconds
[2023-12-01T22:22:24.050+0000] {processor.py:157} INFO - Started process (PID=186) to work on /home/airflow/.local/lib/python3.8/site-packages/airflow/example_dags/example_subdag_operator.py
[2023-12-01T22:22:24.051+0000] {processor.py:829} INFO - Processing file /home/airflow/.local/lib/python3.8/site-packages/airflow/example_dags/example_subdag_operator.py for tasks to queue
[2023-12-01T22:22:24.053+0000] {logging_mixin.py:154} INFO - [2023-12-01T22:22:24.053+0000] {dagbag.py:536} INFO - Filling up the DagBag from /home/airflow/.local/lib/python3.8/site-packages/airflow/example_dags/example_subdag_operator.py
[2023-12-01T22:22:24.072+0000] {processor.py:839} INFO - DAG(s) dict_keys(['example_subdag_operator.section-1', 'example_subdag_operator.section-2', 'example_subdag_operator']) retrieved from /home/airflow/.local/lib/python3.8/site-packages/airflow/example_dags/example_subdag_operator.py
[2023-12-01T22:22:24.087+0000] {logging_mixin.py:154} INFO - [2023-12-01T22:22:24.086+0000] {dag.py:2941} INFO - Sync 3 DAGs
[2023-12-01T22:22:24.104+0000] {logging_mixin.py:154} INFO - [2023-12-01T22:22:24.104+0000] {dag.py:3722} INFO - Setting next_dagrun for example_subdag_operator to 2022-01-01T00:00:00+00:00, run_after=2022-01-01T00:00:00+00:00
[2023-12-01T22:22:24.107+0000] {logging_mixin.py:154} INFO - [2023-12-01T22:22:24.107+0000] {dag.py:3722} INFO - Setting next_dagrun for example_subdag_operator.section-1 to None, run_after=None
[2023-12-01T22:22:24.108+0000] {logging_mixin.py:154} INFO - [2023-12-01T22:22:24.108+0000] {dag.py:3722} INFO - Setting next_dagrun for example_subdag_operator.section-2 to None, run_after=None
[2023-12-01T22:22:24.114+0000] {logging_mixin.py:154} INFO - [2023-12-01T22:22:24.113+0000] {dag.py:2941} INFO - Sync 2 DAGs
[2023-12-01T22:22:24.117+0000] {logging_mixin.py:154} INFO - [2023-12-01T22:22:24.117+0000] {dag.py:3722} INFO - Setting next_dagrun for example_subdag_operator.section-1 to None, run_after=None
[2023-12-01T22:22:24.118+0000] {logging_mixin.py:154} INFO - [2023-12-01T22:22:24.118+0000] {dag.py:3722} INFO - Setting next_dagrun for example_subdag_operator.section-2 to None, run_after=None
[2023-12-01T22:22:24.126+0000] {processor.py:179} INFO - Processing /home/airflow/.local/lib/python3.8/site-packages/airflow/example_dags/example_subdag_operator.py took 0.079 seconds
[2023-12-01T22:22:54.181+0000] {processor.py:157} INFO - Started process (PID=240) to work on /home/airflow/.local/lib/python3.8/site-packages/airflow/example_dags/example_subdag_operator.py
[2023-12-01T22:22:54.182+0000] {processor.py:829} INFO - Processing file /home/airflow/.local/lib/python3.8/site-packages/airflow/example_dags/example_subdag_operator.py for tasks to queue
[2023-12-01T22:22:54.184+0000] {logging_mixin.py:154} INFO - [2023-12-01T22:22:54.183+0000] {dagbag.py:536} INFO - Filling up the DagBag from /home/airflow/.local/lib/python3.8/site-packages/airflow/example_dags/example_subdag_operator.py
[2023-12-01T22:22:54.203+0000] {processor.py:839} INFO - DAG(s) dict_keys(['example_subdag_operator.section-1', 'example_subdag_operator.section-2', 'example_subdag_operator']) retrieved from /home/airflow/.local/lib/python3.8/site-packages/airflow/example_dags/example_subdag_operator.py
[2023-12-01T22:22:54.215+0000] {logging_mixin.py:154} INFO - [2023-12-01T22:22:54.215+0000] {dag.py:2941} INFO - Sync 3 DAGs
[2023-12-01T22:22:54.231+0000] {logging_mixin.py:154} INFO - [2023-12-01T22:22:54.231+0000] {dag.py:3722} INFO - Setting next_dagrun for example_subdag_operator to 2022-01-01T00:00:00+00:00, run_after=2022-01-01T00:00:00+00:00
[2023-12-01T22:22:54.234+0000] {logging_mixin.py:154} INFO - [2023-12-01T22:22:54.233+0000] {dag.py:3722} INFO - Setting next_dagrun for example_subdag_operator.section-1 to None, run_after=None
[2023-12-01T22:22:54.235+0000] {logging_mixin.py:154} INFO - [2023-12-01T22:22:54.235+0000] {dag.py:3722} INFO - Setting next_dagrun for example_subdag_operator.section-2 to None, run_after=None
[2023-12-01T22:22:54.239+0000] {logging_mixin.py:154} INFO - [2023-12-01T22:22:54.239+0000] {dag.py:2941} INFO - Sync 2 DAGs
[2023-12-01T22:22:54.243+0000] {logging_mixin.py:154} INFO - [2023-12-01T22:22:54.243+0000] {dag.py:3722} INFO - Setting next_dagrun for example_subdag_operator.section-1 to None, run_after=None
[2023-12-01T22:22:54.243+0000] {logging_mixin.py:154} INFO - [2023-12-01T22:22:54.243+0000] {dag.py:3722} INFO - Setting next_dagrun for example_subdag_operator.section-2 to None, run_after=None
[2023-12-01T22:22:54.252+0000] {processor.py:179} INFO - Processing /home/airflow/.local/lib/python3.8/site-packages/airflow/example_dags/example_subdag_operator.py took 0.073 seconds
[2023-12-01T22:23:24.294+0000] {processor.py:157} INFO - Started process (PID=294) to work on /home/airflow/.local/lib/python3.8/site-packages/airflow/example_dags/example_subdag_operator.py
[2023-12-01T22:23:24.295+0000] {processor.py:829} INFO - Processing file /home/airflow/.local/lib/python3.8/site-packages/airflow/example_dags/example_subdag_operator.py for tasks to queue
[2023-12-01T22:23:24.297+0000] {logging_mixin.py:154} INFO - [2023-12-01T22:23:24.297+0000] {dagbag.py:536} INFO - Filling up the DagBag from /home/airflow/.local/lib/python3.8/site-packages/airflow/example_dags/example_subdag_operator.py
[2023-12-01T22:23:24.313+0000] {processor.py:839} INFO - DAG(s) dict_keys(['example_subdag_operator.section-1', 'example_subdag_operator.section-2', 'example_subdag_operator']) retrieved from /home/airflow/.local/lib/python3.8/site-packages/airflow/example_dags/example_subdag_operator.py
[2023-12-01T22:23:24.324+0000] {logging_mixin.py:154} INFO - [2023-12-01T22:23:24.324+0000] {dag.py:2941} INFO - Sync 3 DAGs
[2023-12-01T22:23:24.339+0000] {logging_mixin.py:154} INFO - [2023-12-01T22:23:24.339+0000] {dag.py:3722} INFO - Setting next_dagrun for example_subdag_operator to 2022-01-01T00:00:00+00:00, run_after=2022-01-01T00:00:00+00:00
[2023-12-01T22:23:24.342+0000] {logging_mixin.py:154} INFO - [2023-12-01T22:23:24.342+0000] {dag.py:3722} INFO - Setting next_dagrun for example_subdag_operator.section-1 to None, run_after=None
[2023-12-01T22:23:24.343+0000] {logging_mixin.py:154} INFO - [2023-12-01T22:23:24.343+0000] {dag.py:3722} INFO - Setting next_dagrun for example_subdag_operator.section-2 to None, run_after=None
[2023-12-01T22:23:24.349+0000] {logging_mixin.py:154} INFO - [2023-12-01T22:23:24.349+0000] {dag.py:2941} INFO - Sync 2 DAGs
[2023-12-01T22:23:24.353+0000] {logging_mixin.py:154} INFO - [2023-12-01T22:23:24.353+0000] {dag.py:3722} INFO - Setting next_dagrun for example_subdag_operator.section-1 to None, run_after=None
[2023-12-01T22:23:24.354+0000] {logging_mixin.py:154} INFO - [2023-12-01T22:23:24.354+0000] {dag.py:3722} INFO - Setting next_dagrun for example_subdag_operator.section-2 to None, run_after=None
[2023-12-01T22:23:24.363+0000] {processor.py:179} INFO - Processing /home/airflow/.local/lib/python3.8/site-packages/airflow/example_dags/example_subdag_operator.py took 0.070 seconds
[2023-12-01T22:23:54.458+0000] {processor.py:157} INFO - Started process (PID=348) to work on /home/airflow/.local/lib/python3.8/site-packages/airflow/example_dags/example_subdag_operator.py
[2023-12-01T22:23:54.459+0000] {processor.py:829} INFO - Processing file /home/airflow/.local/lib/python3.8/site-packages/airflow/example_dags/example_subdag_operator.py for tasks to queue
[2023-12-01T22:23:54.460+0000] {logging_mixin.py:154} INFO - [2023-12-01T22:23:54.460+0000] {dagbag.py:536} INFO - Filling up the DagBag from /home/airflow/.local/lib/python3.8/site-packages/airflow/example_dags/example_subdag_operator.py
[2023-12-01T22:23:54.477+0000] {processor.py:839} INFO - DAG(s) dict_keys(['example_subdag_operator.section-1', 'example_subdag_operator.section-2', 'example_subdag_operator']) retrieved from /home/airflow/.local/lib/python3.8/site-packages/airflow/example_dags/example_subdag_operator.py
[2023-12-01T22:23:54.488+0000] {logging_mixin.py:154} INFO - [2023-12-01T22:23:54.488+0000] {dag.py:2941} INFO - Sync 3 DAGs
[2023-12-01T22:23:54.504+0000] {logging_mixin.py:154} INFO - [2023-12-01T22:23:54.504+0000] {dag.py:3722} INFO - Setting next_dagrun for example_subdag_operator to 2022-01-01T00:00:00+00:00, run_after=2022-01-01T00:00:00+00:00
[2023-12-01T22:23:54.508+0000] {logging_mixin.py:154} INFO - [2023-12-01T22:23:54.508+0000] {dag.py:3722} INFO - Setting next_dagrun for example_subdag_operator.section-1 to None, run_after=None
[2023-12-01T22:23:54.509+0000] {logging_mixin.py:154} INFO - [2023-12-01T22:23:54.509+0000] {dag.py:3722} INFO - Setting next_dagrun for example_subdag_operator.section-2 to None, run_after=None
[2023-12-01T22:23:54.514+0000] {logging_mixin.py:154} INFO - [2023-12-01T22:23:54.514+0000] {dag.py:2941} INFO - Sync 2 DAGs
[2023-12-01T22:23:54.518+0000] {logging_mixin.py:154} INFO - [2023-12-01T22:23:54.518+0000] {dag.py:3722} INFO - Setting next_dagrun for example_subdag_operator.section-1 to None, run_after=None
[2023-12-01T22:23:54.519+0000] {logging_mixin.py:154} INFO - [2023-12-01T22:23:54.519+0000] {dag.py:3722} INFO - Setting next_dagrun for example_subdag_operator.section-2 to None, run_after=None
[2023-12-01T22:23:54.527+0000] {processor.py:179} INFO - Processing /home/airflow/.local/lib/python3.8/site-packages/airflow/example_dags/example_subdag_operator.py took 0.071 seconds
[2023-12-01T22:24:24.813+0000] {processor.py:157} INFO - Started process (PID=402) to work on /home/airflow/.local/lib/python3.8/site-packages/airflow/example_dags/example_subdag_operator.py
[2023-12-01T22:24:24.814+0000] {processor.py:829} INFO - Processing file /home/airflow/.local/lib/python3.8/site-packages/airflow/example_dags/example_subdag_operator.py for tasks to queue
[2023-12-01T22:24:24.816+0000] {logging_mixin.py:154} INFO - [2023-12-01T22:24:24.816+0000] {dagbag.py:536} INFO - Filling up the DagBag from /home/airflow/.local/lib/python3.8/site-packages/airflow/example_dags/example_subdag_operator.py
[2023-12-01T22:24:24.833+0000] {processor.py:839} INFO - DAG(s) dict_keys(['example_subdag_operator.section-1', 'example_subdag_operator.section-2', 'example_subdag_operator']) retrieved from /home/airflow/.local/lib/python3.8/site-packages/airflow/example_dags/example_subdag_operator.py
[2023-12-01T22:24:24.847+0000] {logging_mixin.py:154} INFO - [2023-12-01T22:24:24.847+0000] {dag.py:2941} INFO - Sync 3 DAGs
[2023-12-01T22:24:24.867+0000] {logging_mixin.py:154} INFO - [2023-12-01T22:24:24.866+0000] {dag.py:3722} INFO - Setting next_dagrun for example_subdag_operator to 2022-01-01T00:00:00+00:00, run_after=2022-01-01T00:00:00+00:00
[2023-12-01T22:24:24.869+0000] {logging_mixin.py:154} INFO - [2023-12-01T22:24:24.869+0000] {dag.py:3722} INFO - Setting next_dagrun for example_subdag_operator.section-1 to None, run_after=None
[2023-12-01T22:24:24.870+0000] {logging_mixin.py:154} INFO - [2023-12-01T22:24:24.870+0000] {dag.py:3722} INFO - Setting next_dagrun for example_subdag_operator.section-2 to None, run_after=None
[2023-12-01T22:24:24.876+0000] {logging_mixin.py:154} INFO - [2023-12-01T22:24:24.875+0000] {dag.py:2941} INFO - Sync 2 DAGs
[2023-12-01T22:24:24.880+0000] {logging_mixin.py:154} INFO - [2023-12-01T22:24:24.879+0000] {dag.py:3722} INFO - Setting next_dagrun for example_subdag_operator.section-1 to None, run_after=None
[2023-12-01T22:24:24.880+0000] {logging_mixin.py:154} INFO - [2023-12-01T22:24:24.880+0000] {dag.py:3722} INFO - Setting next_dagrun for example_subdag_operator.section-2 to None, run_after=None
[2023-12-01T22:24:24.889+0000] {processor.py:179} INFO - Processing /home/airflow/.local/lib/python3.8/site-packages/airflow/example_dags/example_subdag_operator.py took 0.078 seconds
[2023-12-01T22:24:55.868+0000] {processor.py:157} INFO - Started process (PID=456) to work on /home/airflow/.local/lib/python3.8/site-packages/airflow/example_dags/example_subdag_operator.py
[2023-12-01T22:24:55.869+0000] {processor.py:829} INFO - Processing file /home/airflow/.local/lib/python3.8/site-packages/airflow/example_dags/example_subdag_operator.py for tasks to queue
[2023-12-01T22:24:55.871+0000] {logging_mixin.py:154} INFO - [2023-12-01T22:24:55.870+0000] {dagbag.py:536} INFO - Filling up the DagBag from /home/airflow/.local/lib/python3.8/site-packages/airflow/example_dags/example_subdag_operator.py
[2023-12-01T22:24:55.888+0000] {processor.py:839} INFO - DAG(s) dict_keys(['example_subdag_operator.section-1', 'example_subdag_operator.section-2', 'example_subdag_operator']) retrieved from /home/airflow/.local/lib/python3.8/site-packages/airflow/example_dags/example_subdag_operator.py
[2023-12-01T22:24:55.900+0000] {logging_mixin.py:154} INFO - [2023-12-01T22:24:55.900+0000] {dag.py:2941} INFO - Sync 3 DAGs
[2023-12-01T22:24:55.918+0000] {logging_mixin.py:154} INFO - [2023-12-01T22:24:55.918+0000] {dag.py:3722} INFO - Setting next_dagrun for example_subdag_operator to 2022-01-01T00:00:00+00:00, run_after=2022-01-01T00:00:00+00:00
[2023-12-01T22:24:55.921+0000] {logging_mixin.py:154} INFO - [2023-12-01T22:24:55.921+0000] {dag.py:3722} INFO - Setting next_dagrun for example_subdag_operator.section-1 to None, run_after=None
[2023-12-01T22:24:55.922+0000] {logging_mixin.py:154} INFO - [2023-12-01T22:24:55.922+0000] {dag.py:3722} INFO - Setting next_dagrun for example_subdag_operator.section-2 to None, run_after=None
[2023-12-01T22:24:55.928+0000] {logging_mixin.py:154} INFO - [2023-12-01T22:24:55.927+0000] {dag.py:2941} INFO - Sync 2 DAGs
[2023-12-01T22:24:55.932+0000] {logging_mixin.py:154} INFO - [2023-12-01T22:24:55.932+0000] {dag.py:3722} INFO - Setting next_dagrun for example_subdag_operator.section-1 to None, run_after=None
[2023-12-01T22:24:55.932+0000] {logging_mixin.py:154} INFO - [2023-12-01T22:24:55.932+0000] {dag.py:3722} INFO - Setting next_dagrun for example_subdag_operator.section-2 to None, run_after=None
[2023-12-01T22:24:55.941+0000] {processor.py:179} INFO - Processing /home/airflow/.local/lib/python3.8/site-packages/airflow/example_dags/example_subdag_operator.py took 0.075 seconds
[2023-12-01T22:25:26.020+0000] {processor.py:157} INFO - Started process (PID=510) to work on /home/airflow/.local/lib/python3.8/site-packages/airflow/example_dags/example_subdag_operator.py
[2023-12-01T22:25:26.021+0000] {processor.py:829} INFO - Processing file /home/airflow/.local/lib/python3.8/site-packages/airflow/example_dags/example_subdag_operator.py for tasks to queue
[2023-12-01T22:25:26.022+0000] {logging_mixin.py:154} INFO - [2023-12-01T22:25:26.022+0000] {dagbag.py:536} INFO - Filling up the DagBag from /home/airflow/.local/lib/python3.8/site-packages/airflow/example_dags/example_subdag_operator.py
[2023-12-01T22:25:26.038+0000] {processor.py:839} INFO - DAG(s) dict_keys(['example_subdag_operator.section-1', 'example_subdag_operator.section-2', 'example_subdag_operator']) retrieved from /home/airflow/.local/lib/python3.8/site-packages/airflow/example_dags/example_subdag_operator.py
[2023-12-01T22:25:26.048+0000] {logging_mixin.py:154} INFO - [2023-12-01T22:25:26.048+0000] {dag.py:2941} INFO - Sync 3 DAGs
[2023-12-01T22:25:26.064+0000] {logging_mixin.py:154} INFO - [2023-12-01T22:25:26.064+0000] {dag.py:3722} INFO - Setting next_dagrun for example_subdag_operator to 2022-01-01T00:00:00+00:00, run_after=2022-01-01T00:00:00+00:00
[2023-12-01T22:25:26.068+0000] {logging_mixin.py:154} INFO - [2023-12-01T22:25:26.067+0000] {dag.py:3722} INFO - Setting next_dagrun for example_subdag_operator.section-1 to None, run_after=None
[2023-12-01T22:25:26.069+0000] {logging_mixin.py:154} INFO - [2023-12-01T22:25:26.069+0000] {dag.py:3722} INFO - Setting next_dagrun for example_subdag_operator.section-2 to None, run_after=None
[2023-12-01T22:25:26.076+0000] {logging_mixin.py:154} INFO - [2023-12-01T22:25:26.076+0000] {dag.py:2941} INFO - Sync 2 DAGs
[2023-12-01T22:25:26.081+0000] {logging_mixin.py:154} INFO - [2023-12-01T22:25:26.081+0000] {dag.py:3722} INFO - Setting next_dagrun for example_subdag_operator.section-1 to None, run_after=None
[2023-12-01T22:25:26.082+0000] {logging_mixin.py:154} INFO - [2023-12-01T22:25:26.082+0000] {dag.py:3722} INFO - Setting next_dagrun for example_subdag_operator.section-2 to None, run_after=None
[2023-12-01T22:25:26.094+0000] {processor.py:179} INFO - Processing /home/airflow/.local/lib/python3.8/site-packages/airflow/example_dags/example_subdag_operator.py took 0.076 seconds
[2023-12-01T22:25:56.909+0000] {processor.py:157} INFO - Started process (PID=564) to work on /home/airflow/.local/lib/python3.8/site-packages/airflow/example_dags/example_subdag_operator.py
[2023-12-01T22:25:56.910+0000] {processor.py:829} INFO - Processing file /home/airflow/.local/lib/python3.8/site-packages/airflow/example_dags/example_subdag_operator.py for tasks to queue
[2023-12-01T22:25:56.911+0000] {logging_mixin.py:154} INFO - [2023-12-01T22:25:56.911+0000] {dagbag.py:536} INFO - Filling up the DagBag from /home/airflow/.local/lib/python3.8/site-packages/airflow/example_dags/example_subdag_operator.py
[2023-12-01T22:25:56.927+0000] {processor.py:839} INFO - DAG(s) dict_keys(['example_subdag_operator.section-1', 'example_subdag_operator.section-2', 'example_subdag_operator']) retrieved from /home/airflow/.local/lib/python3.8/site-packages/airflow/example_dags/example_subdag_operator.py
[2023-12-01T22:25:56.943+0000] {logging_mixin.py:154} INFO - [2023-12-01T22:25:56.943+0000] {dag.py:2941} INFO - Sync 3 DAGs
[2023-12-01T22:25:56.960+0000] {logging_mixin.py:154} INFO - [2023-12-01T22:25:56.960+0000] {dag.py:3722} INFO - Setting next_dagrun for example_subdag_operator to 2022-01-01T00:00:00+00:00, run_after=2022-01-01T00:00:00+00:00
[2023-12-01T22:25:56.962+0000] {logging_mixin.py:154} INFO - [2023-12-01T22:25:56.962+0000] {dag.py:3722} INFO - Setting next_dagrun for example_subdag_operator.section-1 to None, run_after=None
[2023-12-01T22:25:56.963+0000] {logging_mixin.py:154} INFO - [2023-12-01T22:25:56.963+0000] {dag.py:3722} INFO - Setting next_dagrun for example_subdag_operator.section-2 to None, run_after=None
[2023-12-01T22:25:56.968+0000] {logging_mixin.py:154} INFO - [2023-12-01T22:25:56.968+0000] {dag.py:2941} INFO - Sync 2 DAGs
[2023-12-01T22:25:56.971+0000] {logging_mixin.py:154} INFO - [2023-12-01T22:25:56.971+0000] {dag.py:3722} INFO - Setting next_dagrun for example_subdag_operator.section-1 to None, run_after=None
[2023-12-01T22:25:56.972+0000] {logging_mixin.py:154} INFO - [2023-12-01T22:25:56.972+0000] {dag.py:3722} INFO - Setting next_dagrun for example_subdag_operator.section-2 to None, run_after=None
[2023-12-01T22:25:56.980+0000] {processor.py:179} INFO - Processing /home/airflow/.local/lib/python3.8/site-packages/airflow/example_dags/example_subdag_operator.py took 0.073 seconds
[2023-12-01T22:26:27.117+0000] {processor.py:157} INFO - Started process (PID=618) to work on /home/airflow/.local/lib/python3.8/site-packages/airflow/example_dags/example_subdag_operator.py
[2023-12-01T22:26:27.118+0000] {processor.py:829} INFO - Processing file /home/airflow/.local/lib/python3.8/site-packages/airflow/example_dags/example_subdag_operator.py for tasks to queue
[2023-12-01T22:26:27.119+0000] {logging_mixin.py:154} INFO - [2023-12-01T22:26:27.119+0000] {dagbag.py:536} INFO - Filling up the DagBag from /home/airflow/.local/lib/python3.8/site-packages/airflow/example_dags/example_subdag_operator.py
[2023-12-01T22:26:27.137+0000] {processor.py:839} INFO - DAG(s) dict_keys(['example_subdag_operator.section-1', 'example_subdag_operator.section-2', 'example_subdag_operator']) retrieved from /home/airflow/.local/lib/python3.8/site-packages/airflow/example_dags/example_subdag_operator.py
[2023-12-01T22:26:27.148+0000] {logging_mixin.py:154} INFO - [2023-12-01T22:26:27.147+0000] {dag.py:2941} INFO - Sync 3 DAGs
[2023-12-01T22:26:27.163+0000] {logging_mixin.py:154} INFO - [2023-12-01T22:26:27.162+0000] {dag.py:3722} INFO - Setting next_dagrun for example_subdag_operator to 2022-01-01T00:00:00+00:00, run_after=2022-01-01T00:00:00+00:00
[2023-12-01T22:26:27.165+0000] {logging_mixin.py:154} INFO - [2023-12-01T22:26:27.165+0000] {dag.py:3722} INFO - Setting next_dagrun for example_subdag_operator.section-1 to None, run_after=None
[2023-12-01T22:26:27.166+0000] {logging_mixin.py:154} INFO - [2023-12-01T22:26:27.166+0000] {dag.py:3722} INFO - Setting next_dagrun for example_subdag_operator.section-2 to None, run_after=None
[2023-12-01T22:26:27.171+0000] {logging_mixin.py:154} INFO - [2023-12-01T22:26:27.171+0000] {dag.py:2941} INFO - Sync 2 DAGs
[2023-12-01T22:26:27.175+0000] {logging_mixin.py:154} INFO - [2023-12-01T22:26:27.175+0000] {dag.py:3722} INFO - Setting next_dagrun for example_subdag_operator.section-1 to None, run_after=None
[2023-12-01T22:26:27.175+0000] {logging_mixin.py:154} INFO - [2023-12-01T22:26:27.175+0000] {dag.py:3722} INFO - Setting next_dagrun for example_subdag_operator.section-2 to None, run_after=None
[2023-12-01T22:26:27.183+0000] {processor.py:179} INFO - Processing /home/airflow/.local/lib/python3.8/site-packages/airflow/example_dags/example_subdag_operator.py took 0.068 seconds
[2023-12-01T22:26:57.223+0000] {processor.py:157} INFO - Started process (PID=672) to work on /home/airflow/.local/lib/python3.8/site-packages/airflow/example_dags/example_subdag_operator.py
[2023-12-01T22:26:57.224+0000] {processor.py:829} INFO - Processing file /home/airflow/.local/lib/python3.8/site-packages/airflow/example_dags/example_subdag_operator.py for tasks to queue
[2023-12-01T22:26:57.225+0000] {logging_mixin.py:154} INFO - [2023-12-01T22:26:57.225+0000] {dagbag.py:536} INFO - Filling up the DagBag from /home/airflow/.local/lib/python3.8/site-packages/airflow/example_dags/example_subdag_operator.py
[2023-12-01T22:26:57.242+0000] {processor.py:839} INFO - DAG(s) dict_keys(['example_subdag_operator.section-1', 'example_subdag_operator.section-2', 'example_subdag_operator']) retrieved from /home/airflow/.local/lib/python3.8/site-packages/airflow/example_dags/example_subdag_operator.py
[2023-12-01T22:26:57.252+0000] {logging_mixin.py:154} INFO - [2023-12-01T22:26:57.252+0000] {dag.py:2941} INFO - Sync 3 DAGs
[2023-12-01T22:26:57.267+0000] {logging_mixin.py:154} INFO - [2023-12-01T22:26:57.267+0000] {dag.py:3722} INFO - Setting next_dagrun for example_subdag_operator to 2022-01-01T00:00:00+00:00, run_after=2022-01-01T00:00:00+00:00
[2023-12-01T22:26:57.270+0000] {logging_mixin.py:154} INFO - [2023-12-01T22:26:57.270+0000] {dag.py:3722} INFO - Setting next_dagrun for example_subdag_operator.section-1 to None, run_after=None
[2023-12-01T22:26:57.271+0000] {logging_mixin.py:154} INFO - [2023-12-01T22:26:57.271+0000] {dag.py:3722} INFO - Setting next_dagrun for example_subdag_operator.section-2 to None, run_after=None
[2023-12-01T22:26:57.276+0000] {logging_mixin.py:154} INFO - [2023-12-01T22:26:57.275+0000] {dag.py:2941} INFO - Sync 2 DAGs
[2023-12-01T22:26:57.279+0000] {logging_mixin.py:154} INFO - [2023-12-01T22:26:57.279+0000] {dag.py:3722} INFO - Setting next_dagrun for example_subdag_operator.section-1 to None, run_after=None
[2023-12-01T22:26:57.280+0000] {logging_mixin.py:154} INFO - [2023-12-01T22:26:57.280+0000] {dag.py:3722} INFO - Setting next_dagrun for example_subdag_operator.section-2 to None, run_after=None
[2023-12-01T22:26:57.287+0000] {processor.py:179} INFO - Processing /home/airflow/.local/lib/python3.8/site-packages/airflow/example_dags/example_subdag_operator.py took 0.066 seconds
[2023-12-01T22:27:27.316+0000] {processor.py:157} INFO - Started process (PID=726) to work on /home/airflow/.local/lib/python3.8/site-packages/airflow/example_dags/example_subdag_operator.py
[2023-12-01T22:27:27.317+0000] {processor.py:829} INFO - Processing file /home/airflow/.local/lib/python3.8/site-packages/airflow/example_dags/example_subdag_operator.py for tasks to queue
[2023-12-01T22:27:27.318+0000] {logging_mixin.py:154} INFO - [2023-12-01T22:27:27.318+0000] {dagbag.py:536} INFO - Filling up the DagBag from /home/airflow/.local/lib/python3.8/site-packages/airflow/example_dags/example_subdag_operator.py
[2023-12-01T22:27:27.334+0000] {processor.py:839} INFO - DAG(s) dict_keys(['example_subdag_operator.section-1', 'example_subdag_operator.section-2', 'example_subdag_operator']) retrieved from /home/airflow/.local/lib/python3.8/site-packages/airflow/example_dags/example_subdag_operator.py
[2023-12-01T22:27:27.345+0000] {logging_mixin.py:154} INFO - [2023-12-01T22:27:27.345+0000] {dag.py:2941} INFO - Sync 3 DAGs
[2023-12-01T22:27:27.362+0000] {logging_mixin.py:154} INFO - [2023-12-01T22:27:27.362+0000] {dag.py:3722} INFO - Setting next_dagrun for example_subdag_operator to 2022-01-01T00:00:00+00:00, run_after=2022-01-01T00:00:00+00:00
[2023-12-01T22:27:27.365+0000] {logging_mixin.py:154} INFO - [2023-12-01T22:27:27.364+0000] {dag.py:3722} INFO - Setting next_dagrun for example_subdag_operator.section-1 to None, run_after=None
[2023-12-01T22:27:27.366+0000] {logging_mixin.py:154} INFO - [2023-12-01T22:27:27.366+0000] {dag.py:3722} INFO - Setting next_dagrun for example_subdag_operator.section-2 to None, run_after=None
[2023-12-01T22:27:27.371+0000] {logging_mixin.py:154} INFO - [2023-12-01T22:27:27.371+0000] {dag.py:2941} INFO - Sync 2 DAGs
[2023-12-01T22:27:27.374+0000] {logging_mixin.py:154} INFO - [2023-12-01T22:27:27.374+0000] {dag.py:3722} INFO - Setting next_dagrun for example_subdag_operator.section-1 to None, run_after=None
[2023-12-01T22:27:27.375+0000] {logging_mixin.py:154} INFO - [2023-12-01T22:27:27.375+0000] {dag.py:3722} INFO - Setting next_dagrun for example_subdag_operator.section-2 to None, run_after=None
[2023-12-01T22:27:27.384+0000] {processor.py:179} INFO - Processing /home/airflow/.local/lib/python3.8/site-packages/airflow/example_dags/example_subdag_operator.py took 0.071 seconds
[2023-12-01T22:27:58.193+0000] {processor.py:157} INFO - Started process (PID=780) to work on /home/airflow/.local/lib/python3.8/site-packages/airflow/example_dags/example_subdag_operator.py
[2023-12-01T22:27:58.194+0000] {processor.py:829} INFO - Processing file /home/airflow/.local/lib/python3.8/site-packages/airflow/example_dags/example_subdag_operator.py for tasks to queue
[2023-12-01T22:27:58.195+0000] {logging_mixin.py:154} INFO - [2023-12-01T22:27:58.195+0000] {dagbag.py:536} INFO - Filling up the DagBag from /home/airflow/.local/lib/python3.8/site-packages/airflow/example_dags/example_subdag_operator.py
[2023-12-01T22:27:58.212+0000] {processor.py:839} INFO - DAG(s) dict_keys(['example_subdag_operator.section-1', 'example_subdag_operator.section-2', 'example_subdag_operator']) retrieved from /home/airflow/.local/lib/python3.8/site-packages/airflow/example_dags/example_subdag_operator.py
[2023-12-01T22:27:58.222+0000] {logging_mixin.py:154} INFO - [2023-12-01T22:27:58.222+0000] {dag.py:2941} INFO - Sync 3 DAGs
[2023-12-01T22:27:58.237+0000] {logging_mixin.py:154} INFO - [2023-12-01T22:27:58.237+0000] {dag.py:3722} INFO - Setting next_dagrun for example_subdag_operator to 2022-01-01T00:00:00+00:00, run_after=2022-01-01T00:00:00+00:00
[2023-12-01T22:27:58.240+0000] {logging_mixin.py:154} INFO - [2023-12-01T22:27:58.240+0000] {dag.py:3722} INFO - Setting next_dagrun for example_subdag_operator.section-1 to None, run_after=None
[2023-12-01T22:27:58.241+0000] {logging_mixin.py:154} INFO - [2023-12-01T22:27:58.241+0000] {dag.py:3722} INFO - Setting next_dagrun for example_subdag_operator.section-2 to None, run_after=None
[2023-12-01T22:27:58.247+0000] {logging_mixin.py:154} INFO - [2023-12-01T22:27:58.247+0000] {dag.py:2941} INFO - Sync 2 DAGs
[2023-12-01T22:27:58.251+0000] {logging_mixin.py:154} INFO - [2023-12-01T22:27:58.251+0000] {dag.py:3722} INFO - Setting next_dagrun for example_subdag_operator.section-1 to None, run_after=None
[2023-12-01T22:27:58.252+0000] {logging_mixin.py:154} INFO - [2023-12-01T22:27:58.252+0000] {dag.py:3722} INFO - Setting next_dagrun for example_subdag_operator.section-2 to None, run_after=None
[2023-12-01T22:27:58.260+0000] {processor.py:179} INFO - Processing /home/airflow/.local/lib/python3.8/site-packages/airflow/example_dags/example_subdag_operator.py took 0.069 seconds
[2023-12-01T22:28:28.483+0000] {processor.py:157} INFO - Started process (PID=834) to work on /home/airflow/.local/lib/python3.8/site-packages/airflow/example_dags/example_subdag_operator.py
[2023-12-01T22:28:28.484+0000] {processor.py:829} INFO - Processing file /home/airflow/.local/lib/python3.8/site-packages/airflow/example_dags/example_subdag_operator.py for tasks to queue
[2023-12-01T22:28:28.486+0000] {logging_mixin.py:154} INFO - [2023-12-01T22:28:28.486+0000] {dagbag.py:536} INFO - Filling up the DagBag from /home/airflow/.local/lib/python3.8/site-packages/airflow/example_dags/example_subdag_operator.py
[2023-12-01T22:28:28.502+0000] {processor.py:839} INFO - DAG(s) dict_keys(['example_subdag_operator.section-1', 'example_subdag_operator.section-2', 'example_subdag_operator']) retrieved from /home/airflow/.local/lib/python3.8/site-packages/airflow/example_dags/example_subdag_operator.py
[2023-12-01T22:28:28.513+0000] {logging_mixin.py:154} INFO - [2023-12-01T22:28:28.513+0000] {dag.py:2941} INFO - Sync 3 DAGs
[2023-12-01T22:28:28.529+0000] {logging_mixin.py:154} INFO - [2023-12-01T22:28:28.529+0000] {dag.py:3722} INFO - Setting next_dagrun for example_subdag_operator to 2022-01-01T00:00:00+00:00, run_after=2022-01-01T00:00:00+00:00
[2023-12-01T22:28:28.532+0000] {logging_mixin.py:154} INFO - [2023-12-01T22:28:28.532+0000] {dag.py:3722} INFO - Setting next_dagrun for example_subdag_operator.section-1 to None, run_after=None
[2023-12-01T22:28:28.533+0000] {logging_mixin.py:154} INFO - [2023-12-01T22:28:28.533+0000] {dag.py:3722} INFO - Setting next_dagrun for example_subdag_operator.section-2 to None, run_after=None
[2023-12-01T22:28:28.540+0000] {logging_mixin.py:154} INFO - [2023-12-01T22:28:28.540+0000] {dag.py:2941} INFO - Sync 2 DAGs
[2023-12-01T22:28:28.544+0000] {logging_mixin.py:154} INFO - [2023-12-01T22:28:28.544+0000] {dag.py:3722} INFO - Setting next_dagrun for example_subdag_operator.section-1 to None, run_after=None
[2023-12-01T22:28:28.545+0000] {logging_mixin.py:154} INFO - [2023-12-01T22:28:28.544+0000] {dag.py:3722} INFO - Setting next_dagrun for example_subdag_operator.section-2 to None, run_after=None
[2023-12-01T22:28:28.553+0000] {processor.py:179} INFO - Processing /home/airflow/.local/lib/python3.8/site-packages/airflow/example_dags/example_subdag_operator.py took 0.072 seconds
[2023-12-01T22:28:58.623+0000] {processor.py:157} INFO - Started process (PID=888) to work on /home/airflow/.local/lib/python3.8/site-packages/airflow/example_dags/example_subdag_operator.py
[2023-12-01T22:28:58.624+0000] {processor.py:829} INFO - Processing file /home/airflow/.local/lib/python3.8/site-packages/airflow/example_dags/example_subdag_operator.py for tasks to queue
[2023-12-01T22:28:58.626+0000] {logging_mixin.py:154} INFO - [2023-12-01T22:28:58.625+0000] {dagbag.py:536} INFO - Filling up the DagBag from /home/airflow/.local/lib/python3.8/site-packages/airflow/example_dags/example_subdag_operator.py
[2023-12-01T22:28:58.643+0000] {processor.py:839} INFO - DAG(s) dict_keys(['example_subdag_operator.section-1', 'example_subdag_operator.section-2', 'example_subdag_operator']) retrieved from /home/airflow/.local/lib/python3.8/site-packages/airflow/example_dags/example_subdag_operator.py
[2023-12-01T22:28:58.656+0000] {logging_mixin.py:154} INFO - [2023-12-01T22:28:58.655+0000] {dag.py:2941} INFO - Sync 3 DAGs
[2023-12-01T22:28:58.674+0000] {logging_mixin.py:154} INFO - [2023-12-01T22:28:58.674+0000] {dag.py:3722} INFO - Setting next_dagrun for example_subdag_operator to 2022-01-01T00:00:00+00:00, run_after=2022-01-01T00:00:00+00:00
[2023-12-01T22:28:58.678+0000] {logging_mixin.py:154} INFO - [2023-12-01T22:28:58.677+0000] {dag.py:3722} INFO - Setting next_dagrun for example_subdag_operator.section-1 to None, run_after=None
[2023-12-01T22:28:58.679+0000] {logging_mixin.py:154} INFO - [2023-12-01T22:28:58.679+0000] {dag.py:3722} INFO - Setting next_dagrun for example_subdag_operator.section-2 to None, run_after=None
[2023-12-01T22:28:58.686+0000] {logging_mixin.py:154} INFO - [2023-12-01T22:28:58.686+0000] {dag.py:2941} INFO - Sync 2 DAGs
[2023-12-01T22:28:58.691+0000] {logging_mixin.py:154} INFO - [2023-12-01T22:28:58.691+0000] {dag.py:3722} INFO - Setting next_dagrun for example_subdag_operator.section-1 to None, run_after=None
[2023-12-01T22:28:58.692+0000] {logging_mixin.py:154} INFO - [2023-12-01T22:28:58.692+0000] {dag.py:3722} INFO - Setting next_dagrun for example_subdag_operator.section-2 to None, run_after=None
[2023-12-01T22:28:58.701+0000] {processor.py:179} INFO - Processing /home/airflow/.local/lib/python3.8/site-packages/airflow/example_dags/example_subdag_operator.py took 0.080 seconds
[2023-12-01T22:29:28.885+0000] {processor.py:157} INFO - Started process (PID=942) to work on /home/airflow/.local/lib/python3.8/site-packages/airflow/example_dags/example_subdag_operator.py
[2023-12-01T22:29:28.886+0000] {processor.py:829} INFO - Processing file /home/airflow/.local/lib/python3.8/site-packages/airflow/example_dags/example_subdag_operator.py for tasks to queue
[2023-12-01T22:29:28.887+0000] {logging_mixin.py:154} INFO - [2023-12-01T22:29:28.887+0000] {dagbag.py:536} INFO - Filling up the DagBag from /home/airflow/.local/lib/python3.8/site-packages/airflow/example_dags/example_subdag_operator.py
[2023-12-01T22:29:28.905+0000] {processor.py:839} INFO - DAG(s) dict_keys(['example_subdag_operator.section-1', 'example_subdag_operator.section-2', 'example_subdag_operator']) retrieved from /home/airflow/.local/lib/python3.8/site-packages/airflow/example_dags/example_subdag_operator.py
[2023-12-01T22:29:28.917+0000] {logging_mixin.py:154} INFO - [2023-12-01T22:29:28.917+0000] {dag.py:2941} INFO - Sync 3 DAGs
[2023-12-01T22:29:28.932+0000] {logging_mixin.py:154} INFO - [2023-12-01T22:29:28.932+0000] {dag.py:3722} INFO - Setting next_dagrun for example_subdag_operator to 2022-01-01T00:00:00+00:00, run_after=2022-01-01T00:00:00+00:00
[2023-12-01T22:29:28.935+0000] {logging_mixin.py:154} INFO - [2023-12-01T22:29:28.934+0000] {dag.py:3722} INFO - Setting next_dagrun for example_subdag_operator.section-1 to None, run_after=None
[2023-12-01T22:29:28.936+0000] {logging_mixin.py:154} INFO - [2023-12-01T22:29:28.936+0000] {dag.py:3722} INFO - Setting next_dagrun for example_subdag_operator.section-2 to None, run_after=None
[2023-12-01T22:29:28.940+0000] {logging_mixin.py:154} INFO - [2023-12-01T22:29:28.940+0000] {dag.py:2941} INFO - Sync 2 DAGs
[2023-12-01T22:29:28.944+0000] {logging_mixin.py:154} INFO - [2023-12-01T22:29:28.944+0000] {dag.py:3722} INFO - Setting next_dagrun for example_subdag_operator.section-1 to None, run_after=None
[2023-12-01T22:29:28.944+0000] {logging_mixin.py:154} INFO - [2023-12-01T22:29:28.944+0000] {dag.py:3722} INFO - Setting next_dagrun for example_subdag_operator.section-2 to None, run_after=None
[2023-12-01T22:29:28.953+0000] {processor.py:179} INFO - Processing /home/airflow/.local/lib/python3.8/site-packages/airflow/example_dags/example_subdag_operator.py took 0.070 seconds
[2023-12-01T22:29:58.972+0000] {processor.py:157} INFO - Started process (PID=996) to work on /home/airflow/.local/lib/python3.8/site-packages/airflow/example_dags/example_subdag_operator.py
[2023-12-01T22:29:58.973+0000] {processor.py:829} INFO - Processing file /home/airflow/.local/lib/python3.8/site-packages/airflow/example_dags/example_subdag_operator.py for tasks to queue
[2023-12-01T22:29:58.974+0000] {logging_mixin.py:154} INFO - [2023-12-01T22:29:58.974+0000] {dagbag.py:536} INFO - Filling up the DagBag from /home/airflow/.local/lib/python3.8/site-packages/airflow/example_dags/example_subdag_operator.py
[2023-12-01T22:29:58.992+0000] {processor.py:839} INFO - DAG(s) dict_keys(['example_subdag_operator.section-1', 'example_subdag_operator.section-2', 'example_subdag_operator']) retrieved from /home/airflow/.local/lib/python3.8/site-packages/airflow/example_dags/example_subdag_operator.py
[2023-12-01T22:29:59.003+0000] {logging_mixin.py:154} INFO - [2023-12-01T22:29:59.003+0000] {dag.py:2941} INFO - Sync 3 DAGs
[2023-12-01T22:29:59.019+0000] {logging_mixin.py:154} INFO - [2023-12-01T22:29:59.018+0000] {dag.py:3722} INFO - Setting next_dagrun for example_subdag_operator to 2022-01-01T00:00:00+00:00, run_after=2022-01-01T00:00:00+00:00
[2023-12-01T22:29:59.021+0000] {logging_mixin.py:154} INFO - [2023-12-01T22:29:59.021+0000] {dag.py:3722} INFO - Setting next_dagrun for example_subdag_operator.section-1 to None, run_after=None
[2023-12-01T22:29:59.022+0000] {logging_mixin.py:154} INFO - [2023-12-01T22:29:59.022+0000] {dag.py:3722} INFO - Setting next_dagrun for example_subdag_operator.section-2 to None, run_after=None
[2023-12-01T22:29:59.027+0000] {logging_mixin.py:154} INFO - [2023-12-01T22:29:59.027+0000] {dag.py:2941} INFO - Sync 2 DAGs
[2023-12-01T22:29:59.031+0000] {logging_mixin.py:154} INFO - [2023-12-01T22:29:59.031+0000] {dag.py:3722} INFO - Setting next_dagrun for example_subdag_operator.section-1 to None, run_after=None
[2023-12-01T22:29:59.031+0000] {logging_mixin.py:154} INFO - [2023-12-01T22:29:59.031+0000] {dag.py:3722} INFO - Setting next_dagrun for example_subdag_operator.section-2 to None, run_after=None
[2023-12-01T22:29:59.039+0000] {processor.py:179} INFO - Processing /home/airflow/.local/lib/python3.8/site-packages/airflow/example_dags/example_subdag_operator.py took 0.070 seconds
[2023-12-01T22:30:29.154+0000] {processor.py:157} INFO - Started process (PID=1050) to work on /home/airflow/.local/lib/python3.8/site-packages/airflow/example_dags/example_subdag_operator.py
[2023-12-01T22:30:29.155+0000] {processor.py:829} INFO - Processing file /home/airflow/.local/lib/python3.8/site-packages/airflow/example_dags/example_subdag_operator.py for tasks to queue
[2023-12-01T22:30:29.157+0000] {logging_mixin.py:154} INFO - [2023-12-01T22:30:29.157+0000] {dagbag.py:536} INFO - Filling up the DagBag from /home/airflow/.local/lib/python3.8/site-packages/airflow/example_dags/example_subdag_operator.py
[2023-12-01T22:30:29.173+0000] {processor.py:839} INFO - DAG(s) dict_keys(['example_subdag_operator.section-1', 'example_subdag_operator.section-2', 'example_subdag_operator']) retrieved from /home/airflow/.local/lib/python3.8/site-packages/airflow/example_dags/example_subdag_operator.py
[2023-12-01T22:30:29.184+0000] {logging_mixin.py:154} INFO - [2023-12-01T22:30:29.184+0000] {dag.py:2941} INFO - Sync 3 DAGs
[2023-12-01T22:30:29.200+0000] {logging_mixin.py:154} INFO - [2023-12-01T22:30:29.200+0000] {dag.py:3722} INFO - Setting next_dagrun for example_subdag_operator to 2022-01-01T00:00:00+00:00, run_after=2022-01-01T00:00:00+00:00
[2023-12-01T22:30:29.203+0000] {logging_mixin.py:154} INFO - [2023-12-01T22:30:29.203+0000] {dag.py:3722} INFO - Setting next_dagrun for example_subdag_operator.section-1 to None, run_after=None
[2023-12-01T22:30:29.204+0000] {logging_mixin.py:154} INFO - [2023-12-01T22:30:29.204+0000] {dag.py:3722} INFO - Setting next_dagrun for example_subdag_operator.section-2 to None, run_after=None
[2023-12-01T22:30:29.209+0000] {logging_mixin.py:154} INFO - [2023-12-01T22:30:29.209+0000] {dag.py:2941} INFO - Sync 2 DAGs
[2023-12-01T22:30:29.213+0000] {logging_mixin.py:154} INFO - [2023-12-01T22:30:29.213+0000] {dag.py:3722} INFO - Setting next_dagrun for example_subdag_operator.section-1 to None, run_after=None
[2023-12-01T22:30:29.214+0000] {logging_mixin.py:154} INFO - [2023-12-01T22:30:29.213+0000] {dag.py:3722} INFO - Setting next_dagrun for example_subdag_operator.section-2 to None, run_after=None
[2023-12-01T22:30:29.222+0000] {processor.py:179} INFO - Processing /home/airflow/.local/lib/python3.8/site-packages/airflow/example_dags/example_subdag_operator.py took 0.070 seconds
[2023-12-01T22:30:59.275+0000] {processor.py:157} INFO - Started process (PID=1104) to work on /home/airflow/.local/lib/python3.8/site-packages/airflow/example_dags/example_subdag_operator.py
[2023-12-01T22:30:59.276+0000] {processor.py:829} INFO - Processing file /home/airflow/.local/lib/python3.8/site-packages/airflow/example_dags/example_subdag_operator.py for tasks to queue
[2023-12-01T22:30:59.277+0000] {logging_mixin.py:154} INFO - [2023-12-01T22:30:59.277+0000] {dagbag.py:536} INFO - Filling up the DagBag from /home/airflow/.local/lib/python3.8/site-packages/airflow/example_dags/example_subdag_operator.py
[2023-12-01T22:30:59.294+0000] {processor.py:839} INFO - DAG(s) dict_keys(['example_subdag_operator.section-1', 'example_subdag_operator.section-2', 'example_subdag_operator']) retrieved from /home/airflow/.local/lib/python3.8/site-packages/airflow/example_dags/example_subdag_operator.py
[2023-12-01T22:30:59.305+0000] {logging_mixin.py:154} INFO - [2023-12-01T22:30:59.305+0000] {dag.py:2941} INFO - Sync 3 DAGs
[2023-12-01T22:30:59.319+0000] {logging_mixin.py:154} INFO - [2023-12-01T22:30:59.319+0000] {dag.py:3722} INFO - Setting next_dagrun for example_subdag_operator to 2022-01-01T00:00:00+00:00, run_after=2022-01-01T00:00:00+00:00
[2023-12-01T22:30:59.321+0000] {logging_mixin.py:154} INFO - [2023-12-01T22:30:59.321+0000] {dag.py:3722} INFO - Setting next_dagrun for example_subdag_operator.section-1 to None, run_after=None
[2023-12-01T22:30:59.322+0000] {logging_mixin.py:154} INFO - [2023-12-01T22:30:59.322+0000] {dag.py:3722} INFO - Setting next_dagrun for example_subdag_operator.section-2 to None, run_after=None
[2023-12-01T22:30:59.327+0000] {logging_mixin.py:154} INFO - [2023-12-01T22:30:59.327+0000] {dag.py:2941} INFO - Sync 2 DAGs
[2023-12-01T22:30:59.332+0000] {logging_mixin.py:154} INFO - [2023-12-01T22:30:59.332+0000] {dag.py:3722} INFO - Setting next_dagrun for example_subdag_operator.section-1 to None, run_after=None
[2023-12-01T22:30:59.332+0000] {logging_mixin.py:154} INFO - [2023-12-01T22:30:59.332+0000] {dag.py:3722} INFO - Setting next_dagrun for example_subdag_operator.section-2 to None, run_after=None
[2023-12-01T22:30:59.341+0000] {processor.py:179} INFO - Processing /home/airflow/.local/lib/python3.8/site-packages/airflow/example_dags/example_subdag_operator.py took 0.068 seconds
[2023-12-01T22:31:29.401+0000] {processor.py:157} INFO - Started process (PID=1159) to work on /home/airflow/.local/lib/python3.8/site-packages/airflow/example_dags/example_subdag_operator.py
[2023-12-01T22:31:29.402+0000] {processor.py:829} INFO - Processing file /home/airflow/.local/lib/python3.8/site-packages/airflow/example_dags/example_subdag_operator.py for tasks to queue
[2023-12-01T22:31:29.403+0000] {logging_mixin.py:154} INFO - [2023-12-01T22:31:29.403+0000] {dagbag.py:536} INFO - Filling up the DagBag from /home/airflow/.local/lib/python3.8/site-packages/airflow/example_dags/example_subdag_operator.py
[2023-12-01T22:31:29.421+0000] {processor.py:839} INFO - DAG(s) dict_keys(['example_subdag_operator.section-1', 'example_subdag_operator.section-2', 'example_subdag_operator']) retrieved from /home/airflow/.local/lib/python3.8/site-packages/airflow/example_dags/example_subdag_operator.py
[2023-12-01T22:31:29.432+0000] {logging_mixin.py:154} INFO - [2023-12-01T22:31:29.432+0000] {dag.py:2941} INFO - Sync 3 DAGs
[2023-12-01T22:31:29.449+0000] {logging_mixin.py:154} INFO - [2023-12-01T22:31:29.449+0000] {dag.py:3722} INFO - Setting next_dagrun for example_subdag_operator to 2022-01-01T00:00:00+00:00, run_after=2022-01-01T00:00:00+00:00
[2023-12-01T22:31:29.452+0000] {logging_mixin.py:154} INFO - [2023-12-01T22:31:29.451+0000] {dag.py:3722} INFO - Setting next_dagrun for example_subdag_operator.section-1 to None, run_after=None
[2023-12-01T22:31:29.453+0000] {logging_mixin.py:154} INFO - [2023-12-01T22:31:29.453+0000] {dag.py:3722} INFO - Setting next_dagrun for example_subdag_operator.section-2 to None, run_after=None
[2023-12-01T22:31:29.458+0000] {logging_mixin.py:154} INFO - [2023-12-01T22:31:29.458+0000] {dag.py:2941} INFO - Sync 2 DAGs
[2023-12-01T22:31:29.462+0000] {logging_mixin.py:154} INFO - [2023-12-01T22:31:29.462+0000] {dag.py:3722} INFO - Setting next_dagrun for example_subdag_operator.section-1 to None, run_after=None
[2023-12-01T22:31:29.462+0000] {logging_mixin.py:154} INFO - [2023-12-01T22:31:29.462+0000] {dag.py:3722} INFO - Setting next_dagrun for example_subdag_operator.section-2 to None, run_after=None
[2023-12-01T22:31:29.471+0000] {processor.py:179} INFO - Processing /home/airflow/.local/lib/python3.8/site-packages/airflow/example_dags/example_subdag_operator.py took 0.073 seconds
[2023-12-01T22:31:59.590+0000] {processor.py:157} INFO - Started process (PID=1214) to work on /home/airflow/.local/lib/python3.8/site-packages/airflow/example_dags/example_subdag_operator.py
[2023-12-01T22:31:59.591+0000] {processor.py:829} INFO - Processing file /home/airflow/.local/lib/python3.8/site-packages/airflow/example_dags/example_subdag_operator.py for tasks to queue
[2023-12-01T22:31:59.593+0000] {logging_mixin.py:154} INFO - [2023-12-01T22:31:59.593+0000] {dagbag.py:536} INFO - Filling up the DagBag from /home/airflow/.local/lib/python3.8/site-packages/airflow/example_dags/example_subdag_operator.py
[2023-12-01T22:31:59.609+0000] {processor.py:839} INFO - DAG(s) dict_keys(['example_subdag_operator.section-1', 'example_subdag_operator.section-2', 'example_subdag_operator']) retrieved from /home/airflow/.local/lib/python3.8/site-packages/airflow/example_dags/example_subdag_operator.py
[2023-12-01T22:31:59.621+0000] {logging_mixin.py:154} INFO - [2023-12-01T22:31:59.621+0000] {dag.py:2941} INFO - Sync 3 DAGs
[2023-12-01T22:31:59.637+0000] {logging_mixin.py:154} INFO - [2023-12-01T22:31:59.637+0000] {dag.py:3722} INFO - Setting next_dagrun for example_subdag_operator to 2022-01-01T00:00:00+00:00, run_after=2022-01-01T00:00:00+00:00
[2023-12-01T22:31:59.639+0000] {logging_mixin.py:154} INFO - [2023-12-01T22:31:59.639+0000] {dag.py:3722} INFO - Setting next_dagrun for example_subdag_operator.section-1 to None, run_after=None
[2023-12-01T22:31:59.641+0000] {logging_mixin.py:154} INFO - [2023-12-01T22:31:59.641+0000] {dag.py:3722} INFO - Setting next_dagrun for example_subdag_operator.section-2 to None, run_after=None
[2023-12-01T22:31:59.646+0000] {logging_mixin.py:154} INFO - [2023-12-01T22:31:59.646+0000] {dag.py:2941} INFO - Sync 2 DAGs
[2023-12-01T22:31:59.650+0000] {logging_mixin.py:154} INFO - [2023-12-01T22:31:59.650+0000] {dag.py:3722} INFO - Setting next_dagrun for example_subdag_operator.section-1 to None, run_after=None
[2023-12-01T22:31:59.650+0000] {logging_mixin.py:154} INFO - [2023-12-01T22:31:59.650+0000] {dag.py:3722} INFO - Setting next_dagrun for example_subdag_operator.section-2 to None, run_after=None
[2023-12-01T22:31:59.658+0000] {processor.py:179} INFO - Processing /home/airflow/.local/lib/python3.8/site-packages/airflow/example_dags/example_subdag_operator.py took 0.070 seconds
[2023-12-01T22:32:29.742+0000] {processor.py:157} INFO - Started process (PID=1268) to work on /home/airflow/.local/lib/python3.8/site-packages/airflow/example_dags/example_subdag_operator.py
[2023-12-01T22:32:29.742+0000] {processor.py:829} INFO - Processing file /home/airflow/.local/lib/python3.8/site-packages/airflow/example_dags/example_subdag_operator.py for tasks to queue
[2023-12-01T22:32:29.744+0000] {logging_mixin.py:154} INFO - [2023-12-01T22:32:29.744+0000] {dagbag.py:536} INFO - Filling up the DagBag from /home/airflow/.local/lib/python3.8/site-packages/airflow/example_dags/example_subdag_operator.py
[2023-12-01T22:32:29.761+0000] {processor.py:839} INFO - DAG(s) dict_keys(['example_subdag_operator.section-1', 'example_subdag_operator.section-2', 'example_subdag_operator']) retrieved from /home/airflow/.local/lib/python3.8/site-packages/airflow/example_dags/example_subdag_operator.py
[2023-12-01T22:32:29.774+0000] {logging_mixin.py:154} INFO - [2023-12-01T22:32:29.773+0000] {dag.py:2941} INFO - Sync 3 DAGs
[2023-12-01T22:32:29.791+0000] {logging_mixin.py:154} INFO - [2023-12-01T22:32:29.790+0000] {dag.py:3722} INFO - Setting next_dagrun for example_subdag_operator to 2022-01-01T00:00:00+00:00, run_after=2022-01-01T00:00:00+00:00
[2023-12-01T22:32:29.793+0000] {logging_mixin.py:154} INFO - [2023-12-01T22:32:29.793+0000] {dag.py:3722} INFO - Setting next_dagrun for example_subdag_operator.section-1 to None, run_after=None
[2023-12-01T22:32:29.794+0000] {logging_mixin.py:154} INFO - [2023-12-01T22:32:29.794+0000] {dag.py:3722} INFO - Setting next_dagrun for example_subdag_operator.section-2 to None, run_after=None
[2023-12-01T22:32:29.800+0000] {logging_mixin.py:154} INFO - [2023-12-01T22:32:29.800+0000] {dag.py:2941} INFO - Sync 2 DAGs
[2023-12-01T22:32:29.804+0000] {logging_mixin.py:154} INFO - [2023-12-01T22:32:29.804+0000] {dag.py:3722} INFO - Setting next_dagrun for example_subdag_operator.section-1 to None, run_after=None
[2023-12-01T22:32:29.805+0000] {logging_mixin.py:154} INFO - [2023-12-01T22:32:29.805+0000] {dag.py:3722} INFO - Setting next_dagrun for example_subdag_operator.section-2 to None, run_after=None
[2023-12-01T22:32:29.813+0000] {processor.py:179} INFO - Processing /home/airflow/.local/lib/python3.8/site-packages/airflow/example_dags/example_subdag_operator.py took 0.074 seconds
[2023-12-01T22:33:00.218+0000] {processor.py:157} INFO - Started process (PID=1320) to work on /home/airflow/.local/lib/python3.8/site-packages/airflow/example_dags/example_subdag_operator.py
[2023-12-01T22:33:00.219+0000] {processor.py:829} INFO - Processing file /home/airflow/.local/lib/python3.8/site-packages/airflow/example_dags/example_subdag_operator.py for tasks to queue
[2023-12-01T22:33:00.220+0000] {logging_mixin.py:154} INFO - [2023-12-01T22:33:00.220+0000] {dagbag.py:536} INFO - Filling up the DagBag from /home/airflow/.local/lib/python3.8/site-packages/airflow/example_dags/example_subdag_operator.py
[2023-12-01T22:33:00.237+0000] {processor.py:839} INFO - DAG(s) dict_keys(['example_subdag_operator.section-1', 'example_subdag_operator.section-2', 'example_subdag_operator']) retrieved from /home/airflow/.local/lib/python3.8/site-packages/airflow/example_dags/example_subdag_operator.py
[2023-12-01T22:33:00.250+0000] {logging_mixin.py:154} INFO - [2023-12-01T22:33:00.250+0000] {dag.py:2941} INFO - Sync 3 DAGs
[2023-12-01T22:33:00.270+0000] {logging_mixin.py:154} INFO - [2023-12-01T22:33:00.270+0000] {dag.py:3722} INFO - Setting next_dagrun for example_subdag_operator to 2022-01-01T00:00:00+00:00, run_after=2022-01-01T00:00:00+00:00
[2023-12-01T22:33:00.273+0000] {logging_mixin.py:154} INFO - [2023-12-01T22:33:00.273+0000] {dag.py:3722} INFO - Setting next_dagrun for example_subdag_operator.section-1 to None, run_after=None
[2023-12-01T22:33:00.275+0000] {logging_mixin.py:154} INFO - [2023-12-01T22:33:00.274+0000] {dag.py:3722} INFO - Setting next_dagrun for example_subdag_operator.section-2 to None, run_after=None
[2023-12-01T22:33:00.282+0000] {logging_mixin.py:154} INFO - [2023-12-01T22:33:00.282+0000] {dag.py:2941} INFO - Sync 2 DAGs
[2023-12-01T22:33:00.289+0000] {logging_mixin.py:154} INFO - [2023-12-01T22:33:00.288+0000] {dag.py:3722} INFO - Setting next_dagrun for example_subdag_operator.section-1 to None, run_after=None
[2023-12-01T22:33:00.290+0000] {logging_mixin.py:154} INFO - [2023-12-01T22:33:00.290+0000] {dag.py:3722} INFO - Setting next_dagrun for example_subdag_operator.section-2 to None, run_after=None
[2023-12-01T22:33:00.303+0000] {processor.py:179} INFO - Processing /home/airflow/.local/lib/python3.8/site-packages/airflow/example_dags/example_subdag_operator.py took 0.088 seconds
[2023-12-01T22:33:30.569+0000] {processor.py:157} INFO - Started process (PID=1375) to work on /home/airflow/.local/lib/python3.8/site-packages/airflow/example_dags/example_subdag_operator.py
[2023-12-01T22:33:30.570+0000] {processor.py:829} INFO - Processing file /home/airflow/.local/lib/python3.8/site-packages/airflow/example_dags/example_subdag_operator.py for tasks to queue
[2023-12-01T22:33:30.571+0000] {logging_mixin.py:154} INFO - [2023-12-01T22:33:30.571+0000] {dagbag.py:536} INFO - Filling up the DagBag from /home/airflow/.local/lib/python3.8/site-packages/airflow/example_dags/example_subdag_operator.py
[2023-12-01T22:33:30.590+0000] {processor.py:839} INFO - DAG(s) dict_keys(['example_subdag_operator.section-1', 'example_subdag_operator.section-2', 'example_subdag_operator']) retrieved from /home/airflow/.local/lib/python3.8/site-packages/airflow/example_dags/example_subdag_operator.py
[2023-12-01T22:33:30.601+0000] {logging_mixin.py:154} INFO - [2023-12-01T22:33:30.601+0000] {dag.py:2941} INFO - Sync 3 DAGs
[2023-12-01T22:33:30.617+0000] {logging_mixin.py:154} INFO - [2023-12-01T22:33:30.617+0000] {dag.py:3722} INFO - Setting next_dagrun for example_subdag_operator to 2022-01-01T00:00:00+00:00, run_after=2022-01-01T00:00:00+00:00
[2023-12-01T22:33:30.620+0000] {logging_mixin.py:154} INFO - [2023-12-01T22:33:30.620+0000] {dag.py:3722} INFO - Setting next_dagrun for example_subdag_operator.section-1 to None, run_after=None
[2023-12-01T22:33:30.621+0000] {logging_mixin.py:154} INFO - [2023-12-01T22:33:30.621+0000] {dag.py:3722} INFO - Setting next_dagrun for example_subdag_operator.section-2 to None, run_after=None
[2023-12-01T22:33:30.626+0000] {logging_mixin.py:154} INFO - [2023-12-01T22:33:30.626+0000] {dag.py:2941} INFO - Sync 2 DAGs
[2023-12-01T22:33:30.630+0000] {logging_mixin.py:154} INFO - [2023-12-01T22:33:30.630+0000] {dag.py:3722} INFO - Setting next_dagrun for example_subdag_operator.section-1 to None, run_after=None
[2023-12-01T22:33:30.631+0000] {logging_mixin.py:154} INFO - [2023-12-01T22:33:30.631+0000] {dag.py:3722} INFO - Setting next_dagrun for example_subdag_operator.section-2 to None, run_after=None
[2023-12-01T22:33:30.642+0000] {processor.py:179} INFO - Processing /home/airflow/.local/lib/python3.8/site-packages/airflow/example_dags/example_subdag_operator.py took 0.075 seconds
[2023-12-01T22:34:00.862+0000] {processor.py:157} INFO - Started process (PID=1429) to work on /home/airflow/.local/lib/python3.8/site-packages/airflow/example_dags/example_subdag_operator.py
[2023-12-01T22:34:00.862+0000] {processor.py:829} INFO - Processing file /home/airflow/.local/lib/python3.8/site-packages/airflow/example_dags/example_subdag_operator.py for tasks to queue
[2023-12-01T22:34:00.864+0000] {logging_mixin.py:154} INFO - [2023-12-01T22:34:00.864+0000] {dagbag.py:536} INFO - Filling up the DagBag from /home/airflow/.local/lib/python3.8/site-packages/airflow/example_dags/example_subdag_operator.py
[2023-12-01T22:34:00.888+0000] {processor.py:839} INFO - DAG(s) dict_keys(['example_subdag_operator.section-1', 'example_subdag_operator.section-2', 'example_subdag_operator']) retrieved from /home/airflow/.local/lib/python3.8/site-packages/airflow/example_dags/example_subdag_operator.py
[2023-12-01T22:34:00.903+0000] {logging_mixin.py:154} INFO - [2023-12-01T22:34:00.903+0000] {dag.py:2941} INFO - Sync 3 DAGs
[2023-12-01T22:34:00.923+0000] {logging_mixin.py:154} INFO - [2023-12-01T22:34:00.922+0000] {dag.py:3722} INFO - Setting next_dagrun for example_subdag_operator to 2022-01-01T00:00:00+00:00, run_after=2022-01-01T00:00:00+00:00
[2023-12-01T22:34:00.926+0000] {logging_mixin.py:154} INFO - [2023-12-01T22:34:00.926+0000] {dag.py:3722} INFO - Setting next_dagrun for example_subdag_operator.section-1 to None, run_after=None
[2023-12-01T22:34:00.928+0000] {logging_mixin.py:154} INFO - [2023-12-01T22:34:00.928+0000] {dag.py:3722} INFO - Setting next_dagrun for example_subdag_operator.section-2 to None, run_after=None
[2023-12-01T22:34:00.935+0000] {logging_mixin.py:154} INFO - [2023-12-01T22:34:00.935+0000] {dag.py:2941} INFO - Sync 2 DAGs
[2023-12-01T22:34:00.941+0000] {logging_mixin.py:154} INFO - [2023-12-01T22:34:00.941+0000] {dag.py:3722} INFO - Setting next_dagrun for example_subdag_operator.section-1 to None, run_after=None
[2023-12-01T22:34:00.942+0000] {logging_mixin.py:154} INFO - [2023-12-01T22:34:00.942+0000] {dag.py:3722} INFO - Setting next_dagrun for example_subdag_operator.section-2 to None, run_after=None
[2023-12-01T22:34:00.953+0000] {processor.py:179} INFO - Processing /home/airflow/.local/lib/python3.8/site-packages/airflow/example_dags/example_subdag_operator.py took 0.094 seconds
[2023-12-01T22:34:31.604+0000] {processor.py:157} INFO - Started process (PID=1483) to work on /home/airflow/.local/lib/python3.8/site-packages/airflow/example_dags/example_subdag_operator.py
[2023-12-01T22:34:31.605+0000] {processor.py:829} INFO - Processing file /home/airflow/.local/lib/python3.8/site-packages/airflow/example_dags/example_subdag_operator.py for tasks to queue
[2023-12-01T22:34:31.607+0000] {logging_mixin.py:154} INFO - [2023-12-01T22:34:31.607+0000] {dagbag.py:536} INFO - Filling up the DagBag from /home/airflow/.local/lib/python3.8/site-packages/airflow/example_dags/example_subdag_operator.py
[2023-12-01T22:34:31.625+0000] {processor.py:839} INFO - DAG(s) dict_keys(['example_subdag_operator.section-1', 'example_subdag_operator.section-2', 'example_subdag_operator']) retrieved from /home/airflow/.local/lib/python3.8/site-packages/airflow/example_dags/example_subdag_operator.py
[2023-12-01T22:34:31.638+0000] {logging_mixin.py:154} INFO - [2023-12-01T22:34:31.638+0000] {dag.py:2941} INFO - Sync 3 DAGs
[2023-12-01T22:34:31.657+0000] {logging_mixin.py:154} INFO - [2023-12-01T22:34:31.657+0000] {dag.py:3722} INFO - Setting next_dagrun for example_subdag_operator to 2022-01-01T00:00:00+00:00, run_after=2022-01-01T00:00:00+00:00
[2023-12-01T22:34:31.660+0000] {logging_mixin.py:154} INFO - [2023-12-01T22:34:31.660+0000] {dag.py:3722} INFO - Setting next_dagrun for example_subdag_operator.section-1 to None, run_after=None
[2023-12-01T22:34:31.662+0000] {logging_mixin.py:154} INFO - [2023-12-01T22:34:31.662+0000] {dag.py:3722} INFO - Setting next_dagrun for example_subdag_operator.section-2 to None, run_after=None
[2023-12-01T22:34:31.670+0000] {logging_mixin.py:154} INFO - [2023-12-01T22:34:31.669+0000] {dag.py:2941} INFO - Sync 2 DAGs
[2023-12-01T22:34:31.675+0000] {logging_mixin.py:154} INFO - [2023-12-01T22:34:31.675+0000] {dag.py:3722} INFO - Setting next_dagrun for example_subdag_operator.section-1 to None, run_after=None
[2023-12-01T22:34:31.676+0000] {logging_mixin.py:154} INFO - [2023-12-01T22:34:31.676+0000] {dag.py:3722} INFO - Setting next_dagrun for example_subdag_operator.section-2 to None, run_after=None
[2023-12-01T22:34:31.687+0000] {processor.py:179} INFO - Processing /home/airflow/.local/lib/python3.8/site-packages/airflow/example_dags/example_subdag_operator.py took 0.085 seconds
[2023-12-01T22:35:01.944+0000] {processor.py:157} INFO - Started process (PID=1537) to work on /home/airflow/.local/lib/python3.8/site-packages/airflow/example_dags/example_subdag_operator.py
[2023-12-01T22:35:01.945+0000] {processor.py:829} INFO - Processing file /home/airflow/.local/lib/python3.8/site-packages/airflow/example_dags/example_subdag_operator.py for tasks to queue
[2023-12-01T22:35:01.947+0000] {logging_mixin.py:154} INFO - [2023-12-01T22:35:01.947+0000] {dagbag.py:536} INFO - Filling up the DagBag from /home/airflow/.local/lib/python3.8/site-packages/airflow/example_dags/example_subdag_operator.py
[2023-12-01T22:35:01.974+0000] {processor.py:839} INFO - DAG(s) dict_keys(['example_subdag_operator.section-1', 'example_subdag_operator.section-2', 'example_subdag_operator']) retrieved from /home/airflow/.local/lib/python3.8/site-packages/airflow/example_dags/example_subdag_operator.py
[2023-12-01T22:35:01.988+0000] {logging_mixin.py:154} INFO - [2023-12-01T22:35:01.988+0000] {dag.py:2941} INFO - Sync 3 DAGs
[2023-12-01T22:35:02.014+0000] {logging_mixin.py:154} INFO - [2023-12-01T22:35:02.013+0000] {dag.py:3722} INFO - Setting next_dagrun for example_subdag_operator to 2022-01-01T00:00:00+00:00, run_after=2022-01-01T00:00:00+00:00
[2023-12-01T22:35:02.021+0000] {logging_mixin.py:154} INFO - [2023-12-01T22:35:02.021+0000] {dag.py:3722} INFO - Setting next_dagrun for example_subdag_operator.section-1 to None, run_after=None
[2023-12-01T22:35:02.024+0000] {logging_mixin.py:154} INFO - [2023-12-01T22:35:02.023+0000] {dag.py:3722} INFO - Setting next_dagrun for example_subdag_operator.section-2 to None, run_after=None
[2023-12-01T22:35:02.034+0000] {logging_mixin.py:154} INFO - [2023-12-01T22:35:02.034+0000] {dag.py:2941} INFO - Sync 2 DAGs
[2023-12-01T22:35:02.039+0000] {logging_mixin.py:154} INFO - [2023-12-01T22:35:02.039+0000] {dag.py:3722} INFO - Setting next_dagrun for example_subdag_operator.section-1 to None, run_after=None
[2023-12-01T22:35:02.040+0000] {logging_mixin.py:154} INFO - [2023-12-01T22:35:02.040+0000] {dag.py:3722} INFO - Setting next_dagrun for example_subdag_operator.section-2 to None, run_after=None
[2023-12-01T22:35:02.052+0000] {processor.py:179} INFO - Processing /home/airflow/.local/lib/python3.8/site-packages/airflow/example_dags/example_subdag_operator.py took 0.112 seconds
[2023-12-01T22:35:32.340+0000] {processor.py:157} INFO - Started process (PID=1591) to work on /home/airflow/.local/lib/python3.8/site-packages/airflow/example_dags/example_subdag_operator.py
[2023-12-01T22:35:32.341+0000] {processor.py:829} INFO - Processing file /home/airflow/.local/lib/python3.8/site-packages/airflow/example_dags/example_subdag_operator.py for tasks to queue
[2023-12-01T22:35:32.343+0000] {logging_mixin.py:154} INFO - [2023-12-01T22:35:32.343+0000] {dagbag.py:536} INFO - Filling up the DagBag from /home/airflow/.local/lib/python3.8/site-packages/airflow/example_dags/example_subdag_operator.py
[2023-12-01T22:35:32.362+0000] {processor.py:839} INFO - DAG(s) dict_keys(['example_subdag_operator.section-1', 'example_subdag_operator.section-2', 'example_subdag_operator']) retrieved from /home/airflow/.local/lib/python3.8/site-packages/airflow/example_dags/example_subdag_operator.py
[2023-12-01T22:35:32.375+0000] {logging_mixin.py:154} INFO - [2023-12-01T22:35:32.375+0000] {dag.py:2941} INFO - Sync 3 DAGs
[2023-12-01T22:35:32.395+0000] {logging_mixin.py:154} INFO - [2023-12-01T22:35:32.394+0000] {dag.py:3722} INFO - Setting next_dagrun for example_subdag_operator to 2022-01-01T00:00:00+00:00, run_after=2022-01-01T00:00:00+00:00
[2023-12-01T22:35:32.399+0000] {logging_mixin.py:154} INFO - [2023-12-01T22:35:32.398+0000] {dag.py:3722} INFO - Setting next_dagrun for example_subdag_operator.section-1 to None, run_after=None
[2023-12-01T22:35:32.401+0000] {logging_mixin.py:154} INFO - [2023-12-01T22:35:32.400+0000] {dag.py:3722} INFO - Setting next_dagrun for example_subdag_operator.section-2 to None, run_after=None
[2023-12-01T22:35:32.408+0000] {logging_mixin.py:154} INFO - [2023-12-01T22:35:32.408+0000] {dag.py:2941} INFO - Sync 2 DAGs
[2023-12-01T22:35:32.415+0000] {logging_mixin.py:154} INFO - [2023-12-01T22:35:32.415+0000] {dag.py:3722} INFO - Setting next_dagrun for example_subdag_operator.section-1 to None, run_after=None
[2023-12-01T22:35:32.416+0000] {logging_mixin.py:154} INFO - [2023-12-01T22:35:32.416+0000] {dag.py:3722} INFO - Setting next_dagrun for example_subdag_operator.section-2 to None, run_after=None
[2023-12-01T22:35:32.429+0000] {processor.py:179} INFO - Processing /home/airflow/.local/lib/python3.8/site-packages/airflow/example_dags/example_subdag_operator.py took 0.091 seconds
[2023-12-01T22:38:30.763+0000] {processor.py:157} INFO - Started process (PID=78) to work on /home/airflow/.local/lib/python3.8/site-packages/airflow/example_dags/example_subdag_operator.py
[2023-12-01T22:38:30.764+0000] {processor.py:829} INFO - Processing file /home/airflow/.local/lib/python3.8/site-packages/airflow/example_dags/example_subdag_operator.py for tasks to queue
[2023-12-01T22:38:30.766+0000] {logging_mixin.py:154} INFO - [2023-12-01T22:38:30.765+0000] {dagbag.py:536} INFO - Filling up the DagBag from /home/airflow/.local/lib/python3.8/site-packages/airflow/example_dags/example_subdag_operator.py
[2023-12-01T22:38:30.787+0000] {processor.py:839} INFO - DAG(s) dict_keys(['example_subdag_operator.section-1', 'example_subdag_operator.section-2', 'example_subdag_operator']) retrieved from /home/airflow/.local/lib/python3.8/site-packages/airflow/example_dags/example_subdag_operator.py
[2023-12-01T22:38:30.791+0000] {logging_mixin.py:154} INFO - [2023-12-01T22:38:30.791+0000] {dag.py:2941} INFO - Sync 3 DAGs
[2023-12-01T22:38:30.822+0000] {logging_mixin.py:154} INFO - [2023-12-01T22:38:30.822+0000] {dag.py:3722} INFO - Setting next_dagrun for example_subdag_operator to 2022-01-01T00:00:00+00:00, run_after=2022-01-01T00:00:00+00:00
[2023-12-01T22:38:30.826+0000] {logging_mixin.py:154} INFO - [2023-12-01T22:38:30.826+0000] {dag.py:3722} INFO - Setting next_dagrun for example_subdag_operator.section-1 to None, run_after=None
[2023-12-01T22:38:30.828+0000] {logging_mixin.py:154} INFO - [2023-12-01T22:38:30.828+0000] {dag.py:3722} INFO - Setting next_dagrun for example_subdag_operator.section-2 to None, run_after=None
[2023-12-01T22:38:30.836+0000] {logging_mixin.py:154} INFO - [2023-12-01T22:38:30.835+0000] {dag.py:2941} INFO - Sync 2 DAGs
[2023-12-01T22:38:30.842+0000] {logging_mixin.py:154} INFO - [2023-12-01T22:38:30.841+0000] {dag.py:3722} INFO - Setting next_dagrun for example_subdag_operator.section-1 to None, run_after=None
[2023-12-01T22:38:30.842+0000] {logging_mixin.py:154} INFO - [2023-12-01T22:38:30.842+0000] {dag.py:3722} INFO - Setting next_dagrun for example_subdag_operator.section-2 to None, run_after=None
[2023-12-01T22:38:30.858+0000] {processor.py:179} INFO - Processing /home/airflow/.local/lib/python3.8/site-packages/airflow/example_dags/example_subdag_operator.py took 0.099 seconds
[2023-12-01T22:39:01.310+0000] {processor.py:157} INFO - Started process (PID=132) to work on /home/airflow/.local/lib/python3.8/site-packages/airflow/example_dags/example_subdag_operator.py
[2023-12-01T22:39:01.311+0000] {processor.py:829} INFO - Processing file /home/airflow/.local/lib/python3.8/site-packages/airflow/example_dags/example_subdag_operator.py for tasks to queue
[2023-12-01T22:39:01.312+0000] {logging_mixin.py:154} INFO - [2023-12-01T22:39:01.312+0000] {dagbag.py:536} INFO - Filling up the DagBag from /home/airflow/.local/lib/python3.8/site-packages/airflow/example_dags/example_subdag_operator.py
[2023-12-01T22:39:01.332+0000] {processor.py:839} INFO - DAG(s) dict_keys(['example_subdag_operator.section-1', 'example_subdag_operator.section-2', 'example_subdag_operator']) retrieved from /home/airflow/.local/lib/python3.8/site-packages/airflow/example_dags/example_subdag_operator.py
[2023-12-01T22:39:01.344+0000] {logging_mixin.py:154} INFO - [2023-12-01T22:39:01.344+0000] {dag.py:2941} INFO - Sync 3 DAGs
[2023-12-01T22:39:01.360+0000] {logging_mixin.py:154} INFO - [2023-12-01T22:39:01.360+0000] {dag.py:3722} INFO - Setting next_dagrun for example_subdag_operator to 2022-01-01T00:00:00+00:00, run_after=2022-01-01T00:00:00+00:00
[2023-12-01T22:39:01.363+0000] {logging_mixin.py:154} INFO - [2023-12-01T22:39:01.363+0000] {dag.py:3722} INFO - Setting next_dagrun for example_subdag_operator.section-1 to None, run_after=None
[2023-12-01T22:39:01.365+0000] {logging_mixin.py:154} INFO - [2023-12-01T22:39:01.365+0000] {dag.py:3722} INFO - Setting next_dagrun for example_subdag_operator.section-2 to None, run_after=None
[2023-12-01T22:39:01.370+0000] {logging_mixin.py:154} INFO - [2023-12-01T22:39:01.370+0000] {dag.py:2941} INFO - Sync 2 DAGs
[2023-12-01T22:39:01.374+0000] {logging_mixin.py:154} INFO - [2023-12-01T22:39:01.374+0000] {dag.py:3722} INFO - Setting next_dagrun for example_subdag_operator.section-1 to None, run_after=None
[2023-12-01T22:39:01.375+0000] {logging_mixin.py:154} INFO - [2023-12-01T22:39:01.375+0000] {dag.py:3722} INFO - Setting next_dagrun for example_subdag_operator.section-2 to None, run_after=None
[2023-12-01T22:39:01.390+0000] {processor.py:179} INFO - Processing /home/airflow/.local/lib/python3.8/site-packages/airflow/example_dags/example_subdag_operator.py took 0.082 seconds
[2023-12-01T22:39:31.762+0000] {processor.py:157} INFO - Started process (PID=185) to work on /home/airflow/.local/lib/python3.8/site-packages/airflow/example_dags/example_subdag_operator.py
[2023-12-01T22:39:31.763+0000] {processor.py:829} INFO - Processing file /home/airflow/.local/lib/python3.8/site-packages/airflow/example_dags/example_subdag_operator.py for tasks to queue
[2023-12-01T22:39:31.765+0000] {logging_mixin.py:154} INFO - [2023-12-01T22:39:31.765+0000] {dagbag.py:536} INFO - Filling up the DagBag from /home/airflow/.local/lib/python3.8/site-packages/airflow/example_dags/example_subdag_operator.py
[2023-12-01T22:39:31.791+0000] {processor.py:839} INFO - DAG(s) dict_keys(['example_subdag_operator.section-1', 'example_subdag_operator.section-2', 'example_subdag_operator']) retrieved from /home/airflow/.local/lib/python3.8/site-packages/airflow/example_dags/example_subdag_operator.py
[2023-12-01T22:39:31.803+0000] {logging_mixin.py:154} INFO - [2023-12-01T22:39:31.803+0000] {dag.py:2941} INFO - Sync 3 DAGs
[2023-12-01T22:39:31.821+0000] {logging_mixin.py:154} INFO - [2023-12-01T22:39:31.821+0000] {dag.py:3722} INFO - Setting next_dagrun for example_subdag_operator to 2022-01-01T00:00:00+00:00, run_after=2022-01-01T00:00:00+00:00
[2023-12-01T22:39:31.825+0000] {logging_mixin.py:154} INFO - [2023-12-01T22:39:31.825+0000] {dag.py:3722} INFO - Setting next_dagrun for example_subdag_operator.section-1 to None, run_after=None
[2023-12-01T22:39:31.826+0000] {logging_mixin.py:154} INFO - [2023-12-01T22:39:31.826+0000] {dag.py:3722} INFO - Setting next_dagrun for example_subdag_operator.section-2 to None, run_after=None
[2023-12-01T22:39:31.833+0000] {logging_mixin.py:154} INFO - [2023-12-01T22:39:31.833+0000] {dag.py:2941} INFO - Sync 2 DAGs
[2023-12-01T22:39:31.838+0000] {logging_mixin.py:154} INFO - [2023-12-01T22:39:31.838+0000] {dag.py:3722} INFO - Setting next_dagrun for example_subdag_operator.section-1 to None, run_after=None
[2023-12-01T22:39:31.839+0000] {logging_mixin.py:154} INFO - [2023-12-01T22:39:31.839+0000] {dag.py:3722} INFO - Setting next_dagrun for example_subdag_operator.section-2 to None, run_after=None
[2023-12-01T22:39:31.849+0000] {processor.py:179} INFO - Processing /home/airflow/.local/lib/python3.8/site-packages/airflow/example_dags/example_subdag_operator.py took 0.090 seconds
[2023-12-01T22:40:02.259+0000] {processor.py:157} INFO - Started process (PID=239) to work on /home/airflow/.local/lib/python3.8/site-packages/airflow/example_dags/example_subdag_operator.py
[2023-12-01T22:40:02.260+0000] {processor.py:829} INFO - Processing file /home/airflow/.local/lib/python3.8/site-packages/airflow/example_dags/example_subdag_operator.py for tasks to queue
[2023-12-01T22:40:02.261+0000] {logging_mixin.py:154} INFO - [2023-12-01T22:40:02.261+0000] {dagbag.py:536} INFO - Filling up the DagBag from /home/airflow/.local/lib/python3.8/site-packages/airflow/example_dags/example_subdag_operator.py
[2023-12-01T22:40:02.279+0000] {processor.py:839} INFO - DAG(s) dict_keys(['example_subdag_operator.section-1', 'example_subdag_operator.section-2', 'example_subdag_operator']) retrieved from /home/airflow/.local/lib/python3.8/site-packages/airflow/example_dags/example_subdag_operator.py
[2023-12-01T22:40:02.292+0000] {logging_mixin.py:154} INFO - [2023-12-01T22:40:02.292+0000] {dag.py:2941} INFO - Sync 3 DAGs
[2023-12-01T22:40:02.309+0000] {logging_mixin.py:154} INFO - [2023-12-01T22:40:02.309+0000] {dag.py:3722} INFO - Setting next_dagrun for example_subdag_operator to 2022-01-01T00:00:00+00:00, run_after=2022-01-01T00:00:00+00:00
[2023-12-01T22:40:02.312+0000] {logging_mixin.py:154} INFO - [2023-12-01T22:40:02.312+0000] {dag.py:3722} INFO - Setting next_dagrun for example_subdag_operator.section-1 to None, run_after=None
[2023-12-01T22:40:02.313+0000] {logging_mixin.py:154} INFO - [2023-12-01T22:40:02.313+0000] {dag.py:3722} INFO - Setting next_dagrun for example_subdag_operator.section-2 to None, run_after=None
[2023-12-01T22:40:02.319+0000] {logging_mixin.py:154} INFO - [2023-12-01T22:40:02.319+0000] {dag.py:2941} INFO - Sync 2 DAGs
[2023-12-01T22:40:02.323+0000] {logging_mixin.py:154} INFO - [2023-12-01T22:40:02.323+0000] {dag.py:3722} INFO - Setting next_dagrun for example_subdag_operator.section-1 to None, run_after=None
[2023-12-01T22:40:02.324+0000] {logging_mixin.py:154} INFO - [2023-12-01T22:40:02.324+0000] {dag.py:3722} INFO - Setting next_dagrun for example_subdag_operator.section-2 to None, run_after=None
[2023-12-01T22:40:02.332+0000] {processor.py:179} INFO - Processing /home/airflow/.local/lib/python3.8/site-packages/airflow/example_dags/example_subdag_operator.py took 0.076 seconds
[2023-12-01T22:40:32.758+0000] {processor.py:157} INFO - Started process (PID=293) to work on /home/airflow/.local/lib/python3.8/site-packages/airflow/example_dags/example_subdag_operator.py
[2023-12-01T22:40:32.759+0000] {processor.py:829} INFO - Processing file /home/airflow/.local/lib/python3.8/site-packages/airflow/example_dags/example_subdag_operator.py for tasks to queue
[2023-12-01T22:40:32.761+0000] {logging_mixin.py:154} INFO - [2023-12-01T22:40:32.760+0000] {dagbag.py:536} INFO - Filling up the DagBag from /home/airflow/.local/lib/python3.8/site-packages/airflow/example_dags/example_subdag_operator.py
[2023-12-01T22:40:32.781+0000] {processor.py:839} INFO - DAG(s) dict_keys(['example_subdag_operator.section-1', 'example_subdag_operator.section-2', 'example_subdag_operator']) retrieved from /home/airflow/.local/lib/python3.8/site-packages/airflow/example_dags/example_subdag_operator.py
[2023-12-01T22:40:32.797+0000] {logging_mixin.py:154} INFO - [2023-12-01T22:40:32.796+0000] {dag.py:2941} INFO - Sync 3 DAGs
[2023-12-01T22:40:32.817+0000] {logging_mixin.py:154} INFO - [2023-12-01T22:40:32.817+0000] {dag.py:3722} INFO - Setting next_dagrun for example_subdag_operator to 2022-01-01T00:00:00+00:00, run_after=2022-01-01T00:00:00+00:00
[2023-12-01T22:40:32.820+0000] {logging_mixin.py:154} INFO - [2023-12-01T22:40:32.820+0000] {dag.py:3722} INFO - Setting next_dagrun for example_subdag_operator.section-1 to None, run_after=None
[2023-12-01T22:40:32.822+0000] {logging_mixin.py:154} INFO - [2023-12-01T22:40:32.821+0000] {dag.py:3722} INFO - Setting next_dagrun for example_subdag_operator.section-2 to None, run_after=None
[2023-12-01T22:40:32.828+0000] {logging_mixin.py:154} INFO - [2023-12-01T22:40:32.828+0000] {dag.py:2941} INFO - Sync 2 DAGs
[2023-12-01T22:40:32.833+0000] {logging_mixin.py:154} INFO - [2023-12-01T22:40:32.833+0000] {dag.py:3722} INFO - Setting next_dagrun for example_subdag_operator.section-1 to None, run_after=None
[2023-12-01T22:40:32.833+0000] {logging_mixin.py:154} INFO - [2023-12-01T22:40:32.833+0000] {dag.py:3722} INFO - Setting next_dagrun for example_subdag_operator.section-2 to None, run_after=None
[2023-12-01T22:40:32.843+0000] {processor.py:179} INFO - Processing /home/airflow/.local/lib/python3.8/site-packages/airflow/example_dags/example_subdag_operator.py took 0.088 seconds
[2023-12-01T22:41:03.204+0000] {processor.py:157} INFO - Started process (PID=347) to work on /home/airflow/.local/lib/python3.8/site-packages/airflow/example_dags/example_subdag_operator.py
[2023-12-01T22:41:03.204+0000] {processor.py:829} INFO - Processing file /home/airflow/.local/lib/python3.8/site-packages/airflow/example_dags/example_subdag_operator.py for tasks to queue
[2023-12-01T22:41:03.206+0000] {logging_mixin.py:154} INFO - [2023-12-01T22:41:03.206+0000] {dagbag.py:536} INFO - Filling up the DagBag from /home/airflow/.local/lib/python3.8/site-packages/airflow/example_dags/example_subdag_operator.py
[2023-12-01T22:41:03.224+0000] {processor.py:839} INFO - DAG(s) dict_keys(['example_subdag_operator.section-1', 'example_subdag_operator.section-2', 'example_subdag_operator']) retrieved from /home/airflow/.local/lib/python3.8/site-packages/airflow/example_dags/example_subdag_operator.py
[2023-12-01T22:41:03.236+0000] {logging_mixin.py:154} INFO - [2023-12-01T22:41:03.236+0000] {dag.py:2941} INFO - Sync 3 DAGs
[2023-12-01T22:41:03.255+0000] {logging_mixin.py:154} INFO - [2023-12-01T22:41:03.255+0000] {dag.py:3722} INFO - Setting next_dagrun for example_subdag_operator to 2022-01-01T00:00:00+00:00, run_after=2022-01-01T00:00:00+00:00
[2023-12-01T22:41:03.259+0000] {logging_mixin.py:154} INFO - [2023-12-01T22:41:03.258+0000] {dag.py:3722} INFO - Setting next_dagrun for example_subdag_operator.section-1 to None, run_after=None
[2023-12-01T22:41:03.260+0000] {logging_mixin.py:154} INFO - [2023-12-01T22:41:03.260+0000] {dag.py:3722} INFO - Setting next_dagrun for example_subdag_operator.section-2 to None, run_after=None
[2023-12-01T22:41:03.266+0000] {logging_mixin.py:154} INFO - [2023-12-01T22:41:03.266+0000] {dag.py:2941} INFO - Sync 2 DAGs
[2023-12-01T22:41:03.271+0000] {logging_mixin.py:154} INFO - [2023-12-01T22:41:03.271+0000] {dag.py:3722} INFO - Setting next_dagrun for example_subdag_operator.section-1 to None, run_after=None
[2023-12-01T22:41:03.271+0000] {logging_mixin.py:154} INFO - [2023-12-01T22:41:03.271+0000] {dag.py:3722} INFO - Setting next_dagrun for example_subdag_operator.section-2 to None, run_after=None
[2023-12-01T22:41:03.281+0000] {processor.py:179} INFO - Processing /home/airflow/.local/lib/python3.8/site-packages/airflow/example_dags/example_subdag_operator.py took 0.079 seconds
