[2023-12-01T22:13:41.525+0000] {processor.py:157} INFO - Started process (PID=50) to work on /home/airflow/.local/lib/python3.8/site-packages/airflow/example_dags/example_datasets.py
[2023-12-01T22:13:41.526+0000] {processor.py:829} INFO - Processing file /home/airflow/.local/lib/python3.8/site-packages/airflow/example_dags/example_datasets.py for tasks to queue
[2023-12-01T22:13:41.528+0000] {logging_mixin.py:154} INFO - [2023-12-01T22:13:41.528+0000] {dagbag.py:536} INFO - Filling up the DagBag from /home/airflow/.local/lib/python3.8/site-packages/airflow/example_dags/example_datasets.py
[2023-12-01T22:13:41.542+0000] {processor.py:839} INFO - DAG(s) dict_keys(['dataset_consumes_1_never_scheduled', 'dataset_consumes_1_and_2', 'dataset_consumes_unknown_never_scheduled', 'dataset_produces_1', 'dataset_produces_2', 'dataset_consumes_1']) retrieved from /home/airflow/.local/lib/python3.8/site-packages/airflow/example_dags/example_datasets.py
[2023-12-01T22:13:41.602+0000] {logging_mixin.py:154} INFO - [2023-12-01T22:13:41.602+0000] {dag.py:2941} INFO - Sync 6 DAGs
[2023-12-01T22:13:41.629+0000] {logging_mixin.py:154} INFO - [2023-12-01T22:13:41.629+0000] {dag.py:3722} INFO - Setting next_dagrun for dataset_consumes_1 to None, run_after=None
[2023-12-01T22:13:41.632+0000] {logging_mixin.py:154} INFO - [2023-12-01T22:13:41.632+0000] {dag.py:3722} INFO - Setting next_dagrun for dataset_consumes_1_and_2 to None, run_after=None
[2023-12-01T22:13:41.634+0000] {logging_mixin.py:154} INFO - [2023-12-01T22:13:41.634+0000] {dag.py:3722} INFO - Setting next_dagrun for dataset_consumes_1_never_scheduled to None, run_after=None
[2023-12-01T22:13:41.635+0000] {logging_mixin.py:154} INFO - [2023-12-01T22:13:41.635+0000] {dag.py:3722} INFO - Setting next_dagrun for dataset_consumes_unknown_never_scheduled to None, run_after=None
[2023-12-01T22:13:41.639+0000] {logging_mixin.py:154} INFO - [2023-12-01T22:13:41.639+0000] {dag.py:3722} INFO - Setting next_dagrun for dataset_produces_1 to 2023-11-30T00:00:00+00:00, run_after=2023-12-01T00:00:00+00:00
[2023-12-01T22:13:41.640+0000] {logging_mixin.py:154} INFO - [2023-12-01T22:13:41.640+0000] {dag.py:3722} INFO - Setting next_dagrun for dataset_produces_2 to None, run_after=None
[2023-12-01T22:13:41.672+0000] {processor.py:179} INFO - Processing /home/airflow/.local/lib/python3.8/site-packages/airflow/example_dags/example_datasets.py took 0.150 seconds
[2023-12-01T22:19:40.918+0000] {processor.py:157} INFO - Started process (PID=48) to work on /home/airflow/.local/lib/python3.8/site-packages/airflow/example_dags/example_datasets.py
[2023-12-01T22:19:40.919+0000] {processor.py:829} INFO - Processing file /home/airflow/.local/lib/python3.8/site-packages/airflow/example_dags/example_datasets.py for tasks to queue
[2023-12-01T22:19:40.922+0000] {logging_mixin.py:154} INFO - [2023-12-01T22:19:40.921+0000] {dagbag.py:536} INFO - Filling up the DagBag from /home/airflow/.local/lib/python3.8/site-packages/airflow/example_dags/example_datasets.py
[2023-12-01T22:19:40.935+0000] {processor.py:839} INFO - DAG(s) dict_keys(['dataset_produces_1', 'dataset_consumes_1_never_scheduled', 'dataset_consumes_unknown_never_scheduled', 'dataset_produces_2', 'dataset_consumes_1', 'dataset_consumes_1_and_2']) retrieved from /home/airflow/.local/lib/python3.8/site-packages/airflow/example_dags/example_datasets.py
[2023-12-01T22:19:40.978+0000] {logging_mixin.py:154} INFO - [2023-12-01T22:19:40.978+0000] {dag.py:2941} INFO - Sync 6 DAGs
[2023-12-01T22:19:41.003+0000] {logging_mixin.py:154} INFO - [2023-12-01T22:19:41.003+0000] {dag.py:3722} INFO - Setting next_dagrun for dataset_consumes_1 to None, run_after=None
[2023-12-01T22:19:41.006+0000] {logging_mixin.py:154} INFO - [2023-12-01T22:19:41.006+0000] {dag.py:3722} INFO - Setting next_dagrun for dataset_consumes_1_and_2 to None, run_after=None
[2023-12-01T22:19:41.008+0000] {logging_mixin.py:154} INFO - [2023-12-01T22:19:41.007+0000] {dag.py:3722} INFO - Setting next_dagrun for dataset_consumes_1_never_scheduled to None, run_after=None
[2023-12-01T22:19:41.009+0000] {logging_mixin.py:154} INFO - [2023-12-01T22:19:41.009+0000] {dag.py:3722} INFO - Setting next_dagrun for dataset_consumes_unknown_never_scheduled to None, run_after=None
[2023-12-01T22:19:41.013+0000] {logging_mixin.py:154} INFO - [2023-12-01T22:19:41.013+0000] {dag.py:3722} INFO - Setting next_dagrun for dataset_produces_1 to 2023-11-30T00:00:00+00:00, run_after=2023-12-01T00:00:00+00:00
[2023-12-01T22:19:41.015+0000] {logging_mixin.py:154} INFO - [2023-12-01T22:19:41.014+0000] {dag.py:3722} INFO - Setting next_dagrun for dataset_produces_2 to None, run_after=None
[2023-12-01T22:19:41.046+0000] {processor.py:179} INFO - Processing /home/airflow/.local/lib/python3.8/site-packages/airflow/example_dags/example_datasets.py took 0.131 seconds
[2023-12-01T22:21:22.091+0000] {processor.py:157} INFO - Started process (PID=49) to work on /home/airflow/.local/lib/python3.8/site-packages/airflow/example_dags/example_datasets.py
[2023-12-01T22:21:22.092+0000] {processor.py:829} INFO - Processing file /home/airflow/.local/lib/python3.8/site-packages/airflow/example_dags/example_datasets.py for tasks to queue
[2023-12-01T22:21:22.094+0000] {logging_mixin.py:154} INFO - [2023-12-01T22:21:22.094+0000] {dagbag.py:536} INFO - Filling up the DagBag from /home/airflow/.local/lib/python3.8/site-packages/airflow/example_dags/example_datasets.py
[2023-12-01T22:21:22.103+0000] {processor.py:839} INFO - DAG(s) dict_keys(['dataset_consumes_1_never_scheduled', 'dataset_consumes_unknown_never_scheduled', 'dataset_produces_2', 'dataset_consumes_1_and_2', 'dataset_produces_1', 'dataset_consumes_1']) retrieved from /home/airflow/.local/lib/python3.8/site-packages/airflow/example_dags/example_datasets.py
[2023-12-01T22:21:22.116+0000] {logging_mixin.py:154} INFO - [2023-12-01T22:21:22.116+0000] {dag.py:2941} INFO - Sync 6 DAGs
[2023-12-01T22:21:22.140+0000] {logging_mixin.py:154} INFO - [2023-12-01T22:21:22.139+0000] {dag.py:3722} INFO - Setting next_dagrun for dataset_consumes_1 to None, run_after=None
[2023-12-01T22:21:22.144+0000] {logging_mixin.py:154} INFO - [2023-12-01T22:21:22.143+0000] {dag.py:3722} INFO - Setting next_dagrun for dataset_consumes_1_and_2 to None, run_after=None
[2023-12-01T22:21:22.145+0000] {logging_mixin.py:154} INFO - [2023-12-01T22:21:22.145+0000] {dag.py:3722} INFO - Setting next_dagrun for dataset_consumes_1_never_scheduled to None, run_after=None
[2023-12-01T22:21:22.146+0000] {logging_mixin.py:154} INFO - [2023-12-01T22:21:22.146+0000] {dag.py:3722} INFO - Setting next_dagrun for dataset_consumes_unknown_never_scheduled to None, run_after=None
[2023-12-01T22:21:22.149+0000] {logging_mixin.py:154} INFO - [2023-12-01T22:21:22.149+0000] {dag.py:3722} INFO - Setting next_dagrun for dataset_produces_1 to 2023-11-30T00:00:00+00:00, run_after=2023-12-01T00:00:00+00:00
[2023-12-01T22:21:22.151+0000] {logging_mixin.py:154} INFO - [2023-12-01T22:21:22.151+0000] {dag.py:3722} INFO - Setting next_dagrun for dataset_produces_2 to None, run_after=None
[2023-12-01T22:21:22.177+0000] {processor.py:179} INFO - Processing /home/airflow/.local/lib/python3.8/site-packages/airflow/example_dags/example_datasets.py took 0.088 seconds
[2023-12-01T22:21:52.293+0000] {processor.py:157} INFO - Started process (PID=104) to work on /home/airflow/.local/lib/python3.8/site-packages/airflow/example_dags/example_datasets.py
[2023-12-01T22:21:52.294+0000] {processor.py:829} INFO - Processing file /home/airflow/.local/lib/python3.8/site-packages/airflow/example_dags/example_datasets.py for tasks to queue
[2023-12-01T22:21:52.295+0000] {logging_mixin.py:154} INFO - [2023-12-01T22:21:52.295+0000] {dagbag.py:536} INFO - Filling up the DagBag from /home/airflow/.local/lib/python3.8/site-packages/airflow/example_dags/example_datasets.py
[2023-12-01T22:21:52.302+0000] {processor.py:839} INFO - DAG(s) dict_keys(['dataset_produces_1', 'dataset_consumes_1', 'dataset_consumes_unknown_never_scheduled', 'dataset_consumes_1_and_2', 'dataset_consumes_1_never_scheduled', 'dataset_produces_2']) retrieved from /home/airflow/.local/lib/python3.8/site-packages/airflow/example_dags/example_datasets.py
[2023-12-01T22:21:52.333+0000] {logging_mixin.py:154} INFO - [2023-12-01T22:21:52.332+0000] {dag.py:2941} INFO - Sync 6 DAGs
[2023-12-01T22:21:52.354+0000] {logging_mixin.py:154} INFO - [2023-12-01T22:21:52.354+0000] {dag.py:3722} INFO - Setting next_dagrun for dataset_consumes_1 to None, run_after=None
[2023-12-01T22:21:52.357+0000] {logging_mixin.py:154} INFO - [2023-12-01T22:21:52.357+0000] {dag.py:3722} INFO - Setting next_dagrun for dataset_consumes_1_and_2 to None, run_after=None
[2023-12-01T22:21:52.360+0000] {logging_mixin.py:154} INFO - [2023-12-01T22:21:52.359+0000] {dag.py:3722} INFO - Setting next_dagrun for dataset_consumes_1_never_scheduled to None, run_after=None
[2023-12-01T22:21:52.362+0000] {logging_mixin.py:154} INFO - [2023-12-01T22:21:52.362+0000] {dag.py:3722} INFO - Setting next_dagrun for dataset_consumes_unknown_never_scheduled to None, run_after=None
[2023-12-01T22:21:52.369+0000] {logging_mixin.py:154} INFO - [2023-12-01T22:21:52.369+0000] {dag.py:3722} INFO - Setting next_dagrun for dataset_produces_1 to 2023-11-30T00:00:00+00:00, run_after=2023-12-01T00:00:00+00:00
[2023-12-01T22:21:52.371+0000] {logging_mixin.py:154} INFO - [2023-12-01T22:21:52.370+0000] {dag.py:3722} INFO - Setting next_dagrun for dataset_produces_2 to None, run_after=None
[2023-12-01T22:21:52.398+0000] {processor.py:179} INFO - Processing /home/airflow/.local/lib/python3.8/site-packages/airflow/example_dags/example_datasets.py took 0.107 seconds
[2023-12-01T22:22:22.666+0000] {processor.py:157} INFO - Started process (PID=158) to work on /home/airflow/.local/lib/python3.8/site-packages/airflow/example_dags/example_datasets.py
[2023-12-01T22:22:22.666+0000] {processor.py:829} INFO - Processing file /home/airflow/.local/lib/python3.8/site-packages/airflow/example_dags/example_datasets.py for tasks to queue
[2023-12-01T22:22:22.668+0000] {logging_mixin.py:154} INFO - [2023-12-01T22:22:22.668+0000] {dagbag.py:536} INFO - Filling up the DagBag from /home/airflow/.local/lib/python3.8/site-packages/airflow/example_dags/example_datasets.py
[2023-12-01T22:22:22.675+0000] {processor.py:839} INFO - DAG(s) dict_keys(['dataset_consumes_unknown_never_scheduled', 'dataset_consumes_1_never_scheduled', 'dataset_consumes_1_and_2', 'dataset_consumes_1', 'dataset_produces_2', 'dataset_produces_1']) retrieved from /home/airflow/.local/lib/python3.8/site-packages/airflow/example_dags/example_datasets.py
[2023-12-01T22:22:22.701+0000] {logging_mixin.py:154} INFO - [2023-12-01T22:22:22.700+0000] {dag.py:2941} INFO - Sync 6 DAGs
[2023-12-01T22:22:22.717+0000] {logging_mixin.py:154} INFO - [2023-12-01T22:22:22.717+0000] {dag.py:3722} INFO - Setting next_dagrun for dataset_consumes_1 to None, run_after=None
[2023-12-01T22:22:22.720+0000] {logging_mixin.py:154} INFO - [2023-12-01T22:22:22.720+0000] {dag.py:3722} INFO - Setting next_dagrun for dataset_consumes_1_and_2 to None, run_after=None
[2023-12-01T22:22:22.721+0000] {logging_mixin.py:154} INFO - [2023-12-01T22:22:22.721+0000] {dag.py:3722} INFO - Setting next_dagrun for dataset_consumes_1_never_scheduled to None, run_after=None
[2023-12-01T22:22:22.722+0000] {logging_mixin.py:154} INFO - [2023-12-01T22:22:22.722+0000] {dag.py:3722} INFO - Setting next_dagrun for dataset_consumes_unknown_never_scheduled to None, run_after=None
[2023-12-01T22:22:22.724+0000] {logging_mixin.py:154} INFO - [2023-12-01T22:22:22.724+0000] {dag.py:3722} INFO - Setting next_dagrun for dataset_produces_1 to 2023-11-30T00:00:00+00:00, run_after=2023-12-01T00:00:00+00:00
[2023-12-01T22:22:22.726+0000] {logging_mixin.py:154} INFO - [2023-12-01T22:22:22.725+0000] {dag.py:3722} INFO - Setting next_dagrun for dataset_produces_2 to None, run_after=None
[2023-12-01T22:22:22.748+0000] {processor.py:179} INFO - Processing /home/airflow/.local/lib/python3.8/site-packages/airflow/example_dags/example_datasets.py took 0.084 seconds
[2023-12-01T22:22:52.937+0000] {processor.py:157} INFO - Started process (PID=212) to work on /home/airflow/.local/lib/python3.8/site-packages/airflow/example_dags/example_datasets.py
[2023-12-01T22:22:52.938+0000] {processor.py:829} INFO - Processing file /home/airflow/.local/lib/python3.8/site-packages/airflow/example_dags/example_datasets.py for tasks to queue
[2023-12-01T22:22:52.939+0000] {logging_mixin.py:154} INFO - [2023-12-01T22:22:52.939+0000] {dagbag.py:536} INFO - Filling up the DagBag from /home/airflow/.local/lib/python3.8/site-packages/airflow/example_dags/example_datasets.py
[2023-12-01T22:22:52.946+0000] {processor.py:839} INFO - DAG(s) dict_keys(['dataset_consumes_unknown_never_scheduled', 'dataset_consumes_1', 'dataset_produces_1', 'dataset_consumes_1_and_2', 'dataset_consumes_1_never_scheduled', 'dataset_produces_2']) retrieved from /home/airflow/.local/lib/python3.8/site-packages/airflow/example_dags/example_datasets.py
[2023-12-01T22:22:52.976+0000] {logging_mixin.py:154} INFO - [2023-12-01T22:22:52.976+0000] {dag.py:2941} INFO - Sync 6 DAGs
[2023-12-01T22:22:52.996+0000] {logging_mixin.py:154} INFO - [2023-12-01T22:22:52.996+0000] {dag.py:3722} INFO - Setting next_dagrun for dataset_consumes_1 to None, run_after=None
[2023-12-01T22:22:53.001+0000] {logging_mixin.py:154} INFO - [2023-12-01T22:22:53.000+0000] {dag.py:3722} INFO - Setting next_dagrun for dataset_consumes_1_and_2 to None, run_after=None
[2023-12-01T22:22:53.003+0000] {logging_mixin.py:154} INFO - [2023-12-01T22:22:53.002+0000] {dag.py:3722} INFO - Setting next_dagrun for dataset_consumes_1_never_scheduled to None, run_after=None
[2023-12-01T22:22:53.004+0000] {logging_mixin.py:154} INFO - [2023-12-01T22:22:53.004+0000] {dag.py:3722} INFO - Setting next_dagrun for dataset_consumes_unknown_never_scheduled to None, run_after=None
[2023-12-01T22:22:53.009+0000] {logging_mixin.py:154} INFO - [2023-12-01T22:22:53.008+0000] {dag.py:3722} INFO - Setting next_dagrun for dataset_produces_1 to 2023-11-30T00:00:00+00:00, run_after=2023-12-01T00:00:00+00:00
[2023-12-01T22:22:53.011+0000] {logging_mixin.py:154} INFO - [2023-12-01T22:22:53.011+0000] {dag.py:3722} INFO - Setting next_dagrun for dataset_produces_2 to None, run_after=None
[2023-12-01T22:22:53.045+0000] {processor.py:179} INFO - Processing /home/airflow/.local/lib/python3.8/site-packages/airflow/example_dags/example_datasets.py took 0.110 seconds
[2023-12-01T22:23:23.066+0000] {processor.py:157} INFO - Started process (PID=266) to work on /home/airflow/.local/lib/python3.8/site-packages/airflow/example_dags/example_datasets.py
[2023-12-01T22:23:23.067+0000] {processor.py:829} INFO - Processing file /home/airflow/.local/lib/python3.8/site-packages/airflow/example_dags/example_datasets.py for tasks to queue
[2023-12-01T22:23:23.068+0000] {logging_mixin.py:154} INFO - [2023-12-01T22:23:23.068+0000] {dagbag.py:536} INFO - Filling up the DagBag from /home/airflow/.local/lib/python3.8/site-packages/airflow/example_dags/example_datasets.py
[2023-12-01T22:23:23.075+0000] {processor.py:839} INFO - DAG(s) dict_keys(['dataset_consumes_1_never_scheduled', 'dataset_consumes_1', 'dataset_consumes_1_and_2', 'dataset_produces_2', 'dataset_produces_1', 'dataset_consumes_unknown_never_scheduled']) retrieved from /home/airflow/.local/lib/python3.8/site-packages/airflow/example_dags/example_datasets.py
[2023-12-01T22:23:23.101+0000] {logging_mixin.py:154} INFO - [2023-12-01T22:23:23.101+0000] {dag.py:2941} INFO - Sync 6 DAGs
[2023-12-01T22:23:23.118+0000] {logging_mixin.py:154} INFO - [2023-12-01T22:23:23.118+0000] {dag.py:3722} INFO - Setting next_dagrun for dataset_consumes_1 to None, run_after=None
[2023-12-01T22:23:23.120+0000] {logging_mixin.py:154} INFO - [2023-12-01T22:23:23.120+0000] {dag.py:3722} INFO - Setting next_dagrun for dataset_consumes_1_and_2 to None, run_after=None
[2023-12-01T22:23:23.122+0000] {logging_mixin.py:154} INFO - [2023-12-01T22:23:23.122+0000] {dag.py:3722} INFO - Setting next_dagrun for dataset_consumes_1_never_scheduled to None, run_after=None
[2023-12-01T22:23:23.123+0000] {logging_mixin.py:154} INFO - [2023-12-01T22:23:23.123+0000] {dag.py:3722} INFO - Setting next_dagrun for dataset_consumes_unknown_never_scheduled to None, run_after=None
[2023-12-01T22:23:23.125+0000] {logging_mixin.py:154} INFO - [2023-12-01T22:23:23.125+0000] {dag.py:3722} INFO - Setting next_dagrun for dataset_produces_1 to 2023-11-30T00:00:00+00:00, run_after=2023-12-01T00:00:00+00:00
[2023-12-01T22:23:23.126+0000] {logging_mixin.py:154} INFO - [2023-12-01T22:23:23.126+0000] {dag.py:3722} INFO - Setting next_dagrun for dataset_produces_2 to None, run_after=None
[2023-12-01T22:23:23.146+0000] {processor.py:179} INFO - Processing /home/airflow/.local/lib/python3.8/site-packages/airflow/example_dags/example_datasets.py took 0.082 seconds
[2023-12-01T22:23:53.400+0000] {processor.py:157} INFO - Started process (PID=320) to work on /home/airflow/.local/lib/python3.8/site-packages/airflow/example_dags/example_datasets.py
[2023-12-01T22:23:53.401+0000] {processor.py:829} INFO - Processing file /home/airflow/.local/lib/python3.8/site-packages/airflow/example_dags/example_datasets.py for tasks to queue
[2023-12-01T22:23:53.402+0000] {logging_mixin.py:154} INFO - [2023-12-01T22:23:53.402+0000] {dagbag.py:536} INFO - Filling up the DagBag from /home/airflow/.local/lib/python3.8/site-packages/airflow/example_dags/example_datasets.py
[2023-12-01T22:23:53.409+0000] {processor.py:839} INFO - DAG(s) dict_keys(['dataset_consumes_1_and_2', 'dataset_consumes_1_never_scheduled', 'dataset_consumes_1', 'dataset_produces_1', 'dataset_produces_2', 'dataset_consumes_unknown_never_scheduled']) retrieved from /home/airflow/.local/lib/python3.8/site-packages/airflow/example_dags/example_datasets.py
[2023-12-01T22:23:53.433+0000] {logging_mixin.py:154} INFO - [2023-12-01T22:23:53.433+0000] {dag.py:2941} INFO - Sync 6 DAGs
[2023-12-01T22:23:53.451+0000] {logging_mixin.py:154} INFO - [2023-12-01T22:23:53.451+0000] {dag.py:3722} INFO - Setting next_dagrun for dataset_consumes_1 to None, run_after=None
[2023-12-01T22:23:53.455+0000] {logging_mixin.py:154} INFO - [2023-12-01T22:23:53.454+0000] {dag.py:3722} INFO - Setting next_dagrun for dataset_consumes_1_and_2 to None, run_after=None
[2023-12-01T22:23:53.456+0000] {logging_mixin.py:154} INFO - [2023-12-01T22:23:53.456+0000] {dag.py:3722} INFO - Setting next_dagrun for dataset_consumes_1_never_scheduled to None, run_after=None
[2023-12-01T22:23:53.457+0000] {logging_mixin.py:154} INFO - [2023-12-01T22:23:53.457+0000] {dag.py:3722} INFO - Setting next_dagrun for dataset_consumes_unknown_never_scheduled to None, run_after=None
[2023-12-01T22:23:53.459+0000] {logging_mixin.py:154} INFO - [2023-12-01T22:23:53.459+0000] {dag.py:3722} INFO - Setting next_dagrun for dataset_produces_1 to 2023-11-30T00:00:00+00:00, run_after=2023-12-01T00:00:00+00:00
[2023-12-01T22:23:53.460+0000] {logging_mixin.py:154} INFO - [2023-12-01T22:23:53.460+0000] {dag.py:3722} INFO - Setting next_dagrun for dataset_produces_2 to None, run_after=None
[2023-12-01T22:23:53.487+0000] {processor.py:179} INFO - Processing /home/airflow/.local/lib/python3.8/site-packages/airflow/example_dags/example_datasets.py took 0.089 seconds
[2023-12-01T22:24:23.638+0000] {processor.py:157} INFO - Started process (PID=374) to work on /home/airflow/.local/lib/python3.8/site-packages/airflow/example_dags/example_datasets.py
[2023-12-01T22:24:23.638+0000] {processor.py:829} INFO - Processing file /home/airflow/.local/lib/python3.8/site-packages/airflow/example_dags/example_datasets.py for tasks to queue
[2023-12-01T22:24:23.640+0000] {logging_mixin.py:154} INFO - [2023-12-01T22:24:23.640+0000] {dagbag.py:536} INFO - Filling up the DagBag from /home/airflow/.local/lib/python3.8/site-packages/airflow/example_dags/example_datasets.py
[2023-12-01T22:24:23.648+0000] {processor.py:839} INFO - DAG(s) dict_keys(['dataset_produces_1', 'dataset_produces_2', 'dataset_consumes_1', 'dataset_consumes_1_and_2', 'dataset_consumes_unknown_never_scheduled', 'dataset_consumes_1_never_scheduled']) retrieved from /home/airflow/.local/lib/python3.8/site-packages/airflow/example_dags/example_datasets.py
[2023-12-01T22:24:23.674+0000] {logging_mixin.py:154} INFO - [2023-12-01T22:24:23.673+0000] {dag.py:2941} INFO - Sync 6 DAGs
[2023-12-01T22:24:23.692+0000] {logging_mixin.py:154} INFO - [2023-12-01T22:24:23.692+0000] {dag.py:3722} INFO - Setting next_dagrun for dataset_consumes_1 to None, run_after=None
[2023-12-01T22:24:23.695+0000] {logging_mixin.py:154} INFO - [2023-12-01T22:24:23.695+0000] {dag.py:3722} INFO - Setting next_dagrun for dataset_consumes_1_and_2 to None, run_after=None
[2023-12-01T22:24:23.696+0000] {logging_mixin.py:154} INFO - [2023-12-01T22:24:23.696+0000] {dag.py:3722} INFO - Setting next_dagrun for dataset_consumes_1_never_scheduled to None, run_after=None
[2023-12-01T22:24:23.697+0000] {logging_mixin.py:154} INFO - [2023-12-01T22:24:23.697+0000] {dag.py:3722} INFO - Setting next_dagrun for dataset_consumes_unknown_never_scheduled to None, run_after=None
[2023-12-01T22:24:23.700+0000] {logging_mixin.py:154} INFO - [2023-12-01T22:24:23.700+0000] {dag.py:3722} INFO - Setting next_dagrun for dataset_produces_1 to 2023-11-30T00:00:00+00:00, run_after=2023-12-01T00:00:00+00:00
[2023-12-01T22:24:23.701+0000] {logging_mixin.py:154} INFO - [2023-12-01T22:24:23.701+0000] {dag.py:3722} INFO - Setting next_dagrun for dataset_produces_2 to None, run_after=None
[2023-12-01T22:24:23.726+0000] {processor.py:179} INFO - Processing /home/airflow/.local/lib/python3.8/site-packages/airflow/example_dags/example_datasets.py took 0.090 seconds
[2023-12-01T22:24:54.593+0000] {processor.py:157} INFO - Started process (PID=428) to work on /home/airflow/.local/lib/python3.8/site-packages/airflow/example_dags/example_datasets.py
[2023-12-01T22:24:54.594+0000] {processor.py:829} INFO - Processing file /home/airflow/.local/lib/python3.8/site-packages/airflow/example_dags/example_datasets.py for tasks to queue
[2023-12-01T22:24:54.595+0000] {logging_mixin.py:154} INFO - [2023-12-01T22:24:54.595+0000] {dagbag.py:536} INFO - Filling up the DagBag from /home/airflow/.local/lib/python3.8/site-packages/airflow/example_dags/example_datasets.py
[2023-12-01T22:24:54.602+0000] {processor.py:839} INFO - DAG(s) dict_keys(['dataset_consumes_1', 'dataset_consumes_unknown_never_scheduled', 'dataset_produces_2', 'dataset_produces_1', 'dataset_consumes_1_and_2', 'dataset_consumes_1_never_scheduled']) retrieved from /home/airflow/.local/lib/python3.8/site-packages/airflow/example_dags/example_datasets.py
[2023-12-01T22:24:54.626+0000] {logging_mixin.py:154} INFO - [2023-12-01T22:24:54.626+0000] {dag.py:2941} INFO - Sync 6 DAGs
[2023-12-01T22:24:54.643+0000] {logging_mixin.py:154} INFO - [2023-12-01T22:24:54.643+0000] {dag.py:3722} INFO - Setting next_dagrun for dataset_consumes_1 to None, run_after=None
[2023-12-01T22:24:54.646+0000] {logging_mixin.py:154} INFO - [2023-12-01T22:24:54.646+0000] {dag.py:3722} INFO - Setting next_dagrun for dataset_consumes_1_and_2 to None, run_after=None
[2023-12-01T22:24:54.647+0000] {logging_mixin.py:154} INFO - [2023-12-01T22:24:54.647+0000] {dag.py:3722} INFO - Setting next_dagrun for dataset_consumes_1_never_scheduled to None, run_after=None
[2023-12-01T22:24:54.648+0000] {logging_mixin.py:154} INFO - [2023-12-01T22:24:54.648+0000] {dag.py:3722} INFO - Setting next_dagrun for dataset_consumes_unknown_never_scheduled to None, run_after=None
[2023-12-01T22:24:54.651+0000] {logging_mixin.py:154} INFO - [2023-12-01T22:24:54.651+0000] {dag.py:3722} INFO - Setting next_dagrun for dataset_produces_1 to 2023-11-30T00:00:00+00:00, run_after=2023-12-01T00:00:00+00:00
[2023-12-01T22:24:54.652+0000] {logging_mixin.py:154} INFO - [2023-12-01T22:24:54.652+0000] {dag.py:3722} INFO - Setting next_dagrun for dataset_produces_2 to None, run_after=None
[2023-12-01T22:24:54.674+0000] {processor.py:179} INFO - Processing /home/airflow/.local/lib/python3.8/site-packages/airflow/example_dags/example_datasets.py took 0.083 seconds
[2023-12-01T22:25:24.696+0000] {processor.py:157} INFO - Started process (PID=482) to work on /home/airflow/.local/lib/python3.8/site-packages/airflow/example_dags/example_datasets.py
[2023-12-01T22:25:24.697+0000] {processor.py:829} INFO - Processing file /home/airflow/.local/lib/python3.8/site-packages/airflow/example_dags/example_datasets.py for tasks to queue
[2023-12-01T22:25:24.698+0000] {logging_mixin.py:154} INFO - [2023-12-01T22:25:24.698+0000] {dagbag.py:536} INFO - Filling up the DagBag from /home/airflow/.local/lib/python3.8/site-packages/airflow/example_dags/example_datasets.py
[2023-12-01T22:25:24.704+0000] {processor.py:839} INFO - DAG(s) dict_keys(['dataset_consumes_unknown_never_scheduled', 'dataset_consumes_1_and_2', 'dataset_consumes_1', 'dataset_consumes_1_never_scheduled', 'dataset_produces_2', 'dataset_produces_1']) retrieved from /home/airflow/.local/lib/python3.8/site-packages/airflow/example_dags/example_datasets.py
[2023-12-01T22:25:24.728+0000] {logging_mixin.py:154} INFO - [2023-12-01T22:25:24.728+0000] {dag.py:2941} INFO - Sync 6 DAGs
[2023-12-01T22:25:24.743+0000] {logging_mixin.py:154} INFO - [2023-12-01T22:25:24.743+0000] {dag.py:3722} INFO - Setting next_dagrun for dataset_consumes_1 to None, run_after=None
[2023-12-01T22:25:24.747+0000] {logging_mixin.py:154} INFO - [2023-12-01T22:25:24.747+0000] {dag.py:3722} INFO - Setting next_dagrun for dataset_consumes_1_and_2 to None, run_after=None
[2023-12-01T22:25:24.748+0000] {logging_mixin.py:154} INFO - [2023-12-01T22:25:24.748+0000] {dag.py:3722} INFO - Setting next_dagrun for dataset_consumes_1_never_scheduled to None, run_after=None
[2023-12-01T22:25:24.749+0000] {logging_mixin.py:154} INFO - [2023-12-01T22:25:24.749+0000] {dag.py:3722} INFO - Setting next_dagrun for dataset_consumes_unknown_never_scheduled to None, run_after=None
[2023-12-01T22:25:24.751+0000] {logging_mixin.py:154} INFO - [2023-12-01T22:25:24.751+0000] {dag.py:3722} INFO - Setting next_dagrun for dataset_produces_1 to 2023-11-30T00:00:00+00:00, run_after=2023-12-01T00:00:00+00:00
[2023-12-01T22:25:24.753+0000] {logging_mixin.py:154} INFO - [2023-12-01T22:25:24.753+0000] {dag.py:3722} INFO - Setting next_dagrun for dataset_produces_2 to None, run_after=None
[2023-12-01T22:25:24.776+0000] {processor.py:179} INFO - Processing /home/airflow/.local/lib/python3.8/site-packages/airflow/example_dags/example_datasets.py took 0.083 seconds
[2023-12-01T22:25:54.848+0000] {processor.py:157} INFO - Started process (PID=536) to work on /home/airflow/.local/lib/python3.8/site-packages/airflow/example_dags/example_datasets.py
[2023-12-01T22:25:54.848+0000] {processor.py:829} INFO - Processing file /home/airflow/.local/lib/python3.8/site-packages/airflow/example_dags/example_datasets.py for tasks to queue
[2023-12-01T22:25:54.850+0000] {logging_mixin.py:154} INFO - [2023-12-01T22:25:54.850+0000] {dagbag.py:536} INFO - Filling up the DagBag from /home/airflow/.local/lib/python3.8/site-packages/airflow/example_dags/example_datasets.py
[2023-12-01T22:25:54.859+0000] {processor.py:839} INFO - DAG(s) dict_keys(['dataset_consumes_1', 'dataset_produces_1', 'dataset_consumes_1_never_scheduled', 'dataset_consumes_unknown_never_scheduled', 'dataset_produces_2', 'dataset_consumes_1_and_2']) retrieved from /home/airflow/.local/lib/python3.8/site-packages/airflow/example_dags/example_datasets.py
[2023-12-01T22:25:54.887+0000] {logging_mixin.py:154} INFO - [2023-12-01T22:25:54.887+0000] {dag.py:2941} INFO - Sync 6 DAGs
[2023-12-01T22:25:54.904+0000] {logging_mixin.py:154} INFO - [2023-12-01T22:25:54.904+0000] {dag.py:3722} INFO - Setting next_dagrun for dataset_consumes_1 to None, run_after=None
[2023-12-01T22:25:54.906+0000] {logging_mixin.py:154} INFO - [2023-12-01T22:25:54.906+0000] {dag.py:3722} INFO - Setting next_dagrun for dataset_consumes_1_and_2 to None, run_after=None
[2023-12-01T22:25:54.908+0000] {logging_mixin.py:154} INFO - [2023-12-01T22:25:54.907+0000] {dag.py:3722} INFO - Setting next_dagrun for dataset_consumes_1_never_scheduled to None, run_after=None
[2023-12-01T22:25:54.909+0000] {logging_mixin.py:154} INFO - [2023-12-01T22:25:54.908+0000] {dag.py:3722} INFO - Setting next_dagrun for dataset_consumes_unknown_never_scheduled to None, run_after=None
[2023-12-01T22:25:54.911+0000] {logging_mixin.py:154} INFO - [2023-12-01T22:25:54.911+0000] {dag.py:3722} INFO - Setting next_dagrun for dataset_produces_1 to 2023-11-30T00:00:00+00:00, run_after=2023-12-01T00:00:00+00:00
[2023-12-01T22:25:54.912+0000] {logging_mixin.py:154} INFO - [2023-12-01T22:25:54.912+0000] {dag.py:3722} INFO - Setting next_dagrun for dataset_produces_2 to None, run_after=None
[2023-12-01T22:25:54.936+0000] {processor.py:179} INFO - Processing /home/airflow/.local/lib/python3.8/site-packages/airflow/example_dags/example_datasets.py took 0.090 seconds
[2023-12-01T22:26:24.963+0000] {processor.py:157} INFO - Started process (PID=590) to work on /home/airflow/.local/lib/python3.8/site-packages/airflow/example_dags/example_datasets.py
[2023-12-01T22:26:24.963+0000] {processor.py:829} INFO - Processing file /home/airflow/.local/lib/python3.8/site-packages/airflow/example_dags/example_datasets.py for tasks to queue
[2023-12-01T22:26:24.965+0000] {logging_mixin.py:154} INFO - [2023-12-01T22:26:24.965+0000] {dagbag.py:536} INFO - Filling up the DagBag from /home/airflow/.local/lib/python3.8/site-packages/airflow/example_dags/example_datasets.py
[2023-12-01T22:26:24.971+0000] {processor.py:839} INFO - DAG(s) dict_keys(['dataset_produces_1', 'dataset_consumes_1', 'dataset_consumes_1_never_scheduled', 'dataset_consumes_1_and_2', 'dataset_consumes_unknown_never_scheduled', 'dataset_produces_2']) retrieved from /home/airflow/.local/lib/python3.8/site-packages/airflow/example_dags/example_datasets.py
[2023-12-01T22:26:24.996+0000] {logging_mixin.py:154} INFO - [2023-12-01T22:26:24.995+0000] {dag.py:2941} INFO - Sync 6 DAGs
[2023-12-01T22:26:25.012+0000] {logging_mixin.py:154} INFO - [2023-12-01T22:26:25.011+0000] {dag.py:3722} INFO - Setting next_dagrun for dataset_consumes_1 to None, run_after=None
[2023-12-01T22:26:25.014+0000] {logging_mixin.py:154} INFO - [2023-12-01T22:26:25.014+0000] {dag.py:3722} INFO - Setting next_dagrun for dataset_consumes_1_and_2 to None, run_after=None
[2023-12-01T22:26:25.016+0000] {logging_mixin.py:154} INFO - [2023-12-01T22:26:25.016+0000] {dag.py:3722} INFO - Setting next_dagrun for dataset_consumes_1_never_scheduled to None, run_after=None
[2023-12-01T22:26:25.017+0000] {logging_mixin.py:154} INFO - [2023-12-01T22:26:25.017+0000] {dag.py:3722} INFO - Setting next_dagrun for dataset_consumes_unknown_never_scheduled to None, run_after=None
[2023-12-01T22:26:25.019+0000] {logging_mixin.py:154} INFO - [2023-12-01T22:26:25.019+0000] {dag.py:3722} INFO - Setting next_dagrun for dataset_produces_1 to 2023-11-30T00:00:00+00:00, run_after=2023-12-01T00:00:00+00:00
[2023-12-01T22:26:25.021+0000] {logging_mixin.py:154} INFO - [2023-12-01T22:26:25.021+0000] {dag.py:3722} INFO - Setting next_dagrun for dataset_produces_2 to None, run_after=None
[2023-12-01T22:26:25.044+0000] {processor.py:179} INFO - Processing /home/airflow/.local/lib/python3.8/site-packages/airflow/example_dags/example_datasets.py took 0.083 seconds
[2023-12-01T22:26:55.130+0000] {processor.py:157} INFO - Started process (PID=644) to work on /home/airflow/.local/lib/python3.8/site-packages/airflow/example_dags/example_datasets.py
[2023-12-01T22:26:55.130+0000] {processor.py:829} INFO - Processing file /home/airflow/.local/lib/python3.8/site-packages/airflow/example_dags/example_datasets.py for tasks to queue
[2023-12-01T22:26:55.132+0000] {logging_mixin.py:154} INFO - [2023-12-01T22:26:55.132+0000] {dagbag.py:536} INFO - Filling up the DagBag from /home/airflow/.local/lib/python3.8/site-packages/airflow/example_dags/example_datasets.py
[2023-12-01T22:26:55.138+0000] {processor.py:839} INFO - DAG(s) dict_keys(['dataset_consumes_1', 'dataset_consumes_1_and_2', 'dataset_produces_2', 'dataset_consumes_unknown_never_scheduled', 'dataset_consumes_1_never_scheduled', 'dataset_produces_1']) retrieved from /home/airflow/.local/lib/python3.8/site-packages/airflow/example_dags/example_datasets.py
[2023-12-01T22:26:55.166+0000] {logging_mixin.py:154} INFO - [2023-12-01T22:26:55.166+0000] {dag.py:2941} INFO - Sync 6 DAGs
[2023-12-01T22:26:55.182+0000] {logging_mixin.py:154} INFO - [2023-12-01T22:26:55.182+0000] {dag.py:3722} INFO - Setting next_dagrun for dataset_consumes_1 to None, run_after=None
[2023-12-01T22:26:55.184+0000] {logging_mixin.py:154} INFO - [2023-12-01T22:26:55.184+0000] {dag.py:3722} INFO - Setting next_dagrun for dataset_consumes_1_and_2 to None, run_after=None
[2023-12-01T22:26:55.186+0000] {logging_mixin.py:154} INFO - [2023-12-01T22:26:55.185+0000] {dag.py:3722} INFO - Setting next_dagrun for dataset_consumes_1_never_scheduled to None, run_after=None
[2023-12-01T22:26:55.187+0000] {logging_mixin.py:154} INFO - [2023-12-01T22:26:55.187+0000] {dag.py:3722} INFO - Setting next_dagrun for dataset_consumes_unknown_never_scheduled to None, run_after=None
[2023-12-01T22:26:55.189+0000] {logging_mixin.py:154} INFO - [2023-12-01T22:26:55.189+0000] {dag.py:3722} INFO - Setting next_dagrun for dataset_produces_1 to 2023-11-30T00:00:00+00:00, run_after=2023-12-01T00:00:00+00:00
[2023-12-01T22:26:55.190+0000] {logging_mixin.py:154} INFO - [2023-12-01T22:26:55.190+0000] {dag.py:3722} INFO - Setting next_dagrun for dataset_produces_2 to None, run_after=None
[2023-12-01T22:26:55.212+0000] {processor.py:179} INFO - Processing /home/airflow/.local/lib/python3.8/site-packages/airflow/example_dags/example_datasets.py took 0.084 seconds
[2023-12-01T22:27:25.268+0000] {processor.py:157} INFO - Started process (PID=698) to work on /home/airflow/.local/lib/python3.8/site-packages/airflow/example_dags/example_datasets.py
[2023-12-01T22:27:25.268+0000] {processor.py:829} INFO - Processing file /home/airflow/.local/lib/python3.8/site-packages/airflow/example_dags/example_datasets.py for tasks to queue
[2023-12-01T22:27:25.270+0000] {logging_mixin.py:154} INFO - [2023-12-01T22:27:25.270+0000] {dagbag.py:536} INFO - Filling up the DagBag from /home/airflow/.local/lib/python3.8/site-packages/airflow/example_dags/example_datasets.py
[2023-12-01T22:27:25.276+0000] {processor.py:839} INFO - DAG(s) dict_keys(['dataset_produces_1', 'dataset_consumes_unknown_never_scheduled', 'dataset_produces_2', 'dataset_consumes_1_never_scheduled', 'dataset_consumes_1_and_2', 'dataset_consumes_1']) retrieved from /home/airflow/.local/lib/python3.8/site-packages/airflow/example_dags/example_datasets.py
[2023-12-01T22:27:25.303+0000] {logging_mixin.py:154} INFO - [2023-12-01T22:27:25.302+0000] {dag.py:2941} INFO - Sync 6 DAGs
[2023-12-01T22:27:25.320+0000] {logging_mixin.py:154} INFO - [2023-12-01T22:27:25.319+0000] {dag.py:3722} INFO - Setting next_dagrun for dataset_consumes_1 to None, run_after=None
[2023-12-01T22:27:25.323+0000] {logging_mixin.py:154} INFO - [2023-12-01T22:27:25.322+0000] {dag.py:3722} INFO - Setting next_dagrun for dataset_consumes_1_and_2 to None, run_after=None
[2023-12-01T22:27:25.324+0000] {logging_mixin.py:154} INFO - [2023-12-01T22:27:25.324+0000] {dag.py:3722} INFO - Setting next_dagrun for dataset_consumes_1_never_scheduled to None, run_after=None
[2023-12-01T22:27:25.325+0000] {logging_mixin.py:154} INFO - [2023-12-01T22:27:25.325+0000] {dag.py:3722} INFO - Setting next_dagrun for dataset_consumes_unknown_never_scheduled to None, run_after=None
[2023-12-01T22:27:25.327+0000] {logging_mixin.py:154} INFO - [2023-12-01T22:27:25.327+0000] {dag.py:3722} INFO - Setting next_dagrun for dataset_produces_1 to 2023-11-30T00:00:00+00:00, run_after=2023-12-01T00:00:00+00:00
[2023-12-01T22:27:25.328+0000] {logging_mixin.py:154} INFO - [2023-12-01T22:27:25.328+0000] {dag.py:3722} INFO - Setting next_dagrun for dataset_produces_2 to None, run_after=None
[2023-12-01T22:27:25.350+0000] {processor.py:179} INFO - Processing /home/airflow/.local/lib/python3.8/site-packages/airflow/example_dags/example_datasets.py took 0.085 seconds
[2023-12-01T22:27:56.124+0000] {processor.py:157} INFO - Started process (PID=752) to work on /home/airflow/.local/lib/python3.8/site-packages/airflow/example_dags/example_datasets.py
[2023-12-01T22:27:56.125+0000] {processor.py:829} INFO - Processing file /home/airflow/.local/lib/python3.8/site-packages/airflow/example_dags/example_datasets.py for tasks to queue
[2023-12-01T22:27:56.126+0000] {logging_mixin.py:154} INFO - [2023-12-01T22:27:56.126+0000] {dagbag.py:536} INFO - Filling up the DagBag from /home/airflow/.local/lib/python3.8/site-packages/airflow/example_dags/example_datasets.py
[2023-12-01T22:27:56.133+0000] {processor.py:839} INFO - DAG(s) dict_keys(['dataset_produces_2', 'dataset_consumes_1_never_scheduled', 'dataset_consumes_unknown_never_scheduled', 'dataset_produces_1', 'dataset_consumes_1', 'dataset_consumes_1_and_2']) retrieved from /home/airflow/.local/lib/python3.8/site-packages/airflow/example_dags/example_datasets.py
[2023-12-01T22:27:56.159+0000] {logging_mixin.py:154} INFO - [2023-12-01T22:27:56.159+0000] {dag.py:2941} INFO - Sync 6 DAGs
[2023-12-01T22:27:56.175+0000] {logging_mixin.py:154} INFO - [2023-12-01T22:27:56.175+0000] {dag.py:3722} INFO - Setting next_dagrun for dataset_consumes_1 to None, run_after=None
[2023-12-01T22:27:56.179+0000] {logging_mixin.py:154} INFO - [2023-12-01T22:27:56.179+0000] {dag.py:3722} INFO - Setting next_dagrun for dataset_consumes_1_and_2 to None, run_after=None
[2023-12-01T22:27:56.180+0000] {logging_mixin.py:154} INFO - [2023-12-01T22:27:56.180+0000] {dag.py:3722} INFO - Setting next_dagrun for dataset_consumes_1_never_scheduled to None, run_after=None
[2023-12-01T22:27:56.181+0000] {logging_mixin.py:154} INFO - [2023-12-01T22:27:56.181+0000] {dag.py:3722} INFO - Setting next_dagrun for dataset_consumes_unknown_never_scheduled to None, run_after=None
[2023-12-01T22:27:56.184+0000] {logging_mixin.py:154} INFO - [2023-12-01T22:27:56.183+0000] {dag.py:3722} INFO - Setting next_dagrun for dataset_produces_1 to 2023-11-30T00:00:00+00:00, run_after=2023-12-01T00:00:00+00:00
[2023-12-01T22:27:56.185+0000] {logging_mixin.py:154} INFO - [2023-12-01T22:27:56.184+0000] {dag.py:3722} INFO - Setting next_dagrun for dataset_produces_2 to None, run_after=None
[2023-12-01T22:27:56.206+0000] {processor.py:179} INFO - Processing /home/airflow/.local/lib/python3.8/site-packages/airflow/example_dags/example_datasets.py took 0.084 seconds
[2023-12-01T22:28:26.345+0000] {processor.py:157} INFO - Started process (PID=806) to work on /home/airflow/.local/lib/python3.8/site-packages/airflow/example_dags/example_datasets.py
[2023-12-01T22:28:26.346+0000] {processor.py:829} INFO - Processing file /home/airflow/.local/lib/python3.8/site-packages/airflow/example_dags/example_datasets.py for tasks to queue
[2023-12-01T22:28:26.347+0000] {logging_mixin.py:154} INFO - [2023-12-01T22:28:26.347+0000] {dagbag.py:536} INFO - Filling up the DagBag from /home/airflow/.local/lib/python3.8/site-packages/airflow/example_dags/example_datasets.py
[2023-12-01T22:28:26.353+0000] {processor.py:839} INFO - DAG(s) dict_keys(['dataset_produces_2', 'dataset_consumes_1_and_2', 'dataset_consumes_unknown_never_scheduled', 'dataset_produces_1', 'dataset_consumes_1_never_scheduled', 'dataset_consumes_1']) retrieved from /home/airflow/.local/lib/python3.8/site-packages/airflow/example_dags/example_datasets.py
[2023-12-01T22:28:26.376+0000] {logging_mixin.py:154} INFO - [2023-12-01T22:28:26.376+0000] {dag.py:2941} INFO - Sync 6 DAGs
[2023-12-01T22:28:26.392+0000] {logging_mixin.py:154} INFO - [2023-12-01T22:28:26.392+0000] {dag.py:3722} INFO - Setting next_dagrun for dataset_consumes_1 to None, run_after=None
[2023-12-01T22:28:26.394+0000] {logging_mixin.py:154} INFO - [2023-12-01T22:28:26.394+0000] {dag.py:3722} INFO - Setting next_dagrun for dataset_consumes_1_and_2 to None, run_after=None
[2023-12-01T22:28:26.395+0000] {logging_mixin.py:154} INFO - [2023-12-01T22:28:26.395+0000] {dag.py:3722} INFO - Setting next_dagrun for dataset_consumes_1_never_scheduled to None, run_after=None
[2023-12-01T22:28:26.396+0000] {logging_mixin.py:154} INFO - [2023-12-01T22:28:26.396+0000] {dag.py:3722} INFO - Setting next_dagrun for dataset_consumes_unknown_never_scheduled to None, run_after=None
[2023-12-01T22:28:26.398+0000] {logging_mixin.py:154} INFO - [2023-12-01T22:28:26.398+0000] {dag.py:3722} INFO - Setting next_dagrun for dataset_produces_1 to 2023-11-30T00:00:00+00:00, run_after=2023-12-01T00:00:00+00:00
[2023-12-01T22:28:26.400+0000] {logging_mixin.py:154} INFO - [2023-12-01T22:28:26.399+0000] {dag.py:3722} INFO - Setting next_dagrun for dataset_produces_2 to None, run_after=None
[2023-12-01T22:28:26.420+0000] {processor.py:179} INFO - Processing /home/airflow/.local/lib/python3.8/site-packages/airflow/example_dags/example_datasets.py took 0.077 seconds
[2023-12-01T22:28:56.457+0000] {processor.py:157} INFO - Started process (PID=860) to work on /home/airflow/.local/lib/python3.8/site-packages/airflow/example_dags/example_datasets.py
[2023-12-01T22:28:56.458+0000] {processor.py:829} INFO - Processing file /home/airflow/.local/lib/python3.8/site-packages/airflow/example_dags/example_datasets.py for tasks to queue
[2023-12-01T22:28:56.459+0000] {logging_mixin.py:154} INFO - [2023-12-01T22:28:56.459+0000] {dagbag.py:536} INFO - Filling up the DagBag from /home/airflow/.local/lib/python3.8/site-packages/airflow/example_dags/example_datasets.py
[2023-12-01T22:28:56.465+0000] {processor.py:839} INFO - DAG(s) dict_keys(['dataset_consumes_1', 'dataset_consumes_1_and_2', 'dataset_produces_2', 'dataset_consumes_1_never_scheduled', 'dataset_consumes_unknown_never_scheduled', 'dataset_produces_1']) retrieved from /home/airflow/.local/lib/python3.8/site-packages/airflow/example_dags/example_datasets.py
[2023-12-01T22:28:56.489+0000] {logging_mixin.py:154} INFO - [2023-12-01T22:28:56.489+0000] {dag.py:2941} INFO - Sync 6 DAGs
[2023-12-01T22:28:56.505+0000] {logging_mixin.py:154} INFO - [2023-12-01T22:28:56.504+0000] {dag.py:3722} INFO - Setting next_dagrun for dataset_consumes_1 to None, run_after=None
[2023-12-01T22:28:56.507+0000] {logging_mixin.py:154} INFO - [2023-12-01T22:28:56.507+0000] {dag.py:3722} INFO - Setting next_dagrun for dataset_consumes_1_and_2 to None, run_after=None
[2023-12-01T22:28:56.508+0000] {logging_mixin.py:154} INFO - [2023-12-01T22:28:56.508+0000] {dag.py:3722} INFO - Setting next_dagrun for dataset_consumes_1_never_scheduled to None, run_after=None
[2023-12-01T22:28:56.509+0000] {logging_mixin.py:154} INFO - [2023-12-01T22:28:56.509+0000] {dag.py:3722} INFO - Setting next_dagrun for dataset_consumes_unknown_never_scheduled to None, run_after=None
[2023-12-01T22:28:56.511+0000] {logging_mixin.py:154} INFO - [2023-12-01T22:28:56.511+0000] {dag.py:3722} INFO - Setting next_dagrun for dataset_produces_1 to 2023-11-30T00:00:00+00:00, run_after=2023-12-01T00:00:00+00:00
[2023-12-01T22:28:56.512+0000] {logging_mixin.py:154} INFO - [2023-12-01T22:28:56.512+0000] {dag.py:3722} INFO - Setting next_dagrun for dataset_produces_2 to None, run_after=None
[2023-12-01T22:28:56.534+0000] {processor.py:179} INFO - Processing /home/airflow/.local/lib/python3.8/site-packages/airflow/example_dags/example_datasets.py took 0.079 seconds
[2023-12-01T22:29:26.609+0000] {processor.py:157} INFO - Started process (PID=914) to work on /home/airflow/.local/lib/python3.8/site-packages/airflow/example_dags/example_datasets.py
[2023-12-01T22:29:26.610+0000] {processor.py:829} INFO - Processing file /home/airflow/.local/lib/python3.8/site-packages/airflow/example_dags/example_datasets.py for tasks to queue
[2023-12-01T22:29:26.611+0000] {logging_mixin.py:154} INFO - [2023-12-01T22:29:26.611+0000] {dagbag.py:536} INFO - Filling up the DagBag from /home/airflow/.local/lib/python3.8/site-packages/airflow/example_dags/example_datasets.py
[2023-12-01T22:29:26.618+0000] {processor.py:839} INFO - DAG(s) dict_keys(['dataset_consumes_unknown_never_scheduled', 'dataset_consumes_1', 'dataset_produces_2', 'dataset_consumes_1_and_2', 'dataset_produces_1', 'dataset_consumes_1_never_scheduled']) retrieved from /home/airflow/.local/lib/python3.8/site-packages/airflow/example_dags/example_datasets.py
[2023-12-01T22:29:26.643+0000] {logging_mixin.py:154} INFO - [2023-12-01T22:29:26.643+0000] {dag.py:2941} INFO - Sync 6 DAGs
[2023-12-01T22:29:26.659+0000] {logging_mixin.py:154} INFO - [2023-12-01T22:29:26.659+0000] {dag.py:3722} INFO - Setting next_dagrun for dataset_consumes_1 to None, run_after=None
[2023-12-01T22:29:26.661+0000] {logging_mixin.py:154} INFO - [2023-12-01T22:29:26.661+0000] {dag.py:3722} INFO - Setting next_dagrun for dataset_consumes_1_and_2 to None, run_after=None
[2023-12-01T22:29:26.663+0000] {logging_mixin.py:154} INFO - [2023-12-01T22:29:26.663+0000] {dag.py:3722} INFO - Setting next_dagrun for dataset_consumes_1_never_scheduled to None, run_after=None
[2023-12-01T22:29:26.664+0000] {logging_mixin.py:154} INFO - [2023-12-01T22:29:26.664+0000] {dag.py:3722} INFO - Setting next_dagrun for dataset_consumes_unknown_never_scheduled to None, run_after=None
[2023-12-01T22:29:26.666+0000] {logging_mixin.py:154} INFO - [2023-12-01T22:29:26.666+0000] {dag.py:3722} INFO - Setting next_dagrun for dataset_produces_1 to 2023-11-30T00:00:00+00:00, run_after=2023-12-01T00:00:00+00:00
[2023-12-01T22:29:26.667+0000] {logging_mixin.py:154} INFO - [2023-12-01T22:29:26.667+0000] {dag.py:3722} INFO - Setting next_dagrun for dataset_produces_2 to None, run_after=None
[2023-12-01T22:29:26.687+0000] {processor.py:179} INFO - Processing /home/airflow/.local/lib/python3.8/site-packages/airflow/example_dags/example_datasets.py took 0.080 seconds
[2023-12-01T22:29:56.769+0000] {processor.py:157} INFO - Started process (PID=968) to work on /home/airflow/.local/lib/python3.8/site-packages/airflow/example_dags/example_datasets.py
[2023-12-01T22:29:56.770+0000] {processor.py:829} INFO - Processing file /home/airflow/.local/lib/python3.8/site-packages/airflow/example_dags/example_datasets.py for tasks to queue
[2023-12-01T22:29:56.771+0000] {logging_mixin.py:154} INFO - [2023-12-01T22:29:56.771+0000] {dagbag.py:536} INFO - Filling up the DagBag from /home/airflow/.local/lib/python3.8/site-packages/airflow/example_dags/example_datasets.py
[2023-12-01T22:29:56.777+0000] {processor.py:839} INFO - DAG(s) dict_keys(['dataset_consumes_unknown_never_scheduled', 'dataset_consumes_1_and_2', 'dataset_produces_2', 'dataset_consumes_1', 'dataset_produces_1', 'dataset_consumes_1_never_scheduled']) retrieved from /home/airflow/.local/lib/python3.8/site-packages/airflow/example_dags/example_datasets.py
[2023-12-01T22:29:56.803+0000] {logging_mixin.py:154} INFO - [2023-12-01T22:29:56.802+0000] {dag.py:2941} INFO - Sync 6 DAGs
[2023-12-01T22:29:56.819+0000] {logging_mixin.py:154} INFO - [2023-12-01T22:29:56.818+0000] {dag.py:3722} INFO - Setting next_dagrun for dataset_consumes_1 to None, run_after=None
[2023-12-01T22:29:56.822+0000] {logging_mixin.py:154} INFO - [2023-12-01T22:29:56.822+0000] {dag.py:3722} INFO - Setting next_dagrun for dataset_consumes_1_and_2 to None, run_after=None
[2023-12-01T22:29:56.823+0000] {logging_mixin.py:154} INFO - [2023-12-01T22:29:56.823+0000] {dag.py:3722} INFO - Setting next_dagrun for dataset_consumes_1_never_scheduled to None, run_after=None
[2023-12-01T22:29:56.824+0000] {logging_mixin.py:154} INFO - [2023-12-01T22:29:56.824+0000] {dag.py:3722} INFO - Setting next_dagrun for dataset_consumes_unknown_never_scheduled to None, run_after=None
[2023-12-01T22:29:56.826+0000] {logging_mixin.py:154} INFO - [2023-12-01T22:29:56.826+0000] {dag.py:3722} INFO - Setting next_dagrun for dataset_produces_1 to 2023-11-30T00:00:00+00:00, run_after=2023-12-01T00:00:00+00:00
[2023-12-01T22:29:56.827+0000] {logging_mixin.py:154} INFO - [2023-12-01T22:29:56.827+0000] {dag.py:3722} INFO - Setting next_dagrun for dataset_produces_2 to None, run_after=None
[2023-12-01T22:29:56.848+0000] {processor.py:179} INFO - Processing /home/airflow/.local/lib/python3.8/site-packages/airflow/example_dags/example_datasets.py took 0.081 seconds
[2023-12-01T22:30:26.897+0000] {processor.py:157} INFO - Started process (PID=1022) to work on /home/airflow/.local/lib/python3.8/site-packages/airflow/example_dags/example_datasets.py
[2023-12-01T22:30:26.897+0000] {processor.py:829} INFO - Processing file /home/airflow/.local/lib/python3.8/site-packages/airflow/example_dags/example_datasets.py for tasks to queue
[2023-12-01T22:30:26.899+0000] {logging_mixin.py:154} INFO - [2023-12-01T22:30:26.899+0000] {dagbag.py:536} INFO - Filling up the DagBag from /home/airflow/.local/lib/python3.8/site-packages/airflow/example_dags/example_datasets.py
[2023-12-01T22:30:26.905+0000] {processor.py:839} INFO - DAG(s) dict_keys(['dataset_consumes_1_and_2', 'dataset_consumes_1_never_scheduled', 'dataset_consumes_unknown_never_scheduled', 'dataset_produces_2', 'dataset_produces_1', 'dataset_consumes_1']) retrieved from /home/airflow/.local/lib/python3.8/site-packages/airflow/example_dags/example_datasets.py
[2023-12-01T22:30:26.931+0000] {logging_mixin.py:154} INFO - [2023-12-01T22:30:26.931+0000] {dag.py:2941} INFO - Sync 6 DAGs
[2023-12-01T22:30:26.947+0000] {logging_mixin.py:154} INFO - [2023-12-01T22:30:26.947+0000] {dag.py:3722} INFO - Setting next_dagrun for dataset_consumes_1 to None, run_after=None
[2023-12-01T22:30:26.949+0000] {logging_mixin.py:154} INFO - [2023-12-01T22:30:26.949+0000] {dag.py:3722} INFO - Setting next_dagrun for dataset_consumes_1_and_2 to None, run_after=None
[2023-12-01T22:30:26.951+0000] {logging_mixin.py:154} INFO - [2023-12-01T22:30:26.951+0000] {dag.py:3722} INFO - Setting next_dagrun for dataset_consumes_1_never_scheduled to None, run_after=None
[2023-12-01T22:30:26.952+0000] {logging_mixin.py:154} INFO - [2023-12-01T22:30:26.952+0000] {dag.py:3722} INFO - Setting next_dagrun for dataset_consumes_unknown_never_scheduled to None, run_after=None
[2023-12-01T22:30:26.954+0000] {logging_mixin.py:154} INFO - [2023-12-01T22:30:26.954+0000] {dag.py:3722} INFO - Setting next_dagrun for dataset_produces_1 to 2023-11-30T00:00:00+00:00, run_after=2023-12-01T00:00:00+00:00
[2023-12-01T22:30:26.955+0000] {logging_mixin.py:154} INFO - [2023-12-01T22:30:26.955+0000] {dag.py:3722} INFO - Setting next_dagrun for dataset_produces_2 to None, run_after=None
[2023-12-01T22:30:26.977+0000] {processor.py:179} INFO - Processing /home/airflow/.local/lib/python3.8/site-packages/airflow/example_dags/example_datasets.py took 0.082 seconds
[2023-12-01T22:30:57.101+0000] {processor.py:157} INFO - Started process (PID=1076) to work on /home/airflow/.local/lib/python3.8/site-packages/airflow/example_dags/example_datasets.py
[2023-12-01T22:30:57.102+0000] {processor.py:829} INFO - Processing file /home/airflow/.local/lib/python3.8/site-packages/airflow/example_dags/example_datasets.py for tasks to queue
[2023-12-01T22:30:57.104+0000] {logging_mixin.py:154} INFO - [2023-12-01T22:30:57.104+0000] {dagbag.py:536} INFO - Filling up the DagBag from /home/airflow/.local/lib/python3.8/site-packages/airflow/example_dags/example_datasets.py
[2023-12-01T22:30:57.110+0000] {processor.py:839} INFO - DAG(s) dict_keys(['dataset_produces_2', 'dataset_consumes_1_and_2', 'dataset_consumes_unknown_never_scheduled', 'dataset_consumes_1', 'dataset_consumes_1_never_scheduled', 'dataset_produces_1']) retrieved from /home/airflow/.local/lib/python3.8/site-packages/airflow/example_dags/example_datasets.py
[2023-12-01T22:30:57.136+0000] {logging_mixin.py:154} INFO - [2023-12-01T22:30:57.136+0000] {dag.py:2941} INFO - Sync 6 DAGs
[2023-12-01T22:30:57.151+0000] {logging_mixin.py:154} INFO - [2023-12-01T22:30:57.151+0000] {dag.py:3722} INFO - Setting next_dagrun for dataset_consumes_1 to None, run_after=None
[2023-12-01T22:30:57.154+0000] {logging_mixin.py:154} INFO - [2023-12-01T22:30:57.154+0000] {dag.py:3722} INFO - Setting next_dagrun for dataset_consumes_1_and_2 to None, run_after=None
[2023-12-01T22:30:57.155+0000] {logging_mixin.py:154} INFO - [2023-12-01T22:30:57.155+0000] {dag.py:3722} INFO - Setting next_dagrun for dataset_consumes_1_never_scheduled to None, run_after=None
[2023-12-01T22:30:57.156+0000] {logging_mixin.py:154} INFO - [2023-12-01T22:30:57.156+0000] {dag.py:3722} INFO - Setting next_dagrun for dataset_consumes_unknown_never_scheduled to None, run_after=None
[2023-12-01T22:30:57.158+0000] {logging_mixin.py:154} INFO - [2023-12-01T22:30:57.158+0000] {dag.py:3722} INFO - Setting next_dagrun for dataset_produces_1 to 2023-11-30T00:00:00+00:00, run_after=2023-12-01T00:00:00+00:00
[2023-12-01T22:30:57.160+0000] {logging_mixin.py:154} INFO - [2023-12-01T22:30:57.159+0000] {dag.py:3722} INFO - Setting next_dagrun for dataset_produces_2 to None, run_after=None
[2023-12-01T22:30:57.181+0000] {processor.py:179} INFO - Processing /home/airflow/.local/lib/python3.8/site-packages/airflow/example_dags/example_datasets.py took 0.082 seconds
[2023-12-01T22:31:27.314+0000] {processor.py:157} INFO - Started process (PID=1130) to work on /home/airflow/.local/lib/python3.8/site-packages/airflow/example_dags/example_datasets.py
[2023-12-01T22:31:27.315+0000] {processor.py:829} INFO - Processing file /home/airflow/.local/lib/python3.8/site-packages/airflow/example_dags/example_datasets.py for tasks to queue
[2023-12-01T22:31:27.317+0000] {logging_mixin.py:154} INFO - [2023-12-01T22:31:27.317+0000] {dagbag.py:536} INFO - Filling up the DagBag from /home/airflow/.local/lib/python3.8/site-packages/airflow/example_dags/example_datasets.py
[2023-12-01T22:31:27.323+0000] {processor.py:839} INFO - DAG(s) dict_keys(['dataset_consumes_unknown_never_scheduled', 'dataset_consumes_1', 'dataset_consumes_1_and_2', 'dataset_produces_1', 'dataset_consumes_1_never_scheduled', 'dataset_produces_2']) retrieved from /home/airflow/.local/lib/python3.8/site-packages/airflow/example_dags/example_datasets.py
[2023-12-01T22:31:27.348+0000] {logging_mixin.py:154} INFO - [2023-12-01T22:31:27.347+0000] {dag.py:2941} INFO - Sync 6 DAGs
[2023-12-01T22:31:27.364+0000] {logging_mixin.py:154} INFO - [2023-12-01T22:31:27.364+0000] {dag.py:3722} INFO - Setting next_dagrun for dataset_consumes_1 to None, run_after=None
[2023-12-01T22:31:27.367+0000] {logging_mixin.py:154} INFO - [2023-12-01T22:31:27.367+0000] {dag.py:3722} INFO - Setting next_dagrun for dataset_consumes_1_and_2 to None, run_after=None
[2023-12-01T22:31:27.368+0000] {logging_mixin.py:154} INFO - [2023-12-01T22:31:27.368+0000] {dag.py:3722} INFO - Setting next_dagrun for dataset_consumes_1_never_scheduled to None, run_after=None
[2023-12-01T22:31:27.369+0000] {logging_mixin.py:154} INFO - [2023-12-01T22:31:27.369+0000] {dag.py:3722} INFO - Setting next_dagrun for dataset_consumes_unknown_never_scheduled to None, run_after=None
[2023-12-01T22:31:27.372+0000] {logging_mixin.py:154} INFO - [2023-12-01T22:31:27.372+0000] {dag.py:3722} INFO - Setting next_dagrun for dataset_produces_1 to 2023-11-30T00:00:00+00:00, run_after=2023-12-01T00:00:00+00:00
[2023-12-01T22:31:27.373+0000] {logging_mixin.py:154} INFO - [2023-12-01T22:31:27.373+0000] {dag.py:3722} INFO - Setting next_dagrun for dataset_produces_2 to None, run_after=None
[2023-12-01T22:31:27.395+0000] {processor.py:179} INFO - Processing /home/airflow/.local/lib/python3.8/site-packages/airflow/example_dags/example_datasets.py took 0.083 seconds
[2023-12-01T22:31:57.482+0000] {processor.py:157} INFO - Started process (PID=1185) to work on /home/airflow/.local/lib/python3.8/site-packages/airflow/example_dags/example_datasets.py
[2023-12-01T22:31:57.483+0000] {processor.py:829} INFO - Processing file /home/airflow/.local/lib/python3.8/site-packages/airflow/example_dags/example_datasets.py for tasks to queue
[2023-12-01T22:31:57.485+0000] {logging_mixin.py:154} INFO - [2023-12-01T22:31:57.485+0000] {dagbag.py:536} INFO - Filling up the DagBag from /home/airflow/.local/lib/python3.8/site-packages/airflow/example_dags/example_datasets.py
[2023-12-01T22:31:57.491+0000] {processor.py:839} INFO - DAG(s) dict_keys(['dataset_consumes_1_never_scheduled', 'dataset_consumes_unknown_never_scheduled', 'dataset_consumes_1_and_2', 'dataset_produces_1', 'dataset_consumes_1', 'dataset_produces_2']) retrieved from /home/airflow/.local/lib/python3.8/site-packages/airflow/example_dags/example_datasets.py
[2023-12-01T22:31:57.515+0000] {logging_mixin.py:154} INFO - [2023-12-01T22:31:57.514+0000] {dag.py:2941} INFO - Sync 6 DAGs
[2023-12-01T22:31:57.531+0000] {logging_mixin.py:154} INFO - [2023-12-01T22:31:57.531+0000] {dag.py:3722} INFO - Setting next_dagrun for dataset_consumes_1 to None, run_after=None
[2023-12-01T22:31:57.535+0000] {logging_mixin.py:154} INFO - [2023-12-01T22:31:57.535+0000] {dag.py:3722} INFO - Setting next_dagrun for dataset_consumes_1_and_2 to None, run_after=None
[2023-12-01T22:31:57.536+0000] {logging_mixin.py:154} INFO - [2023-12-01T22:31:57.536+0000] {dag.py:3722} INFO - Setting next_dagrun for dataset_consumes_1_never_scheduled to None, run_after=None
[2023-12-01T22:31:57.537+0000] {logging_mixin.py:154} INFO - [2023-12-01T22:31:57.537+0000] {dag.py:3722} INFO - Setting next_dagrun for dataset_consumes_unknown_never_scheduled to None, run_after=None
[2023-12-01T22:31:57.540+0000] {logging_mixin.py:154} INFO - [2023-12-01T22:31:57.540+0000] {dag.py:3722} INFO - Setting next_dagrun for dataset_produces_1 to 2023-11-30T00:00:00+00:00, run_after=2023-12-01T00:00:00+00:00
[2023-12-01T22:31:57.541+0000] {logging_mixin.py:154} INFO - [2023-12-01T22:31:57.541+0000] {dag.py:3722} INFO - Setting next_dagrun for dataset_produces_2 to None, run_after=None
[2023-12-01T22:31:57.564+0000] {processor.py:179} INFO - Processing /home/airflow/.local/lib/python3.8/site-packages/airflow/example_dags/example_datasets.py took 0.084 seconds
[2023-12-01T22:32:27.638+0000] {processor.py:157} INFO - Started process (PID=1240) to work on /home/airflow/.local/lib/python3.8/site-packages/airflow/example_dags/example_datasets.py
[2023-12-01T22:32:27.639+0000] {processor.py:829} INFO - Processing file /home/airflow/.local/lib/python3.8/site-packages/airflow/example_dags/example_datasets.py for tasks to queue
[2023-12-01T22:32:27.640+0000] {logging_mixin.py:154} INFO - [2023-12-01T22:32:27.640+0000] {dagbag.py:536} INFO - Filling up the DagBag from /home/airflow/.local/lib/python3.8/site-packages/airflow/example_dags/example_datasets.py
[2023-12-01T22:32:27.647+0000] {processor.py:839} INFO - DAG(s) dict_keys(['dataset_consumes_1', 'dataset_consumes_unknown_never_scheduled', 'dataset_consumes_1_never_scheduled', 'dataset_consumes_1_and_2', 'dataset_produces_2', 'dataset_produces_1']) retrieved from /home/airflow/.local/lib/python3.8/site-packages/airflow/example_dags/example_datasets.py
[2023-12-01T22:32:27.672+0000] {logging_mixin.py:154} INFO - [2023-12-01T22:32:27.672+0000] {dag.py:2941} INFO - Sync 6 DAGs
[2023-12-01T22:32:27.688+0000] {logging_mixin.py:154} INFO - [2023-12-01T22:32:27.688+0000] {dag.py:3722} INFO - Setting next_dagrun for dataset_consumes_1 to None, run_after=None
[2023-12-01T22:32:27.690+0000] {logging_mixin.py:154} INFO - [2023-12-01T22:32:27.690+0000] {dag.py:3722} INFO - Setting next_dagrun for dataset_consumes_1_and_2 to None, run_after=None
[2023-12-01T22:32:27.691+0000] {logging_mixin.py:154} INFO - [2023-12-01T22:32:27.691+0000] {dag.py:3722} INFO - Setting next_dagrun for dataset_consumes_1_never_scheduled to None, run_after=None
[2023-12-01T22:32:27.693+0000] {logging_mixin.py:154} INFO - [2023-12-01T22:32:27.692+0000] {dag.py:3722} INFO - Setting next_dagrun for dataset_consumes_unknown_never_scheduled to None, run_after=None
[2023-12-01T22:32:27.695+0000] {logging_mixin.py:154} INFO - [2023-12-01T22:32:27.695+0000] {dag.py:3722} INFO - Setting next_dagrun for dataset_produces_1 to 2023-11-30T00:00:00+00:00, run_after=2023-12-01T00:00:00+00:00
[2023-12-01T22:32:27.697+0000] {logging_mixin.py:154} INFO - [2023-12-01T22:32:27.696+0000] {dag.py:3722} INFO - Setting next_dagrun for dataset_produces_2 to None, run_after=None
[2023-12-01T22:32:27.720+0000] {processor.py:179} INFO - Processing /home/airflow/.local/lib/python3.8/site-packages/airflow/example_dags/example_datasets.py took 0.084 seconds
[2023-12-01T22:32:57.877+0000] {processor.py:157} INFO - Started process (PID=1292) to work on /home/airflow/.local/lib/python3.8/site-packages/airflow/example_dags/example_datasets.py
[2023-12-01T22:32:57.878+0000] {processor.py:829} INFO - Processing file /home/airflow/.local/lib/python3.8/site-packages/airflow/example_dags/example_datasets.py for tasks to queue
[2023-12-01T22:32:57.880+0000] {logging_mixin.py:154} INFO - [2023-12-01T22:32:57.880+0000] {dagbag.py:536} INFO - Filling up the DagBag from /home/airflow/.local/lib/python3.8/site-packages/airflow/example_dags/example_datasets.py
[2023-12-01T22:32:57.888+0000] {processor.py:839} INFO - DAG(s) dict_keys(['dataset_consumes_1_and_2', 'dataset_consumes_1', 'dataset_produces_2', 'dataset_consumes_unknown_never_scheduled', 'dataset_produces_1', 'dataset_consumes_1_never_scheduled']) retrieved from /home/airflow/.local/lib/python3.8/site-packages/airflow/example_dags/example_datasets.py
[2023-12-01T22:32:57.926+0000] {logging_mixin.py:154} INFO - [2023-12-01T22:32:57.926+0000] {dag.py:2941} INFO - Sync 6 DAGs
[2023-12-01T22:32:57.945+0000] {logging_mixin.py:154} INFO - [2023-12-01T22:32:57.945+0000] {dag.py:3722} INFO - Setting next_dagrun for dataset_consumes_1 to None, run_after=None
[2023-12-01T22:32:57.948+0000] {logging_mixin.py:154} INFO - [2023-12-01T22:32:57.947+0000] {dag.py:3722} INFO - Setting next_dagrun for dataset_consumes_1_and_2 to None, run_after=None
[2023-12-01T22:32:57.949+0000] {logging_mixin.py:154} INFO - [2023-12-01T22:32:57.949+0000] {dag.py:3722} INFO - Setting next_dagrun for dataset_consumes_1_never_scheduled to None, run_after=None
[2023-12-01T22:32:57.950+0000] {logging_mixin.py:154} INFO - [2023-12-01T22:32:57.950+0000] {dag.py:3722} INFO - Setting next_dagrun for dataset_consumes_unknown_never_scheduled to None, run_after=None
[2023-12-01T22:32:57.953+0000] {logging_mixin.py:154} INFO - [2023-12-01T22:32:57.953+0000] {dag.py:3722} INFO - Setting next_dagrun for dataset_produces_1 to 2023-11-30T00:00:00+00:00, run_after=2023-12-01T00:00:00+00:00
[2023-12-01T22:32:57.954+0000] {logging_mixin.py:154} INFO - [2023-12-01T22:32:57.954+0000] {dag.py:3722} INFO - Setting next_dagrun for dataset_produces_2 to None, run_after=None
[2023-12-01T22:32:57.982+0000] {processor.py:179} INFO - Processing /home/airflow/.local/lib/python3.8/site-packages/airflow/example_dags/example_datasets.py took 0.107 seconds
[2023-12-01T22:33:28.146+0000] {processor.py:157} INFO - Started process (PID=1347) to work on /home/airflow/.local/lib/python3.8/site-packages/airflow/example_dags/example_datasets.py
[2023-12-01T22:33:28.148+0000] {processor.py:829} INFO - Processing file /home/airflow/.local/lib/python3.8/site-packages/airflow/example_dags/example_datasets.py for tasks to queue
[2023-12-01T22:33:28.150+0000] {logging_mixin.py:154} INFO - [2023-12-01T22:33:28.150+0000] {dagbag.py:536} INFO - Filling up the DagBag from /home/airflow/.local/lib/python3.8/site-packages/airflow/example_dags/example_datasets.py
[2023-12-01T22:33:28.158+0000] {processor.py:839} INFO - DAG(s) dict_keys(['dataset_consumes_1_never_scheduled', 'dataset_produces_2', 'dataset_consumes_1_and_2', 'dataset_consumes_1', 'dataset_produces_1', 'dataset_consumes_unknown_never_scheduled']) retrieved from /home/airflow/.local/lib/python3.8/site-packages/airflow/example_dags/example_datasets.py
[2023-12-01T22:33:28.186+0000] {logging_mixin.py:154} INFO - [2023-12-01T22:33:28.186+0000] {dag.py:2941} INFO - Sync 6 DAGs
[2023-12-01T22:33:28.206+0000] {logging_mixin.py:154} INFO - [2023-12-01T22:33:28.205+0000] {dag.py:3722} INFO - Setting next_dagrun for dataset_consumes_1 to None, run_after=None
[2023-12-01T22:33:28.209+0000] {logging_mixin.py:154} INFO - [2023-12-01T22:33:28.209+0000] {dag.py:3722} INFO - Setting next_dagrun for dataset_consumes_1_and_2 to None, run_after=None
[2023-12-01T22:33:28.211+0000] {logging_mixin.py:154} INFO - [2023-12-01T22:33:28.211+0000] {dag.py:3722} INFO - Setting next_dagrun for dataset_consumes_1_never_scheduled to None, run_after=None
[2023-12-01T22:33:28.212+0000] {logging_mixin.py:154} INFO - [2023-12-01T22:33:28.212+0000] {dag.py:3722} INFO - Setting next_dagrun for dataset_consumes_unknown_never_scheduled to None, run_after=None
[2023-12-01T22:33:28.215+0000] {logging_mixin.py:154} INFO - [2023-12-01T22:33:28.215+0000] {dag.py:3722} INFO - Setting next_dagrun for dataset_produces_1 to 2023-11-30T00:00:00+00:00, run_after=2023-12-01T00:00:00+00:00
[2023-12-01T22:33:28.218+0000] {logging_mixin.py:154} INFO - [2023-12-01T22:33:28.218+0000] {dag.py:3722} INFO - Setting next_dagrun for dataset_produces_2 to None, run_after=None
[2023-12-01T22:33:28.247+0000] {processor.py:179} INFO - Processing /home/airflow/.local/lib/python3.8/site-packages/airflow/example_dags/example_datasets.py took 0.103 seconds
[2023-12-01T22:33:58.452+0000] {processor.py:157} INFO - Started process (PID=1401) to work on /home/airflow/.local/lib/python3.8/site-packages/airflow/example_dags/example_datasets.py
[2023-12-01T22:33:58.453+0000] {processor.py:829} INFO - Processing file /home/airflow/.local/lib/python3.8/site-packages/airflow/example_dags/example_datasets.py for tasks to queue
[2023-12-01T22:33:58.455+0000] {logging_mixin.py:154} INFO - [2023-12-01T22:33:58.455+0000] {dagbag.py:536} INFO - Filling up the DagBag from /home/airflow/.local/lib/python3.8/site-packages/airflow/example_dags/example_datasets.py
[2023-12-01T22:33:58.462+0000] {processor.py:839} INFO - DAG(s) dict_keys(['dataset_produces_2', 'dataset_consumes_unknown_never_scheduled', 'dataset_produces_1', 'dataset_consumes_1_and_2', 'dataset_consumes_1_never_scheduled', 'dataset_consumes_1']) retrieved from /home/airflow/.local/lib/python3.8/site-packages/airflow/example_dags/example_datasets.py
[2023-12-01T22:33:58.491+0000] {logging_mixin.py:154} INFO - [2023-12-01T22:33:58.491+0000] {dag.py:2941} INFO - Sync 6 DAGs
[2023-12-01T22:33:58.508+0000] {logging_mixin.py:154} INFO - [2023-12-01T22:33:58.507+0000] {dag.py:3722} INFO - Setting next_dagrun for dataset_consumes_1 to None, run_after=None
[2023-12-01T22:33:58.510+0000] {logging_mixin.py:154} INFO - [2023-12-01T22:33:58.510+0000] {dag.py:3722} INFO - Setting next_dagrun for dataset_consumes_1_and_2 to None, run_after=None
[2023-12-01T22:33:58.512+0000] {logging_mixin.py:154} INFO - [2023-12-01T22:33:58.512+0000] {dag.py:3722} INFO - Setting next_dagrun for dataset_consumes_1_never_scheduled to None, run_after=None
[2023-12-01T22:33:58.513+0000] {logging_mixin.py:154} INFO - [2023-12-01T22:33:58.513+0000] {dag.py:3722} INFO - Setting next_dagrun for dataset_consumes_unknown_never_scheduled to None, run_after=None
[2023-12-01T22:33:58.516+0000] {logging_mixin.py:154} INFO - [2023-12-01T22:33:58.516+0000] {dag.py:3722} INFO - Setting next_dagrun for dataset_produces_1 to 2023-11-30T00:00:00+00:00, run_after=2023-12-01T00:00:00+00:00
[2023-12-01T22:33:58.517+0000] {logging_mixin.py:154} INFO - [2023-12-01T22:33:58.517+0000] {dag.py:3722} INFO - Setting next_dagrun for dataset_produces_2 to None, run_after=None
[2023-12-01T22:33:58.540+0000] {processor.py:179} INFO - Processing /home/airflow/.local/lib/python3.8/site-packages/airflow/example_dags/example_datasets.py took 0.090 seconds
[2023-12-01T22:34:28.857+0000] {processor.py:157} INFO - Started process (PID=1455) to work on /home/airflow/.local/lib/python3.8/site-packages/airflow/example_dags/example_datasets.py
[2023-12-01T22:34:28.858+0000] {processor.py:829} INFO - Processing file /home/airflow/.local/lib/python3.8/site-packages/airflow/example_dags/example_datasets.py for tasks to queue
[2023-12-01T22:34:28.860+0000] {logging_mixin.py:154} INFO - [2023-12-01T22:34:28.860+0000] {dagbag.py:536} INFO - Filling up the DagBag from /home/airflow/.local/lib/python3.8/site-packages/airflow/example_dags/example_datasets.py
[2023-12-01T22:34:28.871+0000] {processor.py:839} INFO - DAG(s) dict_keys(['dataset_produces_2', 'dataset_consumes_unknown_never_scheduled', 'dataset_consumes_1_never_scheduled', 'dataset_produces_1', 'dataset_consumes_1_and_2', 'dataset_consumes_1']) retrieved from /home/airflow/.local/lib/python3.8/site-packages/airflow/example_dags/example_datasets.py
[2023-12-01T22:34:28.903+0000] {logging_mixin.py:154} INFO - [2023-12-01T22:34:28.903+0000] {dag.py:2941} INFO - Sync 6 DAGs
[2023-12-01T22:34:28.926+0000] {logging_mixin.py:154} INFO - [2023-12-01T22:34:28.926+0000] {dag.py:3722} INFO - Setting next_dagrun for dataset_consumes_1 to None, run_after=None
[2023-12-01T22:34:28.929+0000] {logging_mixin.py:154} INFO - [2023-12-01T22:34:28.929+0000] {dag.py:3722} INFO - Setting next_dagrun for dataset_consumes_1_and_2 to None, run_after=None
[2023-12-01T22:34:28.931+0000] {logging_mixin.py:154} INFO - [2023-12-01T22:34:28.931+0000] {dag.py:3722} INFO - Setting next_dagrun for dataset_consumes_1_never_scheduled to None, run_after=None
[2023-12-01T22:34:28.932+0000] {logging_mixin.py:154} INFO - [2023-12-01T22:34:28.932+0000] {dag.py:3722} INFO - Setting next_dagrun for dataset_consumes_unknown_never_scheduled to None, run_after=None
[2023-12-01T22:34:28.935+0000] {logging_mixin.py:154} INFO - [2023-12-01T22:34:28.935+0000] {dag.py:3722} INFO - Setting next_dagrun for dataset_produces_1 to 2023-11-30T00:00:00+00:00, run_after=2023-12-01T00:00:00+00:00
[2023-12-01T22:34:28.936+0000] {logging_mixin.py:154} INFO - [2023-12-01T22:34:28.936+0000] {dag.py:3722} INFO - Setting next_dagrun for dataset_produces_2 to None, run_after=None
[2023-12-01T22:34:28.968+0000] {processor.py:179} INFO - Processing /home/airflow/.local/lib/python3.8/site-packages/airflow/example_dags/example_datasets.py took 0.114 seconds
[2023-12-01T22:34:59.527+0000] {processor.py:157} INFO - Started process (PID=1509) to work on /home/airflow/.local/lib/python3.8/site-packages/airflow/example_dags/example_datasets.py
[2023-12-01T22:34:59.528+0000] {processor.py:829} INFO - Processing file /home/airflow/.local/lib/python3.8/site-packages/airflow/example_dags/example_datasets.py for tasks to queue
[2023-12-01T22:34:59.530+0000] {logging_mixin.py:154} INFO - [2023-12-01T22:34:59.529+0000] {dagbag.py:536} INFO - Filling up the DagBag from /home/airflow/.local/lib/python3.8/site-packages/airflow/example_dags/example_datasets.py
[2023-12-01T22:34:59.537+0000] {processor.py:839} INFO - DAG(s) dict_keys(['dataset_consumes_1_and_2', 'dataset_produces_2', 'dataset_produces_1', 'dataset_consumes_unknown_never_scheduled', 'dataset_consumes_1_never_scheduled', 'dataset_consumes_1']) retrieved from /home/airflow/.local/lib/python3.8/site-packages/airflow/example_dags/example_datasets.py
[2023-12-01T22:34:59.575+0000] {logging_mixin.py:154} INFO - [2023-12-01T22:34:59.575+0000] {dag.py:2941} INFO - Sync 6 DAGs
[2023-12-01T22:34:59.594+0000] {logging_mixin.py:154} INFO - [2023-12-01T22:34:59.594+0000] {dag.py:3722} INFO - Setting next_dagrun for dataset_consumes_1 to None, run_after=None
[2023-12-01T22:34:59.600+0000] {logging_mixin.py:154} INFO - [2023-12-01T22:34:59.599+0000] {dag.py:3722} INFO - Setting next_dagrun for dataset_consumes_1_and_2 to None, run_after=None
[2023-12-01T22:34:59.601+0000] {logging_mixin.py:154} INFO - [2023-12-01T22:34:59.601+0000] {dag.py:3722} INFO - Setting next_dagrun for dataset_consumes_1_never_scheduled to None, run_after=None
[2023-12-01T22:34:59.603+0000] {logging_mixin.py:154} INFO - [2023-12-01T22:34:59.603+0000] {dag.py:3722} INFO - Setting next_dagrun for dataset_consumes_unknown_never_scheduled to None, run_after=None
[2023-12-01T22:34:59.605+0000] {logging_mixin.py:154} INFO - [2023-12-01T22:34:59.605+0000] {dag.py:3722} INFO - Setting next_dagrun for dataset_produces_1 to 2023-11-30T00:00:00+00:00, run_after=2023-12-01T00:00:00+00:00
[2023-12-01T22:34:59.607+0000] {logging_mixin.py:154} INFO - [2023-12-01T22:34:59.607+0000] {dag.py:3722} INFO - Setting next_dagrun for dataset_produces_2 to None, run_after=None
[2023-12-01T22:34:59.634+0000] {processor.py:179} INFO - Processing /home/airflow/.local/lib/python3.8/site-packages/airflow/example_dags/example_datasets.py took 0.109 seconds
[2023-12-01T22:35:29.944+0000] {processor.py:157} INFO - Started process (PID=1563) to work on /home/airflow/.local/lib/python3.8/site-packages/airflow/example_dags/example_datasets.py
[2023-12-01T22:35:29.945+0000] {processor.py:829} INFO - Processing file /home/airflow/.local/lib/python3.8/site-packages/airflow/example_dags/example_datasets.py for tasks to queue
[2023-12-01T22:35:29.946+0000] {logging_mixin.py:154} INFO - [2023-12-01T22:35:29.946+0000] {dagbag.py:536} INFO - Filling up the DagBag from /home/airflow/.local/lib/python3.8/site-packages/airflow/example_dags/example_datasets.py
[2023-12-01T22:35:29.953+0000] {processor.py:839} INFO - DAG(s) dict_keys(['dataset_consumes_1_never_scheduled', 'dataset_consumes_unknown_never_scheduled', 'dataset_produces_1', 'dataset_produces_2', 'dataset_consumes_1_and_2', 'dataset_consumes_1']) retrieved from /home/airflow/.local/lib/python3.8/site-packages/airflow/example_dags/example_datasets.py
[2023-12-01T22:35:29.991+0000] {logging_mixin.py:154} INFO - [2023-12-01T22:35:29.991+0000] {dag.py:2941} INFO - Sync 6 DAGs
[2023-12-01T22:35:30.011+0000] {logging_mixin.py:154} INFO - [2023-12-01T22:35:30.010+0000] {dag.py:3722} INFO - Setting next_dagrun for dataset_consumes_1 to None, run_after=None
[2023-12-01T22:35:30.015+0000] {logging_mixin.py:154} INFO - [2023-12-01T22:35:30.015+0000] {dag.py:3722} INFO - Setting next_dagrun for dataset_consumes_1_and_2 to None, run_after=None
[2023-12-01T22:35:30.018+0000] {logging_mixin.py:154} INFO - [2023-12-01T22:35:30.017+0000] {dag.py:3722} INFO - Setting next_dagrun for dataset_consumes_1_never_scheduled to None, run_after=None
[2023-12-01T22:35:30.020+0000] {logging_mixin.py:154} INFO - [2023-12-01T22:35:30.019+0000] {dag.py:3722} INFO - Setting next_dagrun for dataset_consumes_unknown_never_scheduled to None, run_after=None
[2023-12-01T22:35:30.022+0000] {logging_mixin.py:154} INFO - [2023-12-01T22:35:30.022+0000] {dag.py:3722} INFO - Setting next_dagrun for dataset_produces_1 to 2023-11-30T00:00:00+00:00, run_after=2023-12-01T00:00:00+00:00
[2023-12-01T22:35:30.024+0000] {logging_mixin.py:154} INFO - [2023-12-01T22:35:30.023+0000] {dag.py:3722} INFO - Setting next_dagrun for dataset_produces_2 to None, run_after=None
[2023-12-01T22:35:30.049+0000] {processor.py:179} INFO - Processing /home/airflow/.local/lib/python3.8/site-packages/airflow/example_dags/example_datasets.py took 0.108 seconds
[2023-12-01T22:38:28.929+0000] {processor.py:157} INFO - Started process (PID=49) to work on /home/airflow/.local/lib/python3.8/site-packages/airflow/example_dags/example_datasets.py
[2023-12-01T22:38:28.931+0000] {processor.py:829} INFO - Processing file /home/airflow/.local/lib/python3.8/site-packages/airflow/example_dags/example_datasets.py for tasks to queue
[2023-12-01T22:38:28.932+0000] {logging_mixin.py:154} INFO - [2023-12-01T22:38:28.932+0000] {dagbag.py:536} INFO - Filling up the DagBag from /home/airflow/.local/lib/python3.8/site-packages/airflow/example_dags/example_datasets.py
[2023-12-01T22:38:28.945+0000] {processor.py:839} INFO - DAG(s) dict_keys(['dataset_consumes_1', 'dataset_produces_1', 'dataset_consumes_1_and_2', 'dataset_consumes_unknown_never_scheduled', 'dataset_produces_2', 'dataset_consumes_1_never_scheduled']) retrieved from /home/airflow/.local/lib/python3.8/site-packages/airflow/example_dags/example_datasets.py
[2023-12-01T22:38:28.962+0000] {logging_mixin.py:154} INFO - [2023-12-01T22:38:28.961+0000] {dag.py:2941} INFO - Sync 6 DAGs
[2023-12-01T22:38:28.988+0000] {logging_mixin.py:154} INFO - [2023-12-01T22:38:28.988+0000] {dag.py:3722} INFO - Setting next_dagrun for dataset_consumes_1 to None, run_after=None
[2023-12-01T22:38:28.994+0000] {logging_mixin.py:154} INFO - [2023-12-01T22:38:28.993+0000] {dag.py:3722} INFO - Setting next_dagrun for dataset_consumes_1_and_2 to None, run_after=None
[2023-12-01T22:38:28.996+0000] {logging_mixin.py:154} INFO - [2023-12-01T22:38:28.996+0000] {dag.py:3722} INFO - Setting next_dagrun for dataset_consumes_1_never_scheduled to None, run_after=None
[2023-12-01T22:38:28.999+0000] {logging_mixin.py:154} INFO - [2023-12-01T22:38:28.998+0000] {dag.py:3722} INFO - Setting next_dagrun for dataset_consumes_unknown_never_scheduled to None, run_after=None
[2023-12-01T22:38:29.003+0000] {logging_mixin.py:154} INFO - [2023-12-01T22:38:29.002+0000] {dag.py:3722} INFO - Setting next_dagrun for dataset_produces_1 to 2023-11-30T00:00:00+00:00, run_after=2023-12-01T00:00:00+00:00
[2023-12-01T22:38:29.005+0000] {logging_mixin.py:154} INFO - [2023-12-01T22:38:29.005+0000] {dag.py:3722} INFO - Setting next_dagrun for dataset_produces_2 to None, run_after=None
[2023-12-01T22:38:29.045+0000] {processor.py:179} INFO - Processing /home/airflow/.local/lib/python3.8/site-packages/airflow/example_dags/example_datasets.py took 0.118 seconds
[2023-12-01T22:38:59.887+0000] {processor.py:157} INFO - Started process (PID=103) to work on /home/airflow/.local/lib/python3.8/site-packages/airflow/example_dags/example_datasets.py
[2023-12-01T22:38:59.888+0000] {processor.py:829} INFO - Processing file /home/airflow/.local/lib/python3.8/site-packages/airflow/example_dags/example_datasets.py for tasks to queue
[2023-12-01T22:38:59.890+0000] {logging_mixin.py:154} INFO - [2023-12-01T22:38:59.890+0000] {dagbag.py:536} INFO - Filling up the DagBag from /home/airflow/.local/lib/python3.8/site-packages/airflow/example_dags/example_datasets.py
[2023-12-01T22:38:59.897+0000] {processor.py:839} INFO - DAG(s) dict_keys(['dataset_consumes_1', 'dataset_consumes_1_never_scheduled', 'dataset_produces_2', 'dataset_consumes_1_and_2', 'dataset_produces_1', 'dataset_consumes_unknown_never_scheduled']) retrieved from /home/airflow/.local/lib/python3.8/site-packages/airflow/example_dags/example_datasets.py
[2023-12-01T22:38:59.930+0000] {logging_mixin.py:154} INFO - [2023-12-01T22:38:59.930+0000] {dag.py:2941} INFO - Sync 6 DAGs
[2023-12-01T22:38:59.955+0000] {logging_mixin.py:154} INFO - [2023-12-01T22:38:59.955+0000] {dag.py:3722} INFO - Setting next_dagrun for dataset_consumes_1 to None, run_after=None
[2023-12-01T22:38:59.959+0000] {logging_mixin.py:154} INFO - [2023-12-01T22:38:59.959+0000] {dag.py:3722} INFO - Setting next_dagrun for dataset_consumes_1_and_2 to None, run_after=None
[2023-12-01T22:38:59.961+0000] {logging_mixin.py:154} INFO - [2023-12-01T22:38:59.961+0000] {dag.py:3722} INFO - Setting next_dagrun for dataset_consumes_1_never_scheduled to None, run_after=None
[2023-12-01T22:38:59.963+0000] {logging_mixin.py:154} INFO - [2023-12-01T22:38:59.963+0000] {dag.py:3722} INFO - Setting next_dagrun for dataset_consumes_unknown_never_scheduled to None, run_after=None
[2023-12-01T22:38:59.968+0000] {logging_mixin.py:154} INFO - [2023-12-01T22:38:59.968+0000] {dag.py:3722} INFO - Setting next_dagrun for dataset_produces_1 to 2023-11-30T00:00:00+00:00, run_after=2023-12-01T00:00:00+00:00
[2023-12-01T22:38:59.972+0000] {logging_mixin.py:154} INFO - [2023-12-01T22:38:59.971+0000] {dag.py:3722} INFO - Setting next_dagrun for dataset_produces_2 to None, run_after=None
[2023-12-01T22:39:00.001+0000] {processor.py:179} INFO - Processing /home/airflow/.local/lib/python3.8/site-packages/airflow/example_dags/example_datasets.py took 0.116 seconds
[2023-12-01T22:39:30.368+0000] {processor.py:157} INFO - Started process (PID=157) to work on /home/airflow/.local/lib/python3.8/site-packages/airflow/example_dags/example_datasets.py
[2023-12-01T22:39:30.370+0000] {processor.py:829} INFO - Processing file /home/airflow/.local/lib/python3.8/site-packages/airflow/example_dags/example_datasets.py for tasks to queue
[2023-12-01T22:39:30.372+0000] {logging_mixin.py:154} INFO - [2023-12-01T22:39:30.371+0000] {dagbag.py:536} INFO - Filling up the DagBag from /home/airflow/.local/lib/python3.8/site-packages/airflow/example_dags/example_datasets.py
[2023-12-01T22:39:30.385+0000] {processor.py:839} INFO - DAG(s) dict_keys(['dataset_consumes_1_and_2', 'dataset_consumes_1_never_scheduled', 'dataset_produces_2', 'dataset_consumes_1', 'dataset_produces_1', 'dataset_consumes_unknown_never_scheduled']) retrieved from /home/airflow/.local/lib/python3.8/site-packages/airflow/example_dags/example_datasets.py
[2023-12-01T22:39:30.415+0000] {logging_mixin.py:154} INFO - [2023-12-01T22:39:30.415+0000] {dag.py:2941} INFO - Sync 6 DAGs
[2023-12-01T22:39:30.440+0000] {logging_mixin.py:154} INFO - [2023-12-01T22:39:30.440+0000] {dag.py:3722} INFO - Setting next_dagrun for dataset_consumes_1 to None, run_after=None
[2023-12-01T22:39:30.445+0000] {logging_mixin.py:154} INFO - [2023-12-01T22:39:30.445+0000] {dag.py:3722} INFO - Setting next_dagrun for dataset_consumes_1_and_2 to None, run_after=None
[2023-12-01T22:39:30.447+0000] {logging_mixin.py:154} INFO - [2023-12-01T22:39:30.447+0000] {dag.py:3722} INFO - Setting next_dagrun for dataset_consumes_1_never_scheduled to None, run_after=None
[2023-12-01T22:39:30.449+0000] {logging_mixin.py:154} INFO - [2023-12-01T22:39:30.449+0000] {dag.py:3722} INFO - Setting next_dagrun for dataset_consumes_unknown_never_scheduled to None, run_after=None
[2023-12-01T22:39:30.454+0000] {logging_mixin.py:154} INFO - [2023-12-01T22:39:30.453+0000] {dag.py:3722} INFO - Setting next_dagrun for dataset_produces_1 to 2023-11-30T00:00:00+00:00, run_after=2023-12-01T00:00:00+00:00
[2023-12-01T22:39:30.456+0000] {logging_mixin.py:154} INFO - [2023-12-01T22:39:30.456+0000] {dag.py:3722} INFO - Setting next_dagrun for dataset_produces_2 to None, run_after=None
[2023-12-01T22:39:30.486+0000] {processor.py:179} INFO - Processing /home/airflow/.local/lib/python3.8/site-packages/airflow/example_dags/example_datasets.py took 0.122 seconds
[2023-12-01T22:40:00.864+0000] {processor.py:157} INFO - Started process (PID=211) to work on /home/airflow/.local/lib/python3.8/site-packages/airflow/example_dags/example_datasets.py
[2023-12-01T22:40:00.865+0000] {processor.py:829} INFO - Processing file /home/airflow/.local/lib/python3.8/site-packages/airflow/example_dags/example_datasets.py for tasks to queue
[2023-12-01T22:40:00.867+0000] {logging_mixin.py:154} INFO - [2023-12-01T22:40:00.867+0000] {dagbag.py:536} INFO - Filling up the DagBag from /home/airflow/.local/lib/python3.8/site-packages/airflow/example_dags/example_datasets.py
[2023-12-01T22:40:00.880+0000] {processor.py:839} INFO - DAG(s) dict_keys(['dataset_produces_2', 'dataset_produces_1', 'dataset_consumes_1', 'dataset_consumes_unknown_never_scheduled', 'dataset_consumes_1_and_2', 'dataset_consumes_1_never_scheduled']) retrieved from /home/airflow/.local/lib/python3.8/site-packages/airflow/example_dags/example_datasets.py
[2023-12-01T22:40:00.921+0000] {logging_mixin.py:154} INFO - [2023-12-01T22:40:00.921+0000] {dag.py:2941} INFO - Sync 6 DAGs
[2023-12-01T22:40:00.942+0000] {logging_mixin.py:154} INFO - [2023-12-01T22:40:00.942+0000] {dag.py:3722} INFO - Setting next_dagrun for dataset_consumes_1 to None, run_after=None
[2023-12-01T22:40:00.948+0000] {logging_mixin.py:154} INFO - [2023-12-01T22:40:00.948+0000] {dag.py:3722} INFO - Setting next_dagrun for dataset_consumes_1_and_2 to None, run_after=None
[2023-12-01T22:40:00.950+0000] {logging_mixin.py:154} INFO - [2023-12-01T22:40:00.950+0000] {dag.py:3722} INFO - Setting next_dagrun for dataset_consumes_1_never_scheduled to None, run_after=None
[2023-12-01T22:40:00.952+0000] {logging_mixin.py:154} INFO - [2023-12-01T22:40:00.952+0000] {dag.py:3722} INFO - Setting next_dagrun for dataset_consumes_unknown_never_scheduled to None, run_after=None
[2023-12-01T22:40:00.955+0000] {logging_mixin.py:154} INFO - [2023-12-01T22:40:00.955+0000] {dag.py:3722} INFO - Setting next_dagrun for dataset_produces_1 to 2023-11-30T00:00:00+00:00, run_after=2023-12-01T00:00:00+00:00
[2023-12-01T22:40:00.957+0000] {logging_mixin.py:154} INFO - [2023-12-01T22:40:00.956+0000] {dag.py:3722} INFO - Setting next_dagrun for dataset_produces_2 to None, run_after=None
[2023-12-01T22:40:00.990+0000] {processor.py:179} INFO - Processing /home/airflow/.local/lib/python3.8/site-packages/airflow/example_dags/example_datasets.py took 0.130 seconds
[2023-12-01T22:40:31.244+0000] {processor.py:157} INFO - Started process (PID=265) to work on /home/airflow/.local/lib/python3.8/site-packages/airflow/example_dags/example_datasets.py
[2023-12-01T22:40:31.245+0000] {processor.py:829} INFO - Processing file /home/airflow/.local/lib/python3.8/site-packages/airflow/example_dags/example_datasets.py for tasks to queue
[2023-12-01T22:40:31.247+0000] {logging_mixin.py:154} INFO - [2023-12-01T22:40:31.247+0000] {dagbag.py:536} INFO - Filling up the DagBag from /home/airflow/.local/lib/python3.8/site-packages/airflow/example_dags/example_datasets.py
[2023-12-01T22:40:31.254+0000] {processor.py:839} INFO - DAG(s) dict_keys(['dataset_consumes_1', 'dataset_produces_2', 'dataset_produces_1', 'dataset_consumes_1_never_scheduled', 'dataset_consumes_1_and_2', 'dataset_consumes_unknown_never_scheduled']) retrieved from /home/airflow/.local/lib/python3.8/site-packages/airflow/example_dags/example_datasets.py
[2023-12-01T22:40:31.281+0000] {logging_mixin.py:154} INFO - [2023-12-01T22:40:31.281+0000] {dag.py:2941} INFO - Sync 6 DAGs
[2023-12-01T22:40:31.302+0000] {logging_mixin.py:154} INFO - [2023-12-01T22:40:31.301+0000] {dag.py:3722} INFO - Setting next_dagrun for dataset_consumes_1 to None, run_after=None
[2023-12-01T22:40:31.305+0000] {logging_mixin.py:154} INFO - [2023-12-01T22:40:31.305+0000] {dag.py:3722} INFO - Setting next_dagrun for dataset_consumes_1_and_2 to None, run_after=None
[2023-12-01T22:40:31.306+0000] {logging_mixin.py:154} INFO - [2023-12-01T22:40:31.306+0000] {dag.py:3722} INFO - Setting next_dagrun for dataset_consumes_1_never_scheduled to None, run_after=None
[2023-12-01T22:40:31.308+0000] {logging_mixin.py:154} INFO - [2023-12-01T22:40:31.308+0000] {dag.py:3722} INFO - Setting next_dagrun for dataset_consumes_unknown_never_scheduled to None, run_after=None
[2023-12-01T22:40:31.311+0000] {logging_mixin.py:154} INFO - [2023-12-01T22:40:31.311+0000] {dag.py:3722} INFO - Setting next_dagrun for dataset_produces_1 to 2023-11-30T00:00:00+00:00, run_after=2023-12-01T00:00:00+00:00
[2023-12-01T22:40:31.313+0000] {logging_mixin.py:154} INFO - [2023-12-01T22:40:31.312+0000] {dag.py:3722} INFO - Setting next_dagrun for dataset_produces_2 to None, run_after=None
[2023-12-01T22:40:31.343+0000] {processor.py:179} INFO - Processing /home/airflow/.local/lib/python3.8/site-packages/airflow/example_dags/example_datasets.py took 0.101 seconds
[2023-12-01T22:41:01.929+0000] {processor.py:157} INFO - Started process (PID=319) to work on /home/airflow/.local/lib/python3.8/site-packages/airflow/example_dags/example_datasets.py
[2023-12-01T22:41:01.930+0000] {processor.py:829} INFO - Processing file /home/airflow/.local/lib/python3.8/site-packages/airflow/example_dags/example_datasets.py for tasks to queue
[2023-12-01T22:41:01.931+0000] {logging_mixin.py:154} INFO - [2023-12-01T22:41:01.931+0000] {dagbag.py:536} INFO - Filling up the DagBag from /home/airflow/.local/lib/python3.8/site-packages/airflow/example_dags/example_datasets.py
[2023-12-01T22:41:01.938+0000] {processor.py:839} INFO - DAG(s) dict_keys(['dataset_consumes_1_never_scheduled', 'dataset_produces_1', 'dataset_consumes_unknown_never_scheduled', 'dataset_consumes_1_and_2', 'dataset_produces_2', 'dataset_consumes_1']) retrieved from /home/airflow/.local/lib/python3.8/site-packages/airflow/example_dags/example_datasets.py
[2023-12-01T22:41:01.966+0000] {logging_mixin.py:154} INFO - [2023-12-01T22:41:01.966+0000] {dag.py:2941} INFO - Sync 6 DAGs
[2023-12-01T22:41:01.987+0000] {logging_mixin.py:154} INFO - [2023-12-01T22:41:01.987+0000] {dag.py:3722} INFO - Setting next_dagrun for dataset_consumes_1 to None, run_after=None
[2023-12-01T22:41:01.990+0000] {logging_mixin.py:154} INFO - [2023-12-01T22:41:01.990+0000] {dag.py:3722} INFO - Setting next_dagrun for dataset_consumes_1_and_2 to None, run_after=None
[2023-12-01T22:41:01.991+0000] {logging_mixin.py:154} INFO - [2023-12-01T22:41:01.991+0000] {dag.py:3722} INFO - Setting next_dagrun for dataset_consumes_1_never_scheduled to None, run_after=None
[2023-12-01T22:41:01.992+0000] {logging_mixin.py:154} INFO - [2023-12-01T22:41:01.992+0000] {dag.py:3722} INFO - Setting next_dagrun for dataset_consumes_unknown_never_scheduled to None, run_after=None
[2023-12-01T22:41:01.995+0000] {logging_mixin.py:154} INFO - [2023-12-01T22:41:01.995+0000] {dag.py:3722} INFO - Setting next_dagrun for dataset_produces_1 to 2023-11-30T00:00:00+00:00, run_after=2023-12-01T00:00:00+00:00
[2023-12-01T22:41:01.996+0000] {logging_mixin.py:154} INFO - [2023-12-01T22:41:01.996+0000] {dag.py:3722} INFO - Setting next_dagrun for dataset_produces_2 to None, run_after=None
[2023-12-01T22:41:02.021+0000] {processor.py:179} INFO - Processing /home/airflow/.local/lib/python3.8/site-packages/airflow/example_dags/example_datasets.py took 0.095 seconds
