[2023-12-01T22:13:41.778+0000] {processor.py:157} INFO - Started process (PID=54) to work on /home/airflow/.local/lib/python3.8/site-packages/airflow/example_dags/example_skip_dag.py
[2023-12-01T22:13:41.779+0000] {processor.py:829} INFO - Processing file /home/airflow/.local/lib/python3.8/site-packages/airflow/example_dags/example_skip_dag.py for tasks to queue
[2023-12-01T22:13:41.781+0000] {logging_mixin.py:154} INFO - [2023-12-01T22:13:41.780+0000] {dagbag.py:536} INFO - Filling up the DagBag from /home/airflow/.local/lib/python3.8/site-packages/airflow/example_dags/example_skip_dag.py
[2023-12-01T22:13:41.788+0000] {processor.py:839} INFO - DAG(s) dict_keys(['example_skip_dag']) retrieved from /home/airflow/.local/lib/python3.8/site-packages/airflow/example_dags/example_skip_dag.py
[2023-12-01T22:13:41.807+0000] {logging_mixin.py:154} INFO - [2023-12-01T22:13:41.807+0000] {dag.py:2941} INFO - Sync 1 DAGs
[2023-12-01T22:13:41.830+0000] {logging_mixin.py:154} INFO - [2023-12-01T22:13:41.830+0000] {dag.py:3722} INFO - Setting next_dagrun for example_skip_dag to 2023-11-30T22:13:41.829871+00:00, run_after=2023-12-01T22:13:41.829871+00:00
[2023-12-01T22:13:41.850+0000] {processor.py:179} INFO - Processing /home/airflow/.local/lib/python3.8/site-packages/airflow/example_dags/example_skip_dag.py took 0.075 seconds
[2023-12-01T22:19:41.147+0000] {processor.py:157} INFO - Started process (PID=52) to work on /home/airflow/.local/lib/python3.8/site-packages/airflow/example_dags/example_skip_dag.py
[2023-12-01T22:19:41.148+0000] {processor.py:829} INFO - Processing file /home/airflow/.local/lib/python3.8/site-packages/airflow/example_dags/example_skip_dag.py for tasks to queue
[2023-12-01T22:19:41.149+0000] {logging_mixin.py:154} INFO - [2023-12-01T22:19:41.149+0000] {dagbag.py:536} INFO - Filling up the DagBag from /home/airflow/.local/lib/python3.8/site-packages/airflow/example_dags/example_skip_dag.py
[2023-12-01T22:19:41.156+0000] {processor.py:839} INFO - DAG(s) dict_keys(['example_skip_dag']) retrieved from /home/airflow/.local/lib/python3.8/site-packages/airflow/example_dags/example_skip_dag.py
[2023-12-01T22:19:41.174+0000] {logging_mixin.py:154} INFO - [2023-12-01T22:19:41.174+0000] {dag.py:2941} INFO - Sync 1 DAGs
[2023-12-01T22:19:41.196+0000] {logging_mixin.py:154} INFO - [2023-12-01T22:19:41.196+0000] {dag.py:3722} INFO - Setting next_dagrun for example_skip_dag to 2023-11-30T22:19:41.196403+00:00, run_after=2023-12-01T22:19:41.196403+00:00
[2023-12-01T22:19:41.215+0000] {processor.py:179} INFO - Processing /home/airflow/.local/lib/python3.8/site-packages/airflow/example_dags/example_skip_dag.py took 0.070 seconds
[2023-12-01T22:21:22.298+0000] {processor.py:157} INFO - Started process (PID=53) to work on /home/airflow/.local/lib/python3.8/site-packages/airflow/example_dags/example_skip_dag.py
[2023-12-01T22:21:22.299+0000] {processor.py:829} INFO - Processing file /home/airflow/.local/lib/python3.8/site-packages/airflow/example_dags/example_skip_dag.py for tasks to queue
[2023-12-01T22:21:22.300+0000] {logging_mixin.py:154} INFO - [2023-12-01T22:21:22.300+0000] {dagbag.py:536} INFO - Filling up the DagBag from /home/airflow/.local/lib/python3.8/site-packages/airflow/example_dags/example_skip_dag.py
[2023-12-01T22:21:22.308+0000] {processor.py:839} INFO - DAG(s) dict_keys(['example_skip_dag']) retrieved from /home/airflow/.local/lib/python3.8/site-packages/airflow/example_dags/example_skip_dag.py
[2023-12-01T22:21:22.318+0000] {logging_mixin.py:154} INFO - [2023-12-01T22:21:22.317+0000] {dag.py:2941} INFO - Sync 1 DAGs
[2023-12-01T22:21:22.342+0000] {logging_mixin.py:154} INFO - [2023-12-01T22:21:22.342+0000] {dag.py:3722} INFO - Setting next_dagrun for example_skip_dag to 2023-11-30T22:21:22.342082+00:00, run_after=2023-12-01T22:21:22.342082+00:00
[2023-12-01T22:21:22.360+0000] {processor.py:179} INFO - Processing /home/airflow/.local/lib/python3.8/site-packages/airflow/example_dags/example_skip_dag.py took 0.064 seconds
[2023-12-01T22:21:52.479+0000] {processor.py:157} INFO - Started process (PID=108) to work on /home/airflow/.local/lib/python3.8/site-packages/airflow/example_dags/example_skip_dag.py
[2023-12-01T22:21:52.480+0000] {processor.py:829} INFO - Processing file /home/airflow/.local/lib/python3.8/site-packages/airflow/example_dags/example_skip_dag.py for tasks to queue
[2023-12-01T22:21:52.481+0000] {logging_mixin.py:154} INFO - [2023-12-01T22:21:52.481+0000] {dagbag.py:536} INFO - Filling up the DagBag from /home/airflow/.local/lib/python3.8/site-packages/airflow/example_dags/example_skip_dag.py
[2023-12-01T22:21:52.486+0000] {processor.py:839} INFO - DAG(s) dict_keys(['example_skip_dag']) retrieved from /home/airflow/.local/lib/python3.8/site-packages/airflow/example_dags/example_skip_dag.py
[2023-12-01T22:21:52.511+0000] {logging_mixin.py:154} INFO - [2023-12-01T22:21:52.511+0000] {dag.py:2941} INFO - Sync 1 DAGs
[2023-12-01T22:21:52.545+0000] {logging_mixin.py:154} INFO - [2023-12-01T22:21:52.545+0000] {dag.py:3722} INFO - Setting next_dagrun for example_skip_dag to 2023-11-30T22:21:52.545056+00:00, run_after=2023-12-01T22:21:52.545056+00:00
[2023-12-01T22:21:52.563+0000] {processor.py:179} INFO - Processing /home/airflow/.local/lib/python3.8/site-packages/airflow/example_dags/example_skip_dag.py took 0.086 seconds
[2023-12-01T22:22:22.849+0000] {processor.py:157} INFO - Started process (PID=162) to work on /home/airflow/.local/lib/python3.8/site-packages/airflow/example_dags/example_skip_dag.py
[2023-12-01T22:22:22.850+0000] {processor.py:829} INFO - Processing file /home/airflow/.local/lib/python3.8/site-packages/airflow/example_dags/example_skip_dag.py for tasks to queue
[2023-12-01T22:22:22.851+0000] {logging_mixin.py:154} INFO - [2023-12-01T22:22:22.851+0000] {dagbag.py:536} INFO - Filling up the DagBag from /home/airflow/.local/lib/python3.8/site-packages/airflow/example_dags/example_skip_dag.py
[2023-12-01T22:22:22.858+0000] {processor.py:839} INFO - DAG(s) dict_keys(['example_skip_dag']) retrieved from /home/airflow/.local/lib/python3.8/site-packages/airflow/example_dags/example_skip_dag.py
[2023-12-01T22:22:22.873+0000] {logging_mixin.py:154} INFO - [2023-12-01T22:22:22.873+0000] {dag.py:2941} INFO - Sync 1 DAGs
[2023-12-01T22:22:22.894+0000] {logging_mixin.py:154} INFO - [2023-12-01T22:22:22.894+0000] {dag.py:3722} INFO - Setting next_dagrun for example_skip_dag to 2023-11-30T22:22:22.893833+00:00, run_after=2023-12-01T22:22:22.893833+00:00
[2023-12-01T22:22:22.909+0000] {processor.py:179} INFO - Processing /home/airflow/.local/lib/python3.8/site-packages/airflow/example_dags/example_skip_dag.py took 0.062 seconds
[2023-12-01T22:22:53.103+0000] {processor.py:157} INFO - Started process (PID=215) to work on /home/airflow/.local/lib/python3.8/site-packages/airflow/example_dags/example_skip_dag.py
[2023-12-01T22:22:53.104+0000] {processor.py:829} INFO - Processing file /home/airflow/.local/lib/python3.8/site-packages/airflow/example_dags/example_skip_dag.py for tasks to queue
[2023-12-01T22:22:53.106+0000] {logging_mixin.py:154} INFO - [2023-12-01T22:22:53.106+0000] {dagbag.py:536} INFO - Filling up the DagBag from /home/airflow/.local/lib/python3.8/site-packages/airflow/example_dags/example_skip_dag.py
[2023-12-01T22:22:53.111+0000] {processor.py:839} INFO - DAG(s) dict_keys(['example_skip_dag']) retrieved from /home/airflow/.local/lib/python3.8/site-packages/airflow/example_dags/example_skip_dag.py
[2023-12-01T22:22:53.126+0000] {logging_mixin.py:154} INFO - [2023-12-01T22:22:53.126+0000] {dag.py:2941} INFO - Sync 1 DAGs
[2023-12-01T22:22:53.146+0000] {logging_mixin.py:154} INFO - [2023-12-01T22:22:53.146+0000] {dag.py:3722} INFO - Setting next_dagrun for example_skip_dag to 2023-11-30T22:22:53.145981+00:00, run_after=2023-12-01T22:22:53.145981+00:00
[2023-12-01T22:22:53.160+0000] {processor.py:179} INFO - Processing /home/airflow/.local/lib/python3.8/site-packages/airflow/example_dags/example_skip_dag.py took 0.060 seconds
[2023-12-01T22:23:23.243+0000] {processor.py:157} INFO - Started process (PID=270) to work on /home/airflow/.local/lib/python3.8/site-packages/airflow/example_dags/example_skip_dag.py
[2023-12-01T22:23:23.244+0000] {processor.py:829} INFO - Processing file /home/airflow/.local/lib/python3.8/site-packages/airflow/example_dags/example_skip_dag.py for tasks to queue
[2023-12-01T22:23:23.245+0000] {logging_mixin.py:154} INFO - [2023-12-01T22:23:23.245+0000] {dagbag.py:536} INFO - Filling up the DagBag from /home/airflow/.local/lib/python3.8/site-packages/airflow/example_dags/example_skip_dag.py
[2023-12-01T22:23:23.249+0000] {processor.py:839} INFO - DAG(s) dict_keys(['example_skip_dag']) retrieved from /home/airflow/.local/lib/python3.8/site-packages/airflow/example_dags/example_skip_dag.py
[2023-12-01T22:23:23.263+0000] {logging_mixin.py:154} INFO - [2023-12-01T22:23:23.263+0000] {dag.py:2941} INFO - Sync 1 DAGs
[2023-12-01T22:23:23.278+0000] {logging_mixin.py:154} INFO - [2023-12-01T22:23:23.278+0000] {dag.py:3722} INFO - Setting next_dagrun for example_skip_dag to 2023-11-30T22:23:23.277980+00:00, run_after=2023-12-01T22:23:23.277980+00:00
[2023-12-01T22:23:23.291+0000] {processor.py:179} INFO - Processing /home/airflow/.local/lib/python3.8/site-packages/airflow/example_dags/example_skip_dag.py took 0.050 seconds
[2023-12-01T22:23:53.572+0000] {processor.py:157} INFO - Started process (PID=324) to work on /home/airflow/.local/lib/python3.8/site-packages/airflow/example_dags/example_skip_dag.py
[2023-12-01T22:23:53.572+0000] {processor.py:829} INFO - Processing file /home/airflow/.local/lib/python3.8/site-packages/airflow/example_dags/example_skip_dag.py for tasks to queue
[2023-12-01T22:23:53.574+0000] {logging_mixin.py:154} INFO - [2023-12-01T22:23:53.574+0000] {dagbag.py:536} INFO - Filling up the DagBag from /home/airflow/.local/lib/python3.8/site-packages/airflow/example_dags/example_skip_dag.py
[2023-12-01T22:23:53.579+0000] {processor.py:839} INFO - DAG(s) dict_keys(['example_skip_dag']) retrieved from /home/airflow/.local/lib/python3.8/site-packages/airflow/example_dags/example_skip_dag.py
[2023-12-01T22:23:53.594+0000] {logging_mixin.py:154} INFO - [2023-12-01T22:23:53.593+0000] {dag.py:2941} INFO - Sync 1 DAGs
[2023-12-01T22:23:53.611+0000] {logging_mixin.py:154} INFO - [2023-12-01T22:23:53.611+0000] {dag.py:3722} INFO - Setting next_dagrun for example_skip_dag to 2023-11-30T22:23:53.611038+00:00, run_after=2023-12-01T22:23:53.611038+00:00
[2023-12-01T22:23:53.624+0000] {processor.py:179} INFO - Processing /home/airflow/.local/lib/python3.8/site-packages/airflow/example_dags/example_skip_dag.py took 0.054 seconds
[2023-12-01T22:24:23.819+0000] {processor.py:157} INFO - Started process (PID=378) to work on /home/airflow/.local/lib/python3.8/site-packages/airflow/example_dags/example_skip_dag.py
[2023-12-01T22:24:23.819+0000] {processor.py:829} INFO - Processing file /home/airflow/.local/lib/python3.8/site-packages/airflow/example_dags/example_skip_dag.py for tasks to queue
[2023-12-01T22:24:23.821+0000] {logging_mixin.py:154} INFO - [2023-12-01T22:24:23.821+0000] {dagbag.py:536} INFO - Filling up the DagBag from /home/airflow/.local/lib/python3.8/site-packages/airflow/example_dags/example_skip_dag.py
[2023-12-01T22:24:23.825+0000] {processor.py:839} INFO - DAG(s) dict_keys(['example_skip_dag']) retrieved from /home/airflow/.local/lib/python3.8/site-packages/airflow/example_dags/example_skip_dag.py
[2023-12-01T22:24:23.842+0000] {logging_mixin.py:154} INFO - [2023-12-01T22:24:23.842+0000] {dag.py:2941} INFO - Sync 1 DAGs
[2023-12-01T22:24:23.861+0000] {logging_mixin.py:154} INFO - [2023-12-01T22:24:23.861+0000] {dag.py:3722} INFO - Setting next_dagrun for example_skip_dag to 2023-11-30T22:24:23.861616+00:00, run_after=2023-12-01T22:24:23.861616+00:00
[2023-12-01T22:24:23.875+0000] {processor.py:179} INFO - Processing /home/airflow/.local/lib/python3.8/site-packages/airflow/example_dags/example_skip_dag.py took 0.059 seconds
[2023-12-01T22:24:54.771+0000] {processor.py:157} INFO - Started process (PID=432) to work on /home/airflow/.local/lib/python3.8/site-packages/airflow/example_dags/example_skip_dag.py
[2023-12-01T22:24:54.772+0000] {processor.py:829} INFO - Processing file /home/airflow/.local/lib/python3.8/site-packages/airflow/example_dags/example_skip_dag.py for tasks to queue
[2023-12-01T22:24:54.774+0000] {logging_mixin.py:154} INFO - [2023-12-01T22:24:54.773+0000] {dagbag.py:536} INFO - Filling up the DagBag from /home/airflow/.local/lib/python3.8/site-packages/airflow/example_dags/example_skip_dag.py
[2023-12-01T22:24:54.778+0000] {processor.py:839} INFO - DAG(s) dict_keys(['example_skip_dag']) retrieved from /home/airflow/.local/lib/python3.8/site-packages/airflow/example_dags/example_skip_dag.py
[2023-12-01T22:24:54.794+0000] {logging_mixin.py:154} INFO - [2023-12-01T22:24:54.794+0000] {dag.py:2941} INFO - Sync 1 DAGs
[2023-12-01T22:24:54.811+0000] {logging_mixin.py:154} INFO - [2023-12-01T22:24:54.811+0000] {dag.py:3722} INFO - Setting next_dagrun for example_skip_dag to 2023-11-30T22:24:54.811223+00:00, run_after=2023-12-01T22:24:54.811223+00:00
[2023-12-01T22:24:54.827+0000] {processor.py:179} INFO - Processing /home/airflow/.local/lib/python3.8/site-packages/airflow/example_dags/example_skip_dag.py took 0.058 seconds
[2023-12-01T22:25:24.853+0000] {processor.py:157} INFO - Started process (PID=485) to work on /home/airflow/.local/lib/python3.8/site-packages/airflow/example_dags/example_skip_dag.py
[2023-12-01T22:25:24.854+0000] {processor.py:829} INFO - Processing file /home/airflow/.local/lib/python3.8/site-packages/airflow/example_dags/example_skip_dag.py for tasks to queue
[2023-12-01T22:25:24.856+0000] {logging_mixin.py:154} INFO - [2023-12-01T22:25:24.856+0000] {dagbag.py:536} INFO - Filling up the DagBag from /home/airflow/.local/lib/python3.8/site-packages/airflow/example_dags/example_skip_dag.py
[2023-12-01T22:25:24.860+0000] {processor.py:839} INFO - DAG(s) dict_keys(['example_skip_dag']) retrieved from /home/airflow/.local/lib/python3.8/site-packages/airflow/example_dags/example_skip_dag.py
[2023-12-01T22:25:24.875+0000] {logging_mixin.py:154} INFO - [2023-12-01T22:25:24.875+0000] {dag.py:2941} INFO - Sync 1 DAGs
[2023-12-01T22:25:24.890+0000] {logging_mixin.py:154} INFO - [2023-12-01T22:25:24.890+0000] {dag.py:3722} INFO - Setting next_dagrun for example_skip_dag to 2023-11-30T22:25:24.890237+00:00, run_after=2023-12-01T22:25:24.890237+00:00
[2023-12-01T22:25:24.903+0000] {processor.py:179} INFO - Processing /home/airflow/.local/lib/python3.8/site-packages/airflow/example_dags/example_skip_dag.py took 0.051 seconds
[2023-12-01T22:25:54.957+0000] {processor.py:157} INFO - Started process (PID=539) to work on /home/airflow/.local/lib/python3.8/site-packages/airflow/example_dags/example_skip_dag.py
[2023-12-01T22:25:54.958+0000] {processor.py:829} INFO - Processing file /home/airflow/.local/lib/python3.8/site-packages/airflow/example_dags/example_skip_dag.py for tasks to queue
[2023-12-01T22:25:54.959+0000] {logging_mixin.py:154} INFO - [2023-12-01T22:25:54.959+0000] {dagbag.py:536} INFO - Filling up the DagBag from /home/airflow/.local/lib/python3.8/site-packages/airflow/example_dags/example_skip_dag.py
[2023-12-01T22:25:54.963+0000] {processor.py:839} INFO - DAG(s) dict_keys(['example_skip_dag']) retrieved from /home/airflow/.local/lib/python3.8/site-packages/airflow/example_dags/example_skip_dag.py
[2023-12-01T22:25:54.978+0000] {logging_mixin.py:154} INFO - [2023-12-01T22:25:54.978+0000] {dag.py:2941} INFO - Sync 1 DAGs
[2023-12-01T22:25:54.994+0000] {logging_mixin.py:154} INFO - [2023-12-01T22:25:54.994+0000] {dag.py:3722} INFO - Setting next_dagrun for example_skip_dag to 2023-11-30T22:25:54.994090+00:00, run_after=2023-12-01T22:25:54.994090+00:00
[2023-12-01T22:25:55.008+0000] {processor.py:179} INFO - Processing /home/airflow/.local/lib/python3.8/site-packages/airflow/example_dags/example_skip_dag.py took 0.054 seconds
[2023-12-01T22:26:25.062+0000] {processor.py:157} INFO - Started process (PID=593) to work on /home/airflow/.local/lib/python3.8/site-packages/airflow/example_dags/example_skip_dag.py
[2023-12-01T22:26:25.063+0000] {processor.py:829} INFO - Processing file /home/airflow/.local/lib/python3.8/site-packages/airflow/example_dags/example_skip_dag.py for tasks to queue
[2023-12-01T22:26:25.064+0000] {logging_mixin.py:154} INFO - [2023-12-01T22:26:25.064+0000] {dagbag.py:536} INFO - Filling up the DagBag from /home/airflow/.local/lib/python3.8/site-packages/airflow/example_dags/example_skip_dag.py
[2023-12-01T22:26:25.069+0000] {processor.py:839} INFO - DAG(s) dict_keys(['example_skip_dag']) retrieved from /home/airflow/.local/lib/python3.8/site-packages/airflow/example_dags/example_skip_dag.py
[2023-12-01T22:26:25.083+0000] {logging_mixin.py:154} INFO - [2023-12-01T22:26:25.082+0000] {dag.py:2941} INFO - Sync 1 DAGs
[2023-12-01T22:26:25.099+0000] {logging_mixin.py:154} INFO - [2023-12-01T22:26:25.099+0000] {dag.py:3722} INFO - Setting next_dagrun for example_skip_dag to 2023-11-30T22:26:25.099205+00:00, run_after=2023-12-01T22:26:25.099205+00:00
[2023-12-01T22:26:25.112+0000] {processor.py:179} INFO - Processing /home/airflow/.local/lib/python3.8/site-packages/airflow/example_dags/example_skip_dag.py took 0.052 seconds
[2023-12-01T22:26:55.231+0000] {processor.py:157} INFO - Started process (PID=647) to work on /home/airflow/.local/lib/python3.8/site-packages/airflow/example_dags/example_skip_dag.py
[2023-12-01T22:26:55.232+0000] {processor.py:829} INFO - Processing file /home/airflow/.local/lib/python3.8/site-packages/airflow/example_dags/example_skip_dag.py for tasks to queue
[2023-12-01T22:26:55.233+0000] {logging_mixin.py:154} INFO - [2023-12-01T22:26:55.233+0000] {dagbag.py:536} INFO - Filling up the DagBag from /home/airflow/.local/lib/python3.8/site-packages/airflow/example_dags/example_skip_dag.py
[2023-12-01T22:26:55.237+0000] {processor.py:839} INFO - DAG(s) dict_keys(['example_skip_dag']) retrieved from /home/airflow/.local/lib/python3.8/site-packages/airflow/example_dags/example_skip_dag.py
[2023-12-01T22:26:55.251+0000] {logging_mixin.py:154} INFO - [2023-12-01T22:26:55.251+0000] {dag.py:2941} INFO - Sync 1 DAGs
[2023-12-01T22:26:55.266+0000] {logging_mixin.py:154} INFO - [2023-12-01T22:26:55.265+0000] {dag.py:3722} INFO - Setting next_dagrun for example_skip_dag to 2023-11-30T22:26:55.265753+00:00, run_after=2023-12-01T22:26:55.265753+00:00
[2023-12-01T22:26:55.282+0000] {processor.py:179} INFO - Processing /home/airflow/.local/lib/python3.8/site-packages/airflow/example_dags/example_skip_dag.py took 0.053 seconds
[2023-12-01T22:27:25.450+0000] {processor.py:157} INFO - Started process (PID=702) to work on /home/airflow/.local/lib/python3.8/site-packages/airflow/example_dags/example_skip_dag.py
[2023-12-01T22:27:25.451+0000] {processor.py:829} INFO - Processing file /home/airflow/.local/lib/python3.8/site-packages/airflow/example_dags/example_skip_dag.py for tasks to queue
[2023-12-01T22:27:25.453+0000] {logging_mixin.py:154} INFO - [2023-12-01T22:27:25.452+0000] {dagbag.py:536} INFO - Filling up the DagBag from /home/airflow/.local/lib/python3.8/site-packages/airflow/example_dags/example_skip_dag.py
[2023-12-01T22:27:25.457+0000] {processor.py:839} INFO - DAG(s) dict_keys(['example_skip_dag']) retrieved from /home/airflow/.local/lib/python3.8/site-packages/airflow/example_dags/example_skip_dag.py
[2023-12-01T22:27:25.471+0000] {logging_mixin.py:154} INFO - [2023-12-01T22:27:25.471+0000] {dag.py:2941} INFO - Sync 1 DAGs
[2023-12-01T22:27:25.487+0000] {logging_mixin.py:154} INFO - [2023-12-01T22:27:25.487+0000] {dag.py:3722} INFO - Setting next_dagrun for example_skip_dag to 2023-11-30T22:27:25.486974+00:00, run_after=2023-12-01T22:27:25.486974+00:00
[2023-12-01T22:27:25.500+0000] {processor.py:179} INFO - Processing /home/airflow/.local/lib/python3.8/site-packages/airflow/example_dags/example_skip_dag.py took 0.052 seconds
[2023-12-01T22:27:56.298+0000] {processor.py:157} INFO - Started process (PID=756) to work on /home/airflow/.local/lib/python3.8/site-packages/airflow/example_dags/example_skip_dag.py
[2023-12-01T22:27:56.299+0000] {processor.py:829} INFO - Processing file /home/airflow/.local/lib/python3.8/site-packages/airflow/example_dags/example_skip_dag.py for tasks to queue
[2023-12-01T22:27:56.300+0000] {logging_mixin.py:154} INFO - [2023-12-01T22:27:56.300+0000] {dagbag.py:536} INFO - Filling up the DagBag from /home/airflow/.local/lib/python3.8/site-packages/airflow/example_dags/example_skip_dag.py
[2023-12-01T22:27:56.305+0000] {processor.py:839} INFO - DAG(s) dict_keys(['example_skip_dag']) retrieved from /home/airflow/.local/lib/python3.8/site-packages/airflow/example_dags/example_skip_dag.py
[2023-12-01T22:27:56.319+0000] {logging_mixin.py:154} INFO - [2023-12-01T22:27:56.319+0000] {dag.py:2941} INFO - Sync 1 DAGs
[2023-12-01T22:27:56.334+0000] {logging_mixin.py:154} INFO - [2023-12-01T22:27:56.334+0000] {dag.py:3722} INFO - Setting next_dagrun for example_skip_dag to 2023-11-30T22:27:56.334059+00:00, run_after=2023-12-01T22:27:56.334059+00:00
[2023-12-01T22:27:56.347+0000] {processor.py:179} INFO - Processing /home/airflow/.local/lib/python3.8/site-packages/airflow/example_dags/example_skip_dag.py took 0.052 seconds
[2023-12-01T22:28:26.588+0000] {processor.py:157} INFO - Started process (PID=810) to work on /home/airflow/.local/lib/python3.8/site-packages/airflow/example_dags/example_skip_dag.py
[2023-12-01T22:28:26.589+0000] {processor.py:829} INFO - Processing file /home/airflow/.local/lib/python3.8/site-packages/airflow/example_dags/example_skip_dag.py for tasks to queue
[2023-12-01T22:28:26.591+0000] {logging_mixin.py:154} INFO - [2023-12-01T22:28:26.590+0000] {dagbag.py:536} INFO - Filling up the DagBag from /home/airflow/.local/lib/python3.8/site-packages/airflow/example_dags/example_skip_dag.py
[2023-12-01T22:28:26.595+0000] {processor.py:839} INFO - DAG(s) dict_keys(['example_skip_dag']) retrieved from /home/airflow/.local/lib/python3.8/site-packages/airflow/example_dags/example_skip_dag.py
[2023-12-01T22:28:26.609+0000] {logging_mixin.py:154} INFO - [2023-12-01T22:28:26.609+0000] {dag.py:2941} INFO - Sync 1 DAGs
[2023-12-01T22:28:26.624+0000] {logging_mixin.py:154} INFO - [2023-12-01T22:28:26.624+0000] {dag.py:3722} INFO - Setting next_dagrun for example_skip_dag to 2023-11-30T22:28:26.623939+00:00, run_after=2023-12-01T22:28:26.623939+00:00
[2023-12-01T22:28:26.637+0000] {processor.py:179} INFO - Processing /home/airflow/.local/lib/python3.8/site-packages/airflow/example_dags/example_skip_dag.py took 0.050 seconds
[2023-12-01T22:28:56.705+0000] {processor.py:157} INFO - Started process (PID=864) to work on /home/airflow/.local/lib/python3.8/site-packages/airflow/example_dags/example_skip_dag.py
[2023-12-01T22:28:56.706+0000] {processor.py:829} INFO - Processing file /home/airflow/.local/lib/python3.8/site-packages/airflow/example_dags/example_skip_dag.py for tasks to queue
[2023-12-01T22:28:56.708+0000] {logging_mixin.py:154} INFO - [2023-12-01T22:28:56.708+0000] {dagbag.py:536} INFO - Filling up the DagBag from /home/airflow/.local/lib/python3.8/site-packages/airflow/example_dags/example_skip_dag.py
[2023-12-01T22:28:56.712+0000] {processor.py:839} INFO - DAG(s) dict_keys(['example_skip_dag']) retrieved from /home/airflow/.local/lib/python3.8/site-packages/airflow/example_dags/example_skip_dag.py
[2023-12-01T22:28:56.727+0000] {logging_mixin.py:154} INFO - [2023-12-01T22:28:56.727+0000] {dag.py:2941} INFO - Sync 1 DAGs
[2023-12-01T22:28:56.742+0000] {logging_mixin.py:154} INFO - [2023-12-01T22:28:56.742+0000] {dag.py:3722} INFO - Setting next_dagrun for example_skip_dag to 2023-11-30T22:28:56.742059+00:00, run_after=2023-12-01T22:28:56.742059+00:00
[2023-12-01T22:28:56.754+0000] {processor.py:179} INFO - Processing /home/airflow/.local/lib/python3.8/site-packages/airflow/example_dags/example_skip_dag.py took 0.051 seconds
[2023-12-01T22:29:26.786+0000] {processor.py:157} INFO - Started process (PID=918) to work on /home/airflow/.local/lib/python3.8/site-packages/airflow/example_dags/example_skip_dag.py
[2023-12-01T22:29:26.787+0000] {processor.py:829} INFO - Processing file /home/airflow/.local/lib/python3.8/site-packages/airflow/example_dags/example_skip_dag.py for tasks to queue
[2023-12-01T22:29:26.788+0000] {logging_mixin.py:154} INFO - [2023-12-01T22:29:26.788+0000] {dagbag.py:536} INFO - Filling up the DagBag from /home/airflow/.local/lib/python3.8/site-packages/airflow/example_dags/example_skip_dag.py
[2023-12-01T22:29:26.792+0000] {processor.py:839} INFO - DAG(s) dict_keys(['example_skip_dag']) retrieved from /home/airflow/.local/lib/python3.8/site-packages/airflow/example_dags/example_skip_dag.py
[2023-12-01T22:29:26.806+0000] {logging_mixin.py:154} INFO - [2023-12-01T22:29:26.806+0000] {dag.py:2941} INFO - Sync 1 DAGs
[2023-12-01T22:29:26.822+0000] {logging_mixin.py:154} INFO - [2023-12-01T22:29:26.822+0000] {dag.py:3722} INFO - Setting next_dagrun for example_skip_dag to 2023-11-30T22:29:26.821920+00:00, run_after=2023-12-01T22:29:26.821920+00:00
[2023-12-01T22:29:26.834+0000] {processor.py:179} INFO - Processing /home/airflow/.local/lib/python3.8/site-packages/airflow/example_dags/example_skip_dag.py took 0.050 seconds
[2023-12-01T22:29:56.945+0000] {processor.py:157} INFO - Started process (PID=972) to work on /home/airflow/.local/lib/python3.8/site-packages/airflow/example_dags/example_skip_dag.py
[2023-12-01T22:29:56.946+0000] {processor.py:829} INFO - Processing file /home/airflow/.local/lib/python3.8/site-packages/airflow/example_dags/example_skip_dag.py for tasks to queue
[2023-12-01T22:29:56.947+0000] {logging_mixin.py:154} INFO - [2023-12-01T22:29:56.947+0000] {dagbag.py:536} INFO - Filling up the DagBag from /home/airflow/.local/lib/python3.8/site-packages/airflow/example_dags/example_skip_dag.py
[2023-12-01T22:29:56.951+0000] {processor.py:839} INFO - DAG(s) dict_keys(['example_skip_dag']) retrieved from /home/airflow/.local/lib/python3.8/site-packages/airflow/example_dags/example_skip_dag.py
[2023-12-01T22:29:56.965+0000] {logging_mixin.py:154} INFO - [2023-12-01T22:29:56.965+0000] {dag.py:2941} INFO - Sync 1 DAGs
[2023-12-01T22:29:56.980+0000] {logging_mixin.py:154} INFO - [2023-12-01T22:29:56.980+0000] {dag.py:3722} INFO - Setting next_dagrun for example_skip_dag to 2023-11-30T22:29:56.980636+00:00, run_after=2023-12-01T22:29:56.980636+00:00
[2023-12-01T22:29:56.994+0000] {processor.py:179} INFO - Processing /home/airflow/.local/lib/python3.8/site-packages/airflow/example_dags/example_skip_dag.py took 0.051 seconds
[2023-12-01T22:30:27.073+0000] {processor.py:157} INFO - Started process (PID=1026) to work on /home/airflow/.local/lib/python3.8/site-packages/airflow/example_dags/example_skip_dag.py
[2023-12-01T22:30:27.073+0000] {processor.py:829} INFO - Processing file /home/airflow/.local/lib/python3.8/site-packages/airflow/example_dags/example_skip_dag.py for tasks to queue
[2023-12-01T22:30:27.075+0000] {logging_mixin.py:154} INFO - [2023-12-01T22:30:27.075+0000] {dagbag.py:536} INFO - Filling up the DagBag from /home/airflow/.local/lib/python3.8/site-packages/airflow/example_dags/example_skip_dag.py
[2023-12-01T22:30:27.079+0000] {processor.py:839} INFO - DAG(s) dict_keys(['example_skip_dag']) retrieved from /home/airflow/.local/lib/python3.8/site-packages/airflow/example_dags/example_skip_dag.py
[2023-12-01T22:30:27.094+0000] {logging_mixin.py:154} INFO - [2023-12-01T22:30:27.094+0000] {dag.py:2941} INFO - Sync 1 DAGs
[2023-12-01T22:30:27.109+0000] {logging_mixin.py:154} INFO - [2023-12-01T22:30:27.109+0000] {dag.py:3722} INFO - Setting next_dagrun for example_skip_dag to 2023-11-30T22:30:27.109105+00:00, run_after=2023-12-01T22:30:27.109105+00:00
[2023-12-01T22:30:27.122+0000] {processor.py:179} INFO - Processing /home/airflow/.local/lib/python3.8/site-packages/airflow/example_dags/example_skip_dag.py took 0.051 seconds
[2023-12-01T22:30:57.274+0000] {processor.py:157} INFO - Started process (PID=1080) to work on /home/airflow/.local/lib/python3.8/site-packages/airflow/example_dags/example_skip_dag.py
[2023-12-01T22:30:57.275+0000] {processor.py:829} INFO - Processing file /home/airflow/.local/lib/python3.8/site-packages/airflow/example_dags/example_skip_dag.py for tasks to queue
[2023-12-01T22:30:57.276+0000] {logging_mixin.py:154} INFO - [2023-12-01T22:30:57.276+0000] {dagbag.py:536} INFO - Filling up the DagBag from /home/airflow/.local/lib/python3.8/site-packages/airflow/example_dags/example_skip_dag.py
[2023-12-01T22:30:57.281+0000] {processor.py:839} INFO - DAG(s) dict_keys(['example_skip_dag']) retrieved from /home/airflow/.local/lib/python3.8/site-packages/airflow/example_dags/example_skip_dag.py
[2023-12-01T22:30:57.296+0000] {logging_mixin.py:154} INFO - [2023-12-01T22:30:57.295+0000] {dag.py:2941} INFO - Sync 1 DAGs
[2023-12-01T22:30:57.310+0000] {logging_mixin.py:154} INFO - [2023-12-01T22:30:57.310+0000] {dag.py:3722} INFO - Setting next_dagrun for example_skip_dag to 2023-11-30T22:30:57.310440+00:00, run_after=2023-12-01T22:30:57.310440+00:00
[2023-12-01T22:30:57.323+0000] {processor.py:179} INFO - Processing /home/airflow/.local/lib/python3.8/site-packages/airflow/example_dags/example_skip_dag.py took 0.052 seconds
[2023-12-01T22:31:27.453+0000] {processor.py:157} INFO - Started process (PID=1134) to work on /home/airflow/.local/lib/python3.8/site-packages/airflow/example_dags/example_skip_dag.py
[2023-12-01T22:31:27.454+0000] {processor.py:829} INFO - Processing file /home/airflow/.local/lib/python3.8/site-packages/airflow/example_dags/example_skip_dag.py for tasks to queue
[2023-12-01T22:31:27.455+0000] {logging_mixin.py:154} INFO - [2023-12-01T22:31:27.455+0000] {dagbag.py:536} INFO - Filling up the DagBag from /home/airflow/.local/lib/python3.8/site-packages/airflow/example_dags/example_skip_dag.py
[2023-12-01T22:31:27.459+0000] {processor.py:839} INFO - DAG(s) dict_keys(['example_skip_dag']) retrieved from /home/airflow/.local/lib/python3.8/site-packages/airflow/example_dags/example_skip_dag.py
[2023-12-01T22:31:27.474+0000] {logging_mixin.py:154} INFO - [2023-12-01T22:31:27.474+0000] {dag.py:2941} INFO - Sync 1 DAGs
[2023-12-01T22:31:27.492+0000] {logging_mixin.py:154} INFO - [2023-12-01T22:31:27.492+0000] {dag.py:3722} INFO - Setting next_dagrun for example_skip_dag to 2023-11-30T22:31:27.492437+00:00, run_after=2023-12-01T22:31:27.492437+00:00
[2023-12-01T22:31:27.505+0000] {processor.py:179} INFO - Processing /home/airflow/.local/lib/python3.8/site-packages/airflow/example_dags/example_skip_dag.py took 0.055 seconds
[2023-12-01T22:31:57.582+0000] {processor.py:157} INFO - Started process (PID=1188) to work on /home/airflow/.local/lib/python3.8/site-packages/airflow/example_dags/example_skip_dag.py
[2023-12-01T22:31:57.583+0000] {processor.py:829} INFO - Processing file /home/airflow/.local/lib/python3.8/site-packages/airflow/example_dags/example_skip_dag.py for tasks to queue
[2023-12-01T22:31:57.585+0000] {logging_mixin.py:154} INFO - [2023-12-01T22:31:57.585+0000] {dagbag.py:536} INFO - Filling up the DagBag from /home/airflow/.local/lib/python3.8/site-packages/airflow/example_dags/example_skip_dag.py
[2023-12-01T22:31:57.589+0000] {processor.py:839} INFO - DAG(s) dict_keys(['example_skip_dag']) retrieved from /home/airflow/.local/lib/python3.8/site-packages/airflow/example_dags/example_skip_dag.py
[2023-12-01T22:31:57.604+0000] {logging_mixin.py:154} INFO - [2023-12-01T22:31:57.604+0000] {dag.py:2941} INFO - Sync 1 DAGs
[2023-12-01T22:31:57.623+0000] {logging_mixin.py:154} INFO - [2023-12-01T22:31:57.622+0000] {dag.py:3722} INFO - Setting next_dagrun for example_skip_dag to 2023-11-30T22:31:57.622733+00:00, run_after=2023-12-01T22:31:57.622733+00:00
[2023-12-01T22:31:57.636+0000] {processor.py:179} INFO - Processing /home/airflow/.local/lib/python3.8/site-packages/airflow/example_dags/example_skip_dag.py took 0.056 seconds
[2023-12-01T22:32:27.714+0000] {processor.py:157} INFO - Started process (PID=1242) to work on /home/airflow/.local/lib/python3.8/site-packages/airflow/example_dags/example_skip_dag.py
[2023-12-01T22:32:27.715+0000] {processor.py:829} INFO - Processing file /home/airflow/.local/lib/python3.8/site-packages/airflow/example_dags/example_skip_dag.py for tasks to queue
[2023-12-01T22:32:27.716+0000] {logging_mixin.py:154} INFO - [2023-12-01T22:32:27.716+0000] {dagbag.py:536} INFO - Filling up the DagBag from /home/airflow/.local/lib/python3.8/site-packages/airflow/example_dags/example_skip_dag.py
[2023-12-01T22:32:27.721+0000] {processor.py:839} INFO - DAG(s) dict_keys(['example_skip_dag']) retrieved from /home/airflow/.local/lib/python3.8/site-packages/airflow/example_dags/example_skip_dag.py
[2023-12-01T22:32:27.736+0000] {logging_mixin.py:154} INFO - [2023-12-01T22:32:27.736+0000] {dag.py:2941} INFO - Sync 1 DAGs
[2023-12-01T22:32:27.752+0000] {logging_mixin.py:154} INFO - [2023-12-01T22:32:27.752+0000] {dag.py:3722} INFO - Setting next_dagrun for example_skip_dag to 2023-11-30T22:32:27.752102+00:00, run_after=2023-12-01T22:32:27.752102+00:00
[2023-12-01T22:32:27.765+0000] {processor.py:179} INFO - Processing /home/airflow/.local/lib/python3.8/site-packages/airflow/example_dags/example_skip_dag.py took 0.053 seconds
[2023-12-01T22:32:58.081+0000] {processor.py:157} INFO - Started process (PID=1296) to work on /home/airflow/.local/lib/python3.8/site-packages/airflow/example_dags/example_skip_dag.py
[2023-12-01T22:32:58.082+0000] {processor.py:829} INFO - Processing file /home/airflow/.local/lib/python3.8/site-packages/airflow/example_dags/example_skip_dag.py for tasks to queue
[2023-12-01T22:32:58.084+0000] {logging_mixin.py:154} INFO - [2023-12-01T22:32:58.084+0000] {dagbag.py:536} INFO - Filling up the DagBag from /home/airflow/.local/lib/python3.8/site-packages/airflow/example_dags/example_skip_dag.py
[2023-12-01T22:32:58.089+0000] {processor.py:839} INFO - DAG(s) dict_keys(['example_skip_dag']) retrieved from /home/airflow/.local/lib/python3.8/site-packages/airflow/example_dags/example_skip_dag.py
[2023-12-01T22:32:58.105+0000] {logging_mixin.py:154} INFO - [2023-12-01T22:32:58.105+0000] {dag.py:2941} INFO - Sync 1 DAGs
[2023-12-01T22:32:58.123+0000] {logging_mixin.py:154} INFO - [2023-12-01T22:32:58.123+0000] {dag.py:3722} INFO - Setting next_dagrun for example_skip_dag to 2023-11-30T22:32:58.122795+00:00, run_after=2023-12-01T22:32:58.122795+00:00
[2023-12-01T22:32:58.140+0000] {processor.py:179} INFO - Processing /home/airflow/.local/lib/python3.8/site-packages/airflow/example_dags/example_skip_dag.py took 0.061 seconds
[2023-12-01T22:33:28.346+0000] {processor.py:157} INFO - Started process (PID=1351) to work on /home/airflow/.local/lib/python3.8/site-packages/airflow/example_dags/example_skip_dag.py
[2023-12-01T22:33:28.347+0000] {processor.py:829} INFO - Processing file /home/airflow/.local/lib/python3.8/site-packages/airflow/example_dags/example_skip_dag.py for tasks to queue
[2023-12-01T22:33:28.349+0000] {logging_mixin.py:154} INFO - [2023-12-01T22:33:28.349+0000] {dagbag.py:536} INFO - Filling up the DagBag from /home/airflow/.local/lib/python3.8/site-packages/airflow/example_dags/example_skip_dag.py
[2023-12-01T22:33:28.354+0000] {processor.py:839} INFO - DAG(s) dict_keys(['example_skip_dag']) retrieved from /home/airflow/.local/lib/python3.8/site-packages/airflow/example_dags/example_skip_dag.py
[2023-12-01T22:33:28.371+0000] {logging_mixin.py:154} INFO - [2023-12-01T22:33:28.371+0000] {dag.py:2941} INFO - Sync 1 DAGs
[2023-12-01T22:33:28.390+0000] {logging_mixin.py:154} INFO - [2023-12-01T22:33:28.389+0000] {dag.py:3722} INFO - Setting next_dagrun for example_skip_dag to 2023-11-30T22:33:28.389511+00:00, run_after=2023-12-01T22:33:28.389511+00:00
[2023-12-01T22:33:28.405+0000] {processor.py:179} INFO - Processing /home/airflow/.local/lib/python3.8/site-packages/airflow/example_dags/example_skip_dag.py took 0.061 seconds
[2023-12-01T22:33:58.626+0000] {processor.py:157} INFO - Started process (PID=1405) to work on /home/airflow/.local/lib/python3.8/site-packages/airflow/example_dags/example_skip_dag.py
[2023-12-01T22:33:58.627+0000] {processor.py:829} INFO - Processing file /home/airflow/.local/lib/python3.8/site-packages/airflow/example_dags/example_skip_dag.py for tasks to queue
[2023-12-01T22:33:58.629+0000] {logging_mixin.py:154} INFO - [2023-12-01T22:33:58.629+0000] {dagbag.py:536} INFO - Filling up the DagBag from /home/airflow/.local/lib/python3.8/site-packages/airflow/example_dags/example_skip_dag.py
[2023-12-01T22:33:58.634+0000] {processor.py:839} INFO - DAG(s) dict_keys(['example_skip_dag']) retrieved from /home/airflow/.local/lib/python3.8/site-packages/airflow/example_dags/example_skip_dag.py
[2023-12-01T22:33:58.651+0000] {logging_mixin.py:154} INFO - [2023-12-01T22:33:58.651+0000] {dag.py:2941} INFO - Sync 1 DAGs
[2023-12-01T22:33:58.667+0000] {logging_mixin.py:154} INFO - [2023-12-01T22:33:58.667+0000] {dag.py:3722} INFO - Setting next_dagrun for example_skip_dag to 2023-11-30T22:33:58.667366+00:00, run_after=2023-12-01T22:33:58.667366+00:00
[2023-12-01T22:33:58.685+0000] {processor.py:179} INFO - Processing /home/airflow/.local/lib/python3.8/site-packages/airflow/example_dags/example_skip_dag.py took 0.061 seconds
[2023-12-01T22:34:29.189+0000] {processor.py:157} INFO - Started process (PID=1459) to work on /home/airflow/.local/lib/python3.8/site-packages/airflow/example_dags/example_skip_dag.py
[2023-12-01T22:34:29.190+0000] {processor.py:829} INFO - Processing file /home/airflow/.local/lib/python3.8/site-packages/airflow/example_dags/example_skip_dag.py for tasks to queue
[2023-12-01T22:34:29.191+0000] {logging_mixin.py:154} INFO - [2023-12-01T22:34:29.191+0000] {dagbag.py:536} INFO - Filling up the DagBag from /home/airflow/.local/lib/python3.8/site-packages/airflow/example_dags/example_skip_dag.py
[2023-12-01T22:34:29.197+0000] {processor.py:839} INFO - DAG(s) dict_keys(['example_skip_dag']) retrieved from /home/airflow/.local/lib/python3.8/site-packages/airflow/example_dags/example_skip_dag.py
[2023-12-01T22:34:29.213+0000] {logging_mixin.py:154} INFO - [2023-12-01T22:34:29.213+0000] {dag.py:2941} INFO - Sync 1 DAGs
[2023-12-01T22:34:29.235+0000] {logging_mixin.py:154} INFO - [2023-12-01T22:34:29.235+0000] {dag.py:3722} INFO - Setting next_dagrun for example_skip_dag to 2023-11-30T22:34:29.235120+00:00, run_after=2023-12-01T22:34:29.235120+00:00
[2023-12-01T22:34:29.252+0000] {processor.py:179} INFO - Processing /home/airflow/.local/lib/python3.8/site-packages/airflow/example_dags/example_skip_dag.py took 0.066 seconds
[2023-12-01T22:34:59.734+0000] {processor.py:157} INFO - Started process (PID=1513) to work on /home/airflow/.local/lib/python3.8/site-packages/airflow/example_dags/example_skip_dag.py
[2023-12-01T22:34:59.735+0000] {processor.py:829} INFO - Processing file /home/airflow/.local/lib/python3.8/site-packages/airflow/example_dags/example_skip_dag.py for tasks to queue
[2023-12-01T22:34:59.737+0000] {logging_mixin.py:154} INFO - [2023-12-01T22:34:59.737+0000] {dagbag.py:536} INFO - Filling up the DagBag from /home/airflow/.local/lib/python3.8/site-packages/airflow/example_dags/example_skip_dag.py
[2023-12-01T22:34:59.744+0000] {processor.py:839} INFO - DAG(s) dict_keys(['example_skip_dag']) retrieved from /home/airflow/.local/lib/python3.8/site-packages/airflow/example_dags/example_skip_dag.py
[2023-12-01T22:34:59.767+0000] {logging_mixin.py:154} INFO - [2023-12-01T22:34:59.767+0000] {dag.py:2941} INFO - Sync 1 DAGs
[2023-12-01T22:34:59.795+0000] {logging_mixin.py:154} INFO - [2023-12-01T22:34:59.795+0000] {dag.py:3722} INFO - Setting next_dagrun for example_skip_dag to 2023-11-30T22:34:59.795067+00:00, run_after=2023-12-01T22:34:59.795067+00:00
[2023-12-01T22:34:59.817+0000] {processor.py:179} INFO - Processing /home/airflow/.local/lib/python3.8/site-packages/airflow/example_dags/example_skip_dag.py took 0.086 seconds
[2023-12-01T22:35:30.154+0000] {processor.py:157} INFO - Started process (PID=1567) to work on /home/airflow/.local/lib/python3.8/site-packages/airflow/example_dags/example_skip_dag.py
[2023-12-01T22:35:30.154+0000] {processor.py:829} INFO - Processing file /home/airflow/.local/lib/python3.8/site-packages/airflow/example_dags/example_skip_dag.py for tasks to queue
[2023-12-01T22:35:30.156+0000] {logging_mixin.py:154} INFO - [2023-12-01T22:35:30.156+0000] {dagbag.py:536} INFO - Filling up the DagBag from /home/airflow/.local/lib/python3.8/site-packages/airflow/example_dags/example_skip_dag.py
[2023-12-01T22:35:30.161+0000] {processor.py:839} INFO - DAG(s) dict_keys(['example_skip_dag']) retrieved from /home/airflow/.local/lib/python3.8/site-packages/airflow/example_dags/example_skip_dag.py
[2023-12-01T22:35:30.176+0000] {logging_mixin.py:154} INFO - [2023-12-01T22:35:30.176+0000] {dag.py:2941} INFO - Sync 1 DAGs
[2023-12-01T22:35:30.193+0000] {logging_mixin.py:154} INFO - [2023-12-01T22:35:30.193+0000] {dag.py:3722} INFO - Setting next_dagrun for example_skip_dag to 2023-11-30T22:35:30.193338+00:00, run_after=2023-12-01T22:35:30.193338+00:00
[2023-12-01T22:35:30.208+0000] {processor.py:179} INFO - Processing /home/airflow/.local/lib/python3.8/site-packages/airflow/example_dags/example_skip_dag.py took 0.056 seconds
[2023-12-01T22:38:29.187+0000] {processor.py:157} INFO - Started process (PID=53) to work on /home/airflow/.local/lib/python3.8/site-packages/airflow/example_dags/example_skip_dag.py
[2023-12-01T22:38:29.188+0000] {processor.py:829} INFO - Processing file /home/airflow/.local/lib/python3.8/site-packages/airflow/example_dags/example_skip_dag.py for tasks to queue
[2023-12-01T22:38:29.190+0000] {logging_mixin.py:154} INFO - [2023-12-01T22:38:29.190+0000] {dagbag.py:536} INFO - Filling up the DagBag from /home/airflow/.local/lib/python3.8/site-packages/airflow/example_dags/example_skip_dag.py
[2023-12-01T22:38:29.202+0000] {processor.py:839} INFO - DAG(s) dict_keys(['example_skip_dag']) retrieved from /home/airflow/.local/lib/python3.8/site-packages/airflow/example_dags/example_skip_dag.py
[2023-12-01T22:38:29.223+0000] {logging_mixin.py:154} INFO - [2023-12-01T22:38:29.223+0000] {dag.py:2941} INFO - Sync 1 DAGs
[2023-12-01T22:38:29.251+0000] {logging_mixin.py:154} INFO - [2023-12-01T22:38:29.250+0000] {dag.py:3722} INFO - Setting next_dagrun for example_skip_dag to 2023-11-30T22:38:29.250662+00:00, run_after=2023-12-01T22:38:29.250662+00:00
[2023-12-01T22:38:29.273+0000] {processor.py:179} INFO - Processing /home/airflow/.local/lib/python3.8/site-packages/airflow/example_dags/example_skip_dag.py took 0.089 seconds
[2023-12-01T22:39:00.107+0000] {processor.py:157} INFO - Started process (PID=107) to work on /home/airflow/.local/lib/python3.8/site-packages/airflow/example_dags/example_skip_dag.py
[2023-12-01T22:39:00.108+0000] {processor.py:829} INFO - Processing file /home/airflow/.local/lib/python3.8/site-packages/airflow/example_dags/example_skip_dag.py for tasks to queue
[2023-12-01T22:39:00.110+0000] {logging_mixin.py:154} INFO - [2023-12-01T22:39:00.110+0000] {dagbag.py:536} INFO - Filling up the DagBag from /home/airflow/.local/lib/python3.8/site-packages/airflow/example_dags/example_skip_dag.py
[2023-12-01T22:39:00.115+0000] {processor.py:839} INFO - DAG(s) dict_keys(['example_skip_dag']) retrieved from /home/airflow/.local/lib/python3.8/site-packages/airflow/example_dags/example_skip_dag.py
[2023-12-01T22:39:00.138+0000] {logging_mixin.py:154} INFO - [2023-12-01T22:39:00.138+0000] {dag.py:2941} INFO - Sync 1 DAGs
[2023-12-01T22:39:00.157+0000] {logging_mixin.py:154} INFO - [2023-12-01T22:39:00.156+0000] {dag.py:3722} INFO - Setting next_dagrun for example_skip_dag to 2023-11-30T22:39:00.156693+00:00, run_after=2023-12-01T22:39:00.156693+00:00
[2023-12-01T22:39:00.173+0000] {processor.py:179} INFO - Processing /home/airflow/.local/lib/python3.8/site-packages/airflow/example_dags/example_skip_dag.py took 0.068 seconds
[2023-12-01T22:39:30.605+0000] {processor.py:157} INFO - Started process (PID=161) to work on /home/airflow/.local/lib/python3.8/site-packages/airflow/example_dags/example_skip_dag.py
[2023-12-01T22:39:30.607+0000] {processor.py:829} INFO - Processing file /home/airflow/.local/lib/python3.8/site-packages/airflow/example_dags/example_skip_dag.py for tasks to queue
[2023-12-01T22:39:30.609+0000] {logging_mixin.py:154} INFO - [2023-12-01T22:39:30.609+0000] {dagbag.py:536} INFO - Filling up the DagBag from /home/airflow/.local/lib/python3.8/site-packages/airflow/example_dags/example_skip_dag.py
[2023-12-01T22:39:30.617+0000] {processor.py:839} INFO - DAG(s) dict_keys(['example_skip_dag']) retrieved from /home/airflow/.local/lib/python3.8/site-packages/airflow/example_dags/example_skip_dag.py
[2023-12-01T22:39:30.640+0000] {logging_mixin.py:154} INFO - [2023-12-01T22:39:30.640+0000] {dag.py:2941} INFO - Sync 1 DAGs
[2023-12-01T22:39:30.662+0000] {logging_mixin.py:154} INFO - [2023-12-01T22:39:30.662+0000] {dag.py:3722} INFO - Setting next_dagrun for example_skip_dag to 2023-11-30T22:39:30.662019+00:00, run_after=2023-12-01T22:39:30.662019+00:00
[2023-12-01T22:39:30.682+0000] {processor.py:179} INFO - Processing /home/airflow/.local/lib/python3.8/site-packages/airflow/example_dags/example_skip_dag.py took 0.080 seconds
[2023-12-01T22:40:01.082+0000] {processor.py:157} INFO - Started process (PID=215) to work on /home/airflow/.local/lib/python3.8/site-packages/airflow/example_dags/example_skip_dag.py
[2023-12-01T22:40:01.084+0000] {processor.py:829} INFO - Processing file /home/airflow/.local/lib/python3.8/site-packages/airflow/example_dags/example_skip_dag.py for tasks to queue
[2023-12-01T22:40:01.085+0000] {logging_mixin.py:154} INFO - [2023-12-01T22:40:01.085+0000] {dagbag.py:536} INFO - Filling up the DagBag from /home/airflow/.local/lib/python3.8/site-packages/airflow/example_dags/example_skip_dag.py
[2023-12-01T22:40:01.090+0000] {processor.py:839} INFO - DAG(s) dict_keys(['example_skip_dag']) retrieved from /home/airflow/.local/lib/python3.8/site-packages/airflow/example_dags/example_skip_dag.py
[2023-12-01T22:40:01.117+0000] {logging_mixin.py:154} INFO - [2023-12-01T22:40:01.117+0000] {dag.py:2941} INFO - Sync 1 DAGs
[2023-12-01T22:40:01.134+0000] {logging_mixin.py:154} INFO - [2023-12-01T22:40:01.134+0000] {dag.py:3722} INFO - Setting next_dagrun for example_skip_dag to 2023-11-30T22:40:01.134420+00:00, run_after=2023-12-01T22:40:01.134420+00:00
[2023-12-01T22:40:01.149+0000] {processor.py:179} INFO - Processing /home/airflow/.local/lib/python3.8/site-packages/airflow/example_dags/example_skip_dag.py took 0.068 seconds
[2023-12-01T22:40:31.545+0000] {processor.py:157} INFO - Started process (PID=269) to work on /home/airflow/.local/lib/python3.8/site-packages/airflow/example_dags/example_skip_dag.py
[2023-12-01T22:40:31.546+0000] {processor.py:829} INFO - Processing file /home/airflow/.local/lib/python3.8/site-packages/airflow/example_dags/example_skip_dag.py for tasks to queue
[2023-12-01T22:40:31.548+0000] {logging_mixin.py:154} INFO - [2023-12-01T22:40:31.548+0000] {dagbag.py:536} INFO - Filling up the DagBag from /home/airflow/.local/lib/python3.8/site-packages/airflow/example_dags/example_skip_dag.py
[2023-12-01T22:40:31.554+0000] {processor.py:839} INFO - DAG(s) dict_keys(['example_skip_dag']) retrieved from /home/airflow/.local/lib/python3.8/site-packages/airflow/example_dags/example_skip_dag.py
[2023-12-01T22:40:31.571+0000] {logging_mixin.py:154} INFO - [2023-12-01T22:40:31.570+0000] {dag.py:2941} INFO - Sync 1 DAGs
[2023-12-01T22:40:31.588+0000] {logging_mixin.py:154} INFO - [2023-12-01T22:40:31.588+0000] {dag.py:3722} INFO - Setting next_dagrun for example_skip_dag to 2023-11-30T22:40:31.588105+00:00, run_after=2023-12-01T22:40:31.588105+00:00
[2023-12-01T22:40:31.607+0000] {processor.py:179} INFO - Processing /home/airflow/.local/lib/python3.8/site-packages/airflow/example_dags/example_skip_dag.py took 0.064 seconds
[2023-12-01T22:41:02.094+0000] {processor.py:157} INFO - Started process (PID=323) to work on /home/airflow/.local/lib/python3.8/site-packages/airflow/example_dags/example_skip_dag.py
[2023-12-01T22:41:02.095+0000] {processor.py:829} INFO - Processing file /home/airflow/.local/lib/python3.8/site-packages/airflow/example_dags/example_skip_dag.py for tasks to queue
[2023-12-01T22:41:02.097+0000] {logging_mixin.py:154} INFO - [2023-12-01T22:41:02.096+0000] {dagbag.py:536} INFO - Filling up the DagBag from /home/airflow/.local/lib/python3.8/site-packages/airflow/example_dags/example_skip_dag.py
[2023-12-01T22:41:02.102+0000] {processor.py:839} INFO - DAG(s) dict_keys(['example_skip_dag']) retrieved from /home/airflow/.local/lib/python3.8/site-packages/airflow/example_dags/example_skip_dag.py
[2023-12-01T22:41:02.118+0000] {logging_mixin.py:154} INFO - [2023-12-01T22:41:02.117+0000] {dag.py:2941} INFO - Sync 1 DAGs
[2023-12-01T22:41:02.138+0000] {logging_mixin.py:154} INFO - [2023-12-01T22:41:02.138+0000] {dag.py:3722} INFO - Setting next_dagrun for example_skip_dag to 2023-11-30T22:41:02.138143+00:00, run_after=2023-12-01T22:41:02.138143+00:00
[2023-12-01T22:41:02.155+0000] {processor.py:179} INFO - Processing /home/airflow/.local/lib/python3.8/site-packages/airflow/example_dags/example_skip_dag.py took 0.064 seconds
