[2023-12-01T22:13:43.221+0000] {processor.py:157} INFO - Started process (PID=78) to work on /home/airflow/.local/lib/python3.8/site-packages/airflow/example_dags/example_dag_decorator.py
[2023-12-01T22:13:43.222+0000] {processor.py:829} INFO - Processing file /home/airflow/.local/lib/python3.8/site-packages/airflow/example_dags/example_dag_decorator.py for tasks to queue
[2023-12-01T22:13:43.224+0000] {logging_mixin.py:154} INFO - [2023-12-01T22:13:43.224+0000] {dagbag.py:536} INFO - Filling up the DagBag from /home/airflow/.local/lib/python3.8/site-packages/airflow/example_dags/example_dag_decorator.py
[2023-12-01T22:13:43.311+0000] {processor.py:839} INFO - DAG(s) dict_keys(['example_dag_decorator']) retrieved from /home/airflow/.local/lib/python3.8/site-packages/airflow/example_dags/example_dag_decorator.py
[2023-12-01T22:13:43.397+0000] {logging_mixin.py:154} INFO - [2023-12-01T22:13:43.397+0000] {dag.py:2941} INFO - Sync 1 DAGs
[2023-12-01T22:13:43.407+0000] {logging_mixin.py:154} INFO - [2023-12-01T22:13:43.406+0000] {dag.py:3722} INFO - Setting next_dagrun for example_dag_decorator to None, run_after=None
[2023-12-01T22:13:43.421+0000] {processor.py:179} INFO - Processing /home/airflow/.local/lib/python3.8/site-packages/airflow/example_dags/example_dag_decorator.py took 0.202 seconds
[2023-12-01T22:19:42.328+0000] {processor.py:157} INFO - Started process (PID=76) to work on /home/airflow/.local/lib/python3.8/site-packages/airflow/example_dags/example_dag_decorator.py
[2023-12-01T22:19:42.330+0000] {processor.py:829} INFO - Processing file /home/airflow/.local/lib/python3.8/site-packages/airflow/example_dags/example_dag_decorator.py for tasks to queue
[2023-12-01T22:19:42.333+0000] {logging_mixin.py:154} INFO - [2023-12-01T22:19:42.332+0000] {dagbag.py:536} INFO - Filling up the DagBag from /home/airflow/.local/lib/python3.8/site-packages/airflow/example_dags/example_dag_decorator.py
[2023-12-01T22:19:42.437+0000] {processor.py:839} INFO - DAG(s) dict_keys(['example_dag_decorator']) retrieved from /home/airflow/.local/lib/python3.8/site-packages/airflow/example_dags/example_dag_decorator.py
[2023-12-01T22:19:42.556+0000] {logging_mixin.py:154} INFO - [2023-12-01T22:19:42.556+0000] {dag.py:2941} INFO - Sync 1 DAGs
[2023-12-01T22:19:42.570+0000] {logging_mixin.py:154} INFO - [2023-12-01T22:19:42.569+0000] {dag.py:3722} INFO - Setting next_dagrun for example_dag_decorator to None, run_after=None
[2023-12-01T22:19:42.590+0000] {processor.py:179} INFO - Processing /home/airflow/.local/lib/python3.8/site-packages/airflow/example_dags/example_dag_decorator.py took 0.265 seconds
[2023-12-01T22:21:23.338+0000] {processor.py:157} INFO - Started process (PID=77) to work on /home/airflow/.local/lib/python3.8/site-packages/airflow/example_dags/example_dag_decorator.py
[2023-12-01T22:21:23.340+0000] {processor.py:829} INFO - Processing file /home/airflow/.local/lib/python3.8/site-packages/airflow/example_dags/example_dag_decorator.py for tasks to queue
[2023-12-01T22:21:23.343+0000] {logging_mixin.py:154} INFO - [2023-12-01T22:21:23.343+0000] {dagbag.py:536} INFO - Filling up the DagBag from /home/airflow/.local/lib/python3.8/site-packages/airflow/example_dags/example_dag_decorator.py
[2023-12-01T22:21:23.410+0000] {processor.py:839} INFO - DAG(s) dict_keys(['example_dag_decorator']) retrieved from /home/airflow/.local/lib/python3.8/site-packages/airflow/example_dags/example_dag_decorator.py
[2023-12-01T22:21:23.419+0000] {logging_mixin.py:154} INFO - [2023-12-01T22:21:23.419+0000] {dag.py:2941} INFO - Sync 1 DAGs
[2023-12-01T22:21:23.431+0000] {logging_mixin.py:154} INFO - [2023-12-01T22:21:23.430+0000] {dag.py:3722} INFO - Setting next_dagrun for example_dag_decorator to None, run_after=None
[2023-12-01T22:21:23.450+0000] {processor.py:179} INFO - Processing /home/airflow/.local/lib/python3.8/site-packages/airflow/example_dags/example_dag_decorator.py took 0.117 seconds
[2023-12-01T22:21:53.864+0000] {processor.py:157} INFO - Started process (PID=132) to work on /home/airflow/.local/lib/python3.8/site-packages/airflow/example_dags/example_dag_decorator.py
[2023-12-01T22:21:53.864+0000] {processor.py:829} INFO - Processing file /home/airflow/.local/lib/python3.8/site-packages/airflow/example_dags/example_dag_decorator.py for tasks to queue
[2023-12-01T22:21:53.866+0000] {logging_mixin.py:154} INFO - [2023-12-01T22:21:53.866+0000] {dagbag.py:536} INFO - Filling up the DagBag from /home/airflow/.local/lib/python3.8/site-packages/airflow/example_dags/example_dag_decorator.py
[2023-12-01T22:21:53.929+0000] {processor.py:839} INFO - DAG(s) dict_keys(['example_dag_decorator']) retrieved from /home/airflow/.local/lib/python3.8/site-packages/airflow/example_dags/example_dag_decorator.py
[2023-12-01T22:21:54.013+0000] {logging_mixin.py:154} INFO - [2023-12-01T22:21:54.012+0000] {dag.py:2941} INFO - Sync 1 DAGs
[2023-12-01T22:21:54.023+0000] {logging_mixin.py:154} INFO - [2023-12-01T22:21:54.022+0000] {dag.py:3722} INFO - Setting next_dagrun for example_dag_decorator to None, run_after=None
[2023-12-01T22:21:54.041+0000] {processor.py:179} INFO - Processing /home/airflow/.local/lib/python3.8/site-packages/airflow/example_dags/example_dag_decorator.py took 0.180 seconds
[2023-12-01T22:22:24.156+0000] {processor.py:157} INFO - Started process (PID=187) to work on /home/airflow/.local/lib/python3.8/site-packages/airflow/example_dags/example_dag_decorator.py
[2023-12-01T22:22:24.157+0000] {processor.py:829} INFO - Processing file /home/airflow/.local/lib/python3.8/site-packages/airflow/example_dags/example_dag_decorator.py for tasks to queue
[2023-12-01T22:22:24.158+0000] {logging_mixin.py:154} INFO - [2023-12-01T22:22:24.158+0000] {dagbag.py:536} INFO - Filling up the DagBag from /home/airflow/.local/lib/python3.8/site-packages/airflow/example_dags/example_dag_decorator.py
[2023-12-01T22:22:24.212+0000] {processor.py:839} INFO - DAG(s) dict_keys(['example_dag_decorator']) retrieved from /home/airflow/.local/lib/python3.8/site-packages/airflow/example_dags/example_dag_decorator.py
[2023-12-01T22:22:24.301+0000] {logging_mixin.py:154} INFO - [2023-12-01T22:22:24.301+0000] {dag.py:2941} INFO - Sync 1 DAGs
[2023-12-01T22:22:24.311+0000] {logging_mixin.py:154} INFO - [2023-12-01T22:22:24.311+0000] {dag.py:3722} INFO - Setting next_dagrun for example_dag_decorator to None, run_after=None
[2023-12-01T22:22:24.325+0000] {processor.py:179} INFO - Processing /home/airflow/.local/lib/python3.8/site-packages/airflow/example_dags/example_dag_decorator.py took 0.172 seconds
[2023-12-01T22:22:54.357+0000] {processor.py:157} INFO - Started process (PID=244) to work on /home/airflow/.local/lib/python3.8/site-packages/airflow/example_dags/example_dag_decorator.py
[2023-12-01T22:22:54.358+0000] {processor.py:829} INFO - Processing file /home/airflow/.local/lib/python3.8/site-packages/airflow/example_dags/example_dag_decorator.py for tasks to queue
[2023-12-01T22:22:54.359+0000] {logging_mixin.py:154} INFO - [2023-12-01T22:22:54.359+0000] {dagbag.py:536} INFO - Filling up the DagBag from /home/airflow/.local/lib/python3.8/site-packages/airflow/example_dags/example_dag_decorator.py
[2023-12-01T22:22:54.409+0000] {processor.py:839} INFO - DAG(s) dict_keys(['example_dag_decorator']) retrieved from /home/airflow/.local/lib/python3.8/site-packages/airflow/example_dags/example_dag_decorator.py
[2023-12-01T22:22:54.484+0000] {logging_mixin.py:154} INFO - [2023-12-01T22:22:54.484+0000] {dag.py:2941} INFO - Sync 1 DAGs
[2023-12-01T22:22:54.493+0000] {logging_mixin.py:154} INFO - [2023-12-01T22:22:54.493+0000] {dag.py:3722} INFO - Setting next_dagrun for example_dag_decorator to None, run_after=None
[2023-12-01T22:22:54.508+0000] {processor.py:179} INFO - Processing /home/airflow/.local/lib/python3.8/site-packages/airflow/example_dags/example_dag_decorator.py took 0.153 seconds
[2023-12-01T22:23:25.444+0000] {processor.py:157} INFO - Started process (PID=298) to work on /home/airflow/.local/lib/python3.8/site-packages/airflow/example_dags/example_dag_decorator.py
[2023-12-01T22:23:25.445+0000] {processor.py:829} INFO - Processing file /home/airflow/.local/lib/python3.8/site-packages/airflow/example_dags/example_dag_decorator.py for tasks to queue
[2023-12-01T22:23:25.446+0000] {logging_mixin.py:154} INFO - [2023-12-01T22:23:25.446+0000] {dagbag.py:536} INFO - Filling up the DagBag from /home/airflow/.local/lib/python3.8/site-packages/airflow/example_dags/example_dag_decorator.py
[2023-12-01T22:23:25.495+0000] {processor.py:839} INFO - DAG(s) dict_keys(['example_dag_decorator']) retrieved from /home/airflow/.local/lib/python3.8/site-packages/airflow/example_dags/example_dag_decorator.py
[2023-12-01T22:23:25.567+0000] {logging_mixin.py:154} INFO - [2023-12-01T22:23:25.567+0000] {dag.py:2941} INFO - Sync 1 DAGs
[2023-12-01T22:23:25.574+0000] {logging_mixin.py:154} INFO - [2023-12-01T22:23:25.574+0000] {dag.py:3722} INFO - Setting next_dagrun for example_dag_decorator to None, run_after=None
[2023-12-01T22:23:25.587+0000] {processor.py:179} INFO - Processing /home/airflow/.local/lib/python3.8/site-packages/airflow/example_dags/example_dag_decorator.py took 0.145 seconds
[2023-12-01T22:23:55.639+0000] {processor.py:157} INFO - Started process (PID=353) to work on /home/airflow/.local/lib/python3.8/site-packages/airflow/example_dags/example_dag_decorator.py
[2023-12-01T22:23:55.640+0000] {processor.py:829} INFO - Processing file /home/airflow/.local/lib/python3.8/site-packages/airflow/example_dags/example_dag_decorator.py for tasks to queue
[2023-12-01T22:23:55.641+0000] {logging_mixin.py:154} INFO - [2023-12-01T22:23:55.641+0000] {dagbag.py:536} INFO - Filling up the DagBag from /home/airflow/.local/lib/python3.8/site-packages/airflow/example_dags/example_dag_decorator.py
[2023-12-01T22:23:55.691+0000] {processor.py:839} INFO - DAG(s) dict_keys(['example_dag_decorator']) retrieved from /home/airflow/.local/lib/python3.8/site-packages/airflow/example_dags/example_dag_decorator.py
[2023-12-01T22:23:55.761+0000] {logging_mixin.py:154} INFO - [2023-12-01T22:23:55.761+0000] {dag.py:2941} INFO - Sync 1 DAGs
[2023-12-01T22:23:55.769+0000] {logging_mixin.py:154} INFO - [2023-12-01T22:23:55.768+0000] {dag.py:3722} INFO - Setting next_dagrun for example_dag_decorator to None, run_after=None
[2023-12-01T22:23:55.781+0000] {processor.py:179} INFO - Processing /home/airflow/.local/lib/python3.8/site-packages/airflow/example_dags/example_dag_decorator.py took 0.145 seconds
[2023-12-01T22:24:25.947+0000] {processor.py:157} INFO - Started process (PID=406) to work on /home/airflow/.local/lib/python3.8/site-packages/airflow/example_dags/example_dag_decorator.py
[2023-12-01T22:24:25.948+0000] {processor.py:829} INFO - Processing file /home/airflow/.local/lib/python3.8/site-packages/airflow/example_dags/example_dag_decorator.py for tasks to queue
[2023-12-01T22:24:25.949+0000] {logging_mixin.py:154} INFO - [2023-12-01T22:24:25.949+0000] {dagbag.py:536} INFO - Filling up the DagBag from /home/airflow/.local/lib/python3.8/site-packages/airflow/example_dags/example_dag_decorator.py
[2023-12-01T22:24:25.996+0000] {processor.py:839} INFO - DAG(s) dict_keys(['example_dag_decorator']) retrieved from /home/airflow/.local/lib/python3.8/site-packages/airflow/example_dags/example_dag_decorator.py
[2023-12-01T22:24:26.066+0000] {logging_mixin.py:154} INFO - [2023-12-01T22:24:26.066+0000] {dag.py:2941} INFO - Sync 1 DAGs
[2023-12-01T22:24:26.074+0000] {logging_mixin.py:154} INFO - [2023-12-01T22:24:26.074+0000] {dag.py:3722} INFO - Setting next_dagrun for example_dag_decorator to None, run_after=None
[2023-12-01T22:24:26.086+0000] {processor.py:179} INFO - Processing /home/airflow/.local/lib/python3.8/site-packages/airflow/example_dags/example_dag_decorator.py took 0.141 seconds
[2023-12-01T22:24:57.031+0000] {processor.py:157} INFO - Started process (PID=461) to work on /home/airflow/.local/lib/python3.8/site-packages/airflow/example_dags/example_dag_decorator.py
[2023-12-01T22:24:57.032+0000] {processor.py:829} INFO - Processing file /home/airflow/.local/lib/python3.8/site-packages/airflow/example_dags/example_dag_decorator.py for tasks to queue
[2023-12-01T22:24:57.033+0000] {logging_mixin.py:154} INFO - [2023-12-01T22:24:57.033+0000] {dagbag.py:536} INFO - Filling up the DagBag from /home/airflow/.local/lib/python3.8/site-packages/airflow/example_dags/example_dag_decorator.py
[2023-12-01T22:24:57.081+0000] {processor.py:839} INFO - DAG(s) dict_keys(['example_dag_decorator']) retrieved from /home/airflow/.local/lib/python3.8/site-packages/airflow/example_dags/example_dag_decorator.py
[2023-12-01T22:24:57.150+0000] {logging_mixin.py:154} INFO - [2023-12-01T22:24:57.150+0000] {dag.py:2941} INFO - Sync 1 DAGs
[2023-12-01T22:24:57.158+0000] {logging_mixin.py:154} INFO - [2023-12-01T22:24:57.158+0000] {dag.py:3722} INFO - Setting next_dagrun for example_dag_decorator to None, run_after=None
[2023-12-01T22:24:57.171+0000] {processor.py:179} INFO - Processing /home/airflow/.local/lib/python3.8/site-packages/airflow/example_dags/example_dag_decorator.py took 0.142 seconds
[2023-12-01T22:25:27.207+0000] {processor.py:157} INFO - Started process (PID=515) to work on /home/airflow/.local/lib/python3.8/site-packages/airflow/example_dags/example_dag_decorator.py
[2023-12-01T22:25:27.208+0000] {processor.py:829} INFO - Processing file /home/airflow/.local/lib/python3.8/site-packages/airflow/example_dags/example_dag_decorator.py for tasks to queue
[2023-12-01T22:25:27.209+0000] {logging_mixin.py:154} INFO - [2023-12-01T22:25:27.209+0000] {dagbag.py:536} INFO - Filling up the DagBag from /home/airflow/.local/lib/python3.8/site-packages/airflow/example_dags/example_dag_decorator.py
[2023-12-01T22:25:27.258+0000] {processor.py:839} INFO - DAG(s) dict_keys(['example_dag_decorator']) retrieved from /home/airflow/.local/lib/python3.8/site-packages/airflow/example_dags/example_dag_decorator.py
[2023-12-01T22:25:27.329+0000] {logging_mixin.py:154} INFO - [2023-12-01T22:25:27.329+0000] {dag.py:2941} INFO - Sync 1 DAGs
[2023-12-01T22:25:27.338+0000] {logging_mixin.py:154} INFO - [2023-12-01T22:25:27.338+0000] {dag.py:3722} INFO - Setting next_dagrun for example_dag_decorator to None, run_after=None
[2023-12-01T22:25:27.352+0000] {processor.py:179} INFO - Processing /home/airflow/.local/lib/python3.8/site-packages/airflow/example_dags/example_dag_decorator.py took 0.147 seconds
[2023-12-01T22:25:58.102+0000] {processor.py:157} INFO - Started process (PID=569) to work on /home/airflow/.local/lib/python3.8/site-packages/airflow/example_dags/example_dag_decorator.py
[2023-12-01T22:25:58.103+0000] {processor.py:829} INFO - Processing file /home/airflow/.local/lib/python3.8/site-packages/airflow/example_dags/example_dag_decorator.py for tasks to queue
[2023-12-01T22:25:58.105+0000] {logging_mixin.py:154} INFO - [2023-12-01T22:25:58.104+0000] {dagbag.py:536} INFO - Filling up the DagBag from /home/airflow/.local/lib/python3.8/site-packages/airflow/example_dags/example_dag_decorator.py
[2023-12-01T22:25:58.156+0000] {processor.py:839} INFO - DAG(s) dict_keys(['example_dag_decorator']) retrieved from /home/airflow/.local/lib/python3.8/site-packages/airflow/example_dags/example_dag_decorator.py
[2023-12-01T22:25:58.229+0000] {logging_mixin.py:154} INFO - [2023-12-01T22:25:58.228+0000] {dag.py:2941} INFO - Sync 1 DAGs
[2023-12-01T22:25:58.237+0000] {logging_mixin.py:154} INFO - [2023-12-01T22:25:58.236+0000] {dag.py:3722} INFO - Setting next_dagrun for example_dag_decorator to None, run_after=None
[2023-12-01T22:25:58.250+0000] {processor.py:179} INFO - Processing /home/airflow/.local/lib/python3.8/site-packages/airflow/example_dags/example_dag_decorator.py took 0.150 seconds
[2023-12-01T22:26:28.291+0000] {processor.py:157} INFO - Started process (PID=623) to work on /home/airflow/.local/lib/python3.8/site-packages/airflow/example_dags/example_dag_decorator.py
[2023-12-01T22:26:28.292+0000] {processor.py:829} INFO - Processing file /home/airflow/.local/lib/python3.8/site-packages/airflow/example_dags/example_dag_decorator.py for tasks to queue
[2023-12-01T22:26:28.294+0000] {logging_mixin.py:154} INFO - [2023-12-01T22:26:28.293+0000] {dagbag.py:536} INFO - Filling up the DagBag from /home/airflow/.local/lib/python3.8/site-packages/airflow/example_dags/example_dag_decorator.py
[2023-12-01T22:26:28.340+0000] {processor.py:839} INFO - DAG(s) dict_keys(['example_dag_decorator']) retrieved from /home/airflow/.local/lib/python3.8/site-packages/airflow/example_dags/example_dag_decorator.py
[2023-12-01T22:26:28.409+0000] {logging_mixin.py:154} INFO - [2023-12-01T22:26:28.409+0000] {dag.py:2941} INFO - Sync 1 DAGs
[2023-12-01T22:26:28.416+0000] {logging_mixin.py:154} INFO - [2023-12-01T22:26:28.416+0000] {dag.py:3722} INFO - Setting next_dagrun for example_dag_decorator to None, run_after=None
[2023-12-01T22:26:28.430+0000] {processor.py:179} INFO - Processing /home/airflow/.local/lib/python3.8/site-packages/airflow/example_dags/example_dag_decorator.py took 0.140 seconds
[2023-12-01T22:26:59.396+0000] {processor.py:157} INFO - Started process (PID=677) to work on /home/airflow/.local/lib/python3.8/site-packages/airflow/example_dags/example_dag_decorator.py
[2023-12-01T22:26:59.397+0000] {processor.py:829} INFO - Processing file /home/airflow/.local/lib/python3.8/site-packages/airflow/example_dags/example_dag_decorator.py for tasks to queue
[2023-12-01T22:26:59.399+0000] {logging_mixin.py:154} INFO - [2023-12-01T22:26:59.399+0000] {dagbag.py:536} INFO - Filling up the DagBag from /home/airflow/.local/lib/python3.8/site-packages/airflow/example_dags/example_dag_decorator.py
[2023-12-01T22:26:59.446+0000] {processor.py:839} INFO - DAG(s) dict_keys(['example_dag_decorator']) retrieved from /home/airflow/.local/lib/python3.8/site-packages/airflow/example_dags/example_dag_decorator.py
[2023-12-01T22:26:59.513+0000] {logging_mixin.py:154} INFO - [2023-12-01T22:26:59.513+0000] {dag.py:2941} INFO - Sync 1 DAGs
[2023-12-01T22:26:59.521+0000] {logging_mixin.py:154} INFO - [2023-12-01T22:26:59.520+0000] {dag.py:3722} INFO - Setting next_dagrun for example_dag_decorator to None, run_after=None
[2023-12-01T22:26:59.533+0000] {processor.py:179} INFO - Processing /home/airflow/.local/lib/python3.8/site-packages/airflow/example_dags/example_dag_decorator.py took 0.139 seconds
[2023-12-01T22:27:30.485+0000] {processor.py:157} INFO - Started process (PID=731) to work on /home/airflow/.local/lib/python3.8/site-packages/airflow/example_dags/example_dag_decorator.py
[2023-12-01T22:27:30.486+0000] {processor.py:829} INFO - Processing file /home/airflow/.local/lib/python3.8/site-packages/airflow/example_dags/example_dag_decorator.py for tasks to queue
[2023-12-01T22:27:30.487+0000] {logging_mixin.py:154} INFO - [2023-12-01T22:27:30.487+0000] {dagbag.py:536} INFO - Filling up the DagBag from /home/airflow/.local/lib/python3.8/site-packages/airflow/example_dags/example_dag_decorator.py
[2023-12-01T22:27:30.534+0000] {processor.py:839} INFO - DAG(s) dict_keys(['example_dag_decorator']) retrieved from /home/airflow/.local/lib/python3.8/site-packages/airflow/example_dags/example_dag_decorator.py
[2023-12-01T22:27:30.606+0000] {logging_mixin.py:154} INFO - [2023-12-01T22:27:30.605+0000] {dag.py:2941} INFO - Sync 1 DAGs
[2023-12-01T22:27:30.613+0000] {logging_mixin.py:154} INFO - [2023-12-01T22:27:30.613+0000] {dag.py:3722} INFO - Setting next_dagrun for example_dag_decorator to None, run_after=None
[2023-12-01T22:27:30.625+0000] {processor.py:179} INFO - Processing /home/airflow/.local/lib/python3.8/site-packages/airflow/example_dags/example_dag_decorator.py took 0.142 seconds
[2023-12-01T22:28:01.345+0000] {processor.py:157} INFO - Started process (PID=785) to work on /home/airflow/.local/lib/python3.8/site-packages/airflow/example_dags/example_dag_decorator.py
[2023-12-01T22:28:01.346+0000] {processor.py:829} INFO - Processing file /home/airflow/.local/lib/python3.8/site-packages/airflow/example_dags/example_dag_decorator.py for tasks to queue
[2023-12-01T22:28:01.347+0000] {logging_mixin.py:154} INFO - [2023-12-01T22:28:01.347+0000] {dagbag.py:536} INFO - Filling up the DagBag from /home/airflow/.local/lib/python3.8/site-packages/airflow/example_dags/example_dag_decorator.py
[2023-12-01T22:28:01.393+0000] {processor.py:839} INFO - DAG(s) dict_keys(['example_dag_decorator']) retrieved from /home/airflow/.local/lib/python3.8/site-packages/airflow/example_dags/example_dag_decorator.py
[2023-12-01T22:28:01.462+0000] {logging_mixin.py:154} INFO - [2023-12-01T22:28:01.462+0000] {dag.py:2941} INFO - Sync 1 DAGs
[2023-12-01T22:28:01.470+0000] {logging_mixin.py:154} INFO - [2023-12-01T22:28:01.470+0000] {dag.py:3722} INFO - Setting next_dagrun for example_dag_decorator to None, run_after=None
[2023-12-01T22:28:01.587+0000] {processor.py:179} INFO - Processing /home/airflow/.local/lib/python3.8/site-packages/airflow/example_dags/example_dag_decorator.py took 0.244 seconds
[2023-12-01T22:28:31.680+0000] {processor.py:157} INFO - Started process (PID=839) to work on /home/airflow/.local/lib/python3.8/site-packages/airflow/example_dags/example_dag_decorator.py
[2023-12-01T22:28:31.681+0000] {processor.py:829} INFO - Processing file /home/airflow/.local/lib/python3.8/site-packages/airflow/example_dags/example_dag_decorator.py for tasks to queue
[2023-12-01T22:28:31.684+0000] {logging_mixin.py:154} INFO - [2023-12-01T22:28:31.684+0000] {dagbag.py:536} INFO - Filling up the DagBag from /home/airflow/.local/lib/python3.8/site-packages/airflow/example_dags/example_dag_decorator.py
[2023-12-01T22:28:31.737+0000] {processor.py:839} INFO - DAG(s) dict_keys(['example_dag_decorator']) retrieved from /home/airflow/.local/lib/python3.8/site-packages/airflow/example_dags/example_dag_decorator.py
[2023-12-01T22:28:31.808+0000] {logging_mixin.py:154} INFO - [2023-12-01T22:28:31.808+0000] {dag.py:2941} INFO - Sync 1 DAGs
[2023-12-01T22:28:31.816+0000] {logging_mixin.py:154} INFO - [2023-12-01T22:28:31.816+0000] {dag.py:3722} INFO - Setting next_dagrun for example_dag_decorator to None, run_after=None
[2023-12-01T22:28:31.828+0000] {processor.py:179} INFO - Processing /home/airflow/.local/lib/python3.8/site-packages/airflow/example_dags/example_dag_decorator.py took 0.151 seconds
[2023-12-01T22:29:01.868+0000] {processor.py:157} INFO - Started process (PID=893) to work on /home/airflow/.local/lib/python3.8/site-packages/airflow/example_dags/example_dag_decorator.py
[2023-12-01T22:29:01.869+0000] {processor.py:829} INFO - Processing file /home/airflow/.local/lib/python3.8/site-packages/airflow/example_dags/example_dag_decorator.py for tasks to queue
[2023-12-01T22:29:01.871+0000] {logging_mixin.py:154} INFO - [2023-12-01T22:29:01.871+0000] {dagbag.py:536} INFO - Filling up the DagBag from /home/airflow/.local/lib/python3.8/site-packages/airflow/example_dags/example_dag_decorator.py
[2023-12-01T22:29:01.919+0000] {processor.py:839} INFO - DAG(s) dict_keys(['example_dag_decorator']) retrieved from /home/airflow/.local/lib/python3.8/site-packages/airflow/example_dags/example_dag_decorator.py
[2023-12-01T22:29:01.989+0000] {logging_mixin.py:154} INFO - [2023-12-01T22:29:01.989+0000] {dag.py:2941} INFO - Sync 1 DAGs
[2023-12-01T22:29:01.997+0000] {logging_mixin.py:154} INFO - [2023-12-01T22:29:01.997+0000] {dag.py:3722} INFO - Setting next_dagrun for example_dag_decorator to None, run_after=None
[2023-12-01T22:29:02.010+0000] {processor.py:179} INFO - Processing /home/airflow/.local/lib/python3.8/site-packages/airflow/example_dags/example_dag_decorator.py took 0.144 seconds
[2023-12-01T22:29:32.051+0000] {processor.py:157} INFO - Started process (PID=947) to work on /home/airflow/.local/lib/python3.8/site-packages/airflow/example_dags/example_dag_decorator.py
[2023-12-01T22:29:32.052+0000] {processor.py:829} INFO - Processing file /home/airflow/.local/lib/python3.8/site-packages/airflow/example_dags/example_dag_decorator.py for tasks to queue
[2023-12-01T22:29:32.053+0000] {logging_mixin.py:154} INFO - [2023-12-01T22:29:32.053+0000] {dagbag.py:536} INFO - Filling up the DagBag from /home/airflow/.local/lib/python3.8/site-packages/airflow/example_dags/example_dag_decorator.py
[2023-12-01T22:29:32.101+0000] {processor.py:839} INFO - DAG(s) dict_keys(['example_dag_decorator']) retrieved from /home/airflow/.local/lib/python3.8/site-packages/airflow/example_dags/example_dag_decorator.py
[2023-12-01T22:29:32.172+0000] {logging_mixin.py:154} INFO - [2023-12-01T22:29:32.172+0000] {dag.py:2941} INFO - Sync 1 DAGs
[2023-12-01T22:29:32.275+0000] {logging_mixin.py:154} INFO - [2023-12-01T22:29:32.275+0000] {dag.py:3722} INFO - Setting next_dagrun for example_dag_decorator to None, run_after=None
[2023-12-01T22:29:32.287+0000] {processor.py:179} INFO - Processing /home/airflow/.local/lib/python3.8/site-packages/airflow/example_dags/example_dag_decorator.py took 0.238 seconds
[2023-12-01T22:30:03.134+0000] {processor.py:157} INFO - Started process (PID=1001) to work on /home/airflow/.local/lib/python3.8/site-packages/airflow/example_dags/example_dag_decorator.py
[2023-12-01T22:30:03.135+0000] {processor.py:829} INFO - Processing file /home/airflow/.local/lib/python3.8/site-packages/airflow/example_dags/example_dag_decorator.py for tasks to queue
[2023-12-01T22:30:03.137+0000] {logging_mixin.py:154} INFO - [2023-12-01T22:30:03.136+0000] {dagbag.py:536} INFO - Filling up the DagBag from /home/airflow/.local/lib/python3.8/site-packages/airflow/example_dags/example_dag_decorator.py
[2023-12-01T22:30:03.189+0000] {processor.py:839} INFO - DAG(s) dict_keys(['example_dag_decorator']) retrieved from /home/airflow/.local/lib/python3.8/site-packages/airflow/example_dags/example_dag_decorator.py
[2023-12-01T22:30:03.279+0000] {logging_mixin.py:154} INFO - [2023-12-01T22:30:03.279+0000] {dag.py:2941} INFO - Sync 1 DAGs
[2023-12-01T22:30:03.290+0000] {logging_mixin.py:154} INFO - [2023-12-01T22:30:03.290+0000] {dag.py:3722} INFO - Setting next_dagrun for example_dag_decorator to None, run_after=None
[2023-12-01T22:30:03.419+0000] {processor.py:179} INFO - Processing /home/airflow/.local/lib/python3.8/site-packages/airflow/example_dags/example_dag_decorator.py took 0.287 seconds
[2023-12-01T22:30:34.304+0000] {processor.py:157} INFO - Started process (PID=1055) to work on /home/airflow/.local/lib/python3.8/site-packages/airflow/example_dags/example_dag_decorator.py
[2023-12-01T22:30:34.305+0000] {processor.py:829} INFO - Processing file /home/airflow/.local/lib/python3.8/site-packages/airflow/example_dags/example_dag_decorator.py for tasks to queue
[2023-12-01T22:30:34.306+0000] {logging_mixin.py:154} INFO - [2023-12-01T22:30:34.306+0000] {dagbag.py:536} INFO - Filling up the DagBag from /home/airflow/.local/lib/python3.8/site-packages/airflow/example_dags/example_dag_decorator.py
[2023-12-01T22:30:34.358+0000] {processor.py:839} INFO - DAG(s) dict_keys(['example_dag_decorator']) retrieved from /home/airflow/.local/lib/python3.8/site-packages/airflow/example_dags/example_dag_decorator.py
[2023-12-01T22:30:34.437+0000] {logging_mixin.py:154} INFO - [2023-12-01T22:30:34.436+0000] {dag.py:2941} INFO - Sync 1 DAGs
[2023-12-01T22:30:34.447+0000] {logging_mixin.py:154} INFO - [2023-12-01T22:30:34.446+0000] {dag.py:3722} INFO - Setting next_dagrun for example_dag_decorator to None, run_after=None
[2023-12-01T22:30:34.460+0000] {processor.py:179} INFO - Processing /home/airflow/.local/lib/python3.8/site-packages/airflow/example_dags/example_dag_decorator.py took 0.159 seconds
[2023-12-01T22:31:05.427+0000] {processor.py:157} INFO - Started process (PID=1109) to work on /home/airflow/.local/lib/python3.8/site-packages/airflow/example_dags/example_dag_decorator.py
[2023-12-01T22:31:05.428+0000] {processor.py:829} INFO - Processing file /home/airflow/.local/lib/python3.8/site-packages/airflow/example_dags/example_dag_decorator.py for tasks to queue
[2023-12-01T22:31:05.429+0000] {logging_mixin.py:154} INFO - [2023-12-01T22:31:05.429+0000] {dagbag.py:536} INFO - Filling up the DagBag from /home/airflow/.local/lib/python3.8/site-packages/airflow/example_dags/example_dag_decorator.py
[2023-12-01T22:31:05.476+0000] {processor.py:839} INFO - DAG(s) dict_keys(['example_dag_decorator']) retrieved from /home/airflow/.local/lib/python3.8/site-packages/airflow/example_dags/example_dag_decorator.py
[2023-12-01T22:31:05.647+0000] {logging_mixin.py:154} INFO - [2023-12-01T22:31:05.647+0000] {dag.py:2941} INFO - Sync 1 DAGs
[2023-12-01T22:31:05.654+0000] {logging_mixin.py:154} INFO - [2023-12-01T22:31:05.654+0000] {dag.py:3722} INFO - Setting next_dagrun for example_dag_decorator to None, run_after=None
[2023-12-01T22:31:05.666+0000] {processor.py:179} INFO - Processing /home/airflow/.local/lib/python3.8/site-packages/airflow/example_dags/example_dag_decorator.py took 0.241 seconds
[2023-12-01T22:31:36.525+0000] {processor.py:157} INFO - Started process (PID=1163) to work on /home/airflow/.local/lib/python3.8/site-packages/airflow/example_dags/example_dag_decorator.py
[2023-12-01T22:31:36.526+0000] {processor.py:829} INFO - Processing file /home/airflow/.local/lib/python3.8/site-packages/airflow/example_dags/example_dag_decorator.py for tasks to queue
[2023-12-01T22:31:36.528+0000] {logging_mixin.py:154} INFO - [2023-12-01T22:31:36.528+0000] {dagbag.py:536} INFO - Filling up the DagBag from /home/airflow/.local/lib/python3.8/site-packages/airflow/example_dags/example_dag_decorator.py
[2023-12-01T22:31:36.576+0000] {processor.py:839} INFO - DAG(s) dict_keys(['example_dag_decorator']) retrieved from /home/airflow/.local/lib/python3.8/site-packages/airflow/example_dags/example_dag_decorator.py
[2023-12-01T22:31:36.657+0000] {logging_mixin.py:154} INFO - [2023-12-01T22:31:36.656+0000] {dag.py:2941} INFO - Sync 1 DAGs
[2023-12-01T22:31:36.769+0000] {logging_mixin.py:154} INFO - [2023-12-01T22:31:36.768+0000] {dag.py:3722} INFO - Setting next_dagrun for example_dag_decorator to None, run_after=None
[2023-12-01T22:31:36.782+0000] {processor.py:179} INFO - Processing /home/airflow/.local/lib/python3.8/site-packages/airflow/example_dags/example_dag_decorator.py took 0.259 seconds
[2023-12-01T22:32:07.699+0000] {processor.py:157} INFO - Started process (PID=1217) to work on /home/airflow/.local/lib/python3.8/site-packages/airflow/example_dags/example_dag_decorator.py
[2023-12-01T22:32:07.700+0000] {processor.py:829} INFO - Processing file /home/airflow/.local/lib/python3.8/site-packages/airflow/example_dags/example_dag_decorator.py for tasks to queue
[2023-12-01T22:32:07.701+0000] {logging_mixin.py:154} INFO - [2023-12-01T22:32:07.701+0000] {dagbag.py:536} INFO - Filling up the DagBag from /home/airflow/.local/lib/python3.8/site-packages/airflow/example_dags/example_dag_decorator.py
[2023-12-01T22:32:07.747+0000] {processor.py:839} INFO - DAG(s) dict_keys(['example_dag_decorator']) retrieved from /home/airflow/.local/lib/python3.8/site-packages/airflow/example_dags/example_dag_decorator.py
[2023-12-01T22:32:07.818+0000] {logging_mixin.py:154} INFO - [2023-12-01T22:32:07.818+0000] {dag.py:2941} INFO - Sync 1 DAGs
[2023-12-01T22:32:07.925+0000] {logging_mixin.py:154} INFO - [2023-12-01T22:32:07.925+0000] {dag.py:3722} INFO - Setting next_dagrun for example_dag_decorator to None, run_after=None
[2023-12-01T22:32:07.939+0000] {processor.py:179} INFO - Processing /home/airflow/.local/lib/python3.8/site-packages/airflow/example_dags/example_dag_decorator.py took 0.242 seconds
[2023-12-01T22:32:38.864+0000] {processor.py:157} INFO - Started process (PID=1271) to work on /home/airflow/.local/lib/python3.8/site-packages/airflow/example_dags/example_dag_decorator.py
[2023-12-01T22:32:38.865+0000] {processor.py:829} INFO - Processing file /home/airflow/.local/lib/python3.8/site-packages/airflow/example_dags/example_dag_decorator.py for tasks to queue
[2023-12-01T22:32:38.867+0000] {logging_mixin.py:154} INFO - [2023-12-01T22:32:38.867+0000] {dagbag.py:536} INFO - Filling up the DagBag from /home/airflow/.local/lib/python3.8/site-packages/airflow/example_dags/example_dag_decorator.py
[2023-12-01T22:32:38.950+0000] {processor.py:839} INFO - DAG(s) dict_keys(['example_dag_decorator']) retrieved from /home/airflow/.local/lib/python3.8/site-packages/airflow/example_dags/example_dag_decorator.py
[2023-12-01T22:32:39.211+0000] {logging_mixin.py:154} INFO - [2023-12-01T22:32:39.211+0000] {dag.py:2941} INFO - Sync 1 DAGs
[2023-12-01T22:32:39.228+0000] {logging_mixin.py:154} INFO - [2023-12-01T22:32:39.228+0000] {dag.py:3722} INFO - Setting next_dagrun for example_dag_decorator to None, run_after=None
[2023-12-01T22:32:39.258+0000] {processor.py:179} INFO - Processing /home/airflow/.local/lib/python3.8/site-packages/airflow/example_dags/example_dag_decorator.py took 0.396 seconds
[2023-12-01T22:33:09.409+0000] {processor.py:157} INFO - Started process (PID=1325) to work on /home/airflow/.local/lib/python3.8/site-packages/airflow/example_dags/example_dag_decorator.py
[2023-12-01T22:33:09.410+0000] {processor.py:829} INFO - Processing file /home/airflow/.local/lib/python3.8/site-packages/airflow/example_dags/example_dag_decorator.py for tasks to queue
[2023-12-01T22:33:09.411+0000] {logging_mixin.py:154} INFO - [2023-12-01T22:33:09.411+0000] {dagbag.py:536} INFO - Filling up the DagBag from /home/airflow/.local/lib/python3.8/site-packages/airflow/example_dags/example_dag_decorator.py
[2023-12-01T22:33:09.461+0000] {processor.py:839} INFO - DAG(s) dict_keys(['example_dag_decorator']) retrieved from /home/airflow/.local/lib/python3.8/site-packages/airflow/example_dags/example_dag_decorator.py
[2023-12-01T22:33:09.478+0000] {logging_mixin.py:154} INFO - [2023-12-01T22:33:09.477+0000] {dag.py:2941} INFO - Sync 1 DAGs
[2023-12-01T22:33:09.487+0000] {logging_mixin.py:154} INFO - [2023-12-01T22:33:09.487+0000] {dag.py:3722} INFO - Setting next_dagrun for example_dag_decorator to None, run_after=None
[2023-12-01T22:33:09.500+0000] {processor.py:179} INFO - Processing /home/airflow/.local/lib/python3.8/site-packages/airflow/example_dags/example_dag_decorator.py took 0.093 seconds
[2023-12-01T22:33:39.788+0000] {processor.py:157} INFO - Started process (PID=1380) to work on /home/airflow/.local/lib/python3.8/site-packages/airflow/example_dags/example_dag_decorator.py
[2023-12-01T22:33:39.789+0000] {processor.py:829} INFO - Processing file /home/airflow/.local/lib/python3.8/site-packages/airflow/example_dags/example_dag_decorator.py for tasks to queue
[2023-12-01T22:33:39.790+0000] {logging_mixin.py:154} INFO - [2023-12-01T22:33:39.790+0000] {dagbag.py:536} INFO - Filling up the DagBag from /home/airflow/.local/lib/python3.8/site-packages/airflow/example_dags/example_dag_decorator.py
[2023-12-01T22:33:39.843+0000] {processor.py:839} INFO - DAG(s) dict_keys(['example_dag_decorator']) retrieved from /home/airflow/.local/lib/python3.8/site-packages/airflow/example_dags/example_dag_decorator.py
[2023-12-01T22:33:39.863+0000] {logging_mixin.py:154} INFO - [2023-12-01T22:33:39.863+0000] {dag.py:2941} INFO - Sync 1 DAGs
[2023-12-01T22:33:39.874+0000] {logging_mixin.py:154} INFO - [2023-12-01T22:33:39.874+0000] {dag.py:3722} INFO - Setting next_dagrun for example_dag_decorator to None, run_after=None
[2023-12-01T22:33:39.890+0000] {processor.py:179} INFO - Processing /home/airflow/.local/lib/python3.8/site-packages/airflow/example_dags/example_dag_decorator.py took 0.105 seconds
[2023-12-01T22:34:10.075+0000] {processor.py:157} INFO - Started process (PID=1434) to work on /home/airflow/.local/lib/python3.8/site-packages/airflow/example_dags/example_dag_decorator.py
[2023-12-01T22:34:10.076+0000] {processor.py:829} INFO - Processing file /home/airflow/.local/lib/python3.8/site-packages/airflow/example_dags/example_dag_decorator.py for tasks to queue
[2023-12-01T22:34:10.077+0000] {logging_mixin.py:154} INFO - [2023-12-01T22:34:10.077+0000] {dagbag.py:536} INFO - Filling up the DagBag from /home/airflow/.local/lib/python3.8/site-packages/airflow/example_dags/example_dag_decorator.py
[2023-12-01T22:34:10.132+0000] {processor.py:839} INFO - DAG(s) dict_keys(['example_dag_decorator']) retrieved from /home/airflow/.local/lib/python3.8/site-packages/airflow/example_dags/example_dag_decorator.py
[2023-12-01T22:34:10.152+0000] {logging_mixin.py:154} INFO - [2023-12-01T22:34:10.152+0000] {dag.py:2941} INFO - Sync 1 DAGs
[2023-12-01T22:34:10.164+0000] {logging_mixin.py:154} INFO - [2023-12-01T22:34:10.163+0000] {dag.py:3722} INFO - Setting next_dagrun for example_dag_decorator to None, run_after=None
[2023-12-01T22:34:10.180+0000] {processor.py:179} INFO - Processing /home/airflow/.local/lib/python3.8/site-packages/airflow/example_dags/example_dag_decorator.py took 0.107 seconds
[2023-12-01T22:34:40.856+0000] {processor.py:157} INFO - Started process (PID=1488) to work on /home/airflow/.local/lib/python3.8/site-packages/airflow/example_dags/example_dag_decorator.py
[2023-12-01T22:34:40.856+0000] {processor.py:829} INFO - Processing file /home/airflow/.local/lib/python3.8/site-packages/airflow/example_dags/example_dag_decorator.py for tasks to queue
[2023-12-01T22:34:40.858+0000] {logging_mixin.py:154} INFO - [2023-12-01T22:34:40.858+0000] {dagbag.py:536} INFO - Filling up the DagBag from /home/airflow/.local/lib/python3.8/site-packages/airflow/example_dags/example_dag_decorator.py
[2023-12-01T22:34:40.910+0000] {processor.py:839} INFO - DAG(s) dict_keys(['example_dag_decorator']) retrieved from /home/airflow/.local/lib/python3.8/site-packages/airflow/example_dags/example_dag_decorator.py
[2023-12-01T22:34:40.930+0000] {logging_mixin.py:154} INFO - [2023-12-01T22:34:40.929+0000] {dag.py:2941} INFO - Sync 1 DAGs
[2023-12-01T22:34:40.940+0000] {logging_mixin.py:154} INFO - [2023-12-01T22:34:40.940+0000] {dag.py:3722} INFO - Setting next_dagrun for example_dag_decorator to None, run_after=None
[2023-12-01T22:34:40.957+0000] {processor.py:179} INFO - Processing /home/airflow/.local/lib/python3.8/site-packages/airflow/example_dags/example_dag_decorator.py took 0.104 seconds
[2023-12-01T22:35:11.221+0000] {processor.py:157} INFO - Started process (PID=1542) to work on /home/airflow/.local/lib/python3.8/site-packages/airflow/example_dags/example_dag_decorator.py
[2023-12-01T22:35:11.222+0000] {processor.py:829} INFO - Processing file /home/airflow/.local/lib/python3.8/site-packages/airflow/example_dags/example_dag_decorator.py for tasks to queue
[2023-12-01T22:35:11.224+0000] {logging_mixin.py:154} INFO - [2023-12-01T22:35:11.224+0000] {dagbag.py:536} INFO - Filling up the DagBag from /home/airflow/.local/lib/python3.8/site-packages/airflow/example_dags/example_dag_decorator.py
[2023-12-01T22:35:11.278+0000] {processor.py:839} INFO - DAG(s) dict_keys(['example_dag_decorator']) retrieved from /home/airflow/.local/lib/python3.8/site-packages/airflow/example_dags/example_dag_decorator.py
[2023-12-01T22:35:11.297+0000] {logging_mixin.py:154} INFO - [2023-12-01T22:35:11.297+0000] {dag.py:2941} INFO - Sync 1 DAGs
[2023-12-01T22:35:11.309+0000] {logging_mixin.py:154} INFO - [2023-12-01T22:35:11.309+0000] {dag.py:3722} INFO - Setting next_dagrun for example_dag_decorator to None, run_after=None
[2023-12-01T22:35:11.430+0000] {processor.py:179} INFO - Processing /home/airflow/.local/lib/python3.8/site-packages/airflow/example_dags/example_dag_decorator.py took 0.211 seconds
[2023-12-01T22:35:41.553+0000] {processor.py:157} INFO - Started process (PID=1596) to work on /home/airflow/.local/lib/python3.8/site-packages/airflow/example_dags/example_dag_decorator.py
[2023-12-01T22:35:41.554+0000] {processor.py:829} INFO - Processing file /home/airflow/.local/lib/python3.8/site-packages/airflow/example_dags/example_dag_decorator.py for tasks to queue
[2023-12-01T22:35:41.556+0000] {logging_mixin.py:154} INFO - [2023-12-01T22:35:41.556+0000] {dagbag.py:536} INFO - Filling up the DagBag from /home/airflow/.local/lib/python3.8/site-packages/airflow/example_dags/example_dag_decorator.py
[2023-12-01T22:35:41.609+0000] {processor.py:839} INFO - DAG(s) dict_keys(['example_dag_decorator']) retrieved from /home/airflow/.local/lib/python3.8/site-packages/airflow/example_dags/example_dag_decorator.py
[2023-12-01T22:35:41.627+0000] {logging_mixin.py:154} INFO - [2023-12-01T22:35:41.626+0000] {dag.py:2941} INFO - Sync 1 DAGs
[2023-12-01T22:35:41.636+0000] {logging_mixin.py:154} INFO - [2023-12-01T22:35:41.636+0000] {dag.py:3722} INFO - Setting next_dagrun for example_dag_decorator to None, run_after=None
[2023-12-01T22:35:41.651+0000] {processor.py:179} INFO - Processing /home/airflow/.local/lib/python3.8/site-packages/airflow/example_dags/example_dag_decorator.py took 0.100 seconds
[2023-12-01T22:38:30.713+0000] {processor.py:157} INFO - Started process (PID=77) to work on /home/airflow/.local/lib/python3.8/site-packages/airflow/example_dags/example_dag_decorator.py
[2023-12-01T22:38:30.714+0000] {processor.py:829} INFO - Processing file /home/airflow/.local/lib/python3.8/site-packages/airflow/example_dags/example_dag_decorator.py for tasks to queue
[2023-12-01T22:38:30.716+0000] {logging_mixin.py:154} INFO - [2023-12-01T22:38:30.716+0000] {dagbag.py:536} INFO - Filling up the DagBag from /home/airflow/.local/lib/python3.8/site-packages/airflow/example_dags/example_dag_decorator.py
[2023-12-01T22:38:30.870+0000] {processor.py:839} INFO - DAG(s) dict_keys(['example_dag_decorator']) retrieved from /home/airflow/.local/lib/python3.8/site-packages/airflow/example_dags/example_dag_decorator.py
[2023-12-01T22:38:30.886+0000] {logging_mixin.py:154} INFO - [2023-12-01T22:38:30.885+0000] {dag.py:2941} INFO - Sync 1 DAGs
[2023-12-01T22:38:30.902+0000] {logging_mixin.py:154} INFO - [2023-12-01T22:38:30.901+0000] {dag.py:3722} INFO - Setting next_dagrun for example_dag_decorator to None, run_after=None
[2023-12-01T22:38:30.923+0000] {processor.py:179} INFO - Processing /home/airflow/.local/lib/python3.8/site-packages/airflow/example_dags/example_dag_decorator.py took 0.213 seconds
[2023-12-01T22:39:01.239+0000] {processor.py:157} INFO - Started process (PID=131) to work on /home/airflow/.local/lib/python3.8/site-packages/airflow/example_dags/example_dag_decorator.py
[2023-12-01T22:39:01.240+0000] {processor.py:829} INFO - Processing file /home/airflow/.local/lib/python3.8/site-packages/airflow/example_dags/example_dag_decorator.py for tasks to queue
[2023-12-01T22:39:01.242+0000] {logging_mixin.py:154} INFO - [2023-12-01T22:39:01.242+0000] {dagbag.py:536} INFO - Filling up the DagBag from /home/airflow/.local/lib/python3.8/site-packages/airflow/example_dags/example_dag_decorator.py
[2023-12-01T22:39:01.315+0000] {processor.py:839} INFO - DAG(s) dict_keys(['example_dag_decorator']) retrieved from /home/airflow/.local/lib/python3.8/site-packages/airflow/example_dags/example_dag_decorator.py
[2023-12-01T22:39:01.403+0000] {logging_mixin.py:154} INFO - [2023-12-01T22:39:01.403+0000] {dag.py:2941} INFO - Sync 1 DAGs
[2023-12-01T22:39:01.552+0000] {logging_mixin.py:154} INFO - [2023-12-01T22:39:01.551+0000] {dag.py:3722} INFO - Setting next_dagrun for example_dag_decorator to None, run_after=None
[2023-12-01T22:39:01.569+0000] {processor.py:179} INFO - Processing /home/airflow/.local/lib/python3.8/site-packages/airflow/example_dags/example_dag_decorator.py took 0.332 seconds
[2023-12-01T22:39:31.839+0000] {processor.py:157} INFO - Started process (PID=186) to work on /home/airflow/.local/lib/python3.8/site-packages/airflow/example_dags/example_dag_decorator.py
[2023-12-01T22:39:31.840+0000] {processor.py:829} INFO - Processing file /home/airflow/.local/lib/python3.8/site-packages/airflow/example_dags/example_dag_decorator.py for tasks to queue
[2023-12-01T22:39:31.842+0000] {logging_mixin.py:154} INFO - [2023-12-01T22:39:31.842+0000] {dagbag.py:536} INFO - Filling up the DagBag from /home/airflow/.local/lib/python3.8/site-packages/airflow/example_dags/example_dag_decorator.py
[2023-12-01T22:39:31.906+0000] {processor.py:839} INFO - DAG(s) dict_keys(['example_dag_decorator']) retrieved from /home/airflow/.local/lib/python3.8/site-packages/airflow/example_dags/example_dag_decorator.py
[2023-12-01T22:39:32.001+0000] {logging_mixin.py:154} INFO - [2023-12-01T22:39:32.001+0000] {dag.py:2941} INFO - Sync 1 DAGs
[2023-12-01T22:39:32.015+0000] {logging_mixin.py:154} INFO - [2023-12-01T22:39:32.014+0000] {dag.py:3722} INFO - Setting next_dagrun for example_dag_decorator to None, run_after=None
[2023-12-01T22:39:32.171+0000] {processor.py:179} INFO - Processing /home/airflow/.local/lib/python3.8/site-packages/airflow/example_dags/example_dag_decorator.py took 0.334 seconds
[2023-12-01T22:40:02.359+0000] {processor.py:157} INFO - Started process (PID=240) to work on /home/airflow/.local/lib/python3.8/site-packages/airflow/example_dags/example_dag_decorator.py
[2023-12-01T22:40:02.360+0000] {processor.py:829} INFO - Processing file /home/airflow/.local/lib/python3.8/site-packages/airflow/example_dags/example_dag_decorator.py for tasks to queue
[2023-12-01T22:40:02.362+0000] {logging_mixin.py:154} INFO - [2023-12-01T22:40:02.362+0000] {dagbag.py:536} INFO - Filling up the DagBag from /home/airflow/.local/lib/python3.8/site-packages/airflow/example_dags/example_dag_decorator.py
[2023-12-01T22:40:02.422+0000] {processor.py:839} INFO - DAG(s) dict_keys(['example_dag_decorator']) retrieved from /home/airflow/.local/lib/python3.8/site-packages/airflow/example_dags/example_dag_decorator.py
[2023-12-01T22:40:02.542+0000] {logging_mixin.py:154} INFO - [2023-12-01T22:40:02.542+0000] {dag.py:2941} INFO - Sync 1 DAGs
[2023-12-01T22:40:02.555+0000] {logging_mixin.py:154} INFO - [2023-12-01T22:40:02.555+0000] {dag.py:3722} INFO - Setting next_dagrun for example_dag_decorator to None, run_after=None
[2023-12-01T22:40:02.572+0000] {processor.py:179} INFO - Processing /home/airflow/.local/lib/python3.8/site-packages/airflow/example_dags/example_dag_decorator.py took 0.215 seconds
[2023-12-01T22:40:32.892+0000] {processor.py:157} INFO - Started process (PID=296) to work on /home/airflow/.local/lib/python3.8/site-packages/airflow/example_dags/example_dag_decorator.py
[2023-12-01T22:40:32.893+0000] {processor.py:829} INFO - Processing file /home/airflow/.local/lib/python3.8/site-packages/airflow/example_dags/example_dag_decorator.py for tasks to queue
[2023-12-01T22:40:32.895+0000] {logging_mixin.py:154} INFO - [2023-12-01T22:40:32.894+0000] {dagbag.py:536} INFO - Filling up the DagBag from /home/airflow/.local/lib/python3.8/site-packages/airflow/example_dags/example_dag_decorator.py
[2023-12-01T22:40:32.954+0000] {processor.py:839} INFO - DAG(s) dict_keys(['example_dag_decorator']) retrieved from /home/airflow/.local/lib/python3.8/site-packages/airflow/example_dags/example_dag_decorator.py
[2023-12-01T22:40:33.155+0000] {logging_mixin.py:154} INFO - [2023-12-01T22:40:33.154+0000] {dag.py:2941} INFO - Sync 1 DAGs
[2023-12-01T22:40:33.163+0000] {logging_mixin.py:154} INFO - [2023-12-01T22:40:33.163+0000] {dag.py:3722} INFO - Setting next_dagrun for example_dag_decorator to None, run_after=None
[2023-12-01T22:40:33.188+0000] {processor.py:179} INFO - Processing /home/airflow/.local/lib/python3.8/site-packages/airflow/example_dags/example_dag_decorator.py took 0.299 seconds
[2023-12-01T22:41:03.388+0000] {processor.py:157} INFO - Started process (PID=352) to work on /home/airflow/.local/lib/python3.8/site-packages/airflow/example_dags/example_dag_decorator.py
[2023-12-01T22:41:03.389+0000] {processor.py:829} INFO - Processing file /home/airflow/.local/lib/python3.8/site-packages/airflow/example_dags/example_dag_decorator.py for tasks to queue
[2023-12-01T22:41:03.391+0000] {logging_mixin.py:154} INFO - [2023-12-01T22:41:03.391+0000] {dagbag.py:536} INFO - Filling up the DagBag from /home/airflow/.local/lib/python3.8/site-packages/airflow/example_dags/example_dag_decorator.py
[2023-12-01T22:41:03.443+0000] {processor.py:839} INFO - DAG(s) dict_keys(['example_dag_decorator']) retrieved from /home/airflow/.local/lib/python3.8/site-packages/airflow/example_dags/example_dag_decorator.py
[2023-12-01T22:41:03.666+0000] {logging_mixin.py:154} INFO - [2023-12-01T22:41:03.666+0000] {dag.py:2941} INFO - Sync 1 DAGs
[2023-12-01T22:41:03.676+0000] {logging_mixin.py:154} INFO - [2023-12-01T22:41:03.676+0000] {dag.py:3722} INFO - Setting next_dagrun for example_dag_decorator to None, run_after=None
[2023-12-01T22:41:03.692+0000] {processor.py:179} INFO - Processing /home/airflow/.local/lib/python3.8/site-packages/airflow/example_dags/example_dag_decorator.py took 0.306 seconds
