[2023-12-01T22:13:43.366+0000] {processor.py:157} INFO - Started process (PID=80) to work on /home/airflow/.local/lib/python3.8/site-packages/airflow/example_dags/example_latest_only.py
[2023-12-01T22:13:43.367+0000] {processor.py:829} INFO - Processing file /home/airflow/.local/lib/python3.8/site-packages/airflow/example_dags/example_latest_only.py for tasks to queue
[2023-12-01T22:13:43.369+0000] {logging_mixin.py:154} INFO - [2023-12-01T22:13:43.369+0000] {dagbag.py:536} INFO - Filling up the DagBag from /home/airflow/.local/lib/python3.8/site-packages/airflow/example_dags/example_latest_only.py
[2023-12-01T22:13:43.373+0000] {processor.py:839} INFO - DAG(s) dict_keys(['latest_only']) retrieved from /home/airflow/.local/lib/python3.8/site-packages/airflow/example_dags/example_latest_only.py
[2023-12-01T22:13:43.389+0000] {logging_mixin.py:154} INFO - [2023-12-01T22:13:43.389+0000] {dag.py:2941} INFO - Sync 1 DAGs
[2023-12-01T22:13:43.405+0000] {logging_mixin.py:154} INFO - [2023-12-01T22:13:43.405+0000] {dag.py:3722} INFO - Setting next_dagrun for latest_only to 2023-12-01T18:13:43.405419+00:00, run_after=2023-12-01T22:13:43.405419+00:00
[2023-12-01T22:13:43.418+0000] {processor.py:179} INFO - Processing /home/airflow/.local/lib/python3.8/site-packages/airflow/example_dags/example_latest_only.py took 0.054 seconds
[2023-12-01T22:19:42.548+0000] {processor.py:157} INFO - Started process (PID=78) to work on /home/airflow/.local/lib/python3.8/site-packages/airflow/example_dags/example_latest_only.py
[2023-12-01T22:19:42.550+0000] {processor.py:829} INFO - Processing file /home/airflow/.local/lib/python3.8/site-packages/airflow/example_dags/example_latest_only.py for tasks to queue
[2023-12-01T22:19:42.553+0000] {logging_mixin.py:154} INFO - [2023-12-01T22:19:42.553+0000] {dagbag.py:536} INFO - Filling up the DagBag from /home/airflow/.local/lib/python3.8/site-packages/airflow/example_dags/example_latest_only.py
[2023-12-01T22:19:42.559+0000] {processor.py:839} INFO - DAG(s) dict_keys(['latest_only']) retrieved from /home/airflow/.local/lib/python3.8/site-packages/airflow/example_dags/example_latest_only.py
[2023-12-01T22:19:42.581+0000] {logging_mixin.py:154} INFO - [2023-12-01T22:19:42.580+0000] {dag.py:2941} INFO - Sync 1 DAGs
[2023-12-01T22:19:42.602+0000] {logging_mixin.py:154} INFO - [2023-12-01T22:19:42.602+0000] {dag.py:3722} INFO - Setting next_dagrun for latest_only to 2023-12-01T18:19:42.602500+00:00, run_after=2023-12-01T22:19:42.602500+00:00
[2023-12-01T22:19:42.619+0000] {processor.py:179} INFO - Processing /home/airflow/.local/lib/python3.8/site-packages/airflow/example_dags/example_latest_only.py took 0.074 seconds
[2023-12-01T22:21:23.475+0000] {processor.py:157} INFO - Started process (PID=79) to work on /home/airflow/.local/lib/python3.8/site-packages/airflow/example_dags/example_latest_only.py
[2023-12-01T22:21:23.476+0000] {processor.py:829} INFO - Processing file /home/airflow/.local/lib/python3.8/site-packages/airflow/example_dags/example_latest_only.py for tasks to queue
[2023-12-01T22:21:23.478+0000] {logging_mixin.py:154} INFO - [2023-12-01T22:21:23.478+0000] {dagbag.py:536} INFO - Filling up the DagBag from /home/airflow/.local/lib/python3.8/site-packages/airflow/example_dags/example_latest_only.py
[2023-12-01T22:21:23.483+0000] {processor.py:839} INFO - DAG(s) dict_keys(['latest_only']) retrieved from /home/airflow/.local/lib/python3.8/site-packages/airflow/example_dags/example_latest_only.py
[2023-12-01T22:21:23.493+0000] {logging_mixin.py:154} INFO - [2023-12-01T22:21:23.493+0000] {dag.py:2941} INFO - Sync 1 DAGs
[2023-12-01T22:21:23.515+0000] {logging_mixin.py:154} INFO - [2023-12-01T22:21:23.515+0000] {dag.py:3722} INFO - Setting next_dagrun for latest_only to 2023-12-01T18:21:23.514771+00:00, run_after=2023-12-01T22:21:23.514771+00:00
[2023-12-01T22:21:23.531+0000] {processor.py:179} INFO - Processing /home/airflow/.local/lib/python3.8/site-packages/airflow/example_dags/example_latest_only.py took 0.060 seconds
[2023-12-01T22:21:54.031+0000] {processor.py:157} INFO - Started process (PID=134) to work on /home/airflow/.local/lib/python3.8/site-packages/airflow/example_dags/example_latest_only.py
[2023-12-01T22:21:54.032+0000] {processor.py:829} INFO - Processing file /home/airflow/.local/lib/python3.8/site-packages/airflow/example_dags/example_latest_only.py for tasks to queue
[2023-12-01T22:21:54.034+0000] {logging_mixin.py:154} INFO - [2023-12-01T22:21:54.034+0000] {dagbag.py:536} INFO - Filling up the DagBag from /home/airflow/.local/lib/python3.8/site-packages/airflow/example_dags/example_latest_only.py
[2023-12-01T22:21:54.038+0000] {processor.py:839} INFO - DAG(s) dict_keys(['latest_only']) retrieved from /home/airflow/.local/lib/python3.8/site-packages/airflow/example_dags/example_latest_only.py
[2023-12-01T22:21:54.053+0000] {logging_mixin.py:154} INFO - [2023-12-01T22:21:54.053+0000] {dag.py:2941} INFO - Sync 1 DAGs
[2023-12-01T22:21:54.072+0000] {logging_mixin.py:154} INFO - [2023-12-01T22:21:54.072+0000] {dag.py:3722} INFO - Setting next_dagrun for latest_only to 2023-12-01T18:21:54.071736+00:00, run_after=2023-12-01T22:21:54.071736+00:00
[2023-12-01T22:21:54.088+0000] {processor.py:179} INFO - Processing /home/airflow/.local/lib/python3.8/site-packages/airflow/example_dags/example_latest_only.py took 0.060 seconds
[2023-12-01T22:22:24.156+0000] {processor.py:157} INFO - Started process (PID=188) to work on /home/airflow/.local/lib/python3.8/site-packages/airflow/example_dags/example_latest_only.py
[2023-12-01T22:22:24.157+0000] {processor.py:829} INFO - Processing file /home/airflow/.local/lib/python3.8/site-packages/airflow/example_dags/example_latest_only.py for tasks to queue
[2023-12-01T22:22:24.158+0000] {logging_mixin.py:154} INFO - [2023-12-01T22:22:24.158+0000] {dagbag.py:536} INFO - Filling up the DagBag from /home/airflow/.local/lib/python3.8/site-packages/airflow/example_dags/example_latest_only.py
[2023-12-01T22:22:24.162+0000] {processor.py:839} INFO - DAG(s) dict_keys(['latest_only']) retrieved from /home/airflow/.local/lib/python3.8/site-packages/airflow/example_dags/example_latest_only.py
[2023-12-01T22:22:24.176+0000] {logging_mixin.py:154} INFO - [2023-12-01T22:22:24.176+0000] {dag.py:2941} INFO - Sync 1 DAGs
[2023-12-01T22:22:24.193+0000] {logging_mixin.py:154} INFO - [2023-12-01T22:22:24.193+0000] {dag.py:3722} INFO - Setting next_dagrun for latest_only to 2023-12-01T18:22:24.192951+00:00, run_after=2023-12-01T22:22:24.192951+00:00
[2023-12-01T22:22:24.209+0000] {processor.py:179} INFO - Processing /home/airflow/.local/lib/python3.8/site-packages/airflow/example_dags/example_latest_only.py took 0.055 seconds
[2023-12-01T22:22:54.278+0000] {processor.py:157} INFO - Started process (PID=241) to work on /home/airflow/.local/lib/python3.8/site-packages/airflow/example_dags/example_latest_only.py
[2023-12-01T22:22:54.279+0000] {processor.py:829} INFO - Processing file /home/airflow/.local/lib/python3.8/site-packages/airflow/example_dags/example_latest_only.py for tasks to queue
[2023-12-01T22:22:54.280+0000] {logging_mixin.py:154} INFO - [2023-12-01T22:22:54.280+0000] {dagbag.py:536} INFO - Filling up the DagBag from /home/airflow/.local/lib/python3.8/site-packages/airflow/example_dags/example_latest_only.py
[2023-12-01T22:22:54.283+0000] {processor.py:839} INFO - DAG(s) dict_keys(['latest_only']) retrieved from /home/airflow/.local/lib/python3.8/site-packages/airflow/example_dags/example_latest_only.py
[2023-12-01T22:22:54.298+0000] {logging_mixin.py:154} INFO - [2023-12-01T22:22:54.297+0000] {dag.py:2941} INFO - Sync 1 DAGs
[2023-12-01T22:22:54.315+0000] {logging_mixin.py:154} INFO - [2023-12-01T22:22:54.314+0000] {dag.py:3722} INFO - Setting next_dagrun for latest_only to 2023-12-01T18:22:54.314747+00:00, run_after=2023-12-01T22:22:54.314747+00:00
[2023-12-01T22:22:54.329+0000] {processor.py:179} INFO - Processing /home/airflow/.local/lib/python3.8/site-packages/airflow/example_dags/example_latest_only.py took 0.054 seconds
[2023-12-01T22:23:24.364+0000] {processor.py:157} INFO - Started process (PID=295) to work on /home/airflow/.local/lib/python3.8/site-packages/airflow/example_dags/example_latest_only.py
[2023-12-01T22:23:24.365+0000] {processor.py:829} INFO - Processing file /home/airflow/.local/lib/python3.8/site-packages/airflow/example_dags/example_latest_only.py for tasks to queue
[2023-12-01T22:23:24.367+0000] {logging_mixin.py:154} INFO - [2023-12-01T22:23:24.366+0000] {dagbag.py:536} INFO - Filling up the DagBag from /home/airflow/.local/lib/python3.8/site-packages/airflow/example_dags/example_latest_only.py
[2023-12-01T22:23:24.370+0000] {processor.py:839} INFO - DAG(s) dict_keys(['latest_only']) retrieved from /home/airflow/.local/lib/python3.8/site-packages/airflow/example_dags/example_latest_only.py
[2023-12-01T22:23:24.384+0000] {logging_mixin.py:154} INFO - [2023-12-01T22:23:24.384+0000] {dag.py:2941} INFO - Sync 1 DAGs
[2023-12-01T22:23:24.400+0000] {logging_mixin.py:154} INFO - [2023-12-01T22:23:24.399+0000] {dag.py:3722} INFO - Setting next_dagrun for latest_only to 2023-12-01T18:23:24.399835+00:00, run_after=2023-12-01T22:23:24.399835+00:00
[2023-12-01T22:23:24.414+0000] {processor.py:179} INFO - Processing /home/airflow/.local/lib/python3.8/site-packages/airflow/example_dags/example_latest_only.py took 0.052 seconds
[2023-12-01T22:23:54.512+0000] {processor.py:157} INFO - Started process (PID=349) to work on /home/airflow/.local/lib/python3.8/site-packages/airflow/example_dags/example_latest_only.py
[2023-12-01T22:23:54.513+0000] {processor.py:829} INFO - Processing file /home/airflow/.local/lib/python3.8/site-packages/airflow/example_dags/example_latest_only.py for tasks to queue
[2023-12-01T22:23:54.514+0000] {logging_mixin.py:154} INFO - [2023-12-01T22:23:54.514+0000] {dagbag.py:536} INFO - Filling up the DagBag from /home/airflow/.local/lib/python3.8/site-packages/airflow/example_dags/example_latest_only.py
[2023-12-01T22:23:54.518+0000] {processor.py:839} INFO - DAG(s) dict_keys(['latest_only']) retrieved from /home/airflow/.local/lib/python3.8/site-packages/airflow/example_dags/example_latest_only.py
[2023-12-01T22:23:54.532+0000] {logging_mixin.py:154} INFO - [2023-12-01T22:23:54.532+0000] {dag.py:2941} INFO - Sync 1 DAGs
[2023-12-01T22:23:54.550+0000] {logging_mixin.py:154} INFO - [2023-12-01T22:23:54.550+0000] {dag.py:3722} INFO - Setting next_dagrun for latest_only to 2023-12-01T18:23:54.550226+00:00, run_after=2023-12-01T22:23:54.550226+00:00
[2023-12-01T22:23:54.563+0000] {processor.py:179} INFO - Processing /home/airflow/.local/lib/python3.8/site-packages/airflow/example_dags/example_latest_only.py took 0.053 seconds
[2023-12-01T22:24:24.825+0000] {processor.py:157} INFO - Started process (PID=403) to work on /home/airflow/.local/lib/python3.8/site-packages/airflow/example_dags/example_latest_only.py
[2023-12-01T22:24:24.826+0000] {processor.py:829} INFO - Processing file /home/airflow/.local/lib/python3.8/site-packages/airflow/example_dags/example_latest_only.py for tasks to queue
[2023-12-01T22:24:24.827+0000] {logging_mixin.py:154} INFO - [2023-12-01T22:24:24.827+0000] {dagbag.py:536} INFO - Filling up the DagBag from /home/airflow/.local/lib/python3.8/site-packages/airflow/example_dags/example_latest_only.py
[2023-12-01T22:24:24.831+0000] {processor.py:839} INFO - DAG(s) dict_keys(['latest_only']) retrieved from /home/airflow/.local/lib/python3.8/site-packages/airflow/example_dags/example_latest_only.py
[2023-12-01T22:24:24.847+0000] {logging_mixin.py:154} INFO - [2023-12-01T22:24:24.847+0000] {dag.py:2941} INFO - Sync 1 DAGs
[2023-12-01T22:24:24.867+0000] {logging_mixin.py:154} INFO - [2023-12-01T22:24:24.866+0000] {dag.py:3722} INFO - Setting next_dagrun for latest_only to 2023-12-01T18:24:24.866674+00:00, run_after=2023-12-01T22:24:24.866674+00:00
[2023-12-01T22:24:24.880+0000] {processor.py:179} INFO - Processing /home/airflow/.local/lib/python3.8/site-packages/airflow/example_dags/example_latest_only.py took 0.057 seconds
[2023-12-01T22:24:55.915+0000] {processor.py:157} INFO - Started process (PID=457) to work on /home/airflow/.local/lib/python3.8/site-packages/airflow/example_dags/example_latest_only.py
[2023-12-01T22:24:55.915+0000] {processor.py:829} INFO - Processing file /home/airflow/.local/lib/python3.8/site-packages/airflow/example_dags/example_latest_only.py for tasks to queue
[2023-12-01T22:24:55.917+0000] {logging_mixin.py:154} INFO - [2023-12-01T22:24:55.917+0000] {dagbag.py:536} INFO - Filling up the DagBag from /home/airflow/.local/lib/python3.8/site-packages/airflow/example_dags/example_latest_only.py
[2023-12-01T22:24:55.921+0000] {processor.py:839} INFO - DAG(s) dict_keys(['latest_only']) retrieved from /home/airflow/.local/lib/python3.8/site-packages/airflow/example_dags/example_latest_only.py
[2023-12-01T22:24:55.935+0000] {logging_mixin.py:154} INFO - [2023-12-01T22:24:55.935+0000] {dag.py:2941} INFO - Sync 1 DAGs
[2023-12-01T22:24:55.953+0000] {logging_mixin.py:154} INFO - [2023-12-01T22:24:55.952+0000] {dag.py:3722} INFO - Setting next_dagrun for latest_only to 2023-12-01T18:24:55.952700+00:00, run_after=2023-12-01T22:24:55.952700+00:00
[2023-12-01T22:24:55.967+0000] {processor.py:179} INFO - Processing /home/airflow/.local/lib/python3.8/site-packages/airflow/example_dags/example_latest_only.py took 0.054 seconds
[2023-12-01T22:25:26.076+0000] {processor.py:157} INFO - Started process (PID=511) to work on /home/airflow/.local/lib/python3.8/site-packages/airflow/example_dags/example_latest_only.py
[2023-12-01T22:25:26.076+0000] {processor.py:829} INFO - Processing file /home/airflow/.local/lib/python3.8/site-packages/airflow/example_dags/example_latest_only.py for tasks to queue
[2023-12-01T22:25:26.078+0000] {logging_mixin.py:154} INFO - [2023-12-01T22:25:26.078+0000] {dagbag.py:536} INFO - Filling up the DagBag from /home/airflow/.local/lib/python3.8/site-packages/airflow/example_dags/example_latest_only.py
[2023-12-01T22:25:26.081+0000] {processor.py:839} INFO - DAG(s) dict_keys(['latest_only']) retrieved from /home/airflow/.local/lib/python3.8/site-packages/airflow/example_dags/example_latest_only.py
[2023-12-01T22:25:26.095+0000] {logging_mixin.py:154} INFO - [2023-12-01T22:25:26.095+0000] {dag.py:2941} INFO - Sync 1 DAGs
[2023-12-01T22:25:26.116+0000] {logging_mixin.py:154} INFO - [2023-12-01T22:25:26.116+0000] {dag.py:3722} INFO - Setting next_dagrun for latest_only to 2023-12-01T18:25:26.115814+00:00, run_after=2023-12-01T22:25:26.115814+00:00
[2023-12-01T22:25:26.129+0000] {processor.py:179} INFO - Processing /home/airflow/.local/lib/python3.8/site-packages/airflow/example_dags/example_latest_only.py took 0.055 seconds
[2023-12-01T22:25:57.015+0000] {processor.py:157} INFO - Started process (PID=565) to work on /home/airflow/.local/lib/python3.8/site-packages/airflow/example_dags/example_latest_only.py
[2023-12-01T22:25:57.016+0000] {processor.py:829} INFO - Processing file /home/airflow/.local/lib/python3.8/site-packages/airflow/example_dags/example_latest_only.py for tasks to queue
[2023-12-01T22:25:57.018+0000] {logging_mixin.py:154} INFO - [2023-12-01T22:25:57.018+0000] {dagbag.py:536} INFO - Filling up the DagBag from /home/airflow/.local/lib/python3.8/site-packages/airflow/example_dags/example_latest_only.py
[2023-12-01T22:25:57.022+0000] {processor.py:839} INFO - DAG(s) dict_keys(['latest_only']) retrieved from /home/airflow/.local/lib/python3.8/site-packages/airflow/example_dags/example_latest_only.py
[2023-12-01T22:25:57.036+0000] {logging_mixin.py:154} INFO - [2023-12-01T22:25:57.036+0000] {dag.py:2941} INFO - Sync 1 DAGs
[2023-12-01T22:25:57.054+0000] {logging_mixin.py:154} INFO - [2023-12-01T22:25:57.054+0000] {dag.py:3722} INFO - Setting next_dagrun for latest_only to 2023-12-01T18:25:57.054543+00:00, run_after=2023-12-01T22:25:57.054543+00:00
[2023-12-01T22:25:57.069+0000] {processor.py:179} INFO - Processing /home/airflow/.local/lib/python3.8/site-packages/airflow/example_dags/example_latest_only.py took 0.056 seconds
[2023-12-01T22:26:27.208+0000] {processor.py:157} INFO - Started process (PID=619) to work on /home/airflow/.local/lib/python3.8/site-packages/airflow/example_dags/example_latest_only.py
[2023-12-01T22:26:27.209+0000] {processor.py:829} INFO - Processing file /home/airflow/.local/lib/python3.8/site-packages/airflow/example_dags/example_latest_only.py for tasks to queue
[2023-12-01T22:26:27.211+0000] {logging_mixin.py:154} INFO - [2023-12-01T22:26:27.210+0000] {dagbag.py:536} INFO - Filling up the DagBag from /home/airflow/.local/lib/python3.8/site-packages/airflow/example_dags/example_latest_only.py
[2023-12-01T22:26:27.214+0000] {processor.py:839} INFO - DAG(s) dict_keys(['latest_only']) retrieved from /home/airflow/.local/lib/python3.8/site-packages/airflow/example_dags/example_latest_only.py
[2023-12-01T22:26:27.228+0000] {logging_mixin.py:154} INFO - [2023-12-01T22:26:27.228+0000] {dag.py:2941} INFO - Sync 1 DAGs
[2023-12-01T22:26:27.247+0000] {logging_mixin.py:154} INFO - [2023-12-01T22:26:27.247+0000] {dag.py:3722} INFO - Setting next_dagrun for latest_only to 2023-12-01T18:26:27.247072+00:00, run_after=2023-12-01T22:26:27.247072+00:00
[2023-12-01T22:26:27.261+0000] {processor.py:179} INFO - Processing /home/airflow/.local/lib/python3.8/site-packages/airflow/example_dags/example_latest_only.py took 0.055 seconds
[2023-12-01T22:26:57.312+0000] {processor.py:157} INFO - Started process (PID=673) to work on /home/airflow/.local/lib/python3.8/site-packages/airflow/example_dags/example_latest_only.py
[2023-12-01T22:26:57.312+0000] {processor.py:829} INFO - Processing file /home/airflow/.local/lib/python3.8/site-packages/airflow/example_dags/example_latest_only.py for tasks to queue
[2023-12-01T22:26:57.314+0000] {logging_mixin.py:154} INFO - [2023-12-01T22:26:57.314+0000] {dagbag.py:536} INFO - Filling up the DagBag from /home/airflow/.local/lib/python3.8/site-packages/airflow/example_dags/example_latest_only.py
[2023-12-01T22:26:57.317+0000] {processor.py:839} INFO - DAG(s) dict_keys(['latest_only']) retrieved from /home/airflow/.local/lib/python3.8/site-packages/airflow/example_dags/example_latest_only.py
[2023-12-01T22:26:57.331+0000] {logging_mixin.py:154} INFO - [2023-12-01T22:26:57.331+0000] {dag.py:2941} INFO - Sync 1 DAGs
[2023-12-01T22:26:57.349+0000] {logging_mixin.py:154} INFO - [2023-12-01T22:26:57.348+0000] {dag.py:3722} INFO - Setting next_dagrun for latest_only to 2023-12-01T18:26:57.348767+00:00, run_after=2023-12-01T22:26:57.348767+00:00
[2023-12-01T22:26:57.361+0000] {processor.py:179} INFO - Processing /home/airflow/.local/lib/python3.8/site-packages/airflow/example_dags/example_latest_only.py took 0.052 seconds
[2023-12-01T22:27:27.394+0000] {processor.py:157} INFO - Started process (PID=728) to work on /home/airflow/.local/lib/python3.8/site-packages/airflow/example_dags/example_latest_only.py
[2023-12-01T22:27:27.395+0000] {processor.py:829} INFO - Processing file /home/airflow/.local/lib/python3.8/site-packages/airflow/example_dags/example_latest_only.py for tasks to queue
[2023-12-01T22:27:27.396+0000] {logging_mixin.py:154} INFO - [2023-12-01T22:27:27.396+0000] {dagbag.py:536} INFO - Filling up the DagBag from /home/airflow/.local/lib/python3.8/site-packages/airflow/example_dags/example_latest_only.py
[2023-12-01T22:27:27.400+0000] {processor.py:839} INFO - DAG(s) dict_keys(['latest_only']) retrieved from /home/airflow/.local/lib/python3.8/site-packages/airflow/example_dags/example_latest_only.py
[2023-12-01T22:27:27.414+0000] {logging_mixin.py:154} INFO - [2023-12-01T22:27:27.413+0000] {dag.py:2941} INFO - Sync 1 DAGs
[2023-12-01T22:27:27.430+0000] {logging_mixin.py:154} INFO - [2023-12-01T22:27:27.430+0000] {dag.py:3722} INFO - Setting next_dagrun for latest_only to 2023-12-01T18:27:27.430115+00:00, run_after=2023-12-01T22:27:27.430115+00:00
[2023-12-01T22:27:27.444+0000] {processor.py:179} INFO - Processing /home/airflow/.local/lib/python3.8/site-packages/airflow/example_dags/example_latest_only.py took 0.052 seconds
[2023-12-01T22:27:58.250+0000] {processor.py:157} INFO - Started process (PID=781) to work on /home/airflow/.local/lib/python3.8/site-packages/airflow/example_dags/example_latest_only.py
[2023-12-01T22:27:58.251+0000] {processor.py:829} INFO - Processing file /home/airflow/.local/lib/python3.8/site-packages/airflow/example_dags/example_latest_only.py for tasks to queue
[2023-12-01T22:27:58.252+0000] {logging_mixin.py:154} INFO - [2023-12-01T22:27:58.252+0000] {dagbag.py:536} INFO - Filling up the DagBag from /home/airflow/.local/lib/python3.8/site-packages/airflow/example_dags/example_latest_only.py
[2023-12-01T22:27:58.256+0000] {processor.py:839} INFO - DAG(s) dict_keys(['latest_only']) retrieved from /home/airflow/.local/lib/python3.8/site-packages/airflow/example_dags/example_latest_only.py
[2023-12-01T22:27:58.270+0000] {logging_mixin.py:154} INFO - [2023-12-01T22:27:58.270+0000] {dag.py:2941} INFO - Sync 1 DAGs
[2023-12-01T22:27:58.287+0000] {logging_mixin.py:154} INFO - [2023-12-01T22:27:58.286+0000] {dag.py:3722} INFO - Setting next_dagrun for latest_only to 2023-12-01T18:27:58.286765+00:00, run_after=2023-12-01T22:27:58.286765+00:00
[2023-12-01T22:27:58.300+0000] {processor.py:179} INFO - Processing /home/airflow/.local/lib/python3.8/site-packages/airflow/example_dags/example_latest_only.py took 0.052 seconds
[2023-12-01T22:28:28.582+0000] {processor.py:157} INFO - Started process (PID=836) to work on /home/airflow/.local/lib/python3.8/site-packages/airflow/example_dags/example_latest_only.py
[2023-12-01T22:28:28.583+0000] {processor.py:829} INFO - Processing file /home/airflow/.local/lib/python3.8/site-packages/airflow/example_dags/example_latest_only.py for tasks to queue
[2023-12-01T22:28:28.584+0000] {logging_mixin.py:154} INFO - [2023-12-01T22:28:28.584+0000] {dagbag.py:536} INFO - Filling up the DagBag from /home/airflow/.local/lib/python3.8/site-packages/airflow/example_dags/example_latest_only.py
[2023-12-01T22:28:28.588+0000] {processor.py:839} INFO - DAG(s) dict_keys(['latest_only']) retrieved from /home/airflow/.local/lib/python3.8/site-packages/airflow/example_dags/example_latest_only.py
[2023-12-01T22:28:28.602+0000] {logging_mixin.py:154} INFO - [2023-12-01T22:28:28.601+0000] {dag.py:2941} INFO - Sync 1 DAGs
[2023-12-01T22:28:28.617+0000] {logging_mixin.py:154} INFO - [2023-12-01T22:28:28.617+0000] {dag.py:3722} INFO - Setting next_dagrun for latest_only to 2023-12-01T18:28:28.616909+00:00, run_after=2023-12-01T22:28:28.616909+00:00
[2023-12-01T22:28:28.629+0000] {processor.py:179} INFO - Processing /home/airflow/.local/lib/python3.8/site-packages/airflow/example_dags/example_latest_only.py took 0.049 seconds
[2023-12-01T22:28:58.733+0000] {processor.py:157} INFO - Started process (PID=890) to work on /home/airflow/.local/lib/python3.8/site-packages/airflow/example_dags/example_latest_only.py
[2023-12-01T22:28:58.733+0000] {processor.py:829} INFO - Processing file /home/airflow/.local/lib/python3.8/site-packages/airflow/example_dags/example_latest_only.py for tasks to queue
[2023-12-01T22:28:58.735+0000] {logging_mixin.py:154} INFO - [2023-12-01T22:28:58.735+0000] {dagbag.py:536} INFO - Filling up the DagBag from /home/airflow/.local/lib/python3.8/site-packages/airflow/example_dags/example_latest_only.py
[2023-12-01T22:28:58.739+0000] {processor.py:839} INFO - DAG(s) dict_keys(['latest_only']) retrieved from /home/airflow/.local/lib/python3.8/site-packages/airflow/example_dags/example_latest_only.py
[2023-12-01T22:28:58.755+0000] {logging_mixin.py:154} INFO - [2023-12-01T22:28:58.754+0000] {dag.py:2941} INFO - Sync 1 DAGs
[2023-12-01T22:28:58.773+0000] {logging_mixin.py:154} INFO - [2023-12-01T22:28:58.773+0000] {dag.py:3722} INFO - Setting next_dagrun for latest_only to 2023-12-01T18:28:58.773564+00:00, run_after=2023-12-01T22:28:58.773564+00:00
[2023-12-01T22:28:58.788+0000] {processor.py:179} INFO - Processing /home/airflow/.local/lib/python3.8/site-packages/airflow/example_dags/example_latest_only.py took 0.058 seconds
[2023-12-01T22:29:28.908+0000] {processor.py:157} INFO - Started process (PID=943) to work on /home/airflow/.local/lib/python3.8/site-packages/airflow/example_dags/example_latest_only.py
[2023-12-01T22:29:28.909+0000] {processor.py:829} INFO - Processing file /home/airflow/.local/lib/python3.8/site-packages/airflow/example_dags/example_latest_only.py for tasks to queue
[2023-12-01T22:29:28.910+0000] {logging_mixin.py:154} INFO - [2023-12-01T22:29:28.910+0000] {dagbag.py:536} INFO - Filling up the DagBag from /home/airflow/.local/lib/python3.8/site-packages/airflow/example_dags/example_latest_only.py
[2023-12-01T22:29:28.914+0000] {processor.py:839} INFO - DAG(s) dict_keys(['latest_only']) retrieved from /home/airflow/.local/lib/python3.8/site-packages/airflow/example_dags/example_latest_only.py
[2023-12-01T22:29:28.928+0000] {logging_mixin.py:154} INFO - [2023-12-01T22:29:28.928+0000] {dag.py:2941} INFO - Sync 1 DAGs
[2023-12-01T22:29:28.943+0000] {logging_mixin.py:154} INFO - [2023-12-01T22:29:28.943+0000] {dag.py:3722} INFO - Setting next_dagrun for latest_only to 2023-12-01T18:29:28.942917+00:00, run_after=2023-12-01T22:29:28.942917+00:00
[2023-12-01T22:29:28.955+0000] {processor.py:179} INFO - Processing /home/airflow/.local/lib/python3.8/site-packages/airflow/example_dags/example_latest_only.py took 0.049 seconds
[2023-12-01T22:29:58.996+0000] {processor.py:157} INFO - Started process (PID=997) to work on /home/airflow/.local/lib/python3.8/site-packages/airflow/example_dags/example_latest_only.py
[2023-12-01T22:29:58.997+0000] {processor.py:829} INFO - Processing file /home/airflow/.local/lib/python3.8/site-packages/airflow/example_dags/example_latest_only.py for tasks to queue
[2023-12-01T22:29:58.998+0000] {logging_mixin.py:154} INFO - [2023-12-01T22:29:58.998+0000] {dagbag.py:536} INFO - Filling up the DagBag from /home/airflow/.local/lib/python3.8/site-packages/airflow/example_dags/example_latest_only.py
[2023-12-01T22:29:59.002+0000] {processor.py:839} INFO - DAG(s) dict_keys(['latest_only']) retrieved from /home/airflow/.local/lib/python3.8/site-packages/airflow/example_dags/example_latest_only.py
[2023-12-01T22:29:59.015+0000] {logging_mixin.py:154} INFO - [2023-12-01T22:29:59.015+0000] {dag.py:2941} INFO - Sync 1 DAGs
[2023-12-01T22:29:59.030+0000] {logging_mixin.py:154} INFO - [2023-12-01T22:29:59.030+0000] {dag.py:3722} INFO - Setting next_dagrun for latest_only to 2023-12-01T18:29:59.030463+00:00, run_after=2023-12-01T22:29:59.030463+00:00
[2023-12-01T22:29:59.043+0000] {processor.py:179} INFO - Processing /home/airflow/.local/lib/python3.8/site-packages/airflow/example_dags/example_latest_only.py took 0.049 seconds
[2023-12-01T22:30:29.166+0000] {processor.py:157} INFO - Started process (PID=1051) to work on /home/airflow/.local/lib/python3.8/site-packages/airflow/example_dags/example_latest_only.py
[2023-12-01T22:30:29.167+0000] {processor.py:829} INFO - Processing file /home/airflow/.local/lib/python3.8/site-packages/airflow/example_dags/example_latest_only.py for tasks to queue
[2023-12-01T22:30:29.169+0000] {logging_mixin.py:154} INFO - [2023-12-01T22:30:29.168+0000] {dagbag.py:536} INFO - Filling up the DagBag from /home/airflow/.local/lib/python3.8/site-packages/airflow/example_dags/example_latest_only.py
[2023-12-01T22:30:29.172+0000] {processor.py:839} INFO - DAG(s) dict_keys(['latest_only']) retrieved from /home/airflow/.local/lib/python3.8/site-packages/airflow/example_dags/example_latest_only.py
[2023-12-01T22:30:29.185+0000] {logging_mixin.py:154} INFO - [2023-12-01T22:30:29.185+0000] {dag.py:2941} INFO - Sync 1 DAGs
[2023-12-01T22:30:29.200+0000] {logging_mixin.py:154} INFO - [2023-12-01T22:30:29.199+0000] {dag.py:3722} INFO - Setting next_dagrun for latest_only to 2023-12-01T18:30:29.199703+00:00, run_after=2023-12-01T22:30:29.199703+00:00
[2023-12-01T22:30:29.213+0000] {processor.py:179} INFO - Processing /home/airflow/.local/lib/python3.8/site-packages/airflow/example_dags/example_latest_only.py took 0.049 seconds
[2023-12-01T22:30:59.283+0000] {processor.py:157} INFO - Started process (PID=1105) to work on /home/airflow/.local/lib/python3.8/site-packages/airflow/example_dags/example_latest_only.py
[2023-12-01T22:30:59.284+0000] {processor.py:829} INFO - Processing file /home/airflow/.local/lib/python3.8/site-packages/airflow/example_dags/example_latest_only.py for tasks to queue
[2023-12-01T22:30:59.286+0000] {logging_mixin.py:154} INFO - [2023-12-01T22:30:59.285+0000] {dagbag.py:536} INFO - Filling up the DagBag from /home/airflow/.local/lib/python3.8/site-packages/airflow/example_dags/example_latest_only.py
[2023-12-01T22:30:59.289+0000] {processor.py:839} INFO - DAG(s) dict_keys(['latest_only']) retrieved from /home/airflow/.local/lib/python3.8/site-packages/airflow/example_dags/example_latest_only.py
[2023-12-01T22:30:59.302+0000] {logging_mixin.py:154} INFO - [2023-12-01T22:30:59.302+0000] {dag.py:2941} INFO - Sync 1 DAGs
[2023-12-01T22:30:59.317+0000] {logging_mixin.py:154} INFO - [2023-12-01T22:30:59.317+0000] {dag.py:3722} INFO - Setting next_dagrun for latest_only to 2023-12-01T18:30:59.317660+00:00, run_after=2023-12-01T22:30:59.317660+00:00
[2023-12-01T22:30:59.330+0000] {processor.py:179} INFO - Processing /home/airflow/.local/lib/python3.8/site-packages/airflow/example_dags/example_latest_only.py took 0.049 seconds
[2023-12-01T22:31:29.347+0000] {processor.py:157} INFO - Started process (PID=1158) to work on /home/airflow/.local/lib/python3.8/site-packages/airflow/example_dags/example_latest_only.py
[2023-12-01T22:31:29.348+0000] {processor.py:829} INFO - Processing file /home/airflow/.local/lib/python3.8/site-packages/airflow/example_dags/example_latest_only.py for tasks to queue
[2023-12-01T22:31:29.349+0000] {logging_mixin.py:154} INFO - [2023-12-01T22:31:29.349+0000] {dagbag.py:536} INFO - Filling up the DagBag from /home/airflow/.local/lib/python3.8/site-packages/airflow/example_dags/example_latest_only.py
[2023-12-01T22:31:29.353+0000] {processor.py:839} INFO - DAG(s) dict_keys(['latest_only']) retrieved from /home/airflow/.local/lib/python3.8/site-packages/airflow/example_dags/example_latest_only.py
[2023-12-01T22:31:29.367+0000] {logging_mixin.py:154} INFO - [2023-12-01T22:31:29.366+0000] {dag.py:2941} INFO - Sync 1 DAGs
[2023-12-01T22:31:29.382+0000] {logging_mixin.py:154} INFO - [2023-12-01T22:31:29.381+0000] {dag.py:3722} INFO - Setting next_dagrun for latest_only to 2023-12-01T18:31:29.381765+00:00, run_after=2023-12-01T22:31:29.381765+00:00
[2023-12-01T22:31:29.395+0000] {processor.py:179} INFO - Processing /home/airflow/.local/lib/python3.8/site-packages/airflow/example_dags/example_latest_only.py took 0.050 seconds
[2023-12-01T22:31:59.479+0000] {processor.py:157} INFO - Started process (PID=1212) to work on /home/airflow/.local/lib/python3.8/site-packages/airflow/example_dags/example_latest_only.py
[2023-12-01T22:31:59.480+0000] {processor.py:829} INFO - Processing file /home/airflow/.local/lib/python3.8/site-packages/airflow/example_dags/example_latest_only.py for tasks to queue
[2023-12-01T22:31:59.482+0000] {logging_mixin.py:154} INFO - [2023-12-01T22:31:59.481+0000] {dagbag.py:536} INFO - Filling up the DagBag from /home/airflow/.local/lib/python3.8/site-packages/airflow/example_dags/example_latest_only.py
[2023-12-01T22:31:59.485+0000] {processor.py:839} INFO - DAG(s) dict_keys(['latest_only']) retrieved from /home/airflow/.local/lib/python3.8/site-packages/airflow/example_dags/example_latest_only.py
[2023-12-01T22:31:59.498+0000] {logging_mixin.py:154} INFO - [2023-12-01T22:31:59.498+0000] {dag.py:2941} INFO - Sync 1 DAGs
[2023-12-01T22:31:59.513+0000] {logging_mixin.py:154} INFO - [2023-12-01T22:31:59.513+0000] {dag.py:3722} INFO - Setting next_dagrun for latest_only to 2023-12-01T18:31:59.513457+00:00, run_after=2023-12-01T22:31:59.513457+00:00
[2023-12-01T22:31:59.525+0000] {processor.py:179} INFO - Processing /home/airflow/.local/lib/python3.8/site-packages/airflow/example_dags/example_latest_only.py took 0.048 seconds
[2023-12-01T22:32:29.630+0000] {processor.py:157} INFO - Started process (PID=1266) to work on /home/airflow/.local/lib/python3.8/site-packages/airflow/example_dags/example_latest_only.py
[2023-12-01T22:32:29.631+0000] {processor.py:829} INFO - Processing file /home/airflow/.local/lib/python3.8/site-packages/airflow/example_dags/example_latest_only.py for tasks to queue
[2023-12-01T22:32:29.632+0000] {logging_mixin.py:154} INFO - [2023-12-01T22:32:29.632+0000] {dagbag.py:536} INFO - Filling up the DagBag from /home/airflow/.local/lib/python3.8/site-packages/airflow/example_dags/example_latest_only.py
[2023-12-01T22:32:29.636+0000] {processor.py:839} INFO - DAG(s) dict_keys(['latest_only']) retrieved from /home/airflow/.local/lib/python3.8/site-packages/airflow/example_dags/example_latest_only.py
[2023-12-01T22:32:29.649+0000] {logging_mixin.py:154} INFO - [2023-12-01T22:32:29.649+0000] {dag.py:2941} INFO - Sync 1 DAGs
[2023-12-01T22:32:29.666+0000] {logging_mixin.py:154} INFO - [2023-12-01T22:32:29.666+0000] {dag.py:3722} INFO - Setting next_dagrun for latest_only to 2023-12-01T18:32:29.666191+00:00, run_after=2023-12-01T22:32:29.666191+00:00
[2023-12-01T22:32:29.679+0000] {processor.py:179} INFO - Processing /home/airflow/.local/lib/python3.8/site-packages/airflow/example_dags/example_latest_only.py took 0.051 seconds
[2023-12-01T22:33:00.218+0000] {processor.py:157} INFO - Started process (PID=1321) to work on /home/airflow/.local/lib/python3.8/site-packages/airflow/example_dags/example_latest_only.py
[2023-12-01T22:33:00.219+0000] {processor.py:829} INFO - Processing file /home/airflow/.local/lib/python3.8/site-packages/airflow/example_dags/example_latest_only.py for tasks to queue
[2023-12-01T22:33:00.221+0000] {logging_mixin.py:154} INFO - [2023-12-01T22:33:00.220+0000] {dagbag.py:536} INFO - Filling up the DagBag from /home/airflow/.local/lib/python3.8/site-packages/airflow/example_dags/example_latest_only.py
[2023-12-01T22:33:00.224+0000] {processor.py:839} INFO - DAG(s) dict_keys(['latest_only']) retrieved from /home/airflow/.local/lib/python3.8/site-packages/airflow/example_dags/example_latest_only.py
[2023-12-01T22:33:00.239+0000] {logging_mixin.py:154} INFO - [2023-12-01T22:33:00.239+0000] {dag.py:2941} INFO - Sync 1 DAGs
[2023-12-01T22:33:00.258+0000] {logging_mixin.py:154} INFO - [2023-12-01T22:33:00.258+0000] {dag.py:3722} INFO - Setting next_dagrun for latest_only to 2023-12-01T18:33:00.258346+00:00, run_after=2023-12-01T22:33:00.258346+00:00
[2023-12-01T22:33:00.277+0000] {processor.py:179} INFO - Processing /home/airflow/.local/lib/python3.8/site-packages/airflow/example_dags/example_latest_only.py took 0.062 seconds
[2023-12-01T22:33:30.643+0000] {processor.py:157} INFO - Started process (PID=1376) to work on /home/airflow/.local/lib/python3.8/site-packages/airflow/example_dags/example_latest_only.py
[2023-12-01T22:33:30.644+0000] {processor.py:829} INFO - Processing file /home/airflow/.local/lib/python3.8/site-packages/airflow/example_dags/example_latest_only.py for tasks to queue
[2023-12-01T22:33:30.645+0000] {logging_mixin.py:154} INFO - [2023-12-01T22:33:30.645+0000] {dagbag.py:536} INFO - Filling up the DagBag from /home/airflow/.local/lib/python3.8/site-packages/airflow/example_dags/example_latest_only.py
[2023-12-01T22:33:30.649+0000] {processor.py:839} INFO - DAG(s) dict_keys(['latest_only']) retrieved from /home/airflow/.local/lib/python3.8/site-packages/airflow/example_dags/example_latest_only.py
[2023-12-01T22:33:30.666+0000] {logging_mixin.py:154} INFO - [2023-12-01T22:33:30.666+0000] {dag.py:2941} INFO - Sync 1 DAGs
[2023-12-01T22:33:30.683+0000] {logging_mixin.py:154} INFO - [2023-12-01T22:33:30.682+0000] {dag.py:3722} INFO - Setting next_dagrun for latest_only to 2023-12-01T18:33:30.682559+00:00, run_after=2023-12-01T22:33:30.682559+00:00
[2023-12-01T22:33:30.700+0000] {processor.py:179} INFO - Processing /home/airflow/.local/lib/python3.8/site-packages/airflow/example_dags/example_latest_only.py took 0.060 seconds
[2023-12-01T22:34:00.882+0000] {processor.py:157} INFO - Started process (PID=1430) to work on /home/airflow/.local/lib/python3.8/site-packages/airflow/example_dags/example_latest_only.py
[2023-12-01T22:34:00.883+0000] {processor.py:829} INFO - Processing file /home/airflow/.local/lib/python3.8/site-packages/airflow/example_dags/example_latest_only.py for tasks to queue
[2023-12-01T22:34:00.885+0000] {logging_mixin.py:154} INFO - [2023-12-01T22:34:00.885+0000] {dagbag.py:536} INFO - Filling up the DagBag from /home/airflow/.local/lib/python3.8/site-packages/airflow/example_dags/example_latest_only.py
[2023-12-01T22:34:00.889+0000] {processor.py:839} INFO - DAG(s) dict_keys(['latest_only']) retrieved from /home/airflow/.local/lib/python3.8/site-packages/airflow/example_dags/example_latest_only.py
[2023-12-01T22:34:00.906+0000] {logging_mixin.py:154} INFO - [2023-12-01T22:34:00.905+0000] {dag.py:2941} INFO - Sync 1 DAGs
[2023-12-01T22:34:00.925+0000] {logging_mixin.py:154} INFO - [2023-12-01T22:34:00.925+0000] {dag.py:3722} INFO - Setting next_dagrun for latest_only to 2023-12-01T18:34:00.925367+00:00, run_after=2023-12-01T22:34:00.925367+00:00
[2023-12-01T22:34:00.944+0000] {processor.py:179} INFO - Processing /home/airflow/.local/lib/python3.8/site-packages/airflow/example_dags/example_latest_only.py took 0.064 seconds
[2023-12-01T22:34:31.666+0000] {processor.py:157} INFO - Started process (PID=1484) to work on /home/airflow/.local/lib/python3.8/site-packages/airflow/example_dags/example_latest_only.py
[2023-12-01T22:34:31.667+0000] {processor.py:829} INFO - Processing file /home/airflow/.local/lib/python3.8/site-packages/airflow/example_dags/example_latest_only.py for tasks to queue
[2023-12-01T22:34:31.669+0000] {logging_mixin.py:154} INFO - [2023-12-01T22:34:31.668+0000] {dagbag.py:536} INFO - Filling up the DagBag from /home/airflow/.local/lib/python3.8/site-packages/airflow/example_dags/example_latest_only.py
[2023-12-01T22:34:31.674+0000] {processor.py:839} INFO - DAG(s) dict_keys(['latest_only']) retrieved from /home/airflow/.local/lib/python3.8/site-packages/airflow/example_dags/example_latest_only.py
[2023-12-01T22:34:31.693+0000] {logging_mixin.py:154} INFO - [2023-12-01T22:34:31.693+0000] {dag.py:2941} INFO - Sync 1 DAGs
[2023-12-01T22:34:31.716+0000] {logging_mixin.py:154} INFO - [2023-12-01T22:34:31.715+0000] {dag.py:3722} INFO - Setting next_dagrun for latest_only to 2023-12-01T18:34:31.715751+00:00, run_after=2023-12-01T22:34:31.715751+00:00
[2023-12-01T22:34:31.733+0000] {processor.py:179} INFO - Processing /home/airflow/.local/lib/python3.8/site-packages/airflow/example_dags/example_latest_only.py took 0.069 seconds
[2023-12-01T22:35:02.030+0000] {processor.py:157} INFO - Started process (PID=1538) to work on /home/airflow/.local/lib/python3.8/site-packages/airflow/example_dags/example_latest_only.py
[2023-12-01T22:35:02.031+0000] {processor.py:829} INFO - Processing file /home/airflow/.local/lib/python3.8/site-packages/airflow/example_dags/example_latest_only.py for tasks to queue
[2023-12-01T22:35:02.034+0000] {logging_mixin.py:154} INFO - [2023-12-01T22:35:02.033+0000] {dagbag.py:536} INFO - Filling up the DagBag from /home/airflow/.local/lib/python3.8/site-packages/airflow/example_dags/example_latest_only.py
[2023-12-01T22:35:02.039+0000] {processor.py:839} INFO - DAG(s) dict_keys(['latest_only']) retrieved from /home/airflow/.local/lib/python3.8/site-packages/airflow/example_dags/example_latest_only.py
[2023-12-01T22:35:02.059+0000] {logging_mixin.py:154} INFO - [2023-12-01T22:35:02.059+0000] {dag.py:2941} INFO - Sync 1 DAGs
[2023-12-01T22:35:02.083+0000] {logging_mixin.py:154} INFO - [2023-12-01T22:35:02.083+0000] {dag.py:3722} INFO - Setting next_dagrun for latest_only to 2023-12-01T18:35:02.083347+00:00, run_after=2023-12-01T22:35:02.083347+00:00
[2023-12-01T22:35:02.105+0000] {processor.py:179} INFO - Processing /home/airflow/.local/lib/python3.8/site-packages/airflow/example_dags/example_latest_only.py took 0.079 seconds
[2023-12-01T22:35:32.341+0000] {processor.py:157} INFO - Started process (PID=1592) to work on /home/airflow/.local/lib/python3.8/site-packages/airflow/example_dags/example_latest_only.py
[2023-12-01T22:35:32.342+0000] {processor.py:829} INFO - Processing file /home/airflow/.local/lib/python3.8/site-packages/airflow/example_dags/example_latest_only.py for tasks to queue
[2023-12-01T22:35:32.344+0000] {logging_mixin.py:154} INFO - [2023-12-01T22:35:32.344+0000] {dagbag.py:536} INFO - Filling up the DagBag from /home/airflow/.local/lib/python3.8/site-packages/airflow/example_dags/example_latest_only.py
[2023-12-01T22:35:32.348+0000] {processor.py:839} INFO - DAG(s) dict_keys(['latest_only']) retrieved from /home/airflow/.local/lib/python3.8/site-packages/airflow/example_dags/example_latest_only.py
[2023-12-01T22:35:32.365+0000] {logging_mixin.py:154} INFO - [2023-12-01T22:35:32.364+0000] {dag.py:2941} INFO - Sync 1 DAGs
[2023-12-01T22:35:32.383+0000] {logging_mixin.py:154} INFO - [2023-12-01T22:35:32.382+0000] {dag.py:3722} INFO - Setting next_dagrun for latest_only to 2023-12-01T18:35:32.382647+00:00, run_after=2023-12-01T22:35:32.382647+00:00
[2023-12-01T22:35:32.399+0000] {processor.py:179} INFO - Processing /home/airflow/.local/lib/python3.8/site-packages/airflow/example_dags/example_latest_only.py took 0.061 seconds
[2023-12-01T22:38:30.885+0000] {processor.py:157} INFO - Started process (PID=79) to work on /home/airflow/.local/lib/python3.8/site-packages/airflow/example_dags/example_latest_only.py
[2023-12-01T22:38:30.886+0000] {processor.py:829} INFO - Processing file /home/airflow/.local/lib/python3.8/site-packages/airflow/example_dags/example_latest_only.py for tasks to queue
[2023-12-01T22:38:30.889+0000] {logging_mixin.py:154} INFO - [2023-12-01T22:38:30.889+0000] {dagbag.py:536} INFO - Filling up the DagBag from /home/airflow/.local/lib/python3.8/site-packages/airflow/example_dags/example_latest_only.py
[2023-12-01T22:38:30.895+0000] {processor.py:839} INFO - DAG(s) dict_keys(['latest_only']) retrieved from /home/airflow/.local/lib/python3.8/site-packages/airflow/example_dags/example_latest_only.py
[2023-12-01T22:38:30.907+0000] {logging_mixin.py:154} INFO - [2023-12-01T22:38:30.907+0000] {dag.py:2941} INFO - Sync 1 DAGs
[2023-12-01T22:38:30.933+0000] {logging_mixin.py:154} INFO - [2023-12-01T22:38:30.933+0000] {dag.py:3722} INFO - Setting next_dagrun for latest_only to 2023-12-01T18:38:30.933024+00:00, run_after=2023-12-01T22:38:30.933024+00:00
[2023-12-01T22:38:30.955+0000] {processor.py:179} INFO - Processing /home/airflow/.local/lib/python3.8/site-packages/airflow/example_dags/example_latest_only.py took 0.072 seconds
[2023-12-01T22:39:01.412+0000] {processor.py:157} INFO - Started process (PID=133) to work on /home/airflow/.local/lib/python3.8/site-packages/airflow/example_dags/example_latest_only.py
[2023-12-01T22:39:01.413+0000] {processor.py:829} INFO - Processing file /home/airflow/.local/lib/python3.8/site-packages/airflow/example_dags/example_latest_only.py for tasks to queue
[2023-12-01T22:39:01.414+0000] {logging_mixin.py:154} INFO - [2023-12-01T22:39:01.414+0000] {dagbag.py:536} INFO - Filling up the DagBag from /home/airflow/.local/lib/python3.8/site-packages/airflow/example_dags/example_latest_only.py
[2023-12-01T22:39:01.420+0000] {processor.py:839} INFO - DAG(s) dict_keys(['latest_only']) retrieved from /home/airflow/.local/lib/python3.8/site-packages/airflow/example_dags/example_latest_only.py
[2023-12-01T22:39:01.441+0000] {logging_mixin.py:154} INFO - [2023-12-01T22:39:01.441+0000] {dag.py:2941} INFO - Sync 1 DAGs
[2023-12-01T22:39:01.462+0000] {logging_mixin.py:154} INFO - [2023-12-01T22:39:01.461+0000] {dag.py:3722} INFO - Setting next_dagrun for latest_only to 2023-12-01T18:39:01.461508+00:00, run_after=2023-12-01T22:39:01.461508+00:00
[2023-12-01T22:39:01.476+0000] {processor.py:179} INFO - Processing /home/airflow/.local/lib/python3.8/site-packages/airflow/example_dags/example_latest_only.py took 0.067 seconds
[2023-12-01T22:39:31.870+0000] {processor.py:157} INFO - Started process (PID=187) to work on /home/airflow/.local/lib/python3.8/site-packages/airflow/example_dags/example_latest_only.py
[2023-12-01T22:39:31.871+0000] {processor.py:829} INFO - Processing file /home/airflow/.local/lib/python3.8/site-packages/airflow/example_dags/example_latest_only.py for tasks to queue
[2023-12-01T22:39:31.873+0000] {logging_mixin.py:154} INFO - [2023-12-01T22:39:31.873+0000] {dagbag.py:536} INFO - Filling up the DagBag from /home/airflow/.local/lib/python3.8/site-packages/airflow/example_dags/example_latest_only.py
[2023-12-01T22:39:31.877+0000] {processor.py:839} INFO - DAG(s) dict_keys(['latest_only']) retrieved from /home/airflow/.local/lib/python3.8/site-packages/airflow/example_dags/example_latest_only.py
[2023-12-01T22:39:31.897+0000] {logging_mixin.py:154} INFO - [2023-12-01T22:39:31.897+0000] {dag.py:2941} INFO - Sync 1 DAGs
[2023-12-01T22:39:31.920+0000] {logging_mixin.py:154} INFO - [2023-12-01T22:39:31.919+0000] {dag.py:3722} INFO - Setting next_dagrun for latest_only to 2023-12-01T18:39:31.919776+00:00, run_after=2023-12-01T22:39:31.919776+00:00
[2023-12-01T22:39:31.935+0000] {processor.py:179} INFO - Processing /home/airflow/.local/lib/python3.8/site-packages/airflow/example_dags/example_latest_only.py took 0.067 seconds
[2023-12-01T22:40:02.359+0000] {processor.py:157} INFO - Started process (PID=241) to work on /home/airflow/.local/lib/python3.8/site-packages/airflow/example_dags/example_latest_only.py
[2023-12-01T22:40:02.360+0000] {processor.py:829} INFO - Processing file /home/airflow/.local/lib/python3.8/site-packages/airflow/example_dags/example_latest_only.py for tasks to queue
[2023-12-01T22:40:02.362+0000] {logging_mixin.py:154} INFO - [2023-12-01T22:40:02.362+0000] {dagbag.py:536} INFO - Filling up the DagBag from /home/airflow/.local/lib/python3.8/site-packages/airflow/example_dags/example_latest_only.py
[2023-12-01T22:40:02.366+0000] {processor.py:839} INFO - DAG(s) dict_keys(['latest_only']) retrieved from /home/airflow/.local/lib/python3.8/site-packages/airflow/example_dags/example_latest_only.py
[2023-12-01T22:40:02.383+0000] {logging_mixin.py:154} INFO - [2023-12-01T22:40:02.382+0000] {dag.py:2941} INFO - Sync 1 DAGs
[2023-12-01T22:40:02.401+0000] {logging_mixin.py:154} INFO - [2023-12-01T22:40:02.401+0000] {dag.py:3722} INFO - Setting next_dagrun for latest_only to 2023-12-01T18:40:02.401583+00:00, run_after=2023-12-01T22:40:02.401583+00:00
[2023-12-01T22:40:02.416+0000] {processor.py:179} INFO - Processing /home/airflow/.local/lib/python3.8/site-packages/airflow/example_dags/example_latest_only.py took 0.059 seconds
[2023-12-01T22:40:32.809+0000] {processor.py:157} INFO - Started process (PID=294) to work on /home/airflow/.local/lib/python3.8/site-packages/airflow/example_dags/example_latest_only.py
[2023-12-01T22:40:32.810+0000] {processor.py:829} INFO - Processing file /home/airflow/.local/lib/python3.8/site-packages/airflow/example_dags/example_latest_only.py for tasks to queue
[2023-12-01T22:40:32.812+0000] {logging_mixin.py:154} INFO - [2023-12-01T22:40:32.811+0000] {dagbag.py:536} INFO - Filling up the DagBag from /home/airflow/.local/lib/python3.8/site-packages/airflow/example_dags/example_latest_only.py
[2023-12-01T22:40:32.815+0000] {processor.py:839} INFO - DAG(s) dict_keys(['latest_only']) retrieved from /home/airflow/.local/lib/python3.8/site-packages/airflow/example_dags/example_latest_only.py
[2023-12-01T22:40:32.831+0000] {logging_mixin.py:154} INFO - [2023-12-01T22:40:32.831+0000] {dag.py:2941} INFO - Sync 1 DAGs
[2023-12-01T22:40:32.850+0000] {logging_mixin.py:154} INFO - [2023-12-01T22:40:32.849+0000] {dag.py:3722} INFO - Setting next_dagrun for latest_only to 2023-12-01T18:40:32.849717+00:00, run_after=2023-12-01T22:40:32.849717+00:00
[2023-12-01T22:40:32.869+0000] {processor.py:179} INFO - Processing /home/airflow/.local/lib/python3.8/site-packages/airflow/example_dags/example_latest_only.py took 0.062 seconds
[2023-12-01T22:41:03.267+0000] {processor.py:157} INFO - Started process (PID=348) to work on /home/airflow/.local/lib/python3.8/site-packages/airflow/example_dags/example_latest_only.py
[2023-12-01T22:41:03.268+0000] {processor.py:829} INFO - Processing file /home/airflow/.local/lib/python3.8/site-packages/airflow/example_dags/example_latest_only.py for tasks to queue
[2023-12-01T22:41:03.269+0000] {logging_mixin.py:154} INFO - [2023-12-01T22:41:03.269+0000] {dagbag.py:536} INFO - Filling up the DagBag from /home/airflow/.local/lib/python3.8/site-packages/airflow/example_dags/example_latest_only.py
[2023-12-01T22:41:03.273+0000] {processor.py:839} INFO - DAG(s) dict_keys(['latest_only']) retrieved from /home/airflow/.local/lib/python3.8/site-packages/airflow/example_dags/example_latest_only.py
[2023-12-01T22:41:03.290+0000] {logging_mixin.py:154} INFO - [2023-12-01T22:41:03.290+0000] {dag.py:2941} INFO - Sync 1 DAGs
[2023-12-01T22:41:03.315+0000] {logging_mixin.py:154} INFO - [2023-12-01T22:41:03.315+0000] {dag.py:3722} INFO - Setting next_dagrun for latest_only to 2023-12-01T18:41:03.315320+00:00, run_after=2023-12-01T22:41:03.315320+00:00
[2023-12-01T22:41:03.331+0000] {processor.py:179} INFO - Processing /home/airflow/.local/lib/python3.8/site-packages/airflow/example_dags/example_latest_only.py took 0.066 seconds
