[2023-12-01T22:13:42.224+0000] {processor.py:157} INFO - Started process (PID=62) to work on /home/airflow/.local/lib/python3.8/site-packages/airflow/example_dags/tutorial_dag.py
[2023-12-01T22:13:42.225+0000] {processor.py:829} INFO - Processing file /home/airflow/.local/lib/python3.8/site-packages/airflow/example_dags/tutorial_dag.py for tasks to queue
[2023-12-01T22:13:42.227+0000] {logging_mixin.py:154} INFO - [2023-12-01T22:13:42.227+0000] {dagbag.py:536} INFO - Filling up the DagBag from /home/airflow/.local/lib/python3.8/site-packages/airflow/example_dags/tutorial_dag.py
[2023-12-01T22:13:42.234+0000] {processor.py:839} INFO - DAG(s) dict_keys(['tutorial_dag']) retrieved from /home/airflow/.local/lib/python3.8/site-packages/airflow/example_dags/tutorial_dag.py
[2023-12-01T22:13:42.254+0000] {logging_mixin.py:154} INFO - [2023-12-01T22:13:42.254+0000] {dag.py:2941} INFO - Sync 1 DAGs
[2023-12-01T22:13:42.268+0000] {logging_mixin.py:154} INFO - [2023-12-01T22:13:42.267+0000] {dag.py:3722} INFO - Setting next_dagrun for tutorial_dag to None, run_after=None
[2023-12-01T22:13:42.283+0000] {processor.py:179} INFO - Processing /home/airflow/.local/lib/python3.8/site-packages/airflow/example_dags/tutorial_dag.py took 0.063 seconds
[2023-12-01T22:19:41.549+0000] {processor.py:157} INFO - Started process (PID=60) to work on /home/airflow/.local/lib/python3.8/site-packages/airflow/example_dags/tutorial_dag.py
[2023-12-01T22:19:41.550+0000] {processor.py:829} INFO - Processing file /home/airflow/.local/lib/python3.8/site-packages/airflow/example_dags/tutorial_dag.py for tasks to queue
[2023-12-01T22:19:41.553+0000] {logging_mixin.py:154} INFO - [2023-12-01T22:19:41.552+0000] {dagbag.py:536} INFO - Filling up the DagBag from /home/airflow/.local/lib/python3.8/site-packages/airflow/example_dags/tutorial_dag.py
[2023-12-01T22:19:41.560+0000] {processor.py:839} INFO - DAG(s) dict_keys(['tutorial_dag']) retrieved from /home/airflow/.local/lib/python3.8/site-packages/airflow/example_dags/tutorial_dag.py
[2023-12-01T22:19:41.580+0000] {logging_mixin.py:154} INFO - [2023-12-01T22:19:41.579+0000] {dag.py:2941} INFO - Sync 1 DAGs
[2023-12-01T22:19:41.593+0000] {logging_mixin.py:154} INFO - [2023-12-01T22:19:41.593+0000] {dag.py:3722} INFO - Setting next_dagrun for tutorial_dag to None, run_after=None
[2023-12-01T22:19:41.609+0000] {processor.py:179} INFO - Processing /home/airflow/.local/lib/python3.8/site-packages/airflow/example_dags/tutorial_dag.py took 0.063 seconds
[2023-12-01T22:21:22.651+0000] {processor.py:157} INFO - Started process (PID=61) to work on /home/airflow/.local/lib/python3.8/site-packages/airflow/example_dags/tutorial_dag.py
[2023-12-01T22:21:22.652+0000] {processor.py:829} INFO - Processing file /home/airflow/.local/lib/python3.8/site-packages/airflow/example_dags/tutorial_dag.py for tasks to queue
[2023-12-01T22:21:22.654+0000] {logging_mixin.py:154} INFO - [2023-12-01T22:21:22.654+0000] {dagbag.py:536} INFO - Filling up the DagBag from /home/airflow/.local/lib/python3.8/site-packages/airflow/example_dags/tutorial_dag.py
[2023-12-01T22:21:22.660+0000] {processor.py:839} INFO - DAG(s) dict_keys(['tutorial_dag']) retrieved from /home/airflow/.local/lib/python3.8/site-packages/airflow/example_dags/tutorial_dag.py
[2023-12-01T22:21:22.671+0000] {logging_mixin.py:154} INFO - [2023-12-01T22:21:22.671+0000] {dag.py:2941} INFO - Sync 1 DAGs
[2023-12-01T22:21:22.683+0000] {logging_mixin.py:154} INFO - [2023-12-01T22:21:22.683+0000] {dag.py:3722} INFO - Setting next_dagrun for tutorial_dag to None, run_after=None
[2023-12-01T22:21:22.701+0000] {processor.py:179} INFO - Processing /home/airflow/.local/lib/python3.8/site-packages/airflow/example_dags/tutorial_dag.py took 0.052 seconds
[2023-12-01T22:21:52.973+0000] {processor.py:157} INFO - Started process (PID=116) to work on /home/airflow/.local/lib/python3.8/site-packages/airflow/example_dags/tutorial_dag.py
[2023-12-01T22:21:52.975+0000] {processor.py:829} INFO - Processing file /home/airflow/.local/lib/python3.8/site-packages/airflow/example_dags/tutorial_dag.py for tasks to queue
[2023-12-01T22:21:52.977+0000] {logging_mixin.py:154} INFO - [2023-12-01T22:21:52.977+0000] {dagbag.py:536} INFO - Filling up the DagBag from /home/airflow/.local/lib/python3.8/site-packages/airflow/example_dags/tutorial_dag.py
[2023-12-01T22:21:52.984+0000] {processor.py:839} INFO - DAG(s) dict_keys(['tutorial_dag']) retrieved from /home/airflow/.local/lib/python3.8/site-packages/airflow/example_dags/tutorial_dag.py
[2023-12-01T22:21:53.021+0000] {logging_mixin.py:154} INFO - [2023-12-01T22:21:53.020+0000] {dag.py:2941} INFO - Sync 1 DAGs
[2023-12-01T22:21:53.044+0000] {logging_mixin.py:154} INFO - [2023-12-01T22:21:53.044+0000] {dag.py:3722} INFO - Setting next_dagrun for tutorial_dag to None, run_after=None
[2023-12-01T22:21:53.089+0000] {processor.py:179} INFO - Processing /home/airflow/.local/lib/python3.8/site-packages/airflow/example_dags/tutorial_dag.py took 0.125 seconds
[2023-12-01T22:22:23.230+0000] {processor.py:157} INFO - Started process (PID=170) to work on /home/airflow/.local/lib/python3.8/site-packages/airflow/example_dags/tutorial_dag.py
[2023-12-01T22:22:23.231+0000] {processor.py:829} INFO - Processing file /home/airflow/.local/lib/python3.8/site-packages/airflow/example_dags/tutorial_dag.py for tasks to queue
[2023-12-01T22:22:23.232+0000] {logging_mixin.py:154} INFO - [2023-12-01T22:22:23.232+0000] {dagbag.py:536} INFO - Filling up the DagBag from /home/airflow/.local/lib/python3.8/site-packages/airflow/example_dags/tutorial_dag.py
[2023-12-01T22:22:23.236+0000] {processor.py:839} INFO - DAG(s) dict_keys(['tutorial_dag']) retrieved from /home/airflow/.local/lib/python3.8/site-packages/airflow/example_dags/tutorial_dag.py
[2023-12-01T22:22:23.250+0000] {logging_mixin.py:154} INFO - [2023-12-01T22:22:23.250+0000] {dag.py:2941} INFO - Sync 1 DAGs
[2023-12-01T22:22:23.260+0000] {logging_mixin.py:154} INFO - [2023-12-01T22:22:23.259+0000] {dag.py:3722} INFO - Setting next_dagrun for tutorial_dag to None, run_after=None
[2023-12-01T22:22:23.275+0000] {processor.py:179} INFO - Processing /home/airflow/.local/lib/python3.8/site-packages/airflow/example_dags/tutorial_dag.py took 0.047 seconds
[2023-12-01T22:22:53.476+0000] {processor.py:157} INFO - Started process (PID=224) to work on /home/airflow/.local/lib/python3.8/site-packages/airflow/example_dags/tutorial_dag.py
[2023-12-01T22:22:53.477+0000] {processor.py:829} INFO - Processing file /home/airflow/.local/lib/python3.8/site-packages/airflow/example_dags/tutorial_dag.py for tasks to queue
[2023-12-01T22:22:53.478+0000] {logging_mixin.py:154} INFO - [2023-12-01T22:22:53.478+0000] {dagbag.py:536} INFO - Filling up the DagBag from /home/airflow/.local/lib/python3.8/site-packages/airflow/example_dags/tutorial_dag.py
[2023-12-01T22:22:53.483+0000] {processor.py:839} INFO - DAG(s) dict_keys(['tutorial_dag']) retrieved from /home/airflow/.local/lib/python3.8/site-packages/airflow/example_dags/tutorial_dag.py
[2023-12-01T22:22:53.500+0000] {logging_mixin.py:154} INFO - [2023-12-01T22:22:53.500+0000] {dag.py:2941} INFO - Sync 1 DAGs
[2023-12-01T22:22:53.511+0000] {logging_mixin.py:154} INFO - [2023-12-01T22:22:53.511+0000] {dag.py:3722} INFO - Setting next_dagrun for tutorial_dag to None, run_after=None
[2023-12-01T22:22:53.526+0000] {processor.py:179} INFO - Processing /home/airflow/.local/lib/python3.8/site-packages/airflow/example_dags/tutorial_dag.py took 0.053 seconds
[2023-12-01T22:23:23.701+0000] {processor.py:157} INFO - Started process (PID=278) to work on /home/airflow/.local/lib/python3.8/site-packages/airflow/example_dags/tutorial_dag.py
[2023-12-01T22:23:23.701+0000] {processor.py:829} INFO - Processing file /home/airflow/.local/lib/python3.8/site-packages/airflow/example_dags/tutorial_dag.py for tasks to queue
[2023-12-01T22:23:23.703+0000] {logging_mixin.py:154} INFO - [2023-12-01T22:23:23.703+0000] {dagbag.py:536} INFO - Filling up the DagBag from /home/airflow/.local/lib/python3.8/site-packages/airflow/example_dags/tutorial_dag.py
[2023-12-01T22:23:23.706+0000] {processor.py:839} INFO - DAG(s) dict_keys(['tutorial_dag']) retrieved from /home/airflow/.local/lib/python3.8/site-packages/airflow/example_dags/tutorial_dag.py
[2023-12-01T22:23:23.720+0000] {logging_mixin.py:154} INFO - [2023-12-01T22:23:23.720+0000] {dag.py:2941} INFO - Sync 1 DAGs
[2023-12-01T22:23:23.730+0000] {logging_mixin.py:154} INFO - [2023-12-01T22:23:23.729+0000] {dag.py:3722} INFO - Setting next_dagrun for tutorial_dag to None, run_after=None
[2023-12-01T22:23:23.742+0000] {processor.py:179} INFO - Processing /home/airflow/.local/lib/python3.8/site-packages/airflow/example_dags/tutorial_dag.py took 0.044 seconds
[2023-12-01T22:23:53.854+0000] {processor.py:157} INFO - Started process (PID=332) to work on /home/airflow/.local/lib/python3.8/site-packages/airflow/example_dags/tutorial_dag.py
[2023-12-01T22:23:53.855+0000] {processor.py:829} INFO - Processing file /home/airflow/.local/lib/python3.8/site-packages/airflow/example_dags/tutorial_dag.py for tasks to queue
[2023-12-01T22:23:53.857+0000] {logging_mixin.py:154} INFO - [2023-12-01T22:23:53.857+0000] {dagbag.py:536} INFO - Filling up the DagBag from /home/airflow/.local/lib/python3.8/site-packages/airflow/example_dags/tutorial_dag.py
[2023-12-01T22:23:53.860+0000] {processor.py:839} INFO - DAG(s) dict_keys(['tutorial_dag']) retrieved from /home/airflow/.local/lib/python3.8/site-packages/airflow/example_dags/tutorial_dag.py
[2023-12-01T22:23:53.874+0000] {logging_mixin.py:154} INFO - [2023-12-01T22:23:53.874+0000] {dag.py:2941} INFO - Sync 1 DAGs
[2023-12-01T22:23:53.883+0000] {logging_mixin.py:154} INFO - [2023-12-01T22:23:53.883+0000] {dag.py:3722} INFO - Setting next_dagrun for tutorial_dag to None, run_after=None
[2023-12-01T22:23:53.898+0000] {processor.py:179} INFO - Processing /home/airflow/.local/lib/python3.8/site-packages/airflow/example_dags/tutorial_dag.py took 0.045 seconds
[2023-12-01T22:24:24.134+0000] {processor.py:157} INFO - Started process (PID=386) to work on /home/airflow/.local/lib/python3.8/site-packages/airflow/example_dags/tutorial_dag.py
[2023-12-01T22:24:24.135+0000] {processor.py:829} INFO - Processing file /home/airflow/.local/lib/python3.8/site-packages/airflow/example_dags/tutorial_dag.py for tasks to queue
[2023-12-01T22:24:24.137+0000] {logging_mixin.py:154} INFO - [2023-12-01T22:24:24.136+0000] {dagbag.py:536} INFO - Filling up the DagBag from /home/airflow/.local/lib/python3.8/site-packages/airflow/example_dags/tutorial_dag.py
[2023-12-01T22:24:24.141+0000] {processor.py:839} INFO - DAG(s) dict_keys(['tutorial_dag']) retrieved from /home/airflow/.local/lib/python3.8/site-packages/airflow/example_dags/tutorial_dag.py
[2023-12-01T22:24:24.157+0000] {logging_mixin.py:154} INFO - [2023-12-01T22:24:24.156+0000] {dag.py:2941} INFO - Sync 1 DAGs
[2023-12-01T22:24:24.168+0000] {logging_mixin.py:154} INFO - [2023-12-01T22:24:24.168+0000] {dag.py:3722} INFO - Setting next_dagrun for tutorial_dag to None, run_after=None
[2023-12-01T22:24:24.186+0000] {processor.py:179} INFO - Processing /home/airflow/.local/lib/python3.8/site-packages/airflow/example_dags/tutorial_dag.py took 0.054 seconds
[2023-12-01T22:24:55.214+0000] {processor.py:157} INFO - Started process (PID=440) to work on /home/airflow/.local/lib/python3.8/site-packages/airflow/example_dags/tutorial_dag.py
[2023-12-01T22:24:55.215+0000] {processor.py:829} INFO - Processing file /home/airflow/.local/lib/python3.8/site-packages/airflow/example_dags/tutorial_dag.py for tasks to queue
[2023-12-01T22:24:55.217+0000] {logging_mixin.py:154} INFO - [2023-12-01T22:24:55.217+0000] {dagbag.py:536} INFO - Filling up the DagBag from /home/airflow/.local/lib/python3.8/site-packages/airflow/example_dags/tutorial_dag.py
[2023-12-01T22:24:55.220+0000] {processor.py:839} INFO - DAG(s) dict_keys(['tutorial_dag']) retrieved from /home/airflow/.local/lib/python3.8/site-packages/airflow/example_dags/tutorial_dag.py
[2023-12-01T22:24:55.236+0000] {logging_mixin.py:154} INFO - [2023-12-01T22:24:55.236+0000] {dag.py:2941} INFO - Sync 1 DAGs
[2023-12-01T22:24:55.247+0000] {logging_mixin.py:154} INFO - [2023-12-01T22:24:55.246+0000] {dag.py:3722} INFO - Setting next_dagrun for tutorial_dag to None, run_after=None
[2023-12-01T22:24:55.263+0000] {processor.py:179} INFO - Processing /home/airflow/.local/lib/python3.8/site-packages/airflow/example_dags/tutorial_dag.py took 0.052 seconds
[2023-12-01T22:25:25.438+0000] {processor.py:157} INFO - Started process (PID=494) to work on /home/airflow/.local/lib/python3.8/site-packages/airflow/example_dags/tutorial_dag.py
[2023-12-01T22:25:25.439+0000] {processor.py:829} INFO - Processing file /home/airflow/.local/lib/python3.8/site-packages/airflow/example_dags/tutorial_dag.py for tasks to queue
[2023-12-01T22:25:25.440+0000] {logging_mixin.py:154} INFO - [2023-12-01T22:25:25.440+0000] {dagbag.py:536} INFO - Filling up the DagBag from /home/airflow/.local/lib/python3.8/site-packages/airflow/example_dags/tutorial_dag.py
[2023-12-01T22:25:25.444+0000] {processor.py:839} INFO - DAG(s) dict_keys(['tutorial_dag']) retrieved from /home/airflow/.local/lib/python3.8/site-packages/airflow/example_dags/tutorial_dag.py
[2023-12-01T22:25:25.459+0000] {logging_mixin.py:154} INFO - [2023-12-01T22:25:25.458+0000] {dag.py:2941} INFO - Sync 1 DAGs
[2023-12-01T22:25:25.468+0000] {logging_mixin.py:154} INFO - [2023-12-01T22:25:25.468+0000] {dag.py:3722} INFO - Setting next_dagrun for tutorial_dag to None, run_after=None
[2023-12-01T22:25:25.481+0000] {processor.py:179} INFO - Processing /home/airflow/.local/lib/python3.8/site-packages/airflow/example_dags/tutorial_dag.py took 0.045 seconds
[2023-12-01T22:25:56.299+0000] {processor.py:157} INFO - Started process (PID=548) to work on /home/airflow/.local/lib/python3.8/site-packages/airflow/example_dags/tutorial_dag.py
[2023-12-01T22:25:56.300+0000] {processor.py:829} INFO - Processing file /home/airflow/.local/lib/python3.8/site-packages/airflow/example_dags/tutorial_dag.py for tasks to queue
[2023-12-01T22:25:56.302+0000] {logging_mixin.py:154} INFO - [2023-12-01T22:25:56.302+0000] {dagbag.py:536} INFO - Filling up the DagBag from /home/airflow/.local/lib/python3.8/site-packages/airflow/example_dags/tutorial_dag.py
[2023-12-01T22:25:56.305+0000] {processor.py:839} INFO - DAG(s) dict_keys(['tutorial_dag']) retrieved from /home/airflow/.local/lib/python3.8/site-packages/airflow/example_dags/tutorial_dag.py
[2023-12-01T22:25:56.319+0000] {logging_mixin.py:154} INFO - [2023-12-01T22:25:56.319+0000] {dag.py:2941} INFO - Sync 1 DAGs
[2023-12-01T22:25:56.328+0000] {logging_mixin.py:154} INFO - [2023-12-01T22:25:56.328+0000] {dag.py:3722} INFO - Setting next_dagrun for tutorial_dag to None, run_after=None
[2023-12-01T22:25:56.341+0000] {processor.py:179} INFO - Processing /home/airflow/.local/lib/python3.8/site-packages/airflow/example_dags/tutorial_dag.py took 0.043 seconds
[2023-12-01T22:26:26.391+0000] {processor.py:157} INFO - Started process (PID=602) to work on /home/airflow/.local/lib/python3.8/site-packages/airflow/example_dags/tutorial_dag.py
[2023-12-01T22:26:26.392+0000] {processor.py:829} INFO - Processing file /home/airflow/.local/lib/python3.8/site-packages/airflow/example_dags/tutorial_dag.py for tasks to queue
[2023-12-01T22:26:26.393+0000] {logging_mixin.py:154} INFO - [2023-12-01T22:26:26.393+0000] {dagbag.py:536} INFO - Filling up the DagBag from /home/airflow/.local/lib/python3.8/site-packages/airflow/example_dags/tutorial_dag.py
[2023-12-01T22:26:26.397+0000] {processor.py:839} INFO - DAG(s) dict_keys(['tutorial_dag']) retrieved from /home/airflow/.local/lib/python3.8/site-packages/airflow/example_dags/tutorial_dag.py
[2023-12-01T22:26:26.411+0000] {logging_mixin.py:154} INFO - [2023-12-01T22:26:26.411+0000] {dag.py:2941} INFO - Sync 1 DAGs
[2023-12-01T22:26:26.420+0000] {logging_mixin.py:154} INFO - [2023-12-01T22:26:26.420+0000] {dag.py:3722} INFO - Setting next_dagrun for tutorial_dag to None, run_after=None
[2023-12-01T22:26:26.432+0000] {processor.py:179} INFO - Processing /home/airflow/.local/lib/python3.8/site-packages/airflow/example_dags/tutorial_dag.py took 0.043 seconds
[2023-12-01T22:26:56.516+0000] {processor.py:157} INFO - Started process (PID=656) to work on /home/airflow/.local/lib/python3.8/site-packages/airflow/example_dags/tutorial_dag.py
[2023-12-01T22:26:56.517+0000] {processor.py:829} INFO - Processing file /home/airflow/.local/lib/python3.8/site-packages/airflow/example_dags/tutorial_dag.py for tasks to queue
[2023-12-01T22:26:56.518+0000] {logging_mixin.py:154} INFO - [2023-12-01T22:26:56.518+0000] {dagbag.py:536} INFO - Filling up the DagBag from /home/airflow/.local/lib/python3.8/site-packages/airflow/example_dags/tutorial_dag.py
[2023-12-01T22:26:56.522+0000] {processor.py:839} INFO - DAG(s) dict_keys(['tutorial_dag']) retrieved from /home/airflow/.local/lib/python3.8/site-packages/airflow/example_dags/tutorial_dag.py
[2023-12-01T22:26:56.536+0000] {logging_mixin.py:154} INFO - [2023-12-01T22:26:56.536+0000] {dag.py:2941} INFO - Sync 1 DAGs
[2023-12-01T22:26:56.546+0000] {logging_mixin.py:154} INFO - [2023-12-01T22:26:56.546+0000] {dag.py:3722} INFO - Setting next_dagrun for tutorial_dag to None, run_after=None
[2023-12-01T22:26:56.559+0000] {processor.py:179} INFO - Processing /home/airflow/.local/lib/python3.8/site-packages/airflow/example_dags/tutorial_dag.py took 0.045 seconds
[2023-12-01T22:27:26.738+0000] {processor.py:157} INFO - Started process (PID=710) to work on /home/airflow/.local/lib/python3.8/site-packages/airflow/example_dags/tutorial_dag.py
[2023-12-01T22:27:26.739+0000] {processor.py:829} INFO - Processing file /home/airflow/.local/lib/python3.8/site-packages/airflow/example_dags/tutorial_dag.py for tasks to queue
[2023-12-01T22:27:26.740+0000] {logging_mixin.py:154} INFO - [2023-12-01T22:27:26.740+0000] {dagbag.py:536} INFO - Filling up the DagBag from /home/airflow/.local/lib/python3.8/site-packages/airflow/example_dags/tutorial_dag.py
[2023-12-01T22:27:26.744+0000] {processor.py:839} INFO - DAG(s) dict_keys(['tutorial_dag']) retrieved from /home/airflow/.local/lib/python3.8/site-packages/airflow/example_dags/tutorial_dag.py
[2023-12-01T22:27:26.758+0000] {logging_mixin.py:154} INFO - [2023-12-01T22:27:26.758+0000] {dag.py:2941} INFO - Sync 1 DAGs
[2023-12-01T22:27:26.767+0000] {logging_mixin.py:154} INFO - [2023-12-01T22:27:26.767+0000] {dag.py:3722} INFO - Setting next_dagrun for tutorial_dag to None, run_after=None
[2023-12-01T22:27:26.780+0000] {processor.py:179} INFO - Processing /home/airflow/.local/lib/python3.8/site-packages/airflow/example_dags/tutorial_dag.py took 0.045 seconds
[2023-12-01T22:27:57.581+0000] {processor.py:157} INFO - Started process (PID=764) to work on /home/airflow/.local/lib/python3.8/site-packages/airflow/example_dags/tutorial_dag.py
[2023-12-01T22:27:57.582+0000] {processor.py:829} INFO - Processing file /home/airflow/.local/lib/python3.8/site-packages/airflow/example_dags/tutorial_dag.py for tasks to queue
[2023-12-01T22:27:57.584+0000] {logging_mixin.py:154} INFO - [2023-12-01T22:27:57.583+0000] {dagbag.py:536} INFO - Filling up the DagBag from /home/airflow/.local/lib/python3.8/site-packages/airflow/example_dags/tutorial_dag.py
[2023-12-01T22:27:57.587+0000] {processor.py:839} INFO - DAG(s) dict_keys(['tutorial_dag']) retrieved from /home/airflow/.local/lib/python3.8/site-packages/airflow/example_dags/tutorial_dag.py
[2023-12-01T22:27:57.602+0000] {logging_mixin.py:154} INFO - [2023-12-01T22:27:57.601+0000] {dag.py:2941} INFO - Sync 1 DAGs
[2023-12-01T22:27:57.611+0000] {logging_mixin.py:154} INFO - [2023-12-01T22:27:57.611+0000] {dag.py:3722} INFO - Setting next_dagrun for tutorial_dag to None, run_after=None
[2023-12-01T22:27:57.624+0000] {processor.py:179} INFO - Processing /home/airflow/.local/lib/python3.8/site-packages/airflow/example_dags/tutorial_dag.py took 0.045 seconds
[2023-12-01T22:28:27.870+0000] {processor.py:157} INFO - Started process (PID=818) to work on /home/airflow/.local/lib/python3.8/site-packages/airflow/example_dags/tutorial_dag.py
[2023-12-01T22:28:27.871+0000] {processor.py:829} INFO - Processing file /home/airflow/.local/lib/python3.8/site-packages/airflow/example_dags/tutorial_dag.py for tasks to queue
[2023-12-01T22:28:27.873+0000] {logging_mixin.py:154} INFO - [2023-12-01T22:28:27.872+0000] {dagbag.py:536} INFO - Filling up the DagBag from /home/airflow/.local/lib/python3.8/site-packages/airflow/example_dags/tutorial_dag.py
[2023-12-01T22:28:27.876+0000] {processor.py:839} INFO - DAG(s) dict_keys(['tutorial_dag']) retrieved from /home/airflow/.local/lib/python3.8/site-packages/airflow/example_dags/tutorial_dag.py
[2023-12-01T22:28:27.890+0000] {logging_mixin.py:154} INFO - [2023-12-01T22:28:27.890+0000] {dag.py:2941} INFO - Sync 1 DAGs
[2023-12-01T22:28:27.899+0000] {logging_mixin.py:154} INFO - [2023-12-01T22:28:27.898+0000] {dag.py:3722} INFO - Setting next_dagrun for tutorial_dag to None, run_after=None
[2023-12-01T22:28:27.911+0000] {processor.py:179} INFO - Processing /home/airflow/.local/lib/python3.8/site-packages/airflow/example_dags/tutorial_dag.py took 0.043 seconds
[2023-12-01T22:28:58.005+0000] {processor.py:157} INFO - Started process (PID=872) to work on /home/airflow/.local/lib/python3.8/site-packages/airflow/example_dags/tutorial_dag.py
[2023-12-01T22:28:58.006+0000] {processor.py:829} INFO - Processing file /home/airflow/.local/lib/python3.8/site-packages/airflow/example_dags/tutorial_dag.py for tasks to queue
[2023-12-01T22:28:58.007+0000] {logging_mixin.py:154} INFO - [2023-12-01T22:28:58.007+0000] {dagbag.py:536} INFO - Filling up the DagBag from /home/airflow/.local/lib/python3.8/site-packages/airflow/example_dags/tutorial_dag.py
[2023-12-01T22:28:58.011+0000] {processor.py:839} INFO - DAG(s) dict_keys(['tutorial_dag']) retrieved from /home/airflow/.local/lib/python3.8/site-packages/airflow/example_dags/tutorial_dag.py
[2023-12-01T22:28:58.028+0000] {logging_mixin.py:154} INFO - [2023-12-01T22:28:58.027+0000] {dag.py:2941} INFO - Sync 1 DAGs
[2023-12-01T22:28:58.037+0000] {logging_mixin.py:154} INFO - [2023-12-01T22:28:58.037+0000] {dag.py:3722} INFO - Setting next_dagrun for tutorial_dag to None, run_after=None
[2023-12-01T22:28:58.052+0000] {processor.py:179} INFO - Processing /home/airflow/.local/lib/python3.8/site-packages/airflow/example_dags/tutorial_dag.py took 0.050 seconds
[2023-12-01T22:29:28.178+0000] {processor.py:157} INFO - Started process (PID=926) to work on /home/airflow/.local/lib/python3.8/site-packages/airflow/example_dags/tutorial_dag.py
[2023-12-01T22:29:28.179+0000] {processor.py:829} INFO - Processing file /home/airflow/.local/lib/python3.8/site-packages/airflow/example_dags/tutorial_dag.py for tasks to queue
[2023-12-01T22:29:28.181+0000] {logging_mixin.py:154} INFO - [2023-12-01T22:29:28.181+0000] {dagbag.py:536} INFO - Filling up the DagBag from /home/airflow/.local/lib/python3.8/site-packages/airflow/example_dags/tutorial_dag.py
[2023-12-01T22:29:28.184+0000] {processor.py:839} INFO - DAG(s) dict_keys(['tutorial_dag']) retrieved from /home/airflow/.local/lib/python3.8/site-packages/airflow/example_dags/tutorial_dag.py
[2023-12-01T22:29:28.198+0000] {logging_mixin.py:154} INFO - [2023-12-01T22:29:28.198+0000] {dag.py:2941} INFO - Sync 1 DAGs
[2023-12-01T22:29:28.207+0000] {logging_mixin.py:154} INFO - [2023-12-01T22:29:28.206+0000] {dag.py:3722} INFO - Setting next_dagrun for tutorial_dag to None, run_after=None
[2023-12-01T22:29:28.219+0000] {processor.py:179} INFO - Processing /home/airflow/.local/lib/python3.8/site-packages/airflow/example_dags/tutorial_dag.py took 0.043 seconds
[2023-12-01T22:29:58.260+0000] {processor.py:157} INFO - Started process (PID=980) to work on /home/airflow/.local/lib/python3.8/site-packages/airflow/example_dags/tutorial_dag.py
[2023-12-01T22:29:58.261+0000] {processor.py:829} INFO - Processing file /home/airflow/.local/lib/python3.8/site-packages/airflow/example_dags/tutorial_dag.py for tasks to queue
[2023-12-01T22:29:58.263+0000] {logging_mixin.py:154} INFO - [2023-12-01T22:29:58.262+0000] {dagbag.py:536} INFO - Filling up the DagBag from /home/airflow/.local/lib/python3.8/site-packages/airflow/example_dags/tutorial_dag.py
[2023-12-01T22:29:58.266+0000] {processor.py:839} INFO - DAG(s) dict_keys(['tutorial_dag']) retrieved from /home/airflow/.local/lib/python3.8/site-packages/airflow/example_dags/tutorial_dag.py
[2023-12-01T22:29:58.280+0000] {logging_mixin.py:154} INFO - [2023-12-01T22:29:58.280+0000] {dag.py:2941} INFO - Sync 1 DAGs
[2023-12-01T22:29:58.289+0000] {logging_mixin.py:154} INFO - [2023-12-01T22:29:58.289+0000] {dag.py:3722} INFO - Setting next_dagrun for tutorial_dag to None, run_after=None
[2023-12-01T22:29:58.301+0000] {processor.py:179} INFO - Processing /home/airflow/.local/lib/python3.8/site-packages/airflow/example_dags/tutorial_dag.py took 0.043 seconds
[2023-12-01T22:30:28.360+0000] {processor.py:157} INFO - Started process (PID=1034) to work on /home/airflow/.local/lib/python3.8/site-packages/airflow/example_dags/tutorial_dag.py
[2023-12-01T22:30:28.361+0000] {processor.py:829} INFO - Processing file /home/airflow/.local/lib/python3.8/site-packages/airflow/example_dags/tutorial_dag.py for tasks to queue
[2023-12-01T22:30:28.362+0000] {logging_mixin.py:154} INFO - [2023-12-01T22:30:28.362+0000] {dagbag.py:536} INFO - Filling up the DagBag from /home/airflow/.local/lib/python3.8/site-packages/airflow/example_dags/tutorial_dag.py
[2023-12-01T22:30:28.366+0000] {processor.py:839} INFO - DAG(s) dict_keys(['tutorial_dag']) retrieved from /home/airflow/.local/lib/python3.8/site-packages/airflow/example_dags/tutorial_dag.py
[2023-12-01T22:30:28.379+0000] {logging_mixin.py:154} INFO - [2023-12-01T22:30:28.379+0000] {dag.py:2941} INFO - Sync 1 DAGs
[2023-12-01T22:30:28.387+0000] {logging_mixin.py:154} INFO - [2023-12-01T22:30:28.387+0000] {dag.py:3722} INFO - Setting next_dagrun for tutorial_dag to None, run_after=None
[2023-12-01T22:30:28.400+0000] {processor.py:179} INFO - Processing /home/airflow/.local/lib/python3.8/site-packages/airflow/example_dags/tutorial_dag.py took 0.042 seconds
[2023-12-01T22:30:58.578+0000] {processor.py:157} INFO - Started process (PID=1088) to work on /home/airflow/.local/lib/python3.8/site-packages/airflow/example_dags/tutorial_dag.py
[2023-12-01T22:30:58.579+0000] {processor.py:829} INFO - Processing file /home/airflow/.local/lib/python3.8/site-packages/airflow/example_dags/tutorial_dag.py for tasks to queue
[2023-12-01T22:30:58.581+0000] {logging_mixin.py:154} INFO - [2023-12-01T22:30:58.580+0000] {dagbag.py:536} INFO - Filling up the DagBag from /home/airflow/.local/lib/python3.8/site-packages/airflow/example_dags/tutorial_dag.py
[2023-12-01T22:30:58.584+0000] {processor.py:839} INFO - DAG(s) dict_keys(['tutorial_dag']) retrieved from /home/airflow/.local/lib/python3.8/site-packages/airflow/example_dags/tutorial_dag.py
[2023-12-01T22:30:58.599+0000] {logging_mixin.py:154} INFO - [2023-12-01T22:30:58.598+0000] {dag.py:2941} INFO - Sync 1 DAGs
[2023-12-01T22:30:58.608+0000] {logging_mixin.py:154} INFO - [2023-12-01T22:30:58.608+0000] {dag.py:3722} INFO - Setting next_dagrun for tutorial_dag to None, run_after=None
[2023-12-01T22:30:58.621+0000] {processor.py:179} INFO - Processing /home/airflow/.local/lib/python3.8/site-packages/airflow/example_dags/tutorial_dag.py took 0.044 seconds
[2023-12-01T22:31:28.737+0000] {processor.py:157} INFO - Started process (PID=1142) to work on /home/airflow/.local/lib/python3.8/site-packages/airflow/example_dags/tutorial_dag.py
[2023-12-01T22:31:28.738+0000] {processor.py:829} INFO - Processing file /home/airflow/.local/lib/python3.8/site-packages/airflow/example_dags/tutorial_dag.py for tasks to queue
[2023-12-01T22:31:28.740+0000] {logging_mixin.py:154} INFO - [2023-12-01T22:31:28.740+0000] {dagbag.py:536} INFO - Filling up the DagBag from /home/airflow/.local/lib/python3.8/site-packages/airflow/example_dags/tutorial_dag.py
[2023-12-01T22:31:28.743+0000] {processor.py:839} INFO - DAG(s) dict_keys(['tutorial_dag']) retrieved from /home/airflow/.local/lib/python3.8/site-packages/airflow/example_dags/tutorial_dag.py
[2023-12-01T22:31:28.757+0000] {logging_mixin.py:154} INFO - [2023-12-01T22:31:28.757+0000] {dag.py:2941} INFO - Sync 1 DAGs
[2023-12-01T22:31:28.767+0000] {logging_mixin.py:154} INFO - [2023-12-01T22:31:28.766+0000] {dag.py:3722} INFO - Setting next_dagrun for tutorial_dag to None, run_after=None
[2023-12-01T22:31:28.779+0000] {processor.py:179} INFO - Processing /home/airflow/.local/lib/python3.8/site-packages/airflow/example_dags/tutorial_dag.py took 0.044 seconds
[2023-12-01T22:31:58.876+0000] {processor.py:157} INFO - Started process (PID=1196) to work on /home/airflow/.local/lib/python3.8/site-packages/airflow/example_dags/tutorial_dag.py
[2023-12-01T22:31:58.876+0000] {processor.py:829} INFO - Processing file /home/airflow/.local/lib/python3.8/site-packages/airflow/example_dags/tutorial_dag.py for tasks to queue
[2023-12-01T22:31:58.878+0000] {logging_mixin.py:154} INFO - [2023-12-01T22:31:58.878+0000] {dagbag.py:536} INFO - Filling up the DagBag from /home/airflow/.local/lib/python3.8/site-packages/airflow/example_dags/tutorial_dag.py
[2023-12-01T22:31:58.883+0000] {processor.py:839} INFO - DAG(s) dict_keys(['tutorial_dag']) retrieved from /home/airflow/.local/lib/python3.8/site-packages/airflow/example_dags/tutorial_dag.py
[2023-12-01T22:31:58.898+0000] {logging_mixin.py:154} INFO - [2023-12-01T22:31:58.897+0000] {dag.py:2941} INFO - Sync 1 DAGs
[2023-12-01T22:31:58.906+0000] {logging_mixin.py:154} INFO - [2023-12-01T22:31:58.906+0000] {dag.py:3722} INFO - Setting next_dagrun for tutorial_dag to None, run_after=None
[2023-12-01T22:31:58.919+0000] {processor.py:179} INFO - Processing /home/airflow/.local/lib/python3.8/site-packages/airflow/example_dags/tutorial_dag.py took 0.045 seconds
[2023-12-01T22:32:29.004+0000] {processor.py:157} INFO - Started process (PID=1250) to work on /home/airflow/.local/lib/python3.8/site-packages/airflow/example_dags/tutorial_dag.py
[2023-12-01T22:32:29.005+0000] {processor.py:829} INFO - Processing file /home/airflow/.local/lib/python3.8/site-packages/airflow/example_dags/tutorial_dag.py for tasks to queue
[2023-12-01T22:32:29.007+0000] {logging_mixin.py:154} INFO - [2023-12-01T22:32:29.006+0000] {dagbag.py:536} INFO - Filling up the DagBag from /home/airflow/.local/lib/python3.8/site-packages/airflow/example_dags/tutorial_dag.py
[2023-12-01T22:32:29.011+0000] {processor.py:839} INFO - DAG(s) dict_keys(['tutorial_dag']) retrieved from /home/airflow/.local/lib/python3.8/site-packages/airflow/example_dags/tutorial_dag.py
[2023-12-01T22:32:29.027+0000] {logging_mixin.py:154} INFO - [2023-12-01T22:32:29.026+0000] {dag.py:2941} INFO - Sync 1 DAGs
[2023-12-01T22:32:29.036+0000] {logging_mixin.py:154} INFO - [2023-12-01T22:32:29.036+0000] {dag.py:3722} INFO - Setting next_dagrun for tutorial_dag to None, run_after=None
[2023-12-01T22:32:29.049+0000] {processor.py:179} INFO - Processing /home/airflow/.local/lib/python3.8/site-packages/airflow/example_dags/tutorial_dag.py took 0.049 seconds
[2023-12-01T22:32:59.522+0000] {processor.py:157} INFO - Started process (PID=1304) to work on /home/airflow/.local/lib/python3.8/site-packages/airflow/example_dags/tutorial_dag.py
[2023-12-01T22:32:59.523+0000] {processor.py:829} INFO - Processing file /home/airflow/.local/lib/python3.8/site-packages/airflow/example_dags/tutorial_dag.py for tasks to queue
[2023-12-01T22:32:59.525+0000] {logging_mixin.py:154} INFO - [2023-12-01T22:32:59.524+0000] {dagbag.py:536} INFO - Filling up the DagBag from /home/airflow/.local/lib/python3.8/site-packages/airflow/example_dags/tutorial_dag.py
[2023-12-01T22:32:59.528+0000] {processor.py:839} INFO - DAG(s) dict_keys(['tutorial_dag']) retrieved from /home/airflow/.local/lib/python3.8/site-packages/airflow/example_dags/tutorial_dag.py
[2023-12-01T22:32:59.543+0000] {logging_mixin.py:154} INFO - [2023-12-01T22:32:59.543+0000] {dag.py:2941} INFO - Sync 1 DAGs
[2023-12-01T22:32:59.553+0000] {logging_mixin.py:154} INFO - [2023-12-01T22:32:59.552+0000] {dag.py:3722} INFO - Setting next_dagrun for tutorial_dag to None, run_after=None
[2023-12-01T22:32:59.567+0000] {processor.py:179} INFO - Processing /home/airflow/.local/lib/python3.8/site-packages/airflow/example_dags/tutorial_dag.py took 0.047 seconds
[2023-12-01T22:33:29.687+0000] {processor.py:157} INFO - Started process (PID=1359) to work on /home/airflow/.local/lib/python3.8/site-packages/airflow/example_dags/tutorial_dag.py
[2023-12-01T22:33:29.688+0000] {processor.py:829} INFO - Processing file /home/airflow/.local/lib/python3.8/site-packages/airflow/example_dags/tutorial_dag.py for tasks to queue
[2023-12-01T22:33:29.689+0000] {logging_mixin.py:154} INFO - [2023-12-01T22:33:29.689+0000] {dagbag.py:536} INFO - Filling up the DagBag from /home/airflow/.local/lib/python3.8/site-packages/airflow/example_dags/tutorial_dag.py
[2023-12-01T22:33:29.693+0000] {processor.py:839} INFO - DAG(s) dict_keys(['tutorial_dag']) retrieved from /home/airflow/.local/lib/python3.8/site-packages/airflow/example_dags/tutorial_dag.py
[2023-12-01T22:33:29.708+0000] {logging_mixin.py:154} INFO - [2023-12-01T22:33:29.708+0000] {dag.py:2941} INFO - Sync 1 DAGs
[2023-12-01T22:33:29.718+0000] {logging_mixin.py:154} INFO - [2023-12-01T22:33:29.718+0000] {dag.py:3722} INFO - Setting next_dagrun for tutorial_dag to None, run_after=None
[2023-12-01T22:33:29.732+0000] {processor.py:179} INFO - Processing /home/airflow/.local/lib/python3.8/site-packages/airflow/example_dags/tutorial_dag.py took 0.047 seconds
[2023-12-01T22:33:59.965+0000] {processor.py:157} INFO - Started process (PID=1413) to work on /home/airflow/.local/lib/python3.8/site-packages/airflow/example_dags/tutorial_dag.py
[2023-12-01T22:33:59.966+0000] {processor.py:829} INFO - Processing file /home/airflow/.local/lib/python3.8/site-packages/airflow/example_dags/tutorial_dag.py for tasks to queue
[2023-12-01T22:33:59.967+0000] {logging_mixin.py:154} INFO - [2023-12-01T22:33:59.967+0000] {dagbag.py:536} INFO - Filling up the DagBag from /home/airflow/.local/lib/python3.8/site-packages/airflow/example_dags/tutorial_dag.py
[2023-12-01T22:33:59.971+0000] {processor.py:839} INFO - DAG(s) dict_keys(['tutorial_dag']) retrieved from /home/airflow/.local/lib/python3.8/site-packages/airflow/example_dags/tutorial_dag.py
[2023-12-01T22:33:59.987+0000] {logging_mixin.py:154} INFO - [2023-12-01T22:33:59.987+0000] {dag.py:2941} INFO - Sync 1 DAGs
[2023-12-01T22:33:59.998+0000] {logging_mixin.py:154} INFO - [2023-12-01T22:33:59.998+0000] {dag.py:3722} INFO - Setting next_dagrun for tutorial_dag to None, run_after=None
[2023-12-01T22:34:00.014+0000] {processor.py:179} INFO - Processing /home/airflow/.local/lib/python3.8/site-packages/airflow/example_dags/tutorial_dag.py took 0.051 seconds
[2023-12-01T22:34:30.689+0000] {processor.py:157} INFO - Started process (PID=1467) to work on /home/airflow/.local/lib/python3.8/site-packages/airflow/example_dags/tutorial_dag.py
[2023-12-01T22:34:30.690+0000] {processor.py:829} INFO - Processing file /home/airflow/.local/lib/python3.8/site-packages/airflow/example_dags/tutorial_dag.py for tasks to queue
[2023-12-01T22:34:30.692+0000] {logging_mixin.py:154} INFO - [2023-12-01T22:34:30.692+0000] {dagbag.py:536} INFO - Filling up the DagBag from /home/airflow/.local/lib/python3.8/site-packages/airflow/example_dags/tutorial_dag.py
[2023-12-01T22:34:30.696+0000] {processor.py:839} INFO - DAG(s) dict_keys(['tutorial_dag']) retrieved from /home/airflow/.local/lib/python3.8/site-packages/airflow/example_dags/tutorial_dag.py
[2023-12-01T22:34:30.711+0000] {logging_mixin.py:154} INFO - [2023-12-01T22:34:30.711+0000] {dag.py:2941} INFO - Sync 1 DAGs
[2023-12-01T22:34:30.724+0000] {logging_mixin.py:154} INFO - [2023-12-01T22:34:30.724+0000] {dag.py:3722} INFO - Setting next_dagrun for tutorial_dag to None, run_after=None
[2023-12-01T22:34:30.742+0000] {processor.py:179} INFO - Processing /home/airflow/.local/lib/python3.8/site-packages/airflow/example_dags/tutorial_dag.py took 0.055 seconds
[2023-12-01T22:35:01.123+0000] {processor.py:157} INFO - Started process (PID=1521) to work on /home/airflow/.local/lib/python3.8/site-packages/airflow/example_dags/tutorial_dag.py
[2023-12-01T22:35:01.124+0000] {processor.py:829} INFO - Processing file /home/airflow/.local/lib/python3.8/site-packages/airflow/example_dags/tutorial_dag.py for tasks to queue
[2023-12-01T22:35:01.126+0000] {logging_mixin.py:154} INFO - [2023-12-01T22:35:01.126+0000] {dagbag.py:536} INFO - Filling up the DagBag from /home/airflow/.local/lib/python3.8/site-packages/airflow/example_dags/tutorial_dag.py
[2023-12-01T22:35:01.130+0000] {processor.py:839} INFO - DAG(s) dict_keys(['tutorial_dag']) retrieved from /home/airflow/.local/lib/python3.8/site-packages/airflow/example_dags/tutorial_dag.py
[2023-12-01T22:35:01.150+0000] {logging_mixin.py:154} INFO - [2023-12-01T22:35:01.149+0000] {dag.py:2941} INFO - Sync 1 DAGs
[2023-12-01T22:35:01.162+0000] {logging_mixin.py:154} INFO - [2023-12-01T22:35:01.162+0000] {dag.py:3722} INFO - Setting next_dagrun for tutorial_dag to None, run_after=None
[2023-12-01T22:35:01.181+0000] {processor.py:179} INFO - Processing /home/airflow/.local/lib/python3.8/site-packages/airflow/example_dags/tutorial_dag.py took 0.060 seconds
[2023-12-01T22:35:31.512+0000] {processor.py:157} INFO - Started process (PID=1575) to work on /home/airflow/.local/lib/python3.8/site-packages/airflow/example_dags/tutorial_dag.py
[2023-12-01T22:35:31.513+0000] {processor.py:829} INFO - Processing file /home/airflow/.local/lib/python3.8/site-packages/airflow/example_dags/tutorial_dag.py for tasks to queue
[2023-12-01T22:35:31.515+0000] {logging_mixin.py:154} INFO - [2023-12-01T22:35:31.514+0000] {dagbag.py:536} INFO - Filling up the DagBag from /home/airflow/.local/lib/python3.8/site-packages/airflow/example_dags/tutorial_dag.py
[2023-12-01T22:35:31.518+0000] {processor.py:839} INFO - DAG(s) dict_keys(['tutorial_dag']) retrieved from /home/airflow/.local/lib/python3.8/site-packages/airflow/example_dags/tutorial_dag.py
[2023-12-01T22:35:31.534+0000] {logging_mixin.py:154} INFO - [2023-12-01T22:35:31.534+0000] {dag.py:2941} INFO - Sync 1 DAGs
[2023-12-01T22:35:31.550+0000] {logging_mixin.py:154} INFO - [2023-12-01T22:35:31.549+0000] {dag.py:3722} INFO - Setting next_dagrun for tutorial_dag to None, run_after=None
[2023-12-01T22:35:31.572+0000] {processor.py:179} INFO - Processing /home/airflow/.local/lib/python3.8/site-packages/airflow/example_dags/tutorial_dag.py took 0.062 seconds
[2023-12-01T22:38:29.679+0000] {processor.py:157} INFO - Started process (PID=61) to work on /home/airflow/.local/lib/python3.8/site-packages/airflow/example_dags/tutorial_dag.py
[2023-12-01T22:38:29.681+0000] {processor.py:829} INFO - Processing file /home/airflow/.local/lib/python3.8/site-packages/airflow/example_dags/tutorial_dag.py for tasks to queue
[2023-12-01T22:38:29.684+0000] {logging_mixin.py:154} INFO - [2023-12-01T22:38:29.683+0000] {dagbag.py:536} INFO - Filling up the DagBag from /home/airflow/.local/lib/python3.8/site-packages/airflow/example_dags/tutorial_dag.py
[2023-12-01T22:38:29.694+0000] {processor.py:839} INFO - DAG(s) dict_keys(['tutorial_dag']) retrieved from /home/airflow/.local/lib/python3.8/site-packages/airflow/example_dags/tutorial_dag.py
[2023-12-01T22:38:29.710+0000] {logging_mixin.py:154} INFO - [2023-12-01T22:38:29.710+0000] {dag.py:2941} INFO - Sync 1 DAGs
[2023-12-01T22:38:29.730+0000] {logging_mixin.py:154} INFO - [2023-12-01T22:38:29.729+0000] {dag.py:3722} INFO - Setting next_dagrun for tutorial_dag to None, run_after=None
[2023-12-01T22:38:29.758+0000] {processor.py:179} INFO - Processing /home/airflow/.local/lib/python3.8/site-packages/airflow/example_dags/tutorial_dag.py took 0.083 seconds
[2023-12-01T22:39:00.440+0000] {processor.py:157} INFO - Started process (PID=115) to work on /home/airflow/.local/lib/python3.8/site-packages/airflow/example_dags/tutorial_dag.py
[2023-12-01T22:39:00.442+0000] {processor.py:829} INFO - Processing file /home/airflow/.local/lib/python3.8/site-packages/airflow/example_dags/tutorial_dag.py for tasks to queue
[2023-12-01T22:39:00.444+0000] {logging_mixin.py:154} INFO - [2023-12-01T22:39:00.443+0000] {dagbag.py:536} INFO - Filling up the DagBag from /home/airflow/.local/lib/python3.8/site-packages/airflow/example_dags/tutorial_dag.py
[2023-12-01T22:39:00.448+0000] {processor.py:839} INFO - DAG(s) dict_keys(['tutorial_dag']) retrieved from /home/airflow/.local/lib/python3.8/site-packages/airflow/example_dags/tutorial_dag.py
[2023-12-01T22:39:00.465+0000] {logging_mixin.py:154} INFO - [2023-12-01T22:39:00.465+0000] {dag.py:2941} INFO - Sync 1 DAGs
[2023-12-01T22:39:00.476+0000] {logging_mixin.py:154} INFO - [2023-12-01T22:39:00.476+0000] {dag.py:3722} INFO - Setting next_dagrun for tutorial_dag to None, run_after=None
[2023-12-01T22:39:00.492+0000] {processor.py:179} INFO - Processing /home/airflow/.local/lib/python3.8/site-packages/airflow/example_dags/tutorial_dag.py took 0.055 seconds
[2023-12-01T22:39:30.980+0000] {processor.py:157} INFO - Started process (PID=169) to work on /home/airflow/.local/lib/python3.8/site-packages/airflow/example_dags/tutorial_dag.py
[2023-12-01T22:39:30.981+0000] {processor.py:829} INFO - Processing file /home/airflow/.local/lib/python3.8/site-packages/airflow/example_dags/tutorial_dag.py for tasks to queue
[2023-12-01T22:39:30.983+0000] {logging_mixin.py:154} INFO - [2023-12-01T22:39:30.983+0000] {dagbag.py:536} INFO - Filling up the DagBag from /home/airflow/.local/lib/python3.8/site-packages/airflow/example_dags/tutorial_dag.py
[2023-12-01T22:39:30.987+0000] {processor.py:839} INFO - DAG(s) dict_keys(['tutorial_dag']) retrieved from /home/airflow/.local/lib/python3.8/site-packages/airflow/example_dags/tutorial_dag.py
[2023-12-01T22:39:31.004+0000] {logging_mixin.py:154} INFO - [2023-12-01T22:39:31.004+0000] {dag.py:2941} INFO - Sync 1 DAGs
[2023-12-01T22:39:31.017+0000] {logging_mixin.py:154} INFO - [2023-12-01T22:39:31.016+0000] {dag.py:3722} INFO - Setting next_dagrun for tutorial_dag to None, run_after=None
[2023-12-01T22:39:31.039+0000] {processor.py:179} INFO - Processing /home/airflow/.local/lib/python3.8/site-packages/airflow/example_dags/tutorial_dag.py took 0.062 seconds
[2023-12-01T22:40:01.468+0000] {processor.py:157} INFO - Started process (PID=223) to work on /home/airflow/.local/lib/python3.8/site-packages/airflow/example_dags/tutorial_dag.py
[2023-12-01T22:40:01.469+0000] {processor.py:829} INFO - Processing file /home/airflow/.local/lib/python3.8/site-packages/airflow/example_dags/tutorial_dag.py for tasks to queue
[2023-12-01T22:40:01.471+0000] {logging_mixin.py:154} INFO - [2023-12-01T22:40:01.471+0000] {dagbag.py:536} INFO - Filling up the DagBag from /home/airflow/.local/lib/python3.8/site-packages/airflow/example_dags/tutorial_dag.py
[2023-12-01T22:40:01.476+0000] {processor.py:839} INFO - DAG(s) dict_keys(['tutorial_dag']) retrieved from /home/airflow/.local/lib/python3.8/site-packages/airflow/example_dags/tutorial_dag.py
[2023-12-01T22:40:01.493+0000] {logging_mixin.py:154} INFO - [2023-12-01T22:40:01.493+0000] {dag.py:2941} INFO - Sync 1 DAGs
[2023-12-01T22:40:01.504+0000] {logging_mixin.py:154} INFO - [2023-12-01T22:40:01.503+0000] {dag.py:3722} INFO - Setting next_dagrun for tutorial_dag to None, run_after=None
[2023-12-01T22:40:01.519+0000] {processor.py:179} INFO - Processing /home/airflow/.local/lib/python3.8/site-packages/airflow/example_dags/tutorial_dag.py took 0.053 seconds
[2023-12-01T22:40:32.000+0000] {processor.py:157} INFO - Started process (PID=277) to work on /home/airflow/.local/lib/python3.8/site-packages/airflow/example_dags/tutorial_dag.py
[2023-12-01T22:40:32.001+0000] {processor.py:829} INFO - Processing file /home/airflow/.local/lib/python3.8/site-packages/airflow/example_dags/tutorial_dag.py for tasks to queue
[2023-12-01T22:40:32.004+0000] {logging_mixin.py:154} INFO - [2023-12-01T22:40:32.004+0000] {dagbag.py:536} INFO - Filling up the DagBag from /home/airflow/.local/lib/python3.8/site-packages/airflow/example_dags/tutorial_dag.py
[2023-12-01T22:40:32.007+0000] {processor.py:839} INFO - DAG(s) dict_keys(['tutorial_dag']) retrieved from /home/airflow/.local/lib/python3.8/site-packages/airflow/example_dags/tutorial_dag.py
[2023-12-01T22:40:32.024+0000] {logging_mixin.py:154} INFO - [2023-12-01T22:40:32.024+0000] {dag.py:2941} INFO - Sync 1 DAGs
[2023-12-01T22:40:32.035+0000] {logging_mixin.py:154} INFO - [2023-12-01T22:40:32.035+0000] {dag.py:3722} INFO - Setting next_dagrun for tutorial_dag to None, run_after=None
[2023-12-01T22:40:32.049+0000] {processor.py:179} INFO - Processing /home/airflow/.local/lib/python3.8/site-packages/airflow/example_dags/tutorial_dag.py took 0.052 seconds
[2023-12-01T22:41:02.426+0000] {processor.py:157} INFO - Started process (PID=331) to work on /home/airflow/.local/lib/python3.8/site-packages/airflow/example_dags/tutorial_dag.py
[2023-12-01T22:41:02.427+0000] {processor.py:829} INFO - Processing file /home/airflow/.local/lib/python3.8/site-packages/airflow/example_dags/tutorial_dag.py for tasks to queue
[2023-12-01T22:41:02.428+0000] {logging_mixin.py:154} INFO - [2023-12-01T22:41:02.428+0000] {dagbag.py:536} INFO - Filling up the DagBag from /home/airflow/.local/lib/python3.8/site-packages/airflow/example_dags/tutorial_dag.py
[2023-12-01T22:41:02.433+0000] {processor.py:839} INFO - DAG(s) dict_keys(['tutorial_dag']) retrieved from /home/airflow/.local/lib/python3.8/site-packages/airflow/example_dags/tutorial_dag.py
[2023-12-01T22:41:02.450+0000] {logging_mixin.py:154} INFO - [2023-12-01T22:41:02.450+0000] {dag.py:2941} INFO - Sync 1 DAGs
[2023-12-01T22:41:02.463+0000] {logging_mixin.py:154} INFO - [2023-12-01T22:41:02.462+0000] {dag.py:3722} INFO - Setting next_dagrun for tutorial_dag to None, run_after=None
[2023-12-01T22:41:02.480+0000] {processor.py:179} INFO - Processing /home/airflow/.local/lib/python3.8/site-packages/airflow/example_dags/tutorial_dag.py took 0.056 seconds
