[2023-12-01T22:13:41.891+0000] {processor.py:157} INFO - Started process (PID=56) to work on /home/airflow/.local/lib/python3.8/site-packages/airflow/example_dags/tutorial.py
[2023-12-01T22:13:41.892+0000] {processor.py:829} INFO - Processing file /home/airflow/.local/lib/python3.8/site-packages/airflow/example_dags/tutorial.py for tasks to queue
[2023-12-01T22:13:41.894+0000] {logging_mixin.py:154} INFO - [2023-12-01T22:13:41.894+0000] {dagbag.py:536} INFO - Filling up the DagBag from /home/airflow/.local/lib/python3.8/site-packages/airflow/example_dags/tutorial.py
[2023-12-01T22:13:41.904+0000] {processor.py:839} INFO - DAG(s) dict_keys(['tutorial']) retrieved from /home/airflow/.local/lib/python3.8/site-packages/airflow/example_dags/tutorial.py
[2023-12-01T22:13:41.924+0000] {logging_mixin.py:154} INFO - [2023-12-01T22:13:41.924+0000] {dag.py:2941} INFO - Sync 1 DAGs
[2023-12-01T22:13:41.946+0000] {logging_mixin.py:154} INFO - [2023-12-01T22:13:41.946+0000] {dag.py:3722} INFO - Setting next_dagrun for tutorial to 2023-11-30T22:13:41.946505+00:00, run_after=2023-12-01T22:13:41.946505+00:00
[2023-12-01T22:13:41.966+0000] {processor.py:179} INFO - Processing /home/airflow/.local/lib/python3.8/site-packages/airflow/example_dags/tutorial.py took 0.080 seconds
[2023-12-01T22:19:41.238+0000] {processor.py:157} INFO - Started process (PID=54) to work on /home/airflow/.local/lib/python3.8/site-packages/airflow/example_dags/tutorial.py
[2023-12-01T22:19:41.239+0000] {processor.py:829} INFO - Processing file /home/airflow/.local/lib/python3.8/site-packages/airflow/example_dags/tutorial.py for tasks to queue
[2023-12-01T22:19:41.241+0000] {logging_mixin.py:154} INFO - [2023-12-01T22:19:41.241+0000] {dagbag.py:536} INFO - Filling up the DagBag from /home/airflow/.local/lib/python3.8/site-packages/airflow/example_dags/tutorial.py
[2023-12-01T22:19:41.252+0000] {processor.py:839} INFO - DAG(s) dict_keys(['tutorial']) retrieved from /home/airflow/.local/lib/python3.8/site-packages/airflow/example_dags/tutorial.py
[2023-12-01T22:19:41.276+0000] {logging_mixin.py:154} INFO - [2023-12-01T22:19:41.276+0000] {dag.py:2941} INFO - Sync 1 DAGs
[2023-12-01T22:19:41.296+0000] {logging_mixin.py:154} INFO - [2023-12-01T22:19:41.296+0000] {dag.py:3722} INFO - Setting next_dagrun for tutorial to 2023-11-30T22:19:41.296658+00:00, run_after=2023-12-01T22:19:41.296658+00:00
[2023-12-01T22:19:41.311+0000] {processor.py:179} INFO - Processing /home/airflow/.local/lib/python3.8/site-packages/airflow/example_dags/tutorial.py took 0.076 seconds
[2023-12-01T22:21:22.385+0000] {processor.py:157} INFO - Started process (PID=55) to work on /home/airflow/.local/lib/python3.8/site-packages/airflow/example_dags/tutorial.py
[2023-12-01T22:21:22.385+0000] {processor.py:829} INFO - Processing file /home/airflow/.local/lib/python3.8/site-packages/airflow/example_dags/tutorial.py for tasks to queue
[2023-12-01T22:21:22.387+0000] {logging_mixin.py:154} INFO - [2023-12-01T22:21:22.387+0000] {dagbag.py:536} INFO - Filling up the DagBag from /home/airflow/.local/lib/python3.8/site-packages/airflow/example_dags/tutorial.py
[2023-12-01T22:21:22.394+0000] {processor.py:839} INFO - DAG(s) dict_keys(['tutorial']) retrieved from /home/airflow/.local/lib/python3.8/site-packages/airflow/example_dags/tutorial.py
[2023-12-01T22:21:22.404+0000] {logging_mixin.py:154} INFO - [2023-12-01T22:21:22.404+0000] {dag.py:2941} INFO - Sync 1 DAGs
[2023-12-01T22:21:22.432+0000] {logging_mixin.py:154} INFO - [2023-12-01T22:21:22.431+0000] {dag.py:3722} INFO - Setting next_dagrun for tutorial to 2023-11-30T22:21:22.431649+00:00, run_after=2023-12-01T22:21:22.431649+00:00
[2023-12-01T22:21:22.447+0000] {processor.py:179} INFO - Processing /home/airflow/.local/lib/python3.8/site-packages/airflow/example_dags/tutorial.py took 0.065 seconds
[2023-12-01T22:21:52.590+0000] {processor.py:157} INFO - Started process (PID=110) to work on /home/airflow/.local/lib/python3.8/site-packages/airflow/example_dags/tutorial.py
[2023-12-01T22:21:52.591+0000] {processor.py:829} INFO - Processing file /home/airflow/.local/lib/python3.8/site-packages/airflow/example_dags/tutorial.py for tasks to queue
[2023-12-01T22:21:52.593+0000] {logging_mixin.py:154} INFO - [2023-12-01T22:21:52.593+0000] {dagbag.py:536} INFO - Filling up the DagBag from /home/airflow/.local/lib/python3.8/site-packages/airflow/example_dags/tutorial.py
[2023-12-01T22:21:52.597+0000] {processor.py:839} INFO - DAG(s) dict_keys(['tutorial']) retrieved from /home/airflow/.local/lib/python3.8/site-packages/airflow/example_dags/tutorial.py
[2023-12-01T22:21:52.618+0000] {logging_mixin.py:154} INFO - [2023-12-01T22:21:52.618+0000] {dag.py:2941} INFO - Sync 1 DAGs
[2023-12-01T22:21:52.647+0000] {logging_mixin.py:154} INFO - [2023-12-01T22:21:52.646+0000] {dag.py:3722} INFO - Setting next_dagrun for tutorial to 2023-11-30T22:21:52.646691+00:00, run_after=2023-12-01T22:21:52.646691+00:00
[2023-12-01T22:21:52.664+0000] {processor.py:179} INFO - Processing /home/airflow/.local/lib/python3.8/site-packages/airflow/example_dags/tutorial.py took 0.076 seconds
[2023-12-01T22:22:23.012+0000] {processor.py:157} INFO - Started process (PID=164) to work on /home/airflow/.local/lib/python3.8/site-packages/airflow/example_dags/tutorial.py
[2023-12-01T22:22:23.012+0000] {processor.py:829} INFO - Processing file /home/airflow/.local/lib/python3.8/site-packages/airflow/example_dags/tutorial.py for tasks to queue
[2023-12-01T22:22:23.014+0000] {logging_mixin.py:154} INFO - [2023-12-01T22:22:23.014+0000] {dagbag.py:536} INFO - Filling up the DagBag from /home/airflow/.local/lib/python3.8/site-packages/airflow/example_dags/tutorial.py
[2023-12-01T22:22:23.019+0000] {processor.py:839} INFO - DAG(s) dict_keys(['tutorial']) retrieved from /home/airflow/.local/lib/python3.8/site-packages/airflow/example_dags/tutorial.py
[2023-12-01T22:22:23.035+0000] {logging_mixin.py:154} INFO - [2023-12-01T22:22:23.034+0000] {dag.py:2941} INFO - Sync 1 DAGs
[2023-12-01T22:22:23.054+0000] {logging_mixin.py:154} INFO - [2023-12-01T22:22:23.054+0000] {dag.py:3722} INFO - Setting next_dagrun for tutorial to 2023-11-30T22:22:23.053998+00:00, run_after=2023-12-01T22:22:23.053998+00:00
[2023-12-01T22:22:23.068+0000] {processor.py:179} INFO - Processing /home/airflow/.local/lib/python3.8/site-packages/airflow/example_dags/tutorial.py took 0.059 seconds
[2023-12-01T22:22:53.232+0000] {processor.py:157} INFO - Started process (PID=218) to work on /home/airflow/.local/lib/python3.8/site-packages/airflow/example_dags/tutorial.py
[2023-12-01T22:22:53.233+0000] {processor.py:829} INFO - Processing file /home/airflow/.local/lib/python3.8/site-packages/airflow/example_dags/tutorial.py for tasks to queue
[2023-12-01T22:22:53.234+0000] {logging_mixin.py:154} INFO - [2023-12-01T22:22:53.234+0000] {dagbag.py:536} INFO - Filling up the DagBag from /home/airflow/.local/lib/python3.8/site-packages/airflow/example_dags/tutorial.py
[2023-12-01T22:22:53.239+0000] {processor.py:839} INFO - DAG(s) dict_keys(['tutorial']) retrieved from /home/airflow/.local/lib/python3.8/site-packages/airflow/example_dags/tutorial.py
[2023-12-01T22:22:53.258+0000] {logging_mixin.py:154} INFO - [2023-12-01T22:22:53.258+0000] {dag.py:2941} INFO - Sync 1 DAGs
[2023-12-01T22:22:53.279+0000] {logging_mixin.py:154} INFO - [2023-12-01T22:22:53.278+0000] {dag.py:3722} INFO - Setting next_dagrun for tutorial to 2023-11-30T22:22:53.278475+00:00, run_after=2023-12-01T22:22:53.278475+00:00
[2023-12-01T22:22:53.293+0000] {processor.py:179} INFO - Processing /home/airflow/.local/lib/python3.8/site-packages/airflow/example_dags/tutorial.py took 0.063 seconds
[2023-12-01T22:23:23.390+0000] {processor.py:157} INFO - Started process (PID=272) to work on /home/airflow/.local/lib/python3.8/site-packages/airflow/example_dags/tutorial.py
[2023-12-01T22:23:23.391+0000] {processor.py:829} INFO - Processing file /home/airflow/.local/lib/python3.8/site-packages/airflow/example_dags/tutorial.py for tasks to queue
[2023-12-01T22:23:23.393+0000] {logging_mixin.py:154} INFO - [2023-12-01T22:23:23.392+0000] {dagbag.py:536} INFO - Filling up the DagBag from /home/airflow/.local/lib/python3.8/site-packages/airflow/example_dags/tutorial.py
[2023-12-01T22:23:23.396+0000] {processor.py:839} INFO - DAG(s) dict_keys(['tutorial']) retrieved from /home/airflow/.local/lib/python3.8/site-packages/airflow/example_dags/tutorial.py
[2023-12-01T22:23:23.410+0000] {logging_mixin.py:154} INFO - [2023-12-01T22:23:23.410+0000] {dag.py:2941} INFO - Sync 1 DAGs
[2023-12-01T22:23:23.425+0000] {logging_mixin.py:154} INFO - [2023-12-01T22:23:23.424+0000] {dag.py:3722} INFO - Setting next_dagrun for tutorial to 2023-11-30T22:23:23.424678+00:00, run_after=2023-12-01T22:23:23.424678+00:00
[2023-12-01T22:23:23.440+0000] {processor.py:179} INFO - Processing /home/airflow/.local/lib/python3.8/site-packages/airflow/example_dags/tutorial.py took 0.052 seconds
[2023-12-01T22:23:53.641+0000] {processor.py:157} INFO - Started process (PID=326) to work on /home/airflow/.local/lib/python3.8/site-packages/airflow/example_dags/tutorial.py
[2023-12-01T22:23:53.642+0000] {processor.py:829} INFO - Processing file /home/airflow/.local/lib/python3.8/site-packages/airflow/example_dags/tutorial.py for tasks to queue
[2023-12-01T22:23:53.643+0000] {logging_mixin.py:154} INFO - [2023-12-01T22:23:53.643+0000] {dagbag.py:536} INFO - Filling up the DagBag from /home/airflow/.local/lib/python3.8/site-packages/airflow/example_dags/tutorial.py
[2023-12-01T22:23:53.647+0000] {processor.py:839} INFO - DAG(s) dict_keys(['tutorial']) retrieved from /home/airflow/.local/lib/python3.8/site-packages/airflow/example_dags/tutorial.py
[2023-12-01T22:23:53.662+0000] {logging_mixin.py:154} INFO - [2023-12-01T22:23:53.662+0000] {dag.py:2941} INFO - Sync 1 DAGs
[2023-12-01T22:23:53.679+0000] {logging_mixin.py:154} INFO - [2023-12-01T22:23:53.679+0000] {dag.py:3722} INFO - Setting next_dagrun for tutorial to 2023-11-30T22:23:53.679175+00:00, run_after=2023-12-01T22:23:53.679175+00:00
[2023-12-01T22:23:53.692+0000] {processor.py:179} INFO - Processing /home/airflow/.local/lib/python3.8/site-packages/airflow/example_dags/tutorial.py took 0.053 seconds
[2023-12-01T22:24:23.894+0000] {processor.py:157} INFO - Started process (PID=380) to work on /home/airflow/.local/lib/python3.8/site-packages/airflow/example_dags/tutorial.py
[2023-12-01T22:24:23.895+0000] {processor.py:829} INFO - Processing file /home/airflow/.local/lib/python3.8/site-packages/airflow/example_dags/tutorial.py for tasks to queue
[2023-12-01T22:24:23.897+0000] {logging_mixin.py:154} INFO - [2023-12-01T22:24:23.897+0000] {dagbag.py:536} INFO - Filling up the DagBag from /home/airflow/.local/lib/python3.8/site-packages/airflow/example_dags/tutorial.py
[2023-12-01T22:24:23.901+0000] {processor.py:839} INFO - DAG(s) dict_keys(['tutorial']) retrieved from /home/airflow/.local/lib/python3.8/site-packages/airflow/example_dags/tutorial.py
[2023-12-01T22:24:23.916+0000] {logging_mixin.py:154} INFO - [2023-12-01T22:24:23.916+0000] {dag.py:2941} INFO - Sync 1 DAGs
[2023-12-01T22:24:23.933+0000] {logging_mixin.py:154} INFO - [2023-12-01T22:24:23.932+0000] {dag.py:3722} INFO - Setting next_dagrun for tutorial to 2023-11-30T22:24:23.932775+00:00, run_after=2023-12-01T22:24:23.932775+00:00
[2023-12-01T22:24:23.946+0000] {processor.py:179} INFO - Processing /home/airflow/.local/lib/python3.8/site-packages/airflow/example_dags/tutorial.py took 0.053 seconds
[2023-12-01T22:24:54.988+0000] {processor.py:157} INFO - Started process (PID=434) to work on /home/airflow/.local/lib/python3.8/site-packages/airflow/example_dags/tutorial.py
[2023-12-01T22:24:54.989+0000] {processor.py:829} INFO - Processing file /home/airflow/.local/lib/python3.8/site-packages/airflow/example_dags/tutorial.py for tasks to queue
[2023-12-01T22:24:54.990+0000] {logging_mixin.py:154} INFO - [2023-12-01T22:24:54.990+0000] {dagbag.py:536} INFO - Filling up the DagBag from /home/airflow/.local/lib/python3.8/site-packages/airflow/example_dags/tutorial.py
[2023-12-01T22:24:54.994+0000] {processor.py:839} INFO - DAG(s) dict_keys(['tutorial']) retrieved from /home/airflow/.local/lib/python3.8/site-packages/airflow/example_dags/tutorial.py
[2023-12-01T22:24:55.008+0000] {logging_mixin.py:154} INFO - [2023-12-01T22:24:55.008+0000] {dag.py:2941} INFO - Sync 1 DAGs
[2023-12-01T22:24:55.025+0000] {logging_mixin.py:154} INFO - [2023-12-01T22:24:55.025+0000] {dag.py:3722} INFO - Setting next_dagrun for tutorial to 2023-11-30T22:24:55.024886+00:00, run_after=2023-12-01T22:24:55.024886+00:00
[2023-12-01T22:24:55.039+0000] {processor.py:179} INFO - Processing /home/airflow/.local/lib/python3.8/site-packages/airflow/example_dags/tutorial.py took 0.053 seconds
[2023-12-01T22:25:25.087+0000] {processor.py:157} INFO - Started process (PID=488) to work on /home/airflow/.local/lib/python3.8/site-packages/airflow/example_dags/tutorial.py
[2023-12-01T22:25:25.088+0000] {processor.py:829} INFO - Processing file /home/airflow/.local/lib/python3.8/site-packages/airflow/example_dags/tutorial.py for tasks to queue
[2023-12-01T22:25:25.090+0000] {logging_mixin.py:154} INFO - [2023-12-01T22:25:25.090+0000] {dagbag.py:536} INFO - Filling up the DagBag from /home/airflow/.local/lib/python3.8/site-packages/airflow/example_dags/tutorial.py
[2023-12-01T22:25:25.094+0000] {processor.py:839} INFO - DAG(s) dict_keys(['tutorial']) retrieved from /home/airflow/.local/lib/python3.8/site-packages/airflow/example_dags/tutorial.py
[2023-12-01T22:25:25.108+0000] {logging_mixin.py:154} INFO - [2023-12-01T22:25:25.108+0000] {dag.py:2941} INFO - Sync 1 DAGs
[2023-12-01T22:25:25.123+0000] {logging_mixin.py:154} INFO - [2023-12-01T22:25:25.123+0000] {dag.py:3722} INFO - Setting next_dagrun for tutorial to 2023-11-30T22:25:25.123448+00:00, run_after=2023-12-01T22:25:25.123448+00:00
[2023-12-01T22:25:25.137+0000] {processor.py:179} INFO - Processing /home/airflow/.local/lib/python3.8/site-packages/airflow/example_dags/tutorial.py took 0.052 seconds
[2023-12-01T22:25:56.096+0000] {processor.py:157} INFO - Started process (PID=542) to work on /home/airflow/.local/lib/python3.8/site-packages/airflow/example_dags/tutorial.py
[2023-12-01T22:25:56.097+0000] {processor.py:829} INFO - Processing file /home/airflow/.local/lib/python3.8/site-packages/airflow/example_dags/tutorial.py for tasks to queue
[2023-12-01T22:25:56.099+0000] {logging_mixin.py:154} INFO - [2023-12-01T22:25:56.099+0000] {dagbag.py:536} INFO - Filling up the DagBag from /home/airflow/.local/lib/python3.8/site-packages/airflow/example_dags/tutorial.py
[2023-12-01T22:25:56.103+0000] {processor.py:839} INFO - DAG(s) dict_keys(['tutorial']) retrieved from /home/airflow/.local/lib/python3.8/site-packages/airflow/example_dags/tutorial.py
[2023-12-01T22:25:56.117+0000] {logging_mixin.py:154} INFO - [2023-12-01T22:25:56.117+0000] {dag.py:2941} INFO - Sync 1 DAGs
[2023-12-01T22:25:56.132+0000] {logging_mixin.py:154} INFO - [2023-12-01T22:25:56.132+0000] {dag.py:3722} INFO - Setting next_dagrun for tutorial to 2023-11-30T22:25:56.132211+00:00, run_after=2023-12-01T22:25:56.132211+00:00
[2023-12-01T22:25:56.144+0000] {processor.py:179} INFO - Processing /home/airflow/.local/lib/python3.8/site-packages/airflow/example_dags/tutorial.py took 0.050 seconds
[2023-12-01T22:26:26.186+0000] {processor.py:157} INFO - Started process (PID=596) to work on /home/airflow/.local/lib/python3.8/site-packages/airflow/example_dags/tutorial.py
[2023-12-01T22:26:26.187+0000] {processor.py:829} INFO - Processing file /home/airflow/.local/lib/python3.8/site-packages/airflow/example_dags/tutorial.py for tasks to queue
[2023-12-01T22:26:26.189+0000] {logging_mixin.py:154} INFO - [2023-12-01T22:26:26.189+0000] {dagbag.py:536} INFO - Filling up the DagBag from /home/airflow/.local/lib/python3.8/site-packages/airflow/example_dags/tutorial.py
[2023-12-01T22:26:26.193+0000] {processor.py:839} INFO - DAG(s) dict_keys(['tutorial']) retrieved from /home/airflow/.local/lib/python3.8/site-packages/airflow/example_dags/tutorial.py
[2023-12-01T22:26:26.207+0000] {logging_mixin.py:154} INFO - [2023-12-01T22:26:26.206+0000] {dag.py:2941} INFO - Sync 1 DAGs
[2023-12-01T22:26:26.222+0000] {logging_mixin.py:154} INFO - [2023-12-01T22:26:26.222+0000] {dag.py:3722} INFO - Setting next_dagrun for tutorial to 2023-11-30T22:26:26.221918+00:00, run_after=2023-12-01T22:26:26.221918+00:00
[2023-12-01T22:26:26.235+0000] {processor.py:179} INFO - Processing /home/airflow/.local/lib/python3.8/site-packages/airflow/example_dags/tutorial.py took 0.050 seconds
[2023-12-01T22:26:56.313+0000] {processor.py:157} INFO - Started process (PID=650) to work on /home/airflow/.local/lib/python3.8/site-packages/airflow/example_dags/tutorial.py
[2023-12-01T22:26:56.314+0000] {processor.py:829} INFO - Processing file /home/airflow/.local/lib/python3.8/site-packages/airflow/example_dags/tutorial.py for tasks to queue
[2023-12-01T22:26:56.315+0000] {logging_mixin.py:154} INFO - [2023-12-01T22:26:56.315+0000] {dagbag.py:536} INFO - Filling up the DagBag from /home/airflow/.local/lib/python3.8/site-packages/airflow/example_dags/tutorial.py
[2023-12-01T22:26:56.319+0000] {processor.py:839} INFO - DAG(s) dict_keys(['tutorial']) retrieved from /home/airflow/.local/lib/python3.8/site-packages/airflow/example_dags/tutorial.py
[2023-12-01T22:26:56.333+0000] {logging_mixin.py:154} INFO - [2023-12-01T22:26:56.333+0000] {dag.py:2941} INFO - Sync 1 DAGs
[2023-12-01T22:26:56.348+0000] {logging_mixin.py:154} INFO - [2023-12-01T22:26:56.348+0000] {dag.py:3722} INFO - Setting next_dagrun for tutorial to 2023-11-30T22:26:56.347883+00:00, run_after=2023-12-01T22:26:56.347883+00:00
[2023-12-01T22:26:56.360+0000] {processor.py:179} INFO - Processing /home/airflow/.local/lib/python3.8/site-packages/airflow/example_dags/tutorial.py took 0.049 seconds
[2023-12-01T22:27:26.531+0000] {processor.py:157} INFO - Started process (PID=704) to work on /home/airflow/.local/lib/python3.8/site-packages/airflow/example_dags/tutorial.py
[2023-12-01T22:27:26.532+0000] {processor.py:829} INFO - Processing file /home/airflow/.local/lib/python3.8/site-packages/airflow/example_dags/tutorial.py for tasks to queue
[2023-12-01T22:27:26.533+0000] {logging_mixin.py:154} INFO - [2023-12-01T22:27:26.533+0000] {dagbag.py:536} INFO - Filling up the DagBag from /home/airflow/.local/lib/python3.8/site-packages/airflow/example_dags/tutorial.py
[2023-12-01T22:27:26.537+0000] {processor.py:839} INFO - DAG(s) dict_keys(['tutorial']) retrieved from /home/airflow/.local/lib/python3.8/site-packages/airflow/example_dags/tutorial.py
[2023-12-01T22:27:26.551+0000] {logging_mixin.py:154} INFO - [2023-12-01T22:27:26.551+0000] {dag.py:2941} INFO - Sync 1 DAGs
[2023-12-01T22:27:26.566+0000] {logging_mixin.py:154} INFO - [2023-12-01T22:27:26.566+0000] {dag.py:3722} INFO - Setting next_dagrun for tutorial to 2023-11-30T22:27:26.566394+00:00, run_after=2023-12-01T22:27:26.566394+00:00
[2023-12-01T22:27:26.578+0000] {processor.py:179} INFO - Processing /home/airflow/.local/lib/python3.8/site-packages/airflow/example_dags/tutorial.py took 0.049 seconds
[2023-12-01T22:27:57.377+0000] {processor.py:157} INFO - Started process (PID=758) to work on /home/airflow/.local/lib/python3.8/site-packages/airflow/example_dags/tutorial.py
[2023-12-01T22:27:57.378+0000] {processor.py:829} INFO - Processing file /home/airflow/.local/lib/python3.8/site-packages/airflow/example_dags/tutorial.py for tasks to queue
[2023-12-01T22:27:57.380+0000] {logging_mixin.py:154} INFO - [2023-12-01T22:27:57.379+0000] {dagbag.py:536} INFO - Filling up the DagBag from /home/airflow/.local/lib/python3.8/site-packages/airflow/example_dags/tutorial.py
[2023-12-01T22:27:57.383+0000] {processor.py:839} INFO - DAG(s) dict_keys(['tutorial']) retrieved from /home/airflow/.local/lib/python3.8/site-packages/airflow/example_dags/tutorial.py
[2023-12-01T22:27:57.397+0000] {logging_mixin.py:154} INFO - [2023-12-01T22:27:57.397+0000] {dag.py:2941} INFO - Sync 1 DAGs
[2023-12-01T22:27:57.412+0000] {logging_mixin.py:154} INFO - [2023-12-01T22:27:57.411+0000] {dag.py:3722} INFO - Setting next_dagrun for tutorial to 2023-11-30T22:27:57.411771+00:00, run_after=2023-12-01T22:27:57.411771+00:00
[2023-12-01T22:27:57.424+0000] {processor.py:179} INFO - Processing /home/airflow/.local/lib/python3.8/site-packages/airflow/example_dags/tutorial.py took 0.049 seconds
[2023-12-01T22:28:27.665+0000] {processor.py:157} INFO - Started process (PID=812) to work on /home/airflow/.local/lib/python3.8/site-packages/airflow/example_dags/tutorial.py
[2023-12-01T22:28:27.665+0000] {processor.py:829} INFO - Processing file /home/airflow/.local/lib/python3.8/site-packages/airflow/example_dags/tutorial.py for tasks to queue
[2023-12-01T22:28:27.667+0000] {logging_mixin.py:154} INFO - [2023-12-01T22:28:27.667+0000] {dagbag.py:536} INFO - Filling up the DagBag from /home/airflow/.local/lib/python3.8/site-packages/airflow/example_dags/tutorial.py
[2023-12-01T22:28:27.671+0000] {processor.py:839} INFO - DAG(s) dict_keys(['tutorial']) retrieved from /home/airflow/.local/lib/python3.8/site-packages/airflow/example_dags/tutorial.py
[2023-12-01T22:28:27.684+0000] {logging_mixin.py:154} INFO - [2023-12-01T22:28:27.684+0000] {dag.py:2941} INFO - Sync 1 DAGs
[2023-12-01T22:28:27.700+0000] {logging_mixin.py:154} INFO - [2023-12-01T22:28:27.700+0000] {dag.py:3722} INFO - Setting next_dagrun for tutorial to 2023-11-30T22:28:27.700243+00:00, run_after=2023-12-01T22:28:27.700243+00:00
[2023-12-01T22:28:27.713+0000] {processor.py:179} INFO - Processing /home/airflow/.local/lib/python3.8/site-packages/airflow/example_dags/tutorial.py took 0.051 seconds
[2023-12-01T22:28:57.781+0000] {processor.py:157} INFO - Started process (PID=866) to work on /home/airflow/.local/lib/python3.8/site-packages/airflow/example_dags/tutorial.py
[2023-12-01T22:28:57.781+0000] {processor.py:829} INFO - Processing file /home/airflow/.local/lib/python3.8/site-packages/airflow/example_dags/tutorial.py for tasks to queue
[2023-12-01T22:28:57.783+0000] {logging_mixin.py:154} INFO - [2023-12-01T22:28:57.783+0000] {dagbag.py:536} INFO - Filling up the DagBag from /home/airflow/.local/lib/python3.8/site-packages/airflow/example_dags/tutorial.py
[2023-12-01T22:28:57.787+0000] {processor.py:839} INFO - DAG(s) dict_keys(['tutorial']) retrieved from /home/airflow/.local/lib/python3.8/site-packages/airflow/example_dags/tutorial.py
[2023-12-01T22:28:57.801+0000] {logging_mixin.py:154} INFO - [2023-12-01T22:28:57.800+0000] {dag.py:2941} INFO - Sync 1 DAGs
[2023-12-01T22:28:57.815+0000] {logging_mixin.py:154} INFO - [2023-12-01T22:28:57.815+0000] {dag.py:3722} INFO - Setting next_dagrun for tutorial to 2023-11-30T22:28:57.815628+00:00, run_after=2023-12-01T22:28:57.815628+00:00
[2023-12-01T22:28:57.828+0000] {processor.py:179} INFO - Processing /home/airflow/.local/lib/python3.8/site-packages/airflow/example_dags/tutorial.py took 0.049 seconds
[2023-12-01T22:29:27.863+0000] {processor.py:157} INFO - Started process (PID=920) to work on /home/airflow/.local/lib/python3.8/site-packages/airflow/example_dags/tutorial.py
[2023-12-01T22:29:27.864+0000] {processor.py:829} INFO - Processing file /home/airflow/.local/lib/python3.8/site-packages/airflow/example_dags/tutorial.py for tasks to queue
[2023-12-01T22:29:27.866+0000] {logging_mixin.py:154} INFO - [2023-12-01T22:29:27.866+0000] {dagbag.py:536} INFO - Filling up the DagBag from /home/airflow/.local/lib/python3.8/site-packages/airflow/example_dags/tutorial.py
[2023-12-01T22:29:27.869+0000] {processor.py:839} INFO - DAG(s) dict_keys(['tutorial']) retrieved from /home/airflow/.local/lib/python3.8/site-packages/airflow/example_dags/tutorial.py
[2023-12-01T22:29:27.883+0000] {logging_mixin.py:154} INFO - [2023-12-01T22:29:27.883+0000] {dag.py:2941} INFO - Sync 1 DAGs
[2023-12-01T22:29:27.898+0000] {logging_mixin.py:154} INFO - [2023-12-01T22:29:27.898+0000] {dag.py:3722} INFO - Setting next_dagrun for tutorial to 2023-11-30T22:29:27.897862+00:00, run_after=2023-12-01T22:29:27.897862+00:00
[2023-12-01T22:29:27.910+0000] {processor.py:179} INFO - Processing /home/airflow/.local/lib/python3.8/site-packages/airflow/example_dags/tutorial.py took 0.049 seconds
[2023-12-01T22:29:58.024+0000] {processor.py:157} INFO - Started process (PID=974) to work on /home/airflow/.local/lib/python3.8/site-packages/airflow/example_dags/tutorial.py
[2023-12-01T22:29:58.024+0000] {processor.py:829} INFO - Processing file /home/airflow/.local/lib/python3.8/site-packages/airflow/example_dags/tutorial.py for tasks to queue
[2023-12-01T22:29:58.026+0000] {logging_mixin.py:154} INFO - [2023-12-01T22:29:58.026+0000] {dagbag.py:536} INFO - Filling up the DagBag from /home/airflow/.local/lib/python3.8/site-packages/airflow/example_dags/tutorial.py
[2023-12-01T22:29:58.030+0000] {processor.py:839} INFO - DAG(s) dict_keys(['tutorial']) retrieved from /home/airflow/.local/lib/python3.8/site-packages/airflow/example_dags/tutorial.py
[2023-12-01T22:29:58.043+0000] {logging_mixin.py:154} INFO - [2023-12-01T22:29:58.043+0000] {dag.py:2941} INFO - Sync 1 DAGs
[2023-12-01T22:29:58.058+0000] {logging_mixin.py:154} INFO - [2023-12-01T22:29:58.057+0000] {dag.py:3722} INFO - Setting next_dagrun for tutorial to 2023-11-30T22:29:58.057722+00:00, run_after=2023-12-01T22:29:58.057722+00:00
[2023-12-01T22:29:58.071+0000] {processor.py:179} INFO - Processing /home/airflow/.local/lib/python3.8/site-packages/airflow/example_dags/tutorial.py took 0.049 seconds
[2023-12-01T22:30:28.152+0000] {processor.py:157} INFO - Started process (PID=1028) to work on /home/airflow/.local/lib/python3.8/site-packages/airflow/example_dags/tutorial.py
[2023-12-01T22:30:28.152+0000] {processor.py:829} INFO - Processing file /home/airflow/.local/lib/python3.8/site-packages/airflow/example_dags/tutorial.py for tasks to queue
[2023-12-01T22:30:28.154+0000] {logging_mixin.py:154} INFO - [2023-12-01T22:30:28.154+0000] {dagbag.py:536} INFO - Filling up the DagBag from /home/airflow/.local/lib/python3.8/site-packages/airflow/example_dags/tutorial.py
[2023-12-01T22:30:28.158+0000] {processor.py:839} INFO - DAG(s) dict_keys(['tutorial']) retrieved from /home/airflow/.local/lib/python3.8/site-packages/airflow/example_dags/tutorial.py
[2023-12-01T22:30:28.172+0000] {logging_mixin.py:154} INFO - [2023-12-01T22:30:28.172+0000] {dag.py:2941} INFO - Sync 1 DAGs
[2023-12-01T22:30:28.188+0000] {logging_mixin.py:154} INFO - [2023-12-01T22:30:28.187+0000] {dag.py:3722} INFO - Setting next_dagrun for tutorial to 2023-11-30T22:30:28.187704+00:00, run_after=2023-12-01T22:30:28.187704+00:00
[2023-12-01T22:30:28.201+0000] {processor.py:179} INFO - Processing /home/airflow/.local/lib/python3.8/site-packages/airflow/example_dags/tutorial.py took 0.051 seconds
[2023-12-01T22:30:58.352+0000] {processor.py:157} INFO - Started process (PID=1082) to work on /home/airflow/.local/lib/python3.8/site-packages/airflow/example_dags/tutorial.py
[2023-12-01T22:30:58.353+0000] {processor.py:829} INFO - Processing file /home/airflow/.local/lib/python3.8/site-packages/airflow/example_dags/tutorial.py for tasks to queue
[2023-12-01T22:30:58.354+0000] {logging_mixin.py:154} INFO - [2023-12-01T22:30:58.354+0000] {dagbag.py:536} INFO - Filling up the DagBag from /home/airflow/.local/lib/python3.8/site-packages/airflow/example_dags/tutorial.py
[2023-12-01T22:30:58.358+0000] {processor.py:839} INFO - DAG(s) dict_keys(['tutorial']) retrieved from /home/airflow/.local/lib/python3.8/site-packages/airflow/example_dags/tutorial.py
[2023-12-01T22:30:58.372+0000] {logging_mixin.py:154} INFO - [2023-12-01T22:30:58.372+0000] {dag.py:2941} INFO - Sync 1 DAGs
[2023-12-01T22:30:58.387+0000] {logging_mixin.py:154} INFO - [2023-12-01T22:30:58.387+0000] {dag.py:3722} INFO - Setting next_dagrun for tutorial to 2023-11-30T22:30:58.387467+00:00, run_after=2023-12-01T22:30:58.387467+00:00
[2023-12-01T22:30:58.401+0000] {processor.py:179} INFO - Processing /home/airflow/.local/lib/python3.8/site-packages/airflow/example_dags/tutorial.py took 0.051 seconds
[2023-12-01T22:31:28.533+0000] {processor.py:157} INFO - Started process (PID=1136) to work on /home/airflow/.local/lib/python3.8/site-packages/airflow/example_dags/tutorial.py
[2023-12-01T22:31:28.534+0000] {processor.py:829} INFO - Processing file /home/airflow/.local/lib/python3.8/site-packages/airflow/example_dags/tutorial.py for tasks to queue
[2023-12-01T22:31:28.535+0000] {logging_mixin.py:154} INFO - [2023-12-01T22:31:28.535+0000] {dagbag.py:536} INFO - Filling up the DagBag from /home/airflow/.local/lib/python3.8/site-packages/airflow/example_dags/tutorial.py
[2023-12-01T22:31:28.539+0000] {processor.py:839} INFO - DAG(s) dict_keys(['tutorial']) retrieved from /home/airflow/.local/lib/python3.8/site-packages/airflow/example_dags/tutorial.py
[2023-12-01T22:31:28.553+0000] {logging_mixin.py:154} INFO - [2023-12-01T22:31:28.552+0000] {dag.py:2941} INFO - Sync 1 DAGs
[2023-12-01T22:31:28.568+0000] {logging_mixin.py:154} INFO - [2023-12-01T22:31:28.567+0000] {dag.py:3722} INFO - Setting next_dagrun for tutorial to 2023-11-30T22:31:28.567788+00:00, run_after=2023-12-01T22:31:28.567788+00:00
[2023-12-01T22:31:28.580+0000] {processor.py:179} INFO - Processing /home/airflow/.local/lib/python3.8/site-packages/airflow/example_dags/tutorial.py took 0.049 seconds
[2023-12-01T22:31:58.664+0000] {processor.py:157} INFO - Started process (PID=1190) to work on /home/airflow/.local/lib/python3.8/site-packages/airflow/example_dags/tutorial.py
[2023-12-01T22:31:58.665+0000] {processor.py:829} INFO - Processing file /home/airflow/.local/lib/python3.8/site-packages/airflow/example_dags/tutorial.py for tasks to queue
[2023-12-01T22:31:58.667+0000] {logging_mixin.py:154} INFO - [2023-12-01T22:31:58.666+0000] {dagbag.py:536} INFO - Filling up the DagBag from /home/airflow/.local/lib/python3.8/site-packages/airflow/example_dags/tutorial.py
[2023-12-01T22:31:58.671+0000] {processor.py:839} INFO - DAG(s) dict_keys(['tutorial']) retrieved from /home/airflow/.local/lib/python3.8/site-packages/airflow/example_dags/tutorial.py
[2023-12-01T22:31:58.684+0000] {logging_mixin.py:154} INFO - [2023-12-01T22:31:58.684+0000] {dag.py:2941} INFO - Sync 1 DAGs
[2023-12-01T22:31:58.699+0000] {logging_mixin.py:154} INFO - [2023-12-01T22:31:58.699+0000] {dag.py:3722} INFO - Setting next_dagrun for tutorial to 2023-11-30T22:31:58.699119+00:00, run_after=2023-12-01T22:31:58.699119+00:00
[2023-12-01T22:31:58.712+0000] {processor.py:179} INFO - Processing /home/airflow/.local/lib/python3.8/site-packages/airflow/example_dags/tutorial.py took 0.050 seconds
[2023-12-01T22:32:28.793+0000] {processor.py:157} INFO - Started process (PID=1244) to work on /home/airflow/.local/lib/python3.8/site-packages/airflow/example_dags/tutorial.py
[2023-12-01T22:32:28.794+0000] {processor.py:829} INFO - Processing file /home/airflow/.local/lib/python3.8/site-packages/airflow/example_dags/tutorial.py for tasks to queue
[2023-12-01T22:32:28.796+0000] {logging_mixin.py:154} INFO - [2023-12-01T22:32:28.795+0000] {dagbag.py:536} INFO - Filling up the DagBag from /home/airflow/.local/lib/python3.8/site-packages/airflow/example_dags/tutorial.py
[2023-12-01T22:32:28.799+0000] {processor.py:839} INFO - DAG(s) dict_keys(['tutorial']) retrieved from /home/airflow/.local/lib/python3.8/site-packages/airflow/example_dags/tutorial.py
[2023-12-01T22:32:28.813+0000] {logging_mixin.py:154} INFO - [2023-12-01T22:32:28.813+0000] {dag.py:2941} INFO - Sync 1 DAGs
[2023-12-01T22:32:28.829+0000] {logging_mixin.py:154} INFO - [2023-12-01T22:32:28.828+0000] {dag.py:3722} INFO - Setting next_dagrun for tutorial to 2023-11-30T22:32:28.828750+00:00, run_after=2023-12-01T22:32:28.828750+00:00
[2023-12-01T22:32:28.842+0000] {processor.py:179} INFO - Processing /home/airflow/.local/lib/python3.8/site-packages/airflow/example_dags/tutorial.py took 0.051 seconds
[2023-12-01T22:32:59.169+0000] {processor.py:157} INFO - Started process (PID=1298) to work on /home/airflow/.local/lib/python3.8/site-packages/airflow/example_dags/tutorial.py
[2023-12-01T22:32:59.170+0000] {processor.py:829} INFO - Processing file /home/airflow/.local/lib/python3.8/site-packages/airflow/example_dags/tutorial.py for tasks to queue
[2023-12-01T22:32:59.172+0000] {logging_mixin.py:154} INFO - [2023-12-01T22:32:59.171+0000] {dagbag.py:536} INFO - Filling up the DagBag from /home/airflow/.local/lib/python3.8/site-packages/airflow/example_dags/tutorial.py
[2023-12-01T22:32:59.175+0000] {processor.py:839} INFO - DAG(s) dict_keys(['tutorial']) retrieved from /home/airflow/.local/lib/python3.8/site-packages/airflow/example_dags/tutorial.py
[2023-12-01T22:32:59.203+0000] {logging_mixin.py:154} INFO - [2023-12-01T22:32:59.203+0000] {dag.py:2941} INFO - Sync 1 DAGs
[2023-12-01T22:32:59.226+0000] {logging_mixin.py:154} INFO - [2023-12-01T22:32:59.225+0000] {dag.py:3722} INFO - Setting next_dagrun for tutorial to 2023-11-30T22:32:59.225632+00:00, run_after=2023-12-01T22:32:59.225632+00:00
[2023-12-01T22:32:59.242+0000] {processor.py:179} INFO - Processing /home/airflow/.local/lib/python3.8/site-packages/airflow/example_dags/tutorial.py took 0.075 seconds
[2023-12-01T22:33:29.435+0000] {processor.py:157} INFO - Started process (PID=1353) to work on /home/airflow/.local/lib/python3.8/site-packages/airflow/example_dags/tutorial.py
[2023-12-01T22:33:29.436+0000] {processor.py:829} INFO - Processing file /home/airflow/.local/lib/python3.8/site-packages/airflow/example_dags/tutorial.py for tasks to queue
[2023-12-01T22:33:29.437+0000] {logging_mixin.py:154} INFO - [2023-12-01T22:33:29.437+0000] {dagbag.py:536} INFO - Filling up the DagBag from /home/airflow/.local/lib/python3.8/site-packages/airflow/example_dags/tutorial.py
[2023-12-01T22:33:29.441+0000] {processor.py:839} INFO - DAG(s) dict_keys(['tutorial']) retrieved from /home/airflow/.local/lib/python3.8/site-packages/airflow/example_dags/tutorial.py
[2023-12-01T22:33:29.457+0000] {logging_mixin.py:154} INFO - [2023-12-01T22:33:29.457+0000] {dag.py:2941} INFO - Sync 1 DAGs
[2023-12-01T22:33:29.473+0000] {logging_mixin.py:154} INFO - [2023-12-01T22:33:29.473+0000] {dag.py:3722} INFO - Setting next_dagrun for tutorial to 2023-11-30T22:33:29.473181+00:00, run_after=2023-12-01T22:33:29.473181+00:00
[2023-12-01T22:33:29.489+0000] {processor.py:179} INFO - Processing /home/airflow/.local/lib/python3.8/site-packages/airflow/example_dags/tutorial.py took 0.057 seconds
[2023-12-01T22:33:59.715+0000] {processor.py:157} INFO - Started process (PID=1407) to work on /home/airflow/.local/lib/python3.8/site-packages/airflow/example_dags/tutorial.py
[2023-12-01T22:33:59.716+0000] {processor.py:829} INFO - Processing file /home/airflow/.local/lib/python3.8/site-packages/airflow/example_dags/tutorial.py for tasks to queue
[2023-12-01T22:33:59.718+0000] {logging_mixin.py:154} INFO - [2023-12-01T22:33:59.718+0000] {dagbag.py:536} INFO - Filling up the DagBag from /home/airflow/.local/lib/python3.8/site-packages/airflow/example_dags/tutorial.py
[2023-12-01T22:33:59.722+0000] {processor.py:839} INFO - DAG(s) dict_keys(['tutorial']) retrieved from /home/airflow/.local/lib/python3.8/site-packages/airflow/example_dags/tutorial.py
[2023-12-01T22:33:59.742+0000] {logging_mixin.py:154} INFO - [2023-12-01T22:33:59.742+0000] {dag.py:2941} INFO - Sync 1 DAGs
[2023-12-01T22:33:59.760+0000] {logging_mixin.py:154} INFO - [2023-12-01T22:33:59.760+0000] {dag.py:3722} INFO - Setting next_dagrun for tutorial to 2023-11-30T22:33:59.760051+00:00, run_after=2023-12-01T22:33:59.760051+00:00
[2023-12-01T22:33:59.775+0000] {processor.py:179} INFO - Processing /home/airflow/.local/lib/python3.8/site-packages/airflow/example_dags/tutorial.py took 0.062 seconds
[2023-12-01T22:34:30.275+0000] {processor.py:157} INFO - Started process (PID=1461) to work on /home/airflow/.local/lib/python3.8/site-packages/airflow/example_dags/tutorial.py
[2023-12-01T22:34:30.275+0000] {processor.py:829} INFO - Processing file /home/airflow/.local/lib/python3.8/site-packages/airflow/example_dags/tutorial.py for tasks to queue
[2023-12-01T22:34:30.277+0000] {logging_mixin.py:154} INFO - [2023-12-01T22:34:30.277+0000] {dagbag.py:536} INFO - Filling up the DagBag from /home/airflow/.local/lib/python3.8/site-packages/airflow/example_dags/tutorial.py
[2023-12-01T22:34:30.281+0000] {processor.py:839} INFO - DAG(s) dict_keys(['tutorial']) retrieved from /home/airflow/.local/lib/python3.8/site-packages/airflow/example_dags/tutorial.py
[2023-12-01T22:34:30.296+0000] {logging_mixin.py:154} INFO - [2023-12-01T22:34:30.296+0000] {dag.py:2941} INFO - Sync 1 DAGs
[2023-12-01T22:34:30.320+0000] {logging_mixin.py:154} INFO - [2023-12-01T22:34:30.320+0000] {dag.py:3722} INFO - Setting next_dagrun for tutorial to 2023-11-30T22:34:30.320384+00:00, run_after=2023-12-01T22:34:30.320384+00:00
[2023-12-01T22:34:30.350+0000] {processor.py:179} INFO - Processing /home/airflow/.local/lib/python3.8/site-packages/airflow/example_dags/tutorial.py took 0.077 seconds
[2023-12-01T22:35:00.848+0000] {processor.py:157} INFO - Started process (PID=1515) to work on /home/airflow/.local/lib/python3.8/site-packages/airflow/example_dags/tutorial.py
[2023-12-01T22:35:00.849+0000] {processor.py:829} INFO - Processing file /home/airflow/.local/lib/python3.8/site-packages/airflow/example_dags/tutorial.py for tasks to queue
[2023-12-01T22:35:00.852+0000] {logging_mixin.py:154} INFO - [2023-12-01T22:35:00.852+0000] {dagbag.py:536} INFO - Filling up the DagBag from /home/airflow/.local/lib/python3.8/site-packages/airflow/example_dags/tutorial.py
[2023-12-01T22:35:00.857+0000] {processor.py:839} INFO - DAG(s) dict_keys(['tutorial']) retrieved from /home/airflow/.local/lib/python3.8/site-packages/airflow/example_dags/tutorial.py
[2023-12-01T22:35:00.873+0000] {logging_mixin.py:154} INFO - [2023-12-01T22:35:00.872+0000] {dag.py:2941} INFO - Sync 1 DAGs
[2023-12-01T22:35:00.893+0000] {logging_mixin.py:154} INFO - [2023-12-01T22:35:00.893+0000] {dag.py:3722} INFO - Setting next_dagrun for tutorial to 2023-11-30T22:35:00.893112+00:00, run_after=2023-12-01T22:35:00.893112+00:00
[2023-12-01T22:35:00.910+0000] {processor.py:179} INFO - Processing /home/airflow/.local/lib/python3.8/site-packages/airflow/example_dags/tutorial.py took 0.064 seconds
[2023-12-01T22:35:31.243+0000] {processor.py:157} INFO - Started process (PID=1569) to work on /home/airflow/.local/lib/python3.8/site-packages/airflow/example_dags/tutorial.py
[2023-12-01T22:35:31.244+0000] {processor.py:829} INFO - Processing file /home/airflow/.local/lib/python3.8/site-packages/airflow/example_dags/tutorial.py for tasks to queue
[2023-12-01T22:35:31.245+0000] {logging_mixin.py:154} INFO - [2023-12-01T22:35:31.245+0000] {dagbag.py:536} INFO - Filling up the DagBag from /home/airflow/.local/lib/python3.8/site-packages/airflow/example_dags/tutorial.py
[2023-12-01T22:35:31.249+0000] {processor.py:839} INFO - DAG(s) dict_keys(['tutorial']) retrieved from /home/airflow/.local/lib/python3.8/site-packages/airflow/example_dags/tutorial.py
[2023-12-01T22:35:31.264+0000] {logging_mixin.py:154} INFO - [2023-12-01T22:35:31.264+0000] {dag.py:2941} INFO - Sync 1 DAGs
[2023-12-01T22:35:31.282+0000] {logging_mixin.py:154} INFO - [2023-12-01T22:35:31.281+0000] {dag.py:3722} INFO - Setting next_dagrun for tutorial to 2023-11-30T22:35:31.281718+00:00, run_after=2023-12-01T22:35:31.281718+00:00
[2023-12-01T22:35:31.297+0000] {processor.py:179} INFO - Processing /home/airflow/.local/lib/python3.8/site-packages/airflow/example_dags/tutorial.py took 0.056 seconds
[2023-12-01T22:38:29.300+0000] {processor.py:157} INFO - Started process (PID=55) to work on /home/airflow/.local/lib/python3.8/site-packages/airflow/example_dags/tutorial.py
[2023-12-01T22:38:29.301+0000] {processor.py:829} INFO - Processing file /home/airflow/.local/lib/python3.8/site-packages/airflow/example_dags/tutorial.py for tasks to queue
[2023-12-01T22:38:29.303+0000] {logging_mixin.py:154} INFO - [2023-12-01T22:38:29.303+0000] {dagbag.py:536} INFO - Filling up the DagBag from /home/airflow/.local/lib/python3.8/site-packages/airflow/example_dags/tutorial.py
[2023-12-01T22:38:29.313+0000] {processor.py:839} INFO - DAG(s) dict_keys(['tutorial']) retrieved from /home/airflow/.local/lib/python3.8/site-packages/airflow/example_dags/tutorial.py
[2023-12-01T22:38:29.325+0000] {logging_mixin.py:154} INFO - [2023-12-01T22:38:29.325+0000] {dag.py:2941} INFO - Sync 1 DAGs
[2023-12-01T22:38:29.348+0000] {logging_mixin.py:154} INFO - [2023-12-01T22:38:29.348+0000] {dag.py:3722} INFO - Setting next_dagrun for tutorial to 2023-11-30T22:38:29.348250+00:00, run_after=2023-12-01T22:38:29.348250+00:00
[2023-12-01T22:38:29.382+0000] {processor.py:179} INFO - Processing /home/airflow/.local/lib/python3.8/site-packages/airflow/example_dags/tutorial.py took 0.084 seconds
[2023-12-01T22:39:00.195+0000] {processor.py:157} INFO - Started process (PID=109) to work on /home/airflow/.local/lib/python3.8/site-packages/airflow/example_dags/tutorial.py
[2023-12-01T22:39:00.196+0000] {processor.py:829} INFO - Processing file /home/airflow/.local/lib/python3.8/site-packages/airflow/example_dags/tutorial.py for tasks to queue
[2023-12-01T22:39:00.197+0000] {logging_mixin.py:154} INFO - [2023-12-01T22:39:00.197+0000] {dagbag.py:536} INFO - Filling up the DagBag from /home/airflow/.local/lib/python3.8/site-packages/airflow/example_dags/tutorial.py
[2023-12-01T22:39:00.202+0000] {processor.py:839} INFO - DAG(s) dict_keys(['tutorial']) retrieved from /home/airflow/.local/lib/python3.8/site-packages/airflow/example_dags/tutorial.py
[2023-12-01T22:39:00.218+0000] {logging_mixin.py:154} INFO - [2023-12-01T22:39:00.218+0000] {dag.py:2941} INFO - Sync 1 DAGs
[2023-12-01T22:39:00.235+0000] {logging_mixin.py:154} INFO - [2023-12-01T22:39:00.235+0000] {dag.py:3722} INFO - Setting next_dagrun for tutorial to 2023-11-30T22:39:00.235306+00:00, run_after=2023-12-01T22:39:00.235306+00:00
[2023-12-01T22:39:00.250+0000] {processor.py:179} INFO - Processing /home/airflow/.local/lib/python3.8/site-packages/airflow/example_dags/tutorial.py took 0.058 seconds
[2023-12-01T22:39:30.711+0000] {processor.py:157} INFO - Started process (PID=163) to work on /home/airflow/.local/lib/python3.8/site-packages/airflow/example_dags/tutorial.py
[2023-12-01T22:39:30.712+0000] {processor.py:829} INFO - Processing file /home/airflow/.local/lib/python3.8/site-packages/airflow/example_dags/tutorial.py for tasks to queue
[2023-12-01T22:39:30.714+0000] {logging_mixin.py:154} INFO - [2023-12-01T22:39:30.714+0000] {dagbag.py:536} INFO - Filling up the DagBag from /home/airflow/.local/lib/python3.8/site-packages/airflow/example_dags/tutorial.py
[2023-12-01T22:39:30.720+0000] {processor.py:839} INFO - DAG(s) dict_keys(['tutorial']) retrieved from /home/airflow/.local/lib/python3.8/site-packages/airflow/example_dags/tutorial.py
[2023-12-01T22:39:30.739+0000] {logging_mixin.py:154} INFO - [2023-12-01T22:39:30.739+0000] {dag.py:2941} INFO - Sync 1 DAGs
[2023-12-01T22:39:30.757+0000] {logging_mixin.py:154} INFO - [2023-12-01T22:39:30.757+0000] {dag.py:3722} INFO - Setting next_dagrun for tutorial to 2023-11-30T22:39:30.756919+00:00, run_after=2023-12-01T22:39:30.756919+00:00
[2023-12-01T22:39:30.773+0000] {processor.py:179} INFO - Processing /home/airflow/.local/lib/python3.8/site-packages/airflow/example_dags/tutorial.py took 0.065 seconds
[2023-12-01T22:40:01.171+0000] {processor.py:157} INFO - Started process (PID=217) to work on /home/airflow/.local/lib/python3.8/site-packages/airflow/example_dags/tutorial.py
[2023-12-01T22:40:01.173+0000] {processor.py:829} INFO - Processing file /home/airflow/.local/lib/python3.8/site-packages/airflow/example_dags/tutorial.py for tasks to queue
[2023-12-01T22:40:01.175+0000] {logging_mixin.py:154} INFO - [2023-12-01T22:40:01.174+0000] {dagbag.py:536} INFO - Filling up the DagBag from /home/airflow/.local/lib/python3.8/site-packages/airflow/example_dags/tutorial.py
[2023-12-01T22:40:01.181+0000] {processor.py:839} INFO - DAG(s) dict_keys(['tutorial']) retrieved from /home/airflow/.local/lib/python3.8/site-packages/airflow/example_dags/tutorial.py
[2023-12-01T22:40:01.198+0000] {logging_mixin.py:154} INFO - [2023-12-01T22:40:01.198+0000] {dag.py:2941} INFO - Sync 1 DAGs
[2023-12-01T22:40:01.221+0000] {logging_mixin.py:154} INFO - [2023-12-01T22:40:01.221+0000] {dag.py:3722} INFO - Setting next_dagrun for tutorial to 2023-11-30T22:40:01.220976+00:00, run_after=2023-12-01T22:40:01.220976+00:00
[2023-12-01T22:40:01.238+0000] {processor.py:179} INFO - Processing /home/airflow/.local/lib/python3.8/site-packages/airflow/example_dags/tutorial.py took 0.069 seconds
[2023-12-01T22:40:31.638+0000] {processor.py:157} INFO - Started process (PID=271) to work on /home/airflow/.local/lib/python3.8/site-packages/airflow/example_dags/tutorial.py
[2023-12-01T22:40:31.639+0000] {processor.py:829} INFO - Processing file /home/airflow/.local/lib/python3.8/site-packages/airflow/example_dags/tutorial.py for tasks to queue
[2023-12-01T22:40:31.641+0000] {logging_mixin.py:154} INFO - [2023-12-01T22:40:31.640+0000] {dagbag.py:536} INFO - Filling up the DagBag from /home/airflow/.local/lib/python3.8/site-packages/airflow/example_dags/tutorial.py
[2023-12-01T22:40:31.645+0000] {processor.py:839} INFO - DAG(s) dict_keys(['tutorial']) retrieved from /home/airflow/.local/lib/python3.8/site-packages/airflow/example_dags/tutorial.py
[2023-12-01T22:40:31.661+0000] {logging_mixin.py:154} INFO - [2023-12-01T22:40:31.661+0000] {dag.py:2941} INFO - Sync 1 DAGs
[2023-12-01T22:40:31.680+0000] {logging_mixin.py:154} INFO - [2023-12-01T22:40:31.680+0000] {dag.py:3722} INFO - Setting next_dagrun for tutorial to 2023-11-30T22:40:31.680149+00:00, run_after=2023-12-01T22:40:31.680149+00:00
[2023-12-01T22:40:31.695+0000] {processor.py:179} INFO - Processing /home/airflow/.local/lib/python3.8/site-packages/airflow/example_dags/tutorial.py took 0.059 seconds
[2023-12-01T22:41:02.174+0000] {processor.py:157} INFO - Started process (PID=325) to work on /home/airflow/.local/lib/python3.8/site-packages/airflow/example_dags/tutorial.py
[2023-12-01T22:41:02.175+0000] {processor.py:829} INFO - Processing file /home/airflow/.local/lib/python3.8/site-packages/airflow/example_dags/tutorial.py for tasks to queue
[2023-12-01T22:41:02.177+0000] {logging_mixin.py:154} INFO - [2023-12-01T22:41:02.176+0000] {dagbag.py:536} INFO - Filling up the DagBag from /home/airflow/.local/lib/python3.8/site-packages/airflow/example_dags/tutorial.py
[2023-12-01T22:41:02.181+0000] {processor.py:839} INFO - DAG(s) dict_keys(['tutorial']) retrieved from /home/airflow/.local/lib/python3.8/site-packages/airflow/example_dags/tutorial.py
[2023-12-01T22:41:02.198+0000] {logging_mixin.py:154} INFO - [2023-12-01T22:41:02.198+0000] {dag.py:2941} INFO - Sync 1 DAGs
[2023-12-01T22:41:02.217+0000] {logging_mixin.py:154} INFO - [2023-12-01T22:41:02.217+0000] {dag.py:3722} INFO - Setting next_dagrun for tutorial to 2023-11-30T22:41:02.216846+00:00, run_after=2023-12-01T22:41:02.216846+00:00
[2023-12-01T22:41:02.232+0000] {processor.py:179} INFO - Processing /home/airflow/.local/lib/python3.8/site-packages/airflow/example_dags/tutorial.py took 0.059 seconds
