[2023-12-21T13:25:01.306+0000] {logging_mixin.py:154} INFO - Changing /opt/***/logs/dag_id=pubsub_pandas_dag/run_id=manual__2023-12-21T13:24:40.173581+00:00/task_id=process_messages permission to 509
[2023-12-21T13:25:01.335+0000] {logging_mixin.py:154} INFO - Changing /opt/***/logs/dag_id=pubsub_pandas_dag/run_id=manual__2023-12-21T13:24:40.173581+00:00/task_id=process_messages permission to 509
[2023-12-21T13:25:01.368+0000] {taskinstance.py:1159} INFO - Dependencies all met for dep_context=non-requeueable deps ti=<TaskInstance: pubsub_pandas_dag.process_messages manual__2023-12-21T13:24:40.173581+00:00 [queued]>
[2023-12-21T13:25:01.376+0000] {taskinstance.py:1159} INFO - Dependencies all met for dep_context=requeueable deps ti=<TaskInstance: pubsub_pandas_dag.process_messages manual__2023-12-21T13:24:40.173581+00:00 [queued]>
[2023-12-21T13:25:01.377+0000] {taskinstance.py:1361} INFO - Starting attempt 1 of 2
[2023-12-21T13:25:01.388+0000] {taskinstance.py:1382} INFO - Executing <Task(PythonOperator): process_messages> on 2023-12-21 13:24:40.173581+00:00
[2023-12-21T13:25:01.393+0000] {standard_task_runner.py:57} INFO - Started process 4936 to run task
[2023-12-21T13:25:01.396+0000] {standard_task_runner.py:84} INFO - Running: ['***', 'tasks', 'run', 'pubsub_pandas_dag', 'process_messages', 'manual__2023-12-21T13:24:40.173581+00:00', '--job-id', '19', '--raw', '--subdir', 'DAGS_FOLDER/process_pubsub_message.py', '--cfg-path', '/tmp/tmp9d8vd1g6']
[2023-12-21T13:25:01.399+0000] {standard_task_runner.py:85} INFO - Job 19: Subtask process_messages
[2023-12-21T13:25:01.415+0000] {logging_mixin.py:154} WARNING - /home/***/.local/lib/python3.8/site-packages/***/settings.py:195 DeprecationWarning: The sql_alchemy_conn option in [core] has been moved to the sql_alchemy_conn option in [database] - the old setting has been used, but please update your config.
[2023-12-21T13:25:01.442+0000] {logging_mixin.py:154} INFO - Changing /opt/***/logs/dag_id=pubsub_pandas_dag/run_id=manual__2023-12-21T13:24:40.173581+00:00/task_id=process_messages permission to 509
[2023-12-21T13:25:01.450+0000] {task_command.py:416} INFO - Running <TaskInstance: pubsub_pandas_dag.process_messages manual__2023-12-21T13:24:40.173581+00:00 [running]> on host 491e3d3d49e0
[2023-12-21T13:25:01.510+0000] {taskinstance.py:1662} INFO - Exporting env vars: AIRFLOW_CTX_DAG_OWNER='***' AIRFLOW_CTX_DAG_ID='pubsub_pandas_dag' AIRFLOW_CTX_TASK_ID='process_messages' AIRFLOW_CTX_EXECUTION_DATE='2023-12-21T13:24:40.173581+00:00' AIRFLOW_CTX_TRY_NUMBER='1' AIRFLOW_CTX_DAG_RUN_ID='manual__2023-12-21T13:24:40.173581+00:00'
[2023-12-21T13:25:01.540+0000] {logging_mixin.py:154} INFO -                                             messages
0  {'Milan': {'city_name': 'Milan', 'country_code...
1  {'Milan': {'city_name': 'Milan', 'country_code...
2  {'Milan': {'city_name': 'Milan', 'country_code...
[2023-12-21T13:25:01.542+0000] {python.py:194} INFO - Done. Returned value was: None
[2023-12-21T13:25:01.549+0000] {taskinstance.py:1400} INFO - Marking task as SUCCESS. dag_id=pubsub_pandas_dag, task_id=process_messages, execution_date=20231221T132440, start_date=20231221T132501, end_date=20231221T132501
[2023-12-21T13:25:01.568+0000] {local_task_job_runner.py:228} INFO - Task exited with return code 0
[2023-12-21T13:25:01.581+0000] {taskinstance.py:2778} INFO - 0 downstream tasks scheduled from follow-on schedule check
