[2023-12-21T16:39:57.138+0000] {logging_mixin.py:154} INFO - Changing /opt/***/logs/dag_id=pubsub_pandas_dag/run_id=manual__2023-12-21T16:39:48.633583+00:00/task_id=process_messages permission to 509
[2023-12-21T16:39:57.170+0000] {logging_mixin.py:154} INFO - Changing /opt/***/logs/dag_id=pubsub_pandas_dag/run_id=manual__2023-12-21T16:39:48.633583+00:00/task_id=process_messages permission to 509
[2023-12-21T16:39:57.206+0000] {taskinstance.py:1159} INFO - Dependencies all met for dep_context=non-requeueable deps ti=<TaskInstance: pubsub_pandas_dag.process_messages manual__2023-12-21T16:39:48.633583+00:00 [queued]>
[2023-12-21T16:39:57.214+0000] {taskinstance.py:1159} INFO - Dependencies all met for dep_context=requeueable deps ti=<TaskInstance: pubsub_pandas_dag.process_messages manual__2023-12-21T16:39:48.633583+00:00 [queued]>
[2023-12-21T16:39:57.215+0000] {taskinstance.py:1361} INFO - Starting attempt 1 of 2
[2023-12-21T16:39:57.228+0000] {taskinstance.py:1382} INFO - Executing <Task(PythonOperator): process_messages> on 2023-12-21 16:39:48.633583+00:00
[2023-12-21T16:39:57.232+0000] {standard_task_runner.py:57} INFO - Started process 17029 to run task
[2023-12-21T16:39:57.235+0000] {standard_task_runner.py:84} INFO - Running: ['***', 'tasks', 'run', 'pubsub_pandas_dag', 'process_messages', 'manual__2023-12-21T16:39:48.633583+00:00', '--job-id', '25', '--raw', '--subdir', 'DAGS_FOLDER/process_pubsub_message.py', '--cfg-path', '/tmp/tmplonq7fkq']
[2023-12-21T16:39:57.238+0000] {standard_task_runner.py:85} INFO - Job 25: Subtask process_messages
[2023-12-21T16:39:57.252+0000] {logging_mixin.py:154} WARNING - /home/***/.local/lib/python3.8/site-packages/***/settings.py:195 DeprecationWarning: The sql_alchemy_conn option in [core] has been moved to the sql_alchemy_conn option in [database] - the old setting has been used, but please update your config.
[2023-12-21T16:39:57.278+0000] {logging_mixin.py:154} INFO - Changing /opt/***/logs/dag_id=pubsub_pandas_dag/run_id=manual__2023-12-21T16:39:48.633583+00:00/task_id=process_messages permission to 509
[2023-12-21T16:39:57.287+0000] {task_command.py:416} INFO - Running <TaskInstance: pubsub_pandas_dag.process_messages manual__2023-12-21T16:39:48.633583+00:00 [running]> on host 491e3d3d49e0
[2023-12-21T16:39:57.356+0000] {taskinstance.py:1662} INFO - Exporting env vars: AIRFLOW_CTX_DAG_OWNER='***' AIRFLOW_CTX_DAG_ID='pubsub_pandas_dag' AIRFLOW_CTX_TASK_ID='process_messages' AIRFLOW_CTX_EXECUTION_DATE='2023-12-21T16:39:48.633583+00:00' AIRFLOW_CTX_TRY_NUMBER='1' AIRFLOW_CTX_DAG_RUN_ID='manual__2023-12-21T16:39:48.633583+00:00'
[2023-12-21T16:39:57.389+0000] {logging_mixin.py:154} INFO -                                             messages
0  {'Milan': {'city_name': 'Milan', 'country_code...
1  {'Milan': {'city_name': 'Milan', 'country_code...
2  {'Milan': {'city_name': 'Milan', 'country_code...
[2023-12-21T16:39:57.391+0000] {python.py:194} INFO - Done. Returned value was: None
[2023-12-21T16:39:57.398+0000] {taskinstance.py:1400} INFO - Marking task as SUCCESS. dag_id=pubsub_pandas_dag, task_id=process_messages, execution_date=20231221T163948, start_date=20231221T163957, end_date=20231221T163957
[2023-12-21T16:39:57.448+0000] {local_task_job_runner.py:228} INFO - Task exited with return code 0
[2023-12-21T16:39:57.462+0000] {taskinstance.py:2778} INFO - 0 downstream tasks scheduled from follow-on schedule check
